L 02/03/2024 - 20:44:36: Log file started (file "logs\L0203018.log") (game "c:\servers\eurotokyo\NeotokyoSource") (version "4044")
L 02/03/2024 - 20:44:36: server_cvar: "sv_pausable" "0"
L 02/03/2024 - 20:44:36: server_cvar: "sv_gravity" "800"
L 02/03/2024 - 20:44:36: server_cvar: "mp_friendlyfire" "1"
L 02/03/2024 - 20:44:36: server_cvar: "tv_password" "***PROTECTED***"
L 02/03/2024 - 20:44:36: server_cvar: "tv_relaypassword" "***PROTECTED***"
L 02/03/2024 - 20:44:40: "[BONK] Masterkatze<22><STEAM_0:0:30137778><>" disconnected (reason "Disconnect by user.")
L 02/03/2024 - 20:44:42: "[TagsR4Nerds] Average<18><STEAM_0:1:57251237><>" entered the game
L 02/03/2024 - 20:44:44: "[TagsR4Nerds] Average<18><STEAM_0:1:57251237><Unassigned>" joined team "Jinrai"
L 02/03/2024 - 20:44:46: "[BONK] Ningurist<15><STEAM_0:0:156832755><>" entered the game
L 02/03/2024 - 20:44:48: "[BONK] tentacleRelaxation<17><STEAM_0:1:40829603><>" entered the game
L 02/03/2024 - 20:44:48: "[BONK] Persica<14><STEAM_0:1:19015690><>" entered the game
L 02/03/2024 - 20:44:50: "[BONK] Ningurist<15><STEAM_0:0:156832755><Unassigned>" joined team "NSF"
L 02/03/2024 - 20:44:51: "[BONK] Masterkatze<23><STEAM_ID_PENDING><>" connected, address "37.45.161.28:27005"
L 02/03/2024 - 20:44:51: "[BONK] Masterkatze<23><STEAM_0:0:30137778><>" STEAM USERID validated
L 02/03/2024 - 20:44:51: "[BONK] Masterkatze<23><STEAM_0:0:30137778><>" disconnected (reason "Disconnect by user.")
L 02/03/2024 - 20:44:51: "[=]neotokyosnood<16><STEAM_0:1:47222322><>" entered the game
L 02/03/2024 - 20:44:51: "[C^2]Myokonin<20><STEAM_0:1:39882458><>" entered the game
L 02/03/2024 - 20:44:52: "[=]Pyromaniac<19><STEAM_0:1:25398391><>" entered the game
L 02/03/2024 - 20:44:52: "[BONK] Persica<14><STEAM_0:1:19015690><Unassigned>" joined team "NSF"
L 02/03/2024 - 20:44:53: "[BONK] tentacleRelaxation<17><STEAM_0:1:40829603><Unassigned>" joined team "Jinrai"
L 02/03/2024 - 20:44:54: "[=]neotokyosnood<16><STEAM_0:1:47222322><Unassigned>" joined team "Jinrai"
L 02/03/2024 - 20:44:54: "[C^2]Myokonin<20><STEAM_0:1:39882458><Unassigned>" joined team "Jinrai"
L 02/03/2024 - 20:45:01: "[=]Pyromaniac<19><STEAM_0:1:25398391><Unassigned>" joined team "Jinrai"
L 02/03/2024 - 20:45:12: "TakaVerosa<21><STEAM_0:0:79516516><>" entered the game
L 02/03/2024 - 20:45:12: "[BONK] Ningurist<15><STEAM_0:0:156832755><NSF>" say "TENTACLE YOU TRAITOR"
L 02/03/2024 - 20:45:13: "[BONK] 草<13><STEAM_0:1:39165168><>" entered the game
L 02/03/2024 - 20:45:14: "[BONK] Ningurist<15><STEAM_0:0:156832755><NSF>" say "GET BACK HERE"
L 02/03/2024 - 20:45:17: "[BONK] 草<13><STEAM_0:1:39165168><Unassigned>" joined team "NSF"
L 02/03/2024 - 20:45:20: "[BONK] tentacleRelaxation<17><STEAM_0:1:40829603><Jinrai>" say "oh shit"
L 02/03/2024 - 20:45:29: "[BONK] Masterkatze<24><STEAM_ID_PENDING><>" connected, address "37.45.161.28:27005"
L 02/03/2024 - 20:45:29: "[BONK] Masterkatze<24><STEAM_0:0:30137778><>" STEAM USERID validated
L 02/03/2024 - 20:45:32: "[BONK] Masterkatze<24><STEAM_0:0:30137778><>" disconnected (reason "Disconnect by user.")
L 02/03/2024 - 20:46:26: "[=]Pyromaniac<19><STEAM_0:1:25398391><Jinrai>" say "!ready"
L 02/03/2024 - 20:46:31: "[=]neotokyosnood<16><STEAM_0:1:47222322><Jinrai>" say "!ready"
L 02/03/2024 - 20:46:37: "[TagsR4Nerds] Average<18><STEAM_0:1:57251237><Jinrai>" say "!ready"
L 02/03/2024 - 20:46:38: "[C^2]Myokonin<20><STEAM_0:1:39882458><Jinrai>" say "!ready"
L 02/03/2024 - 20:46:44: "[BONK] Persica<14><STEAM_0:1:19015690><NSF>" say "katze dling map"
L 02/03/2024 - 20:46:49: "[BONK] Persica<14><STEAM_0:1:19015690><NSF>" say "eta, not long at all."
L 02/03/2024 - 20:46:54: "[BONK] Masterkatze<25><STEAM_ID_PENDING><>" connected, address "37.45.161.28:27005"
L 02/03/2024 - 20:46:54: "[BONK] Masterkatze<25><STEAM_0:0:30137778><>" STEAM USERID validated
L 02/03/2024 - 20:46:58: "[=]Pyromaniac<19><STEAM_0:1:25398391><Jinrai>" say "all good"
L 02/03/2024 - 20:46:58: "[TagsR4Nerds] Average<18><STEAM_0:1:57251237><Jinrai>" say "!readylist"
L 02/03/2024 - 20:46:59: "TakaVerosa<21><STEAM_0:0:79516516><Unassigned>" joined team "Jinrai"
L 02/03/2024 - 20:47:07: "TakaVerosa<21><STEAM_0:0:79516516><Jinrai>" say "!ready"
L 02/03/2024 - 20:47:13: "[=]Pyromaniac<19><STEAM_0:1:25398391><Jinrai>" say "!unready"
L 02/03/2024 - 20:47:22: "[BONK] Masterkatze<25><STEAM_0:0:30137778><>" disconnected (reason "Connection closing")
L 02/03/2024 - 20:47:22: "[BONK] Masterkatze<26><STEAM_ID_PENDING><>" connected, address "37.45.161.28:27005"
L 02/03/2024 - 20:47:22: "[BONK] Masterkatze<26><STEAM_0:0:30137778><>" STEAM USERID validated
L 02/03/2024 - 20:47:24: "[BONK] tentacleRelaxation<17><STEAM_0:1:40829603><Jinrai>" joined team "Unassigned"
L 02/03/2024 - 20:47:25: "[BONK] tentacleRelaxation<17><STEAM_0:1:40829603><Unassigned>" joined team "Spectator"
L 02/03/2024 - 20:47:27: "[BONK] Masterkatze<26><STEAM_0:0:30137778><>" entered the game
L 02/03/2024 - 20:47:28: "[BONK] tentacleRelaxation<17><STEAM_0:1:40829603><Spectator>" joined team "NSF"
L 02/03/2024 - 20:47:29: "[BONK] Masterkatze<26><STEAM_0:0:30137778><Unassigned>" joined team "NSF"
L 02/03/2024 - 20:47:32: "[BONK] Persica<14><STEAM_0:1:19015690><NSF>" say "!ready"
L 02/03/2024 - 20:47:33: "[BONK] Masterkatze<26><STEAM_0:0:30137778><NSF>" say "!ready"
L 02/03/2024 - 20:47:33: "[BONK] 草<13><STEAM_0:1:39165168><NSF>" say "!ready"
L 02/03/2024 - 20:47:33: "[BONK] Ningurist<15><STEAM_0:0:156832755><NSF>" say "!ready"
L 02/03/2024 - 20:47:40: "[BONK] Masterkatze<26><STEAM_0:0:30137778><NSF>" say "sry4waiting"
L 02/03/2024 - 20:47:47: "[BONK] Masterkatze<26><STEAM_0:0:30137778><NSF>" committed suicide with "player"
L 02/03/2024 - 20:47:49: "[BONK] Ningurist<15><STEAM_0:0:156832755><NSF>" say_team "guys we gotta experiment with holding the ghost"
L 02/03/2024 - 20:47:54: "[BONK] Masterkatze<26><STEAM_0:0:30137778><NSF>" joined team "Spectator"
L 02/03/2024 - 20:47:54: "[=]neotokyosnood<16><STEAM_0:1:47222322><Jinrai>" say "its all good"
L 02/03/2024 - 20:48:01: "[BONK] Masterkatze<26><STEAM_0:0:30137778><Spectator>" joined team "NSF"
L 02/03/2024 - 20:48:09: "[BONK] tentacleRelaxation<17><STEAM_0:1:40829603><NSF>" say "!ready"
L 02/03/2024 - 20:48:12: "[BONK] Masterkatze<26><STEAM_0:0:30137778><NSF>" say "!ready"
L 02/03/2024 - 20:48:22: "[BONK] 草<13><STEAM_0:1:39165168><NSF>" say "!ready"
L 02/03/2024 - 20:48:28: "[=]neotokyosnood<16><STEAM_0:1:47222322><Jinrai>" say_team "!ready"
L 02/03/2024 - 20:48:29: "[BONK] Persica<14><STEAM_0:1:19015690><NSF>" say "one of u unreadied?"
L 02/03/2024 - 20:48:31: "[BONK] Persica<14><STEAM_0:1:19015690><NSF>" say "!ready"
L 02/03/2024 - 20:48:32: "[=]Pyromaniac<19><STEAM_0:1:25398391><Jinrai>" say "!ready"
L 02/03/2024 - 20:48:33: "[BONK] Persica<14><STEAM_0:1:19015690><NSF>" say "!readylist"
L 02/03/2024 - 20:48:37: "[BONK] Ningurist<15><STEAM_0:0:156832755><NSF>" say "lets gooo"
L 02/03/2024 - 20:48:49: "[BONK] Ningurist<15><STEAM_0:0:156832755><NSF>" say_team "gurashi"
L 02/03/2024 - 20:48:54: "[BONK] Ningurist<15><STEAM_0:0:156832755><NSF>" say_team "gun"
L 02/03/2024 - 20:49:24: "[BONK] Masterkatze<26><STEAM_0:0:30137778><NSF>" killed "TakaVerosa<21><STEAM_0:0:79516516><Jinrai>" with "zr68s"
L 02/03/2024 - 20:49:33: "[BONK] 草<13><STEAM_0:1:39165168><NSF>" killed "[=]Pyromaniac<19><STEAM_0:1:25398391><Jinrai>" with "mpn"
L 02/03/2024 - 20:49:35: Team "NSF" triggered "ghost_capture_team"
L 02/03/2024 - 20:49:35: "[BONK] Persica<14><STEAM_0:1:19015690><NSF>" triggered "ghost_capture"
L 02/03/2024 - 20:49:38: "[BONK] 草<13><STEAM_0:1:39165168><NSF>" killed "[=]neotokyosnood<16><STEAM_0:1:47222322><Jinrai>" with "mpn"
L 02/03/2024 - 20:49:38: "[=]neotokyosnood<16><STEAM_0:1:47222322><Jinrai>" killed "[BONK] 草<13><STEAM_0:1:39165168><NSF>" with "grenade_projectile"
L 02/03/2024 - 20:49:46: "[TagsR4Nerds] Average<18><STEAM_0:1:57251237><Jinrai>" killed "[BONK] Persica<14><STEAM_0:1:19015690><NSF>" with "zr68s"
L 02/03/2024 - 20:49:48: "[BONK] Ningurist<15><STEAM_0:0:156832755><NSF>" killed "[TagsR4Nerds] Average<18><STEAM_0:1:57251237><Jinrai>" with "zr68s"
L 02/03/2024 - 20:50:23: "[BONK] Ningurist<15><STEAM_0:0:156832755><NSF>" killed "[TagsR4Nerds] Average<18><STEAM_0:1:57251237><Jinrai>" with "grenade_projectile"
L 02/03/2024 - 20:50:23: "[BONK] 草<13><STEAM_0:1:39165168><NSF>" triggered "kill_assist"
L 02/03/2024 - 20:50:35: "[BONK] Ningurist<15><STEAM_0:0:156832755><NSF>" say_team "i gosewer"
L 02/03/2024 - 20:50:40: "[BONK] Persica<14><STEAM_0:1:19015690><NSF>" killed "[=]Pyromaniac<19><STEAM_0:1:25398391><Jinrai>" with "mx"
L 02/03/2024 - 20:50:45: "[BONK] Masterkatze<26><STEAM_0:0:30137778><NSF>" killed "TakaVerosa<21><STEAM_0:0:79516516><Jinrai>" with "zr68s"
L 02/03/2024 - 20:50:50: "[C^2]Myokonin<20><STEAM_0:1:39882458><Jinrai>" killed "[BONK] 草<13><STEAM_0:1:39165168><NSF>" with "zr68s"
L 02/03/2024 - 20:50:50: "TakaVerosa<21><STEAM_0:0:79516516><Jinrai>" triggered "kill_assist"
L 02/03/2024 - 20:51:11: "[BONK] Persica<14><STEAM_0:1:19015690><NSF>" killed "[C^2]Myokonin<20><STEAM_0:1:39882458><Jinrai>" with "mx"
L 02/03/2024 - 20:51:12: "[BONK] Persica<14><STEAM_0:1:19015690><NSF>" killed "[=]neotokyosnood<16><STEAM_0:1:47222322><Jinrai>" with "mx"
L 02/03/2024 - 20:52:01: "[BONK] Persica<14><STEAM_0:1:19015690><NSF>" killed "[TagsR4Nerds] Average<18><STEAM_0:1:57251237><Jinrai>" with "mx"
L 02/03/2024 - 20:52:28: "[BONK] Persica<14><STEAM_0:1:19015690><NSF>" killed "[C^2]Myokonin<20><STEAM_0:1:39882458><Jinrai>" with "mx"
L 02/03/2024 - 20:52:31: "[BONK] Persica<14><STEAM_0:1:19015690><NSF>" killed "[=]neotokyosnood<16><STEAM_0:1:47222322><Jinrai>" with "mx"
L 02/03/2024 - 20:52:36: "[BONK] 草<13><STEAM_0:1:39165168><NSF>" killed "[=]Pyromaniac<19><STEAM_0:1:25398391><Jinrai>" with "mpn"
L 02/03/2024 - 20:52:48: "[BONK] Persica<14><STEAM_0:1:19015690><NSF>" killed "TakaVerosa<21><STEAM_0:0:79516516><Jinrai>" with "mx"
L 02/03/2024 - 20:52:58: "[BONK] Ningurist<15><STEAM_0:0:156832755><NSF>" say_team "tentacle did you kill anyone this round?"
L 02/03/2024 - 20:53:13: "[BONK] Ningurist<15><STEAM_0:0:156832755><NSF>" say_team "your score went up by 3 then"
L 02/03/2024 - 20:53:33: "[BONK] 草<13><STEAM_0:1:39165168><NSF>" killed "[=]Pyromaniac<19><STEAM_0:1:25398391><Jinrai>" with "mpn"
L 02/03/2024 - 20:53:33: "[BONK] Persica<14><STEAM_0:1:19015690><NSF>" triggered "kill_assist"
L 02/03/2024 - 20:53:37: "[TagsR4Nerds] Average<18><STEAM_0:1:57251237><Jinrai>" killed "[BONK] Ningurist<15><STEAM_0:0:156832755><NSF>" with "grenade_projectile"
L 02/03/2024 - 20:53:40: "[BONK] Ningurist<15><STEAM_0:0:156832755><NSF>" say_team "main"
L 02/03/2024 - 20:53:41: "[BONK] Ningurist<15><STEAM_0:0:156832755><NSF>" say_team "100"
L 02/03/2024 - 20:53:43: "[BONK] Masterkatze<26><STEAM_0:0:30137778><NSF>" killed "[TagsR4Nerds] Average<18><STEAM_0:1:57251237><Jinrai>" with "zr68s"
L 02/03/2024 - 20:53:51: "[BONK] Ningurist<15><STEAM_0:0:156832755><NSF>" say_team "that frag dmged one by 34"
L 02/03/2024 - 20:53:52: "[BONK] Ningurist<15><STEAM_0:0:156832755><NSF>" say_team "in frog"
L 02/03/2024 - 20:53:54: "TakaVerosa<21><STEAM_0:0:79516516><Jinrai>" killed "[BONK] tentacleRelaxation<17><STEAM_0:1:40829603><NSF>" with "zr68c"
L 02/03/2024 - 20:53:54: "[BONK] Ningurist<15><STEAM_0:0:156832755><NSF>" say_team "assault"
L 02/03/2024 - 20:54:06: "[BONK] Masterkatze<26><STEAM_0:0:30137778><NSF>" killed "TakaVerosa<21><STEAM_0:0:79516516><Jinrai>" with "grenade_projectile"
L 02/03/2024 - 20:54:06: "[BONK] tentacleRelaxation<17><STEAM_0:1:40829603><NSF>" triggered "kill_assist"
L 02/03/2024 - 20:54:07: "[BONK] Persica<14><STEAM_0:1:19015690><NSF>" killed "[=]neotokyosnood<16><STEAM_0:1:47222322><Jinrai>" with "mx"
L 02/03/2024 - 20:54:23: Team "NSF" triggered "ghost_capture_team"
L 02/03/2024 - 20:54:23: "[BONK] 草<13><STEAM_0:1:39165168><NSF>" triggered "ghost_capture"
L 02/03/2024 - 20:54:25: "[BONK] Persica<14><STEAM_0:1:19015690><NSF>" killed "[C^2]Myokonin<20><STEAM_0:1:39882458><Jinrai>" with "mx"
L 02/03/2024 - 20:54:26: "[BONK] Ningurist<15><STEAM_0:0:156832755><NSF>" say_team "i like how most of us dont get to kill anyone cause persica swoops them up before we get there"
L 02/03/2024 - 20:55:22: "[BONK] Ningurist<15><STEAM_0:0:156832755><NSF>" killed "[TagsR4Nerds] Average<18><STEAM_0:1:57251237><Jinrai>" with "m41s"
L 02/03/2024 - 20:55:30: "[BONK] Ningurist<15><STEAM_0:0:156832755><NSF>" say_team "I'm low."
L 02/03/2024 - 20:55:31: "[BONK] 草<13><STEAM_0:1:39165168><NSF>" killed "TakaVerosa<21><STEAM_0:0:79516516><Jinrai>" with "mpn"
L 02/03/2024 - 20:55:31: "[BONK] Ningurist<15><STEAM_0:0:156832755><NSF>" triggered "kill_assist"
L 02/03/2024 - 20:55:38: "[=]Pyromaniac<19><STEAM_0:1:25398391><Jinrai>" killed "[BONK] Persica<14><STEAM_0:1:19015690><NSF>" with "zr68s"
L 02/03/2024 - 20:55:38: "[BONK] Masterkatze<26><STEAM_0:0:30137778><NSF>" killed "[=]neotokyosnood<16><STEAM_0:1:47222322><Jinrai>" with "grenade_projectile"
L 02/03/2024 - 20:55:38: "[BONK] 草<13><STEAM_0:1:39165168><NSF>" killed "[C^2]Myokonin<20><STEAM_0:1:39882458><Jinrai>" with "mpn"
L 02/03/2024 - 20:55:39: "[=]Pyromaniac<19><STEAM_0:1:25398391><Jinrai>" killed "[BONK] 草<13><STEAM_0:1:39165168><NSF>" with "zr68s"
L 02/03/2024 - 20:55:40: "[BONK] Masterkatze<26><STEAM_0:0:30137778><NSF>" killed "[=]Pyromaniac<19><STEAM_0:1:25398391><Jinrai>" with "zr68s"
L 02/03/2024 - 20:56:02: "[BONK] Ningurist<15><STEAM_0:0:156832755><NSF>" say_team "katze you're our vip this round"
L 02/03/2024 - 20:56:05: "[BONK] Ningurist<15><STEAM_0:0:156832755><NSF>" say_team "you have 0 deaths"
L 02/03/2024 - 20:56:07: "[BONK] Masterkatze<26><STEAM_0:0:30137778><NSF>" say_team "real"
L 02/03/2024 - 20:56:27: "[BONK] Ningurist<15><STEAM_0:0:156832755><NSF>" killed "[C^2]Myokonin<20><STEAM_0:1:39882458><Jinrai>" with "grenade_projectile"
L 02/03/2024 - 20:56:27: "[BONK] Ningurist<15><STEAM_0:0:156832755><NSF>" killed "[TagsR4Nerds] Average<18><STEAM_0:1:57251237><Jinrai>" with "grenade_projectile"
L 02/03/2024 - 20:56:27: "[BONK] Persica<14><STEAM_0:1:19015690><NSF>" triggered "kill_assist"
L 02/03/2024 - 20:56:33: "[=]Pyromaniac<19><STEAM_0:1:25398391><Jinrai>" killed "[BONK] Ningurist<15><STEAM_0:0:156832755><NSF>" with "grenade_projectile"
L 02/03/2024 - 20:56:33: "[=]Pyromaniac<19><STEAM_0:1:25398391><Jinrai>" killed "[BONK] tentacleRelaxation<17><STEAM_0:1:40829603><NSF>" with "grenade_projectile"
L 02/03/2024 - 20:56:33: "[TagsR4Nerds] Average<18><STEAM_0:1:57251237><Jinrai>" triggered "kill_assist"
L 02/03/2024 - 20:56:38: "[BONK] 草<13><STEAM_0:1:39165168><NSF>" killed "[=]Pyromaniac<19><STEAM_0:1:25398391><Jinrai>" with "mpn"
L 02/03/2024 - 20:56:39: "TakaVerosa<21><STEAM_0:0:79516516><Jinrai>" killed "[BONK] 草<13><STEAM_0:1:39165168><NSF>" with "zr68c"
L 02/03/2024 - 20:56:49: "[BONK] Ningurist<15><STEAM_0:0:156832755><NSF>" say_team "pyro down by 27 assault"
L 02/03/2024 - 20:56:50: "[BONK] Ningurist<15><STEAM_0:0:156832755><NSF>" say_team "was in main"
L 02/03/2024 - 20:56:58: "[BONK] Persica<14><STEAM_0:1:19015690><NSF>" killed "[=]neotokyosnood<16><STEAM_0:1:47222322><Jinrai>" with "mx"
L 02/03/2024 - 20:57:09: "[BONK] Masterkatze<26><STEAM_0:0:30137778><NSF>" killed "TakaVerosa<21><STEAM_0:0:79516516><Jinrai>" with "zr68s"
L 02/03/2024 - 20:57:22: "[BONK] Ningurist<15><STEAM_0:0:156832755><NSF>" say_team "we should mpn up"
L 02/03/2024 - 20:58:05: "[TagsR4Nerds] Average<18><STEAM_0:1:57251237><Jinrai>" killed "[BONK] 草<13><STEAM_0:1:39165168><NSF>" with "zr68s"
L 02/03/2024 - 20:58:17: "[TagsR4Nerds] Average<18><STEAM_0:1:57251237><Jinrai>" killed "[BONK] tentacleRelaxation<17><STEAM_0:1:40829603><NSF>" with "zr68s"
L 02/03/2024 - 20:58:33: "[C^2]Myokonin<20><STEAM_0:1:39882458><Jinrai>" killed "[BONK] Ningurist<15><STEAM_0:0:156832755><NSF>" with "zr68s"
L 02/03/2024 - 20:58:38: "[BONK] Ningurist<15><STEAM_0:0:156832755><NSF>" say_team "main zrs 100 assault"
L 02/03/2024 - 20:58:58: "[BONK] Persica<14><STEAM_0:1:19015690><NSF>" killed "TakaVerosa<21><STEAM_0:0:79516516><Jinrai>" with "mx"
L 02/03/2024 - 20:58:58: "[BONK] 草<13><STEAM_0:1:39165168><NSF>" triggered "kill_assist"
L 02/03/2024 - 20:59:06: "[=]Pyromaniac<19><STEAM_0:1:25398391><Jinrai>" killed "[BONK] Persica<14><STEAM_0:1:19015690><NSF>" with "zr68s"
L 02/03/2024 - 20:59:29: Team "Jinrai" triggered "ghost_capture_team"
L 02/03/2024 - 20:59:29: "[=]Pyromaniac<19><STEAM_0:1:25398391><Jinrai>" triggered "ghost_capture"
L 02/03/2024 - 20:59:34: "[BONK] Masterkatze<26><STEAM_0:0:30137778><NSF>" killed "[=]Pyromaniac<19><STEAM_0:1:25398391><Jinrai>" with "grenade_projectile"
L 02/03/2024 - 20:59:35: "[=]neotokyosnood<16><STEAM_0:1:47222322><Jinrai>" killed "[BONK] Masterkatze<26><STEAM_0:0:30137778><NSF>" with "supa7"
L 02/03/2024 - 20:59:40: "[BONK] Masterkatze<26><STEAM_0:0:30137778><NSF>" say "nooo"
L 02/03/2024 - 21:00:29: "[BONK] Ningurist<15><STEAM_0:0:156832755><NSF>" say_team "street"
L 02/03/2024 - 21:00:30: "[BONK] Ningurist<15><STEAM_0:0:156832755><NSF>" say_team "assault"
L 02/03/2024 - 21:00:32: "[TagsR4Nerds] Average<18><STEAM_0:1:57251237><Jinrai>" killed "[BONK] tentacleRelaxation<17><STEAM_0:1:40829603><NSF>" with "mx"
L 02/03/2024 - 21:00:35: "[BONK] Ningurist<15><STEAM_0:0:156832755><NSF>" say_team "they're guarding ghost"
L 02/03/2024 - 21:00:37: "[BONK] Ningurist<15><STEAM_0:0:156832755><NSF>" say_team "their street"
L 02/03/2024 - 21:00:44: "[BONK] Persica<14><STEAM_0:1:19015690><NSF>" killed "[=]Pyromaniac<19><STEAM_0:1:25398391><Jinrai>" with "mx"
L 02/03/2024 - 21:00:55: "[=]neotokyosnood<16><STEAM_0:1:47222322><Jinrai>" killed "[BONK] Masterkatze<26><STEAM_0:0:30137778><NSF>" with "mx"
L 02/03/2024 - 21:00:57: "[BONK] Persica<14><STEAM_0:1:19015690><NSF>" killed "[=]neotokyosnood<16><STEAM_0:1:47222322><Jinrai>" with "mx"
L 02/03/2024 - 21:00:57: "[BONK] Masterkatze<26><STEAM_0:0:30137778><NSF>" killed "[BONK] Persica<14><STEAM_0:1:19015690><NSF>" with "grenade_projectile"
L 02/03/2024 - 21:01:07: "[=]neotokyosnood<16><STEAM_0:1:47222322><Jinrai>" say "dank"
L 02/03/2024 - 21:01:08: "[TagsR4Nerds] Average<18><STEAM_0:1:57251237><Jinrai>" killed "[BONK] 草<13><STEAM_0:1:39165168><NSF>" with "mx"
L 02/03/2024 - 21:02:07: "[BONK] Ningurist<15><STEAM_0:0:156832755><NSF>" killed "TakaVerosa<21><STEAM_0:0:79516516><Jinrai>" with "m41"
L 02/03/2024 - 21:02:10: "[TagsR4Nerds] Average<18><STEAM_0:1:57251237><Jinrai>" killed "[BONK] Ningurist<15><STEAM_0:0:156832755><NSF>" with "mx"
L 02/03/2024 - 21:02:11: "[BONK] Ningurist<15><STEAM_0:0:156832755><NSF>" say_team "ow"
L 02/03/2024 - 21:02:22: "[BONK] Ningurist<15><STEAM_0:0:156832755><NSF>" say_team "i werent winning this with a mosok lmao"
L 02/03/2024 - 21:02:33: "[BONK] Ningurist<15><STEAM_0:0:156832755><NSF>" say_team "im not trained with it"
L 02/03/2024 - 21:03:11: "[BONK] Ningurist<15><STEAM_0:0:156832755><NSF>" say_team "one near ladder?"
L 02/03/2024 - 21:03:13: "TakaVerosa<21><STEAM_0:0:79516516><Jinrai>" killed "[BONK] Masterkatze<26><STEAM_0:0:30137778><NSF>" with "mx"
L 02/03/2024 - 21:03:17: "[BONK] Ningurist<15><STEAM_0:0:156832755><NSF>" say_team "ladder"
L 02/03/2024 - 21:03:27: "[BONK] Persica<14><STEAM_0:1:19015690><NSF>" killed "[=]Pyromaniac<19><STEAM_0:1:25398391><Jinrai>" with "mx"
L 02/03/2024 - 21:03:30: "TakaVerosa<21><STEAM_0:0:79516516><Jinrai>" killed "[BONK] Persica<14><STEAM_0:1:19015690><NSF>" with "mx"
L 02/03/2024 - 21:03:33: "[BONK] Ningurist<15><STEAM_0:0:156832755><NSF>" killed "TakaVerosa<21><STEAM_0:0:79516516><Jinrai>" with "m41"
L 02/03/2024 - 21:03:33: "[BONK] Persica<14><STEAM_0:1:19015690><NSF>" triggered "kill_assist"
L 02/03/2024 - 21:03:35: "[BONK] tentacleRelaxation<17><STEAM_0:1:40829603><NSF>" killed "[TagsR4Nerds] Average<18><STEAM_0:1:57251237><Jinrai>" with "m41s"
L 02/03/2024 - 21:03:41: "[BONK] 草<13><STEAM_0:1:39165168><NSF>" killed "[C^2]Myokonin<20><STEAM_0:1:39882458><Jinrai>" with "mpn"
L 02/03/2024 - 21:04:17: "[=]neotokyosnood<16><STEAM_0:1:47222322><Jinrai>" killed "[BONK] 草<13><STEAM_0:1:39165168><NSF>" with "mx"
L 02/03/2024 - 21:04:39: "[=]neotokyosnood<16><STEAM_0:1:47222322><Jinrai>" killed "[BONK] tentacleRelaxation<17><STEAM_0:1:40829603><NSF>" with "mx"
L 02/03/2024 - 21:04:39: "[TagsR4Nerds] Average<18><STEAM_0:1:57251237><Jinrai>" triggered "kill_assist"
L 02/03/2024 - 21:04:41: "[BONK] Ningurist<15><STEAM_0:0:156832755><NSF>" killed "[=]neotokyosnood<16><STEAM_0:1:47222322><Jinrai>" with "m41"
L 02/03/2024 - 21:04:46: "[BONK] Ningurist<15><STEAM_0:0:156832755><NSF>" say_team "yes"
L 02/03/2024 - 21:05:11: "[BONK] Ningurist<15><STEAM_0:0:156832755><NSF>" say_team "fuck i shouldve aswell"
L 02/03/2024 - 21:05:26: "[BONK] Persica<14><STEAM_0:1:19015690><NSF>" killed "TakaVerosa<21><STEAM_0:0:79516516><Jinrai>" with "mx"
L 02/03/2024 - 21:05:29: "[TagsR4Nerds] Average<18><STEAM_0:1:57251237><Jinrai>" killed "[BONK] Ningurist<15><STEAM_0:0:156832755><NSF>" with "mx"
L 02/03/2024 - 21:05:31: "[BONK] Ningurist<15><STEAM_0:0:156832755><NSF>" say_team "main"
L 02/03/2024 - 21:05:32: "[BONK] Ningurist<15><STEAM_0:0:156832755><NSF>" say_team "78"
L 02/03/2024 - 21:05:33: "[BONK] Ningurist<15><STEAM_0:0:156832755><NSF>" say_team "assault"
L 02/03/2024 - 21:05:34: "[BONK] Ningurist<15><STEAM_0:0:156832755><NSF>" say_team "mx"
L 02/03/2024 - 21:05:38: "[BONK] Persica<14><STEAM_0:1:19015690><NSF>" killed "[=]neotokyosnood<16><STEAM_0:1:47222322><Jinrai>" with "mx"
L 02/03/2024 - 21:06:05: "[TagsR4Nerds] Average<18><STEAM_0:1:57251237><Jinrai>" killed "[BONK] tentacleRelaxation<17><STEAM_0:1:40829603><NSF>" with "mx"
L 02/03/2024 - 21:06:07: "[=]Pyromaniac<19><STEAM_0:1:25398391><Jinrai>" killed "[BONK] Persica<14><STEAM_0:1:19015690><NSF>" with "mx_silenced"
L 02/03/2024 - 21:06:07: "TakaVerosa<21><STEAM_0:0:79516516><Jinrai>" triggered "kill_assist"
L 02/03/2024 - 21:06:11: "[BONK] Masterkatze<26><STEAM_0:0:30137778><NSF>" killed "[C^2]Myokonin<20><STEAM_0:1:39882458><Jinrai>" with "pz"
L 02/03/2024 - 21:06:17: "[BONK] Masterkatze<26><STEAM_0:0:30137778><NSF>" killed "[=]Pyromaniac<19><STEAM_0:1:25398391><Jinrai>" with "pz"
L 02/03/2024 - 21:06:58: "[TagsR4Nerds] Average<18><STEAM_0:1:57251237><Jinrai>" killed "[BONK] Masterkatze<26><STEAM_0:0:30137778><NSF>" with "mx"
L 02/03/2024 - 21:06:58: "[=]Pyromaniac<19><STEAM_0:1:25398391><Jinrai>" triggered "kill_assist"
L 02/03/2024 - 21:07:05: "[BONK] 草<13><STEAM_0:1:39165168><NSF>" killed "[TagsR4Nerds] Average<18><STEAM_0:1:57251237><Jinrai>" with "mpn"
L 02/03/2024 - 21:07:05: "[BONK] tentacleRelaxation<17><STEAM_0:1:40829603><NSF>" triggered "kill_assist"
L 02/03/2024 - 21:07:10: "[BONK] Ningurist<15><STEAM_0:0:156832755><NSF>" say_team "well, tahts ggg"
L 02/03/2024 - 21:07:11: "[BONK] Ningurist<15><STEAM_0:0:156832755><NSF>" say_team "gg"
L 02/03/2024 - 21:07:14: "[BONK] Masterkatze<26><STEAM_0:0:30137778><NSF>" say "ggs"
L 02/03/2024 - 21:07:15: "[TagsR4Nerds] Average<18><STEAM_0:1:57251237><Jinrai>" say ">2 hp "
L 02/03/2024 - 21:07:15: "[=]Pyromaniac<19><STEAM_0:1:25398391><Jinrai>" say "gg"
L 02/03/2024 - 21:07:17: "[BONK] Persica<14><STEAM_0:1:19015690><NSF>" say "gg"
L 02/03/2024 - 21:07:20: "TakaVerosa<21><STEAM_0:0:79516516><Jinrai>" disconnected (reason "Disconnect by user.")
L 02/03/2024 - 21:07:23: "[BONK] Ningurist<15><STEAM_0:0:156832755><NSF>" say "gg"
L 02/03/2024 - 21:07:24: "[=]neotokyosnood<16><STEAM_0:1:47222322><Jinrai>" say "gg"
L 02/03/2024 - 21:07:26: "[TagsR4Nerds] Average<18><STEAM_0:1:57251237><Jinrai>" say "yea this sucked anyway "
L 02/03/2024 - 21:07:28: "[TagsR4Nerds] Average<18><STEAM_0:1:57251237><Jinrai>" disconnected (reason "Disconnect by user.")
L 02/03/2024 - 21:07:37: "[C^2]Myokonin<20><STEAM_0:1:39882458><Jinrai>" joined team "Unassigned"
L 02/03/2024 - 21:07:39: "[C^2]Myokonin<20><STEAM_0:1:39882458><Unassigned>" joined team "Jinrai"
L 02/03/2024 - 21:07:43: "[C^2]Myokonin<20><STEAM_0:1:39882458><Jinrai>" disconnected (reason "Disconnect by user.")
L 02/03/2024 - 21:07:45: "[=]neotokyosnood<16><STEAM_0:1:47222322><Jinrai>" disconnected (reason "Disconnect by user.")
L 02/03/2024 - 21:09:54: "[BONK] Ningurist<15><STEAM_0:0:156832755><NSF>" say "i think this match is supposed to be demo recorded so no interviews?"
L 02/03/2024 - 21:10:00: "[BONK] Masterkatze<26><STEAM_0:0:30137778><NSF>" say "yup"
L 02/03/2024 - 21:10:04: "[BONK] Ningurist<15><STEAM_0:0:156832755><NSF>" say_team "it should be"
L 02/03/2024 - 21:10:13: "[BONK] Persica<14><STEAM_0:1:19015690><NSF>" disconnected (reason "Disconnect by user.")
L 02/03/2024 - 21:10:15: "[BONK] Masterkatze<26><STEAM_0:0:30137778><NSF>" disconnected (reason "Disconnect by user.")
L 02/03/2024 - 21:10:18: "[BONK] Ningurist<15><STEAM_0:0:156832755><NSF>" disconnected (reason "Disconnect by user.")
L 02/03/2024 - 21:10:23: "[BONK] 草<13><STEAM_0:1:39165168><NSF>" say "!s"
L 02/03/2024 - 21:10:23: "[BONK] 草<13><STEAM_0:1:39165168><NSF>" committed suicide with "player"
L 02/03/2024 - 21:10:23: "[BONK] 草<13><STEAM_0:1:39165168><NSF>" joined team "Spectator"
L 02/03/2024 - 21:10:52: "[BONK] tentacleRelaxation<17><STEAM_0:1:40829603><NSF>" disconnected (reason "Disconnect by user.")
L 02/03/2024 - 21:11:23: "[=]Pyromaniac<19><STEAM_0:1:25398391><Jinrai>" disconnected (reason "Disconnect by user.")
L 02/03/2024 - 21:36:16: "[BONK] 草<13><STEAM_0:1:39165168><Spectator>" disconnected (reason "Disconnect by user.")
L 02/03/2024 - 21:55:52: "[DYS] bauxite<27><STEAM_ID_PENDING><>" connected, address "86.13.114.58:27005"
L 02/03/2024 - 21:55:52: "[DYS] bauxite<27><STEAM_0:0:5757747><>" STEAM USERID validated
L 02/03/2024 - 21:55:55: "[DYS] bauxite<27><STEAM_0:0:5757747><>" entered the game
L 02/03/2024 - 21:55:56: "[DYS] bauxite<27><STEAM_0:0:5757747><Unassigned>" joined team "Jinrai"
L 02/03/2024 - 21:56:01: "[DYS] bauxite<27><STEAM_0:0:5757747><Jinrai>" say "!nominate grid"
L 02/03/2024 - 21:56:10: "[DYS] bauxite<27><STEAM_0:0:5757747><Jinrai>" say "!map nt_threadplate_ctg"
L 02/03/2024 - 21:56:13: [META] Loaded 0 plugins (1 already loaded)
L 02/03/2024 - 21:56:13: [META] Loaded 0 plugins (1 already loaded)
L 02/03/2024 - 21:56:13: Log file closed
