L 02/18/2024 - 19:43:18: Log file started (file "logs\L0218027.log") (game "c:\servers\eurotokyo\NeotokyoSource") (version "4044")
L 02/18/2024 - 19:43:18: server_cvar: "sv_pausable" "0"
L 02/18/2024 - 19:43:18: server_cvar: "sv_gravity" "800"
L 02/18/2024 - 19:43:18: server_cvar: "mp_friendlyfire" "1"
L 02/18/2024 - 19:43:18: server_cvar: "tv_password" "***PROTECTED***"
L 02/18/2024 - 19:43:18: server_cvar: "tv_relaypassword" "***PROTECTED***"
L 02/18/2024 - 19:43:22: "Shinra (request)<12><STEAM_0:0:17487274><>" entered the game
L 02/18/2024 - 19:43:24: "[Disembodied Camera] Oni<25><STEAM_0:1:10174276><>" entered the game
L 02/18/2024 - 19:43:34: "[Disembodied Camera] Oni<25><STEAM_0:1:10174276><Unassigned>" joined team "Spectator"
L 02/18/2024 - 19:43:41: "[BONK] kinoko<10><STEAM_0:0:83067719><>" entered the game
L 02/18/2024 - 19:43:42: "[MXican] Nevra<21><STEAM_0:1:87689215><>" entered the game
L 02/18/2024 - 19:44:21: "[MXican] Nevra<21><STEAM_0:1:87689215><Unassigned>" joined team "Spectator"
L 02/18/2024 - 19:44:34: "[MXican] Nevra<21><STEAM_0:1:87689215><Spectator>" disconnected (reason "Disconnect by user.")
L 02/18/2024 - 19:44:34: "[MXican] Nevra<26><STEAM_ID_PENDING><>" connected, address "91.160.146.84:14025"
L 02/18/2024 - 19:44:34: "[MXican] Nevra<26><STEAM_0:1:87689215><>" STEAM USERID validated
L 02/18/2024 - 19:44:35: "[MXican] Nevra<26><STEAM_0:1:87689215><>" entered the game
L 02/18/2024 - 19:44:43: "[BONK] kinoko<10><STEAM_0:0:83067719><Unassigned>" joined team "Jinrai"
L 02/18/2024 - 19:46:07: "Shinra (request)<12><STEAM_0:0:17487274><Unassigned>" joined team "Spectator"
L 02/18/2024 - 19:46:12: "Shinra (request)<12><STEAM_0:0:17487274><Spectator>" disconnected (reason "Disconnect by user.")
L 02/18/2024 - 19:47:23: "[MXican] Nevra<26><STEAM_0:1:87689215><Unassigned>" joined team "Spectator"
L 02/18/2024 - 19:47:25: "[MXican] Nevra<26><STEAM_0:1:87689215><Spectator>" disconnected (reason "Disconnect by user.")
L 02/18/2024 - 19:53:45: "[GB] Agiel<27><STEAM_ID_PENDING><>" connected, address "98.128.173.190:27005"
L 02/18/2024 - 19:53:45: "[GB] Agiel<27><STEAM_0:1:25025><>" STEAM USERID validated
L 02/18/2024 - 19:53:48: "[BONK] Persica<28><STEAM_ID_PENDING><>" connected, address "71.77.145.180:27005"
L 02/18/2024 - 19:53:49: "[BONK] Persica<28><STEAM_0:1:19015690><>" STEAM USERID validated
L 02/18/2024 - 19:54:05: "[GB] Agiel<27><STEAM_0:1:25025><>" entered the game
L 02/18/2024 - 19:54:15: "[GB] Agiel<27><STEAM_0:1:25025><Unassigned>" joined team "Spectator"
L 02/18/2024 - 19:54:18: "[BONK] Persica<28><STEAM_0:1:19015690><>" entered the game
L 02/18/2024 - 19:54:22: "[BONK] Persica<28><STEAM_0:1:19015690><Unassigned>" joined team "Spectator"
L 02/18/2024 - 19:55:02: "[BONK] Persica<28><STEAM_0:1:19015690><Spectator>" joined team "Jinrai"
L 02/18/2024 - 19:56:57: "[GB] Puddy<29><STEAM_ID_PENDING><>" connected, address "188.192.131.75:27005"
L 02/18/2024 - 19:56:57: "[GB] Puddy<29><STEAM_0:1:19453780><>" STEAM USERID validated
L 02/18/2024 - 19:57:01: "soft as HELL<30><STEAM_ID_PENDING><>" connected, address "94.30.149.189:27005"
L 02/18/2024 - 19:57:01: "soft as HELL<30><STEAM_0:1:14747705><>" STEAM USERID validated
L 02/18/2024 - 19:57:10: "[DYS] Infrequent<31><STEAM_ID_PENDING><>" connected, address "86.169.55.78:27005"
L 02/18/2024 - 19:57:10: "[DYS] Infrequent<31><STEAM_0:1:6384081><>" STEAM USERID validated
L 02/18/2024 - 19:57:13: "[DYS] Infrequent<31><STEAM_0:1:6384081><>" entered the game
L 02/18/2024 - 19:57:15: "[DYS] Infrequent<31><STEAM_0:1:6384081><Unassigned>" joined team "Spectator"
L 02/18/2024 - 19:57:16: "soft as HELL<30><STEAM_0:1:14747705><>" entered the game
L 02/18/2024 - 19:57:19: "soft as HELL<30><STEAM_0:1:14747705><Unassigned>" joined team "Spectator"
L 02/18/2024 - 19:57:22: "[DYS] Infrequent<31><STEAM_0:1:6384081><Spectator>" changed name to "[CAST] Infrequent"
L 02/18/2024 - 19:57:23: "Moffin<32><STEAM_ID_PENDING><>" connected, address "77.102.123.242:27005"
L 02/18/2024 - 19:57:23: "Moffin<32><STEAM_0:1:42031632><>" STEAM USERID validated
L 02/18/2024 - 19:57:29: "soft as HELL<30><STEAM_0:1:14747705><Spectator>" joined team "NSF"
L 02/18/2024 - 19:57:36: "[AUX-] Nutnoze<33><STEAM_ID_PENDING><>" connected, address "38.49.79.50:17575"
L 02/18/2024 - 19:57:36: "[AUX-] Nutnoze<33><STEAM_0:1:9530793><>" STEAM USERID validated
L 02/18/2024 - 19:57:38: "[AUX-] Nutnoze<33><STEAM_0:1:9530793><>" entered the game
L 02/18/2024 - 19:57:41: "[AUX-] Nutnoze<33><STEAM_0:1:9530793><Unassigned>" joined team "Spectator"
L 02/18/2024 - 19:57:54: "[AUX-] Nutnoze<33><STEAM_0:1:9530793><Spectator>" changed name to "[CAST-] Nutnoze"
L 02/18/2024 - 19:58:04: "Moffin<32><STEAM_0:1:42031632><>" entered the game
L 02/18/2024 - 19:58:08: "Moffin<32><STEAM_0:1:42031632><Unassigned>" joined team "Spectator"
L 02/18/2024 - 19:58:19: "Moffin<32><STEAM_0:1:42031632><Spectator>" changed name to "[BONK] Muffin-Dono"
L 02/18/2024 - 19:58:21: "[GB] Puddy<29><STEAM_0:1:19453780><>" entered the game
L 02/18/2024 - 19:58:23: "[BONK] Muffin-Dono<32><STEAM_0:1:42031632><Spectator>" joined team "Jinrai"
L 02/18/2024 - 19:58:26: "[BONK] Muffin-Dono<32><STEAM_0:1:42031632><Jinrai>" joined team "Spectator"
L 02/18/2024 - 19:58:32: "[GB] Puddy<29><STEAM_0:1:19453780><Unassigned>" joined team "NSF"
L 02/18/2024 - 19:58:33: "[DYS] xx<34><STEAM_ID_PENDING><>" connected, address "91.125.85.82:27005"
L 02/18/2024 - 19:58:33: "[DYS] xx<34><STEAM_0:0:8714446><>" STEAM USERID validated
L 02/18/2024 - 19:58:44: "[DYS] xx<34><STEAM_0:0:8714446><>" entered the game
L 02/18/2024 - 19:58:47: "[DYS] xx<34><STEAM_0:0:8714446><Unassigned>" joined team "Spectator"
L 02/18/2024 - 19:59:14: "[BONK/PIGA] 草<35><STEAM_ID_PENDING><>" connected, address "95.33.147.110:27005"
L 02/18/2024 - 19:59:14: "[BONK/PIGA] 草<35><STEAM_0:1:39165168><>" STEAM USERID validated
L 02/18/2024 - 19:59:24: "[BONK] kinoko<10><STEAM_0:0:83067719><Jinrai>" say "hi puddy"
L 02/18/2024 - 19:59:34: "[BONK] Persica<28><STEAM_0:1:19015690><Jinrai>" say "hiiiiiiiiiiii"
L 02/18/2024 - 19:59:38: "[GB] Puddy<29><STEAM_0:1:19453780><NSF>" say "Hi"
L 02/18/2024 - 20:00:10: "[GB] Puddy<29><STEAM_0:1:19453780><NSF>" say "Hi helo"
L 02/18/2024 - 20:00:26: "[BONK] kinoko<10><STEAM_0:0:83067719><Jinrai>" say "rain not coming ? :("
L 02/18/2024 - 20:00:27: "[BONK] Muffin-Dono<32><STEAM_0:1:42031632><Spectator>" joined team "Jinrai"
L 02/18/2024 - 20:00:36: "[GB] Puddy<29><STEAM_0:1:19453780><NSF>" say "We do not kniow"
L 02/18/2024 - 20:00:44: "[BONK] kinoko<10><STEAM_0:0:83067719><Jinrai>" say "fair"
L 02/18/2024 - 20:00:49: "[BONK] kinoko<10><STEAM_0:0:83067719><Jinrai>" say "not being pushy just curious"
L 02/18/2024 - 20:00:56: "[GB] Agiel<27><STEAM_0:1:25025><Spectator>" joined team "NSF"
L 02/18/2024 - 20:01:10: "[GB] Agiel<27><STEAM_0:1:25025><NSF>" say "he hasn't said he's not playing, but he's late"
L 02/18/2024 - 20:01:19: "suna<36><STEAM_ID_PENDING><>" connected, address "91.101.200.241:27005"
L 02/18/2024 - 20:01:19: "suna<36><STEAM_0:1:29157668><>" STEAM USERID validated
L 02/18/2024 - 20:01:20: "[GB] Puddy<29><STEAM_0:1:19453780><NSF>" say "So weird with movement after playing Helldivers 2"
L 02/18/2024 - 20:01:21: "suna<36><STEAM_0:1:29157668><>" entered the game
L 02/18/2024 - 20:01:24: "suna<36><STEAM_0:1:29157668><Unassigned>" joined team "NSF"
L 02/18/2024 - 20:01:30: "[BONK] Persica<28><STEAM_0:1:19015690><Jinrai>" say "i was playing so much hd2 earlier this morn "
L 02/18/2024 - 20:01:41: "[GB] Puddy<29><STEAM_0:1:19453780><NSF>" say "I'm stuck in the Extreme/Suicidal mines"
L 02/18/2024 - 20:01:43: "[GB] Puddy<29><STEAM_0:1:19453780><NSF>" say "Much stress"
L 02/18/2024 - 20:01:48: "[BONK] Persica<28><STEAM_0:1:19015690><Jinrai>" say "extreme is like, perfectly doable"
L 02/18/2024 - 20:01:49: "[BONK/PIGA] 草<35><STEAM_0:1:39165168><>" entered the game
L 02/18/2024 - 20:01:51: "[BONK] Persica<28><STEAM_0:1:19015690><Jinrai>" say "havent tried suicidal yet"
L 02/18/2024 - 20:02:07: "[GB] Puddy<29><STEAM_0:1:19453780><NSF>" say "Depends on how many people you got"
L 02/18/2024 - 20:02:12: "[GB] Puddy<29><STEAM_0:1:19453780><NSF>" say "2-manning has been wild"
L 02/18/2024 - 20:02:13: "[BONK/PIGA] 草<35><STEAM_0:1:39165168><Unassigned>" joined team "Jinrai"
L 02/18/2024 - 20:02:24: "[BONK] Persica<28><STEAM_0:1:19015690><Jinrai>" say "i 2 man it a lot, extreme"
L 02/18/2024 - 20:02:29: "[GB] Puddy<29><STEAM_0:1:19453780><NSF>" say "Well extreme is tame"
L 02/18/2024 - 20:02:32: "[GB] Puddy<29><STEAM_0:1:19453780><NSF>" say "Suicidal isn't"
L 02/18/2024 - 20:02:47: "[BONK] Persica<28><STEAM_0:1:19015690><Jinrai>" say "ive played it with 3 before and it seemed like extreme but with more"
L 02/18/2024 - 20:02:56: "[BONK] Persica<28><STEAM_0:1:19015690><Jinrai>" say "which is fine"
L 02/18/2024 - 20:02:57: "[BONK/PIGA] 草<35><STEAM_0:1:39165168><Jinrai>" changed name to "[BONK] 草"
L 02/18/2024 - 20:02:59: "[BONK] Persica<28><STEAM_0:1:19015690><Jinrai>" say "i just exercise the Right To Leave"
L 02/18/2024 - 20:03:04: "[BONK] Persica<28><STEAM_0:1:19015690><Jinrai>" say "throw an airstrike, leave."
L 02/18/2024 - 20:03:05: "[BONK] Persica<28><STEAM_0:1:19015690><Jinrai>" say "lmao"
L 02/18/2024 - 20:03:13: "[GB] Puddy<29><STEAM_0:1:19453780><NSF>" say "Well, also increased titan spawnrate on terminids"
L 02/18/2024 - 20:03:17: "[GB] Puddy<29><STEAM_0:1:19453780><NSF>" say "That's the annoying bit"
L 02/18/2024 - 20:03:25: "[BONK] Persica<28><STEAM_0:1:19015690><Jinrai>" say "my friends say the gl fucks titans"
L 02/18/2024 - 20:03:32: "[GB] Puddy<29><STEAM_0:1:19453780><NSF>" say "Yes and no"
L 02/18/2024 - 20:03:32: "[BONK] Persica<28><STEAM_0:1:19015690><Jinrai>" say "just pop the thorax and tail and kill with explosive"
L 02/18/2024 - 20:03:42: "[BONK] Persica<28><STEAM_0:1:19015690><Jinrai>" say "im an autocannon type girl personally"
L 02/18/2024 - 20:03:53: "[BONK] Persica<28><STEAM_0:1:19015690><Jinrai>" say "very good at sniping hulk heads"
L 02/18/2024 - 20:04:00: "[GB] Agiel<27><STEAM_0:1:25025><NSF>" say "would you accept wahaha as merc?"
L 02/18/2024 - 20:04:03: "[GB] Puddy<29><STEAM_0:1:19453780><NSF>" say "Autocannon falls off against big bugs, good for robits tho"
L 02/18/2024 - 20:04:11: "[BONK] Persica<28><STEAM_0:1:19015690><Jinrai>" say "i mostly play robots bcuz bugs bore me a bit"
L 02/18/2024 - 20:04:14: "[GB] Puddy<29><STEAM_0:1:19453780><NSF>" say "Railgun fun"
L 02/18/2024 - 20:04:15: "[BONK] kinoko<10><STEAM_0:0:83067719><Jinrai>" say "shouldnt be a problem?"
L 02/18/2024 - 20:04:25: "[BONK] kinoko<10><STEAM_0:0:83067719><Jinrai>" say "are we going to wait for rain or just get wahaha in and start?"
L 02/18/2024 - 20:04:32: "[GB] Agiel<27><STEAM_0:1:25025><NSF>" say "we'll wait a bit longer"
L 02/18/2024 - 20:04:35: "[BONK] kinoko<10><STEAM_0:0:83067719><Jinrai>" say "npnp"
L 02/18/2024 - 20:04:40: "[BONK] Persica<28><STEAM_0:1:19015690><Jinrai>" say "yeah im more interested in playing against GB than a merc"
L 02/18/2024 - 20:04:43: "[BONK] Persica<28><STEAM_0:1:19015690><Jinrai>" say "and i like rain a lot"
L 02/18/2024 - 20:04:44: "[BONK] kinoko<10><STEAM_0:0:83067719><Jinrai>" say "that"
L 02/18/2024 - 20:04:44: "[BONK] Persica<28><STEAM_0:1:19015690><Jinrai>" say "<3"
L 02/18/2024 - 20:06:11: "[GB] Agiel<27><STEAM_0:1:25025><NSF>" say "how long are we allowed to wait again?"
L 02/18/2024 - 20:06:17: "[BONK] 草<35><STEAM_0:1:39165168><Jinrai>" say "20min by rules"
L 02/18/2024 - 20:06:24: "[BONK] kinoko<10><STEAM_0:0:83067719><Jinrai>" say "20 minutes from when the game is supposed to start"
L 02/18/2024 - 20:06:24: "[GB] Agiel<27><STEAM_0:1:25025><NSF>" say "ok"
L 02/18/2024 - 20:06:26: "[BONK] 草<35><STEAM_0:1:39165168><Jinrai>" say "but we waited longer at times "
L 02/18/2024 - 20:06:31: "[BONK] kinoko<10><STEAM_0:0:83067719><Jinrai>" say "no rush from our part"
L 02/18/2024 - 20:06:32: "[BONK] 草<35><STEAM_0:1:39165168><Jinrai>" say "if both teams are fine no harm"
L 02/18/2024 - 20:06:39: "[Disembodied Camera] Oni<25><STEAM_0:1:10174276><Spectator>" say "as long as you want, but if a team calls for start you have 20 minutes from start time"
L 02/18/2024 - 20:06:39: "[BONK] 草<35><STEAM_0:1:39165168><Jinrai>" say "yeah we chilling so take your time"
L 02/18/2024 - 20:07:52: "[Disembodied Camera] Oni<25><STEAM_0:1:10174276><Spectator>" say "restarting my game"
L 02/18/2024 - 20:07:54: "[Disembodied Camera] Oni<25><STEAM_0:1:10174276><Spectator>" disconnected (reason "Disconnect by user.")
L 02/18/2024 - 20:08:18: "[Disembodied Camera] Oni<37><STEAM_ID_PENDING><>" connected, address "71.195.46.232:27005"
L 02/18/2024 - 20:08:18: "[Disembodied Camera] Oni<37><STEAM_0:1:10174276><>" STEAM USERID validated
L 02/18/2024 - 20:08:21: "jef<38><STEAM_ID_PENDING><>" connected, address "206.116.131.148:27005"
L 02/18/2024 - 20:08:21: "jef<38><STEAM_0:1:42399966><>" STEAM USERID validated
L 02/18/2024 - 20:08:22: "[Disembodied Camera] Oni<37><STEAM_0:1:10174276><>" entered the game
L 02/18/2024 - 20:08:24: "[Disembodied Camera] Oni<37><STEAM_0:1:10174276><Unassigned>" joined team "Spectator"
L 02/18/2024 - 20:08:26: "[Disembodied Camera] Oni<37><STEAM_0:1:10174276><Spectator>" say "!setobserver"
L 02/18/2024 - 20:08:28: "jef<38><STEAM_0:1:42399966><>" entered the game
L 02/18/2024 - 20:08:39: "jef<38><STEAM_0:1:42399966><Unassigned>" joined team "NSF"
L 02/18/2024 - 20:08:44: "[BONK] kinoko<10><STEAM_0:0:83067719><Jinrai>" say "!unready"
L 02/18/2024 - 20:08:57: "jef<38><STEAM_0:1:42399966><NSF>" say "i'm mercing u welcome"
L 02/18/2024 - 20:09:54: "jef<38><STEAM_0:1:42399966><NSF>" joined team "Jinrai"
L 02/18/2024 - 20:10:42: "[BONK] kinoko<10><STEAM_0:0:83067719><Jinrai>" say "so hows the weather"
L 02/18/2024 - 20:11:09: "suna<36><STEAM_0:1:29157668><NSF>" say "i think we'll get wahaha in"
L 02/18/2024 - 20:11:19: "suna<36><STEAM_0:1:29157668><NSF>" say "it's not looking likely"
L 02/18/2024 - 20:11:22: "[BONK] kinoko<10><STEAM_0:0:83067719><Jinrai>" say "np"
L 02/18/2024 - 20:11:51: "[Disembodied Camera] Oni<37><STEAM_0:1:10174276><Spectator>" say "spacebar chads rise up"
L 02/18/2024 - 20:11:55: "[BONK] Persica<28><STEAM_0:1:19015690><Jinrai>" say "i spacebar"
L 02/18/2024 - 20:12:49: "[BONK] Persica<28><STEAM_0:1:19015690><Jinrai>" disconnected (reason "Disconnect by user.")
L 02/18/2024 - 20:12:49: "[BONK] Persica<39><STEAM_ID_PENDING><>" connected, address "71.77.145.180:27005"
L 02/18/2024 - 20:12:49: "[BONK] Persica<39><STEAM_0:1:19015690><>" STEAM USERID validated
L 02/18/2024 - 20:12:51: "[BONK] Persica<39><STEAM_0:1:19015690><>" entered the game
L 02/18/2024 - 20:12:53: "[BONK] Persica<39><STEAM_0:1:19015690><Unassigned>" joined team "Jinrai"
L 02/18/2024 - 20:14:03: "[BONK] kinoko<10><STEAM_0:0:83067719><Jinrai>" say "Kensokyrön yliopiston testi paljasti: Kissat koiria gfffögkfhjd"
L 02/18/2024 - 20:14:14: "[GB] Puddy<29><STEAM_0:1:19453780><NSF>" say "What"
L 02/18/2024 - 20:14:28: "[MXican] Scaly Sweethart Lover<40><STEAM_ID_PENDING><>" connected, address "76.133.237.17:27005"
L 02/18/2024 - 20:14:29: "[MXican] Scaly Sweethart Lover<40><STEAM_0:1:17526508><>" STEAM USERID validated
L 02/18/2024 - 20:14:33: "[MXican] Scaly Sweethart Lover<40><STEAM_0:1:17526508><>" entered the game
L 02/18/2024 - 20:14:34: "[BONK] kinoko<10><STEAM_0:0:83067719><Jinrai>" say "Gensokyo university test reveals: cats dogs gfffögkfhjd"
L 02/18/2024 - 20:14:36: "[MXican] Scaly Sweethart Lover<40><STEAM_0:1:17526508><Unassigned>" joined team "Spectator"
L 02/18/2024 - 20:14:38: "[MXican] Scaly Sweethart Lover<40><STEAM_0:1:17526508><Spectator>" joined team "NSF"
L 02/18/2024 - 20:14:40: "[GB] Puddy<29><STEAM_0:1:19453780><NSF>" say "TRUE AND REAL"
L 02/18/2024 - 20:15:02: "[MXican] Scaly Sweethart Lover<40><STEAM_0:1:17526508><NSF>" changed name to "[UK] Wahaha-"
L 02/18/2024 - 20:15:12: "[BONK] Muffin-Dono<32><STEAM_0:1:42031632><Jinrai>" say "!ready"
L 02/18/2024 - 20:15:22: "jef<38><STEAM_0:1:42399966><Jinrai>" say_team "!ready"
L 02/18/2024 - 20:15:27: "[UK] Wahaha-<40><STEAM_0:1:17526508><NSF>" say "!ready"
L 02/18/2024 - 20:16:03: "[UK] Wahaha-<40><STEAM_0:1:17526508><NSF>" say "!unready"
L 02/18/2024 - 20:16:07: "[UK] Wahaha-<40><STEAM_0:1:17526508><NSF>" say "bathroom 1 sec"
L 02/18/2024 - 20:16:49: "[CAST-] Nutnoze<33><STEAM_0:1:9530793><Spectator>" say "!readylist"
L 02/18/2024 - 20:17:06: "[BONK] 草<35><STEAM_0:1:39165168><Jinrai>" say "!ready"
L 02/18/2024 - 20:17:06: "[UK] Wahaha-<40><STEAM_0:1:17526508><NSF>" say "!ready"
L 02/18/2024 - 20:17:09: "[BONK] Persica<39><STEAM_0:1:19015690><Jinrai>" say "!ready"
L 02/18/2024 - 20:17:10: "suna<36><STEAM_0:1:29157668><NSF>" say "!ready"
L 02/18/2024 - 20:17:21: "suna<36><STEAM_0:1:29157668><NSF>" say "lets do this"
L 02/18/2024 - 20:17:27: "[CAST-] Nutnoze<33><STEAM_0:1:9530793><Spectator>" say "!readylist"
L 02/18/2024 - 20:17:27: "[GB] Puddy<29><STEAM_0:1:19453780><NSF>" say "!ready"
L 02/18/2024 - 20:17:31: "[BONK] kinoko<10><STEAM_0:0:83067719><Jinrai>" say ":saluting_face:"
L 02/18/2024 - 20:17:41: "suna<36><STEAM_0:1:29157668><NSF>" say "!readylist"
L 02/18/2024 - 20:17:52: "[BONK] 草<35><STEAM_0:1:39165168><Jinrai>" say "next map sakhan mercs for us is that fine?"
L 02/18/2024 - 20:17:53: "[BONK] Persica<39><STEAM_0:1:19015690><Jinrai>" say "!readylist"
L 02/18/2024 - 20:17:57: "jef<38><STEAM_0:1:42399966><Jinrai>" say "geebee wahaha"
L 02/18/2024 - 20:17:57: "[BONK] Persica<39><STEAM_0:1:19015690><Jinrai>" say "lmao"
L 02/18/2024 - 20:17:58: "suna<36><STEAM_0:1:29157668><NSF>" say "np"
L 02/18/2024 - 20:18:02: "jef<38><STEAM_0:1:42399966><Jinrai>" say "1000%"
L 02/18/2024 - 20:18:03: "[GB] Puddy<29><STEAM_0:1:19453780><NSF>" say "sure"
L 02/18/2024 - 20:18:03: "[BONK] 草<35><STEAM_0:1:39165168><Jinrai>" say "<3"
L 02/18/2024 - 20:18:03: "[BONK] kinoko<10><STEAM_0:0:83067719><Jinrai>" say "can we get bare"
L 02/18/2024 - 20:18:09: "[GB] Puddy<29><STEAM_0:1:19453780><NSF>" say "barecon cancelled"
L 02/18/2024 - 20:18:09: "suna<36><STEAM_0:1:29157668><NSF>" say "i get snob"
L 02/18/2024 - 20:18:09: "[UK] Wahaha-<40><STEAM_0:1:17526508><NSF>" say "OI OI OI, WOTS ALL DID DEN"
L 02/18/2024 - 20:18:11: "[BONK] Persica<39><STEAM_0:1:19015690><Jinrai>" say "didnt bare leave after left lean ppatch???"
L 02/18/2024 - 20:18:15: "[BONK] Persica<39><STEAM_0:1:19015690><Jinrai>" say "i miss snob did he disappear?"
L 02/18/2024 - 20:18:19: "[BONK] Persica<39><STEAM_0:1:19015690><Jinrai>" say "he was such a lil weirdo"
L 02/18/2024 - 20:18:22: "[GB] Puddy<29><STEAM_0:1:19453780><NSF>" say "Nah he came back, bare I mean"
L 02/18/2024 - 20:18:23: "[GB] Puddy<29><STEAM_0:1:19453780><NSF>" say "Then he left"
L 02/18/2024 - 20:18:25: "[GB] Agiel<27><STEAM_0:1:25025><NSF>" say "!ready"
L 02/18/2024 - 20:18:26: "[BONK] Persica<39><STEAM_0:1:19015690><Jinrai>" say "F lmao"
L 02/18/2024 - 20:18:27: "[GB] Puddy<29><STEAM_0:1:19453780><NSF>" say "Then snob left"
L 02/18/2024 - 20:18:29: "[BONK] Persica<39><STEAM_0:1:19015690><Jinrai>" say "F"
L 02/18/2024 - 20:18:33: "[UK] Wahaha-<40><STEAM_0:1:17526508><NSF>" say "!ready"
L 02/18/2024 - 20:18:35: "[BONK] Persica<39><STEAM_0:1:19015690><Jinrai>" say "what happened to afr0 and gecko?"
L 02/18/2024 - 20:18:39: "[GB] Puddy<29><STEAM_0:1:19453780><NSF>" say "Off the grid"
L 02/18/2024 - 20:18:42: "[GB] Puddy<29><STEAM_0:1:19453780><NSF>" say "Gecko removed me"
L 02/18/2024 - 20:18:44: "[BONK] Persica<39><STEAM_0:1:19015690><Jinrai>" say "that's a shame"
L 02/18/2024 - 20:18:49: "[GB] Puddy<29><STEAM_0:1:19453780><NSF>" say "GLHF"
L 02/18/2024 - 20:18:54: "[GB] Puddy<29><STEAM_0:1:19453780><NSF>" say "Used to see gecko in person so double sad tbh"
L 02/18/2024 - 20:19:17: "jef<38><STEAM_0:1:42399966><Jinrai>" killed "[UK] Wahaha-<40><STEAM_0:1:17526508><NSF>" with "zr68s"
L 02/18/2024 - 20:19:17: "[UK] Wahaha-<40><STEAM_0:1:17526508><NSF>" say_team "100 Assault zr68s"
L 02/18/2024 - 20:19:25: "jef<38><STEAM_0:1:42399966><Jinrai>" killed "[GB] Puddy<29><STEAM_0:1:19453780><NSF>" with "zr68s"
L 02/18/2024 - 20:19:29: "soft as HELL<30><STEAM_0:1:14747705><NSF>" killed "[BONK] Muffin-Dono<32><STEAM_0:1:42031632><Jinrai>" with "srm"
L 02/18/2024 - 20:19:29: "suna<36><STEAM_0:1:29157668><NSF>" triggered "kill_assist"
L 02/18/2024 - 20:19:39: "suna<36><STEAM_0:1:29157668><NSF>" killed "[BONK] 草<35><STEAM_0:1:39165168><Jinrai>" with "srm"
L 02/18/2024 - 20:19:39: "[BONK] 草<35><STEAM_0:1:39165168><Jinrai>" say_team "100 Recon srm"
L 02/18/2024 - 20:19:45: "[BONK] Persica<39><STEAM_0:1:19015690><Jinrai>" killed "soft as HELL<30><STEAM_0:1:14747705><NSF>" with "zr68s"
L 02/18/2024 - 20:19:45: "soft as HELL<30><STEAM_0:1:14747705><NSF>" say_team "81 Recon zr68s"
L 02/18/2024 - 20:19:53: "[BONK] Muffin-Dono<32><STEAM_0:1:42031632><Jinrai>" say "woopsie!"
L 02/18/2024 - 20:19:59: "[BONK] kinoko<10><STEAM_0:0:83067719><Jinrai>" killed "[GB] Agiel<27><STEAM_0:1:25025><NSF>" with "zr68s"
L 02/18/2024 - 20:20:04: "suna<36><STEAM_0:1:29157668><NSF>" killed "[BONK] kinoko<10><STEAM_0:0:83067719><Jinrai>" with "srm"
L 02/18/2024 - 20:20:05: "[BONK] kinoko<10><STEAM_0:0:83067719><Jinrai>" say_team "41 Recon srm"
L 02/18/2024 - 20:20:05: "[BONK] Muffin-Dono<32><STEAM_0:1:42031632><Jinrai>" say_team "last recon"
L 02/18/2024 - 20:20:19: "[GB] Puddy<29><STEAM_0:1:19453780><NSF>" say "We ain't on the grid today"
L 02/18/2024 - 20:20:28: "[BONK] kinoko<10><STEAM_0:0:83067719><Jinrai>" say "hit the griddy"
L 02/18/2024 - 20:20:31: "[UK] Wahaha-<40><STEAM_0:1:17526508><NSF>" say "my aim is about the size of a grid square"
L 02/18/2024 - 20:20:51: "[UK] Wahaha-<40><STEAM_0:1:17526508><NSF>" say "COP = 32768 hu"
L 02/18/2024 - 20:21:10: "[UK] Wahaha-<40><STEAM_0:1:17526508><NSF>" say "wait i meant cep"
L 02/18/2024 - 20:21:12: "[BONK] kinoko<10><STEAM_0:0:83067719><Jinrai>" say "gb is lucky im hungover :("
L 02/18/2024 - 20:21:25: "suna<36><STEAM_0:1:29157668><NSF>" killed "jef<38><STEAM_0:1:42399966><Jinrai>" with "zr68s"
L 02/18/2024 - 20:21:30: "[UK] Wahaha-<40><STEAM_0:1:17526508><NSF>" say "you're what, over?"
L 02/18/2024 - 20:21:44: "[GB] Puddy<29><STEAM_0:1:19453780><NSF>" say "I'm hung"
L 02/18/2024 - 20:22:21: "[BONK] Persica<39><STEAM_0:1:19015690><Jinrai>" killed "[GB] Agiel<27><STEAM_0:1:25025><NSF>" with "grenade_projectile"
L 02/18/2024 - 20:22:38: "[GB] Puddy<29><STEAM_0:1:19453780><NSF>" killed "[BONK] Persica<39><STEAM_0:1:19015690><Jinrai>" with "zr68s"
L 02/18/2024 - 20:22:41: "jef<38><STEAM_0:1:42399966><Jinrai>" killed "soft as HELL<30><STEAM_0:1:14747705><NSF>" with "srm"
L 02/18/2024 - 20:22:41: "soft as HELL<30><STEAM_0:1:14747705><NSF>" say_team "80 Support srm"
L 02/18/2024 - 20:22:52: "[GB] Puddy<29><STEAM_0:1:19453780><NSF>" killed "[BONK] kinoko<10><STEAM_0:0:83067719><Jinrai>" with "zr68s"
L 02/18/2024 - 20:22:52: "[BONK] kinoko<10><STEAM_0:0:83067719><Jinrai>" say_team "88 Assault zr68s"
L 02/18/2024 - 20:23:35: "[BONK] Muffin-Dono<32><STEAM_0:1:42031632><Jinrai>" killed "[UK] Wahaha-<40><STEAM_0:1:17526508><NSF>" with "srm"
L 02/18/2024 - 20:23:36: "[UK] Wahaha-<40><STEAM_0:1:17526508><NSF>" say_team "100 Assault srm"
L 02/18/2024 - 20:23:40: "[BONK] Muffin-Dono<32><STEAM_0:1:42031632><Jinrai>" killed "[GB] Puddy<29><STEAM_0:1:19453780><NSF>" with "zr68s"
L 02/18/2024 - 20:24:13: "jef<38><STEAM_0:1:42399966><Jinrai>" killed "suna<36><STEAM_0:1:29157668><NSF>" with "srm"
L 02/18/2024 - 20:24:13: "[BONK] 草<35><STEAM_0:1:39165168><Jinrai>" triggered "kill_assist"
L 02/18/2024 - 20:24:13: "suna<36><STEAM_0:1:29157668><NSF>" say_team "80 Support srm"
L 02/18/2024 - 20:25:00: "[BONK] Muffin-Dono<32><STEAM_0:1:42031632><Jinrai>" killed "suna<36><STEAM_0:1:29157668><NSF>" with "zr68s"
L 02/18/2024 - 20:25:00: "suna<36><STEAM_0:1:29157668><NSF>" say_team "82 Assault zr68s"
L 02/18/2024 - 20:25:04: "[BONK] kinoko<10><STEAM_0:0:83067719><Jinrai>" killed "[UK] Wahaha-<40><STEAM_0:1:17526508><NSF>" with "mx"
L 02/18/2024 - 20:25:04: "[UK] Wahaha-<40><STEAM_0:1:17526508><NSF>" say_team "100 Recon mx"
L 02/18/2024 - 20:25:16: "[GB] Puddy<29><STEAM_0:1:19453780><NSF>" killed "[BONK] Persica<39><STEAM_0:1:19015690><Jinrai>" with "zr68s"
L 02/18/2024 - 20:25:23: "[BONK] kinoko<10><STEAM_0:0:83067719><Jinrai>" killed "[GB] Agiel<27><STEAM_0:1:25025><NSF>" with "mx"
L 02/18/2024 - 20:25:23: "[GB] Agiel<27><STEAM_0:1:25025><NSF>" say_team "100 Recon mx"
L 02/18/2024 - 20:25:25: "[BONK] kinoko<10><STEAM_0:0:83067719><Jinrai>" killed "[GB] Puddy<29><STEAM_0:1:19453780><NSF>" with "milso"
L 02/18/2024 - 20:25:27: "soft as HELL<30><STEAM_0:1:14747705><NSF>" killed "[BONK] kinoko<10><STEAM_0:0:83067719><Jinrai>" with "zr68s"
L 02/18/2024 - 20:25:27: "[BONK] kinoko<10><STEAM_0:0:83067719><Jinrai>" say_team "100 Assault zr68s"
L 02/18/2024 - 20:26:10: "soft as HELL<30><STEAM_0:1:14747705><NSF>" killed "[BONK] 草<35><STEAM_0:1:39165168><Jinrai>" with "zr68s"
L 02/18/2024 - 20:26:10: "[BONK] 草<35><STEAM_0:1:39165168><Jinrai>" say_team "100 Assault zr68s"
L 02/18/2024 - 20:26:18: "jef<38><STEAM_0:1:42399966><Jinrai>" killed "soft as HELL<30><STEAM_0:1:14747705><NSF>" with "zr68s"
L 02/18/2024 - 20:26:18: "soft as HELL<30><STEAM_0:1:14747705><NSF>" say_team "42 Support zr68s"
L 02/18/2024 - 20:27:01: "[UK] Wahaha-<40><STEAM_0:1:17526508><NSF>" killed "[BONK] kinoko<10><STEAM_0:0:83067719><Jinrai>" with "zr68s"
L 02/18/2024 - 20:27:01: "[BONK] kinoko<10><STEAM_0:0:83067719><Jinrai>" say_team "72 Assault zr68s"
L 02/18/2024 - 20:27:16: "[UK] Wahaha-<40><STEAM_0:1:17526508><NSF>" killed "[BONK] Persica<39><STEAM_0:1:19015690><Jinrai>" with "mx"
L 02/18/2024 - 20:27:21: "suna<36><STEAM_0:1:29157668><NSF>" killed "[BONK] Muffin-Dono<32><STEAM_0:1:42031632><Jinrai>" with "srm"
L 02/18/2024 - 20:27:49: "[BONK] kinoko<10><STEAM_0:0:83067719><Jinrai>" say_team "im feeling a bit nauseous :x"
L 02/18/2024 - 20:27:53: "[BONK] Persica<39><STEAM_0:1:19015690><Jinrai>" say_team "sip water"
L 02/18/2024 - 20:27:56: "[BONK] Persica<39><STEAM_0:1:19015690><Jinrai>" say_team "ill take mx next round"
L 02/18/2024 - 20:28:04: "[BONK] kinoko<10><STEAM_0:0:83067719><Jinrai>" say_team "do u still want to push?"
L 02/18/2024 - 20:28:06: "[BONK] Persica<39><STEAM_0:1:19015690><Jinrai>" say_team "do a stretch while dead"
L 02/18/2024 - 20:28:07: "[BONK] Persica<39><STEAM_0:1:19015690><Jinrai>" say_team "yea"
L 02/18/2024 - 20:28:10: "[BONK] 草<35><STEAM_0:1:39165168><Jinrai>" killed "suna<36><STEAM_0:1:29157668><NSF>" with "jittescoped"
L 02/18/2024 - 20:28:10: "[BONK] Muffin-Dono<32><STEAM_0:1:42031632><Jinrai>" triggered "kill_assist"
L 02/18/2024 - 20:28:11: "suna<36><STEAM_0:1:29157668><NSF>" say_team "45 Assault jittescoped"
L 02/18/2024 - 20:28:19: "[BONK] Persica<39><STEAM_0:1:19015690><Jinrai>" say_team "we did good dmg"
L 02/18/2024 - 20:28:20: "jef<38><STEAM_0:1:42399966><Jinrai>" killed "soft as HELL<30><STEAM_0:1:14747705><NSF>" with "srm"
L 02/18/2024 - 20:28:20: "soft as HELL<30><STEAM_0:1:14747705><NSF>" say_team "3 Support srm"
L 02/18/2024 - 20:28:30: "[BONK] Persica<39><STEAM_0:1:19015690><Jinrai>" say_team "i just got caught out by the nade + wrose at playing behind someone"
L 02/18/2024 - 20:28:31: "[BONK] kinoko<10><STEAM_0:0:83067719><Jinrai>" say_team "i think theyll start to stack top sewer a bit more going forward"
L 02/18/2024 - 20:28:35: "[BONK] Persica<39><STEAM_0:1:19015690><Jinrai>" say_team "prob"
L 02/18/2024 - 20:28:38: "[BONK] kinoko<10><STEAM_0:0:83067719><Jinrai>" say_team "yea i can let u take point"
L 02/18/2024 - 20:28:45: "[UK] Wahaha-<40><STEAM_0:1:17526508><NSF>" killed "jef<38><STEAM_0:1:42399966><Jinrai>" with "mx"
L 02/18/2024 - 20:28:45: "[GB] Puddy<29><STEAM_0:1:19453780><NSF>" triggered "kill_assist"
L 02/18/2024 - 20:28:53: "[BONK] 草<35><STEAM_0:1:39165168><Jinrai>" killed "[GB] Agiel<27><STEAM_0:1:25025><NSF>" with "jittescoped"
L 02/18/2024 - 20:28:54: "[GB] Agiel<27><STEAM_0:1:25025><NSF>" say_team "36 Assault jittescoped"
L 02/18/2024 - 20:28:57: "[BONK] 草<35><STEAM_0:1:39165168><Jinrai>" killed "[GB] Puddy<29><STEAM_0:1:19453780><NSF>" with "jittescoped"
L 02/18/2024 - 20:28:57: "jef<38><STEAM_0:1:42399966><Jinrai>" triggered "kill_assist"
L 02/18/2024 - 20:29:11: "[BONK] Muffin-Dono<32><STEAM_0:1:42031632><Jinrai>" say "[BONK] [BONK] [BONK] [BONK] [BONK] [BONK] [BONK] [BONK] [BONK] [BONK]"
L 02/18/2024 - 20:29:14: "[BONK] kinoko<10><STEAM_0:0:83067719><Jinrai>" say "[BONK] [BONK] [BONK] [BONK] [BONK] [BONK]"
L 02/18/2024 - 20:29:14: "[BONK] 草<35><STEAM_0:1:39165168><Jinrai>" killed "[UK] Wahaha-<40><STEAM_0:1:17526508><NSF>" with "jittescoped"
L 02/18/2024 - 20:29:14: "[BONK] Persica<39><STEAM_0:1:19015690><Jinrai>" triggered "kill_assist"
L 02/18/2024 - 20:29:15: "[UK] Wahaha-<40><STEAM_0:1:17526508><NSF>" say_team "36 Assault jittescoped"
L 02/18/2024 - 20:29:59: "[BONK] kinoko<10><STEAM_0:0:83067719><Jinrai>" killed "[UK] Wahaha-<40><STEAM_0:1:17526508><NSF>" with "zr68s"
L 02/18/2024 - 20:29:59: "[UK] Wahaha-<40><STEAM_0:1:17526508><NSF>" say_team "100 Recon zr68s"
L 02/18/2024 - 20:30:05: "soft as HELL<30><STEAM_0:1:14747705><NSF>" killed "[BONK] 草<35><STEAM_0:1:39165168><Jinrai>" with "zr68s"
L 02/18/2024 - 20:30:05: "[BONK] 草<35><STEAM_0:1:39165168><Jinrai>" say_team "73 Assault zr68s"
L 02/18/2024 - 20:30:22: "jef<38><STEAM_0:1:42399966><Jinrai>" killed "soft as HELL<30><STEAM_0:1:14747705><NSF>" with "jittescoped"
L 02/18/2024 - 20:30:22: "soft as HELL<30><STEAM_0:1:14747705><NSF>" say_team "29 Support jittescoped"
L 02/18/2024 - 20:30:28: "[BONK] kinoko<10><STEAM_0:0:83067719><Jinrai>" killed "[GB] Agiel<27><STEAM_0:1:25025><NSF>" with "zr68s"
L 02/18/2024 - 20:30:28: "[GB] Agiel<27><STEAM_0:1:25025><NSF>" say_team "100 Recon zr68s"
L 02/18/2024 - 20:30:55: "[BONK] kinoko<10><STEAM_0:0:83067719><Jinrai>" killed "[GB] Puddy<29><STEAM_0:1:19453780><NSF>" with "zr68s"
L 02/18/2024 - 20:31:07: "suna<36><STEAM_0:1:29157668><NSF>" killed "jef<38><STEAM_0:1:42399966><Jinrai>" with "srm"
L 02/18/2024 - 20:31:07: "soft as HELL<30><STEAM_0:1:14747705><NSF>" triggered "kill_assist"
L 02/18/2024 - 20:31:09: "suna<36><STEAM_0:1:29157668><NSF>" killed "[BONK] Muffin-Dono<32><STEAM_0:1:42031632><Jinrai>" with "srm"
L 02/18/2024 - 20:31:11: "[BONK] Muffin-Dono<32><STEAM_0:1:42031632><Jinrai>" say_team "11"
L 02/18/2024 - 20:31:17: Team "Jinrai" triggered "ghost_capture_team"
L 02/18/2024 - 20:31:17: "[BONK] kinoko<10><STEAM_0:0:83067719><Jinrai>" triggered "ghost_capture"
L 02/18/2024 - 20:31:18: "[BONK] Persica<39><STEAM_0:1:19015690><Jinrai>" killed "suna<36><STEAM_0:1:29157668><NSF>" with "mx"
L 02/18/2024 - 20:31:18: "[BONK] Muffin-Dono<32><STEAM_0:1:42031632><Jinrai>" triggered "kill_assist"
L 02/18/2024 - 20:31:18: "suna<36><STEAM_0:1:29157668><NSF>" say_team "74 Recon mx"
L 02/18/2024 - 20:31:21: "[BONK] kinoko<10><STEAM_0:0:83067719><Jinrai>" say "[BONK] [BONK] [BONK] [BONK] [BONK] [BONK]"
L 02/18/2024 - 20:32:00: "[BONK] kinoko<10><STEAM_0:0:83067719><Jinrai>" killed "[UK] Wahaha-<40><STEAM_0:1:17526508><NSF>" with "mx"
L 02/18/2024 - 20:32:01: "[UK] Wahaha-<40><STEAM_0:1:17526508><NSF>" say_team "100 Recon mx"
L 02/18/2024 - 20:32:04: "[BONK] Persica<39><STEAM_0:1:19015690><Jinrai>" killed "soft as HELL<30><STEAM_0:1:14747705><NSF>" with "mx"
L 02/18/2024 - 20:32:04: "soft as HELL<30><STEAM_0:1:14747705><NSF>" say_team "8 Recon mx"
L 02/18/2024 - 20:32:13: "[BONK] kinoko<10><STEAM_0:0:83067719><Jinrai>" killed "[GB] Agiel<27><STEAM_0:1:25025><NSF>" with "mx"
L 02/18/2024 - 20:32:13: "[GB] Agiel<27><STEAM_0:1:25025><NSF>" say_team "56 Recon mx"
L 02/18/2024 - 20:32:16: "jef<38><STEAM_0:1:42399966><Jinrai>" killed "[GB] Puddy<29><STEAM_0:1:19453780><NSF>" with "zr68c"
L 02/18/2024 - 20:32:23: "[BONK] kinoko<10><STEAM_0:0:83067719><Jinrai>" killed "suna<36><STEAM_0:1:29157668><NSF>" with "mx"
L 02/18/2024 - 20:32:23: "suna<36><STEAM_0:1:29157668><NSF>" say_team "23 Recon mx"
L 02/18/2024 - 20:33:14: "[UK] Wahaha-<40><STEAM_0:1:17526508><NSF>" killed "[BONK] kinoko<10><STEAM_0:0:83067719><Jinrai>" with "zr68s"
L 02/18/2024 - 20:33:14: "[BONK] kinoko<10><STEAM_0:0:83067719><Jinrai>" say_team "28 Assault zr68s"
L 02/18/2024 - 20:33:15: "[BONK] Persica<39><STEAM_0:1:19015690><Jinrai>" killed "[GB] Agiel<27><STEAM_0:1:25025><NSF>" with "mx"
L 02/18/2024 - 20:33:15: "[GB] Agiel<27><STEAM_0:1:25025><NSF>" say_team "36 Recon mx"
L 02/18/2024 - 20:33:46: "suna<36><STEAM_0:1:29157668><NSF>" killed "[BONK] Muffin-Dono<32><STEAM_0:1:42031632><Jinrai>" with "zr68s"
L 02/18/2024 - 20:33:50: "[BONK] Muffin-Dono<32><STEAM_0:1:42031632><Jinrai>" say_team "suna big fan"
L 02/18/2024 - 20:33:53: "[BONK] Muffin-Dono<32><STEAM_0:1:42031632><Jinrai>" say_team "43"
L 02/18/2024 - 20:33:53: "[BONK] 草<35><STEAM_0:1:39165168><Jinrai>" killed "[GB] Puddy<29><STEAM_0:1:19453780><NSF>" with "mx"
L 02/18/2024 - 20:33:59: "soft as HELL<30><STEAM_0:1:14747705><NSF>" killed "[BONK] Persica<39><STEAM_0:1:19015690><Jinrai>" with "jittescoped"
L 02/18/2024 - 20:33:59: "[GB] Agiel<27><STEAM_0:1:25025><NSF>" triggered "kill_assist"
L 02/18/2024 - 20:34:20: "[BONK] kinoko<10><STEAM_0:0:83067719><Jinrai>" say_team "should we hit the breaks?"
L 02/18/2024 - 20:34:24: "[BONK] Persica<39><STEAM_0:1:19015690><Jinrai>" say_team "nah"
L 02/18/2024 - 20:34:33: "[BONK] Persica<39><STEAM_0:1:19015690><Jinrai>" say_team "we can rely on our team"
L 02/18/2024 - 20:34:33: "jef<38><STEAM_0:1:42399966><Jinrai>" killed "suna<36><STEAM_0:1:29157668><NSF>" with "zr68c"
L 02/18/2024 - 20:34:33: "[BONK] Muffin-Dono<32><STEAM_0:1:42031632><Jinrai>" triggered "kill_assist"
L 02/18/2024 - 20:34:33: "suna<36><STEAM_0:1:29157668><NSF>" say_team "38 Support zr68c"
L 02/18/2024 - 20:34:50: "soft as HELL<30><STEAM_0:1:14747705><NSF>" killed "jef<38><STEAM_0:1:42399966><Jinrai>" with "mx"
L 02/18/2024 - 20:34:52: "[BONK] 草<35><STEAM_0:1:39165168><Jinrai>" killed "[UK] Wahaha-<40><STEAM_0:1:17526508><NSF>" with "mx"
L 02/18/2024 - 20:34:52: "[BONK] kinoko<10><STEAM_0:0:83067719><Jinrai>" triggered "kill_assist"
L 02/18/2024 - 20:34:52: "[UK] Wahaha-<40><STEAM_0:1:17526508><NSF>" killed "[BONK] 草<35><STEAM_0:1:39165168><Jinrai>" with "grenade_projectile"
L 02/18/2024 - 20:34:52: "[BONK] 草<35><STEAM_0:1:39165168><Jinrai>" say_team "1 Assault grenade_projectile"
L 02/18/2024 - 20:34:52: "[UK] Wahaha-<40><STEAM_0:1:17526508><NSF>" say_team "93 Assault mx"
L 02/18/2024 - 20:35:34: "[BONK] Persica<39><STEAM_0:1:19015690><Jinrai>" killed "[GB] Puddy<29><STEAM_0:1:19453780><NSF>" with "mx"
L 02/18/2024 - 20:35:41: "[GB] Agiel<27><STEAM_0:1:25025><NSF>" killed "[BONK] kinoko<10><STEAM_0:0:83067719><Jinrai>" with "zr68c"
L 02/18/2024 - 20:35:41: "[BONK] kinoko<10><STEAM_0:0:83067719><Jinrai>" say_team "7 Support zr68c"
L 02/18/2024 - 20:35:42: "[BONK] Muffin-Dono<32><STEAM_0:1:42031632><Jinrai>" killed "soft as HELL<30><STEAM_0:1:14747705><NSF>" with "mx"
L 02/18/2024 - 20:35:42: "soft as HELL<30><STEAM_0:1:14747705><NSF>" say_team "25 Assault mx"
L 02/18/2024 - 20:35:42: "[BONK] Persica<39><STEAM_0:1:19015690><Jinrai>" killed "[GB] Agiel<27><STEAM_0:1:25025><NSF>" with "mx"
L 02/18/2024 - 20:35:42: "[BONK] kinoko<10><STEAM_0:0:83067719><Jinrai>" triggered "kill_assist"
L 02/18/2024 - 20:35:42: "[GB] Agiel<27><STEAM_0:1:25025><NSF>" say_team "81 Recon mx"
L 02/18/2024 - 20:36:39: "suna<36><STEAM_0:1:29157668><NSF>" killed "[BONK] Muffin-Dono<32><STEAM_0:1:42031632><Jinrai>" with "zr68s"
L 02/18/2024 - 20:36:39: "soft as HELL<30><STEAM_0:1:14747705><NSF>" triggered "kill_assist"
L 02/18/2024 - 20:36:45: "[UK] Wahaha-<40><STEAM_0:1:17526508><NSF>" killed "[BONK] 草<35><STEAM_0:1:39165168><Jinrai>" with "zr68s"
L 02/18/2024 - 20:36:45: "[BONK] 草<35><STEAM_0:1:39165168><Jinrai>" say_team "62 Assault zr68s"
L 02/18/2024 - 20:36:47: "jef<38><STEAM_0:1:42399966><Jinrai>" killed "suna<36><STEAM_0:1:29157668><NSF>" with "zr68c"
L 02/18/2024 - 20:36:47: "[BONK] Muffin-Dono<32><STEAM_0:1:42031632><Jinrai>" triggered "kill_assist"
L 02/18/2024 - 20:36:47: "suna<36><STEAM_0:1:29157668><NSF>" say_team "65 Support zr68c"
L 02/18/2024 - 20:36:57: "[UK] Wahaha-<40><STEAM_0:1:17526508><NSF>" killed "jef<38><STEAM_0:1:42399966><Jinrai>" with "zr68s"
L 02/18/2024 - 20:37:07: "[BONK] Persica<39><STEAM_0:1:19015690><Jinrai>" killed "[UK] Wahaha-<40><STEAM_0:1:17526508><NSF>" with "mx"
L 02/18/2024 - 20:37:08: "[UK] Wahaha-<40><STEAM_0:1:17526508><NSF>" say_team "22 Recon mx"
L 02/18/2024 - 20:37:59: "[GB] Agiel<27><STEAM_0:1:25025><NSF>" killed "[BONK] kinoko<10><STEAM_0:0:83067719><Jinrai>" with "zr68c"
L 02/18/2024 - 20:37:59: "[BONK] kinoko<10><STEAM_0:0:83067719><Jinrai>" say_team "88 Support zr68c"
L 02/18/2024 - 20:38:01: "[UK] Wahaha-<40><STEAM_0:1:17526508><NSF>" killed "[BONK] Persica<39><STEAM_0:1:19015690><Jinrai>" with "zr68s"
L 02/18/2024 - 20:38:19: "[BONK] kinoko<10><STEAM_0:0:83067719><Jinrai>" say_team "yea okay theyre catching up to our push"
L 02/18/2024 - 20:38:23: "[BONK] Persica<39><STEAM_0:1:19015690><Jinrai>" say_team "yeah they stacked 4 ish"
L 02/18/2024 - 20:38:25: "[BONK] Persica<39><STEAM_0:1:19015690><Jinrai>" say_team "thats fine "
L 02/18/2024 - 20:38:32: "[BONK] kinoko<10><STEAM_0:0:83067719><Jinrai>" say_team "i kinda want to try taking mid with the pushes?"
L 02/18/2024 - 20:38:33: "[BONK] Persica<39><STEAM_0:1:19015690><Jinrai>" say_team "we can j ust take good timings somewhere, wait"
L 02/18/2024 - 20:38:37: "[BONK] Persica<39><STEAM_0:1:19015690><Jinrai>" say_team "mid is good"
L 02/18/2024 - 20:38:37: "[BONK] kinoko<10><STEAM_0:0:83067719><Jinrai>" say_team "im not sure how much they exactly hold that"
L 02/18/2024 - 20:38:41: "[BONK] Muffin-Dono<32><STEAM_0:1:42031632><Jinrai>" killed "soft as HELL<30><STEAM_0:1:14747705><NSF>" with "zr68c"
L 02/18/2024 - 20:38:41: "soft as HELL<30><STEAM_0:1:14747705><NSF>" say_team "100 Assault zr68c"
L 02/18/2024 - 20:38:43: "[BONK] Persica<39><STEAM_0:1:19015690><Jinrai>" say_team "harder to adapt to mid pushes for them"
L 02/18/2024 - 20:38:43: "[BONK] Muffin-Dono<32><STEAM_0:1:42031632><Jinrai>" killed "[UK] Wahaha-<40><STEAM_0:1:17526508><NSF>" with "zr68c"
L 02/18/2024 - 20:38:43: "[UK] Wahaha-<40><STEAM_0:1:17526508><NSF>" say_team "80 Assault zr68c"
L 02/18/2024 - 20:38:48: "[BONK] kinoko<10><STEAM_0:0:83067719><Jinrai>" say_team "but theyll assume us pushing into both of the lanes"
L 02/18/2024 - 20:38:54: "[BONK] Persica<39><STEAM_0:1:19015690><Jinrai>" say_team "mhm mhm"
L 02/18/2024 - 20:38:54: "[GB] Agiel<27><STEAM_0:1:25025><NSF>" killed "[BONK] Muffin-Dono<32><STEAM_0:1:42031632><Jinrai>" with "mx"
L 02/18/2024 - 20:38:56: "[BONK] kinoko<10><STEAM_0:0:83067719><Jinrai>" say_team "moreso sewer when we spawn waterside"
L 02/18/2024 - 20:38:58: "jef<38><STEAM_0:1:42399966><Jinrai>" killed "suna<36><STEAM_0:1:29157668><NSF>" with "srm"
L 02/18/2024 - 20:38:58: "suna<36><STEAM_0:1:29157668><NSF>" say_team "17 Support srm"
L 02/18/2024 - 20:39:03: "jef<38><STEAM_0:1:42399966><Jinrai>" killed "[GB] Puddy<29><STEAM_0:1:19453780><NSF>" with "srm"
L 02/18/2024 - 20:39:05: "[BONK] Persica<39><STEAM_0:1:19015690><Jinrai>" say_team "ill follow ur lead"
L 02/18/2024 - 20:39:17: "[BONK] Persica<39><STEAM_0:1:19015690><Jinrai>" say_team "ill like entryfrag whatever"
L 02/18/2024 - 20:39:20: "[BONK] Persica<39><STEAM_0:1:19015690><Jinrai>" say_team "just pick a route and ill do it"
L 02/18/2024 - 20:39:24: "[BONK] kinoko<10><STEAM_0:0:83067719><Jinrai>" say_team "yeah"
L 02/18/2024 - 20:39:51: "[BONK] Muffin-Dono<32><STEAM_0:1:42031632><Jinrai>" say_team "suna and soft sergeant, care"
L 02/18/2024 - 20:39:58: "[BONK] kinoko<10><STEAM_0:0:83067719><Jinrai>" say_team "yea they have mxes now"
L 02/18/2024 - 20:40:38: "soft as HELL<30><STEAM_0:1:14747705><NSF>" killed "[BONK] kinoko<10><STEAM_0:0:83067719><Jinrai>" with "mx"
L 02/18/2024 - 20:40:38: "[BONK] kinoko<10><STEAM_0:0:83067719><Jinrai>" say_team "100 Assault mx"
L 02/18/2024 - 20:40:41: "soft as HELL<30><STEAM_0:1:14747705><NSF>" killed "[BONK] Persica<39><STEAM_0:1:19015690><Jinrai>" with "mx"
L 02/18/2024 - 20:40:48: "[BONK] Persica<39><STEAM_0:1:19015690><Jinrai>" say_team "94 in 4"
L 02/18/2024 - 20:40:52: "[BONK] 草<35><STEAM_0:1:39165168><Jinrai>" killed "[GB] Puddy<29><STEAM_0:1:19453780><NSF>" with "mx"
L 02/18/2024 - 20:40:53: "[BONK] Persica<39><STEAM_0:1:19015690><Jinrai>" say_team "agiel 11 hp"
L 02/18/2024 - 20:40:59: "[BONK] kinoko<10><STEAM_0:0:83067719><Jinrai>" say_team "had unfortunate RNG: /"
L 02/18/2024 - 20:41:01: "[BONK] Persica<39><STEAM_0:1:19015690><Jinrai>" say_team "they'll turtle really hard"
L 02/18/2024 - 20:41:04: "[BONK] Persica<39><STEAM_0:1:19015690><Jinrai>" say_team "no sorry"
L 02/18/2024 - 20:41:08: "[BONK] Persica<39><STEAM_0:1:19015690><Jinrai>" say_team "agiel has 89 hp"
L 02/18/2024 - 20:41:09: "[BONK] Persica<39><STEAM_0:1:19015690><Jinrai>" say_team "a"
L 02/18/2024 - 20:41:14: "[BONK] Persica<39><STEAM_0:1:19015690><Jinrai>" say_team "soft has 6 hp"
L 02/18/2024 - 20:41:25: "[BONK] Persica<39><STEAM_0:1:19015690><Jinrai>" say_team "i kind of want to take srs if u wanna keep recon"
L 02/18/2024 - 20:41:30: "[BONK] Persica<39><STEAM_0:1:19015690><Jinrai>" say_team "but i donnt know if i should"
L 02/18/2024 - 20:41:34: "[BONK] kinoko<10><STEAM_0:0:83067719><Jinrai>" say_team "im thinking of going supp for shits n gigs"
L 02/18/2024 - 20:41:36: "[BONK] Persica<39><STEAM_0:1:19015690><Jinrai>" say_team "recon super effective even with stacking"
L 02/18/2024 - 20:41:40: "[BONK] kinoko<10><STEAM_0:0:83067719><Jinrai>" say_team "i can be speedy w supp anyway"
L 02/18/2024 - 20:41:42: "[BONK] Persica<39><STEAM_0:1:19015690><Jinrai>" say_team "real"
L 02/18/2024 - 20:41:43: "[BONK] Persica<39><STEAM_0:1:19015690><Jinrai>" say_team "do it"
L 02/18/2024 - 20:41:47: "jef<38><STEAM_0:1:42399966><Jinrai>" killed "suna<36><STEAM_0:1:29157668><NSF>" with "mx"
L 02/18/2024 - 20:41:47: "suna<36><STEAM_0:1:29157668><NSF>" say_team "75 Support mx"
L 02/18/2024 - 20:41:54: "[UK] Wahaha-<40><STEAM_0:1:17526508><NSF>" killed "[BONK] Muffin-Dono<32><STEAM_0:1:42031632><Jinrai>" with "zr68s"
L 02/18/2024 - 20:41:57: "[UK] Wahaha-<40><STEAM_0:1:17526508><NSF>" killed "[BONK] 草<35><STEAM_0:1:39165168><Jinrai>" with "zr68s"
L 02/18/2024 - 20:41:57: "[BONK] 草<35><STEAM_0:1:39165168><Jinrai>" say_team "79 Assault zr68s"
L 02/18/2024 - 20:42:01: "jef<38><STEAM_0:1:42399966><Jinrai>" killed "[UK] Wahaha-<40><STEAM_0:1:17526508><NSF>" with "mx"
L 02/18/2024 - 20:42:02: "[UK] Wahaha-<40><STEAM_0:1:17526508><NSF>" say_team "17 Support mx"
L 02/18/2024 - 20:42:10: "[GB] Agiel<27><STEAM_0:1:25025><NSF>" killed "jef<38><STEAM_0:1:42399966><Jinrai>" with "mx"
L 02/18/2024 - 20:42:10: "[UK] Wahaha-<40><STEAM_0:1:17526508><NSF>" triggered "kill_assist"
L 02/18/2024 - 20:43:09: "[BONK] Persica<39><STEAM_0:1:19015690><Jinrai>" killed "[UK] Wahaha-<40><STEAM_0:1:17526508><NSF>" with "srs"
L 02/18/2024 - 20:43:09: "[UK] Wahaha-<40><STEAM_0:1:17526508><NSF>" say_team "79 Assault srs"
L 02/18/2024 - 20:43:23: "[GB] Puddy<29><STEAM_0:1:19453780><NSF>" killed "[BONK] Persica<39><STEAM_0:1:19015690><Jinrai>" with "mx"
L 02/18/2024 - 20:43:25: "jef<38><STEAM_0:1:42399966><Jinrai>" killed "[GB] Puddy<29><STEAM_0:1:19453780><NSF>" with "mx"
L 02/18/2024 - 20:43:31: "[GB] Agiel<27><STEAM_0:1:25025><NSF>" killed "[BONK] kinoko<10><STEAM_0:0:83067719><Jinrai>" with "mx"
L 02/18/2024 - 20:43:31: "[BONK] kinoko<10><STEAM_0:0:83067719><Jinrai>" say_team "54 Support mx"
L 02/18/2024 - 20:43:48: "[BONK] kinoko<10><STEAM_0:0:83067719><Jinrai>" say "getting hitmemed lmao"
L 02/18/2024 - 20:43:49: "suna<36><STEAM_0:1:29157668><NSF>" killed "[BONK] 草<35><STEAM_0:1:39165168><Jinrai>" with "mx"
L 02/18/2024 - 20:43:49: "[BONK] 草<35><STEAM_0:1:39165168><Jinrai>" say_team "100 Assault mx"
L 02/18/2024 - 20:43:52: "[BONK] Persica<39><STEAM_0:1:19015690><Jinrai>" say_team "mhm mhm"
L 02/18/2024 - 20:43:53: "soft as HELL<30><STEAM_0:1:14747705><NSF>" killed "jef<38><STEAM_0:1:42399966><Jinrai>" with "mx"
L 02/18/2024 - 20:43:53: "suna<36><STEAM_0:1:29157668><NSF>" triggered "kill_assist"
L 02/18/2024 - 20:43:58: "suna<36><STEAM_0:1:29157668><NSF>" killed "[BONK] Muffin-Dono<32><STEAM_0:1:42031632><Jinrai>" with "mx"
L 02/18/2024 - 20:44:03: "[GB] Puddy<29><STEAM_0:1:19453780><NSF>" say "I'm so out of it rn I can't figure my shit out"
L 02/18/2024 - 20:44:04: "[GB] Puddy<29><STEAM_0:1:19453780><NSF>" say "LMAo"
L 02/18/2024 - 20:44:07: "[BONK] kinoko<10><STEAM_0:0:83067719><Jinrai>" say "its fine"
L 02/18/2024 - 20:44:16: "[BONK] 草<35><STEAM_0:1:39165168><Jinrai>" say "tumblr "
L 02/18/2024 - 20:44:42: "soft as HELL<30><STEAM_0:1:14747705><NSF>" killed "[BONK] Persica<39><STEAM_0:1:19015690><Jinrai>" with "mx"
L 02/18/2024 - 20:44:44: "[BONK] kinoko<10><STEAM_0:0:83067719><Jinrai>" killed "soft as HELL<30><STEAM_0:1:14747705><NSF>" with "mx"
L 02/18/2024 - 20:44:44: "soft as HELL<30><STEAM_0:1:14747705><NSF>" say_team "75 Recon mx"
L 02/18/2024 - 20:44:47: "[BONK] Muffin-Dono<32><STEAM_0:1:42031632><Jinrai>" killed "[UK] Wahaha-<40><STEAM_0:1:17526508><NSF>" with "zr68c"
L 02/18/2024 - 20:44:47: "[UK] Wahaha-<40><STEAM_0:1:17526508><NSF>" say_team "100 Assault zr68c"
L 02/18/2024 - 20:44:48: "[BONK] 草<35><STEAM_0:1:39165168><Jinrai>" killed "suna<36><STEAM_0:1:29157668><NSF>" with "mx"
L 02/18/2024 - 20:44:48: "suna<36><STEAM_0:1:29157668><NSF>" say_team "100 Assault mx"
L 02/18/2024 - 20:45:03: "[GB] Agiel<27><STEAM_0:1:25025><NSF>" killed "[BONK] kinoko<10><STEAM_0:0:83067719><Jinrai>" with "mx"
L 02/18/2024 - 20:45:03: "[BONK] kinoko<10><STEAM_0:0:83067719><Jinrai>" say_team "100 Support mx"
L 02/18/2024 - 20:45:31: "[BONK] 草<35><STEAM_0:1:39165168><Jinrai>" killed "[GB] Puddy<29><STEAM_0:1:19453780><NSF>" with "mx"
L 02/18/2024 - 20:45:40: "[UK] Wahaha-<40><STEAM_0:1:17526508><NSF>" say "agiel wins these"
L 02/18/2024 - 20:45:44: "[GB] Puddy<29><STEAM_0:1:19453780><NSF>" say "??? is there a gap between the servers?"
L 02/18/2024 - 20:45:51: "[UK] Wahaha-<40><STEAM_0:1:17526508><NSF>" say "on top yeah"
L 02/18/2024 - 20:45:57: "[UK] Wahaha-<40><STEAM_0:1:17526508><NSF>" say "prop isnt on the floor"
L 02/18/2024 - 20:46:03: "[GB] Puddy<29><STEAM_0:1:19453780><NSF>" say "Suddenly got shot through the racks "
L 02/18/2024 - 20:46:08: "[GB] Agiel<27><STEAM_0:1:25025><NSF>" killed "jef<38><STEAM_0:1:42399966><Jinrai>" with "mx"
L 02/18/2024 - 20:46:14: Team "Jinrai" triggered "ghost_capture_team"
L 02/18/2024 - 20:46:14: "[BONK] 草<35><STEAM_0:1:39165168><Jinrai>" triggered "ghost_capture"
L 02/18/2024 - 20:46:16: "[BONK] kinoko<10><STEAM_0:0:83067719><Jinrai>" say "[BONK] [BONK] [BONK] [BONK] [BONK] [BONK]"
L 02/18/2024 - 20:46:17: "[BONK] 草<35><STEAM_0:1:39165168><Jinrai>" killed "[GB] Agiel<27><STEAM_0:1:25025><NSF>" with "tachi"
L 02/18/2024 - 20:46:17: "[GB] Agiel<27><STEAM_0:1:25025><NSF>" say_team "80 Assault tachi"
L 02/18/2024 - 20:46:36: "[BONK] kinoko<10><STEAM_0:0:83067719><Jinrai>" say_team "soupa"
L 02/18/2024 - 20:46:36: "[BONK] Muffin-Dono<32><STEAM_0:1:42031632><Jinrai>" say_team "tie and win btw"
L 02/18/2024 - 20:46:57: "[BONK] Persica<39><STEAM_0:1:19015690><Jinrai>" killed "soft as HELL<30><STEAM_0:1:14747705><NSF>" with "supa7"
L 02/18/2024 - 20:46:58: "soft as HELL<30><STEAM_0:1:14747705><NSF>" say_team "50 Recon supa7"
L 02/18/2024 - 20:47:02: "suna<36><STEAM_0:1:29157668><NSF>" killed "[BONK] 草<35><STEAM_0:1:39165168><Jinrai>" with "mx"
L 02/18/2024 - 20:47:02: "[BONK] 草<35><STEAM_0:1:39165168><Jinrai>" say_team "100 Assault mx"
L 02/18/2024 - 20:47:02: "[BONK] kinoko<10><STEAM_0:0:83067719><Jinrai>" killed "[UK] Wahaha-<40><STEAM_0:1:17526508><NSF>" with "supa7"
L 02/18/2024 - 20:47:03: "[UK] Wahaha-<40><STEAM_0:1:17526508><NSF>" say_team "100 Recon supa7"
L 02/18/2024 - 20:47:04: "suna<36><STEAM_0:1:29157668><NSF>" killed "[BONK] Persica<39><STEAM_0:1:19015690><Jinrai>" with "mx"
L 02/18/2024 - 20:47:21: "[GB] Agiel<27><STEAM_0:1:25025><NSF>" killed "[BONK] kinoko<10><STEAM_0:0:83067719><Jinrai>" with "mx"
L 02/18/2024 - 20:47:21: "[BONK] kinoko<10><STEAM_0:0:83067719><Jinrai>" say_team "8 Support mx"
L 02/18/2024 - 20:47:50: "suna<36><STEAM_0:1:29157668><NSF>" killed "jef<38><STEAM_0:1:42399966><Jinrai>" with "mx"
L 02/18/2024 - 20:48:07: "[GB] Agiel<27><STEAM_0:1:25025><NSF>" killed "[BONK] Muffin-Dono<32><STEAM_0:1:42031632><Jinrai>" with "mx"
L 02/18/2024 - 20:48:17: "[UK] Wahaha-<40><STEAM_0:1:17526508><NSF>" say "see i told you agiel wins these"
L 02/18/2024 - 20:49:53: "[GB] Puddy<29><STEAM_0:1:19453780><NSF>" killed "jef<38><STEAM_0:1:42399966><Jinrai>" with "mx"
L 02/18/2024 - 20:49:53: "[GB] Agiel<27><STEAM_0:1:25025><NSF>" triggered "kill_assist"
L 02/18/2024 - 20:49:54: "[BONK] 草<35><STEAM_0:1:39165168><Jinrai>" killed "[GB] Agiel<27><STEAM_0:1:25025><NSF>" with "mx"
L 02/18/2024 - 20:49:54: "[GB] Agiel<27><STEAM_0:1:25025><NSF>" say_team "100 Assault mx"
L 02/18/2024 - 20:49:56: "[BONK] Persica<39><STEAM_0:1:19015690><Jinrai>" killed "[UK] Wahaha-<40><STEAM_0:1:17526508><NSF>" with "grenade_detapack"
L 02/18/2024 - 20:49:56: "[UK] Wahaha-<40><STEAM_0:1:17526508><NSF>" say_team "94 Recon grenade_detapack"
L 02/18/2024 - 20:49:58: "suna<36><STEAM_0:1:29157668><NSF>" killed "[BONK] 草<35><STEAM_0:1:39165168><Jinrai>" with "aa13"
L 02/18/2024 - 20:49:58: "[BONK] 草<35><STEAM_0:1:39165168><Jinrai>" say_team "100 Assault aa13"
L 02/18/2024 - 20:50:02: "[BONK] Muffin-Dono<32><STEAM_0:1:42031632><Jinrai>" killed "soft as HELL<30><STEAM_0:1:14747705><NSF>" with "mx"
L 02/18/2024 - 20:50:02: "suna<36><STEAM_0:1:29157668><NSF>" killed "[BONK] kinoko<10><STEAM_0:0:83067719><Jinrai>" with "aa13"
L 02/18/2024 - 20:50:02: "[GB] Puddy<29><STEAM_0:1:19453780><NSF>" triggered "kill_assist"
L 02/18/2024 - 20:50:02: "soft as HELL<30><STEAM_0:1:14747705><NSF>" say_team "100 Assault mx"
L 02/18/2024 - 20:50:02: "[BONK] kinoko<10><STEAM_0:0:83067719><Jinrai>" say_team "75 Assault aa13"
L 02/18/2024 - 20:50:08: "suna<36><STEAM_0:1:29157668><NSF>" killed "[BONK] Persica<39><STEAM_0:1:19015690><Jinrai>" with "aa13"
L 02/18/2024 - 20:50:12: "suna<36><STEAM_0:1:29157668><NSF>" killed "[BONK] Muffin-Dono<32><STEAM_0:1:42031632><Jinrai>" with "aa13"
L 02/18/2024 - 20:50:15: "[BONK] Persica<39><STEAM_0:1:19015690><Jinrai>" say_team "SUNA INSTANTLY SWAPPED FROM MUFFIN TO ME"
L 02/18/2024 - 20:50:16: "[BONK] Persica<39><STEAM_0:1:19015690><Jinrai>" say_team "LOL"
L 02/18/2024 - 20:50:21: "[UK] Wahaha-<40><STEAM_0:1:17526508><NSF>" say "i died for our sins"
L 02/18/2024 - 20:50:24: "[BONK] Persica<39><STEAM_0:1:19015690><Jinrai>" say_team "LIKE ACTUALLY INSANE?"
L 02/18/2024 - 20:50:25: "[UK] Wahaha-<40><STEAM_0:1:17526508><NSF>" say ":prayer:"
L 02/18/2024 - 20:51:26: "[BONK] kinoko<10><STEAM_0:0:83067719><Jinrai>" killed "[GB] Puddy<29><STEAM_0:1:19453780><NSF>" with "supa7"
L 02/18/2024 - 20:51:30: "[BONK] kinoko<10><STEAM_0:0:83067719><Jinrai>" killed "soft as HELL<30><STEAM_0:1:14747705><NSF>" with "mx"
L 02/18/2024 - 20:51:30: "soft as HELL<30><STEAM_0:1:14747705><NSF>" say_team "3 Recon mx"
L 02/18/2024 - 20:51:40: "[BONK] kinoko<10><STEAM_0:0:83067719><Jinrai>" killed "suna<36><STEAM_0:1:29157668><NSF>" with "mx"
L 02/18/2024 - 20:51:40: "[BONK] Persica<39><STEAM_0:1:19015690><Jinrai>" triggered "kill_assist"
L 02/18/2024 - 20:51:40: "suna<36><STEAM_0:1:29157668><NSF>" say_team "3 Recon mx"
L 02/18/2024 - 20:52:00: "[GB] Agiel<27><STEAM_0:1:25025><NSF>" killed "[BONK] Persica<39><STEAM_0:1:19015690><Jinrai>" with "mx"
L 02/18/2024 - 20:52:06: "[BONK] 草<35><STEAM_0:1:39165168><Jinrai>" killed "[GB] Agiel<27><STEAM_0:1:25025><NSF>" with "grenade_projectile"
L 02/18/2024 - 20:52:06: "[GB] Agiel<27><STEAM_0:1:25025><NSF>" say_team "100 Assault grenade_projectile"
L 02/18/2024 - 20:52:09: "[UK] Wahaha-<40><STEAM_0:1:17526508><NSF>" killed "[BONK] kinoko<10><STEAM_0:0:83067719><Jinrai>" with "mx"
L 02/18/2024 - 20:52:09: "soft as HELL<30><STEAM_0:1:14747705><NSF>" triggered "kill_assist"
L 02/18/2024 - 20:52:09: "[BONK] kinoko<10><STEAM_0:0:83067719><Jinrai>" say_team "74 Assault mx"
L 02/18/2024 - 20:52:24: Team "Jinrai" triggered "ghost_capture_team"
L 02/18/2024 - 20:52:24: "[BONK] 草<35><STEAM_0:1:39165168><Jinrai>" triggered "ghost_capture"
L 02/18/2024 - 20:52:27: "[UK] Wahaha-<40><STEAM_0:1:17526508><NSF>" killed "[BONK] 草<35><STEAM_0:1:39165168><Jinrai>" with "mx"
L 02/18/2024 - 20:52:27: "[BONK] 草<35><STEAM_0:1:39165168><Jinrai>" say_team "74 Assault mx"
L 02/18/2024 - 20:52:29: "jef<38><STEAM_0:1:42399966><Jinrai>" killed "[UK] Wahaha-<40><STEAM_0:1:17526508><NSF>" with "mx"
L 02/18/2024 - 20:52:29: "[UK] Wahaha-<40><STEAM_0:1:17526508><NSF>" say_team "76 Support mx"
L 02/18/2024 - 20:52:32: "suna<36><STEAM_0:1:29157668><NSF>" say "gg"
L 02/18/2024 - 20:52:41: "[BONK] kinoko<10><STEAM_0:0:83067719><Jinrai>" say "gr"
L 02/18/2024 - 20:52:47: "[GB] Agiel<27><STEAM_0:1:25025><NSF>" say "that grenade"
L 02/18/2024 - 20:52:47: "[BONK] Persica<39><STEAM_0:1:19015690><Jinrai>" say "fun1!!"
L 02/18/2024 - 20:52:51: "[GB] Agiel<27><STEAM_0:1:25025><NSF>" say "won you the map"
L 02/18/2024 - 20:53:00: "[BONK] Persica<39><STEAM_0:1:19015690><Jinrai>" say "grass needs 5-10 minutes for water"
L 02/18/2024 - 20:53:04: [META] Loaded 0 plugins (1 already loaded)
L 02/18/2024 - 20:53:04: [META] Loaded 0 plugins (1 already loaded)
L 02/18/2024 - 20:53:04: Log file closed
