L 01/25/2024 - 19:41:51: Log file started (file "logs\L0125062.log") (game "z:\home\steam\steam\steamapps\common\nt\NeotokyoSource") (version "4044")
L 01/25/2024 - 19:41:51: server_cvar: "sv_pausable" "0"
L 01/25/2024 - 19:41:51: server_cvar: "sv_contact" "baux.site"
L 01/25/2024 - 19:41:51: server_cvar: "sv_gravity" "800"
L 01/25/2024 - 19:41:51: server_cvar: "mp_friendlyfire" "1"
L 01/25/2024 - 19:41:54: "[FEET] syncer<17><STEAM_0:0:88962302><>" entered the game
L 01/25/2024 - 19:41:55: "[FEET] Kasietti<16><STEAM_0:0:181630571><>" disconnected (reason "Disconnect by user.")
L 01/25/2024 - 19:41:56: "[BONK] Ningurist<11><STEAM_0:0:156832755><>" entered the game
L 01/25/2024 - 19:41:56: "[FEET]Jinhai<14><STEAM_0:1:120740110><>" entered the game
L 01/25/2024 - 19:41:57: "[FEET] Kasietti<19><STEAM_ID_PENDING><>" connected, address "88.235.169.212:27005"
L 01/25/2024 - 19:41:57: "[FEET] Kasietti<19><STEAM_0:0:181630571><>" STEAM USERID validated
L 01/25/2024 - 19:41:57: "[BONK] Persica<9><STEAM_0:1:19015690><>" entered the game
L 01/25/2024 - 19:41:57: "[FEET] syncer<17><STEAM_0:0:88962302><Unassigned>" joined team "Jinrai"
L 01/25/2024 - 19:41:58: "[FEET] jav<10><STEAM_0:1:155763328><>" entered the game
L 01/25/2024 - 19:41:59: "[BONK] Ningurist<11><STEAM_0:0:156832755><Unassigned>" joined team "NSF"
L 01/25/2024 - 19:42:00: "[FEET]Jinhai<14><STEAM_0:1:120740110><Unassigned>" joined team "Jinrai"
L 01/25/2024 - 19:42:00: "[BONK] Muffin-Dono<12><STEAM_0:1:42031632><>" entered the game
L 01/25/2024 - 19:42:00: "[BONK] kinoko<6><STEAM_0:0:83067719><>" entered the game
L 01/25/2024 - 19:42:01: "[FEET] jav<10><STEAM_0:1:155763328><Unassigned>" joined team "Jinrai"
L 01/25/2024 - 19:42:02: "[BONK] Persica<9><STEAM_0:1:19015690><Unassigned>" joined team "NSF"
L 01/25/2024 - 19:42:03: "[BONK] Muffin-Dono<12><STEAM_0:1:42031632><Unassigned>" joined team "NSF"
L 01/25/2024 - 19:42:10: "[BONK] kinoko<6><STEAM_0:0:83067719><Unassigned>" joined team "NSF"
L 01/25/2024 - 19:42:12: "[BONK] 草<8><STEAM_0:1:39165168><>" entered the game
L 01/25/2024 - 19:42:17: "[BONK] 草<8><STEAM_0:1:39165168><Unassigned>" joined team "NSF"
L 01/25/2024 - 19:42:19: "[BONK] Ningurist<11><STEAM_0:0:156832755><NSF>" say_team "who wants support guns"
L 01/25/2024 - 19:42:36: "[BONK] kinoko<6><STEAM_0:0:83067719><NSF>" say "!ready"
L 01/25/2024 - 19:42:39: "[BONK] Persica<9><STEAM_0:1:19015690><NSF>" say "!ready"
L 01/25/2024 - 19:42:40: "[FEET] Kasietti<19><STEAM_0:0:181630571><>" disconnected (reason "Disconnect by user.")
L 01/25/2024 - 19:42:44: "[FEET] syncer<17><STEAM_0:0:88962302><Jinrai>" say "!ready"
L 01/25/2024 - 19:42:44: "[FEET] jav<10><STEAM_0:1:155763328><Jinrai>" say "!ready"
L 01/25/2024 - 19:42:50: "[BONK] Ningurist<11><STEAM_0:0:156832755><NSF>" say_team "it doesnt matter, grass died twice, its over for both maps"
L 01/25/2024 - 19:42:50: "[BONK] 草<8><STEAM_0:1:39165168><NSF>" say "!ready"
L 01/25/2024 - 19:43:04: "[FEET] Serbian Guy<20><STEAM_ID_PENDING><>" connected, address "31.5.202.161:27005"
L 01/25/2024 - 19:43:04: "[FEET] Serbian Guy<20><STEAM_0:1:91548287><>" STEAM USERID validated
L 01/25/2024 - 19:43:36: "[FEET] Kasietti<21><STEAM_ID_PENDING><>" connected, address "88.235.169.212:27005"
L 01/25/2024 - 19:43:36: "[FEET] Kasietti<21><STEAM_0:0:181630571><>" STEAM USERID validated
L 01/25/2024 - 19:43:43: "[FEET] Kasietti<21><STEAM_0:0:181630571><>" entered the game
L 01/25/2024 - 19:43:46: "[FEET] Serbian Guy<20><STEAM_0:1:91548287><>" entered the game
L 01/25/2024 - 19:43:50: "[BONK] kinoko<6><STEAM_0:0:83067719><NSF>" say "!readylist"
L 01/25/2024 - 19:43:50: "[BONK] Ningurist<11><STEAM_0:0:156832755><NSF>" say_team "optical rice cookers??"
L 01/25/2024 - 19:43:50: "[FEET] Kasietti<21><STEAM_0:0:181630571><Unassigned>" joined team "Jinrai"
L 01/25/2024 - 19:43:52: "[FEET] Serbian Guy<20><STEAM_0:1:91548287><Unassigned>" joined team "Jinrai"
L 01/25/2024 - 19:43:54: "[FEET] Kasietti<21><STEAM_0:0:181630571><Jinrai>" say "!ready"
L 01/25/2024 - 19:43:54: "[BONK] kinoko<6><STEAM_0:0:83067719><NSF>" say "!unready"
L 01/25/2024 - 19:43:58: "[FEET]Jinhai<14><STEAM_0:1:120740110><Jinrai>" say "!ready"
L 01/25/2024 - 19:43:58: "[BONK] Ningurist<11><STEAM_0:0:156832755><NSF>" say "!ready"
L 01/25/2024 - 19:43:58: "[FEET] syncer<17><STEAM_0:0:88962302><Jinrai>" say "!ready"
L 01/25/2024 - 19:44:00: "[BONK] Muffin-Dono<12><STEAM_0:1:42031632><NSF>" say "!ready"
L 01/25/2024 - 19:44:07: "[FEET] Serbian Guy<20><STEAM_0:1:91548287><Jinrai>" say "!ready"
L 01/25/2024 - 19:44:09: "[BONK] Ningurist<11><STEAM_0:0:156832755><NSF>" say_team "freudian slip"
L 01/25/2024 - 19:44:22: "[BONK] kinoko<6><STEAM_0:0:83067719><NSF>" say "!ready"
L 01/25/2024 - 19:44:38: "[BONK] 草<8><STEAM_0:1:39165168><NSF>" say "!re"
L 01/25/2024 - 19:44:39: "[BONK] 草<8><STEAM_0:1:39165168><>" entered the game
L 01/25/2024 - 19:44:42: "[BONK] 草<8><STEAM_0:1:39165168><Unassigned>" joined team "NSF"
L 01/25/2024 - 19:44:43: "[BONK] Muffin-Dono<12><STEAM_0:1:42031632><NSF>" say "glhf"
L 01/25/2024 - 19:45:03: "[FEET] Serbian Guy<20><STEAM_0:1:91548287><Jinrai>" say "framerate is like 20 wtf"
L 01/25/2024 - 19:45:06: "[BONK] Persica<9><STEAM_0:1:19015690><NSF>" killed "[FEET] Serbian Guy<20><STEAM_0:1:91548287><Jinrai>" with "srm"
L 01/25/2024 - 19:45:16: "[FEET] Kasietti<21><STEAM_0:0:181630571><Jinrai>" killed "[BONK] kinoko<6><STEAM_0:0:83067719><NSF>" with "zr68s"
L 01/25/2024 - 19:45:16: "[BONK] Muffin-Dono<12><STEAM_0:1:42031632><NSF>" killed "[FEET] syncer<17><STEAM_0:0:88962302><Jinrai>" with "zr68s"
L 01/25/2024 - 19:45:16: "[BONK] kinoko<6><STEAM_0:0:83067719><NSF>" say_team "100 Assault zr68s"
L 01/25/2024 - 19:45:27: "[BONK] 草<8><STEAM_0:1:39165168><NSF>" killed "[FEET] jav<10><STEAM_0:1:155763328><Jinrai>" with "mpn"
L 01/25/2024 - 19:45:27: "[BONK] Persica<9><STEAM_0:1:19015690><NSF>" triggered "kill_assist"
L 01/25/2024 - 19:45:27: "[FEET]Jinhai<14><STEAM_0:1:120740110><Jinrai>" killed "[BONK] Persica<9><STEAM_0:1:19015690><NSF>" with "zr68c"
L 01/25/2024 - 19:45:27: "[FEET] jav<10><STEAM_0:1:155763328><Jinrai>" triggered "kill_assist"
L 01/25/2024 - 19:45:32: "[FEET]Jinhai<14><STEAM_0:1:120740110><Jinrai>" killed "[BONK] 草<8><STEAM_0:1:39165168><NSF>" with "zr68c"
L 01/25/2024 - 19:45:32: "[BONK] 草<8><STEAM_0:1:39165168><NSF>" say_team "69 Support zr68c"
L 01/25/2024 - 19:45:39: "[BONK] kinoko<6><STEAM_0:0:83067719><NSF>" say "BONKBROS"
L 01/25/2024 - 19:45:39: "[FEET] Kasietti<21><STEAM_0:0:181630571><Jinrai>" killed "[BONK] Ningurist<11><STEAM_0:0:156832755><NSF>" with "zr68s"
L 01/25/2024 - 19:45:39: "[BONK] Ningurist<11><STEAM_0:0:156832755><NSF>" say_team "56 Assault zr68s"
L 01/25/2024 - 19:45:41: "[BONK] Ningurist<11><STEAM_0:0:156832755><NSF>" say_team "two basement"
L 01/25/2024 - 19:45:43: "[BONK] Ningurist<11><STEAM_0:0:156832755><NSF>" say_team "one on stairs"
L 01/25/2024 - 19:46:03: "[BONK] kinoko<6><STEAM_0:0:83067719><NSF>" say_team "im soooooooooooooooooooooo hungry"
L 01/25/2024 - 19:46:10: "[FEET] Serbian Guy<20><STEAM_0:1:91548287><Jinrai>" say "bro "
L 01/25/2024 - 19:46:17: "[FEET] Serbian Guy<20><STEAM_0:1:91548287><Jinrai>" say "my framerate is 30 wtf"
L 01/25/2024 - 19:46:21: "[BONK] kinoko<6><STEAM_0:0:83067719><NSF>" say "restart?"
L 01/25/2024 - 19:46:23: "[BONK] Muffin-Dono<12><STEAM_0:1:42031632><NSF>" killed "[FEET]Jinhai<14><STEAM_0:1:120740110><Jinrai>" with "zr68s"
L 01/25/2024 - 19:46:24: "[FEET] Kasietti<21><STEAM_0:0:181630571><Jinrai>" killed "[BONK] Muffin-Dono<12><STEAM_0:1:42031632><NSF>" with "zr68s"
L 01/25/2024 - 19:46:29: "[BONK] Ningurist<11><STEAM_0:0:156832755><NSF>" say "we can pause i think?"
L 01/25/2024 - 19:46:31: "[FEET] Serbian Guy<20><STEAM_0:1:91548287><Jinrai>" say "no just pause"
L 01/25/2024 - 19:46:34: "[FEET] Serbian Guy<20><STEAM_0:1:91548287><Jinrai>" say "!pause"
L 01/25/2024 - 19:46:35: "[FEET] syncer<17><STEAM_0:0:88962302><Jinrai>" say "!pause"
L 01/25/2024 - 19:46:36: "[BONK] kinoko<6><STEAM_0:0:83067719><NSF>" say "!votekick"
L 01/25/2024 - 19:46:44: "[BONK] kinoko<6><STEAM_0:0:83067719><NSF>" say "MY TEAM IS THROWING"
L 01/25/2024 - 19:46:47: "[FEET] Serbian Guy<20><STEAM_0:1:91548287><Jinrai>" disconnected (reason "Disconnect by user.")
L 01/25/2024 - 19:46:48: "[BONK] Muffin-Dono<12><STEAM_0:1:42031632><NSF>" say "GOOD"
L 01/25/2024 - 19:46:54: "[FEET] Serbian Guy<22><STEAM_ID_PENDING><>" connected, address "31.5.202.161:27005"
L 01/25/2024 - 19:46:54: "[FEET] Serbian Guy<22><STEAM_0:1:91548287><>" STEAM USERID validated
L 01/25/2024 - 19:46:55: "[FEET] Serbian Guy<22><STEAM_0:1:91548287><>" entered the game
L 01/25/2024 - 19:46:56: "[BONK] Muffin-Dono<12><STEAM_0:1:42031632><NSF>" say "I LOVE DISAPPOINTING MY FRIENDS"
L 01/25/2024 - 19:46:58: "[FEET] Serbian Guy<22><STEAM_0:1:91548287><Unassigned>" joined team "Jinrai"
L 01/25/2024 - 19:47:04: "[BONK] kinoko<6><STEAM_0:0:83067719><NSF>" say "me when supa corner hitreg tag"
L 01/25/2024 - 19:47:07: "[FEET] Serbian Guy<22><STEAM_0:1:91548287><Jinrai>" say "30 fps "
L 01/25/2024 - 19:47:08: "[FEET] Serbian Guy<22><STEAM_0:1:91548287><Jinrai>" say "wtf"
L 01/25/2024 - 19:47:15: "[FEET]Jinhai<14><STEAM_0:1:120740110><Jinrai>" say "glorious SRBJA technologie"
L 01/25/2024 - 19:47:17: "[FEET] jav<10><STEAM_0:1:155763328><Jinrai>" say "strongest romanian pc"
L 01/25/2024 - 19:47:19: "[FEET] Serbian Guy<22><STEAM_0:1:91548287><Jinrai>" disconnected (reason "Disconnect by user.")
L 01/25/2024 - 19:47:28: "[FEET] Kasietti<21><STEAM_0:0:181630571><Jinrai>" say "serbian potato cpu"
L 01/25/2024 - 19:47:37: "[FEET] syncer<17><STEAM_0:0:88962302><Jinrai>" say "!pause"
L 01/25/2024 - 19:47:38: "[BONK] Ningurist<11><STEAM_0:0:156832755><NSF>" say_team "i should use kyla"
L 01/25/2024 - 19:47:53: "[FEET] syncer<17><STEAM_0:0:88962302><Jinrai>" say "!pause"
L 01/25/2024 - 19:47:57: "[BONK] Ningurist<11><STEAM_0:0:156832755><NSF>" say_team "ok"
L 01/25/2024 - 19:47:59: "[FEET]Jinhai<14><STEAM_0:1:120740110><Jinrai>" say "!pause"
L 01/25/2024 - 19:48:00: "[BONK] Ningurist<11><STEAM_0:0:156832755><NSF>" say_team "mosok incomin"
L 01/25/2024 - 19:48:02: "[FEET]Jinhai<14><STEAM_0:1:120740110><Jinrai>" say "!pause"
L 01/25/2024 - 19:48:14: "[BONK] kinoko<6><STEAM_0:0:83067719><NSF>" say "!pause"
L 01/25/2024 - 19:48:14: "[FEET] Serbian Guy<23><STEAM_ID_PENDING><>" connected, address "31.5.202.161:27005"
L 01/25/2024 - 19:48:14: "[FEET] Serbian Guy<23><STEAM_0:1:91548287><>" STEAM USERID validated
L 01/25/2024 - 19:48:17: "[BONK] Ningurist<11><STEAM_0:0:156832755><NSF>" say_team "close ghost"
L 01/25/2024 - 19:48:18: "[FEET] Serbian Guy<23><STEAM_0:1:91548287><>" entered the game
L 01/25/2024 - 19:48:21: "[FEET] Serbian Guy<23><STEAM_0:1:91548287><Unassigned>" joined team "Jinrai"
L 01/25/2024 - 19:48:37: "[FEET] Serbian Guy<23><STEAM_0:1:91548287><Jinrai>" say "its so bad"
L 01/25/2024 - 19:48:38: "[FEET] syncer<17><STEAM_0:0:88962302><Jinrai>" killed "[BONK] 草<8><STEAM_0:1:39165168><NSF>" with "srm"
L 01/25/2024 - 19:48:38: "[BONK] 草<8><STEAM_0:1:39165168><NSF>" say_team "30 Recon srm"
L 01/25/2024 - 19:48:38: "[FEET] Kasietti<21><STEAM_0:0:181630571><Jinrai>" killed "[BONK] kinoko<6><STEAM_0:0:83067719><NSF>" with "mx"
L 01/25/2024 - 19:48:38: "[BONK] Muffin-Dono<12><STEAM_0:1:42031632><NSF>" killed "[FEET] jav<10><STEAM_0:1:155763328><Jinrai>" with "grenade_projectile"
L 01/25/2024 - 19:48:38: "[BONK] kinoko<6><STEAM_0:0:83067719><NSF>" say_team "41 Support mx"
L 01/25/2024 - 19:48:50: "[BONK] Persica<9><STEAM_0:1:19015690><NSF>" killed "[FEET] syncer<17><STEAM_0:0:88962302><Jinrai>" with "tachi"
L 01/25/2024 - 19:48:50: "[BONK] 草<8><STEAM_0:1:39165168><NSF>" triggered "kill_assist"
L 01/25/2024 - 19:49:14: "[BONK] Persica<9><STEAM_0:1:19015690><NSF>" killed "[FEET]Jinhai<14><STEAM_0:1:120740110><Jinrai>" with "grenade_projectile"
L 01/25/2024 - 19:49:14: "[BONK] kinoko<6><STEAM_0:0:83067719><NSF>" triggered "kill_assist"
L 01/25/2024 - 19:49:17: "[BONK] Persica<9><STEAM_0:1:19015690><NSF>" killed "[FEET] Kasietti<21><STEAM_0:0:181630571><Jinrai>" with "zr68s"
L 01/25/2024 - 19:49:17: "[BONK] kinoko<6><STEAM_0:0:83067719><NSF>" triggered "kill_assist"
L 01/25/2024 - 19:49:19: "[FEET] Serbian Guy<23><STEAM_0:1:91548287><Jinrai>" killed "[BONK] Persica<9><STEAM_0:1:19015690><NSF>" with "zr68c"
L 01/25/2024 - 19:49:23: "[BONK] Ningurist<11><STEAM_0:0:156832755><NSF>" say_team "where?"
L 01/25/2024 - 19:49:32: "[BONK] kinoko<6><STEAM_0:0:83067719><NSF>" say "PPSO"
L 01/25/2024 - 19:49:34: "[BONK] kinoko<6><STEAM_0:0:83067719><NSF>" say_team "POOSOK"
L 01/25/2024 - 19:49:34: "[BONK] Muffin-Dono<12><STEAM_0:1:42031632><NSF>" killed "[FEET] Serbian Guy<23><STEAM_0:1:91548287><Jinrai>" with "tachi"
L 01/25/2024 - 19:49:34: "[BONK] Persica<9><STEAM_0:1:19015690><NSF>" triggered "kill_assist"
L 01/25/2024 - 19:49:40: "[BONK] 草<8><STEAM_0:1:39165168><NSF>" say_team "Damage dealt to [FEET] syncer [Recon]: 65 in 8 hits"
L 01/25/2024 - 19:49:40: "[FEET] Serbian Guy<23><STEAM_0:1:91548287><Jinrai>" say "lag"
L 01/25/2024 - 19:49:44: "[FEET] Serbian Guy<23><STEAM_0:1:91548287><Jinrai>" say "ufucck"
L 01/25/2024 - 19:49:56: "[BONK] kinoko<6><STEAM_0:0:83067719><NSF>" say "!unpause"
L 01/25/2024 - 19:50:01: "[FEET] Kasietti<21><STEAM_0:0:181630571><Jinrai>" say "!unpause"
L 01/25/2024 - 19:50:06: "[FEET] Serbian Guy<23><STEAM_0:1:91548287><Jinrai>" say "fuck me "
L 01/25/2024 - 19:50:08: "[BONK] kinoko<6><STEAM_0:0:83067719><NSF>" say "!unpause"
L 01/25/2024 - 19:50:10: "[FEET] Serbian Guy<23><STEAM_0:1:91548287><Jinrai>" say "ima play like this"
L 01/25/2024 - 19:50:11: "[FEET] Serbian Guy<23><STEAM_0:1:91548287><Jinrai>" say "whatever"
L 01/25/2024 - 19:50:14: "[FEET] jav<10><STEAM_0:1:155763328><Jinrai>" killed "[FEET]Jinhai<14><STEAM_0:1:120740110><Jinrai>" with "kyla"
L 01/25/2024 - 19:50:24: "[BONK] Muffin-Dono<12><STEAM_0:1:42031632><NSF>" say "what's up?"
L 01/25/2024 - 19:50:44: "[BONK] Ningurist<11><STEAM_0:0:156832755><NSF>" say_team "close ghost"
L 01/25/2024 - 19:50:58: "[BONK] Ningurist<11><STEAM_0:0:156832755><NSF>" say_team "tree assault"
L 01/25/2024 - 19:50:59: "[BONK] 草<8><STEAM_0:1:39165168><NSF>" killed "[FEET]Jinhai<14><STEAM_0:1:120740110><Jinrai>" with "mpn"
L 01/25/2024 - 19:51:03: "[FEET] syncer<17><STEAM_0:0:88962302><Jinrai>" killed "[BONK] Persica<9><STEAM_0:1:19015690><NSF>" with "srm"
L 01/25/2024 - 19:51:07: "[FEET] Kasietti<21><STEAM_0:0:181630571><Jinrai>" killed "[BONK] Ningurist<11><STEAM_0:0:156832755><NSF>" with "mx"
L 01/25/2024 - 19:51:07: "[BONK] Ningurist<11><STEAM_0:0:156832755><NSF>" say_team "89 Support mx"
L 01/25/2024 - 19:51:11: "[BONK] Ningurist<11><STEAM_0:0:156832755><NSF>" say_team "support blue"
L 01/25/2024 - 19:51:12: "[BONK] Muffin-Dono<12><STEAM_0:1:42031632><NSF>" killed "[FEET] jav<10><STEAM_0:1:155763328><Jinrai>" with "grenade_projectile"
L 01/25/2024 - 19:51:13: "[BONK] Ningurist<11><STEAM_0:0:156832755><NSF>" say_team "near tree"
L 01/25/2024 - 19:51:18: "[FEET] syncer<17><STEAM_0:0:88962302><Jinrai>" killed "[BONK] 草<8><STEAM_0:1:39165168><NSF>" with "srm"
L 01/25/2024 - 19:51:18: "[FEET] jav<10><STEAM_0:1:155763328><Jinrai>" triggered "kill_assist"
L 01/25/2024 - 19:51:18: "[BONK] 草<8><STEAM_0:1:39165168><NSF>" say_team "60 Recon srm"
L 01/25/2024 - 19:51:37: "[BONK] kinoko<6><STEAM_0:0:83067719><NSF>" killed "[FEET] syncer<17><STEAM_0:0:88962302><Jinrai>" with "m41"
L 01/25/2024 - 19:51:42: "[BONK] kinoko<6><STEAM_0:0:83067719><NSF>" say "marter.."
L 01/25/2024 - 19:51:42: "[FEET] Kasietti<21><STEAM_0:0:181630571><Jinrai>" killed "[BONK] kinoko<6><STEAM_0:0:83067719><NSF>" with "mx"
L 01/25/2024 - 19:51:42: "[FEET] syncer<17><STEAM_0:0:88962302><Jinrai>" triggered "kill_assist"
L 01/25/2024 - 19:51:45: "[BONK] 草<8><STEAM_0:1:39165168><NSF>" say "martyrzon"
L 01/25/2024 - 19:51:45: "[BONK] Muffin-Dono<12><STEAM_0:1:42031632><NSF>" killed "[FEET] Serbian Guy<23><STEAM_0:1:91548287><Jinrai>" with "tachi"
L 01/25/2024 - 19:51:48: "[FEET] syncer<17><STEAM_0:0:88962302><Jinrai>" say "what"
L 01/25/2024 - 19:51:52: "[BONK] kinoko<6><STEAM_0:0:83067719><NSF>" say ":weary:"
L 01/25/2024 - 19:51:57: "[BONK] 草<8><STEAM_0:1:39165168><NSF>" say "my lamb and marter"
L 01/25/2024 - 19:52:01: "[BONK] 草<8><STEAM_0:1:39165168><NSF>" say "you look so precious now"
L 01/25/2024 - 19:52:04: "[BONK] kinoko<6><STEAM_0:0:83067719><NSF>" say "how does bonk always throw on their own map pick"
L 01/25/2024 - 19:52:04: "[FEET] syncer<17><STEAM_0:0:88962302><Jinrai>" say "lol"
L 01/25/2024 - 19:52:19: "[BONK] Persica<9><STEAM_0:1:19015690><NSF>" say_team "kinoko"
L 01/25/2024 - 19:52:25: "[BONK] Persica<9><STEAM_0:1:19015690><NSF>" say_team "i dont appreciate"
L 01/25/2024 - 19:52:26: "[BONK] kinoko<6><STEAM_0:0:83067719><NSF>" say_team "persica?"
L 01/25/2024 - 19:52:39: "[BONK] kinoko<6><STEAM_0:0:83067719><NSF>" say_team "guh"
L 01/25/2024 - 19:52:46: "[BONK] kinoko<6><STEAM_0:0:83067719><NSF>" say_team "whar"
L 01/25/2024 - 19:52:48: "[BONK] Persica<9><STEAM_0:1:19015690><NSF>" say_team "the game's silly but let's not be bitter towards eachother"
L 01/25/2024 - 19:53:29: "[BONK] kinoko<6><STEAM_0:0:83067719><NSF>" killed "[FEET] syncer<17><STEAM_0:0:88962302><Jinrai>" with "m41"
L 01/25/2024 - 19:53:35: "[BONK] Persica<9><STEAM_0:1:19015690><NSF>" killed "[FEET] Kasietti<21><STEAM_0:0:181630571><Jinrai>" with "zr68s"
L 01/25/2024 - 19:53:41: "[BONK] Muffin-Dono<12><STEAM_0:1:42031632><NSF>" killed "[FEET]Jinhai<14><STEAM_0:1:120740110><Jinrai>" with "jitte"
L 01/25/2024 - 19:53:41: "[BONK] Ningurist<11><STEAM_0:0:156832755><NSF>" triggered "kill_assist"
L 01/25/2024 - 19:53:48: "[BONK] Muffin-Dono<12><STEAM_0:1:42031632><NSF>" killed "[FEET] Serbian Guy<23><STEAM_0:1:91548287><Jinrai>" with "tachi"
L 01/25/2024 - 19:53:53: "[FEET] jav<10><STEAM_0:1:155763328><Jinrai>" killed "[BONK] Persica<9><STEAM_0:1:19015690><NSF>" with "zr68c"
L 01/25/2024 - 19:53:53: "[FEET] Kasietti<21><STEAM_0:0:181630571><Jinrai>" triggered "kill_assist"
L 01/25/2024 - 19:53:54: "[BONK] kinoko<6><STEAM_0:0:83067719><NSF>" killed "[FEET] jav<10><STEAM_0:1:155763328><Jinrai>" with "m41"
L 01/25/2024 - 19:53:54: "[BONK] Persica<9><STEAM_0:1:19015690><NSF>" triggered "kill_assist"
L 01/25/2024 - 19:54:33: "[BONK] Persica<9><STEAM_0:1:19015690><NSF>" killed "[FEET] syncer<17><STEAM_0:0:88962302><Jinrai>" with "mx"
L 01/25/2024 - 19:54:40: "[BONK] kinoko<6><STEAM_0:0:83067719><NSF>" killed "[FEET] Serbian Guy<23><STEAM_0:1:91548287><Jinrai>" with "m41"
L 01/25/2024 - 19:54:41: "[BONK] 草<8><STEAM_0:1:39165168><NSF>" killed "[FEET] jav<10><STEAM_0:1:155763328><Jinrai>" with "mpn"
L 01/25/2024 - 19:54:46: "[FEET] Kasietti<21><STEAM_0:0:181630571><Jinrai>" killed "[BONK] 草<8><STEAM_0:1:39165168><NSF>" with "mx"
L 01/25/2024 - 19:54:46: "[FEET] jav<10><STEAM_0:1:155763328><Jinrai>" triggered "kill_assist"
L 01/25/2024 - 19:54:46: "[BONK] 草<8><STEAM_0:1:39165168><NSF>" say_team "3 Support mx"
L 01/25/2024 - 19:54:53: "[BONK] Persica<9><STEAM_0:1:19015690><NSF>" killed "[FEET]Jinhai<14><STEAM_0:1:120740110><Jinrai>" with "mx"
L 01/25/2024 - 19:54:55: "[BONK] kinoko<6><STEAM_0:0:83067719><NSF>" killed "[FEET] Kasietti<21><STEAM_0:0:181630571><Jinrai>" with "m41"
L 01/25/2024 - 19:54:55: "[BONK] 草<8><STEAM_0:1:39165168><NSF>" triggered "kill_assist"
L 01/25/2024 - 19:55:03: "[BONK] Ningurist<11><STEAM_0:0:156832755><NSF>" say "why the hell does that crate"
L 01/25/2024 - 19:55:07: "[BONK] Ningurist<11><STEAM_0:0:156832755><NSF>" say "cast shadow on the thing above"
L 01/25/2024 - 19:55:09: "[FEET] Serbian Guy<23><STEAM_0:1:91548287><Jinrai>" say "i cant wait to uninstall and reinstall this shit is killing me slowlt"
L 01/25/2024 - 19:55:13: "[BONK] kinoko<6><STEAM_0:0:83067719><NSF>" say "mapping"
L 01/25/2024 - 19:55:23: "[FEET]Jinhai<14><STEAM_0:1:120740110><Jinrai>" say "bad map des'gn"
L 01/25/2024 - 19:55:42: "[FEET] syncer<17><STEAM_0:0:88962302><Jinrai>" killed "[BONK] Persica<9><STEAM_0:1:19015690><NSF>" with "mx"
L 01/25/2024 - 19:55:45: "[BONK] 草<8><STEAM_0:1:39165168><NSF>" killed "[FEET] Kasietti<21><STEAM_0:0:181630571><Jinrai>" with "mpn"
L 01/25/2024 - 19:55:45: "[BONK] Muffin-Dono<12><STEAM_0:1:42031632><NSF>" killed "[FEET] syncer<17><STEAM_0:0:88962302><Jinrai>" with "tachi"
L 01/25/2024 - 19:55:45: "[BONK] Persica<9><STEAM_0:1:19015690><NSF>" triggered "kill_assist"
L 01/25/2024 - 19:55:53: "[BONK] Ningurist<11><STEAM_0:0:156832755><NSF>" killed "[FEET] Serbian Guy<23><STEAM_0:1:91548287><Jinrai>" with "mx"
L 01/25/2024 - 19:56:12: "[FEET] jav<10><STEAM_0:1:155763328><Jinrai>" killed "[BONK] 草<8><STEAM_0:1:39165168><NSF>" with "mx"
L 01/25/2024 - 19:56:12: "[FEET] Kasietti<21><STEAM_0:0:181630571><Jinrai>" triggered "kill_assist"
L 01/25/2024 - 19:56:12: "[BONK] 草<8><STEAM_0:1:39165168><NSF>" say_team "54 Support mx"
L 01/25/2024 - 19:56:18: "[BONK] kinoko<6><STEAM_0:0:83067719><NSF>" killed "[FEET] jav<10><STEAM_0:1:155763328><Jinrai>" with "m41"
L 01/25/2024 - 19:56:19: Team "NSF" triggered "ghost_capture_team"
L 01/25/2024 - 19:56:19: "[BONK] Muffin-Dono<12><STEAM_0:1:42031632><NSF>" triggered "ghost_capture"
L 01/25/2024 - 19:56:20: "[FEET]Jinhai<14><STEAM_0:1:120740110><Jinrai>" killed "[BONK] Muffin-Dono<12><STEAM_0:1:42031632><NSF>" with "zr68c"
L 01/25/2024 - 19:56:23: "[FEET]Jinhai<14><STEAM_0:1:120740110><Jinrai>" killed "[BONK] Ningurist<11><STEAM_0:0:156832755><NSF>" with "tachi"
L 01/25/2024 - 19:56:23: "[BONK] Ningurist<11><STEAM_0:0:156832755><NSF>" say_team "73 Assault tachi"
L 01/25/2024 - 19:56:27: "[BONK] kinoko<6><STEAM_0:0:83067719><NSF>" killed "[FEET]Jinhai<14><STEAM_0:1:120740110><Jinrai>" with "m41"
L 01/25/2024 - 19:57:12: "[FEET] syncer<17><STEAM_0:0:88962302><Jinrai>" killed "[BONK] Persica<9><STEAM_0:1:19015690><NSF>" with "mx"
L 01/25/2024 - 19:57:23: "[BONK] kinoko<6><STEAM_0:0:83067719><NSF>" killed "[FEET]Jinhai<14><STEAM_0:1:120740110><Jinrai>" with "m41"
L 01/25/2024 - 19:57:24: "[FEET]Jinhai<14><STEAM_0:1:120740110><Jinrai>" killed "[BONK] Ningurist<11><STEAM_0:0:156832755><NSF>" with "grenade_projectile"
L 01/25/2024 - 19:57:24: "[BONK] Ningurist<11><STEAM_0:0:156832755><NSF>" say_team "1 Assault grenade_projectile"
L 01/25/2024 - 19:57:29: "[BONK] 草<8><STEAM_0:1:39165168><NSF>" killed "[FEET] Kasietti<21><STEAM_0:0:181630571><Jinrai>" with "mpn"
L 01/25/2024 - 19:57:36: "[FEET] jav<10><STEAM_0:1:155763328><Jinrai>" killed "[BONK] 草<8><STEAM_0:1:39165168><NSF>" with "mx"
L 01/25/2024 - 19:57:36: "[BONK] 草<8><STEAM_0:1:39165168><NSF>" say_team "16 Support mx"
L 01/25/2024 - 19:57:41: "[BONK] kinoko<6><STEAM_0:0:83067719><NSF>" killed "[FEET] jav<10><STEAM_0:1:155763328><Jinrai>" with "m41"
L 01/25/2024 - 19:57:41: "[BONK] 草<8><STEAM_0:1:39165168><NSF>" triggered "kill_assist"
L 01/25/2024 - 19:57:57: "[BONK] kinoko<6><STEAM_0:0:83067719><NSF>" killed "[FEET] syncer<17><STEAM_0:0:88962302><Jinrai>" with "m41"
L 01/25/2024 - 19:58:14: "[BONK] kinoko<6><STEAM_0:0:83067719><NSF>" killed "[FEET] Serbian Guy<23><STEAM_0:1:91548287><Jinrai>" with "m41"
L 01/25/2024 - 19:59:18: "[FEET] Kasietti<21><STEAM_0:0:181630571><Jinrai>" killed "[BONK] Muffin-Dono<12><STEAM_0:1:42031632><NSF>" with "mx"
L 01/25/2024 - 19:59:27: "[FEET] jav<10><STEAM_0:1:155763328><Jinrai>" killed "[BONK] Persica<9><STEAM_0:1:19015690><NSF>" with "mx"
L 01/25/2024 - 19:59:35: "[BONK] Muffin-Dono<12><STEAM_0:1:42031632><NSF>" say "bonk throwing???"
L 01/25/2024 - 19:59:36: "[BONK] kinoko<6><STEAM_0:0:83067719><NSF>" killed "[FEET]Jinhai<14><STEAM_0:1:120740110><Jinrai>" with "m41"
L 01/25/2024 - 19:59:36: "[BONK] Persica<9><STEAM_0:1:19015690><NSF>" triggered "kill_assist"
L 01/25/2024 - 19:59:42: "[FEET] Kasietti<21><STEAM_0:0:181630571><Jinrai>" killed "[BONK] Ningurist<11><STEAM_0:0:156832755><NSF>" with "mx"
L 01/25/2024 - 19:59:42: "[BONK] Ningurist<11><STEAM_0:0:156832755><NSF>" say_team "84 Assault mx"
L 01/25/2024 - 19:59:48: "[BONK] Ningurist<11><STEAM_0:0:156832755><NSF>" say_team "the kyla plan isnt going so well"
L 01/25/2024 - 20:00:06: "[BONK] kinoko<6><STEAM_0:0:83067719><NSF>" killed "[FEET] Kasietti<21><STEAM_0:0:181630571><Jinrai>" with "m41"
L 01/25/2024 - 20:00:13: "[BONK] 草<8><STEAM_0:1:39165168><NSF>" killed "[FEET] Serbian Guy<23><STEAM_0:1:91548287><Jinrai>" with "mpn"
L 01/25/2024 - 20:00:13: "[BONK] kinoko<6><STEAM_0:0:83067719><NSF>" triggered "kill_assist"
L 01/25/2024 - 20:00:21: "[FEET] jav<10><STEAM_0:1:155763328><Jinrai>" killed "[BONK] 草<8><STEAM_0:1:39165168><NSF>" with "mx"
L 01/25/2024 - 20:00:21: "[BONK] 草<8><STEAM_0:1:39165168><NSF>" say_team "67 Support mx"
L 01/25/2024 - 20:00:24: "[FEET] syncer<17><STEAM_0:0:88962302><Jinrai>" killed "[BONK] kinoko<6><STEAM_0:0:83067719><NSF>" with "mx"
L 01/25/2024 - 20:00:24: "[BONK] kinoko<6><STEAM_0:0:83067719><NSF>" say_team "82 Support mx"
L 01/25/2024 - 20:00:49: "[BONK] Ningurist<11><STEAM_0:0:156832755><NSF>" say_team "kino, its your turn on the guillotine"
L 01/25/2024 - 20:00:51: "[BONK] Ningurist<11><STEAM_0:0:156832755><NSF>" say_team "you died last"
L 01/25/2024 - 20:00:59: "[DYS] bauxite<24><STEAM_ID_PENDING><>" connected, address "86.13.114.58:27005"
L 01/25/2024 - 20:00:59: "[DYS] bauxite<24><STEAM_0:0:5757747><>" STEAM USERID validated
L 01/25/2024 - 20:01:02: "[DYS] bauxite<24><STEAM_0:0:5757747><>" entered the game
L 01/25/2024 - 20:01:03: "[DYS] bauxite<24><STEAM_0:0:5757747><Unassigned>" joined team "Spectator"
L 01/25/2024 - 20:01:30: "[BONK] Ningurist<11><STEAM_0:0:156832755><NSF>" say_team "they got feets"
L 01/25/2024 - 20:01:35: "[BONK] Persica<9><STEAM_0:1:19015690><NSF>" killed "[FEET] jav<10><STEAM_0:1:155763328><Jinrai>" with "grenade_projectile"
L 01/25/2024 - 20:01:39: "[BONK] Persica<9><STEAM_0:1:19015690><NSF>" killed "[FEET] Serbian Guy<23><STEAM_0:1:91548287><Jinrai>" with "mx"
L 01/25/2024 - 20:01:39: "[BONK] kinoko<6><STEAM_0:0:83067719><NSF>" triggered "kill_assist"
L 01/25/2024 - 20:01:40: "[BONK] 草<8><STEAM_0:1:39165168><NSF>" killed "[FEET]Jinhai<14><STEAM_0:1:120740110><Jinrai>" with "mpn"
L 01/25/2024 - 20:01:44: "[BONK] kinoko<6><STEAM_0:0:83067719><NSF>" killed "[FEET] syncer<17><STEAM_0:0:88962302><Jinrai>" with "m41"
L 01/25/2024 - 20:01:44: "[BONK] Persica<9><STEAM_0:1:19015690><NSF>" triggered "kill_assist"
L 01/25/2024 - 20:01:46: "[FEET] Kasietti<21><STEAM_0:0:181630571><Jinrai>" killed "[BONK] Muffin-Dono<12><STEAM_0:1:42031632><NSF>" with "mx"
L 01/25/2024 - 20:01:50: "[BONK] 草<8><STEAM_0:1:39165168><NSF>" killed "[FEET] Kasietti<21><STEAM_0:0:181630571><Jinrai>" with "mpn"
L 01/25/2024 - 20:02:17: "[BONK] Muffin-Dono<12><STEAM_0:1:42031632><NSF>" say "hello big baux"
L 01/25/2024 - 20:02:24: "[DYS] bauxite<24><STEAM_0:0:5757747><Spectator>" say "is this map 2"
L 01/25/2024 - 20:02:27: "[BONK] kinoko<6><STEAM_0:0:83067719><NSF>" say "yea"
L 01/25/2024 - 20:02:36: "[BONK] kinoko<6><STEAM_0:0:83067719><NSF>" killed "[FEET] Kasietti<21><STEAM_0:0:181630571><Jinrai>" with "m41"
L 01/25/2024 - 20:02:39: "[BONK] Persica<9><STEAM_0:1:19015690><NSF>" killed "[FEET] syncer<17><STEAM_0:0:88962302><Jinrai>" with "aa13"
L 01/25/2024 - 20:02:39: "[BONK] 草<8><STEAM_0:1:39165168><NSF>" triggered "kill_assist"
L 01/25/2024 - 20:02:46: "[BONK] 草<8><STEAM_0:1:39165168><NSF>" killed "[FEET]Jinhai<14><STEAM_0:1:120740110><Jinrai>" with "mpn"
L 01/25/2024 - 20:02:47: "[BONK] Persica<9><STEAM_0:1:19015690><NSF>" killed "[FEET] Serbian Guy<23><STEAM_0:1:91548287><Jinrai>" with "grenade_projectile"
L 01/25/2024 - 20:02:47: "[BONK] Persica<9><STEAM_0:1:19015690><NSF>" killed "[BONK] 草<8><STEAM_0:1:39165168><NSF>" with "grenade_projectile"
L 01/25/2024 - 20:02:47: "[FEET]Jinhai<14><STEAM_0:1:120740110><Jinrai>" triggered "kill_assist"
L 01/25/2024 - 20:02:47: "[BONK] 草<8><STEAM_0:1:39165168><NSF>" say_team "99 Assault grenade_projectile"
L 01/25/2024 - 20:02:52: "[FEET] Kasietti<21><STEAM_0:0:181630571><Jinrai>" say "nice nade"
L 01/25/2024 - 20:02:52: "[BONK] Persica<9><STEAM_0:1:19015690><NSF>" killed "[FEET] jav<10><STEAM_0:1:155763328><Jinrai>" with "aa13"
L 01/25/2024 - 20:03:00: "[BONK] Ningurist<11><STEAM_0:0:156832755><NSF>" say_team "you guys kill everyone before i get there"
L 01/25/2024 - 20:03:40: "[FEET]Jinhai<14><STEAM_0:1:120740110><Jinrai>" killed "[BONK] kinoko<6><STEAM_0:0:83067719><NSF>" with "srm_s"
L 01/25/2024 - 20:03:40: "[FEET] syncer<17><STEAM_0:0:88962302><Jinrai>" triggered "kill_assist"
L 01/25/2024 - 20:03:40: "[BONK] kinoko<6><STEAM_0:0:83067719><NSF>" say_team "100 Recon srm_s"
L 01/25/2024 - 20:03:42: "[FEET] Serbian Guy<23><STEAM_0:1:91548287><Jinrai>" killed "[BONK] Muffin-Dono<12><STEAM_0:1:42031632><NSF>" with "jitte"
L 01/25/2024 - 20:03:51: "[BONK] Muffin-Dono<12><STEAM_0:1:42031632><NSF>" say "now we're cooking"
L 01/25/2024 - 20:03:54: Team "NSF" triggered "ghost_capture_team"
L 01/25/2024 - 20:03:54: "[BONK] Persica<9><STEAM_0:1:19015690><NSF>" triggered "ghost_capture"
L 01/25/2024 - 20:03:56: "[BONK] 草<8><STEAM_0:1:39165168><NSF>" killed "[FEET] syncer<17><STEAM_0:0:88962302><Jinrai>" with "mpn"
L 01/25/2024 - 20:03:56: "[FEET] Kasietti<21><STEAM_0:0:181630571><Jinrai>" killed "[BONK] Persica<9><STEAM_0:1:19015690><NSF>" with "mx_silenced"
L 01/25/2024 - 20:03:58: "[FEET] Serbian Guy<23><STEAM_0:1:91548287><Jinrai>" say "gg"
L 01/25/2024 - 20:04:00: "[FEET] jav<10><STEAM_0:1:155763328><Jinrai>" say "gg"
L 01/25/2024 - 20:04:01: "[BONK] Ningurist<11><STEAM_0:0:156832755><NSF>" killed "[FEET]Jinhai<14><STEAM_0:1:120740110><Jinrai>" with "kyla"
L 01/25/2024 - 20:04:02: "[FEET] syncer<17><STEAM_0:0:88962302><Jinrai>" say "gg"
L 01/25/2024 - 20:04:02: "[BONK] kinoko<6><STEAM_0:0:83067719><NSF>" say "gg"
L 01/25/2024 - 20:04:02: "[BONK] Ningurist<11><STEAM_0:0:156832755><NSF>" killed "[FEET] Kasietti<21><STEAM_0:0:181630571><Jinrai>" with "kyla"
L 01/25/2024 - 20:04:03: "[BONK] Persica<9><STEAM_0:1:19015690><NSF>" say "gg"
L 01/25/2024 - 20:04:05: "[BONK] 草<8><STEAM_0:1:39165168><NSF>" killed "[FEET] jav<10><STEAM_0:1:155763328><Jinrai>" with "mpn"
L 01/25/2024 - 20:04:05: "[FEET] Serbian Guy<23><STEAM_0:1:91548287><Jinrai>" committed suicide with "world"
L 01/25/2024 - 20:04:05: "[BONK] kinoko<6><STEAM_0:0:83067719><NSF>" triggered "kill_assist"
L 01/25/2024 - 20:04:07: "[BONK] Ningurist<11><STEAM_0:0:156832755><NSF>" say_team "got two kyla headshots"
L 01/25/2024 - 20:04:07: "[BONK] Ningurist<11><STEAM_0:0:156832755><NSF>" say_team "at last"
L 01/25/2024 - 20:04:12: "[FEET] Serbian Guy<23><STEAM_0:1:91548287><Jinrai>" disconnected (reason "Disconnect by user.")
L 01/25/2024 - 20:04:12: "[FEET]Jinhai<14><STEAM_0:1:120740110><Jinrai>" disconnected (reason "Disconnect by user.")
L 01/25/2024 - 20:04:14: "[FEET] syncer<17><STEAM_0:0:88962302><Jinrai>" disconnected (reason "Disconnect by user.")
L 01/25/2024 - 20:04:23: "[FEET] jav<10><STEAM_0:1:155763328><Jinrai>" disconnected (reason "Disconnect by user.")
L 01/25/2024 - 20:04:23: "[DYS] bauxite<24><STEAM_0:0:5757747><Spectator>" disconnected (reason "Disconnect by user.")
L 01/25/2024 - 20:04:28: "[BONK] 草<8><STEAM_0:1:39165168><NSF>" say "map 3 but we scramble players?"
L 01/25/2024 - 20:04:31: "[BONK] Ningurist<11><STEAM_0:0:156832755><NSF>" say "1v5 map three lets go"
L 01/25/2024 - 20:04:35: "[FEET] Kasietti<21><STEAM_0:0:181630571><Jinrai>" say "go"
L 01/25/2024 - 20:04:55: "[FEET] Kasietti<21><STEAM_0:0:181630571><Jinrai>" say "!ready"
L 01/25/2024 - 20:05:00: "[BONK] Ningurist<11><STEAM_0:0:156832755><NSF>" say "!ready"
L 01/25/2024 - 20:05:02: "[BONK] 草<8><STEAM_0:1:39165168><NSF>" say "!j"
L 01/25/2024 - 20:05:02: "[BONK] 草<8><STEAM_0:1:39165168><NSF>" committed suicide with "player"
L 01/25/2024 - 20:05:02: "[BONK] 草<8><STEAM_0:1:39165168><NSF>" joined team "Jinrai"
L 01/25/2024 - 20:05:03: "[BONK] 草<8><STEAM_0:1:39165168><Jinrai>" say "!ready"
L 01/25/2024 - 20:05:06: "[BONK] Ningurist<11><STEAM_0:0:156832755><NSF>" say "rtv"
L 01/25/2024 - 20:05:09: "[BONK] Persica<9><STEAM_0:1:19015690><NSF>" say "!j"
L 01/25/2024 - 20:05:09: "[BONK] Persica<9><STEAM_0:1:19015690><NSF>" committed suicide with "player"
L 01/25/2024 - 20:05:09: "[BONK] Persica<9><STEAM_0:1:19015690><NSF>" joined team "Jinrai"
L 01/25/2024 - 20:05:12: "[BONK] Persica<9><STEAM_0:1:19015690><Jinrai>" say "!rtv"
L 01/25/2024 - 20:05:15: "[BONK] Persica<9><STEAM_0:1:19015690><Jinrai>" say "!ready"
L 01/25/2024 - 20:05:16: "[BONK] kinoko<6><STEAM_0:0:83067719><NSF>" say "!ready"
L 01/25/2024 - 20:05:23: "[BONK] kinoko<6><STEAM_0:0:83067719><NSF>" say "!unready"
L 01/25/2024 - 20:05:25: "[BONK] Persica<9><STEAM_0:1:19015690><Jinrai>" say "!unready"
L 01/25/2024 - 20:05:27: "[BONK] Muffin-Dono<12><STEAM_0:1:42031632><NSF>" disconnected (reason "Disconnect by user.")
L 01/25/2024 - 20:05:30: "[BONK] 草<8><STEAM_0:1:39165168><Jinrai>" say "!unready"
L 01/25/2024 - 20:05:32: "[BONK] Persica<9><STEAM_0:1:19015690><Jinrai>" disconnected (reason "Disconnect by user.")
L 01/25/2024 - 20:05:40: "[DYS] Infrequent<25><STEAM_ID_PENDING><>" connected, address "86.169.55.78:27005"
L 01/25/2024 - 20:05:40: "[DYS] Infrequent<25><STEAM_0:1:6384081><>" STEAM USERID validated
L 01/25/2024 - 20:05:45: "[DYS] xx<26><STEAM_ID_PENDING><>" connected, address "146.66.43.45:27005"
L 01/25/2024 - 20:05:45: "[DYS] xx<26><STEAM_0:0:8714446><>" STEAM USERID validated
L 01/25/2024 - 20:05:46: "[DYS] Infrequent<25><STEAM_0:1:6384081><>" entered the game
L 01/25/2024 - 20:05:49: "[DYS] Infrequent<25><STEAM_0:1:6384081><Unassigned>" joined team "Spectator"
L 01/25/2024 - 20:05:50: "[BONK] 草<8><STEAM_0:1:39165168><Jinrai>" say "hello"
L 01/25/2024 - 20:05:51: "[DYS] xx<26><STEAM_0:0:8714446><>" entered the game
L 01/25/2024 - 20:05:52: "[FEET] Kasietti<21><STEAM_0:0:181630571><Jinrai>" say "hi"
L 01/25/2024 - 20:05:54: "[DYS] xx<26><STEAM_0:0:8714446><Unassigned>" joined team "Spectator"
L 01/25/2024 - 20:05:54: "[FEET] Kasietti<21><STEAM_0:0:181630571><Jinrai>" say "cya"
L 01/25/2024 - 20:05:54: "[DYS] Shazam<27><STEAM_ID_PENDING><>" connected, address "174.74.176.72:27005"
L 01/25/2024 - 20:05:54: "[DYS] Shazam<27><STEAM_0:1:59236187><>" STEAM USERID validated
L 01/25/2024 - 20:05:56: "[FEET] Kasietti<21><STEAM_0:0:181630571><Jinrai>" disconnected (reason "Disconnect by user.")
L 01/25/2024 - 20:05:59: "[DYS] Shazam<27><STEAM_0:1:59236187><>" entered the game
L 01/25/2024 - 20:06:00: "[BONK] kinoko<6><STEAM_0:0:83067719><NSF>" disconnected (reason "Disconnect by user.")
L 01/25/2024 - 20:06:03: "[BONK] Ningurist<11><STEAM_0:0:156832755><NSF>" say "its dys/gb i think"
L 01/25/2024 - 20:06:06: "[BONK] Ningurist<11><STEAM_0:0:156832755><NSF>" say "see lads"
L 01/25/2024 - 20:06:08: "[BONK] Ningurist<11><STEAM_0:0:156832755><NSF>" say "see ya*"
L 01/25/2024 - 20:06:09: "[BONK] Ningurist<11><STEAM_0:0:156832755><NSF>" disconnected (reason "Disconnect by user.")
L 01/25/2024 - 20:06:19: "[DYS] Shazam<27><STEAM_0:1:59236187><Unassigned>" joined team "Spectator"
L 01/25/2024 - 20:06:35: "[GB] Agiel<28><STEAM_ID_PENDING><>" connected, address "98.128.173.190:27006"
L 01/25/2024 - 20:06:35: "[GB] Agiel<28><STEAM_0:1:25025><>" STEAM USERID validated
L 01/25/2024 - 20:06:44: "[GB] Agiel<28><STEAM_0:1:25025><>" entered the game
L 01/25/2024 - 20:06:46: "suna<29><STEAM_ID_PENDING><>" connected, address "91.101.200.241:27005"
L 01/25/2024 - 20:06:46: "suna<29><STEAM_0:1:29157668><>" STEAM USERID validated
L 01/25/2024 - 20:06:47: "suna<29><STEAM_0:1:29157668><>" entered the game
L 01/25/2024 - 20:06:48: "[GB] Agiel<28><STEAM_0:1:25025><Unassigned>" joined team "Spectator"
L 01/25/2024 - 20:06:49: "[BONK] 草<8><STEAM_0:1:39165168><Jinrai>" say "!s"
L 01/25/2024 - 20:06:49: "[BONK] 草<8><STEAM_0:1:39165168><Jinrai>" joined team "Spectator"
L 01/25/2024 - 20:06:50: "suna<29><STEAM_0:1:29157668><Unassigned>" joined team "NSF"
L 01/25/2024 - 20:07:03: "[GB] Rain ☆彡<30><STEAM_ID_PENDING><>" connected, address "185.159.156.5:27005"
L 01/25/2024 - 20:07:03: "[GB] Rain ☆彡<30><STEAM_0:0:15075092><>" STEAM USERID validated
L 01/25/2024 - 20:07:07: "[DYS] You're Pissed Off<31><STEAM_ID_PENDING><>" connected, address "146.199.224.196:27005"
L 01/25/2024 - 20:07:07: "[DYS] You're Pissed Off<31><STEAM_0:1:44658357><>" STEAM USERID validated
L 01/25/2024 - 20:07:08: "[DYS] Infrequent<25><STEAM_0:1:6384081><Spectator>" say "!j"
L 01/25/2024 - 20:07:08: "[DYS] Infrequent<25><STEAM_0:1:6384081><Spectator>" joined team "Jinrai"
L 01/25/2024 - 20:07:16: "[GB] Rain ☆彡<30><STEAM_0:0:15075092><>" entered the game
L 01/25/2024 - 20:07:17: "[GB] Agiel<28><STEAM_0:1:25025><Spectator>" joined team "NSF"
L 01/25/2024 - 20:07:18: "soft as HELL<32><STEAM_ID_PENDING><>" connected, address "94.30.149.189:27005"
L 01/25/2024 - 20:07:18: "soft as HELL<32><STEAM_0:1:14747705><>" STEAM USERID validated
L 01/25/2024 - 20:07:20: "[GB] Rain ☆彡<30><STEAM_0:0:15075092><Unassigned>" joined team "Spectator"
L 01/25/2024 - 20:07:23: "[GB] Rain ☆彡<30><STEAM_0:0:15075092><Spectator>" joined team "NSF"
L 01/25/2024 - 20:07:23: "soft as HELL<32><STEAM_0:1:14747705><>" entered the game
L 01/25/2024 - 20:07:25: "[DYS] You're Pissed Off<31><STEAM_0:1:44658357><>" entered the game
L 01/25/2024 - 20:07:27: "soft as HELL<32><STEAM_0:1:14747705><Unassigned>" joined team "Spectator"
L 01/25/2024 - 20:07:31: "soft as HELL<32><STEAM_0:1:14747705><Spectator>" joined team "NSF"
L 01/25/2024 - 20:07:54: "[DYS] xx<26><STEAM_0:0:8714446><Spectator>" joined team "Jinrai"
L 01/25/2024 - 20:08:02: "[DYS] You're Pissed Off<31><STEAM_0:1:44658357><Unassigned>" joined team "Jinrai"
L 01/25/2024 - 20:08:03: "[DYS] Shazam<27><STEAM_0:1:59236187><Spectator>" joined team "Jinrai"
L 01/25/2024 - 20:08:19: "[GB] Puddy<33><STEAM_ID_PENDING><>" connected, address "188.192.131.75:27005"
L 01/25/2024 - 20:08:19: "[GB] Puddy<33><STEAM_0:1:19453780><>" STEAM USERID validated
L 01/25/2024 - 20:08:22: "[DYS] Hosomi<34><STEAM_ID_PENDING><>" connected, address "51.14.159.48:27005"
L 01/25/2024 - 20:08:22: "[DYS] Hosomi<34><STEAM_0:0:51357353><>" STEAM USERID validated
L 01/25/2024 - 20:08:29: "[DYS] Hosomi<34><STEAM_0:0:51357353><>" entered the game
L 01/25/2024 - 20:08:31: "[DYS] Hosomi<34><STEAM_0:0:51357353><Unassigned>" joined team "Jinrai"
L 01/25/2024 - 20:08:32: "[GB] Puddy<33><STEAM_0:1:19453780><>" entered the game
L 01/25/2024 - 20:08:35: "[GB] Puddy<33><STEAM_0:1:19453780><Unassigned>" joined team "NSF"
L 01/25/2024 - 20:08:37: "[DYS] You're Pissed Off<31><STEAM_0:1:44658357><Jinrai>" say "You guys invis?"
L 01/25/2024 - 20:08:43: "[GB] Rain ☆彡<30><STEAM_0:0:15075092><NSF>" say "nah man i'm support"
L 01/25/2024 - 20:08:48: "[GB] Puddy<33><STEAM_0:1:19453780><NSF>" say "assault"
L 01/25/2024 - 20:08:48: "[DYS] You're Pissed Off<31><STEAM_0:1:44658357><Jinrai>" say "sus"
L 01/25/2024 - 20:10:01: "[GB] Agiel<28><STEAM_0:1:25025><NSF>" say "rtv"
L 01/25/2024 - 20:10:05: "[GB] Agiel<28><STEAM_0:1:25025><NSF>" say "nominate"
L 01/25/2024 - 20:10:05: "[DYS] Infrequent<25><STEAM_0:1:6384081><Jinrai>" say "!nominate"
L 01/25/2024 - 20:10:10: "[DYS] Infrequent<25><STEAM_0:1:6384081><Jinrai>" say "!sm_admin"
L 01/25/2024 - 20:10:17: [META] Loaded 0 plugins (1 already loaded)
L 01/25/2024 - 20:10:17: [META] Loaded 0 plugins (1 already loaded)
L 01/25/2024 - 20:10:17: Log file closed
