L 02/18/2024 - 20:53:06: Log file started (file "logs\L0218029.log") (game "c:\servers\eurotokyo\NeotokyoSource") (version "4044")
L 02/18/2024 - 20:53:06: server_cvar: "sv_pausable" "0"
L 02/18/2024 - 20:53:06: server_cvar: "sv_gravity" "800"
L 02/18/2024 - 20:53:06: server_cvar: "mp_friendlyfire" "1"
L 02/18/2024 - 20:53:06: server_cvar: "tv_password" "***PROTECTED***"
L 02/18/2024 - 20:53:06: server_cvar: "tv_relaypassword" "***PROTECTED***"
L 02/18/2024 - 20:53:06: "[UK] Wahaha-<40><STEAM_0:1:17526508><>" disconnected (reason "Disconnect by user.")
L 02/18/2024 - 20:53:08: "suna<36><STEAM_0:1:29157668><>" entered the game
L 02/18/2024 - 20:53:09: "[CAST-] Nutnoze<33><STEAM_0:1:9530793><>" entered the game
L 02/18/2024 - 20:53:10: "[Disembodied Camera] Oni<37><STEAM_0:1:10174276><>" entered the game
L 02/18/2024 - 20:53:11: "suna<36><STEAM_0:1:29157668><Unassigned>" joined team "NSF"
L 02/18/2024 - 20:53:11: "[DYS] xx<34><STEAM_0:0:8714446><>" entered the game
L 02/18/2024 - 20:53:11: "[GB] Agiel<27><STEAM_0:1:25025><>" entered the game
L 02/18/2024 - 20:53:11: "[CAST] Infrequent<31><STEAM_0:1:6384081><>" entered the game
L 02/18/2024 - 20:53:12: "soft as HELL<30><STEAM_0:1:14747705><>" entered the game
L 02/18/2024 - 20:53:12: "[Disembodied Camera] Oni<37><STEAM_0:1:10174276><Unassigned>" joined team "Spectator"
L 02/18/2024 - 20:53:13: "[CAST-] Nutnoze<33><STEAM_0:1:9530793><Unassigned>" joined team "Spectator"
L 02/18/2024 - 20:53:13: "[CAST] Infrequent<31><STEAM_0:1:6384081><Unassigned>" joined team "Spectator"
L 02/18/2024 - 20:53:15: "[DYS] xx<34><STEAM_0:0:8714446><Unassigned>" joined team "Spectator"
L 02/18/2024 - 20:53:16: "jef<38><STEAM_0:1:42399966><>" entered the game
L 02/18/2024 - 20:53:17: "[GB] Agiel<27><STEAM_0:1:25025><Unassigned>" joined team "NSF"
L 02/18/2024 - 20:53:19: "jef<38><STEAM_0:1:42399966><Unassigned>" joined team "Jinrai"
L 02/18/2024 - 20:53:20: "[BONK] Persica<39><STEAM_0:1:19015690><>" entered the game
L 02/18/2024 - 20:53:23: "[BONK] Muffin-Dono<32><STEAM_0:1:42031632><>" entered the game
L 02/18/2024 - 20:53:24: "[BONK] Persica<39><STEAM_0:1:19015690><Unassigned>" joined team "Jinrai"
L 02/18/2024 - 20:53:36: "[BONK] Muffin-Dono<32><STEAM_0:1:42031632><Unassigned>" joined team "Jinrai"
L 02/18/2024 - 20:53:42: "[GB] Puddy<29><STEAM_0:1:19453780><>" entered the game
L 02/18/2024 - 20:53:47: "[BONK] Persica<39><STEAM_0:1:19015690><Jinrai>" say "ppl grabbing water is that okay?"
L 02/18/2024 - 20:53:47: "[GB] Puddy<29><STEAM_0:1:19453780><Unassigned>" joined team "NSF"
L 02/18/2024 - 20:53:48: "[BONK] 草<35><STEAM_0:1:39165168><>" entered the game
L 02/18/2024 - 20:53:54: "[BONK] Persica<39><STEAM_0:1:19015690><Jinrai>" say "rains online so might be good to harass them"
L 02/18/2024 - 20:54:18: "[BONK] kinoko<10><STEAM_0:0:83067719><>" entered the game
L 02/18/2024 - 20:54:26: "[BONK] kinoko<10><STEAM_0:0:83067719><Unassigned>" joined team "Jinrai"
L 02/18/2024 - 20:54:28: "soft as HELL<30><STEAM_0:1:14747705><Unassigned>" joined team "NSF"
L 02/18/2024 - 20:54:53: "[BONK] Persica<39><STEAM_0:1:19015690><Jinrai>" say "bathroo,"
L 02/18/2024 - 20:55:08: "[CAST-] Nutnoze<33><STEAM_0:1:9530793><Spectator>" say "infre brb as well"
L 02/18/2024 - 20:55:11: "[CAST-] Nutnoze<33><STEAM_0:1:9530793><Spectator>" say "smol break"
L 02/18/2024 - 20:55:19: "[GB] Rain ☆彡<41><STEAM_ID_PENDING><>" connected, address "77.223.33.68:27005"
L 02/18/2024 - 20:55:19: "[GB] Rain ☆彡<41><STEAM_0:0:15075092><>" STEAM USERID validated
L 02/18/2024 - 20:55:55: "[BONK] kinoko<10><STEAM_0:0:83067719><Jinrai>" say "Kensokyrön yliopiston testi paljasti: Kissat koiria gfffögkfhjd"
L 02/18/2024 - 20:56:40: "[GB] Rain ☆彡<41><STEAM_0:0:15075092><>" entered the game
L 02/18/2024 - 20:56:44: "[GB] Rain ☆彡<41><STEAM_0:0:15075092><Unassigned>" joined team "Spectator"
L 02/18/2024 - 20:56:49: "[GB] Rain ☆彡<41><STEAM_0:0:15075092><Spectator>" joined team "NSF"
L 02/18/2024 - 20:56:53: "[GB] Agiel<27><STEAM_0:1:25025><NSF>" say "!ready"
L 02/18/2024 - 20:56:57: "[BONK] Muffin-Dono<32><STEAM_0:1:42031632><Jinrai>" say "!ready"
L 02/18/2024 - 20:56:57: "[GB] Rain ☆彡<41><STEAM_0:0:15075092><NSF>" say "!ready"
L 02/18/2024 - 20:57:01: "[GB] Puddy<29><STEAM_0:1:19453780><NSF>" say "!ready"
L 02/18/2024 - 20:57:32: "[GB] Rain ☆彡<41><STEAM_0:0:15075092><NSF>" say "i'm gonna set 47 alarms for the next match in my phone"
L 02/18/2024 - 20:57:58: "[BONK] Persica<39><STEAM_0:1:19015690><Jinrai>" say "hi"
L 02/18/2024 - 20:58:11: "[Disembodied Camera] Oni<37><STEAM_0:1:10174276><Spectator>" say "srm is king"
L 02/18/2024 - 20:58:25: "[Disembodied Camera] Oni<37><STEAM_0:1:10174276><Spectator>" say "MORE BULET"
L 02/18/2024 - 20:58:29: "[BONK] kinoko<10><STEAM_0:0:83067719><Jinrai>" say "I NEED MORE BULLETS"
L 02/18/2024 - 20:59:53: "[GB] Rain ☆彡<41><STEAM_0:0:15075092><NSF>" say "baguette baguette baguette"
L 02/18/2024 - 21:00:02: "[BONK] kinoko<10><STEAM_0:0:83067719><Jinrai>" say "baguette baguette baguette"
L 02/18/2024 - 21:00:04: "[BONK] kinoko<10><STEAM_0:0:83067719><Jinrai>" say "Kensokyrön yliopiston testi paljasti: Kissat koiria gfffögkfhjd"
L 02/18/2024 - 21:00:08: "[GB] Agiel<27><STEAM_0:1:25025><NSF>" say "baguette baguette baguette"
L 02/18/2024 - 21:01:00: "[BONK] Muffin-Dono<32><STEAM_0:1:42031632><Jinrai>" say "pooalley when?"
L 02/18/2024 - 21:01:01: "suna<36><STEAM_0:1:29157668><NSF>" say "!ready"
L 02/18/2024 - 21:01:03: "[BONK] Persica<39><STEAM_0:1:19015690><Jinrai>" say "!ready"
L 02/18/2024 - 21:01:05: "[BONK] Muffin-Dono<32><STEAM_0:1:42031632><Jinrai>" say "!ready"
L 02/18/2024 - 21:01:07: "jef<38><STEAM_0:1:42399966><Jinrai>" say_team "!ready"
L 02/18/2024 - 21:01:12: "[BONK] Muffin-Dono<32><STEAM_0:1:42031632><Jinrai>" say "grass is cancering still"
L 02/18/2024 - 21:01:16: "[BONK] Persica<39><STEAM_0:1:19015690><Jinrai>" say "!unready"
L 02/18/2024 - 21:01:27: "[BONK] Persica<39><STEAM_0:1:19015690><Jinrai>" say "grass needs that grass in him"
L 02/18/2024 - 21:03:12: "[BONK] 草<35><STEAM_0:1:39165168><Unassigned>" joined team "Jinrai"
L 02/18/2024 - 21:03:30: "[BONK] Muffin-Dono<32><STEAM_0:1:42031632><Jinrai>" say "!ready"
L 02/18/2024 - 21:03:40: "[CAST-] Nutnoze<33><STEAM_0:1:9530793><Spectator>" say "!readylist"
L 02/18/2024 - 21:03:41: "[BONK] Persica<39><STEAM_0:1:19015690><Jinrai>" say "!ready"
L 02/18/2024 - 21:03:44: "[BONK] 草<35><STEAM_0:1:39165168><Jinrai>" say "!ready"
L 02/18/2024 - 21:03:53: "[Disembodied Camera] Oni<37><STEAM_0:1:10174276><Spectator>" say "!readylist"
L 02/18/2024 - 21:04:05: "[BONK] Persica<39><STEAM_0:1:19015690><Jinrai>" say "!readylist"
L 02/18/2024 - 21:04:14: "[GB] Puddy<29><STEAM_0:1:19453780><NSF>" say "!ready"
L 02/18/2024 - 21:04:16: "[BONK] Muffin-Dono<32><STEAM_0:1:42031632><Jinrai>" say "!readylist"
L 02/18/2024 - 21:04:20: "suna<36><STEAM_0:1:29157668><NSF>" say "!settings"
L 02/18/2024 - 21:04:23: "[GB] Rain ☆彡<41><STEAM_0:0:15075092><NSF>" say "!settings"
L 02/18/2024 - 21:04:30: "jef<38><STEAM_0:1:42399966><Jinrai>" say_team "!ready"
L 02/18/2024 - 21:05:03: "[GB] Rain ☆彡<41><STEAM_0:0:15075092><NSF>" say "glhf"
L 02/18/2024 - 21:05:03: "[GB] Agiel<27><STEAM_0:1:25025><NSF>" say "gl hf"
L 02/18/2024 - 21:05:05: "[BONK] kinoko<10><STEAM_0:0:83067719><Jinrai>" say "hfhf!"
L 02/18/2024 - 21:05:05: "[GB] Puddy<29><STEAM_0:1:19453780><NSF>" say "glhf"
L 02/18/2024 - 21:05:08: "[BONK] Persica<39><STEAM_0:1:19015690><Jinrai>" say "gl hf"
L 02/18/2024 - 21:05:08: "[BONK] Muffin-Dono<32><STEAM_0:1:42031632><Jinrai>" say "glhf!"
L 02/18/2024 - 21:05:10: "[GB] Agiel<27><STEAM_0:1:25025><NSF>" say "get bonked"
L 02/18/2024 - 21:05:37: "[BONK] Persica<39><STEAM_0:1:19015690><Jinrai>" killed "suna<36><STEAM_0:1:29157668><NSF>" with "zr68s"
L 02/18/2024 - 21:05:37: "suna<36><STEAM_0:1:29157668><NSF>" say_team "48 Recon zr68s"
L 02/18/2024 - 21:05:39: "soft as HELL<30><STEAM_0:1:14747705><NSF>" killed "[BONK] Persica<39><STEAM_0:1:19015690><Jinrai>" with "srm"
L 02/18/2024 - 21:05:39: "suna<36><STEAM_0:1:29157668><NSF>" triggered "kill_assist"
L 02/18/2024 - 21:05:45: "[BONK] 草<35><STEAM_0:1:39165168><Jinrai>" killed "soft as HELL<30><STEAM_0:1:14747705><NSF>" with "zr68s"
L 02/18/2024 - 21:05:45: "soft as HELL<30><STEAM_0:1:14747705><NSF>" say_team "11 Assault zr68s"
L 02/18/2024 - 21:05:59: "[GB] Puddy<29><STEAM_0:1:19453780><NSF>" killed "[BONK] Muffin-Dono<32><STEAM_0:1:42031632><Jinrai>" with "zr68s"
L 02/18/2024 - 21:06:09: Team "Jinrai" triggered "ghost_capture_team"
L 02/18/2024 - 21:06:09: "[BONK] kinoko<10><STEAM_0:0:83067719><Jinrai>" triggered "ghost_capture"
L 02/18/2024 - 21:06:13: "[GB] Puddy<29><STEAM_0:1:19453780><NSF>" killed "[BONK] kinoko<10><STEAM_0:0:83067719><Jinrai>" with "zr68s"
L 02/18/2024 - 21:06:13: "[BONK] kinoko<10><STEAM_0:0:83067719><Jinrai>" say_team "92 Assault zr68s"
L 02/18/2024 - 21:06:14: "[BONK] kinoko<10><STEAM_0:0:83067719><Jinrai>" say "[BONK] [BONK] [BONK] [BONK] [BONK] [BONK]"
L 02/18/2024 - 21:06:19: "[BONK] Persica<39><STEAM_0:1:19015690><Jinrai>" say "she bonk on my bonk till i bonk"
L 02/18/2024 - 21:07:00: "jef<38><STEAM_0:1:42399966><Jinrai>" killed "suna<36><STEAM_0:1:29157668><NSF>" with "srm"
L 02/18/2024 - 21:07:00: "suna<36><STEAM_0:1:29157668><NSF>" say_team "33 Support srm"
L 02/18/2024 - 21:07:01: "soft as HELL<30><STEAM_0:1:14747705><NSF>" killed "jef<38><STEAM_0:1:42399966><Jinrai>" with "srm"
L 02/18/2024 - 21:07:01: "suna<36><STEAM_0:1:29157668><NSF>" triggered "kill_assist"
L 02/18/2024 - 21:07:09: "[GB] Puddy<29><STEAM_0:1:19453780><NSF>" killed "[BONK] Persica<39><STEAM_0:1:19015690><Jinrai>" with "zr68s"
L 02/18/2024 - 21:07:14: "[BONK] kinoko<10><STEAM_0:0:83067719><Jinrai>" killed "[GB] Puddy<29><STEAM_0:1:19453780><NSF>" with "mx"
L 02/18/2024 - 21:07:26: "[BONK] kinoko<10><STEAM_0:0:83067719><Jinrai>" killed "[GB] Agiel<27><STEAM_0:1:25025><NSF>" with "mx"
L 02/18/2024 - 21:07:26: "[GB] Agiel<27><STEAM_0:1:25025><NSF>" say_team "35 Recon mx"
L 02/18/2024 - 21:07:31: "soft as HELL<30><STEAM_0:1:14747705><NSF>" killed "[BONK] kinoko<10><STEAM_0:0:83067719><Jinrai>" with "srm"
L 02/18/2024 - 21:07:31: "[GB] Agiel<27><STEAM_0:1:25025><NSF>" triggered "kill_assist"
L 02/18/2024 - 21:07:32: "[BONK] kinoko<10><STEAM_0:0:83067719><Jinrai>" say_team "100 Recon srm"
L 02/18/2024 - 21:07:37: "[BONK] 草<35><STEAM_0:1:39165168><Jinrai>" killed "soft as HELL<30><STEAM_0:1:14747705><NSF>" with "zr68s"
L 02/18/2024 - 21:07:38: "soft as HELL<30><STEAM_0:1:14747705><NSF>" say_team "86 Assault zr68s"
L 02/18/2024 - 21:07:45: "[GB] Rain ☆彡<41><STEAM_0:0:15075092><NSF>" killed "[BONK] 草<35><STEAM_0:1:39165168><Jinrai>" with "zr68s"
L 02/18/2024 - 21:07:45: "[BONK] 草<35><STEAM_0:1:39165168><Jinrai>" say_team "100 Assault zr68s"
L 02/18/2024 - 21:08:20: "[GB] Rain ☆彡<41><STEAM_0:0:15075092><NSF>" killed "[BONK] Muffin-Dono<32><STEAM_0:1:42031632><Jinrai>" with "zr68s"
L 02/18/2024 - 21:08:45: "[BONK] Persica<39><STEAM_0:1:19015690><Jinrai>" say "!pause"
L 02/18/2024 - 21:08:51: "[BONK] Persica<39><STEAM_0:1:19015690><Jinrai>" say "potential kinoko crash"
L 02/18/2024 - 21:08:54: "[BONK] kinoko<10><STEAM_0:0:83067719><Jinrai>" say "im good"
L 02/18/2024 - 21:08:56: "[GB] Agiel<27><STEAM_0:1:25025><NSF>" say "rip"
L 02/18/2024 - 21:08:56: "jef<38><STEAM_0:1:42399966><Jinrai>" say "cr4sh"
L 02/18/2024 - 21:09:01: "[BONK] Persica<39><STEAM_0:1:19015690><Jinrai>" say "she froze really bad"
L 02/18/2024 - 21:09:08: "[BONK] kinoko<10><STEAM_0:0:83067719><Jinrai>" say "game being funkyt"
L 02/18/2024 - 21:09:09: "suna<36><STEAM_0:1:29157668><NSF>" say "unpause?"
L 02/18/2024 - 21:09:12: "[BONK] kinoko<10><STEAM_0:0:83067719><Jinrai>" say "!unpause"
L 02/18/2024 - 21:09:15: "suna<36><STEAM_0:1:29157668><NSF>" say "!unpause"
L 02/18/2024 - 21:09:16: "[GB] Puddy<29><STEAM_0:1:19453780><NSF>" say "!unpause"
L 02/18/2024 - 21:10:08: "[BONK] Persica<39><STEAM_0:1:19015690><Jinrai>" killed "[GB] Agiel<27><STEAM_0:1:25025><NSF>" with "mx"
L 02/18/2024 - 21:10:08: "[GB] Agiel<27><STEAM_0:1:25025><NSF>" say_team "100 Recon mx"
L 02/18/2024 - 21:10:15: "suna<36><STEAM_0:1:29157668><NSF>" killed "[BONK] 草<35><STEAM_0:1:39165168><Jinrai>" with "srm"
L 02/18/2024 - 21:10:15: "[BONK] 草<35><STEAM_0:1:39165168><Jinrai>" say_team "87 Recon srm"
L 02/18/2024 - 21:10:16: "suna<36><STEAM_0:1:29157668><NSF>" killed "jef<38><STEAM_0:1:42399966><Jinrai>" with "srm"
L 02/18/2024 - 21:10:16: "soft as HELL<30><STEAM_0:1:14747705><NSF>" triggered "kill_assist"
L 02/18/2024 - 21:10:18: "[BONK] Muffin-Dono<32><STEAM_0:1:42031632><Jinrai>" killed "soft as HELL<30><STEAM_0:1:14747705><NSF>" with "zr68s"
L 02/18/2024 - 21:10:18: "soft as HELL<30><STEAM_0:1:14747705><NSF>" say_team "18 Assault zr68s"
L 02/18/2024 - 21:10:26: "[BONK] Persica<39><STEAM_0:1:19015690><Jinrai>" killed "[GB] Puddy<29><STEAM_0:1:19453780><NSF>" with "mx"
L 02/18/2024 - 21:10:27: "suna<36><STEAM_0:1:29157668><NSF>" killed "[BONK] Muffin-Dono<32><STEAM_0:1:42031632><Jinrai>" with "srm"
L 02/18/2024 - 21:10:27: "soft as HELL<30><STEAM_0:1:14747705><NSF>" triggered "kill_assist"
L 02/18/2024 - 21:10:30: "[BONK] kinoko<10><STEAM_0:0:83067719><Jinrai>" killed "[GB] Rain ☆彡<41><STEAM_0:0:15075092><NSF>" with "zr68s"
L 02/18/2024 - 21:10:30: "[GB] Rain ☆彡<41><STEAM_0:0:15075092><NSF>" say_team "37 Recon zr68s"
L 02/18/2024 - 21:10:32: "[BONK] Muffin-Dono<32><STEAM_0:1:42031632><Jinrai>" say_team "behind in spawn"
L 02/18/2024 - 21:10:38: "[BONK] Muffin-Dono<32><STEAM_0:1:42031632><Jinrai>" say_team "recon btw"
L 02/18/2024 - 21:10:52: Team "Jinrai" triggered "ghost_capture_team"
L 02/18/2024 - 21:10:52: "[BONK] kinoko<10><STEAM_0:0:83067719><Jinrai>" triggered "ghost_capture"
L 02/18/2024 - 21:10:53: "suna<36><STEAM_0:1:29157668><NSF>" killed "[BONK] kinoko<10><STEAM_0:0:83067719><Jinrai>" with "zr68s"
L 02/18/2024 - 21:10:53: "[GB] Rain ☆彡<41><STEAM_0:0:15075092><NSF>" triggered "kill_assist"
L 02/18/2024 - 21:10:53: "[BONK] kinoko<10><STEAM_0:0:83067719><Jinrai>" say_team "27 Recon zr68s"
L 02/18/2024 - 21:10:58: "[BONK] Persica<39><STEAM_0:1:19015690><Jinrai>" killed "suna<36><STEAM_0:1:29157668><NSF>" with "zr68s"
L 02/18/2024 - 21:10:58: "jef<38><STEAM_0:1:42399966><Jinrai>" triggered "kill_assist"
L 02/18/2024 - 21:10:58: "suna<36><STEAM_0:1:29157668><NSF>" say_team "51 Recon zr68s"
L 02/18/2024 - 21:11:36: "[GB] Rain ☆彡<41><STEAM_0:0:15075092><NSF>" killed "[BONK] kinoko<10><STEAM_0:0:83067719><Jinrai>" with "zr68s"
L 02/18/2024 - 21:11:36: "[BONK] kinoko<10><STEAM_0:0:83067719><Jinrai>" say_team "8 Assault zr68s"
L 02/18/2024 - 21:12:01: "jef<38><STEAM_0:1:42399966><Jinrai>" killed "[GB] Puddy<29><STEAM_0:1:19453780><NSF>" with "srm"
L 02/18/2024 - 21:12:17: "[GB] Agiel<27><STEAM_0:1:25025><NSF>" killed "[BONK] Muffin-Dono<32><STEAM_0:1:42031632><Jinrai>" with "mx"
L 02/18/2024 - 21:12:19: "soft as HELL<30><STEAM_0:1:14747705><NSF>" killed "[BONK] Persica<39><STEAM_0:1:19015690><Jinrai>" with "srm"
L 02/18/2024 - 21:12:19: "[GB] Rain ☆彡<41><STEAM_0:0:15075092><NSF>" triggered "kill_assist"
L 02/18/2024 - 21:12:24: "[BONK] Muffin-Dono<32><STEAM_0:1:42031632><Jinrai>" say_team "main 27"
L 02/18/2024 - 21:12:26: "[BONK] 草<35><STEAM_0:1:39165168><Jinrai>" killed "[GB] Agiel<27><STEAM_0:1:25025><NSF>" with "grenade_projectile"
L 02/18/2024 - 21:12:26: "[BONK] Muffin-Dono<32><STEAM_0:1:42031632><Jinrai>" triggered "kill_assist"
L 02/18/2024 - 21:12:26: "[GB] Agiel<27><STEAM_0:1:25025><NSF>" say_team "100 Assault grenade_projectile"
L 02/18/2024 - 21:12:35: "suna<36><STEAM_0:1:29157668><NSF>" killed "[BONK] 草<35><STEAM_0:1:39165168><Jinrai>" with "zr68s"
L 02/18/2024 - 21:12:35: "[BONK] 草<35><STEAM_0:1:39165168><Jinrai>" say_team "41 Recon zr68s"
L 02/18/2024 - 21:12:47: "suna<36><STEAM_0:1:29157668><NSF>" killed "jef<38><STEAM_0:1:42399966><Jinrai>" with "zr68s"
L 02/18/2024 - 21:12:47: "[GB] Puddy<29><STEAM_0:1:19453780><NSF>" triggered "kill_assist"
L 02/18/2024 - 21:12:50: "[BONK] kinoko<10><STEAM_0:0:83067719><Jinrai>" say_team "maybe ill stick w basement"
L 02/18/2024 - 21:14:12: "[BONK] Persica<39><STEAM_0:1:19015690><Jinrai>" killed "soft as HELL<30><STEAM_0:1:14747705><NSF>" with "zr68s"
L 02/18/2024 - 21:14:12: "soft as HELL<30><STEAM_0:1:14747705><NSF>" say_team "100 Recon zr68s"
L 02/18/2024 - 21:14:15: "[BONK] kinoko<10><STEAM_0:0:83067719><Jinrai>" killed "[GB] Agiel<27><STEAM_0:1:25025><NSF>" with "mx"
L 02/18/2024 - 21:14:15: "[GB] Agiel<27><STEAM_0:1:25025><NSF>" say_team "100 Recon mx"
L 02/18/2024 - 21:14:20: "[GB] Puddy<29><STEAM_0:1:19453780><NSF>" killed "[BONK] Persica<39><STEAM_0:1:19015690><Jinrai>" with "zr68s"
L 02/18/2024 - 21:14:20: "[GB] Agiel<27><STEAM_0:1:25025><NSF>" triggered "kill_assist"
L 02/18/2024 - 21:14:24: "[GB] Rain ☆彡<41><STEAM_0:0:15075092><NSF>" killed "[BONK] kinoko<10><STEAM_0:0:83067719><Jinrai>" with "mx"
L 02/18/2024 - 21:14:24: "[BONK] kinoko<10><STEAM_0:0:83067719><Jinrai>" say_team "100 Assault mx"
L 02/18/2024 - 21:14:43: "[BONK] Muffin-Dono<32><STEAM_0:1:42031632><Jinrai>" killed "[GB] Puddy<29><STEAM_0:1:19453780><NSF>" with "zr68s"
L 02/18/2024 - 21:14:43: "[BONK] kinoko<10><STEAM_0:0:83067719><Jinrai>" triggered "kill_assist"
L 02/18/2024 - 21:14:44: "suna<36><STEAM_0:1:29157668><NSF>" killed "[BONK] 草<35><STEAM_0:1:39165168><Jinrai>" with "zr68c"
L 02/18/2024 - 21:14:44: "[BONK] 草<35><STEAM_0:1:39165168><Jinrai>" say_team "100 Recon zr68c"
L 02/18/2024 - 21:15:08: "suna<36><STEAM_0:1:29157668><NSF>" killed "jef<38><STEAM_0:1:42399966><Jinrai>" with "zr68c"
L 02/18/2024 - 21:15:27: "[BONK] kinoko<10><STEAM_0:0:83067719><Jinrai>" say_team "theyre putting way more into basement now"
L 02/18/2024 - 21:15:35: "[BONK] Persica<39><STEAM_0:1:19015690><Jinrai>" say_team "mhm mhm we can deal still"
L 02/18/2024 - 21:15:36: "[BONK] 草<35><STEAM_0:1:39165168><Jinrai>" say_team "rush mid together now?"
L 02/18/2024 - 21:15:38: "[BONK] 草<35><STEAM_0:1:39165168><Jinrai>" say_team "all of us?"
L 02/18/2024 - 21:15:42: "[BONK] Persica<39><STEAM_0:1:19015690><Jinrai>" say_team "we can rush mid +ghost"
L 02/18/2024 - 21:15:43: "[BONK] Muffin-Dono<32><STEAM_0:1:42031632><Jinrai>" killed "[GB] Rain ☆彡<41><STEAM_0:0:15075092><NSF>" with "zr68s"
L 02/18/2024 - 21:15:43: "[GB] Rain ☆彡<41><STEAM_0:0:15075092><NSF>" say_team "13 Assault zr68s"
L 02/18/2024 - 21:15:43: "[BONK] Persica<39><STEAM_0:1:19015690><Jinrai>" say_team "all of us"
L 02/18/2024 - 21:15:44: "[BONK] kinoko<10><STEAM_0:0:83067719><Jinrai>" say_team "lol would be funny"
L 02/18/2024 - 21:16:42: "[BONK] kinoko<10><STEAM_0:0:83067719><Jinrai>" killed "suna<36><STEAM_0:1:29157668><NSF>" with "mx"
L 02/18/2024 - 21:16:42: "suna<36><STEAM_0:1:29157668><NSF>" say_team "81 Recon mx"
L 02/18/2024 - 21:16:47: "[GB] Rain ☆彡<41><STEAM_0:0:15075092><NSF>" killed "[BONK] kinoko<10><STEAM_0:0:83067719><Jinrai>" with "mx"
L 02/18/2024 - 21:16:47: "[BONK] kinoko<10><STEAM_0:0:83067719><Jinrai>" say_team "7 Assault mx"
L 02/18/2024 - 21:16:47: "[BONK] Persica<39><STEAM_0:1:19015690><Jinrai>" killed "[GB] Rain ☆彡<41><STEAM_0:0:15075092><NSF>" with "jittescoped"
L 02/18/2024 - 21:16:47: "[BONK] kinoko<10><STEAM_0:0:83067719><Jinrai>" triggered "kill_assist"
L 02/18/2024 - 21:16:47: "[GB] Rain ☆彡<41><STEAM_0:0:15075092><NSF>" say_team "100 Recon jittescoped"
L 02/18/2024 - 21:16:52: "[BONK] Persica<39><STEAM_0:1:19015690><Jinrai>" killed "[GB] Agiel<27><STEAM_0:1:25025><NSF>" with "zr68c"
L 02/18/2024 - 21:16:52: "[GB] Agiel<27><STEAM_0:1:25025><NSF>" say_team "31 Recon zr68c"
L 02/18/2024 - 21:16:53: "[GB] Puddy<29><STEAM_0:1:19453780><NSF>" killed "[BONK] Persica<39><STEAM_0:1:19015690><Jinrai>" with "zr68s"
L 02/18/2024 - 21:16:57: "[BONK] 草<35><STEAM_0:1:39165168><Jinrai>" killed "[GB] Puddy<29><STEAM_0:1:19453780><NSF>" with "grenade_projectile"
L 02/18/2024 - 21:17:05: "[BONK] Persica<39><STEAM_0:1:19015690><Jinrai>" say_team "why do they all 4 push us kino"
L 02/18/2024 - 21:17:06: "[BONK] Persica<39><STEAM_0:1:19015690><Jinrai>" say_team "lmao"
L 02/18/2024 - 21:17:08: "[BONK] kinoko<10><STEAM_0:0:83067719><Jinrai>" say_team "LOL"
L 02/18/2024 - 21:17:29: "soft as HELL<30><STEAM_0:1:14747705><NSF>" killed "[BONK] 草<35><STEAM_0:1:39165168><Jinrai>" with "mx"
L 02/18/2024 - 21:17:29: "[BONK] 草<35><STEAM_0:1:39165168><Jinrai>" say_team "100 Recon mx"
L 02/18/2024 - 21:17:56: "[BONK] Persica<39><STEAM_0:1:19015690><Jinrai>" say_team "zRTECON"
L 02/18/2024 - 21:17:57: "[BONK] Persica<39><STEAM_0:1:19015690><Jinrai>" say_team "RECONM"
L 02/18/2024 - 21:18:00: "jef<38><STEAM_0:1:42399966><Jinrai>" killed "soft as HELL<30><STEAM_0:1:14747705><NSF>" with "zr68c"
L 02/18/2024 - 21:18:00: "soft as HELL<30><STEAM_0:1:14747705><NSF>" say_team "27 Support zr68c"
L 02/18/2024 - 21:19:01: "[GB] Agiel<27><STEAM_0:1:25025><NSF>" killed "[BONK] Persica<39><STEAM_0:1:19015690><Jinrai>" with "zr68s"
L 02/18/2024 - 21:19:11: "[BONK] Persica<39><STEAM_0:1:19015690><Jinrai>" say "44 assault snake"
L 02/18/2024 - 21:19:19: "[BONK] Persica<39><STEAM_0:1:19015690><Jinrai>" say_team "44 assault snake"
L 02/18/2024 - 21:19:37: "soft as HELL<30><STEAM_0:1:14747705><NSF>" killed "jef<38><STEAM_0:1:42399966><Jinrai>" with "srm"
L 02/18/2024 - 21:19:38: "[GB] Puddy<29><STEAM_0:1:19453780><NSF>" killed "[BONK] Muffin-Dono<32><STEAM_0:1:42031632><Jinrai>" with "grenade_projectile"
L 02/18/2024 - 21:19:38: "suna<36><STEAM_0:1:29157668><NSF>" triggered "kill_assist"
L 02/18/2024 - 21:19:42: "[BONK] 草<35><STEAM_0:1:39165168><Jinrai>" killed "suna<36><STEAM_0:1:29157668><NSF>" with "zr68s"
L 02/18/2024 - 21:19:42: "[BONK] Muffin-Dono<32><STEAM_0:1:42031632><Jinrai>" triggered "kill_assist"
L 02/18/2024 - 21:19:42: "suna<36><STEAM_0:1:29157668><NSF>" say_team "16 Assault zr68s"
L 02/18/2024 - 21:19:43: "[GB] Agiel<27><STEAM_0:1:25025><NSF>" killed "[BONK] 草<35><STEAM_0:1:39165168><Jinrai>" with "zr68s"
L 02/18/2024 - 21:19:43: "[GB] Rain ☆彡<41><STEAM_0:0:15075092><NSF>" triggered "kill_assist"
L 02/18/2024 - 21:19:43: "[BONK] 草<35><STEAM_0:1:39165168><Jinrai>" say_team "44 Assault zr68s"
L 02/18/2024 - 21:19:44: "[BONK] kinoko<10><STEAM_0:0:83067719><Jinrai>" killed "soft as HELL<30><STEAM_0:1:14747705><NSF>" with "jittescoped"
L 02/18/2024 - 21:19:44: "jef<38><STEAM_0:1:42399966><Jinrai>" triggered "kill_assist"
L 02/18/2024 - 21:19:44: "soft as HELL<30><STEAM_0:1:14747705><NSF>" say_team "100 Recon jittescoped"
L 02/18/2024 - 21:19:56: "[GB] Rain ☆彡<41><STEAM_0:0:15075092><NSF>" killed "[BONK] kinoko<10><STEAM_0:0:83067719><Jinrai>" with "mx"
L 02/18/2024 - 21:19:56: "[BONK] kinoko<10><STEAM_0:0:83067719><Jinrai>" say_team "79 Assault mx"
L 02/18/2024 - 21:21:40: "[BONK] kinoko<10><STEAM_0:0:83067719><Jinrai>" killed "[GB] Puddy<29><STEAM_0:1:19453780><NSF>" with "mx"
L 02/18/2024 - 21:21:41: "[BONK] Persica<39><STEAM_0:1:19015690><Jinrai>" killed "[GB] Rain ☆彡<41><STEAM_0:0:15075092><NSF>" with "zr68c"
L 02/18/2024 - 21:21:41: "[BONK] kinoko<10><STEAM_0:0:83067719><Jinrai>" triggered "kill_assist"
L 02/18/2024 - 21:21:41: "[GB] Rain ☆彡<41><STEAM_0:0:15075092><NSF>" say_team "100 Recon zr68c"
L 02/18/2024 - 21:22:05: "[BONK] kinoko<10><STEAM_0:0:83067719><Jinrai>" killed "soft as HELL<30><STEAM_0:1:14747705><NSF>" with "mx"
L 02/18/2024 - 21:22:06: "soft as HELL<30><STEAM_0:1:14747705><NSF>" say_team "89 Recon mx"
L 02/18/2024 - 21:22:17: "suna<36><STEAM_0:1:29157668><NSF>" killed "[BONK] Persica<39><STEAM_0:1:19015690><Jinrai>" with "srm"
L 02/18/2024 - 21:22:20: "[BONK] kinoko<10><STEAM_0:0:83067719><Jinrai>" killed "[GB] Agiel<27><STEAM_0:1:25025><NSF>" with "mx"
L 02/18/2024 - 21:22:20: "jef<38><STEAM_0:1:42399966><Jinrai>" triggered "kill_assist"
L 02/18/2024 - 21:22:20: "[GB] Agiel<27><STEAM_0:1:25025><NSF>" say_team "89 Recon mx"
L 02/18/2024 - 21:22:24: "suna<36><STEAM_0:1:29157668><NSF>" killed "[BONK] kinoko<10><STEAM_0:0:83067719><Jinrai>" with "mx"
L 02/18/2024 - 21:22:24: "[BONK] kinoko<10><STEAM_0:0:83067719><Jinrai>" say_team "100 Recon mx"
L 02/18/2024 - 21:22:35: "[BONK] Muffin-Dono<32><STEAM_0:1:42031632><Jinrai>" killed "suna<36><STEAM_0:1:29157668><NSF>" with "mx"
L 02/18/2024 - 21:22:35: "suna<36><STEAM_0:1:29157668><NSF>" say_team "65 Assault mx"
L 02/18/2024 - 21:22:49: "[BONK] Muffin-Dono<32><STEAM_0:1:42031632><Jinrai>" say "skate park!"
L 02/18/2024 - 21:23:49: "[BONK] kinoko<10><STEAM_0:0:83067719><Jinrai>" killed "suna<36><STEAM_0:1:29157668><NSF>" with "mx"
L 02/18/2024 - 21:23:49: "suna<36><STEAM_0:1:29157668><NSF>" say_team "39 Recon mx"
L 02/18/2024 - 21:23:54: "soft as HELL<30><STEAM_0:1:14747705><NSF>" killed "[BONK] Persica<39><STEAM_0:1:19015690><Jinrai>" with "srm"
L 02/18/2024 - 21:24:19: "[GB] Agiel<27><STEAM_0:1:25025><NSF>" killed "[BONK] kinoko<10><STEAM_0:0:83067719><Jinrai>" with "zr68s"
L 02/18/2024 - 21:24:19: "suna<36><STEAM_0:1:29157668><NSF>" triggered "kill_assist"
L 02/18/2024 - 21:24:19: "[BONK] kinoko<10><STEAM_0:0:83067719><Jinrai>" say_team "100 Assault zr68s"
L 02/18/2024 - 21:24:24: "[BONK] Muffin-Dono<32><STEAM_0:1:42031632><Jinrai>" killed "soft as HELL<30><STEAM_0:1:14747705><NSF>" with "mx"
L 02/18/2024 - 21:24:24: "soft as HELL<30><STEAM_0:1:14747705><NSF>" say_team "100 Assault mx"
L 02/18/2024 - 21:24:41: "[BONK] Persica<39><STEAM_0:1:19015690><Jinrai>" say_team "they play so funny"
L 02/18/2024 - 21:24:45: "[BONK] Persica<39><STEAM_0:1:19015690><Jinrai>" say_team "if soft recon mx"
L 02/18/2024 - 21:24:46: "[BONK] kinoko<10><STEAM_0:0:83067719><Jinrai>" say_team "r6s in this bitch"
L 02/18/2024 - 21:25:01: "[BONK] Persica<39><STEAM_0:1:19015690><Jinrai>" say_team "they alternate between super aggro and just waiting"
L 02/18/2024 - 21:25:05: "[BONK] Persica<39><STEAM_0:1:19015690><Jinrai>" say_team "they're individually confusing"
L 02/18/2024 - 21:25:10: "jef<38><STEAM_0:1:42399966><Jinrai>" killed "[GB] Agiel<27><STEAM_0:1:25025><NSF>" with "srm"
L 02/18/2024 - 21:25:11: "[GB] Agiel<27><STEAM_0:1:25025><NSF>" say_team "100 Support srm"
L 02/18/2024 - 21:25:17: "[BONK] 草<35><STEAM_0:1:39165168><Jinrai>" killed "[GB] Puddy<29><STEAM_0:1:19453780><NSF>" with "mx"
L 02/18/2024 - 21:26:34: "[BONK] Persica<39><STEAM_0:1:19015690><Jinrai>" killed "[GB] Agiel<27><STEAM_0:1:25025><NSF>" with "mx"
L 02/18/2024 - 21:26:34: "[GB] Agiel<27><STEAM_0:1:25025><NSF>" say_team "100 Assault mx"
L 02/18/2024 - 21:27:17: "[BONK] kinoko<10><STEAM_0:0:83067719><Jinrai>" killed "[GB] Rain ☆彡<41><STEAM_0:0:15075092><NSF>" with "mx"
L 02/18/2024 - 21:27:17: "[BONK] Persica<39><STEAM_0:1:19015690><Jinrai>" triggered "kill_assist"
L 02/18/2024 - 21:27:17: "[GB] Rain ☆彡<41><STEAM_0:0:15075092><NSF>" say_team "100 Recon mx"
L 02/18/2024 - 21:27:20: "[BONK] kinoko<10><STEAM_0:0:83067719><Jinrai>" killed "suna<36><STEAM_0:1:29157668><NSF>" with "mx"
L 02/18/2024 - 21:27:20: "suna<36><STEAM_0:1:29157668><NSF>" say_team "100 Recon mx"
L 02/18/2024 - 21:27:30: "[BONK] kinoko<10><STEAM_0:0:83067719><Jinrai>" killed "[GB] Puddy<29><STEAM_0:1:19453780><NSF>" with "mx"
L 02/18/2024 - 21:27:32: "[BONK] kinoko<10><STEAM_0:0:83067719><Jinrai>" killed "soft as HELL<30><STEAM_0:1:14747705><NSF>" with "mx"
L 02/18/2024 - 21:27:32: "soft as HELL<30><STEAM_0:1:14747705><NSF>" say_team "7 Recon mx"
L 02/18/2024 - 21:27:40: "[BONK] Persica<39><STEAM_0:1:19015690><Jinrai>" say_team "i did 65 to rain <3"
L 02/18/2024 - 21:27:54: "[BONK] Persica<39><STEAM_0:1:19015690><Jinrai>" say_team "1 kill 1 65 dmg"
L 02/18/2024 - 21:28:22: "[BONK] kinoko<10><STEAM_0:0:83067719><Jinrai>" killed "[GB] Puddy<29><STEAM_0:1:19453780><NSF>" with "mx"
L 02/18/2024 - 21:28:23: "suna<36><STEAM_0:1:29157668><NSF>" killed "[BONK] kinoko<10><STEAM_0:0:83067719><Jinrai>" with "zr68c"
L 02/18/2024 - 21:28:23: "[GB] Puddy<29><STEAM_0:1:19453780><NSF>" triggered "kill_assist"
L 02/18/2024 - 21:28:23: "[BONK] kinoko<10><STEAM_0:0:83067719><Jinrai>" say_team "100 Recon zr68c"
L 02/18/2024 - 21:28:57: "jef<38><STEAM_0:1:42399966><Jinrai>" killed "soft as HELL<30><STEAM_0:1:14747705><NSF>" with "srm"
L 02/18/2024 - 21:28:57: "soft as HELL<30><STEAM_0:1:14747705><NSF>" say_team "48 Support srm"
L 02/18/2024 - 21:28:59: "[BONK] 草<35><STEAM_0:1:39165168><Jinrai>" killed "suna<36><STEAM_0:1:29157668><NSF>" with "mx"
L 02/18/2024 - 21:28:59: "suna<36><STEAM_0:1:29157668><NSF>" say_team "100 Assault mx"
L 02/18/2024 - 21:29:05: "[GB] Agiel<27><STEAM_0:1:25025><NSF>" killed "[BONK] Persica<39><STEAM_0:1:19015690><Jinrai>" with "mx"
L 02/18/2024 - 21:29:09: "[GB] Rain ☆彡<41><STEAM_0:0:15075092><NSF>" killed "[BONK] 草<35><STEAM_0:1:39165168><Jinrai>" with "mx"
L 02/18/2024 - 21:29:09: "[BONK] 草<35><STEAM_0:1:39165168><Jinrai>" say_team "39 Assault mx"
L 02/18/2024 - 21:29:10: "[BONK] Persica<39><STEAM_0:1:19015690><Jinrai>" say_team "didnt hit???"
L 02/18/2024 - 21:29:12: "[BONK] Muffin-Dono<32><STEAM_0:1:42031632><Jinrai>" killed "[GB] Agiel<27><STEAM_0:1:25025><NSF>" with "mx"
L 02/18/2024 - 21:29:12: "[GB] Agiel<27><STEAM_0:1:25025><NSF>" say_team "58 Assault mx"
L 02/18/2024 - 21:29:13: "[BONK] Muffin-Dono<32><STEAM_0:1:42031632><Jinrai>" killed "[GB] Rain ☆彡<41><STEAM_0:0:15075092><NSF>" with "mx"
L 02/18/2024 - 21:29:13: "[BONK] 草<35><STEAM_0:1:39165168><Jinrai>" triggered "kill_assist"
L 02/18/2024 - 21:29:13: "[GB] Rain ☆彡<41><STEAM_0:0:15075092><NSF>" say_team "38 Assault mx"
L 02/18/2024 - 21:29:32: "[BONK] kinoko<10><STEAM_0:0:83067719><Jinrai>" say "g"
L 02/18/2024 - 21:29:40: "[GB] Puddy<29><STEAM_0:1:19453780><NSF>" say "yeah"
L 02/18/2024 - 21:29:41: "[BONK] Persica<39><STEAM_0:1:19015690><Jinrai>" say "the real froggy g..."
L 02/18/2024 - 21:29:45: "[BONK] Persica<39><STEAM_0:1:19015690><Jinrai>" say "i miss awesomenauts"
L 02/18/2024 - 21:29:47: "[GB] Agiel<27><STEAM_0:1:25025><NSF>" say "we didnt think youd play like this"
L 02/18/2024 - 21:29:53: "[GB] Agiel<27><STEAM_0:1:25025><NSF>" say "all the previous rounds were ok tho"
L 02/18/2024 - 21:30:05: "[BONK] kinoko<10><STEAM_0:0:83067719><Jinrai>" killed "suna<36><STEAM_0:1:29157668><NSF>" with "mx"
L 02/18/2024 - 21:30:05: "suna<36><STEAM_0:1:29157668><NSF>" say_team "100 Recon mx"
L 02/18/2024 - 21:30:17: "[BONK] Persica<39><STEAM_0:1:19015690><Jinrai>" killed "soft as HELL<30><STEAM_0:1:14747705><NSF>" with "mx"
L 02/18/2024 - 21:30:17: "soft as HELL<30><STEAM_0:1:14747705><NSF>" say_team "100 Assault mx"
L 02/18/2024 - 21:30:26: "[GB] Puddy<29><STEAM_0:1:19453780><NSF>" killed "[BONK] kinoko<10><STEAM_0:0:83067719><Jinrai>" with "mx"
L 02/18/2024 - 21:30:26: "[BONK] kinoko<10><STEAM_0:0:83067719><Jinrai>" say_team "100 Assault mx"
L 02/18/2024 - 21:30:34: "[BONK] 草<35><STEAM_0:1:39165168><Jinrai>" killed "[GB] Puddy<29><STEAM_0:1:19453780><NSF>" with "mx"
L 02/18/2024 - 21:30:34: "[BONK] 草<35><STEAM_0:1:39165168><Jinrai>" killed "[GB] Rain ☆彡<41><STEAM_0:0:15075092><NSF>" with "grenade_projectile"
L 02/18/2024 - 21:30:34: "[GB] Rain ☆彡<41><STEAM_0:0:15075092><NSF>" say_team "100 Assault grenade_projectile"
L 02/18/2024 - 21:30:37: "[BONK] 草<35><STEAM_0:1:39165168><Jinrai>" killed "[GB] Agiel<27><STEAM_0:1:25025><NSF>" with "mx"
L 02/18/2024 - 21:30:37: "[GB] Agiel<27><STEAM_0:1:25025><NSF>" say_team "79 Assault mx"
L 02/18/2024 - 21:30:39: "[BONK] kinoko<10><STEAM_0:0:83067719><Jinrai>" say "[BONK] [BONK] [BONK] [BONK] [BONK] [BONK]"
L 02/18/2024 - 21:30:42: "[BONK] Muffin-Dono<32><STEAM_0:1:42031632><Jinrai>" say "gg"
L 02/18/2024 - 21:30:43: "[BONK] Persica<39><STEAM_0:1:19015690><Jinrai>" say "gg!"
L 02/18/2024 - 21:30:44: "[BONK] kinoko<10><STEAM_0:0:83067719><Jinrai>" say "gg!"
L 02/18/2024 - 21:30:46: "[GB] Rain ☆彡<41><STEAM_0:0:15075092><NSF>" say "gg"
L 02/18/2024 - 21:30:48: "suna<36><STEAM_0:1:29157668><NSF>" disconnected (reason "Disconnect by user.")
L 02/18/2024 - 21:30:49: "[GB] Puddy<29><STEAM_0:1:19453780><NSF>" say "gg"
L 02/18/2024 - 21:30:51: "soft as HELL<30><STEAM_0:1:14747705><NSF>" disconnected (reason "Disconnect by user.")
L 02/18/2024 - 21:30:52: "[GB] Puddy<29><STEAM_0:1:19453780><NSF>" disconnected (reason "Disconnect by user.")
L 02/18/2024 - 21:30:54: "[BONK] kinoko<10><STEAM_0:0:83067719><Jinrai>" say "[BONK] [BONK] [BONK] [BONK] [BONK] [BONK]"
L 02/18/2024 - 21:30:55: "[GB] Rain ☆彡<41><STEAM_0:0:15075092><NSF>" disconnected (reason "Disconnect by user.")
L 02/18/2024 - 21:30:57: "[GB] Agiel<27><STEAM_0:1:25025><NSF>" say "see you next year"
L 02/18/2024 - 21:30:58: "[Disembodied Camera] Oni<37><STEAM_0:1:10174276><Spectator>" disconnected (reason "Disconnect by user.")
L 02/18/2024 - 21:30:59: "[GB] Agiel<27><STEAM_0:1:25025><NSF>" disconnected (reason "Disconnect by user.")
L 02/18/2024 - 21:31:00: "[BONK] kinoko<10><STEAM_0:0:83067719><Jinrai>" say "cya next year"
L 02/18/2024 - 21:31:01: "[BONK] Muffin-Dono<32><STEAM_0:1:42031632><Jinrai>" say "[BONK] [BONK] [BONK] [BONK] [BONK] [BONK] [BONK] [BONK] [BONK] [BONK]"
L 02/18/2024 - 21:31:03: "[BONK] Muffin-Dono<32><STEAM_0:1:42031632><Jinrai>" say "[BONK] [BONK] [BONK] [BONK] [BONK] [BONK] [BONK] [BONK] [BONK] [BONK]"
L 02/18/2024 - 21:31:04: "[BONK] Muffin-Dono<32><STEAM_0:1:42031632><Jinrai>" say "[BONK] [BONK] [BONK] [BONK] [BONK] [BONK] [BONK] [BONK] [BONK] [BONK]"
L 02/18/2024 - 21:31:47: "[BONK] Persica<39><STEAM_0:1:19015690><Jinrai>" say "do they want to 3r5ddmap"
L 02/18/2024 - 21:31:52: "[BONK] Persica<39><STEAM_0:1:19015690><Jinrai>" say "showmatchj turmuk?"
L 02/18/2024 - 21:31:56: "jef<38><STEAM_0:1:42399966><Jinrai>" say "yes"
L 02/18/2024 - 21:32:06: "[BONK] Muffin-Dono<32><STEAM_0:1:42031632><Jinrai>" say "not for me"
L 02/18/2024 - 21:32:09: "[BONK] Muffin-Dono<32><STEAM_0:1:42031632><Jinrai>" say "ningu?"
L 02/18/2024 - 21:33:56: "[CAST] Infrequent<31><STEAM_0:1:6384081><Spectator>" disconnected (reason "Disconnect by user.")
L 02/18/2024 - 21:36:16: "[BONK] Muffin-Dono<32><STEAM_0:1:42031632><Jinrai>" disconnected (reason "Disconnect by user.")
L 02/18/2024 - 21:38:23: "[CAST-] Nutnoze<33><STEAM_0:1:9530793><Spectator>" changed name to "[AUX-] Nutnoze"
L 02/18/2024 - 21:38:24: "[AUX-] Nutnoze<33><STEAM_0:1:9530793><Spectator>" disconnected (reason "Disconnect by user.")
L 02/18/2024 - 21:46:55: "[DYS] xx<34><STEAM_0:0:8714446><Spectator>" disconnected (reason "Disconnect by user.")
L 02/18/2024 - 21:50:38: "[BONK] 草<35><STEAM_0:1:39165168><Jinrai>" disconnected (reason "Disconnect by user.")
L 02/18/2024 - 21:50:50: "jef<38><STEAM_0:1:42399966><Jinrai>" disconnected (reason "Disconnect by user.")
L 02/18/2024 - 21:56:04: "[BONK] kinoko<10><STEAM_0:0:83067719><Jinrai>" disconnected (reason "Disconnect by user.")
L 02/18/2024 - 21:56:22: "[BONK] Persica<39><STEAM_0:1:19015690><Jinrai>" disconnected (reason "Disconnect by user.")
L 02/19/2024 - 00:47:57: "[BONK] kinoko<42><STEAM_ID_PENDING><>" connected, address "213.219.122.223:27005"
L 02/19/2024 - 00:47:57: "[BONK] kinoko<42><STEAM_0:0:83067719><>" STEAM USERID validated
L 02/19/2024 - 00:48:06: "[BONK] kinoko<42><STEAM_0:0:83067719><>" entered the game
L 02/19/2024 - 00:48:35: "Larry_of_Larrytown<43><STEAM_ID_PENDING><>" connected, address "99.118.236.48:27005"
L 02/19/2024 - 00:48:36: "Larry_of_Larrytown<43><STEAM_0:0:24203712><>" STEAM USERID validated
L 02/19/2024 - 00:48:39: "[BONK] Ningurist<44><STEAM_ID_PENDING><>" connected, address "178.251.109.235:27005"
L 02/19/2024 - 00:48:39: "[BONK] Ningurist<44><STEAM_0:0:156832755><>" STEAM USERID validated
L 02/19/2024 - 00:48:40: "[BONK] kinoko<42><STEAM_0:0:83067719><Unassigned>" joined team "NSF"
L 02/19/2024 - 00:48:44: "[BONK] Ningurist<44><STEAM_0:0:156832755><>" entered the game
L 02/19/2024 - 00:48:49: "[BONK] StellaNova<45><STEAM_ID_PENDING><>" connected, address "5.48.156.240:27005"
L 02/19/2024 - 00:48:49: "[BONK] StellaNova<45><STEAM_0:0:31290862><>" STEAM USERID validated
L 02/19/2024 - 00:48:53: "[BONK] StellaNova<45><STEAM_0:0:31290862><>" entered the game
L 02/19/2024 - 00:48:54: "[ATEA] Steve'o<46><STEAM_ID_PENDING><>" connected, address "129.222.76.27:48196"
L 02/19/2024 - 00:48:54: "[ATEA] Steve'o<46><STEAM_0:0:58236849><>" STEAM USERID validated
L 02/19/2024 - 00:49:05: "[BONK] kinoko<42><STEAM_0:0:83067719><NSF>" say "!admin"
L 02/19/2024 - 00:49:11: "Larry_of_Larrytown<43><STEAM_0:0:24203712><>" entered the game
L 02/19/2024 - 00:49:15: "Larry_of_Larrytown<43><STEAM_0:0:24203712><Unassigned>" joined team "Spectator"
L 02/19/2024 - 00:50:02: "[BONK] StellaNova<45><STEAM_0:0:31290862><Unassigned>" joined team "Jinrai"
L 02/19/2024 - 00:50:22: "[ATEA] Steve'o<46><STEAM_0:0:58236849><>" entered the game
L 02/19/2024 - 00:50:27: "[ATEA] Steve'o<46><STEAM_0:0:58236849><Unassigned>" joined team "Spectator"
L 02/19/2024 - 00:50:32: "[BONK] 草<47><STEAM_ID_PENDING><>" connected, address "95.33.147.110:27005"
L 02/19/2024 - 00:50:32: "[BONK] 草<47><STEAM_0:1:39165168><>" STEAM USERID validated
L 02/19/2024 - 00:50:35: "[BONK] 草<47><STEAM_0:1:39165168><>" entered the game
L 02/19/2024 - 00:50:57: "[BONK] 草<47><STEAM_0:1:39165168><Unassigned>" joined team "Spectator"
L 02/19/2024 - 00:51:22: "[BONK] Ningurist<44><STEAM_0:0:156832755><Unassigned>" joined team "Spectator"
L 02/19/2024 - 00:51:27: "[BONK] StellaNova<45><STEAM_0:0:31290862><Jinrai>" say "meow"
L 02/19/2024 - 00:51:32: "[ATEA] Steve'o<46><STEAM_0:0:58236849><Spectator>" say "mrrp"
L 02/19/2024 - 00:51:46: "[BONK] Ningurist<44><STEAM_0:0:156832755><Spectator>" disconnected (reason "Disconnect by user.")
L 02/19/2024 - 00:51:46: "[BONK] Ningurist<48><STEAM_ID_PENDING><>" connected, address "178.251.109.235:27005"
L 02/19/2024 - 00:51:46: "[BONK] Ningurist<48><STEAM_0:0:156832755><>" STEAM USERID validated
L 02/19/2024 - 00:51:47: "[BONK] Ningurist<48><STEAM_0:0:156832755><>" entered the game
L 02/19/2024 - 00:51:49: "[BONK] Ningurist<48><STEAM_0:0:156832755><Unassigned>" joined team "Spectator"
L 02/19/2024 - 00:51:59: "[BONK] StellaNova<45><STEAM_0:0:31290862><Jinrai>" say "Steveo trans confirmed, we got another one"
L 02/19/2024 - 00:52:04: "[BONK] kinoko<42><STEAM_0:0:83067719><NSF>" say "whar"
L 02/19/2024 - 00:52:05: "[BONK] StellaNova<45><STEAM_0:0:31290862><Jinrai>" say_team "!nominate"
L 02/19/2024 - 00:52:06: "[ATEA] Steve'o<46><STEAM_0:0:58236849><Spectator>" say "whar"
L 02/19/2024 - 00:52:15: "[BONK] kinoko<42><STEAM_0:0:83067719><NSF>" say "!map nt_turmuktu_ctg_a2"
L 02/19/2024 - 00:52:19: [META] Loaded 0 plugins (1 already loaded)
L 02/19/2024 - 00:52:19: [META] Loaded 0 plugins (1 already loaded)
L 02/19/2024 - 00:52:19: Log file closed
