L 02/03/2024 - 20:24:30: Log file started (file "logs\L0203016.log") (game "c:\servers\eurotokyo\NeotokyoSource") (version "4044")
L 02/03/2024 - 20:24:30: server_cvar: "sv_pausable" "0"
L 02/03/2024 - 20:24:30: server_cvar: "sv_gravity" "800"
L 02/03/2024 - 20:24:30: server_cvar: "mp_friendlyfire" "1"
L 02/03/2024 - 20:24:30: server_cvar: "tv_password" "***PROTECTED***"
L 02/03/2024 - 20:24:30: server_cvar: "tv_relaypassword" "***PROTECTED***"
L 02/03/2024 - 20:24:35: "[BONK] tentacleRelaxation<17><STEAM_0:1:40829603><>" entered the game
L 02/03/2024 - 20:24:37: "[TagsR4Nerds] Average<18><STEAM_0:1:57251237><>" entered the game
L 02/03/2024 - 20:24:41: "[BONK] Ningurist<15><STEAM_0:0:156832755><>" entered the game
L 02/03/2024 - 20:24:42: "[BONK] Persica<14><STEAM_0:1:19015690><>" entered the game
L 02/03/2024 - 20:24:44: "[C^2]Myokonin<20><STEAM_0:1:39882458><>" entered the game
L 02/03/2024 - 20:24:44: "[TagsR4Nerds] Average<18><STEAM_0:1:57251237><Unassigned>" joined team "Jinrai"
L 02/03/2024 - 20:24:45: "[BONK] Persica<14><STEAM_0:1:19015690><Unassigned>" joined team "NSF"
L 02/03/2024 - 20:24:46: "[=]neotokyosnood<16><STEAM_0:1:47222322><>" entered the game
L 02/03/2024 - 20:24:46: "[C^2]Myokonin<20><STEAM_0:1:39882458><Unassigned>" joined team "Jinrai"
L 02/03/2024 - 20:24:47: "[BONK] tentacleRelaxation<17><STEAM_0:1:40829603><Unassigned>" joined team "Spectator"
L 02/03/2024 - 20:24:47: "[=]Pyromaniac<19><STEAM_0:1:25398391><>" entered the game
L 02/03/2024 - 20:24:47: "[BONK] Ningurist<15><STEAM_0:0:156832755><Unassigned>" joined team "NSF"
L 02/03/2024 - 20:24:48: "[=]neotokyosnood<16><STEAM_0:1:47222322><Unassigned>" joined team "Jinrai"
L 02/03/2024 - 20:24:51: "[BONK] tentacleRelaxation<17><STEAM_0:1:40829603><Spectator>" joined team "NSF"
L 02/03/2024 - 20:25:00: "[=]neotokyosnood<16><STEAM_0:1:47222322><Jinrai>" say "!ready"
L 02/03/2024 - 20:25:00: "[BONK] Masterkatze<12><STEAM_0:0:30137778><>" disconnected (reason "Connection closing")
L 02/03/2024 - 20:25:00: "[BONK] Masterkatze<22><STEAM_ID_PENDING><>" connected, address "37.45.161.28:27005"
L 02/03/2024 - 20:25:00: "[BONK] Masterkatze<22><STEAM_0:0:30137778><>" STEAM USERID validated
L 02/03/2024 - 20:25:03: "[=]Pyromaniac<19><STEAM_0:1:25398391><Unassigned>" joined team "Jinrai"
L 02/03/2024 - 20:25:06: "TakaVerosa<21><STEAM_0:0:79516516><>" entered the game
L 02/03/2024 - 20:25:09: "[BONK] Masterkatze<22><STEAM_0:0:30137778><>" entered the game
L 02/03/2024 - 20:25:09: "[C^2]Myokonin<20><STEAM_0:1:39882458><Jinrai>" say "!ready"
L 02/03/2024 - 20:25:11: "[BONK] Masterkatze<22><STEAM_0:0:30137778><Unassigned>" joined team "NSF"
L 02/03/2024 - 20:25:18: "[BONK] Masterkatze<22><STEAM_0:0:30137778><NSF>" committed suicide with "player"
L 02/03/2024 - 20:25:23: "[BONK] 草<13><STEAM_0:1:39165168><>" entered the game
L 02/03/2024 - 20:25:29: "[BONK] 草<13><STEAM_0:1:39165168><Unassigned>" joined team "NSF"
L 02/03/2024 - 20:25:33: "TakaVerosa<21><STEAM_0:0:79516516><Unassigned>" joined team "Jinrai"
L 02/03/2024 - 20:25:41: "[BONK] Persica<14><STEAM_0:1:19015690><NSF>" say "!ready"
L 02/03/2024 - 20:25:44: "[BONK] Ningurist<15><STEAM_0:0:156832755><NSF>" say "!ready"
L 02/03/2024 - 20:25:44: "TakaVerosa<21><STEAM_0:0:79516516><Jinrai>" say "!ready"
L 02/03/2024 - 20:25:45: "[=]neotokyosnood<16><STEAM_0:1:47222322><Jinrai>" say_team "!ready"
L 02/03/2024 - 20:25:46: "[BONK] Ningurist<15><STEAM_0:0:156832755><NSF>" say "!readylist"
L 02/03/2024 - 20:25:47: "[BONK] 草<13><STEAM_0:1:39165168><NSF>" say "!ready"
L 02/03/2024 - 20:25:48: "[BONK] Masterkatze<22><STEAM_0:0:30137778><NSF>" say "!ready"
L 02/03/2024 - 20:25:52: "[BONK] tentacleRelaxation<17><STEAM_0:1:40829603><NSF>" say "!ready"
L 02/03/2024 - 20:25:56: "[TagsR4Nerds] Average<18><STEAM_0:1:57251237><Jinrai>" say "!ready"
L 02/03/2024 - 20:25:58: "[BONK] Ningurist<15><STEAM_0:0:156832755><NSF>" say_team "any trades?"
L 02/03/2024 - 20:26:07: "[=]Pyromaniac<19><STEAM_0:1:25398391><Jinrai>" say "!ready"
L 02/03/2024 - 20:26:07: "[BONK] tentacleRelaxation<17><STEAM_0:1:40829603><NSF>" say "can i get a kitkat for your snickers"
L 02/03/2024 - 20:26:10: "[TagsR4Nerds] Average<18><STEAM_0:1:57251237><Jinrai>" say_team "brackets begin next round"
L 02/03/2024 - 20:27:00: "[BONK] Persica<14><STEAM_0:1:19015690><NSF>" killed "[C^2]Myokonin<20><STEAM_0:1:39882458><Jinrai>" with "zr68s"
L 02/03/2024 - 20:27:04: "[BONK] Persica<14><STEAM_0:1:19015690><NSF>" killed "[=]neotokyosnood<16><STEAM_0:1:47222322><Jinrai>" with "zr68s"
L 02/03/2024 - 20:27:07: "[BONK] Persica<14><STEAM_0:1:19015690><NSF>" killed "[TagsR4Nerds] Average<18><STEAM_0:1:57251237><Jinrai>" with "grenade_projectile"
L 02/03/2024 - 20:27:08: "[BONK] Masterkatze<22><STEAM_0:0:30137778><NSF>" killed "TakaVerosa<21><STEAM_0:0:79516516><Jinrai>" with "zr68s"
L 02/03/2024 - 20:27:09: "[BONK] Ningurist<15><STEAM_0:0:156832755><NSF>" say_team "conveo"
L 02/03/2024 - 20:27:10: "[BONK] Ningurist<15><STEAM_0:0:156832755><NSF>" say_team "their side"
L 02/03/2024 - 20:27:11: "[BONK] Ningurist<15><STEAM_0:0:156832755><NSF>" say_team "retreat"
L 02/03/2024 - 20:27:13: "[BONK] Ningurist<15><STEAM_0:0:156832755><NSF>" say_team "ing"
L 02/03/2024 - 20:27:29: "[BONK] tentacleRelaxation<17><STEAM_0:1:40829603><NSF>" killed "[=]Pyromaniac<19><STEAM_0:1:25398391><Jinrai>" with "zr68s"
L 02/03/2024 - 20:27:29: "[BONK] Persica<14><STEAM_0:1:19015690><NSF>" triggered "kill_assist"
L 02/03/2024 - 20:28:17: "[BONK] Persica<14><STEAM_0:1:19015690><NSF>" killed "[=]Pyromaniac<19><STEAM_0:1:25398391><Jinrai>" with "jittescoped"
L 02/03/2024 - 20:28:22: "[BONK] Masterkatze<22><STEAM_0:0:30137778><NSF>" killed "[C^2]Myokonin<20><STEAM_0:1:39882458><Jinrai>" with "zr68s"
L 02/03/2024 - 20:28:26: "TakaVerosa<21><STEAM_0:0:79516516><Jinrai>" killed "[BONK] Masterkatze<22><STEAM_0:0:30137778><NSF>" with "zr68c"
L 02/03/2024 - 20:28:34: "[TagsR4Nerds] Average<18><STEAM_0:1:57251237><Jinrai>" killed "[BONK] tentacleRelaxation<17><STEAM_0:1:40829603><NSF>" with "zr68s"
L 02/03/2024 - 20:28:39: "[BONK] Ningurist<15><STEAM_0:0:156832755><NSF>" say_team "window"
L 02/03/2024 - 20:28:40: "[BONK] Ningurist<15><STEAM_0:0:156832755><NSF>" say_team "small"
L 02/03/2024 - 20:28:50: "[BONK] 草<13><STEAM_0:1:39165168><NSF>" killed "[TagsR4Nerds] Average<18><STEAM_0:1:57251237><Jinrai>" with "zr68s"
L 02/03/2024 - 20:29:02: "[BONK] Ningurist<15><STEAM_0:0:156832755><NSF>" say_team "Advancing!"
L 02/03/2024 - 20:29:16: "[BONK] Persica<14><STEAM_0:1:19015690><NSF>" killed "TakaVerosa<21><STEAM_0:0:79516516><Jinrai>" with "jittescoped"
L 02/03/2024 - 20:29:16: "[BONK] Ningurist<15><STEAM_0:0:156832755><NSF>" triggered "kill_assist"
L 02/03/2024 - 20:29:25: "[BONK] Persica<14><STEAM_0:1:19015690><NSF>" killed "[=]neotokyosnood<16><STEAM_0:1:47222322><Jinrai>" with "jittescoped"
L 02/03/2024 - 20:30:07: "[=]Pyromaniac<19><STEAM_0:1:25398391><Jinrai>" killed "[BONK] tentacleRelaxation<17><STEAM_0:1:40829603><NSF>" with "zr68s"
L 02/03/2024 - 20:30:11: "[=]Pyromaniac<19><STEAM_0:1:25398391><Jinrai>" killed "[BONK] Persica<14><STEAM_0:1:19015690><NSF>" with "zr68s"
L 02/03/2024 - 20:30:12: "[BONK] Masterkatze<22><STEAM_0:0:30137778><NSF>" killed "[TagsR4Nerds] Average<18><STEAM_0:1:57251237><Jinrai>" with "zr68s"
L 02/03/2024 - 20:30:12: "[BONK] Persica<14><STEAM_0:1:19015690><NSF>" triggered "kill_assist"
L 02/03/2024 - 20:30:20: "[=]Pyromaniac<19><STEAM_0:1:25398391><Jinrai>" killed "[BONK] Masterkatze<22><STEAM_0:0:30137778><NSF>" with "zr68s"
L 02/03/2024 - 20:30:33: "[BONK] Ningurist<15><STEAM_0:0:156832755><NSF>" say_team "sewer"
L 02/03/2024 - 20:30:39: "[BONK] Ningurist<15><STEAM_0:0:156832755><NSF>" killed "[=]Pyromaniac<19><STEAM_0:1:25398391><Jinrai>" with "jittescoped"
L 02/03/2024 - 20:30:58: "[BONK] Ningurist<15><STEAM_0:0:156832755><NSF>" say_team "fuck it"
L 02/03/2024 - 20:30:58: "[BONK] Ningurist<15><STEAM_0:0:156832755><NSF>" say_team "mpn"
L 02/03/2024 - 20:31:01: "[BONK] Ningurist<15><STEAM_0:0:156832755><NSF>" say_team "ok"
L 02/03/2024 - 20:31:08: "[BONK] 草<13><STEAM_0:1:39165168><NSF>" killed "TakaVerosa<21><STEAM_0:0:79516516><Jinrai>" with "grenade_detapack"
L 02/03/2024 - 20:31:08: "[BONK] 草<13><STEAM_0:1:39165168><NSF>" killed "[=]neotokyosnood<16><STEAM_0:1:47222322><Jinrai>" with "grenade_detapack"
L 02/03/2024 - 20:31:15: "[C^2]Myokonin<20><STEAM_0:1:39882458><Jinrai>" killed "[BONK] Ningurist<15><STEAM_0:0:156832755><NSF>" with "zr68s"
L 02/03/2024 - 20:31:18: "[BONK] Ningurist<15><STEAM_0:0:156832755><NSF>" say_team "7 main"
L 02/03/2024 - 20:31:19: "[BONK] Ningurist<15><STEAM_0:0:156832755><NSF>" say_team "below"
L 02/03/2024 - 20:31:22: "[BONK] Ningurist<15><STEAM_0:0:156832755><NSF>" say_team "going to conve"
L 02/03/2024 - 20:31:26: "[BONK] Ningurist<15><STEAM_0:0:156832755><NSF>" say_team "server hall"
L 02/03/2024 - 20:31:28: "[BONK] Ningurist<15><STEAM_0:0:156832755><NSF>" say_team "center"
L 02/03/2024 - 20:31:33: "[BONK] Ningurist<15><STEAM_0:0:156832755><NSF>" say_team "7 hp assault"
L 02/03/2024 - 20:31:37: "[BONK] 草<13><STEAM_0:1:39165168><NSF>" killed "[C^2]Myokonin<20><STEAM_0:1:39882458><Jinrai>" with "milso"
L 02/03/2024 - 20:31:37: "[BONK] Ningurist<15><STEAM_0:0:156832755><NSF>" triggered "kill_assist"
L 02/03/2024 - 20:32:23: "[BONK] Masterkatze<22><STEAM_0:0:30137778><NSF>" killed "[TagsR4Nerds] Average<18><STEAM_0:1:57251237><Jinrai>" with "zr68s"
L 02/03/2024 - 20:32:27: "[TagsR4Nerds] Average<18><STEAM_0:1:57251237><Jinrai>" say "ffs "
L 02/03/2024 - 20:32:32: "[=]neotokyosnood<16><STEAM_0:1:47222322><Jinrai>" killed "[BONK] tentacleRelaxation<17><STEAM_0:1:40829603><NSF>" with "supa7"
L 02/03/2024 - 20:32:35: "[TagsR4Nerds] Average<18><STEAM_0:1:57251237><Jinrai>" say "this game sucks "
L 02/03/2024 - 20:32:39: "[BONK] Ningurist<15><STEAM_0:0:156832755><NSF>" killed "TakaVerosa<21><STEAM_0:0:79516516><Jinrai>" with "mx"
L 02/03/2024 - 20:32:47: "[BONK] Ningurist<15><STEAM_0:0:156832755><NSF>" killed "[=]neotokyosnood<16><STEAM_0:1:47222322><Jinrai>" with "mx"
L 02/03/2024 - 20:32:54: "[BONK] Ningurist<15><STEAM_0:0:156832755><NSF>" say "damn snood"
L 02/03/2024 - 20:32:57: "[BONK] Ningurist<15><STEAM_0:0:156832755><NSF>" say "that was really unlucky"
L 02/03/2024 - 20:33:00: "[BONK] 草<13><STEAM_0:1:39165168><NSF>" killed "[=]Pyromaniac<19><STEAM_0:1:25398391><Jinrai>" with "mpn"
L 02/03/2024 - 20:33:00: "[BONK] Persica<14><STEAM_0:1:19015690><NSF>" triggered "kill_assist"
L 02/03/2024 - 20:33:02: "[=]neotokyosnood<16><STEAM_0:1:47222322><Jinrai>" say "yeah"
L 02/03/2024 - 20:33:06: "[BONK] Persica<14><STEAM_0:1:19015690><NSF>" killed "[C^2]Myokonin<20><STEAM_0:1:39882458><Jinrai>" with "jittescoped"
L 02/03/2024 - 20:33:15: "[BONK] Ningurist<15><STEAM_0:0:156832755><NSF>" say_team "we should grab the ghost more often"
L 02/03/2024 - 20:33:34: "[BONK] Ningurist<15><STEAM_0:0:156832755><NSF>" say_team "i can go recon/assault next round for practice"
L 02/03/2024 - 20:33:48: "[=]Pyromaniac<19><STEAM_0:1:25398391><Jinrai>" killed "[BONK] Persica<14><STEAM_0:1:19015690><NSF>" with "zr68s"
L 02/03/2024 - 20:33:54: "[BONK] Ningurist<15><STEAM_0:0:156832755><NSF>" say_team "sewer top"
L 02/03/2024 - 20:33:58: "[=]Pyromaniac<19><STEAM_0:1:25398391><Jinrai>" killed "[BONK] tentacleRelaxation<17><STEAM_0:1:40829603><NSF>" with "grenade_projectile"
L 02/03/2024 - 20:34:00: "[BONK] Ningurist<15><STEAM_0:0:156832755><NSF>" killed "[TagsR4Nerds] Average<18><STEAM_0:1:57251237><Jinrai>" with "mx"
L 02/03/2024 - 20:34:10: "[BONK] 草<13><STEAM_0:1:39165168><NSF>" killed "[C^2]Myokonin<20><STEAM_0:1:39882458><Jinrai>" with "mpn"
L 02/03/2024 - 20:34:22: "[BONK] Ningurist<15><STEAM_0:0:156832755><NSF>" say_team "sewer flank?"
L 02/03/2024 - 20:34:23: "[BONK] Ningurist<15><STEAM_0:0:156832755><NSF>" say_team "or top"
L 02/03/2024 - 20:34:25: "[BONK] Ningurist<15><STEAM_0:0:156832755><NSF>" say_team "assault"
L 02/03/2024 - 20:35:07: "[BONK] Ningurist<15><STEAM_0:0:156832755><NSF>" killed "[=]Pyromaniac<19><STEAM_0:1:25398391><Jinrai>" with "mx"
L 02/03/2024 - 20:35:15: "[=]neotokyosnood<16><STEAM_0:1:47222322><Jinrai>" killed "[BONK] Masterkatze<22><STEAM_0:0:30137778><NSF>" with "supa7"
L 02/03/2024 - 20:35:39: "[BONK] Ningurist<15><STEAM_0:0:156832755><NSF>" say_team "Advancing!"
L 02/03/2024 - 20:35:41: "[BONK] Ningurist<15><STEAM_0:0:156832755><NSF>" killed "[=]neotokyosnood<16><STEAM_0:1:47222322><Jinrai>" with "mx"
L 02/03/2024 - 20:35:41: "[BONK] Masterkatze<22><STEAM_0:0:30137778><NSF>" triggered "kill_assist"
L 02/03/2024 - 20:35:52: Team "NSF" triggered "ghost_capture_team"
L 02/03/2024 - 20:35:52: "[BONK] 草<13><STEAM_0:1:39165168><NSF>" triggered "ghost_capture"
L 02/03/2024 - 20:35:55: "[BONK] Ningurist<15><STEAM_0:0:156832755><NSF>" killed "TakaVerosa<21><STEAM_0:0:79516516><Jinrai>" with "mx"
L 02/03/2024 - 20:36:00: "[BONK] Ningurist<15><STEAM_0:0:156832755><NSF>" say_team "recon time"
L 02/03/2024 - 20:36:37: "[BONK] Ningurist<15><STEAM_0:0:156832755><NSF>" killed "[=]Pyromaniac<19><STEAM_0:1:25398391><Jinrai>" with "supa7"
L 02/03/2024 - 20:36:52: "[=]neotokyosnood<16><STEAM_0:1:47222322><Jinrai>" killed "[BONK] Ningurist<15><STEAM_0:0:156832755><NSF>" with "zr68s"
L 02/03/2024 - 20:36:54: "[BONK] Ningurist<15><STEAM_0:0:156832755><NSF>" say_team "sewer top"
L 02/03/2024 - 20:36:56: "[BONK] Ningurist<15><STEAM_0:0:156832755><NSF>" say_team "in the snake"
L 02/03/2024 - 20:36:59: "[BONK] Ningurist<15><STEAM_0:0:156832755><NSF>" say_team "77 assault zrs"
L 02/03/2024 - 20:37:06: "[BONK] Persica<14><STEAM_0:1:19015690><NSF>" killed "[TagsR4Nerds] Average<18><STEAM_0:1:57251237><Jinrai>" with "jittescoped"
L 02/03/2024 - 20:37:16: "[BONK] Masterkatze<22><STEAM_0:0:30137778><NSF>" killed "[=]neotokyosnood<16><STEAM_0:1:47222322><Jinrai>" with "mx"
L 02/03/2024 - 20:37:19: "[BONK] tentacleRelaxation<17><STEAM_0:1:40829603><NSF>" killed "TakaVerosa<21><STEAM_0:0:79516516><Jinrai>" with "zr68s"
L 02/03/2024 - 20:37:19: "[BONK] Persica<14><STEAM_0:1:19015690><NSF>" triggered "kill_assist"
L 02/03/2024 - 20:37:20: "[C^2]Myokonin<20><STEAM_0:1:39882458><Jinrai>" killed "[BONK] Masterkatze<22><STEAM_0:0:30137778><NSF>" with "zr68s"
L 02/03/2024 - 20:37:39: Team "NSF" triggered "ghost_capture_team"
L 02/03/2024 - 20:37:39: "[BONK] 草<13><STEAM_0:1:39165168><NSF>" triggered "ghost_capture"
L 02/03/2024 - 20:37:59: "[BONK] Ningurist<15><STEAM_0:0:156832755><NSF>" say_team "i go sewer"
L 02/03/2024 - 20:38:00: "[BONK] Ningurist<15><STEAM_0:0:156832755><NSF>" say_team "i kill"
L 02/03/2024 - 20:38:08: "[BONK] Masterkatze<22><STEAM_0:0:30137778><NSF>" say_team "if it works it works"
L 02/03/2024 - 20:38:31: "[BONK] Ningurist<15><STEAM_0:0:156832755><NSF>" say_team "seems empty"
L 02/03/2024 - 20:38:37: "TakaVerosa<21><STEAM_0:0:79516516><Jinrai>" killed "[BONK] Masterkatze<22><STEAM_0:0:30137778><NSF>" with "zr68c"
L 02/03/2024 - 20:38:43: "[BONK] Ningurist<15><STEAM_0:0:156832755><NSF>" killed "TakaVerosa<21><STEAM_0:0:79516516><Jinrai>" with "supa7"
L 02/03/2024 - 20:38:47: "[BONK] Persica<14><STEAM_0:1:19015690><NSF>" killed "[=]Pyromaniac<19><STEAM_0:1:25398391><Jinrai>" with "m41s"
L 02/03/2024 - 20:38:53: "[TagsR4Nerds] Average<18><STEAM_0:1:57251237><Jinrai>" killed "[BONK] Persica<14><STEAM_0:1:19015690><NSF>" with "zr68s"
L 02/03/2024 - 20:38:53: "[=]Pyromaniac<19><STEAM_0:1:25398391><Jinrai>" triggered "kill_assist"
L 02/03/2024 - 20:39:02: "[BONK] Ningurist<15><STEAM_0:0:156832755><NSF>" killed "[TagsR4Nerds] Average<18><STEAM_0:1:57251237><Jinrai>" with "supa7"
L 02/03/2024 - 20:39:02: "[BONK] Persica<14><STEAM_0:1:19015690><NSF>" triggered "kill_assist"
L 02/03/2024 - 20:39:09: "[C^2]Myokonin<20><STEAM_0:1:39882458><Jinrai>" killed "[BONK] tentacleRelaxation<17><STEAM_0:1:40829603><NSF>" with "zr68s"
L 02/03/2024 - 20:39:13: "[BONK] Ningurist<15><STEAM_0:0:156832755><NSF>" killed "[=]neotokyosnood<16><STEAM_0:1:47222322><Jinrai>" with "supa7"
L 02/03/2024 - 20:39:25: "[BONK] Ningurist<15><STEAM_0:0:156832755><NSF>" killed "[C^2]Myokonin<20><STEAM_0:1:39882458><Jinrai>" with "supa7"
L 02/03/2024 - 20:39:48: "[BONK] Ningurist<15><STEAM_0:0:156832755><NSF>" say_team "this feels like bullying"
L 02/03/2024 - 20:39:56: "[BONK] Ningurist<15><STEAM_0:0:156832755><NSF>" say_team "OH NO"
L 02/03/2024 - 20:40:02: "[BONK] Ningurist<15><STEAM_0:0:156832755><NSF>" say_team "it is"
L 02/03/2024 - 20:40:17: "[TagsR4Nerds] Average<18><STEAM_0:1:57251237><Jinrai>" killed "[BONK] Ningurist<15><STEAM_0:0:156832755><NSF>" with "zr68s"
L 02/03/2024 - 20:40:20: "[BONK] Ningurist<15><STEAM_0:0:156832755><NSF>" say_team "STUCK"
L 02/03/2024 - 20:40:22: "[BONK] Ningurist<15><STEAM_0:0:156832755><NSF>" say_team "maybe skyb their side"
L 02/03/2024 - 20:40:23: "[BONK] Ningurist<15><STEAM_0:0:156832755><NSF>" say_team "7 zrs"
L 02/03/2024 - 20:40:25: "[BONK] Persica<14><STEAM_0:1:19015690><NSF>" killed "[C^2]Myokonin<20><STEAM_0:1:39882458><Jinrai>" with "srs"
L 02/03/2024 - 20:40:26: "TakaVerosa<21><STEAM_0:0:79516516><Jinrai>" killed "[BONK] tentacleRelaxation<17><STEAM_0:1:40829603><NSF>" with "zr68c"
L 02/03/2024 - 20:40:37: "[BONK] Persica<14><STEAM_0:1:19015690><NSF>" killed "[TagsR4Nerds] Average<18><STEAM_0:1:57251237><Jinrai>" with "srs"
L 02/03/2024 - 20:40:39: "[=]Pyromaniac<19><STEAM_0:1:25398391><Jinrai>" killed "[BONK] 草<13><STEAM_0:1:39165168><NSF>" with "mx"
L 02/03/2024 - 20:40:52: "[BONK] Ningurist<15><STEAM_0:0:156832755><NSF>" say_team "WE LOST THE GAME"
L 02/03/2024 - 20:40:56: "[BONK] Ningurist<15><STEAM_0:0:156832755><NSF>" say_team "VIP IS DOWN"
L 02/03/2024 - 20:40:59: "[BONK] Masterkatze<22><STEAM_0:0:30137778><NSF>" killed "[=]Pyromaniac<19><STEAM_0:1:25398391><Jinrai>" with "grenade_projectile"
L 02/03/2024 - 20:41:53: "[BONK] Masterkatze<22><STEAM_0:0:30137778><NSF>" killed "TakaVerosa<21><STEAM_0:0:79516516><Jinrai>" with "mx"
L 02/03/2024 - 20:41:53: "[BONK] tentacleRelaxation<17><STEAM_0:1:40829603><NSF>" triggered "kill_assist"
L 02/03/2024 - 20:42:17: "[BONK] Ningurist<15><STEAM_0:0:156832755><NSF>" say_team "i go mosk"
L 02/03/2024 - 20:42:18: "[BONK] Ningurist<15><STEAM_0:0:156832755><NSF>" say_team "mosok"
L 02/03/2024 - 20:42:44: "[BONK] Ningurist<15><STEAM_0:0:156832755><NSF>" killed "[TagsR4Nerds] Average<18><STEAM_0:1:57251237><Jinrai>" with "m41s"
L 02/03/2024 - 20:43:00: "[BONK] Ningurist<15><STEAM_0:0:156832755><NSF>" say_team "conveyor assault retreating"
L 02/03/2024 - 20:43:03: "[BONK] Ningurist<15><STEAM_0:0:156832755><NSF>" say_team "heavily wounded"
L 02/03/2024 - 20:43:11: "[BONK] tentacleRelaxation<17><STEAM_0:1:40829603><NSF>" killed "TakaVerosa<21><STEAM_0:0:79516516><Jinrai>" with "mx"
L 02/03/2024 - 20:43:11: "[BONK] Persica<14><STEAM_0:1:19015690><NSF>" triggered "kill_assist"
L 02/03/2024 - 20:43:16: "[BONK] Masterkatze<22><STEAM_0:0:30137778><NSF>" killed "[=]Pyromaniac<19><STEAM_0:1:25398391><Jinrai>" with "mx"
L 02/03/2024 - 20:43:16: "[BONK] Persica<14><STEAM_0:1:19015690><NSF>" triggered "kill_assist"
L 02/03/2024 - 20:43:30: "[BONK] Persica<14><STEAM_0:1:19015690><NSF>" killed "[C^2]Myokonin<20><STEAM_0:1:39882458><Jinrai>" with "tachi"
L 02/03/2024 - 20:43:30: "[BONK] Ningurist<15><STEAM_0:0:156832755><NSF>" triggered "kill_assist"
L 02/03/2024 - 20:43:40: "[BONK] Persica<14><STEAM_0:1:19015690><NSF>" killed "[=]neotokyosnood<16><STEAM_0:1:47222322><Jinrai>" with "srs"
L 02/03/2024 - 20:43:40: "[BONK] Ningurist<15><STEAM_0:0:156832755><NSF>" triggered "kill_assist"
L 02/03/2024 - 20:43:58: "[TagsR4Nerds] Average<18><STEAM_0:1:57251237><Jinrai>" say "bg"
L 02/03/2024 - 20:44:00: "[BONK] Persica<14><STEAM_0:1:19015690><NSF>" say "!nominate"
L 02/03/2024 - 20:44:02: "[BONK] tentacleRelaxation<17><STEAM_0:1:40829603><NSF>" say "<3"
L 02/03/2024 - 20:44:04: "[BONK] tentacleRelaxation<17><STEAM_0:1:40829603><NSF>" say "rtv"
L 02/03/2024 - 20:44:08: "[BONK] Persica<14><STEAM_0:1:19015690><NSF>" say "rtv"
L 02/03/2024 - 20:44:09: "[BONK] Ningurist<15><STEAM_0:0:156832755><NSF>" say "rtv"
L 02/03/2024 - 20:44:11: "[=]neotokyosnood<16><STEAM_0:1:47222322><Jinrai>" say "rtv"
L 02/03/2024 - 20:44:12: "[BONK] Masterkatze<22><STEAM_0:0:30137778><NSF>" say "rtv"
L 02/03/2024 - 20:44:32: "[BONK] Ningurist<15><STEAM_0:0:156832755><NSF>" say_team "should i try playing assault instead of support next map"
L 02/03/2024 - 20:44:35: [META] Loaded 0 plugins (1 already loaded)
L 02/03/2024 - 20:44:35: [META] Loaded 0 plugins (1 already loaded)
L 02/03/2024 - 20:44:35: Log file closed
