L 01/25/2024 - 19:15:47: Log file started (file "logs\L0125060.log") (game "z:\home\steam\steam\steamapps\common\nt\NeotokyoSource") (version "4044")
L 01/25/2024 - 19:15:47: server_cvar: "sv_pausable" "0"
L 01/25/2024 - 19:15:47: server_cvar: "sv_contact" "baux.site"
L 01/25/2024 - 19:15:47: server_cvar: "sv_gravity" "800"
L 01/25/2024 - 19:15:47: server_cvar: "mp_friendlyfire" "1"
L 01/25/2024 - 19:15:49: "[BONK] Gurashi<8><STEAM_0:1:39165168><>" entered the game
L 01/25/2024 - 19:15:49: "[BONK] Persica<9><STEAM_0:1:19015690><>" entered the game
L 01/25/2024 - 19:15:50: "[BONK] kinoko<6><STEAM_0:0:83067719><>" entered the game
L 01/25/2024 - 19:15:50: "[FEET] syncer<7><STEAM_0:0:88962302><>" entered the game
L 01/25/2024 - 19:15:52: "[BONK] Persica<9><STEAM_0:1:19015690><Unassigned>" joined team "NSF"
L 01/25/2024 - 19:15:52: "[FEET]Jinhai<14><STEAM_0:1:120740110><>" entered the game
L 01/25/2024 - 19:15:53: "[FEET] syncer<7><STEAM_0:0:88962302><Unassigned>" joined team "Jinrai"
L 01/25/2024 - 19:15:55: "[BONK] Ningurist<11><STEAM_0:0:156832755><>" entered the game
L 01/25/2024 - 19:15:55: "[BONK] kinoko<6><STEAM_0:0:83067719><Unassigned>" joined team "NSF"
L 01/25/2024 - 19:15:56: "[BONK] Gurashi<8><STEAM_0:1:39165168><Unassigned>" joined team "Spectator"
L 01/25/2024 - 19:15:56: "[FEET]Jinhai<14><STEAM_0:1:120740110><Unassigned>" joined team "Jinrai"
L 01/25/2024 - 19:15:57: "[BONK] Muffin-Dono<12><STEAM_0:1:42031632><>" entered the game
L 01/25/2024 - 19:15:59: "[BONK] Gurashi<8><STEAM_0:1:39165168><Spectator>" say "!n"
L 01/25/2024 - 19:15:59: "[BONK] Gurashi<8><STEAM_0:1:39165168><Spectator>" joined team "NSF"
L 01/25/2024 - 19:15:59: "[FEET] jav<10><STEAM_0:1:155763328><>" entered the game
L 01/25/2024 - 19:16:00: "[BONK] Ningurist<11><STEAM_0:0:156832755><Unassigned>" joined team "NSF"
L 01/25/2024 - 19:16:02: "[FEET] jav<10><STEAM_0:1:155763328><Unassigned>" joined team "Jinrai"
L 01/25/2024 - 19:16:30: "[FEET] Kasietti<15><STEAM_0:0:181630571><>" disconnected (reason "Disconnect by user.")
L 01/25/2024 - 19:17:01: "[BONK] Gurashi<8><STEAM_0:1:39165168><NSF>" changed name to "[BONK] 草"
L 01/25/2024 - 19:17:05: "[BONK] kinoko<6><STEAM_0:0:83067719><NSF>" say "u sure you guys have 5"
L 01/25/2024 - 19:19:03: "[FEET] Kasietti<16><STEAM_ID_PENDING><>" connected, address "88.235.169.212:27005"
L 01/25/2024 - 19:19:03: "[FEET] Kasietti<16><STEAM_0:0:181630571><>" STEAM USERID validated
L 01/25/2024 - 19:19:12: "[FEET] Kasietti<16><STEAM_0:0:181630571><>" entered the game
L 01/25/2024 - 19:19:13: "[BONK] Muffin-Dono<12><STEAM_0:1:42031632><Unassigned>" joined team "NSF"
L 01/25/2024 - 19:19:15: "[FEET] Kasietti<16><STEAM_0:0:181630571><Unassigned>" joined team "Jinrai"
L 01/25/2024 - 19:19:39: "[BONK] 草<8><STEAM_0:1:39165168><NSF>" say "20min in 1 min"
L 01/25/2024 - 19:19:46: "[BONK] 草<8><STEAM_0:1:39165168><NSF>" say "you know you get penalty for that?"
L 01/25/2024 - 19:20:02: "[BONK] Ningurist<11><STEAM_0:0:156832755><NSF>" say "the strong nation of serbian doesnt fear penalties"
L 01/25/2024 - 19:20:31: "[FEET] Kasietti<16><STEAM_0:0:181630571><Jinrai>" joined team "Spectator"
L 01/25/2024 - 19:20:53: "[FEET] Kasietti<16><STEAM_0:0:181630571><Spectator>" joined team "Jinrai"
L 01/25/2024 - 19:20:59: "[BONK] Persica<9><STEAM_0:1:19015690><NSF>" say "wheres your fifth?"
L 01/25/2024 - 19:21:02: "[BONK] Ningurist<11><STEAM_0:0:156832755><NSF>" say_team "im gonna get a sugar crash sooner than this match starting"
L 01/25/2024 - 19:21:27: "[FEET] jav<10><STEAM_0:1:155763328><Jinrai>" say "he should make it soon"
L 01/25/2024 - 19:21:29: "[FEET] jav<10><STEAM_0:1:155763328><Jinrai>" say "he said 5 "
L 01/25/2024 - 19:21:32: "[FEET]Jinhai<14><STEAM_0:1:120740110><Jinrai>" say "ETA 7 Mikes"
L 01/25/2024 - 19:22:23: "[BONK] kinoko<6><STEAM_0:0:83067719><NSF>" say "by the rules we can start the game on our side"
L 01/25/2024 - 19:22:28: "[BONK] kinoko<6><STEAM_0:0:83067719><NSF>" say "since 20 minutes has passed"
L 01/25/2024 - 19:23:51: "[FEET] jav<10><STEAM_0:1:155763328><Jinrai>" say "!ready"
L 01/25/2024 - 19:24:02: "[BONK] kinoko<6><STEAM_0:0:83067719><NSF>" say "do you want to start 4v5?"
L 01/25/2024 - 19:24:02: "[BONK] 草<8><STEAM_0:1:39165168><NSF>" say "omg its jav"
L 01/25/2024 - 19:24:05: "[BONK] 草<8><STEAM_0:1:39165168><NSF>" say "i love your movies"
L 01/25/2024 - 19:24:10: "[FEET] jav<10><STEAM_0:1:155763328><Jinrai>" say "thx"
L 01/25/2024 - 19:24:13: "[FEET] jav<10><STEAM_0:1:155763328><Jinrai>" say "our fifth is coming "
L 01/25/2024 - 19:24:17: "[FEET] jav<10><STEAM_0:1:155763328><Jinrai>" say "he came "
L 01/25/2024 - 19:24:25: "[BONK] kinoko<6><STEAM_0:0:83067719><NSF>" say "@_@"
L 01/25/2024 - 19:24:27: "[BONK] 草<8><STEAM_0:1:39165168><NSF>" say "!ready"
L 01/25/2024 - 19:24:29: "[BONK] kinoko<6><STEAM_0:0:83067719><NSF>" say "!ready"
L 01/25/2024 - 19:24:30: "[BONK] Persica<9><STEAM_0:1:19015690><NSF>" say "!ready"
L 01/25/2024 - 19:24:32: "[BONK] Ningurist<11><STEAM_0:0:156832755><NSF>" say "!ready"
L 01/25/2024 - 19:24:44: "[FEET] syncer<7><STEAM_0:0:88962302><Jinrai>" say "!readylist"
L 01/25/2024 - 19:24:52: "[FEET] syncer<7><STEAM_0:0:88962302><Jinrai>" say "!ready"
L 01/25/2024 - 19:24:54: "[BONK] Ningurist<11><STEAM_0:0:156832755><NSF>" say_team "you want a mosok?"
L 01/25/2024 - 19:24:58: "[BONK] 草<8><STEAM_0:1:39165168><NSF>" say "!start"
L 01/25/2024 - 19:25:01: "[BONK] Ningurist<11><STEAM_0:0:156832755><NSF>" say_team "alright ill get mosok first round"
L 01/25/2024 - 19:25:15: "[BONK] Ningurist<11><STEAM_0:0:156832755><NSF>" say_team "i uh, not sure how it works"
L 01/25/2024 - 19:25:16: "[BONK] kinoko<6><STEAM_0:0:83067719><NSF>" say "!readylist"
L 01/25/2024 - 19:25:26: "[BONK] Ningurist<11><STEAM_0:0:156832755><NSF>" say_team "ill check if jinrai starts on tarmac"
L 01/25/2024 - 19:25:40: "[FEET] syncer<7><STEAM_0:0:88962302><Jinrai>" say "one moment"
L 01/25/2024 - 19:25:45: "[FEET] syncer<7><STEAM_0:0:88962302><Jinrai>" disconnected (reason "Disconnect by user.")
L 01/25/2024 - 19:25:45: "[FEET] syncer<17><STEAM_ID_PENDING><>" connected, address "86.158.221.59:27005"
L 01/25/2024 - 19:25:45: "[FEET] syncer<17><STEAM_0:0:88962302><>" STEAM USERID validated
L 01/25/2024 - 19:25:46: "[FEET] syncer<17><STEAM_0:0:88962302><>" entered the game
L 01/25/2024 - 19:25:48: "[FEET] syncer<17><STEAM_0:0:88962302><Unassigned>" joined team "Jinrai"
L 01/25/2024 - 19:25:50: "[BONK] Ningurist<11><STEAM_0:0:156832755><NSF>" say_team "3v5 time"
L 01/25/2024 - 19:25:51: "[FEET] syncer<17><STEAM_0:0:88962302><Jinrai>" say "!ready"
L 01/25/2024 - 19:25:52: "[BONK] kinoko<6><STEAM_0:0:83067719><NSF>" say "!unready"
L 01/25/2024 - 19:25:54: "[BONK] Persica<9><STEAM_0:1:19015690><NSF>" say "!unready"
L 01/25/2024 - 19:26:22: "[BONK] Ningurist<11><STEAM_0:0:156832755><NSF>" say_team "nice, i have an mx now"
L 01/25/2024 - 19:26:24: "[BONK] Ningurist<11><STEAM_0:0:156832755><NSF>" say_team "speedrunning this"
L 01/25/2024 - 19:26:57: Team "Jinrai" triggered "ghost_capture_team"
L 01/25/2024 - 19:26:57: "[FEET] Kasietti<16><STEAM_0:0:181630571><Jinrai>" triggered "ghost_capture"
L 01/25/2024 - 19:27:10: "[BONK] Ningurist<11><STEAM_0:0:156832755><NSF>" say_team "watch out they got mx on support now"
L 01/25/2024 - 19:27:35: "[BONK] Persica<9><STEAM_0:1:19015690><NSF>" say "!readyt"
L 01/25/2024 - 19:27:38: "[BONK] Persica<9><STEAM_0:1:19015690><NSF>" say "!ready"
L 01/25/2024 - 19:27:49: "[FEET] syncer<17><STEAM_0:0:88962302><Jinrai>" say "!ready"
L 01/25/2024 - 19:27:52: "[BONK] 草<8><STEAM_0:1:39165168><NSF>" say "!start"
L 01/25/2024 - 19:28:00: "[BONK] 草<8><STEAM_0:1:39165168><NSF>" say "!readylist"
L 01/25/2024 - 19:28:07: "[BONK] Ningurist<11><STEAM_0:0:156832755><NSF>" say "is serbian doing ok?"
L 01/25/2024 - 19:28:16: "[FEET] jav<10><STEAM_0:1:155763328><Jinrai>" say "I think he got into a car crash lmao"
L 01/25/2024 - 19:28:20: "[FEET] jav<10><STEAM_0:1:155763328><Jinrai>" say "balkan VW experience"
L 01/25/2024 - 19:28:22: "[BONK] Ningurist<11><STEAM_0:0:156832755><NSF>" say "in a vc???"
L 01/25/2024 - 19:28:25: "[FEET]Jinhai<14><STEAM_0:1:120740110><Jinrai>" say "he got into a preexpected skiing accident"
L 01/25/2024 - 19:28:25: "[FEET] syncer<17><STEAM_0:0:88962302><Jinrai>" say "yeah this"
L 01/25/2024 - 19:28:26: "[BONK] Muffin-Dono<12><STEAM_0:1:42031632><NSF>" say "I'm sorry to hear that"
L 01/25/2024 - 19:28:27: "[BONK] Ningurist<11><STEAM_0:0:156832755><NSF>" say "just get a merc at this point"
L 01/25/2024 - 19:28:32: "[FEET] syncer<17><STEAM_0:0:88962302><Jinrai>" say "dont punish us for this"
L 01/25/2024 - 19:28:33: "[FEET]Jinhai<14><STEAM_0:1:120740110><Jinrai>" say "we got a man on the way"
L 01/25/2024 - 19:28:35: "Honor*<18><STEAM_ID_PENDING><>" connected, address "91.93.234.244:26585"
L 01/25/2024 - 19:28:35: "Honor*<18><STEAM_0:0:93298008><>" STEAM USERID validated
L 01/25/2024 - 19:28:35: "[BONK] Persica<9><STEAM_0:1:19015690><NSF>" say "i hope he's safe"
L 01/25/2024 - 19:28:37: "[BONK] kinoko<6><STEAM_0:0:83067719><NSF>" say_team "im here but shaku is vacuuming so im on mute for a bit"
L 01/25/2024 - 19:28:38: "[FEET]Jinhai<14><STEAM_0:1:120740110><Jinrai>" say "there he is"
L 01/25/2024 - 19:28:39: "[FEET]Jinhai<14><STEAM_0:1:120740110><Jinrai>" say "hell yea"
L 01/25/2024 - 19:28:40: "[FEET] Kasietti<16><STEAM_0:0:181630571><Jinrai>" say "we have a backup"
L 01/25/2024 - 19:28:58: "[FEET] jav<10><STEAM_0:1:155763328><Jinrai>" say "we literally summoned this guy out of thin air"
L 01/25/2024 - 19:29:03: "[FEET] jav<10><STEAM_0:1:155763328><Jinrai>" say "bro installed neotokyo 5 mins ago"
L 01/25/2024 - 19:29:07: "[FEET] syncer<17><STEAM_0:0:88962302><Jinrai>" say "LOL"
L 01/25/2024 - 19:29:19: "[BONK] kinoko<6><STEAM_0:0:83067719><NSF>" say "!ready"
L 01/25/2024 - 19:29:20: "[FEET]Jinhai<14><STEAM_0:1:120740110><Jinrai>" say "democratic congo republic school of warfare"
L 01/25/2024 - 19:29:22: "[BONK] Persica<9><STEAM_0:1:19015690><NSF>" say "!ready"
L 01/25/2024 - 19:29:23: "[FEET]Jinhai<14><STEAM_0:1:120740110><Jinrai>" say "mercs ONLY"
L 01/25/2024 - 19:29:25: "[FEET] syncer<17><STEAM_0:0:88962302><Jinrai>" say "!ready"
L 01/25/2024 - 19:29:27: "[BONK] 草<8><STEAM_0:1:39165168><NSF>" say "dont punish us for being aware of problems with teammembers all day but making you guys wait anyway instead of getting a mrec"
L 01/25/2024 - 19:29:28: "[BONK] Muffin-Dono<12><STEAM_0:1:42031632><NSF>" say "is honor a merc or on your team?"
L 01/25/2024 - 19:29:28: "[FEET] jav<10><STEAM_0:1:155763328><Jinrai>" say "!ready"
L 01/25/2024 - 19:29:29: "Honor*<18><STEAM_0:0:93298008><>" entered the game
L 01/25/2024 - 19:29:30: "[FEET]Jinhai<14><STEAM_0:1:120740110><Jinrai>" say "yea"
L 01/25/2024 - 19:29:36: "[FEET]Jinhai<14><STEAM_0:1:120740110><Jinrai>" say "the guy learned the game 10 minutes ago"
L 01/25/2024 - 19:29:38: "[FEET]Jinhai<14><STEAM_0:1:120740110><Jinrai>" say "not even kidding"
L 01/25/2024 - 19:29:44: "[FEET] syncer<17><STEAM_0:0:88962302><Jinrai>" say "based"
L 01/25/2024 - 19:29:46: "[BONK] Muffin-Dono<12><STEAM_0:1:42031632><NSF>" say "oh dear"
L 01/25/2024 - 19:29:47: "[FEET] jav<10><STEAM_0:1:155763328><Jinrai>" say "tumruk ready"
L 01/25/2024 - 19:29:48: "Honor*<18><STEAM_0:0:93298008><Unassigned>" joined team "Jinrai"
L 01/25/2024 - 19:29:49: "[FEET] Kasietti<16><STEAM_0:0:181630571><Jinrai>" say "bro traffic happens out of thin air"
L 01/25/2024 - 19:29:52: "[FEET] jav<10><STEAM_0:1:155763328><Jinrai>" say "we taught him tumruk bootcamp"
L 01/25/2024 - 19:29:53: "[FEET] Kasietti<16><STEAM_0:0:181630571><Jinrai>" say "!ready"
L 01/25/2024 - 19:29:54: "[BONK] Muffin-Dono<12><STEAM_0:1:42031632><NSF>" say "you can swap out players for the second map by the way"
L 01/25/2024 - 19:29:58: "[BONK] Muffin-Dono<12><STEAM_0:1:42031632><NSF>" say "!ready"
L 01/25/2024 - 19:29:58: "[BONK] 草<8><STEAM_0:1:39165168><NSF>" say "you were talking about needing a merc all day"
L 01/25/2024 - 19:30:01: "[BONK] 草<8><STEAM_0:1:39165168><NSF>" say "you knew beforehand"
L 01/25/2024 - 19:30:11: "[FEET] Kasietti<16><STEAM_0:0:181630571><Jinrai>" say "no jap couldn't count"
L 01/25/2024 - 19:30:12: "[FEET] jav<10><STEAM_0:1:155763328><Jinrai>" say "if serbian shows up we will probably have a player replacement"
L 01/25/2024 - 19:30:13: "[BONK] Muffin-Dono<12><STEAM_0:1:42031632><NSF>" say "let them know how to ready up"
L 01/25/2024 - 19:30:14: "[FEET]Jinhai<14><STEAM_0:1:120740110><Jinrai>" say "it's pretty hard to handle a diverse team"
L 01/25/2024 - 19:30:17: "[BONK] 草<8><STEAM_0:1:39165168><NSF>" say "!start"
L 01/25/2024 - 19:30:20: "[FEET] Kasietti<16><STEAM_0:0:181630571><Jinrai>" say "we were 5 with serb"
L 01/25/2024 - 19:30:21: "[BONK] kinoko<6><STEAM_0:0:83067719><NSF>" say "no it aint :sob:"
L 01/25/2024 - 19:30:28: "[FEET] jav<10><STEAM_0:1:155763328><Jinrai>" say "serbian was supposed to start so I canceled my merc search but now hes ghost"
L 01/25/2024 - 19:30:30: "Honor*<18><STEAM_0:0:93298008><Jinrai>" changed name to "[MERC] Honor*"
L 01/25/2024 - 19:30:31: "[FEET] jav<10><STEAM_0:1:155763328><Jinrai>" say "cannot do much about it"
L 01/25/2024 - 19:30:34: "[FEET]Jinhai<14><STEAM_0:1:120740110><Jinrai>" say "!ready"
L 01/25/2024 - 19:30:37: "[BONK] Muffin-Dono<12><STEAM_0:1:42031632><NSF>" say "ok thanks for trying though"
L 01/25/2024 - 19:30:42: "[MERC] Honor*<18><STEAM_0:0:93298008><Jinrai>" say "!ready"
L 01/25/2024 - 19:30:54: "[BONK] Muffin-Dono<12><STEAM_0:1:42031632><NSF>" say "Good luck have fun!"
L 01/25/2024 - 19:30:57: "[BONK] 草<8><STEAM_0:1:39165168><NSF>" say "glhf"
L 01/25/2024 - 19:30:58: "[FEET] jav<10><STEAM_0:1:155763328><Jinrai>" say "glhf"
L 01/25/2024 - 19:30:59: "[FEET] syncer<17><STEAM_0:0:88962302><Jinrai>" say "sneed"
L 01/25/2024 - 19:31:00: "[BONK] Persica<9><STEAM_0:1:19015690><NSF>" say "glhf"
L 01/25/2024 - 19:31:28: "[BONK] Persica<9><STEAM_0:1:19015690><NSF>" killed "[FEET] Kasietti<16><STEAM_0:0:181630571><Jinrai>" with "m41"
L 01/25/2024 - 19:31:31: "[BONK] Ningurist<11><STEAM_0:0:156832755><NSF>" say_team "skyb"
L 01/25/2024 - 19:31:35: "[FEET] syncer<17><STEAM_0:0:88962302><Jinrai>" killed "[BONK] Ningurist<11><STEAM_0:0:156832755><NSF>" with "srm"
L 01/25/2024 - 19:31:35: "[BONK] Ningurist<11><STEAM_0:0:156832755><NSF>" say_team "100 Recon srm"
L 01/25/2024 - 19:31:36: "[MERC] Honor*<18><STEAM_0:0:93298008><Jinrai>" killed "[BONK] kinoko<6><STEAM_0:0:83067719><NSF>" with "zr68s"
L 01/25/2024 - 19:31:36: "[FEET] jav<10><STEAM_0:1:155763328><Jinrai>" triggered "kill_assist"
L 01/25/2024 - 19:31:36: "[BONK] kinoko<6><STEAM_0:0:83067719><NSF>" say_team "12 Assault zr68s"
L 01/25/2024 - 19:31:37: "[BONK] Ningurist<11><STEAM_0:0:156832755><NSF>" say_team "i was reloading"
L 01/25/2024 - 19:31:39: "[BONK] Ningurist<11><STEAM_0:0:156832755><NSF>" say_team "skyb our side"
L 01/25/2024 - 19:31:39: "[BONK] Persica<9><STEAM_0:1:19015690><NSF>" killed "[FEET] syncer<17><STEAM_0:0:88962302><Jinrai>" with "m41"
L 01/25/2024 - 19:31:40: "[BONK] Ningurist<11><STEAM_0:0:156832755><NSF>" say_team "100 srm"
L 01/25/2024 - 19:31:41: "[BONK] Ningurist<11><STEAM_0:0:156832755><NSF>" say_team "recon"
L 01/25/2024 - 19:31:42: "[BONK] Ningurist<11><STEAM_0:0:156832755><NSF>" say_team "dead"
L 01/25/2024 - 19:31:48: "[BONK] Persica<9><STEAM_0:1:19015690><NSF>" killed "[FEET] jav<10><STEAM_0:1:155763328><Jinrai>" with "m41"
L 01/25/2024 - 19:31:49: "[BONK] Persica<9><STEAM_0:1:19015690><NSF>" killed "[MERC] Honor*<18><STEAM_0:0:93298008><Jinrai>" with "m41"
L 01/25/2024 - 19:31:49: "[BONK] Ningurist<11><STEAM_0:0:156832755><NSF>" say_team "jav assault down by 34"
L 01/25/2024 - 19:31:51: "[BONK] Ningurist<11><STEAM_0:0:156832755><NSF>" say_team "zrs"
L 01/25/2024 - 19:31:54: "[BONK] Ningurist<11><STEAM_0:0:156832755><NSF>" say_team "jav dead"
L 01/25/2024 - 19:32:04: "[BONK] 草<8><STEAM_0:1:39165168><NSF>" killed "[FEET]Jinhai<14><STEAM_0:1:120740110><Jinrai>" with "srm"
L 01/25/2024 - 19:32:11: "[BONK] Ningurist<11><STEAM_0:0:156832755><NSF>" say_team "nah its fine"
L 01/25/2024 - 19:32:12: "[BONK] Persica<9><STEAM_0:1:19015690><NSF>" committed suicide with "world"
L 01/25/2024 - 19:32:12: "[FEET]Jinhai<14><STEAM_0:1:120740110><Jinrai>" triggered "kill_assist"
L 01/25/2024 - 19:32:13: "[BONK] Ningurist<11><STEAM_0:0:156832755><NSF>" say_team "i was just reloading"
L 01/25/2024 - 19:32:15: "[BONK] Ningurist<11><STEAM_0:0:156832755><NSF>" say_team "so i couldnt do much"
L 01/25/2024 - 19:32:48: "[BONK] Muffin-Dono<12><STEAM_0:1:42031632><NSF>" killed "[FEET] syncer<17><STEAM_0:0:88962302><Jinrai>" with "srm"
L 01/25/2024 - 19:32:52: "[BONK] kinoko<6><STEAM_0:0:83067719><NSF>" killed "[MERC] Honor*<18><STEAM_0:0:93298008><Jinrai>" with "mx"
L 01/25/2024 - 19:32:53: "[BONK] Ningurist<11><STEAM_0:0:156832755><NSF>" killed "[FEET]Jinhai<14><STEAM_0:1:120740110><Jinrai>" with "zr68c"
L 01/25/2024 - 19:32:56: "[BONK] Ningurist<11><STEAM_0:0:156832755><NSF>" say_team "two skyb"
L 01/25/2024 - 19:32:58: "[BONK] Ningurist<11><STEAM_0:0:156832755><NSF>" say_team "their side"
L 01/25/2024 - 19:33:00: "[BONK] Ningurist<11><STEAM_0:0:156832755><NSF>" say_team "one of them dead"
L 01/25/2024 - 19:33:02: "[FEET] jav<10><STEAM_0:1:155763328><Jinrai>" killed "[BONK] kinoko<6><STEAM_0:0:83067719><NSF>" with "zr68c"
L 01/25/2024 - 19:33:02: "[BONK] kinoko<6><STEAM_0:0:83067719><NSF>" say_team "18 Support zr68c"
L 01/25/2024 - 19:33:05: "[BONK] Persica<9><STEAM_0:1:19015690><NSF>" killed "[FEET] jav<10><STEAM_0:1:155763328><Jinrai>" with "zr68s"
L 01/25/2024 - 19:33:05: "[BONK] kinoko<6><STEAM_0:0:83067719><NSF>" triggered "kill_assist"
L 01/25/2024 - 19:33:10: "[FEET] Kasietti<16><STEAM_0:0:181630571><Jinrai>" killed "[BONK] Ningurist<11><STEAM_0:0:156832755><NSF>" with "zr68s"
L 01/25/2024 - 19:33:10: "[BONK] Ningurist<11><STEAM_0:0:156832755><NSF>" say_team "52 Assault zr68s"
L 01/25/2024 - 19:33:11: "[BONK] Ningurist<11><STEAM_0:0:156832755><NSF>" say_team "52"
L 01/25/2024 - 19:33:14: "[BONK] Ningurist<11><STEAM_0:0:156832755><NSF>" say_team "roopf"
L 01/25/2024 - 19:33:20: "[BONK] 草<8><STEAM_0:1:39165168><NSF>" killed "[FEET] Kasietti<16><STEAM_0:0:181630571><Jinrai>" with "zr68s"
L 01/25/2024 - 19:33:29: "[BONK] Ningurist<11><STEAM_0:0:156832755><NSF>" say_team "hm?"
L 01/25/2024 - 19:34:05: "[BONK] Ningurist<11><STEAM_0:0:156832755><NSF>" say_team "i go basement"
L 01/25/2024 - 19:34:18: "[BONK] Ningurist<11><STEAM_0:0:156832755><NSF>" say_team "recon basement"
L 01/25/2024 - 19:34:23: "[BONK] Ningurist<11><STEAM_0:0:156832755><NSF>" killed "[FEET] syncer<17><STEAM_0:0:88962302><Jinrai>" with "jittescoped"
L 01/25/2024 - 19:34:29: "[BONK] Ningurist<11><STEAM_0:0:156832755><NSF>" killed "[FEET]Jinhai<14><STEAM_0:1:120740110><Jinrai>" with "kyla"
L 01/25/2024 - 19:34:31: "[BONK] kinoko<6><STEAM_0:0:83067719><NSF>" killed "[MERC] Honor*<18><STEAM_0:0:93298008><Jinrai>" with "mx"
L 01/25/2024 - 19:34:38: "[BONK] kinoko<6><STEAM_0:0:83067719><NSF>" killed "[FEET] jav<10><STEAM_0:1:155763328><Jinrai>" with "mx"
L 01/25/2024 - 19:34:38: "[BONK] 草<8><STEAM_0:1:39165168><NSF>" triggered "kill_assist"
L 01/25/2024 - 19:34:45: "[BONK] Persica<9><STEAM_0:1:19015690><NSF>" killed "[FEET] Kasietti<16><STEAM_0:0:181630571><Jinrai>" with "m41"
L 01/25/2024 - 19:35:25: "[BONK] kinoko<6><STEAM_0:0:83067719><NSF>" killed "[FEET]Jinhai<14><STEAM_0:1:120740110><Jinrai>" with "mx"
L 01/25/2024 - 19:35:30: "[BONK] 草<8><STEAM_0:1:39165168><NSF>" killed "[FEET] Kasietti<16><STEAM_0:0:181630571><Jinrai>" with "jittescoped"
L 01/25/2024 - 19:35:37: "[BONK] Persica<9><STEAM_0:1:19015690><NSF>" killed "[FEET] jav<10><STEAM_0:1:155763328><Jinrai>" with "jittescoped"
L 01/25/2024 - 19:35:42: "[BONK] kinoko<6><STEAM_0:0:83067719><NSF>" killed "[MERC] Honor*<18><STEAM_0:0:93298008><Jinrai>" with "mx"
L 01/25/2024 - 19:35:47: "[BONK] Ningurist<11><STEAM_0:0:156832755><NSF>" killed "[FEET] syncer<17><STEAM_0:0:88962302><Jinrai>" with "mx"
L 01/25/2024 - 19:35:51: "[BONK] Ningurist<11><STEAM_0:0:156832755><NSF>" say_team "he was recon"
L 01/25/2024 - 19:36:06: "[BONK] Ningurist<11><STEAM_0:0:156832755><NSF>" say_team "that would be too mean"
L 01/25/2024 - 19:36:28: "[BONK] Muffin-Dono<12><STEAM_0:1:42031632><NSF>" killed "[FEET] Kasietti<16><STEAM_0:0:181630571><Jinrai>" with "mx"
L 01/25/2024 - 19:36:31: "[FEET] syncer<17><STEAM_0:0:88962302><Jinrai>" killed "[BONK] Muffin-Dono<12><STEAM_0:1:42031632><NSF>" with "srm"
L 01/25/2024 - 19:36:33: "[BONK] Persica<9><STEAM_0:1:19015690><NSF>" killed "[FEET] syncer<17><STEAM_0:0:88962302><Jinrai>" with "zr68c"
L 01/25/2024 - 19:36:33: "[BONK] Muffin-Dono<12><STEAM_0:1:42031632><NSF>" triggered "kill_assist"
L 01/25/2024 - 19:36:45: "[BONK] Persica<9><STEAM_0:1:19015690><NSF>" killed "[MERC] Honor*<18><STEAM_0:0:93298008><Jinrai>" with "grenade_projectile"
L 01/25/2024 - 19:36:45: "[BONK] Persica<9><STEAM_0:1:19015690><NSF>" killed "[FEET]Jinhai<14><STEAM_0:1:120740110><Jinrai>" with "grenade_projectile"
L 01/25/2024 - 19:37:00: "[BONK] 草<8><STEAM_0:1:39165168><NSF>" killed "[FEET] jav<10><STEAM_0:1:155763328><Jinrai>" with "mx"
L 01/25/2024 - 19:37:00: "[BONK] Ningurist<11><STEAM_0:0:156832755><NSF>" triggered "kill_assist"
L 01/25/2024 - 19:37:12: "[BONK] Persica<9><STEAM_0:1:19015690><NSF>" say_team "im losing it?"
L 01/25/2024 - 19:37:50: "[BONK] kinoko<6><STEAM_0:0:83067719><NSF>" killed "[FEET]Jinhai<14><STEAM_0:1:120740110><Jinrai>" with "mx"
L 01/25/2024 - 19:37:59: "[BONK] Ningurist<11><STEAM_0:0:156832755><NSF>" killed "[FEET] Kasietti<16><STEAM_0:0:181630571><Jinrai>" with "mx"
L 01/25/2024 - 19:38:01: "[BONK] Ningurist<11><STEAM_0:0:156832755><NSF>" killed "[FEET] syncer<17><STEAM_0:0:88962302><Jinrai>" with "mx"
L 01/25/2024 - 19:38:05: "[FEET] jav<10><STEAM_0:1:155763328><Jinrai>" killed "[BONK] kinoko<6><STEAM_0:0:83067719><NSF>" with "jitte"
L 01/25/2024 - 19:38:05: "[FEET] syncer<17><STEAM_0:0:88962302><Jinrai>" triggered "kill_assist"
L 01/25/2024 - 19:38:05: "[BONK] kinoko<6><STEAM_0:0:83067719><NSF>" say_team "38 Recon jitte"
L 01/25/2024 - 19:38:12: "[BONK] Persica<9><STEAM_0:1:19015690><NSF>" killed "[FEET] jav<10><STEAM_0:1:155763328><Jinrai>" with "zr68c"
L 01/25/2024 - 19:38:12: "[BONK] kinoko<6><STEAM_0:0:83067719><NSF>" triggered "kill_assist"
L 01/25/2024 - 19:38:14: "[BONK] kinoko<6><STEAM_0:0:83067719><NSF>" say_team "gib srs persica"
L 01/25/2024 - 19:38:14: "[MERC] Honor*<18><STEAM_0:0:93298008><Jinrai>" killed "[BONK] Persica<9><STEAM_0:1:19015690><NSF>" with "zr68s"
L 01/25/2024 - 19:38:18: "[BONK] kinoko<6><STEAM_0:0:83067719><NSF>" say_team "gib"
L 01/25/2024 - 19:38:19: "[BONK] 草<8><STEAM_0:1:39165168><NSF>" killed "[MERC] Honor*<18><STEAM_0:0:93298008><Jinrai>" with "zr68c"
L 01/25/2024 - 19:38:19: "[BONK] Persica<9><STEAM_0:1:19015690><NSF>" triggered "kill_assist"
L 01/25/2024 - 19:38:19: "[BONK] kinoko<6><STEAM_0:0:83067719><NSF>" say_team "srs"
L 01/25/2024 - 19:38:21: "[BONK] kinoko<6><STEAM_0:0:83067719><NSF>" say_team "im cry9ing"
L 01/25/2024 - 19:38:24: "[BONK] kinoko<6><STEAM_0:0:83067719><NSF>" say_team "tears in my eyes"
L 01/25/2024 - 19:38:28: "[BONK] kinoko<6><STEAM_0:0:83067719><NSF>" say_team "pls"
L 01/25/2024 - 19:38:44: "[BONK] Ningurist<11><STEAM_0:0:156832755><NSF>" say_team "BIGGER WEAPONS"
L 01/25/2024 - 19:39:03: "[BONK] 草<8><STEAM_0:1:39165168><NSF>" killed "[FEET]Jinhai<14><STEAM_0:1:120740110><Jinrai>" with "zr68c"
L 01/25/2024 - 19:39:05: "[BONK] Ningurist<11><STEAM_0:0:156832755><NSF>" killed "[FEET] syncer<17><STEAM_0:0:88962302><Jinrai>" with "mx"
L 01/25/2024 - 19:39:07: "[BONK] Persica<9><STEAM_0:1:19015690><NSF>" killed "[FEET] Kasietti<16><STEAM_0:0:181630571><Jinrai>" with "tachi"
L 01/25/2024 - 19:39:07: "[MERC] Honor*<18><STEAM_0:0:93298008><Jinrai>" killed "[BONK] 草<8><STEAM_0:1:39165168><NSF>" with "zr68s"
L 01/25/2024 - 19:39:07: "[FEET]Jinhai<14><STEAM_0:1:120740110><Jinrai>" triggered "kill_assist"
L 01/25/2024 - 19:39:07: "[BONK] 草<8><STEAM_0:1:39165168><NSF>" say_team "82 Assault zr68s"
L 01/25/2024 - 19:39:23: "[BONK] Muffin-Dono<12><STEAM_0:1:42031632><NSF>" killed "[MERC] Honor*<18><STEAM_0:0:93298008><Jinrai>" with "grenade_projectile"
L 01/25/2024 - 19:39:28: "[BONK] Muffin-Dono<12><STEAM_0:1:42031632><NSF>" killed "[FEET] jav<10><STEAM_0:1:155763328><Jinrai>" with "mx"
L 01/25/2024 - 19:39:28: "[BONK] 草<8><STEAM_0:1:39165168><NSF>" triggered "kill_assist"
L 01/25/2024 - 19:39:38: "[BONK] Ningurist<11><STEAM_0:0:156832755><NSF>" say_team "eh ill go silly i guess"
L 01/25/2024 - 19:40:24: "[BONK] Persica<9><STEAM_0:1:19015690><NSF>" killed "[MERC] Honor*<18><STEAM_0:0:93298008><Jinrai>" with "srs"
L 01/25/2024 - 19:40:27: "[BONK] 草<8><STEAM_0:1:39165168><NSF>" killed "[FEET] jav<10><STEAM_0:1:155763328><Jinrai>" with "supa7"
L 01/25/2024 - 19:40:29: "[BONK] Persica<9><STEAM_0:1:19015690><NSF>" killed "[FEET] syncer<17><STEAM_0:0:88962302><Jinrai>" with "srs"
L 01/25/2024 - 19:40:29: "[BONK] 草<8><STEAM_0:1:39165168><NSF>" triggered "kill_assist"
L 01/25/2024 - 19:40:34: "[FEET] Kasietti<16><STEAM_0:0:181630571><Jinrai>" killed "[BONK] Persica<9><STEAM_0:1:19015690><NSF>" with "supa7"
L 01/25/2024 - 19:40:38: "[FEET] Kasietti<16><STEAM_0:0:181630571><Jinrai>" killed "[BONK] 草<8><STEAM_0:1:39165168><NSF>" with "supa7"
L 01/25/2024 - 19:40:38: "[BONK] 草<8><STEAM_0:1:39165168><NSF>" say_team "29 Support supa7"
L 01/25/2024 - 19:40:38: "[BONK] Ningurist<11><STEAM_0:0:156832755><NSF>" killed "[FEET] Kasietti<16><STEAM_0:0:181630571><Jinrai>" with "supa7"
L 01/25/2024 - 19:40:41: "[BONK] Ningurist<11><STEAM_0:0:156832755><NSF>" killed "[FEET]Jinhai<14><STEAM_0:1:120740110><Jinrai>" with "supa7"
L 01/25/2024 - 19:40:41: "[BONK] Persica<9><STEAM_0:1:19015690><NSF>" triggered "kill_assist"
L 01/25/2024 - 19:40:44: "[FEET] jav<10><STEAM_0:1:155763328><Jinrai>" say "gg"
L 01/25/2024 - 19:40:45: "[FEET] syncer<17><STEAM_0:0:88962302><Jinrai>" say "gg"
L 01/25/2024 - 19:40:46: "[FEET] Kasietti<16><STEAM_0:0:181630571><Jinrai>" say "gg ez"
L 01/25/2024 - 19:40:49: "[BONK] Persica<9><STEAM_0:1:19015690><NSF>" say "gg"
L 01/25/2024 - 19:41:01: "[BONK] Persica<9><STEAM_0:1:19015690><NSF>" say "rtv"
L 01/25/2024 - 19:41:02: "[BONK] kinoko<6><STEAM_0:0:83067719><NSF>" say "!nominate tetsu"
L 01/25/2024 - 19:41:04: "[BONK] kinoko<6><STEAM_0:0:83067719><NSF>" say "rtv"
L 01/25/2024 - 19:41:11: "[FEET] jav<10><STEAM_0:1:155763328><Jinrai>" say "!rtv"
L 01/25/2024 - 19:41:20: "[BONK] Ningurist<11><STEAM_0:0:156832755><NSF>" say "!rtv"
L 01/25/2024 - 19:41:21: "[FEET] syncer<17><STEAM_0:0:88962302><Jinrai>" say "rtv"
L 01/25/2024 - 19:41:22: "[MERC] Honor*<18><STEAM_0:0:93298008><Jinrai>" disconnected (reason "Disconnect by user.")
L 01/25/2024 - 19:41:23: "[BONK] Ningurist<11><STEAM_0:0:156832755><NSF>" say "!revote"
L 01/25/2024 - 19:41:24: "[BONK] 草<8><STEAM_0:1:39165168><NSF>" say "!revote"
L 01/25/2024 - 19:41:38: "[FEET] syncer<17><STEAM_0:0:88962302><Jinrai>" say "whats the next map again"
L 01/25/2024 - 19:41:41: "[BONK] kinoko<6><STEAM_0:0:83067719><NSF>" say "tetsu"
L 01/25/2024 - 19:41:41: "[BONK] Persica<9><STEAM_0:1:19015690><NSF>" say "tetsu"
L 01/25/2024 - 19:41:45: "[BONK] 草<8><STEAM_0:1:39165168><NSF>" say "testu"
L 01/25/2024 - 19:41:48: [META] Loaded 0 plugins (1 already loaded)
L 01/25/2024 - 19:41:48: [META] Loaded 0 plugins (1 already loaded)
L 01/25/2024 - 19:41:49: Log file closed
