L 02/04/2024 - 22:05:58: Log file started (file "logs\L0204063.log") (game "z:\home\steam\steam\steamapps\common\nt\NeotokyoSource") (version "4044")
L 02/04/2024 - 22:05:58: server_cvar: "sv_pausable" "0"
L 02/04/2024 - 22:05:58: server_cvar: "sv_contact" "baux.site"
L 02/04/2024 - 22:05:58: server_cvar: "sv_gravity" "800"
L 02/04/2024 - 22:05:58: server_cvar: "mp_friendlyfire" "1"
L 02/04/2024 - 22:06:00: "[DYS] You're Pissed Off<13><STEAM_0:1:44658357><>" entered the game
L 02/04/2024 - 22:06:01: "[MXican] NeoTokyoScrub<8><STEAM_0:1:95715175><>" entered the game
L 02/04/2024 - 22:06:01: "[MXican] Ghost Lizard<12><STEAM_0:1:20336729><>" entered the game
L 02/04/2024 - 22:06:01: "[MXican] Wahaha-<14><STEAM_0:1:17526508><>" entered the game
L 02/04/2024 - 22:06:01: "[DYS] bauxite<17><STEAM_0:0:5757747><>" entered the game
L 02/04/2024 - 22:06:01: "[Disembodied Camera] Oni<5><STEAM_0:1:10174276><>" entered the game
L 02/04/2024 - 22:06:02: "[MXican] Boltronics<11><STEAM_0:1:84048595><>" entered the game
L 02/04/2024 - 22:06:02: "[DYS] Infrequent<9><STEAM_0:1:6384081><>" entered the game
L 02/04/2024 - 22:06:02: "[DYS] bauxite<17><STEAM_0:0:5757747><Unassigned>" joined team "NSF"
L 02/04/2024 - 22:06:03: "[MXican] Ghost Lizard<12><STEAM_0:1:20336729><Unassigned>" joined team "Jinrai"
L 02/04/2024 - 22:06:04: "[DYS] Shazam<16><STEAM_0:1:59236187><>" entered the game
L 02/04/2024 - 22:06:04: "[DYS] Infrequent<9><STEAM_0:1:6384081><Unassigned>" joined team "NSF"
L 02/04/2024 - 22:06:05: "[MXican] Boltronics<11><STEAM_0:1:84048595><Unassigned>" joined team "Jinrai"
L 02/04/2024 - 22:06:05: "[DYS] Hosomi<10><STEAM_0:0:51357353><>" entered the game
L 02/04/2024 - 22:06:06: "[MXican] Wahaha-<14><STEAM_0:1:17526508><Unassigned>" joined team "Jinrai"
L 02/04/2024 - 22:06:09: "[DYS] Shazam<16><STEAM_0:1:59236187><Unassigned>" joined team "NSF"
L 02/04/2024 - 22:06:10: "[DYS] Hosomi<10><STEAM_0:0:51357353><Unassigned>" joined team "NSF"
L 02/04/2024 - 22:06:12: "[MXican] NeoTokyoScrub<8><STEAM_0:1:95715175><Unassigned>" joined team "Jinrai"
L 02/04/2024 - 22:06:25: "[Disembodied Camera] Oni<5><STEAM_0:1:10174276><Unassigned>" joined team "Spectator"
L 02/04/2024 - 22:06:28: "[MXican] talibus<15><STEAM_0:0:15980775><>" entered the game
L 02/04/2024 - 22:06:36: "[MXican] talibus<15><STEAM_0:0:15980775><Unassigned>" joined team "Spectator"
L 02/04/2024 - 22:06:50: "[DYS] You're Pissed Off<13><STEAM_0:1:44658357><Unassigned>" joined team "NSF"
L 02/04/2024 - 22:07:01: "[MXican] NeoTokyoScrub<8><STEAM_0:1:95715175><Jinrai>" say "I thought the paintcan was fixed"
L 02/04/2024 - 22:07:06: "[DYS] bauxite<17><STEAM_0:0:5757747><NSF>" say "not on this version"
L 02/04/2024 - 22:07:07: "[DYS] Infrequent<9><STEAM_0:1:6384081><NSF>" say "not in the comp version"
L 02/04/2024 - 22:07:10: "[MXican] Nevra<18><STEAM_ID_PENDING><>" connected, address "91.160.146.84:12216"
L 02/04/2024 - 22:07:10: "[MXican] Nevra<18><STEAM_0:1:87689215><>" STEAM USERID validated
L 02/04/2024 - 22:07:24: "[MXican] Wahaha-<14><STEAM_0:1:17526508><Jinrai>" say "thank me later :smirk:"
L 02/04/2024 - 22:07:52: "[MXican] Nevra<18><STEAM_0:1:87689215><>" entered the game
L 02/04/2024 - 22:07:55: "[DYS] You're Pissed Off<13><STEAM_0:1:44658357><NSF>" say "!ready"
L 02/04/2024 - 22:07:58: "[DYS] Infrequent<9><STEAM_0:1:6384081><NSF>" say "!ready"
L 02/04/2024 - 22:08:05: "[DYS] bauxite<17><STEAM_0:0:5757747><NSF>" say "!ready"
L 02/04/2024 - 22:08:07: "[DYS] bauxite<17><STEAM_0:0:5757747><NSF>" say_team "no"
L 02/04/2024 - 22:08:09: "[MXican] Nevra<18><STEAM_0:1:87689215><Unassigned>" joined team "Jinrai"
L 02/04/2024 - 22:08:18: "[DYS] Shazam<16><STEAM_0:1:59236187><NSF>" say "!ready"
L 02/04/2024 - 22:08:19: "[DYS] Hosomi<10><STEAM_0:0:51357353><NSF>" say "!ready"
L 02/04/2024 - 22:08:23: "[DYS] Hosomi<10><STEAM_0:0:51357353><NSF>" say "!readylist"
L 02/04/2024 - 22:08:33: "[MXican] talibus<15><STEAM_0:0:15980775><Spectator>" disconnected (reason "Disconnect by user.")
L 02/04/2024 - 22:08:33: "[MXican] Boltronics<11><STEAM_0:1:84048595><Jinrai>" say "!ready"
L 02/04/2024 - 22:08:39: "[DYS] Hosomi<10><STEAM_0:0:51357353><NSF>" say "!unready"
L 02/04/2024 - 22:08:41: "[DYS] Hosomi<10><STEAM_0:0:51357353><NSF>" say "!ready"
L 02/04/2024 - 22:08:44: "[DYS] Hosomi<10><STEAM_0:0:51357353><NSF>" say "!unready"
L 02/04/2024 - 22:08:46: "[DYS] bauxite<17><STEAM_0:0:5757747><NSF>" say_team "nevra:i dont wanna join a stacked team"
L 02/04/2024 - 22:08:47: "[DYS] Hosomi<10><STEAM_0:0:51357353><NSF>" say "!ready"
L 02/04/2024 - 22:08:50: "[MXican] Wahaha-<14><STEAM_0:1:17526508><Jinrai>" say "were still futzing about"
L 02/04/2024 - 22:08:54: "[MXican] Wahaha-<14><STEAM_0:1:17526508><Jinrai>" say "herding cats in vc"
L 02/04/2024 - 22:08:57: "[MXican] Wahaha-<14><STEAM_0:1:17526508><Jinrai>" say "please understand"
L 02/04/2024 - 22:08:59: "[DYS] Shazam<16><STEAM_0:1:59236187><NSF>" say "no worries"
L 02/04/2024 - 22:09:03: "[DYS] Hosomi<10><STEAM_0:0:51357353><NSF>" say "You should already be in the same vc"
L 02/04/2024 - 22:09:09: "[MXican] NeoTokyoScrub<8><STEAM_0:1:95715175><Jinrai>" say "there is no need to understand"
L 02/04/2024 - 22:09:14: "[MXican] Wahaha-<14><STEAM_0:1:17526508><Jinrai>" say "we should be a lot of things"
L 02/04/2024 - 22:09:23: "[DYS] Hosomi<10><STEAM_0:0:51357353><NSF>" say "Is lizard going for a smoke and a meal and a wank?"
L 02/04/2024 - 22:09:25: "[MXican] Nevra<18><STEAM_0:1:87689215><Jinrai>" say "!ready "
L 02/04/2024 - 22:09:29: "[MXican] NeoTokyoScrub<8><STEAM_0:1:95715175><Jinrai>" say "!ready"
L 02/04/2024 - 22:09:31: "[MXican] Boltronics<11><STEAM_0:1:84048595><Jinrai>" say "!ready"
L 02/04/2024 - 22:09:32: "[MXican] Wahaha-<14><STEAM_0:1:17526508><Jinrai>" say "!ready"
L 02/04/2024 - 22:09:33: "[DYS] Hosomi<10><STEAM_0:0:51357353><NSF>" say "!readylist"
L 02/04/2024 - 22:09:39: "[MXican] Wahaha-<14><STEAM_0:1:17526508><Jinrai>" say " hes gotta return some video tapes"
L 02/04/2024 - 22:09:40: "[DYS] bauxite<17><STEAM_0:0:5757747><NSF>" say "a smank"
L 02/04/2024 - 22:09:41: "[MXican] Ghost Lizard<12><STEAM_0:1:20336729><Jinrai>" say "!ready"
L 02/04/2024 - 22:09:55: "[DYS] bauxite<17><STEAM_0:0:5757747><NSF>" say "glhf"
L 02/04/2024 - 22:10:46: "[MXican] Boltronics<11><STEAM_0:1:84048595><Jinrai>" killed "[DYS] Hosomi<10><STEAM_0:0:51357353><NSF>" with "zr68s"
L 02/04/2024 - 22:10:57: "[MXican] Nevra<18><STEAM_0:1:87689215><Jinrai>" killed "[DYS] Shazam<16><STEAM_0:1:59236187><NSF>" with "srm"
L 02/04/2024 - 22:10:57: "[MXican] Boltronics<11><STEAM_0:1:84048595><Jinrai>" triggered "kill_assist"
L 02/04/2024 - 22:11:01: "[MXican] Boltronics<11><STEAM_0:1:84048595><Jinrai>" killed "[DYS] Infrequent<9><STEAM_0:1:6384081><NSF>" with "zr68s"
L 02/04/2024 - 22:11:06: "[DYS] You're Pissed Off<13><STEAM_0:1:44658357><NSF>" killed "[MXican] NeoTokyoScrub<8><STEAM_0:1:95715175><Jinrai>" with "zr68s"
L 02/04/2024 - 22:11:07: "[DYS] bauxite<17><STEAM_0:0:5757747><NSF>" killed "[MXican] Boltronics<11><STEAM_0:1:84048595><Jinrai>" with "supa7"
L 02/04/2024 - 22:11:07: "[DYS] You're Pissed Off<13><STEAM_0:1:44658357><NSF>" triggered "kill_assist"
L 02/04/2024 - 22:11:07: "[MXican] Boltronics<11><STEAM_0:1:84048595><Jinrai>" say_team "75 Support supa7"
L 02/04/2024 - 22:11:13: "[MXican] Ghost Lizard<12><STEAM_0:1:20336729><Jinrai>" killed "[DYS] bauxite<17><STEAM_0:0:5757747><NSF>" with "supa7"
L 02/04/2024 - 22:11:13: "[DYS] bauxite<17><STEAM_0:0:5757747><NSF>" say_team "92 Support supa7"
L 02/04/2024 - 22:11:14: "[DYS] bauxite<17><STEAM_0:0:5757747><NSF>" say_team "Enemy is Behind"
L 02/04/2024 - 22:11:16: "[DYS] bauxite<17><STEAM_0:0:5757747><NSF>" say_team "shop"
L 02/04/2024 - 22:11:21: "[MXican] Nevra<18><STEAM_0:1:87689215><Jinrai>" killed "[DYS] You're Pissed Off<13><STEAM_0:1:44658357><NSF>" with "srm"
L 02/04/2024 - 22:11:21: "[MXican] NeoTokyoScrub<8><STEAM_0:1:95715175><Jinrai>" triggered "kill_assist"
L 02/04/2024 - 22:11:21: "[DYS] You're Pissed Off<13><STEAM_0:1:44658357><NSF>" say_team "51 Recon srm"
L 02/04/2024 - 22:12:12: "[DYS] bauxite<17><STEAM_0:0:5757747><NSF>" say_team "Enemy in Front"
L 02/04/2024 - 22:12:14: "[DYS] bauxite<17><STEAM_0:0:5757747><NSF>" say_team "Enemy in Front"
L 02/04/2024 - 22:12:51: "[DYS] Infrequent<9><STEAM_0:1:6384081><NSF>" killed "[MXican] Boltronics<11><STEAM_0:1:84048595><Jinrai>" with "zr68s"
L 02/04/2024 - 22:12:51: "[DYS] bauxite<17><STEAM_0:0:5757747><NSF>" triggered "kill_assist"
L 02/04/2024 - 22:12:51: "[MXican] Boltronics<11><STEAM_0:1:84048595><Jinrai>" say_team "100 Assault zr68s"
L 02/04/2024 - 22:13:13: "[DYS] bauxite<17><STEAM_0:0:5757747><NSF>" killed "[MXican] NeoTokyoScrub<8><STEAM_0:1:95715175><Jinrai>" with "kyla"
L 02/04/2024 - 22:13:19: "[MXican] Wahaha-<14><STEAM_0:1:17526508><Jinrai>" killed "[DYS] Shazam<16><STEAM_0:1:59236187><NSF>" with "zr68s"
L 02/04/2024 - 22:13:19: "[MXican] Boltronics<11><STEAM_0:1:84048595><Jinrai>" triggered "kill_assist"
L 02/04/2024 - 22:13:21: "[DYS] Infrequent<9><STEAM_0:1:6384081><NSF>" killed "[MXican] Wahaha-<14><STEAM_0:1:17526508><Jinrai>" with "zr68s"
L 02/04/2024 - 22:13:22: "[MXican] Wahaha-<14><STEAM_0:1:17526508><Jinrai>" say_team "74 Assault zr68s"
L 02/04/2024 - 22:13:25: "[DYS] bauxite<17><STEAM_0:0:5757747><NSF>" killed "[MXican] Ghost Lizard<12><STEAM_0:1:20336729><Jinrai>" with "zr68s"
L 02/04/2024 - 22:13:26: "[MXican] Ghost Lizard<12><STEAM_0:1:20336729><Jinrai>" say_team "38 Support zr68s"
L 02/04/2024 - 22:13:31: "[MXican] Nevra<18><STEAM_0:1:87689215><Jinrai>" killed "[DYS] bauxite<17><STEAM_0:0:5757747><NSF>" with "srm"
L 02/04/2024 - 22:13:31: "[MXican] Wahaha-<14><STEAM_0:1:17526508><Jinrai>" triggered "kill_assist"
L 02/04/2024 - 22:13:31: "[DYS] bauxite<17><STEAM_0:0:5757747><NSF>" say_team "100 Recon srm"
L 02/04/2024 - 22:13:36: "[DYS] bauxite<17><STEAM_0:0:5757747><NSF>" say_team "new alley"
L 02/04/2024 - 22:13:37: "[MXican] Nevra<18><STEAM_0:1:87689215><Jinrai>" killed "[DYS] Infrequent<9><STEAM_0:1:6384081><NSF>" with "srm"
L 02/04/2024 - 22:13:50: "[DYS] You're Pissed Off<13><STEAM_0:1:44658357><NSF>" killed "[MXican] Nevra<18><STEAM_0:1:87689215><Jinrai>" with "zr68s"
L 02/04/2024 - 22:13:50: "[DYS] Infrequent<9><STEAM_0:1:6384081><NSF>" triggered "kill_assist"
L 02/04/2024 - 22:13:50: "[MXican] Nevra<18><STEAM_0:1:87689215><Jinrai>" say_team "100 Assault zr68s"
L 02/04/2024 - 22:13:52: "[MXican] NeoTokyoScrub<8><STEAM_0:1:95715175><Jinrai>" say_team "nt"
L 02/04/2024 - 22:14:04: "[DYS] bauxite<17><STEAM_0:0:5757747><NSF>" say_team "im goingmx"
L 02/04/2024 - 22:14:20: "[DYS] bauxite<17><STEAM_0:0:5757747><NSF>" say_team "be careful u wll be rushed"
L 02/04/2024 - 22:14:59: "[DYS] bauxite<17><STEAM_0:0:5757747><NSF>" killed "[MXican] Wahaha-<14><STEAM_0:1:17526508><Jinrai>" with "mx"
L 02/04/2024 - 22:15:00: "[MXican] Wahaha-<14><STEAM_0:1:17526508><Jinrai>" say_team "42 Support mx"
L 02/04/2024 - 22:15:08: "[DYS] Infrequent<9><STEAM_0:1:6384081><NSF>" killed "[MXican] Ghost Lizard<12><STEAM_0:1:20336729><Jinrai>" with "grenade_projectile"
L 02/04/2024 - 22:15:09: "[MXican] Ghost Lizard<12><STEAM_0:1:20336729><Jinrai>" say_team "100 Assault grenade_projectile"
L 02/04/2024 - 22:15:18: "[DYS] bauxite<17><STEAM_0:0:5757747><NSF>" killed "[MXican] Boltronics<11><STEAM_0:1:84048595><Jinrai>" with "mx"
L 02/04/2024 - 22:15:18: "[DYS] You're Pissed Off<13><STEAM_0:1:44658357><NSF>" triggered "kill_assist"
L 02/04/2024 - 22:15:18: "[MXican] Boltronics<11><STEAM_0:1:84048595><Jinrai>" say_team "6 Support mx"
L 02/04/2024 - 22:15:20: "[MXican] Nevra<18><STEAM_0:1:87689215><Jinrai>" killed "[DYS] bauxite<17><STEAM_0:0:5757747><NSF>" with "srm"
L 02/04/2024 - 22:15:20: "[MXican] Wahaha-<14><STEAM_0:1:17526508><Jinrai>" triggered "kill_assist"
L 02/04/2024 - 22:15:20: "[DYS] bauxite<17><STEAM_0:0:5757747><NSF>" say_team "17 Recon srm"
L 02/04/2024 - 22:15:24: "[DYS] bauxite<17><STEAM_0:0:5757747><NSF>" say_team "17office"
L 02/04/2024 - 22:15:29: "[DYS] Infrequent<9><STEAM_0:1:6384081><NSF>" killed "[MXican] Nevra<18><STEAM_0:1:87689215><Jinrai>" with "zr68s"
L 02/04/2024 - 22:15:29: "[DYS] bauxite<17><STEAM_0:0:5757747><NSF>" triggered "kill_assist"
L 02/04/2024 - 22:15:29: "[MXican] Nevra<18><STEAM_0:1:87689215><Jinrai>" say_team "59 Assault zr68s"
L 02/04/2024 - 22:15:32: "[DYS] Infrequent<9><STEAM_0:1:6384081><NSF>" killed "[MXican] NeoTokyoScrub<8><STEAM_0:1:95715175><Jinrai>" with "zr68s"
L 02/04/2024 - 22:16:35: "[DYS] bauxite<17><STEAM_0:0:5757747><NSF>" killed "[MXican] Boltronics<11><STEAM_0:1:84048595><Jinrai>" with "mx"
L 02/04/2024 - 22:16:35: "[MXican] Boltronics<11><STEAM_0:1:84048595><Jinrai>" say_team "9 Support mx"
L 02/04/2024 - 22:16:41: "[MXican] NeoTokyoScrub<8><STEAM_0:1:95715175><Jinrai>" killed "[DYS] bauxite<17><STEAM_0:0:5757747><NSF>" with "zr68s"
L 02/04/2024 - 22:16:41: "[DYS] bauxite<17><STEAM_0:0:5757747><NSF>" say_team "74 Assault zr68s"
L 02/04/2024 - 22:16:43: "[DYS] bauxite<17><STEAM_0:0:5757747><NSF>" say_team "box 1"
L 02/04/2024 - 22:16:51: "[MXican] Nevra<18><STEAM_0:1:87689215><Jinrai>" killed "[DYS] You're Pissed Off<13><STEAM_0:1:44658357><NSF>" with "zr68s"
L 02/04/2024 - 22:16:51: "[DYS] You're Pissed Off<13><STEAM_0:1:44658357><NSF>" say_team "29 Assault zr68s"
L 02/04/2024 - 22:16:58: "[DYS] bauxite<17><STEAM_0:0:5757747><NSF>" say_team "new alley and boxes"
L 02/04/2024 - 22:17:22: "[DYS] Infrequent<9><STEAM_0:1:6384081><NSF>" killed "[MXican] Ghost Lizard<12><STEAM_0:1:20336729><Jinrai>" with "zr68s"
L 02/04/2024 - 22:17:22: "[MXican] Ghost Lizard<12><STEAM_0:1:20336729><Jinrai>" say_team "23 Assault zr68s"
L 02/04/2024 - 22:17:31: "[MXican] Nevra<18><STEAM_0:1:87689215><Jinrai>" killed "[DYS] Infrequent<9><STEAM_0:1:6384081><NSF>" with "mx"
L 02/04/2024 - 22:17:31: "[MXican] Ghost Lizard<12><STEAM_0:1:20336729><Jinrai>" triggered "kill_assist"
L 02/04/2024 - 22:17:34: "[DYS] bauxite<17><STEAM_0:0:5757747><NSF>" say_team "drop it"
L 02/04/2024 - 22:17:41: "[DYS] Shazam<16><STEAM_0:1:59236187><NSF>" killed "[MXican] Nevra<18><STEAM_0:1:87689215><Jinrai>" with "zr68c"
L 02/04/2024 - 22:17:41: "[MXican] Nevra<18><STEAM_0:1:87689215><Jinrai>" say_team "28 Support zr68c"
L 02/04/2024 - 22:17:44: "[MXican] NeoTokyoScrub<8><STEAM_0:1:95715175><Jinrai>" killed "[DYS] Shazam<16><STEAM_0:1:59236187><NSF>" with "zr68s"
L 02/04/2024 - 22:17:44: "[MXican] Wahaha-<14><STEAM_0:1:17526508><Jinrai>" triggered "kill_assist"
L 02/04/2024 - 22:17:49: "[DYS] Hosomi<10><STEAM_0:0:51357353><NSF>" killed "[MXican] NeoTokyoScrub<8><STEAM_0:1:95715175><Jinrai>" with "zr68s"
L 02/04/2024 - 22:17:51: "[MXican] Wahaha-<14><STEAM_0:1:17526508><Jinrai>" killed "[DYS] Hosomi<10><STEAM_0:0:51357353><NSF>" with "mx"
L 02/04/2024 - 22:18:13: "[MXican] Wahaha-<14><STEAM_0:1:17526508><Jinrai>" say "no assist on scrub?"
L 02/04/2024 - 22:18:15: "[MXican] Wahaha-<14><STEAM_0:1:17526508><Jinrai>" say "smh"
L 02/04/2024 - 22:18:30: "[MXican] Boltronics<11><STEAM_0:1:84048595><Jinrai>" killed "[MXican] NeoTokyoScrub<8><STEAM_0:1:95715175><Jinrai>" with "grenade_projectile"
L 02/04/2024 - 22:18:49: "[DYS] bauxite<17><STEAM_0:0:5757747><NSF>" killed "[MXican] Wahaha-<14><STEAM_0:1:17526508><Jinrai>" with "mx"
L 02/04/2024 - 22:18:50: "[MXican] Wahaha-<14><STEAM_0:1:17526508><Jinrai>" say_team "79 Support mx"
L 02/04/2024 - 22:18:54: "[DYS] bauxite<17><STEAM_0:0:5757747><NSF>" killed "[MXican] Ghost Lizard<12><STEAM_0:1:20336729><Jinrai>" with "kyla"
L 02/04/2024 - 22:18:54: "[MXican] Ghost Lizard<12><STEAM_0:1:20336729><Jinrai>" say_team "5 Support kyla"
L 02/04/2024 - 22:19:14: "[DYS] bauxite<17><STEAM_0:0:5757747><NSF>" say_team "Enemy in Front"
L 02/04/2024 - 22:19:34: "[DYS] bauxite<17><STEAM_0:0:5757747><NSF>" killed "[MXican] Nevra<18><STEAM_0:1:87689215><Jinrai>" with "mx"
L 02/04/2024 - 22:19:34: "[DYS] Infrequent<9><STEAM_0:1:6384081><NSF>" triggered "kill_assist"
L 02/04/2024 - 22:19:34: "[DYS] You're Pissed Off<13><STEAM_0:1:44658357><NSF>" killed "[MXican] Boltronics<11><STEAM_0:1:84048595><Jinrai>" with "mx"
L 02/04/2024 - 22:19:34: "[DYS] Shazam<16><STEAM_0:1:59236187><NSF>" triggered "kill_assist"
L 02/04/2024 - 22:19:34: "[MXican] Boltronics<11><STEAM_0:1:84048595><Jinrai>" say_team "100 Assault mx"
L 02/04/2024 - 22:19:34: "[MXican] Nevra<18><STEAM_0:1:87689215><Jinrai>" say_team "5 Support mx"
L 02/04/2024 - 22:20:17: "[DYS] Hosomi<10><STEAM_0:0:51357353><NSF>" killed "[MXican] NeoTokyoScrub<8><STEAM_0:1:95715175><Jinrai>" with "mx"
L 02/04/2024 - 22:20:19: "[MXican] Boltronics<11><STEAM_0:1:84048595><Jinrai>" killed "[DYS] Hosomi<10><STEAM_0:0:51357353><NSF>" with "mx"
L 02/04/2024 - 22:20:19: "[MXican] NeoTokyoScrub<8><STEAM_0:1:95715175><Jinrai>" triggered "kill_assist"
L 02/04/2024 - 22:21:18: "[DYS] Infrequent<9><STEAM_0:1:6384081><NSF>" killed "[MXican] Nevra<18><STEAM_0:1:87689215><Jinrai>" with "mx"
L 02/04/2024 - 22:21:18: "[MXican] Nevra<18><STEAM_0:1:87689215><Jinrai>" say_team "100 Assault mx"
L 02/04/2024 - 22:21:58: "[DYS] Shazam<16><STEAM_0:1:59236187><NSF>" killed "[MXican] Wahaha-<14><STEAM_0:1:17526508><Jinrai>" with "mx"
L 02/04/2024 - 22:21:58: "[DYS] bauxite<17><STEAM_0:0:5757747><NSF>" triggered "kill_assist"
L 02/04/2024 - 22:21:59: "[MXican] Wahaha-<14><STEAM_0:1:17526508><Jinrai>" say_team "100 Support mx"
L 02/04/2024 - 22:22:04: "[DYS] Infrequent<9><STEAM_0:1:6384081><NSF>" killed "[MXican] Ghost Lizard<12><STEAM_0:1:20336729><Jinrai>" with "mx"
L 02/04/2024 - 22:22:04: "[MXican] Ghost Lizard<12><STEAM_0:1:20336729><Jinrai>" say_team "100 Assault mx"
L 02/04/2024 - 22:22:06: "[DYS] bauxite<17><STEAM_0:0:5757747><NSF>" say_team "Enemy in Front"
L 02/04/2024 - 22:22:08: "[DYS] bauxite<17><STEAM_0:0:5757747><NSF>" say_team "Enemy in Front"
L 02/04/2024 - 22:22:11: "[DYS] Infrequent<9><STEAM_0:1:6384081><NSF>" killed "[MXican] Boltronics<11><STEAM_0:1:84048595><Jinrai>" with "mx"
L 02/04/2024 - 22:22:11: "[DYS] bauxite<17><STEAM_0:0:5757747><NSF>" triggered "kill_assist"
L 02/04/2024 - 22:22:11: "[MXican] Boltronics<11><STEAM_0:1:84048595><Jinrai>" say_team "83 Assault mx"
L 02/04/2024 - 22:22:24: "[DYS] bauxite<17><STEAM_0:0:5757747><NSF>" say_team "worked"
L 02/04/2024 - 22:22:52: "[MXican] Nevra<18><STEAM_0:1:87689215><Jinrai>" killed "[DYS] Infrequent<9><STEAM_0:1:6384081><NSF>" with "mx"
L 02/04/2024 - 22:23:23: "[DYS] Shazam<16><STEAM_0:1:59236187><NSF>" killed "[MXican] Wahaha-<14><STEAM_0:1:17526508><Jinrai>" with "mx"
L 02/04/2024 - 22:23:24: "[MXican] Wahaha-<14><STEAM_0:1:17526508><Jinrai>" say_team "100 Support mx"
L 02/04/2024 - 22:23:55: "[DYS] bauxite<17><STEAM_0:0:5757747><NSF>" say_team "Enemy is Behind"
L 02/04/2024 - 22:24:01: "[DYS] bauxite<17><STEAM_0:0:5757747><NSF>" say_team "Enemy in Front"
L 02/04/2024 - 22:24:02: "[DYS] bauxite<17><STEAM_0:0:5757747><NSF>" say_team "I'm going in!"
L 02/04/2024 - 22:24:03: "[DYS] bauxite<17><STEAM_0:0:5757747><NSF>" say_team "I'm going in!"
L 02/04/2024 - 22:24:07: "[DYS] bauxite<17><STEAM_0:0:5757747><NSF>" killed "[MXican] NeoTokyoScrub<8><STEAM_0:1:95715175><Jinrai>" with "mx"
L 02/04/2024 - 22:24:08: "[DYS] bauxite<17><STEAM_0:0:5757747><NSF>" say_team "I'm going in!"
L 02/04/2024 - 22:24:09: "[DYS] bauxite<17><STEAM_0:0:5757747><NSF>" say_team "I'm going in!"
L 02/04/2024 - 22:24:12: "[DYS] bauxite<17><STEAM_0:0:5757747><NSF>" say_team "I'm going in!"
L 02/04/2024 - 22:24:17: "[DYS] bauxite<17><STEAM_0:0:5757747><NSF>" say_team "I'm going in!"
L 02/04/2024 - 22:24:18: "[MXican] Boltronics<11><STEAM_0:1:84048595><Jinrai>" killed "[DYS] Shazam<16><STEAM_0:1:59236187><NSF>" with "zr68s"
L 02/04/2024 - 22:24:18: "[MXican] Boltronics<11><STEAM_0:1:84048595><Jinrai>" killed "[DYS] bauxite<17><STEAM_0:0:5757747><NSF>" with "zr68s"
L 02/04/2024 - 22:24:18: "[DYS] bauxite<17><STEAM_0:0:5757747><NSF>" say_team "100 Assault zr68s"
L 02/04/2024 - 22:24:21: "[DYS] bauxite<17><STEAM_0:0:5757747><NSF>" say_team "just cap"
L 02/04/2024 - 22:24:21: "[MXican] Ghost Lizard<12><STEAM_0:1:20336729><Jinrai>" killed "[DYS] Hosomi<10><STEAM_0:0:51357353><NSF>" with "zr68c"
L 02/04/2024 - 22:24:21: "[MXican] Wahaha-<14><STEAM_0:1:17526508><Jinrai>" triggered "kill_assist"
L 02/04/2024 - 22:24:22: "[DYS] bauxite<17><STEAM_0:0:5757747><NSF>" say_team "go"
L 02/04/2024 - 22:24:33: "[DYS] Infrequent<9><STEAM_0:1:6384081><NSF>" say_team "you can't "Just cap" against recons dude"
L 02/04/2024 - 22:24:38: "[DYS] You're Pissed Off<13><STEAM_0:1:44658357><NSF>" killed "[MXican] Nevra<18><STEAM_0:1:87689215><Jinrai>" with "grenade_projectile"
L 02/04/2024 - 22:24:38: "[DYS] Infrequent<9><STEAM_0:1:6384081><NSF>" triggered "kill_assist"
L 02/04/2024 - 22:24:38: "[MXican] Nevra<18><STEAM_0:1:87689215><Jinrai>" say_team "25 Assault grenade_projectile"
L 02/04/2024 - 22:24:39: "[MXican] Boltronics<11><STEAM_0:1:84048595><Jinrai>" killed "[DYS] You're Pissed Off<13><STEAM_0:1:44658357><NSF>" with "zr68s"
L 02/04/2024 - 22:24:39: "[DYS] You're Pissed Off<13><STEAM_0:1:44658357><NSF>" say_team "100 Assault zr68s"
L 02/04/2024 - 22:24:46: "[DYS] bauxite<17><STEAM_0:0:5757747><NSF>" say_team "i heard call 3 behind and 1 infront"
L 02/04/2024 - 22:24:56: "[DYS] bauxite<17><STEAM_0:0:5757747><NSF>" say_team "we killed the one infron"
L 02/04/2024 - 22:25:03: "[DYS] Infrequent<9><STEAM_0:1:6384081><NSF>" say_team "doesnt matter, it's a recon with an mx"
L 02/04/2024 - 22:25:27: "[DYS] Shazam<16><STEAM_0:1:59236187><NSF>" killed "[MXican] Wahaha-<14><STEAM_0:1:17526508><Jinrai>" with "mx"
L 02/04/2024 - 22:25:27: "[MXican] Wahaha-<14><STEAM_0:1:17526508><Jinrai>" say_team "89 Support mx"
L 02/04/2024 - 22:25:34: "[DYS] bauxite<17><STEAM_0:0:5757747><NSF>" killed "[MXican] Nevra<18><STEAM_0:1:87689215><Jinrai>" with "mx"
L 02/04/2024 - 22:25:34: "[MXican] Nevra<18><STEAM_0:1:87689215><Jinrai>" say_team "100 Support mx"
L 02/04/2024 - 22:25:44: "[MXican] Boltronics<11><STEAM_0:1:84048595><Jinrai>" killed "[DYS] Hosomi<10><STEAM_0:0:51357353><NSF>" with "mx"
L 02/04/2024 - 22:25:45: "[MXican] NeoTokyoScrub<8><STEAM_0:1:95715175><Jinrai>" killed "[DYS] bauxite<17><STEAM_0:0:5757747><NSF>" with "grenade_projectile"
L 02/04/2024 - 22:25:45: "[DYS] bauxite<17><STEAM_0:0:5757747><NSF>" say_team "13 Assault grenade_projectile"
L 02/04/2024 - 22:25:48: "[DYS] bauxite<17><STEAM_0:0:5757747><NSF>" say_team "13 bo"
L 02/04/2024 - 22:25:50: "[DYS] bauxite<17><STEAM_0:0:5757747><NSF>" say_team "box"
L 02/04/2024 - 22:25:51: "[DYS] bauxite<17><STEAM_0:0:5757747><NSF>" say_team "2 box"
L 02/04/2024 - 22:25:58: "[DYS] Shazam<16><STEAM_0:1:59236187><NSF>" killed "[MXican] NeoTokyoScrub<8><STEAM_0:1:95715175><Jinrai>" with "mx"
L 02/04/2024 - 22:25:58: "[DYS] bauxite<17><STEAM_0:0:5757747><NSF>" triggered "kill_assist"
L 02/04/2024 - 22:26:23: "[DYS] Shazam<16><STEAM_0:1:59236187><NSF>" killed "[MXican] Boltronics<11><STEAM_0:1:84048595><Jinrai>" with "mx"
L 02/04/2024 - 22:26:23: "[MXican] Boltronics<11><STEAM_0:1:84048595><Jinrai>" say_team "21 Support mx"
L 02/04/2024 - 22:26:23: "[MXican] Ghost Lizard<12><STEAM_0:1:20336729><Jinrai>" killed "[DYS] Shazam<16><STEAM_0:1:59236187><NSF>" with "mx"
L 02/04/2024 - 22:26:23: "[MXican] Boltronics<11><STEAM_0:1:84048595><Jinrai>" triggered "kill_assist"
L 02/04/2024 - 22:26:28: "[DYS] Infrequent<9><STEAM_0:1:6384081><NSF>" killed "[MXican] Ghost Lizard<12><STEAM_0:1:20336729><Jinrai>" with "mx"
L 02/04/2024 - 22:26:28: "[MXican] Ghost Lizard<12><STEAM_0:1:20336729><Jinrai>" say_team "100 Assault mx"
L 02/04/2024 - 22:26:49: "[DYS] bauxite<17><STEAM_0:0:5757747><NSF>" say_team "no"
L 02/04/2024 - 22:26:54: "[DYS] bauxite<17><STEAM_0:0:5757747><NSF>" say_team "im angry"
L 02/04/2024 - 22:27:19: "[DYS] bauxite<17><STEAM_0:0:5757747><NSF>" killed "[MXican] Wahaha-<14><STEAM_0:1:17526508><Jinrai>" with "mx"
L 02/04/2024 - 22:27:19: "[MXican] Wahaha-<14><STEAM_0:1:17526508><Jinrai>" say_team "100 Support mx"
L 02/04/2024 - 22:27:21: "[DYS] bauxite<17><STEAM_0:0:5757747><NSF>" killed "[MXican] Ghost Lizard<12><STEAM_0:1:20336729><Jinrai>" with "mx"
L 02/04/2024 - 22:27:21: "[DYS] Shazam<16><STEAM_0:1:59236187><NSF>" triggered "kill_assist"
L 02/04/2024 - 22:27:22: "[MXican] Ghost Lizard<12><STEAM_0:1:20336729><Jinrai>" say_team "86 Support mx"
L 02/04/2024 - 22:27:27: "[DYS] bauxite<17><STEAM_0:0:5757747><NSF>" killed "[MXican] Nevra<18><STEAM_0:1:87689215><Jinrai>" with "mx"
L 02/04/2024 - 22:27:27: "[MXican] Nevra<18><STEAM_0:1:87689215><Jinrai>" say_team "86 Support mx"
L 02/04/2024 - 22:27:36: "[MXican] Boltronics<11><STEAM_0:1:84048595><Jinrai>" killed "[DYS] bauxite<17><STEAM_0:0:5757747><NSF>" with "mx"
L 02/04/2024 - 22:27:36: "[DYS] bauxite<17><STEAM_0:0:5757747><NSF>" say_team "3 Assault mx"
L 02/04/2024 - 22:27:43: "[MXican] Boltronics<11><STEAM_0:1:84048595><Jinrai>" killed "[DYS] Shazam<16><STEAM_0:1:59236187><NSF>" with "mx"
L 02/04/2024 - 22:27:56: "[DYS] bauxite<17><STEAM_0:0:5757747><NSF>" say_team "one is 3 hp"
L 02/04/2024 - 22:28:05: "[DYS] You're Pissed Off<13><STEAM_0:1:44658357><NSF>" killed "[MXican] NeoTokyoScrub<8><STEAM_0:1:95715175><Jinrai>" with "mx"
L 02/04/2024 - 22:28:05: "[DYS] Infrequent<9><STEAM_0:1:6384081><NSF>" triggered "kill_assist"
L 02/04/2024 - 22:28:07: "[DYS] bauxite<17><STEAM_0:0:5757747><NSF>" say_team "last 3"
L 02/04/2024 - 22:28:11: "[MXican] Boltronics<11><STEAM_0:1:84048595><Jinrai>" killed "[DYS] You're Pissed Off<13><STEAM_0:1:44658357><NSF>" with "mx"
L 02/04/2024 - 22:28:11: "[DYS] You're Pissed Off<13><STEAM_0:1:44658357><NSF>" say_team "3 Assault mx"
L 02/04/2024 - 22:28:19: "[MXican] Boltronics<11><STEAM_0:1:84048595><Jinrai>" killed "[DYS] Hosomi<10><STEAM_0:0:51357353><NSF>" with "mx"
L 02/04/2024 - 22:28:23: "[MXican] Boltronics<11><STEAM_0:1:84048595><Jinrai>" killed "[DYS] Infrequent<9><STEAM_0:1:6384081><NSF>" with "mx"
L 02/04/2024 - 22:28:23: "[MXican] NeoTokyoScrub<8><STEAM_0:1:95715175><Jinrai>" triggered "kill_assist"
L 02/04/2024 - 22:29:13: "[MXican] Wahaha-<14><STEAM_0:1:17526508><Jinrai>" killed "[DYS] Hosomi<10><STEAM_0:0:51357353><NSF>" with "mx"
L 02/04/2024 - 22:29:24: "[DYS] Shazam<16><STEAM_0:1:59236187><NSF>" killed "[MXican] Wahaha-<14><STEAM_0:1:17526508><Jinrai>" with "mx"
L 02/04/2024 - 22:29:25: "[MXican] Wahaha-<14><STEAM_0:1:17526508><Jinrai>" say_team "77 Support mx"
L 02/04/2024 - 22:29:30: "[DYS] bauxite<17><STEAM_0:0:5757747><NSF>" say_team "Enemy in Front"
L 02/04/2024 - 22:30:36: "[MXican] Boltronics<11><STEAM_0:1:84048595><Jinrai>" killed "[DYS] bauxite<17><STEAM_0:0:5757747><NSF>" with "mx"
L 02/04/2024 - 22:30:36: "[DYS] bauxite<17><STEAM_0:0:5757747><NSF>" say_team "23 Assault mx"
L 02/04/2024 - 22:30:38: "[DYS] bauxite<17><STEAM_0:0:5757747><NSF>" say_team "shop"
L 02/04/2024 - 22:30:49: "[MXican] NeoTokyoScrub<8><STEAM_0:1:95715175><Jinrai>" killed "[DYS] Shazam<16><STEAM_0:1:59236187><NSF>" with "mx"
L 02/04/2024 - 22:30:49: "[MXican] Ghost Lizard<12><STEAM_0:1:20336729><Jinrai>" triggered "kill_assist"
L 02/04/2024 - 22:30:50: "[MXican] Ghost Lizard<12><STEAM_0:1:20336729><Jinrai>" killed "[DYS] You're Pissed Off<13><STEAM_0:1:44658357><NSF>" with "mx"
L 02/04/2024 - 22:30:50: "[DYS] You're Pissed Off<13><STEAM_0:1:44658357><NSF>" say_team "61 Support mx"
L 02/04/2024 - 22:31:01: "[DYS] Infrequent<9><STEAM_0:1:6384081><NSF>" killed "[MXican] NeoTokyoScrub<8><STEAM_0:1:95715175><Jinrai>" with "mx"
L 02/04/2024 - 22:31:04: "[DYS] Infrequent<9><STEAM_0:1:6384081><NSF>" killed "[MXican] Ghost Lizard<12><STEAM_0:1:20336729><Jinrai>" with "mx"
L 02/04/2024 - 22:31:05: "[MXican] Ghost Lizard<12><STEAM_0:1:20336729><Jinrai>" say_team "100 Assault mx"
L 02/04/2024 - 22:31:15: "[MXican] Boltronics<11><STEAM_0:1:84048595><Jinrai>" killed "[DYS] Infrequent<9><STEAM_0:1:6384081><NSF>" with "mx"
L 02/04/2024 - 22:32:11: "[MXican] Wahaha-<14><STEAM_0:1:17526508><Jinrai>" killed "[DYS] Hosomi<10><STEAM_0:0:51357353><NSF>" with "mx"
L 02/04/2024 - 22:32:28: "[DYS] You're Pissed Off<13><STEAM_0:1:44658357><NSF>" killed "[MXican] Nevra<18><STEAM_0:1:87689215><Jinrai>" with "grenade_projectile"
L 02/04/2024 - 22:32:28: "[MXican] Nevra<18><STEAM_0:1:87689215><Jinrai>" say_team "100 Assault grenade_projectile"
L 02/04/2024 - 22:32:37: "[DYS] Infrequent<9><STEAM_0:1:6384081><NSF>" killed "[MXican] Ghost Lizard<12><STEAM_0:1:20336729><Jinrai>" with "mx"
L 02/04/2024 - 22:32:38: "[MXican] Ghost Lizard<12><STEAM_0:1:20336729><Jinrai>" say_team "58 Assault mx"
L 02/04/2024 - 22:32:43: "[MXican] Ghost Lizard<12><STEAM_0:1:20336729><Jinrai>" say_team "their double doors"
L 02/04/2024 - 22:32:49: "[MXican] Ghost Lizard<12><STEAM_0:1:20336729><Jinrai>" say_team "58 ass"
L 02/04/2024 - 22:32:49: "[MXican] NeoTokyoScrub<8><STEAM_0:1:95715175><Jinrai>" killed "[DYS] You're Pissed Off<13><STEAM_0:1:44658357><NSF>" with "mx"
L 02/04/2024 - 22:32:49: "[DYS] You're Pissed Off<13><STEAM_0:1:44658357><NSF>" say_team "87 Support mx"
L 02/04/2024 - 22:32:50: "[DYS] bauxite<17><STEAM_0:0:5757747><NSF>" killed "[MXican] NeoTokyoScrub<8><STEAM_0:1:95715175><Jinrai>" with "mx"
L 02/04/2024 - 22:32:55: "[DYS] Shazam<16><STEAM_0:1:59236187><NSF>" killed "[MXican] Boltronics<11><STEAM_0:1:84048595><Jinrai>" with "mx"
L 02/04/2024 - 22:32:55: "[MXican] Boltronics<11><STEAM_0:1:84048595><Jinrai>" say_team "72 Support mx"
L 02/04/2024 - 22:33:15: "[DYS] bauxite<17><STEAM_0:0:5757747><NSF>" killed "[MXican] Wahaha-<14><STEAM_0:1:17526508><Jinrai>" with "kyla"
L 02/04/2024 - 22:33:15: "[DYS] Hosomi<10><STEAM_0:0:51357353><NSF>" triggered "kill_assist"
L 02/04/2024 - 22:33:15: "[MXican] Wahaha-<14><STEAM_0:1:17526508><Jinrai>" say_team "86 Support kyla"
L 02/04/2024 - 22:34:34: "[DYS] bauxite<17><STEAM_0:0:5757747><NSF>" say_team "I'm going in!"
L 02/04/2024 - 22:35:02: "[MXican] Ghost Lizard<12><STEAM_0:1:20336729><Jinrai>" killed "[DYS] Shazam<16><STEAM_0:1:59236187><NSF>" with "mx"
L 02/04/2024 - 22:35:02: "[MXican] Boltronics<11><STEAM_0:1:84048595><Jinrai>" triggered "kill_assist"
L 02/04/2024 - 22:35:03: "[MXican] Wahaha-<14><STEAM_0:1:17526508><Jinrai>" killed "[DYS] You're Pissed Off<13><STEAM_0:1:44658357><NSF>" with "mx"
L 02/04/2024 - 22:35:03: "[DYS] You're Pissed Off<13><STEAM_0:1:44658357><NSF>" say_team "51 Assault mx"
L 02/04/2024 - 22:35:06: "[MXican] Nevra<18><STEAM_0:1:87689215><Jinrai>" killed "[DYS] bauxite<17><STEAM_0:0:5757747><NSF>" with "mx"
L 02/04/2024 - 22:35:06: "[DYS] bauxite<17><STEAM_0:0:5757747><NSF>" say_team "59 Support mx"
L 02/04/2024 - 22:35:07: "[MXican] Boltronics<11><STEAM_0:1:84048595><Jinrai>" killed "[DYS] Infrequent<9><STEAM_0:1:6384081><NSF>" with "mx"
L 02/04/2024 - 22:35:09: "[DYS] Hosomi<10><STEAM_0:0:51357353><NSF>" killed "[MXican] Boltronics<11><STEAM_0:1:84048595><Jinrai>" with "mx"
L 02/04/2024 - 22:35:09: "[MXican] Boltronics<11><STEAM_0:1:84048595><Jinrai>" say_team "100 Support mx"
L 02/04/2024 - 22:35:26: "[MXican] Ghost Lizard<12><STEAM_0:1:20336729><Jinrai>" killed "[DYS] Hosomi<10><STEAM_0:0:51357353><NSF>" with "kyla"
L 02/04/2024 - 22:35:26: "[MXican] NeoTokyoScrub<8><STEAM_0:1:95715175><Jinrai>" triggered "kill_assist"
L 02/04/2024 - 22:36:22: "[DYS] Hosomi<10><STEAM_0:0:51357353><NSF>" killed "[MXican] Boltronics<11><STEAM_0:1:84048595><Jinrai>" with "mx"
L 02/04/2024 - 22:36:22: "[MXican] Boltronics<11><STEAM_0:1:84048595><Jinrai>" say_team "100 Support mx"
L 02/04/2024 - 22:36:31: "[MXican] NeoTokyoScrub<8><STEAM_0:1:95715175><Jinrai>" killed "[DYS] Hosomi<10><STEAM_0:0:51357353><NSF>" with "mx"
L 02/04/2024 - 22:36:55: "[MXican] NeoTokyoScrub<8><STEAM_0:1:95715175><Jinrai>" killed "[DYS] You're Pissed Off<13><STEAM_0:1:44658357><NSF>" with "mx"
L 02/04/2024 - 22:36:55: "[DYS] You're Pissed Off<13><STEAM_0:1:44658357><NSF>" say_team "25 Support mx"
L 02/04/2024 - 22:37:09: "[DYS] bauxite<17><STEAM_0:0:5757747><NSF>" killed "[MXican] Ghost Lizard<12><STEAM_0:1:20336729><Jinrai>" with "mx"
L 02/04/2024 - 22:37:09: "[MXican] Ghost Lizard<12><STEAM_0:1:20336729><Jinrai>" say_team "55 Support mx"
L 02/04/2024 - 22:37:10: "[MXican] Wahaha-<14><STEAM_0:1:17526508><Jinrai>" killed "[DYS] bauxite<17><STEAM_0:0:5757747><NSF>" with "mx"
L 02/04/2024 - 22:37:11: "[DYS] bauxite<17><STEAM_0:0:5757747><NSF>" say_team "48 Assault mx"
L 02/04/2024 - 22:37:13: "[DYS] bauxite<17><STEAM_0:0:5757747><NSF>" say_team "new alley"
L 02/04/2024 - 22:37:14: "[DYS] Shazam<16><STEAM_0:1:59236187><NSF>" killed "[MXican] Wahaha-<14><STEAM_0:1:17526508><Jinrai>" with "mx"
L 02/04/2024 - 22:37:14: "[DYS] bauxite<17><STEAM_0:0:5757747><NSF>" triggered "kill_assist"
L 02/04/2024 - 22:37:15: "[MXican] Wahaha-<14><STEAM_0:1:17526508><Jinrai>" say_team "75 Support mx"
L 02/04/2024 - 22:37:24: "[MXican] Ghost Lizard<12><STEAM_0:1:20336729><Jinrai>" say_team "defend"
L 02/04/2024 - 22:37:28: "[MXican] Ghost Lizard<12><STEAM_0:1:20336729><Jinrai>" say_team "2v1"
L 02/04/2024 - 22:37:31: "[MXican] Boltronics<11><STEAM_0:1:84048595><Jinrai>" say_team "its 2v2?"
L 02/04/2024 - 22:37:37: "[MXican] Ghost Lizard<12><STEAM_0:1:20336729><Jinrai>" say_team "I MEAN go 2v1"
L 02/04/2024 - 22:38:05: "[MXican] Ghost Lizard<12><STEAM_0:1:20336729><Jinrai>" say "stupid sexy baux"
L 02/04/2024 - 22:38:06: "[DYS] Infrequent<9><STEAM_0:1:6384081><NSF>" killed "[MXican] NeoTokyoScrub<8><STEAM_0:1:95715175><Jinrai>" with "mx"
L 02/04/2024 - 22:38:06: "[DYS] You're Pissed Off<13><STEAM_0:1:44658357><NSF>" triggered "kill_assist"
L 02/04/2024 - 22:38:08: "[DYS] Shazam<16><STEAM_0:1:59236187><NSF>" killed "[MXican] Nevra<18><STEAM_0:1:87689215><Jinrai>" with "mx"
L 02/04/2024 - 22:38:08: "[MXican] Nevra<18><STEAM_0:1:87689215><Jinrai>" say_team "43 Support mx"
L 02/04/2024 - 22:38:27: "[DYS] bauxite<17><STEAM_0:0:5757747><NSF>" say ";("
L 02/04/2024 - 22:39:06: "[DYS] bauxite<17><STEAM_0:0:5757747><NSF>" killed "[MXican] Nevra<18><STEAM_0:1:87689215><Jinrai>" with "mx"
L 02/04/2024 - 22:39:06: "[MXican] Nevra<18><STEAM_0:1:87689215><Jinrai>" say_team "51 Support mx"
L 02/04/2024 - 22:39:33: "[MXican] Ghost Lizard<12><STEAM_0:1:20336729><Jinrai>" killed "[DYS] Hosomi<10><STEAM_0:0:51357353><NSF>" with "mx"
L 02/04/2024 - 22:39:33: "[MXican] Boltronics<11><STEAM_0:1:84048595><Jinrai>" triggered "kill_assist"
L 02/04/2024 - 22:39:34: "[DYS] bauxite<17><STEAM_0:0:5757747><NSF>" killed "[MXican] Wahaha-<14><STEAM_0:1:17526508><Jinrai>" with "mx"
L 02/04/2024 - 22:39:34: "[MXican] Wahaha-<14><STEAM_0:1:17526508><Jinrai>" say_team "23 Support mx"
L 02/04/2024 - 22:40:19: "[DYS] bauxite<17><STEAM_0:0:5757747><NSF>" say_team "I'm going in!"
L 02/04/2024 - 22:40:27: "[MXican] Boltronics<11><STEAM_0:1:84048595><Jinrai>" killed "[DYS] Shazam<16><STEAM_0:1:59236187><NSF>" with "mx"
L 02/04/2024 - 22:40:32: "[MXican] Ghost Lizard<12><STEAM_0:1:20336729><Jinrai>" killed "[DYS] bauxite<17><STEAM_0:0:5757747><NSF>" with "mx"
L 02/04/2024 - 22:40:32: "[DYS] bauxite<17><STEAM_0:0:5757747><NSF>" say_team "37 Support mx"
L 02/04/2024 - 22:40:34: "[MXican] Wahaha-<14><STEAM_0:1:17526508><Jinrai>" say "corner camping my absolute enemy"
L 02/04/2024 - 22:40:41: "[MXican] NeoTokyoScrub<8><STEAM_0:1:95715175><Jinrai>" killed "[DYS] Infrequent<9><STEAM_0:1:6384081><NSF>" with "mx"
L 02/04/2024 - 22:41:05: "[DYS] bauxite<17><STEAM_0:0:5757747><NSF>" say_team "Enemy in Front"
L 02/04/2024 - 22:41:08: "[DYS] bauxite<17><STEAM_0:0:5757747><NSF>" say_team "Enemy in Front"
L 02/04/2024 - 22:41:49: "[MXican] Wahaha-<14><STEAM_0:1:17526508><Jinrai>" killed "[DYS] Hosomi<10><STEAM_0:0:51357353><NSF>" with "grenade_projectile"
L 02/04/2024 - 22:41:49: "[MXican] Ghost Lizard<12><STEAM_0:1:20336729><Jinrai>" triggered "kill_assist"
L 02/04/2024 - 22:41:51: "[DYS] You're Pissed Off<13><STEAM_0:1:44658357><NSF>" killed "[MXican] Ghost Lizard<12><STEAM_0:1:20336729><Jinrai>" with "mx"
L 02/04/2024 - 22:41:51: "[DYS] Hosomi<10><STEAM_0:0:51357353><NSF>" triggered "kill_assist"
L 02/04/2024 - 22:41:51: "[MXican] Ghost Lizard<12><STEAM_0:1:20336729><Jinrai>" say_team "70 Assault mx"
L 02/04/2024 - 22:42:05: "[MXican] Wahaha-<14><STEAM_0:1:17526508><Jinrai>" killed "[DYS] Shazam<16><STEAM_0:1:59236187><NSF>" with "mx"
L 02/04/2024 - 22:42:08: "[MXican] Ghost Lizard<12><STEAM_0:1:20336729><Jinrai>" say_team "hosomi support 5hp"
L 02/04/2024 - 22:42:11: "[MXican] Ghost Lizard<12><STEAM_0:1:20336729><Jinrai>" say_team "was their new"
L 02/04/2024 - 22:42:40: "[MXican] Ghost Lizard<12><STEAM_0:1:20336729><Jinrai>" say_team "the one holding spawn support 5hp"
L 02/04/2024 - 22:42:40: "[MXican] Boltronics<11><STEAM_0:1:84048595><Jinrai>" killed "[DYS] You're Pissed Off<13><STEAM_0:1:44658357><NSF>" with "mx"
L 02/04/2024 - 22:42:40: "[DYS] You're Pissed Off<13><STEAM_0:1:44658357><NSF>" say_team "100 Assault mx"
L 02/04/2024 - 22:42:43: "[MXican] Boltronics<11><STEAM_0:1:84048595><Jinrai>" killed "[DYS] Infrequent<9><STEAM_0:1:6384081><NSF>" with "mx"
L 02/04/2024 - 22:42:45: "[MXican] Ghost Lizard<12><STEAM_0:1:20336729><Jinrai>" say_team "LAST 5HP"
L 02/04/2024 - 22:42:47: "[MXican] Boltronics<11><STEAM_0:1:84048595><Jinrai>" killed "[DYS] bauxite<17><STEAM_0:0:5757747><NSF>" with "mx"
L 02/04/2024 - 22:42:47: "[DYS] bauxite<17><STEAM_0:0:5757747><NSF>" say_team "58 Assault mx"
L 02/04/2024 - 22:42:49: "[MXican] Wahaha-<14><STEAM_0:1:17526508><Jinrai>" say "gg"
L 02/04/2024 - 22:42:51: "[MXican] Nevra<18><STEAM_0:1:87689215><Jinrai>" say "gg zp "
L 02/04/2024 - 22:42:52: "[MXican] Ghost Lizard<12><STEAM_0:1:20336729><Jinrai>" say "gg"
L 02/04/2024 - 22:42:53: "[MXican] Ghost Lizard<12><STEAM_0:1:20336729><Jinrai>" say "wp"
L 02/04/2024 - 22:42:54: "[MXican] NeoTokyoScrub<8><STEAM_0:1:95715175><Jinrai>" say "gg"
L 02/04/2024 - 22:42:55: "[MXican] Boltronics<11><STEAM_0:1:84048595><Jinrai>" say "gg"
L 02/04/2024 - 22:42:55: "[MXican] Nevra<18><STEAM_0:1:87689215><Jinrai>" say "gg wp "
L 02/04/2024 - 22:43:06: "[MXican] Boltronics<11><STEAM_0:1:84048595><Jinrai>" say "LETS FKING GO"
L 02/04/2024 - 22:43:08: "[DYS] bauxite<17><STEAM_0:0:5757747><NSF>" say "gg wp"
L 02/04/2024 - 22:43:11: "[MXican] NeoTokyoScrub<8><STEAM_0:1:95715175><Jinrai>" say "3rd for fun?"
L 02/04/2024 - 22:43:14: "[DYS] bauxite<17><STEAM_0:0:5757747><NSF>" disconnected (reason "Disconnect by user.")
L 02/04/2024 - 22:43:14: "[DYS] Infrequent<9><STEAM_0:1:6384081><NSF>" say "yeah sure"
L 02/04/2024 - 22:43:15: "[MXican] Boltronics<11><STEAM_0:1:84048595><Jinrai>" say "im down"
L 02/04/2024 - 22:43:16: "[DYS] Shazam<16><STEAM_0:1:59236187><NSF>" committed suicide with "player"
L 02/04/2024 - 22:43:19: "[MXican] Wahaha-<14><STEAM_0:1:17526508><Jinrai>" say "FUCK YEAH"
L 02/04/2024 - 22:43:22: "[MXican] Wahaha-<14><STEAM_0:1:17526508><Jinrai>" say "YOKO LETS GO"
L 02/04/2024 - 22:43:27: "[MXican] Ghost Lizard<12><STEAM_0:1:20336729><Jinrai>" say "I'm going for a smoke first"
L 02/04/2024 - 22:43:33: "[MXican] Ghost Lizard<12><STEAM_0:1:20336729><Jinrai>" say "I fucking need one"
L 02/04/2024 - 22:43:41: "[MXican] Wahaha-<14><STEAM_0:1:17526508><Jinrai>" say "if i never see another support again i can die happy"
L 02/04/2024 - 22:43:49: "[MXican] NeoTokyoScrub<8><STEAM_0:1:95715175><Jinrai>" say "3 brb for us"
L 02/04/2024 - 22:48:19: "[DYS] Hosomi<10><STEAM_0:0:51357353><NSF>" say "What was the third map?"
L 02/04/2024 - 22:48:28: "[DYS] Infrequent<9><STEAM_0:1:6384081><NSF>" say "yoko"
L 02/04/2024 - 22:53:12: "[DYS] Hosomi<10><STEAM_0:0:51357353><NSF>" say "map nt_yoko_ctg"
L 02/04/2024 - 22:53:20: "[DYS] Hosomi<10><STEAM_0:0:51357353><NSF>" say "!nominate nt_yoko"
L 02/04/2024 - 22:53:22: "[DYS] Hosomi<10><STEAM_0:0:51357353><NSF>" say "!rtv"
L 02/04/2024 - 22:53:25: "[MXican] Wahaha-<14><STEAM_0:1:17526508><Jinrai>" say "!rtv"
L 02/04/2024 - 22:53:27: "[MXican] Ghost Lizard<12><STEAM_0:1:20336729><Jinrai>" say "rtv"
L 02/04/2024 - 22:54:12: "[MXican] Nevra<18><STEAM_0:1:87689215><Jinrai>" say "rtv"
L 02/04/2024 - 22:54:15: "[MXican] NeoTokyoScrub<8><STEAM_0:1:95715175><Jinrai>" say "rtv"
L 02/04/2024 - 22:54:15: "[MXican] Wahaha-<14><STEAM_0:1:17526508><Jinrai>" say "!rtv"
L 02/04/2024 - 22:54:43: [META] Loaded 0 plugins (1 already loaded)
L 02/04/2024 - 22:54:43: [META] Loaded 0 plugins (1 already loaded)
L 02/04/2024 - 22:54:43: Log file closed
