L 01/13/2024 - 18:48:11: Log file started (file "logs\L0113010.log") (game "z:\home\steam\steam\steamapps\common\nt\NeotokyoSource") (version "4044")
L 01/13/2024 - 18:48:11: server_cvar: "sv_pausable" "0"
L 01/13/2024 - 18:48:11: server_cvar: "sv_contact" "baux.site"
L 01/13/2024 - 18:48:11: server_cvar: "sv_gravity" "800"
L 01/13/2024 - 18:48:11: server_cvar: "mp_friendlyfire" "1"
L 01/13/2024 - 18:48:14: "[DYS] Infrequent<39><STEAM_0:1:6384081><>" entered the game
L 01/13/2024 - 18:48:14: "[DYS] xx<44><STEAM_0:0:8714446><>" entered the game
L 01/13/2024 - 18:48:14: "[DYS] You're Pissed Off<43><STEAM_0:1:44658357><>" entered the game
L 01/13/2024 - 18:48:14: "[DYS] bauxite<36><STEAM_0:0:5757747><>" entered the game
L 01/13/2024 - 18:48:14: "[DYS] Shazam<40><STEAM_0:1:59236187><>" entered the game
L 01/13/2024 - 18:48:14: "Insecurity Issues<38><STEAM_0:1:39165168><>" entered the game
L 01/13/2024 - 18:48:14: "Ghost Lizard<41><STEAM_0:1:20336729><>" entered the game
L 01/13/2024 - 18:48:14: "[BONK] Muffin-Dono<45><STEAM_0:1:42031632><>" entered the game
L 01/13/2024 - 18:48:14: "[BONK] Persica<37><STEAM_0:1:19015690><>" entered the game
L 01/13/2024 - 18:48:15: "[BONK] kinoko /a/<35><STEAM_0:0:83067719><>" entered the game
L 01/13/2024 - 18:48:15: "[DYS] Infrequent<39><STEAM_0:1:6384081><Unassigned>" joined team "NSF"
L 01/13/2024 - 18:48:16: "[DYS] You're Pissed Off<43><STEAM_0:1:44658357><Unassigned>" joined team "NSF"
L 01/13/2024 - 18:48:16: "Agiel<46><STEAM_0:1:25025><>" entered the game
L 01/13/2024 - 18:48:17: "Ghost Lizard<41><STEAM_0:1:20336729><Unassigned>" joined team "Spectator"
L 01/13/2024 - 18:48:17: "[DYS] Shazam<40><STEAM_0:1:59236187><Unassigned>" joined team "NSF"
L 01/13/2024 - 18:48:17: "[DYS] xx<44><STEAM_0:0:8714446><Unassigned>" joined team "NSF"
L 01/13/2024 - 18:48:17: "[DYS] bauxite<36><STEAM_0:0:5757747><Unassigned>" joined team "NSF"
L 01/13/2024 - 18:48:17: "Insecurity Issues<38><STEAM_0:1:39165168><Unassigned>" joined team "Spectator"
L 01/13/2024 - 18:48:18: "[BONK] Muffin-Dono<45><STEAM_0:1:42031632><Unassigned>" joined team "Spectator"
L 01/13/2024 - 18:48:21: "[TagsR4Nerds] Average<42><STEAM_0:1:57251237><>" entered the game
L 01/13/2024 - 18:48:23: "[BONK] Persica<37><STEAM_0:1:19015690><Unassigned>" joined team "Jinrai"
L 01/13/2024 - 18:48:24: "[TagsR4Nerds] Average<42><STEAM_0:1:57251237><Unassigned>" joined team "Spectator"
L 01/13/2024 - 18:48:25: "[BONK] kinoko /a/<35><STEAM_0:0:83067719><Unassigned>" joined team "Jinrai"
L 01/13/2024 - 18:48:29: "[DYS] Shazam<40><STEAM_0:1:59236187><NSF>" say "!ready"
L 01/13/2024 - 18:48:31: "[BONK] kinoko /a/<35><STEAM_0:0:83067719><Jinrai>" say "jef cant connect for some reason"
L 01/13/2024 - 18:48:33: "[DYS] bauxite<36><STEAM_0:0:5757747><NSF>" say "everyone was invis on steam yes"
L 01/13/2024 - 18:48:34: "[DYS] bauxite<36><STEAM_0:0:5757747><NSF>" say "why"
L 01/13/2024 - 18:48:37: "[DYS] bauxite<36><STEAM_0:0:5757747><NSF>" say "did he copy paste"
L 01/13/2024 - 18:48:41: "[DYS] bauxite<36><STEAM_0:0:5757747><NSF>" say "let me send it"
L 01/13/2024 - 18:48:41: "[BONK] kinoko /a/<35><STEAM_0:0:83067719><Jinrai>" say "wait hold on"
L 01/13/2024 - 18:48:45: "Agiel<46><STEAM_0:1:25025><Unassigned>" joined team "Spectator"
L 01/13/2024 - 18:48:53: "Insecurity Issues<38><STEAM_0:1:39165168><Spectator>" changed name to "[BONK] 草"
L 01/13/2024 - 18:48:58: "[BONK] kinoko /a/<35><STEAM_0:0:83067719><Jinrai>" say "yeah he cant connect :/"
L 01/13/2024 - 18:49:03: "[BONK] 草<38><STEAM_0:1:39165168><Spectator>" joined team "Jinrai"
L 01/13/2024 - 18:49:07: "[BONK] kinoko /a/<35><STEAM_0:0:83067719><Jinrai>" say "we are figuring it out"
L 01/13/2024 - 18:49:11: "[BONK] kinoko /a/<35><STEAM_0:0:83067719><Jinrai>" say "sorry for the difficulties"
L 01/13/2024 - 18:49:21: "[DYS] xx<44><STEAM_0:0:8714446><NSF>" say "who could have forseen"
L 01/13/2024 - 18:49:23: "[DYS] Infrequent<39><STEAM_0:1:6384081><NSF>" say "my issue was that what i copied and pasted didn't have "connect" in the command"
L 01/13/2024 - 18:49:26: "[DYS] Infrequent<39><STEAM_0:1:6384081><NSF>" say "cos im dumb as fuck"
L 01/13/2024 - 18:49:54: "[DYS] Infrequent<39><STEAM_0:1:6384081><NSF>" say "!ready"
L 01/13/2024 - 18:49:54: "[DYS] bauxite<36><STEAM_0:0:5757747><NSF>" say "can he con now?"
L 01/13/2024 - 18:49:55: "[BONK] Muffin-Dono<45><STEAM_0:1:42031632><Spectator>" say "jef tryna connect"
L 01/13/2024 - 18:50:04: "[DYS] Shazam<40><STEAM_0:1:59236187><NSF>" say "!ready"
L 01/13/2024 - 18:50:15: "[DYS] bauxite<36><STEAM_0:0:5757747><NSF>" say_team "u were right, i wanted to hope u werent tho"
L 01/13/2024 - 18:50:34: "[BONK] Muffin-Dono<45><STEAM_0:1:42031632><Spectator>" joined team "Jinrai"
L 01/13/2024 - 18:51:01: "[DYS] bauxite<36><STEAM_0:0:5757747><NSF>" say "did jeff see my message"
L 01/13/2024 - 18:51:04: "[DYS] bauxite<36><STEAM_0:0:5757747><NSF>" say "whats the issue?"
L 01/13/2024 - 18:51:12: "[BONK] kinoko /a/<35><STEAM_0:0:83067719><Jinrai>" say "no clue"
L 01/13/2024 - 18:51:14: "[BONK] Persica<37><STEAM_0:1:19015690><Jinrai>" disconnected (reason "Disconnect by user.")
L 01/13/2024 - 18:51:14: "[BONK] Persica<47><STEAM_ID_PENDING><>" connected, address "71.77.145.180:27005"
L 01/13/2024 - 18:51:14: "[BONK] Persica<47><STEAM_0:1:19015690><>" STEAM USERID validated
L 01/13/2024 - 18:51:16: "[BONK] Persica<47><STEAM_0:1:19015690><>" entered the game
L 01/13/2024 - 18:51:16: "[BONK] Muffin-Dono<45><STEAM_0:1:42031632><Jinrai>" say "we're not sure, just not working for him"
L 01/13/2024 - 18:51:18: "[DYS] bauxite<36><STEAM_0:0:5757747><NSF>" say "agiel got banned somehow"
L 01/13/2024 - 18:51:18: "[BONK] Persica<47><STEAM_0:1:19015690><Unassigned>" joined team "Jinrai"
L 01/13/2024 - 18:51:22: "[DYS] bauxite<36><STEAM_0:0:5757747><NSF>" say "can jeff send me his ip"
L 01/13/2024 - 18:51:34: "[BONK] Persica<47><STEAM_0:1:19015690><Jinrai>" say "sugoi"
L 01/13/2024 - 18:51:35: "[BONK] Muffin-Dono<45><STEAM_0:1:42031632><Jinrai>" say "ah maybe he got banned too?"
L 01/13/2024 - 18:51:40: "[DYS] bauxite<36><STEAM_0:0:5757747><NSF>" say "yes im not sure how"
L 01/13/2024 - 18:51:55: "[BONK] Muffin-Dono<45><STEAM_0:1:42031632><Jinrai>" say "the jef agiel conspiracy"
L 01/13/2024 - 18:52:06: "[DYS] Infrequent<39><STEAM_0:1:6384081><NSF>" say "gonna restart client"
L 01/13/2024 - 18:52:06: "[DYS] bauxite<36><STEAM_0:0:5757747><NSF>" say "i have no idea how it banned them"
L 01/13/2024 - 18:52:11: "[DYS] bauxite<36><STEAM_0:0:5757747><NSF>" say "ill have to check later"
L 01/13/2024 - 18:52:13: "[DYS] Infrequent<39><STEAM_0:1:6384081><NSF>" disconnected (reason "Disconnect by user.")
L 01/13/2024 - 18:52:17: "[BONK] Persica<47><STEAM_0:1:19015690><Jinrai>" disconnected (reason "Disconnect by user.")
L 01/13/2024 - 18:52:26: "[DYS] Infrequent<48><STEAM_ID_PENDING><>" connected, address "86.169.55.78:27005"
L 01/13/2024 - 18:52:26: "[DYS] Infrequent<48><STEAM_0:1:6384081><>" STEAM USERID validated
L 01/13/2024 - 18:52:29: "[DYS] Infrequent<48><STEAM_0:1:6384081><>" entered the game
L 01/13/2024 - 18:52:31: "[DYS] Infrequent<48><STEAM_0:1:6384081><Unassigned>" joined team "NSF"
L 01/13/2024 - 18:52:36: "Agiel<46><STEAM_0:1:25025><Spectator>" say "i did type the wrong port the first time i tried to join, but i don't see how that could result in a ban :/"
L 01/13/2024 - 18:52:38: "[BONK] Persica<49><STEAM_ID_PENDING><>" connected, address "71.77.145.180:27005"
L 01/13/2024 - 18:52:38: "[BONK] Persica<49><STEAM_0:1:19015690><>" STEAM USERID validated
L 01/13/2024 - 18:52:42: "[BONK] Persica<49><STEAM_0:1:19015690><>" entered the game
L 01/13/2024 - 18:52:44: "[BONK] Persica<49><STEAM_0:1:19015690><Unassigned>" joined team "Jinrai"
L 01/13/2024 - 18:52:50: "[DYS] bauxite<36><STEAM_0:0:5757747><NSF>" say "me neither"
L 01/13/2024 - 18:53:00: "[DYS] bauxite<36><STEAM_0:0:5757747><NSF>" say "ony thing i can think is if u tried to rcon"
L 01/13/2024 - 18:53:04: "[DYS] bauxite<36><STEAM_0:0:5757747><NSF>" say "and got wrong pass"
L 01/13/2024 - 18:53:07: "[BONK] Persica<49><STEAM_0:1:19015690><Jinrai>" say "none of us tried rcon lmao"
L 01/13/2024 - 18:53:12: "[DYS] bauxite<36><STEAM_0:0:5757747><NSF>" say "i know"
L 01/13/2024 - 18:53:18: "[BONK] Muffin-Dono<45><STEAM_0:1:42031632><Jinrai>" say "I'm an assault"
L 01/13/2024 - 18:53:18: "[DYS] bauxite<36><STEAM_0:0:5757747><NSF>" say "so im just perplexed af"
L 01/13/2024 - 18:53:21: "[BONK] kinoko /a/<35><STEAM_0:0:83067719><Jinrai>" say "so hows the weather"
L 01/13/2024 - 18:53:31: "[BONK] Muffin-Dono<45><STEAM_0:1:42031632><Jinrai>" say "looking pretty neo in tokyo"
L 01/13/2024 - 18:53:31: "[DYS] Infrequent<48><STEAM_0:1:6384081><NSF>" say "i'm sad my gigabrain nade didn't count for anything"
L 01/13/2024 - 18:53:36: "[BONK] Muffin-Dono<45><STEAM_0:1:42031632><Jinrai>" say ":("
L 01/13/2024 - 18:53:41: "[BONK] Muffin-Dono<45><STEAM_0:1:42031632><Jinrai>" say "yeah that was a good predict"
L 01/13/2024 - 18:53:53: "jef<50><STEAM_ID_PENDING><>" connected, address "206.116.131.148:27005"
L 01/13/2024 - 18:53:53: "jef<50><STEAM_0:1:42399966><>" STEAM USERID validated
L 01/13/2024 - 18:53:55: "jef<50><STEAM_0:1:42399966><>" entered the game
L 01/13/2024 - 18:53:56: "[BONK] Muffin-Dono<45><STEAM_0:1:42031632><Jinrai>" say "YO"
L 01/13/2024 - 18:53:59: "[DYS] Infrequent<48><STEAM_0:1:6384081><NSF>" say "AAAAYYY"
L 01/13/2024 - 18:54:00: "[BONK] Muffin-Dono<45><STEAM_0:1:42031632><Jinrai>" say "!ready"
L 01/13/2024 - 18:54:00: "jef<50><STEAM_0:1:42399966><Unassigned>" joined team "Jinrai"
L 01/13/2024 - 18:54:05: "[BONK] Persica<49><STEAM_0:1:19015690><Jinrai>" say "!ready"
L 01/13/2024 - 18:54:14: "[DYS] bauxite<36><STEAM_0:0:5757747><NSF>" say_team "shaz"
L 01/13/2024 - 18:54:15: "[DYS] bauxite<36><STEAM_0:0:5757747><NSF>" say_team "u gave me"
L 01/13/2024 - 18:54:16: "[DYS] Infrequent<48><STEAM_0:1:6384081><NSF>" say "!ready"
L 01/13/2024 - 18:54:18: "[DYS] bauxite<36><STEAM_0:0:5757747><NSF>" say_team "a heartattack"
L 01/13/2024 - 18:54:20: "[DYS] You're Pissed Off<43><STEAM_0:1:44658357><NSF>" say "!ready"
L 01/13/2024 - 18:54:24: "[BONK] 草<38><STEAM_0:1:39165168><Jinrai>" say "!ready"
L 01/13/2024 - 18:54:31: "[DYS] bauxite<36><STEAM_0:0:5757747><NSF>" say "!ready"
L 01/13/2024 - 18:54:38: "[DYS] xx<44><STEAM_0:0:8714446><NSF>" say "!ready"
L 01/13/2024 - 18:54:49: "[BONK] Muffin-Dono<45><STEAM_0:1:42031632><Jinrai>" say "!readylist"
L 01/13/2024 - 18:54:53: "[DYS] bauxite<36><STEAM_0:0:5757747><NSF>" say "restarting client"
L 01/13/2024 - 18:54:55: "[DYS] bauxite<36><STEAM_0:0:5757747><NSF>" say "!unready"
L 01/13/2024 - 18:54:57: "[DYS] bauxite<36><STEAM_0:0:5757747><NSF>" disconnected (reason "Disconnect by user.")
L 01/13/2024 - 18:54:59: "[DYS] Infrequent<48><STEAM_0:1:6384081><NSF>" say "blud"
L 01/13/2024 - 18:55:01: "jef<50><STEAM_0:1:42399966><Jinrai>" changed name to "[BONK] jef"
L 01/13/2024 - 18:55:03: "[BONK] jef<50><STEAM_0:1:42399966><Jinrai>" say "there"
L 01/13/2024 - 18:55:09: "[BONK] kinoko /a/<35><STEAM_0:0:83067719><Jinrai>" say "first time jef has the bonk tag"
L 01/13/2024 - 18:55:15: "[DYS] bauxite<51><STEAM_ID_PENDING><>" connected, address "86.13.114.58:27005"
L 01/13/2024 - 18:55:16: "[DYS] bauxite<51><STEAM_0:0:5757747><>" STEAM USERID validated
L 01/13/2024 - 18:55:19: "[DYS] bauxite<51><STEAM_0:0:5757747><>" entered the game
L 01/13/2024 - 18:55:19: "[DYS] You're Pissed Off<43><STEAM_0:1:44658357><NSF>" say "What is his name?"
L 01/13/2024 - 18:55:19: "[BONK] Muffin-Dono<45><STEAM_0:1:42031632><Jinrai>" say "!ready"
L 01/13/2024 - 18:55:20: "[DYS] bauxite<51><STEAM_0:0:5757747><Unassigned>" joined team "NSF"
L 01/13/2024 - 18:55:23: "[BONK] jef<50><STEAM_0:1:42399966><Jinrai>" say "i had a merc tag b4 lol"
L 01/13/2024 - 18:55:24: "[DYS] bauxite<51><STEAM_0:0:5757747><NSF>" say "!ready"
L 01/13/2024 - 18:55:25: "[BONK] Muffin-Dono<45><STEAM_0:1:42031632><Jinrai>" say "joe"
L 01/13/2024 - 18:55:25: "[BONK] jef<50><STEAM_0:1:42399966><Jinrai>" say_team "!ready"
L 01/13/2024 - 18:55:25: "[BONK] kinoko /a/<35><STEAM_0:0:83067719><Jinrai>" say "jefferson"
L 01/13/2024 - 18:55:28: "[DYS] Infrequent<48><STEAM_0:1:6384081><NSF>" say "gl hf"
L 01/13/2024 - 18:55:37: "[DYS] bauxite<51><STEAM_0:0:5757747><NSF>" say "glhf"
L 01/13/2024 - 18:56:20: "[DYS] bauxite<51><STEAM_0:0:5757747><NSF>" say_team "Enemy in Front"
L 01/13/2024 - 18:57:16: "[DYS] bauxite<51><STEAM_0:0:5757747><NSF>" say_team "Enemy in Front"
L 01/13/2024 - 18:57:23: "[BONK] 草<38><STEAM_0:1:39165168><Jinrai>" killed "[DYS] Shazam<40><STEAM_0:1:59236187><NSF>" with "zr68s"
L 01/13/2024 - 18:57:28: "[DYS] bauxite<51><STEAM_0:0:5757747><NSF>" killed "[BONK] Persica<49><STEAM_0:1:19015690><Jinrai>" with "supa7"
L 01/13/2024 - 18:57:29: "[BONK] jef<50><STEAM_0:1:42399966><Jinrai>" killed "[DYS] You're Pissed Off<43><STEAM_0:1:44658357><NSF>" with "zr68s"
L 01/13/2024 - 18:57:35: "[BONK] 草<38><STEAM_0:1:39165168><Jinrai>" killed "[DYS] bauxite<51><STEAM_0:0:5757747><NSF>" with "zr68s"
L 01/13/2024 - 18:57:35: "[BONK] Persica<49><STEAM_0:1:19015690><Jinrai>" triggered "kill_assist"
L 01/13/2024 - 18:57:50: "[DYS] bauxite<51><STEAM_0:0:5757747><NSF>" say_team "19 hp grass "
L 01/13/2024 - 18:58:31: "[DYS] Infrequent<48><STEAM_0:1:6384081><NSF>" killed "[BONK] kinoko /a/<35><STEAM_0:0:83067719><Jinrai>" with "zr68s"
L 01/13/2024 - 18:58:34: "[BONK] jef<50><STEAM_0:1:42399966><Jinrai>" killed "[BONK] 草<38><STEAM_0:1:39165168><Jinrai>" with "zr68s"
L 01/13/2024 - 18:58:34: "[DYS] bauxite<51><STEAM_0:0:5757747><NSF>" triggered "kill_assist"
L 01/13/2024 - 18:58:38: "[BONK] Muffin-Dono<45><STEAM_0:1:42031632><Jinrai>" killed "[DYS] Infrequent<48><STEAM_0:1:6384081><NSF>" with "srm"
L 01/13/2024 - 18:58:39: "[BONK] jef<50><STEAM_0:1:42399966><Jinrai>" killed "[DYS] xx<44><STEAM_0:0:8714446><NSF>" with "zr68s"
L 01/13/2024 - 18:59:32: "[BONK] kinoko /a/<35><STEAM_0:0:83067719><Jinrai>" committed suicide with "world"
L 01/13/2024 - 18:59:32: "[DYS] Infrequent<48><STEAM_0:1:6384081><NSF>" triggered "kill_assist"
L 01/13/2024 - 18:59:40: "[DYS] bauxite<51><STEAM_0:0:5757747><NSF>" killed "[BONK] Persica<49><STEAM_0:1:19015690><Jinrai>" with "supa7"
L 01/13/2024 - 19:00:04: "[DYS] bauxite<51><STEAM_0:0:5757747><NSF>" say_team "Enemy in Front"
L 01/13/2024 - 19:00:09: "[BONK] jef<50><STEAM_0:1:42399966><Jinrai>" killed "[DYS] Shazam<40><STEAM_0:1:59236187><NSF>" with "zr68s"
L 01/13/2024 - 19:00:15: "[BONK] 草<38><STEAM_0:1:39165168><Jinrai>" killed "[DYS] bauxite<51><STEAM_0:0:5757747><NSF>" with "zr68s"
L 01/13/2024 - 19:00:15: "[BONK] Persica<49><STEAM_0:1:19015690><Jinrai>" triggered "kill_assist"
L 01/13/2024 - 19:00:17: "[DYS] bauxite<51><STEAM_0:0:5757747><NSF>" say_team "2 in spawn"
L 01/13/2024 - 19:00:18: "[DYS] You're Pissed Off<43><STEAM_0:1:44658357><NSF>" killed "[BONK] Muffin-Dono<45><STEAM_0:1:42031632><Jinrai>" with "zr68s"
L 01/13/2024 - 19:00:57: "[BONK] jef<50><STEAM_0:1:42399966><Jinrai>" killed "[DYS] You're Pissed Off<43><STEAM_0:1:44658357><NSF>" with "zr68s"
L 01/13/2024 - 19:01:12: "[DYS] Shazam<40><STEAM_0:1:59236187><>" disconnected (reason "Connection closing")
L 01/13/2024 - 19:01:12: "[DYS] Shazam<52><STEAM_ID_PENDING><>" connected, address "174.74.176.72:27005"
L 01/13/2024 - 19:01:12: "[DYS] Shazam<52><STEAM_0:1:59236187><>" STEAM USERID validated
L 01/13/2024 - 19:01:15: "[DYS] Shazam<52><STEAM_0:1:59236187><>" entered the game
L 01/13/2024 - 19:01:17: "[BONK] jef<50><STEAM_0:1:42399966><Jinrai>" killed "[DYS] Infrequent<48><STEAM_0:1:6384081><NSF>" with "zr68s"
L 01/13/2024 - 19:01:18: "[DYS] Shazam<52><STEAM_0:1:59236187><Unassigned>" joined team "NSF"
L 01/13/2024 - 19:02:20: "[BONK] Persica<49><STEAM_0:1:19015690><Jinrai>" killed "[DYS] Shazam<52><STEAM_0:1:59236187><NSF>" with "zr68s"
L 01/13/2024 - 19:02:20: "[DYS] xx<44><STEAM_0:0:8714446><NSF>" killed "[BONK] Persica<49><STEAM_0:1:19015690><Jinrai>" with "zr68s"
L 01/13/2024 - 19:02:24: "[DYS] xx<44><STEAM_0:0:8714446><NSF>" killed "[BONK] kinoko /a/<35><STEAM_0:0:83067719><Jinrai>" with "zr68s"
L 01/13/2024 - 19:02:24: "[DYS] Shazam<52><STEAM_0:1:59236187><NSF>" triggered "kill_assist"
L 01/13/2024 - 19:03:07: "[DYS] xx<44><STEAM_0:0:8714446><NSF>" killed "[BONK] 草<38><STEAM_0:1:39165168><Jinrai>" with "zr68s"
L 01/13/2024 - 19:03:38: "[DYS] bauxite<51><STEAM_0:0:5757747><NSF>" killed "[BONK] Muffin-Dono<45><STEAM_0:1:42031632><Jinrai>" with "kyla"
L 01/13/2024 - 19:03:39: "[BONK] jef<50><STEAM_0:1:42399966><Jinrai>" killed "[DYS] bauxite<51><STEAM_0:0:5757747><NSF>" with "srm"
L 01/13/2024 - 19:03:45: "[BONK] jef<50><STEAM_0:1:42399966><Jinrai>" killed "[DYS] xx<44><STEAM_0:0:8714446><NSF>" with "srm"
L 01/13/2024 - 19:03:45: "[BONK] kinoko /a/<35><STEAM_0:0:83067719><Jinrai>" triggered "kill_assist"
L 01/13/2024 - 19:03:51: "[BONK] jef<50><STEAM_0:1:42399966><Jinrai>" killed "[DYS] Infrequent<48><STEAM_0:1:6384081><NSF>" with "srm"
L 01/13/2024 - 19:03:52: "[DYS] You're Pissed Off<43><STEAM_0:1:44658357><NSF>" killed "[BONK] jef<50><STEAM_0:1:42399966><Jinrai>" with "zr68s"
L 01/13/2024 - 19:04:44: "[DYS] Infrequent<48><STEAM_0:1:6384081><NSF>" killed "[BONK] Persica<49><STEAM_0:1:19015690><Jinrai>" with "zr68s"
L 01/13/2024 - 19:04:52: "[BONK] Muffin-Dono<45><STEAM_0:1:42031632><Jinrai>" killed "[DYS] bauxite<51><STEAM_0:0:5757747><NSF>" with "grenade_projectile"
L 01/13/2024 - 19:04:56: "[DYS] bauxite<51><STEAM_0:0:5757747><NSF>" say_team "39 server"
L 01/13/2024 - 19:04:59: "[DYS] xx<44><STEAM_0:0:8714446><NSF>" killed "[BONK] Muffin-Dono<45><STEAM_0:1:42031632><Jinrai>" with "zr68s"
L 01/13/2024 - 19:04:59: "[DYS] bauxite<51><STEAM_0:0:5757747><NSF>" triggered "kill_assist"
L 01/13/2024 - 19:05:09: "[DYS] You're Pissed Off<43><STEAM_0:1:44658357><NSF>" killed "[BONK] kinoko /a/<35><STEAM_0:0:83067719><Jinrai>" with "zr68s"
L 01/13/2024 - 19:05:14: "[BONK] 草<38><STEAM_0:1:39165168><Jinrai>" killed "[DYS] Infrequent<48><STEAM_0:1:6384081><NSF>" with "srm"
L 01/13/2024 - 19:05:20: "[DYS] xx<44><STEAM_0:0:8714446><NSF>" killed "[BONK] 草<38><STEAM_0:1:39165168><Jinrai>" with "zr68s"
L 01/13/2024 - 19:05:25: "[BONK] jef<50><STEAM_0:1:42399966><Jinrai>" killed "[DYS] Shazam<52><STEAM_0:1:59236187><NSF>" with "srm"
L 01/13/2024 - 19:05:48: "[BONK] 草<38><STEAM_0:1:39165168><Jinrai>" say_team "moffin server is a death sentence if they rush you"
L 01/13/2024 - 19:05:53: "[BONK] 草<38><STEAM_0:1:39165168><Jinrai>" say_team "and stacking that gets everyone killed"
L 01/13/2024 - 19:06:06: "[BONK] jef<50><STEAM_0:1:42399966><Jinrai>" killed "[DYS] You're Pissed Off<43><STEAM_0:1:44658357><NSF>" with "srm"
L 01/13/2024 - 19:06:06: "[BONK] 草<38><STEAM_0:1:39165168><Jinrai>" triggered "kill_assist"
L 01/13/2024 - 19:06:14: "[BONK] jef<50><STEAM_0:1:42399966><Jinrai>" killed "[DYS] xx<44><STEAM_0:0:8714446><NSF>" with "srm"
L 01/13/2024 - 19:06:17: "[BONK] kinoko /a/<35><STEAM_0:0:83067719><Jinrai>" say "[BONK] [BONK] [BONK] [BONK] [BONK] [BONK]"
L 01/13/2024 - 19:06:17: "[DYS] bauxite<51><STEAM_0:0:5757747><NSF>" say_team "nt"
L 01/13/2024 - 19:07:57: "[BONK] Persica<49><STEAM_0:1:19015690><Jinrai>" killed "[DYS] Shazam<52><STEAM_0:1:59236187><NSF>" with "mx"
L 01/13/2024 - 19:07:57: "[BONK] kinoko /a/<35><STEAM_0:0:83067719><Jinrai>" triggered "kill_assist"
L 01/13/2024 - 19:08:02: "[BONK] Persica<49><STEAM_0:1:19015690><Jinrai>" killed "[DYS] xx<44><STEAM_0:0:8714446><NSF>" with "mx"
L 01/13/2024 - 19:08:18: "[DYS] Infrequent<48><STEAM_0:1:6384081><NSF>" killed "[BONK] Persica<49><STEAM_0:1:19015690><Jinrai>" with "zr68s"
L 01/13/2024 - 19:08:25: "[DYS] Infrequent<48><STEAM_0:1:6384081><NSF>" killed "[BONK] 草<38><STEAM_0:1:39165168><Jinrai>" with "mx"
L 01/13/2024 - 19:08:45: "[DYS] Infrequent<48><STEAM_0:1:6384081><NSF>" killed "[BONK] kinoko /a/<35><STEAM_0:0:83067719><Jinrai>" with "mx"
L 01/13/2024 - 19:08:49: "[BONK] Muffin-Dono<45><STEAM_0:1:42031632><Jinrai>" killed "[DYS] Infrequent<48><STEAM_0:1:6384081><NSF>" with "zr68s"
L 01/13/2024 - 19:08:49: "[BONK] 草<38><STEAM_0:1:39165168><Jinrai>" triggered "kill_assist"
L 01/13/2024 - 19:08:54: "[BONK] Muffin-Dono<45><STEAM_0:1:42031632><Jinrai>" killed "[DYS] bauxite<51><STEAM_0:0:5757747><NSF>" with "zr68s"
L 01/13/2024 - 19:08:57: "[BONK] jef<50><STEAM_0:1:42399966><Jinrai>" killed "[DYS] You're Pissed Off<43><STEAM_0:1:44658357><NSF>" with "srm"
L 01/13/2024 - 19:09:50: "[BONK] Persica<49><STEAM_0:1:19015690><Jinrai>" killed "[DYS] bauxite<51><STEAM_0:0:5757747><NSF>" with "srm"
L 01/13/2024 - 19:09:53: "[DYS] bauxite<51><STEAM_0:0:5757747><NSF>" say_team "long"
L 01/13/2024 - 19:09:55: "[DYS] bauxite<51><STEAM_0:0:5757747><NSF>" say_team "office"
L 01/13/2024 - 19:10:07: "[DYS] bauxite<51><STEAM_0:0:5757747><NSF>" say_team "2 are low hp recons"
L 01/13/2024 - 19:10:22: "[DYS] bauxite<51><STEAM_0:0:5757747><NSF>" say_team "3 low hp"
L 01/13/2024 - 19:10:32: "[DYS] You're Pissed Off<43><STEAM_0:1:44658357><NSF>" killed "[BONK] Persica<49><STEAM_0:1:19015690><Jinrai>" with "zr68s"
L 01/13/2024 - 19:10:33: "[DYS] You're Pissed Off<43><STEAM_0:1:44658357><NSF>" killed "[BONK] kinoko /a/<35><STEAM_0:0:83067719><Jinrai>" with "zr68s"
L 01/13/2024 - 19:10:33: "[DYS] bauxite<51><STEAM_0:0:5757747><NSF>" triggered "kill_assist"
L 01/13/2024 - 19:10:38: "[BONK] jef<50><STEAM_0:1:42399966><Jinrai>" killed "[DYS] Shazam<52><STEAM_0:1:59236187><NSF>" with "srm"
L 01/13/2024 - 19:10:41: "[BONK] Muffin-Dono<45><STEAM_0:1:42031632><Jinrai>" killed "[DYS] You're Pissed Off<43><STEAM_0:1:44658357><NSF>" with "zr68s"
L 01/13/2024 - 19:10:41: "[BONK] Persica<49><STEAM_0:1:19015690><Jinrai>" triggered "kill_assist"
L 01/13/2024 - 19:10:41: "[DYS] xx<44><STEAM_0:0:8714446><NSF>" killed "[BONK] jef<50><STEAM_0:1:42399966><Jinrai>" with "zr68s"
L 01/13/2024 - 19:10:41: "[DYS] Shazam<52><STEAM_0:1:59236187><NSF>" triggered "kill_assist"
L 01/13/2024 - 19:10:45: "[BONK] 草<38><STEAM_0:1:39165168><Jinrai>" killed "[DYS] xx<44><STEAM_0:0:8714446><NSF>" with "zr68s"
L 01/13/2024 - 19:10:49: "[DYS] Infrequent<48><STEAM_0:1:6384081><NSF>" killed "[BONK] 草<38><STEAM_0:1:39165168><Jinrai>" with "zr68s"
L 01/13/2024 - 19:11:59: "[DYS] bauxite<51><STEAM_0:0:5757747><NSF>" say_team "they have 2 recons sometimes pushing up long stairs"
L 01/13/2024 - 19:12:36: "[BONK] kinoko /a/<35><STEAM_0:0:83067719><Jinrai>" killed "[DYS] Shazam<52><STEAM_0:1:59236187><NSF>" with "mx"
L 01/13/2024 - 19:13:51: "[DYS] bauxite<51><STEAM_0:0:5757747><NSF>" say_team "Enemy in Front"
L 01/13/2024 - 19:13:54: "[DYS] bauxite<51><STEAM_0:0:5757747><NSF>" say_team "Enemy is Behind"
L 01/13/2024 - 19:13:58: "[DYS] bauxite<51><STEAM_0:0:5757747><NSF>" say_team "flsnk"
L 01/13/2024 - 19:14:37: "[BONK] Persica<49><STEAM_0:1:19015690><Jinrai>" killed "[DYS] bauxite<51><STEAM_0:0:5757747><NSF>" with "zr68s"
L 01/13/2024 - 19:14:37: "[BONK] 草<38><STEAM_0:1:39165168><Jinrai>" triggered "kill_assist"
L 01/13/2024 - 19:14:38: "[DYS] Infrequent<48><STEAM_0:1:6384081><NSF>" killed "[BONK] Persica<49><STEAM_0:1:19015690><Jinrai>" with "zr68s"
L 01/13/2024 - 19:14:43: "[BONK] 草<38><STEAM_0:1:39165168><Jinrai>" killed "[DYS] You're Pissed Off<43><STEAM_0:1:44658357><NSF>" with "mx"
L 01/13/2024 - 19:14:43: "[BONK] Persica<49><STEAM_0:1:19015690><Jinrai>" triggered "kill_assist"
L 01/13/2024 - 19:14:49: "[BONK] 草<38><STEAM_0:1:39165168><Jinrai>" killed "[DYS] xx<44><STEAM_0:0:8714446><NSF>" with "mx"
L 01/13/2024 - 19:14:49: "[DYS] Infrequent<48><STEAM_0:1:6384081><NSF>" killed "[BONK] 草<38><STEAM_0:1:39165168><Jinrai>" with "zr68s"
L 01/13/2024 - 19:14:49: "[DYS] xx<44><STEAM_0:0:8714446><NSF>" triggered "kill_assist"
L 01/13/2024 - 19:14:52: "[BONK] jef<50><STEAM_0:1:42399966><Jinrai>" killed "[DYS] Infrequent<48><STEAM_0:1:6384081><NSF>" with "srm"
L 01/13/2024 - 19:14:58: "[DYS] bauxite<51><STEAM_0:0:5757747><NSF>" disconnected (reason "Disconnect by user.")
L 01/13/2024 - 19:14:58: "[DYS] bauxite<53><STEAM_ID_PENDING><>" connected, address "86.13.114.58:27005"
L 01/13/2024 - 19:14:58: "[DYS] bauxite<53><STEAM_0:0:5757747><>" STEAM USERID validated
L 01/13/2024 - 19:14:59: "[DYS] bauxite<53><STEAM_0:0:5757747><>" entered the game
L 01/13/2024 - 19:15:01: "[DYS] bauxite<53><STEAM_0:0:5757747><Unassigned>" joined team "NSF"
L 01/13/2024 - 19:16:02: "[DYS] Infrequent<48><STEAM_0:1:6384081><NSF>" killed "[BONK] Persica<49><STEAM_0:1:19015690><Jinrai>" with "mx"
L 01/13/2024 - 19:16:09: "[DYS] bauxite<53><STEAM_0:0:5757747><NSF>" killed "[BONK] Muffin-Dono<45><STEAM_0:1:42031632><Jinrai>" with "mx"
L 01/13/2024 - 19:16:13: "[BONK] 草<38><STEAM_0:1:39165168><Jinrai>" killed "[DYS] You're Pissed Off<43><STEAM_0:1:44658357><NSF>" with "zr68c"
L 01/13/2024 - 19:16:16: "[DYS] Shazam<52><STEAM_0:1:59236187><NSF>" killed "[BONK] 草<38><STEAM_0:1:39165168><Jinrai>" with "srm"
L 01/13/2024 - 19:16:26: "[DYS] xx<44><STEAM_0:0:8714446><NSF>" killed "[BONK] jef<50><STEAM_0:1:42399966><Jinrai>" with "zr68s"
L 01/13/2024 - 19:16:34: "[BONK] kinoko /a/<35><STEAM_0:0:83067719><Jinrai>" killed "[DYS] bauxite<53><STEAM_0:0:5757747><NSF>" with "grenade_detapack"
L 01/13/2024 - 19:16:37: "[DYS] bauxite<53><STEAM_0:0:5757747><NSF>" say_team "recon"
L 01/13/2024 - 19:16:39: "[DYS] bauxite<53><STEAM_0:0:5757747><NSF>" say_team "100"
L 01/13/2024 - 19:16:42: "[DYS] Infrequent<48><STEAM_0:1:6384081><NSF>" killed "[BONK] kinoko /a/<35><STEAM_0:0:83067719><Jinrai>" with "mx"
L 01/13/2024 - 19:16:43: "[BONK] Persica<49><STEAM_0:1:19015690><Jinrai>" say_team "holding is like, making me super antsy and getting me picked. im going to be, very aggro next round."
L 01/13/2024 - 19:16:47: "[DYS] Infrequent<48><STEAM_0:1:6384081><NSF>" say "!pause"
L 01/13/2024 - 19:17:06: "[DYS] Infrequent<48><STEAM_0:1:6384081><NSF>" say "sry quick bio for one boi"
L 01/13/2024 - 19:17:19: "[DYS] xx<44><STEAM_0:0:8714446><NSF>" say "pissed off pissed off"
L 01/13/2024 - 19:17:45: "[DYS] Infrequent<48><STEAM_0:1:6384081><NSF>" say "!unpause"
L 01/13/2024 - 19:17:52: "[BONK] kinoko /a/<35><STEAM_0:0:83067719><Jinrai>" say "itll run out in  a sec"
L 01/13/2024 - 19:17:56: "[DYS] Infrequent<48><STEAM_0:1:6384081><NSF>" say "no worries"
L 01/13/2024 - 19:18:31: "[DYS] bauxite<53><STEAM_0:0:5757747><NSF>" say_team "watch for nade in choke"
L 01/13/2024 - 19:19:01: "[BONK] Persica<49><STEAM_0:1:19015690><Jinrai>" killed "[DYS] xx<44><STEAM_0:0:8714446><NSF>" with "mx"
L 01/13/2024 - 19:19:04: "[BONK] Persica<49><STEAM_0:1:19015690><Jinrai>" killed "[DYS] Shazam<52><STEAM_0:1:59236187><NSF>" with "milso"
L 01/13/2024 - 19:19:04: "[DYS] Infrequent<48><STEAM_0:1:6384081><NSF>" killed "[BONK] Persica<49><STEAM_0:1:19015690><Jinrai>" with "mx"
L 01/13/2024 - 19:19:04: "[DYS] Shazam<52><STEAM_0:1:59236187><NSF>" triggered "kill_assist"
L 01/13/2024 - 19:19:06: "[DYS] Infrequent<48><STEAM_0:1:6384081><NSF>" killed "[BONK] 草<38><STEAM_0:1:39165168><Jinrai>" with "mx"
L 01/13/2024 - 19:19:27: "[BONK] 草<38><STEAM_0:1:39165168><Jinrai>" say_team "he was in between these server blocks"
L 01/13/2024 - 19:19:33: "[BONK] 草<38><STEAM_0:1:39165168><Jinrai>" say_team "couldnt shoot from my angle"
L 01/13/2024 - 19:19:35: "[BONK] Persica<49><STEAM_0:1:19015690><Jinrai>" say_team "damn"
L 01/13/2024 - 19:20:09: "[BONK] 草<38><STEAM_0:1:39165168><Jinrai>" say_team "if they dont cover shelf, maybe move up from server into shelf, if they chase after you i can shoot them i their back"
L 01/13/2024 - 19:20:16: "[DYS] bauxite<53><STEAM_0:0:5757747><NSF>" say_team "Enemy in Front"
L 01/13/2024 - 19:21:16: "[DYS] Infrequent<48><STEAM_0:1:6384081><NSF>" killed "[BONK] Muffin-Dono<45><STEAM_0:1:42031632><Jinrai>" with "mx"
L 01/13/2024 - 19:21:22: "[BONK] Muffin-Dono<45><STEAM_0:1:42031632><Jinrai>" say "epic one hit"
L 01/13/2024 - 19:21:31: "[DYS] bauxite<53><STEAM_0:0:5757747><NSF>" killed "[BONK] kinoko /a/<35><STEAM_0:0:83067719><Jinrai>" with "kyla"
L 01/13/2024 - 19:21:31: "[DYS] Infrequent<48><STEAM_0:1:6384081><NSF>" triggered "kill_assist"
L 01/13/2024 - 19:21:39: "[DYS] bauxite<53><STEAM_0:0:5757747><NSF>" say_team "no"
L 01/13/2024 - 19:21:46: "[DYS] bauxite<53><STEAM_0:0:5757747><NSF>" say_team "not rn"
L 01/13/2024 - 19:22:04: "[DYS] Infrequent<48><STEAM_0:1:6384081><NSF>" killed "[BONK] kinoko /a/<35><STEAM_0:0:83067719><Jinrai>" with "mx"
L 01/13/2024 - 19:22:21: "[BONK] Persica<49><STEAM_0:1:19015690><Jinrai>" killed "[DYS] xx<44><STEAM_0:0:8714446><NSF>" with "mx"
L 01/13/2024 - 19:22:23: "[BONK] Persica<49><STEAM_0:1:19015690><Jinrai>" killed "[DYS] bauxite<53><STEAM_0:0:5757747><NSF>" with "mx"
L 01/13/2024 - 19:22:27: "[DYS] bauxite<53><STEAM_0:0:5757747><NSF>" say_team "spiral"
L 01/13/2024 - 19:22:51: "[DYS] You're Pissed Off<43><STEAM_0:1:44658357><NSF>" killed "[BONK] Persica<49><STEAM_0:1:19015690><Jinrai>" with "mx"
L 01/13/2024 - 19:22:57: "[BONK] jef<50><STEAM_0:1:42399966><Jinrai>" killed "[DYS] You're Pissed Off<43><STEAM_0:1:44658357><NSF>" with "mx"
L 01/13/2024 - 19:23:03: "[DYS] Shazam<52><STEAM_0:1:59236187><NSF>" killed "[BONK] jef<50><STEAM_0:1:42399966><Jinrai>" with "mx"
L 01/13/2024 - 19:24:10: "[DYS] Infrequent<48><STEAM_0:1:6384081><NSF>" killed "[BONK] Muffin-Dono<45><STEAM_0:1:42031632><Jinrai>" with "mx"
L 01/13/2024 - 19:24:15: "[BONK] 草<38><STEAM_0:1:39165168><Jinrai>" killed "[DYS] Infrequent<48><STEAM_0:1:6384081><NSF>" with "grenade_projectile"
L 01/13/2024 - 19:24:27: "[BONK] 草<38><STEAM_0:1:39165168><Jinrai>" killed "[DYS] Shazam<52><STEAM_0:1:59236187><NSF>" with "srm"
L 01/13/2024 - 19:24:29: "[DYS] bauxite<53><STEAM_0:0:5757747><NSF>" say_team "shud i try aa"
L 01/13/2024 - 19:25:08: "[DYS] Infrequent<48><STEAM_0:1:6384081><NSF>" killed "[BONK] jef<50><STEAM_0:1:42399966><Jinrai>" with "grenade_projectile"
L 01/13/2024 - 19:26:19: "[BONK] 草<38><STEAM_0:1:39165168><Jinrai>" killed "[DYS] xx<44><STEAM_0:0:8714446><NSF>" with "zr68c"
L 01/13/2024 - 19:26:19: "[BONK] kinoko /a/<35><STEAM_0:0:83067719><Jinrai>" triggered "kill_assist"
L 01/13/2024 - 19:26:20: "[BONK] 草<38><STEAM_0:1:39165168><Jinrai>" killed "[DYS] Infrequent<48><STEAM_0:1:6384081><NSF>" with "zr68c"
L 01/13/2024 - 19:26:23: "[DYS] bauxite<53><STEAM_0:0:5757747><NSF>" killed "[BONK] Muffin-Dono<45><STEAM_0:1:42031632><Jinrai>" with "aa13"
L 01/13/2024 - 19:26:24: "[BONK] kinoko /a/<35><STEAM_0:0:83067719><Jinrai>" killed "[DYS] bauxite<53><STEAM_0:0:5757747><NSF>" with "mx"
L 01/13/2024 - 19:26:24: "[BONK] Muffin-Dono<45><STEAM_0:1:42031632><Jinrai>" triggered "kill_assist"
L 01/13/2024 - 19:26:26: "[DYS] Shazam<52><STEAM_0:1:59236187><NSF>" killed "[BONK] 草<38><STEAM_0:1:39165168><Jinrai>" with "mx"
L 01/13/2024 - 19:26:26: "[DYS] Infrequent<48><STEAM_0:1:6384081><NSF>" triggered "kill_assist"
L 01/13/2024 - 19:26:27: "[DYS] You're Pissed Off<43><STEAM_0:1:44658357><NSF>" killed "[BONK] Persica<49><STEAM_0:1:19015690><Jinrai>" with "mx"
L 01/13/2024 - 19:26:28: "[DYS] bauxite<53><STEAM_0:0:5757747><NSF>" say_team "10 hp server"
L 01/13/2024 - 19:26:31: "[DYS] bauxite<53><STEAM_0:0:5757747><NSF>" say_team "last"
L 01/13/2024 - 19:26:35: "[DYS] bauxite<53><STEAM_0:0:5757747><NSF>" say_team "1 left"
L 01/13/2024 - 19:26:45: "[DYS] bauxite<53><STEAM_0:0:5757747><NSF>" say_team "one 10 hp recon i think"
L 01/13/2024 - 19:26:49: "[BONK] Persica<49><STEAM_0:1:19015690><Jinrai>" say_team "can i have supa"
L 01/13/2024 - 19:27:08: "[DYS] bauxite<53><STEAM_0:0:5757747><NSF>" say_team "aa?"
L 01/13/2024 - 19:28:21: "[DYS] xx<44><STEAM_0:0:8714446><NSF>" killed "[BONK] Persica<49><STEAM_0:1:19015690><Jinrai>" with "zr68c"
L 01/13/2024 - 19:29:05: "[BONK] jef<50><STEAM_0:1:42399966><Jinrai>" killed "[DYS] Shazam<52><STEAM_0:1:59236187><NSF>" with "grenade_projectile"
L 01/13/2024 - 19:29:15: "[DYS] bauxite<53><STEAM_0:0:5757747><NSF>" killed "[BONK] jef<50><STEAM_0:1:42399966><Jinrai>" with "aa13"
L 01/13/2024 - 19:29:25: "[DYS] bauxite<53><STEAM_0:0:5757747><NSF>" killed "[BONK] kinoko /a/<35><STEAM_0:0:83067719><Jinrai>" with "aa13"
L 01/13/2024 - 19:29:28: "[BONK] 草<38><STEAM_0:1:39165168><Jinrai>" killed "[DYS] Infrequent<48><STEAM_0:1:6384081><NSF>" with "mx"
L 01/13/2024 - 19:29:30: "[BONK] 草<38><STEAM_0:1:39165168><Jinrai>" killed "[DYS] xx<44><STEAM_0:0:8714446><NSF>" with "mx"
L 01/13/2024 - 19:29:37: "[DYS] You're Pissed Off<43><STEAM_0:1:44658357><NSF>" killed "[BONK] 草<38><STEAM_0:1:39165168><Jinrai>" with "mx"
L 01/13/2024 - 19:29:37: "[DYS] xx<44><STEAM_0:0:8714446><NSF>" triggered "kill_assist"
L 01/13/2024 - 19:31:09: "[BONK] 草<38><STEAM_0:1:39165168><Jinrai>" killed "[DYS] Infrequent<48><STEAM_0:1:6384081><NSF>" with "grenade_projectile"
L 01/13/2024 - 19:31:28: "[DYS] xx<44><STEAM_0:0:8714446><NSF>" killed "[BONK] Persica<49><STEAM_0:1:19015690><Jinrai>" with "zr68c"
L 01/13/2024 - 19:31:34: "[DYS] bauxite<53><STEAM_0:0:5757747><NSF>" killed "[BONK] 草<38><STEAM_0:1:39165168><Jinrai>" with "aa13"
L 01/13/2024 - 19:31:42: "[DYS] bauxite<53><STEAM_0:0:5757747><NSF>" say_team "im low in server"
L 01/13/2024 - 19:32:08: "[DYS] bauxite<53><STEAM_0:0:5757747><NSF>" say_team "Enemy in Front"
L 01/13/2024 - 19:32:19: "[BONK] jef<50><STEAM_0:1:42399966><Jinrai>" killed "[DYS] bauxite<53><STEAM_0:0:5757747><NSF>" with "mx"
L 01/13/2024 - 19:32:19: "[BONK] 草<38><STEAM_0:1:39165168><Jinrai>" triggered "kill_assist"
L 01/13/2024 - 19:32:23: "[DYS] xx<44><STEAM_0:0:8714446><NSF>" killed "[BONK] Muffin-Dono<45><STEAM_0:1:42031632><Jinrai>" with "zr68c"
L 01/13/2024 - 19:32:39: "[DYS] bauxite<53><STEAM_0:0:5757747><NSF>" say_team "they might rush long"
L 01/13/2024 - 19:33:03: "[DYS] Infrequent<48><STEAM_0:1:6384081><NSF>" killed "[BONK] Persica<49><STEAM_0:1:19015690><Jinrai>" with "mx"
L 01/13/2024 - 19:33:05: "[BONK] Muffin-Dono<45><STEAM_0:1:42031632><Jinrai>" killed "[DYS] Shazam<52><STEAM_0:1:59236187><NSF>" with "zr68s"
L 01/13/2024 - 19:33:19: "[DYS] bauxite<53><STEAM_0:0:5757747><NSF>" say_team "Enemy in Front"
L 01/13/2024 - 19:33:19: "[DYS] You're Pissed Off<43><STEAM_0:1:44658357><NSF>" killed "[BONK] kinoko /a/<35><STEAM_0:0:83067719><Jinrai>" with "mx"
L 01/13/2024 - 19:33:21: "[BONK] 草<38><STEAM_0:1:39165168><Jinrai>" killed "[DYS] You're Pissed Off<43><STEAM_0:1:44658357><NSF>" with "aa13"
L 01/13/2024 - 19:33:21: "[BONK] kinoko /a/<35><STEAM_0:0:83067719><Jinrai>" triggered "kill_assist"
L 01/13/2024 - 19:33:24: "[BONK] jef<50><STEAM_0:1:42399966><Jinrai>" killed "[BONK] 草<38><STEAM_0:1:39165168><Jinrai>" with "grenade_projectile"
L 01/13/2024 - 19:33:26: "[BONK] jef<50><STEAM_0:1:42399966><Jinrai>" killed "[DYS] Infrequent<48><STEAM_0:1:6384081><NSF>" with "mx"
L 01/13/2024 - 19:34:08: "[DYS] bauxite<53><STEAM_0:0:5757747><NSF>" killed "[BONK] jef<50><STEAM_0:1:42399966><Jinrai>" with "aa13"
L 01/13/2024 - 19:34:11: "[BONK] Muffin-Dono<45><STEAM_0:1:42031632><Jinrai>" killed "[DYS] bauxite<53><STEAM_0:0:5757747><NSF>" with "mx"
L 01/13/2024 - 19:34:17: "[DYS] xx<44><STEAM_0:0:8714446><NSF>" killed "[BONK] Muffin-Dono<45><STEAM_0:1:42031632><Jinrai>" with "zr68c"
L 01/13/2024 - 19:34:20: "[DYS] bauxite<53><STEAM_0:0:5757747><NSF>" say_team "nice"
L 01/13/2024 - 19:34:27: "[DYS] bauxite<53><STEAM_0:0:5757747><NSF>" say_team "sick play"
L 01/13/2024 - 19:34:28: "[BONK] kinoko /a/<35><STEAM_0:0:83067719><Jinrai>" say "gg"
L 01/13/2024 - 19:34:30: "[DYS] bauxite<53><STEAM_0:0:5757747><NSF>" say_team "he was behind glass"
L 01/13/2024 - 19:34:44: "[DYS] bauxite<53><STEAM_0:0:5757747><NSF>" say_team "very shweaty"
L 01/13/2024 - 19:34:48: "[DYS] Infrequent<48><STEAM_0:1:6384081><NSF>" say "i built a new bed in my tent"
L 01/13/2024 - 19:35:02: "[BONK] Muffin-Dono<45><STEAM_0:1:42031632><Jinrai>" say "I just started building mine, but my hands fell off from the frostbite"
L 01/13/2024 - 19:35:06: "[BONK] Muffin-Dono<45><STEAM_0:1:42031632><Jinrai>" say "(no bloodflow)"
L 01/13/2024 - 19:35:08: "[DYS] bauxite<53><STEAM_0:0:5757747><NSF>" say "yeah its cold af"
L 01/13/2024 - 19:35:17: "[BONK] Muffin-Dono<45><STEAM_0:1:42031632><Jinrai>" say "yeah gotta move those hands"
L 01/13/2024 - 19:35:26: "[DYS] xx<44><STEAM_0:0:8714446><NSF>" disconnected (reason "Disconnect by user.")
L 01/13/2024 - 19:35:35: "[BONK] kinoko /a/<35><STEAM_0:0:83067719><Jinrai>" say "!nominate rise"
L 01/13/2024 - 19:35:36: "[BONK] kinoko /a/<35><STEAM_0:0:83067719><Jinrai>" say "rtv"
L 01/13/2024 - 19:35:37: "[DYS] You're Pissed Off<43><STEAM_0:1:44658357><NSF>" say "rtv"
L 01/13/2024 - 19:35:45: "[BONK] Persica<49><STEAM_0:1:19015690><Jinrai>" say "rtv"
L 01/13/2024 - 19:35:48: "[BONK] Muffin-Dono<45><STEAM_0:1:42031632><Jinrai>" say "rtv"
L 01/13/2024 - 19:35:52: "[DYS] bauxite<53><STEAM_0:0:5757747><NSF>" say "mof is admin"
L 01/13/2024 - 19:35:52: "[DYS] Shazam<52><STEAM_0:1:59236187><NSF>" say "RTV"
L 01/13/2024 - 19:35:55: "[DYS] bauxite<53><STEAM_0:0:5757747><NSF>" say "he can jsut change map"
L 01/13/2024 - 19:36:06: "[DYS] bauxite<53><STEAM_0:0:5757747><NSF>" say "altho nobody remembers what its called"
L 01/13/2024 - 19:36:19: "[DYS] You're Pissed Off<43><STEAM_0:1:44658357><NSF>" say "dennov3"
L 01/13/2024 - 19:36:22: "[DYS] bauxite<53><STEAM_0:0:5757747><NSF>" say_team "ngl that was sick"
L 01/13/2024 - 19:36:28: [META] Loaded 0 plugins (1 already loaded)
L 01/13/2024 - 19:36:28: [META] Loaded 0 plugins (1 already loaded)
L 01/13/2024 - 19:36:28: Log file closed
