L 01/25/2024 - 20:56:26: Log file started (file "logs\L0125066.log") (game "z:\home\steam\steam\steamapps\common\nt\NeotokyoSource") (version "4044")
L 01/25/2024 - 20:56:26: server_cvar: "sv_pausable" "0"
L 01/25/2024 - 20:56:26: server_cvar: "sv_contact" "baux.site"
L 01/25/2024 - 20:56:26: server_cvar: "sv_gravity" "800"
L 01/25/2024 - 20:56:26: server_cvar: "mp_friendlyfire" "1"
L 01/25/2024 - 20:56:28: "suna<29><STEAM_0:1:29157668><>" entered the game
L 01/25/2024 - 20:56:29: "[DYS] You're Pissed Off<31><STEAM_0:1:44658357><>" entered the game
L 01/25/2024 - 20:56:29: "[DYS] Shazam<43><STEAM_0:1:59236187><>" entered the game
L 01/25/2024 - 20:56:29: "[DYS] bauxite<44><STEAM_0:0:5757747><>" entered the game
L 01/25/2024 - 20:56:29: "[GB] Puddy<33><STEAM_0:1:19453780><>" entered the game
L 01/25/2024 - 20:56:29: "[DYS] Infrequent<41><STEAM_0:1:6384081><>" entered the game
L 01/25/2024 - 20:56:29: "[DYS] Hosomi<34><STEAM_0:0:51357353><>" entered the game
L 01/25/2024 - 20:56:30: "suna<29><STEAM_0:1:29157668><Unassigned>" joined team "NSF"
L 01/25/2024 - 20:56:31: "[GB] Puddy<33><STEAM_0:1:19453780><Unassigned>" joined team "NSF"
L 01/25/2024 - 20:56:32: "[DYS] Hosomi<34><STEAM_0:0:51357353><Unassigned>" joined team "Jinrai"
L 01/25/2024 - 20:56:33: "soft as HELL<32><STEAM_0:1:14747705><>" entered the game
L 01/25/2024 - 20:56:33: "[DYS] Infrequent<41><STEAM_0:1:6384081><Unassigned>" joined team "Jinrai"
L 01/25/2024 - 20:56:33: "[GB] Rain ☆彡<30><STEAM_0:0:15075092><>" entered the game
L 01/25/2024 - 20:56:35: "[DYS] Shazam<43><STEAM_0:1:59236187><Unassigned>" joined team "Jinrai"
L 01/25/2024 - 20:56:35: "[DYS] bauxite<44><STEAM_0:0:5757747><Unassigned>" joined team "Spectator"
L 01/25/2024 - 20:56:36: "soft as HELL<32><STEAM_0:1:14747705><Unassigned>" joined team "NSF"
L 01/25/2024 - 20:56:36: "[GB] Rain ☆彡<30><STEAM_0:0:15075092><Unassigned>" joined team "NSF"
L 01/25/2024 - 20:56:40: "[GB] Agiel<36><STEAM_0:1:25025><>" entered the game
L 01/25/2024 - 20:56:43: "[DYS] bauxite<44><STEAM_0:0:5757747><Spectator>" say "2 per match"
L 01/25/2024 - 20:56:50: "[DYS] bauxite<44><STEAM_0:0:5757747><Spectator>" say "cud be map tho"
L 01/25/2024 - 20:56:51: "[GB] Agiel<36><STEAM_0:1:25025><Unassigned>" joined team "NSF"
L 01/25/2024 - 20:56:55: "[DYS] Infrequent<41><STEAM_0:1:6384081><Jinrai>" say "agiel"
L 01/25/2024 - 20:57:00: "[DYS] bauxite<44><STEAM_0:0:5757747><Spectator>" say "is it 2 pauses per map?"
L 01/25/2024 - 20:57:05: "[DYS] Infrequent<41><STEAM_0:1:6384081><Jinrai>" say "did we use up all our pauses mlast map?"
L 01/25/2024 - 20:57:05: "[DYS] bauxite<44><STEAM_0:0:5757747><Spectator>" say "max"
L 01/25/2024 - 20:57:11: "[DYS] bauxite<44><STEAM_0:0:5757747><Spectator>" say "or match"
L 01/25/2024 - 20:57:16: "[DYS] Infrequent<41><STEAM_0:1:6384081><Jinrai>" say "we're a bit worried about the crashes is all"
L 01/25/2024 - 20:57:26: "[DYS] You're Pissed Off<31><STEAM_0:1:44658357><Unassigned>" joined team "Jinrai"
L 01/25/2024 - 20:57:48: "[DYS] Infrequent<41><STEAM_0:1:6384081><Jinrai>" say "1 sec gonna consult"
L 01/25/2024 - 20:57:51: "[DYS] Infrequent<41><STEAM_0:1:6384081><Jinrai>" say "the archives"
L 01/25/2024 - 20:57:53: "[DYS] bauxite<44><STEAM_0:0:5757747><Spectator>" say "Teams may request a pause twice (one tactical, one technical) during a map"
L 01/25/2024 - 20:58:06: "suna<29><STEAM_0:1:29157668><NSF>" say "who cares just play"
L 01/25/2024 - 20:58:14: "[DYS] You're Pissed Off<31><STEAM_0:1:44658357><Jinrai>" say "lmao I agree"
L 01/25/2024 - 20:58:15: "[DYS] Hosomi<34><STEAM_0:0:51357353><Jinrai>" say "Shazam might melt"
L 01/25/2024 - 20:58:26: "[GB] Rain ☆彡<30><STEAM_0:0:15075092><NSF>" say_team "!ready"
L 01/25/2024 - 20:58:27: "suna<29><STEAM_0:1:29157668><NSF>" say "If he keeps dcing"
L 01/25/2024 - 20:58:27: "[DYS] bauxite<44><STEAM_0:0:5757747><Spectator>" say "1sec"
L 01/25/2024 - 20:58:30: "[DYS] bauxite<44><STEAM_0:0:5757747><Spectator>" say "i gotta get my boy"
L 01/25/2024 - 20:58:30: "suna<29><STEAM_0:1:29157668><NSF>" say "switch him out with xx"
L 01/25/2024 - 20:58:32: "[DYS] bauxite<44><STEAM_0:0:5757747><Spectator>" say "in here"
L 01/25/2024 - 20:58:55: "[DYS] Shazam<43><STEAM_0:1:59236187><Jinrai>" committed suicide with "player"
L 01/25/2024 - 20:59:19: "[DYS] bauxite<44><STEAM_0:0:5757747><Spectator>" say "if shazam pc melts just ping me"
L 01/25/2024 - 20:59:55: "[DYS] xx<45><STEAM_ID_PENDING><>" connected, address "146.66.43.45:27005"
L 01/25/2024 - 20:59:56: "[DYS] xx<45><STEAM_0:0:8714446><>" STEAM USERID validated
L 01/25/2024 - 20:59:57: "[DYS] xx<45><STEAM_0:0:8714446><>" entered the game
L 01/25/2024 - 21:00:02: "[DYS] bauxite<44><STEAM_0:0:5757747><Spectator>" disconnected (reason "Disconnect by user.")
L 01/25/2024 - 21:00:03: "[DYS] xx<45><STEAM_0:0:8714446><Unassigned>" joined team "Jinrai"
L 01/25/2024 - 21:00:29: "[GB] Agiel<36><STEAM_0:1:25025><NSF>" say "!ready"
L 01/25/2024 - 21:00:32: "[GB] Puddy<33><STEAM_0:1:19453780><NSF>" say "!ready"
L 01/25/2024 - 21:01:11: "[DYS] You're Pissed Off<31><STEAM_0:1:44658357><Jinrai>" say "All these servers still need glass lol"
L 01/25/2024 - 21:01:13: "[DYS] You're Pissed Off<31><STEAM_0:1:44658357><Jinrai>" say "!ready"
L 01/25/2024 - 21:01:14: "[GB] Rain ☆彡<30><STEAM_0:0:15075092><NSF>" say "!unready"
L 01/25/2024 - 21:01:27: "[DYS] Hosomi<34><STEAM_0:0:51357353><Jinrai>" say "!ready"
L 01/25/2024 - 21:01:27: "[DYS] Infrequent<41><STEAM_0:1:6384081><Jinrai>" say "!ready"
L 01/25/2024 - 21:01:37: "[DYS] xx<45><STEAM_0:0:8714446><Jinrai>" say "!ready"
L 01/25/2024 - 21:01:54: "[DYS] Hosomi<34><STEAM_0:0:51357353><Jinrai>" say "!ready"
L 01/25/2024 - 21:01:57: "[DYS] Hosomi<34><STEAM_0:0:51357353><Jinrai>" say "!readylist"
L 01/25/2024 - 21:02:15: "[DYS] Hosomi<34><STEAM_0:0:51357353><Jinrai>" say "Suna and Rain"
L 01/25/2024 - 21:02:16: "[DYS] Shazam<43><STEAM_0:1:59236187><Jinrai>" say "!ready"
L 01/25/2024 - 21:02:27: "[DYS] xx<45><STEAM_0:0:8714446><Jinrai>" say "!unready"
L 01/25/2024 - 21:03:04: "[GB] Puddy<33><STEAM_0:1:19453780><NSF>" say "Thank god I had my coughing fit between maps"
L 01/25/2024 - 21:04:17: "suna<29><STEAM_0:1:29157668><NSF>" say "!ready"
L 01/25/2024 - 21:04:17: "[GB] Rain ☆彡<30><STEAM_0:0:15075092><NSF>" say "!ready"
L 01/25/2024 - 21:04:29: "[DYS] Hosomi<34><STEAM_0:0:51357353><Jinrai>" say "!readylist"
L 01/25/2024 - 21:04:39: "[DYS] Infrequent<41><STEAM_0:1:6384081><Jinrai>" say "gl hf"
L 01/25/2024 - 21:04:49: "[DYS] xx<45><STEAM_0:0:8714446><Jinrai>" disconnected (reason "Disconnect by user.")
L 01/25/2024 - 21:04:49: "[DYS] xx<46><STEAM_ID_PENDING><>" connected, address "146.66.43.45:27005"
L 01/25/2024 - 21:04:49: "[DYS] xx<46><STEAM_0:0:8714446><>" STEAM USERID validated
L 01/25/2024 - 21:04:50: "[DYS] xx<46><STEAM_0:0:8714446><>" entered the game
L 01/25/2024 - 21:04:53: "[DYS] xx<46><STEAM_0:0:8714446><Unassigned>" joined team "Jinrai"
L 01/25/2024 - 21:04:59: "[DYS] xx<46><STEAM_0:0:8714446><Jinrai>" say "!ready"
L 01/25/2024 - 21:05:04: "[GB] Agiel<36><STEAM_0:1:25025><NSF>" say "gl hf"
L 01/25/2024 - 21:05:07: "suna<29><STEAM_0:1:29157668><NSF>" say "glhf"
L 01/25/2024 - 21:05:11: "[GB] Rain ☆彡<30><STEAM_0:0:15075092><NSF>" say "glhf"
L 01/25/2024 - 21:05:47: "[DYS] Shazam<43><STEAM_0:1:59236187><Jinrai>" killed "suna<29><STEAM_0:1:29157668><NSF>" with "srm"
L 01/25/2024 - 21:05:47: "suna<29><STEAM_0:1:29157668><NSF>" say_team "32 Recon srm"
L 01/25/2024 - 21:06:09: "soft as HELL<32><STEAM_0:1:14747705><NSF>" killed "[DYS] Shazam<43><STEAM_0:1:59236187><Jinrai>" with "zr68s"
L 01/25/2024 - 21:06:09: "suna<29><STEAM_0:1:29157668><NSF>" triggered "kill_assist"
L 01/25/2024 - 21:06:11: "[DYS] xx<46><STEAM_0:0:8714446><Jinrai>" killed "[GB] Rain ☆彡<30><STEAM_0:0:15075092><NSF>" with "zr68s"
L 01/25/2024 - 21:06:12: "[GB] Rain ☆彡<30><STEAM_0:0:15075092><NSF>" say_team "100 Assault zr68s"
L 01/25/2024 - 21:06:35: "[GB] Puddy<33><STEAM_0:1:19453780><NSF>" killed "[DYS] xx<46><STEAM_0:0:8714446><Jinrai>" with "zr68s"
L 01/25/2024 - 21:06:47: "[DYS] Infrequent<41><STEAM_0:1:6384081><Jinrai>" killed "[GB] Puddy<33><STEAM_0:1:19453780><NSF>" with "zr68s"
L 01/25/2024 - 21:06:47: "[GB] Puddy<33><STEAM_0:1:19453780><NSF>" say_team "5 Assault zr68s"
L 01/25/2024 - 21:06:49: "soft as HELL<32><STEAM_0:1:14747705><NSF>" killed "[DYS] Infrequent<41><STEAM_0:1:6384081><Jinrai>" with "zr68s"
L 01/25/2024 - 21:06:49: "[GB] Puddy<33><STEAM_0:1:19453780><NSF>" triggered "kill_assist"
L 01/25/2024 - 21:07:02: "soft as HELL<32><STEAM_0:1:14747705><NSF>" killed "[DYS] You're Pissed Off<31><STEAM_0:1:44658357><Jinrai>" with "zr68s"
L 01/25/2024 - 21:07:02: "[GB] Agiel<36><STEAM_0:1:25025><NSF>" triggered "kill_assist"
L 01/25/2024 - 21:07:02: "[DYS] You're Pissed Off<31><STEAM_0:1:44658357><Jinrai>" say_team "30 Assault zr68s"
L 01/25/2024 - 21:07:24: "[DYS] Hosomi<34><STEAM_0:0:51357353><Jinrai>" killed "[GB] Agiel<36><STEAM_0:1:25025><NSF>" with "srm"
L 01/25/2024 - 21:07:24: "[DYS] You're Pissed Off<31><STEAM_0:1:44658357><Jinrai>" triggered "kill_assist"
L 01/25/2024 - 21:07:24: "[GB] Agiel<36><STEAM_0:1:25025><NSF>" say_team "56 Recon srm"
L 01/25/2024 - 21:07:25: "soft as HELL<32><STEAM_0:1:14747705><NSF>" killed "[DYS] Hosomi<34><STEAM_0:0:51357353><Jinrai>" with "zr68s"
L 01/25/2024 - 21:08:27: "[GB] Rain ☆彡<30><STEAM_0:0:15075092><NSF>" killed "[DYS] Hosomi<34><STEAM_0:0:51357353><Jinrai>" with "grenade_projectile"
L 01/25/2024 - 21:08:31: "[GB] Puddy<33><STEAM_0:1:19453780><NSF>" killed "[DYS] You're Pissed Off<31><STEAM_0:1:44658357><Jinrai>" with "zr68s"
L 01/25/2024 - 21:08:31: "[DYS] You're Pissed Off<31><STEAM_0:1:44658357><Jinrai>" say_team "90 Assault zr68s"
L 01/25/2024 - 21:09:12: "soft as HELL<32><STEAM_0:1:14747705><NSF>" killed "[DYS] Infrequent<41><STEAM_0:1:6384081><Jinrai>" with "zr68s"
L 01/25/2024 - 21:09:12: "[GB] Agiel<36><STEAM_0:1:25025><NSF>" triggered "kill_assist"
L 01/25/2024 - 21:09:12: "[GB] Agiel<36><STEAM_0:1:25025><NSF>" killed "soft as HELL<32><STEAM_0:1:14747705><NSF>" with "zr68c"
L 01/25/2024 - 21:09:12: "soft as HELL<32><STEAM_0:1:14747705><NSF>" say_team "100 Support zr68c"
L 01/25/2024 - 21:09:14: "[DYS] Shazam<43><STEAM_0:1:59236187><Jinrai>" killed "[GB] Agiel<36><STEAM_0:1:25025><NSF>" with "srm"
L 01/25/2024 - 21:09:14: "[DYS] xx<46><STEAM_0:0:8714446><Jinrai>" triggered "kill_assist"
L 01/25/2024 - 21:09:14: "[GB] Agiel<36><STEAM_0:1:25025><NSF>" say_team "100 Recon srm"
L 01/25/2024 - 21:09:28: "[DYS] xx<46><STEAM_0:0:8714446><Jinrai>" killed "suna<29><STEAM_0:1:29157668><NSF>" with "zr68s"
L 01/25/2024 - 21:09:28: "suna<29><STEAM_0:1:29157668><NSF>" say_team "53 Assault zr68s"
L 01/25/2024 - 21:09:30: "[GB] Puddy<33><STEAM_0:1:19453780><NSF>" killed "[DYS] xx<46><STEAM_0:0:8714446><Jinrai>" with "zr68s"
L 01/25/2024 - 21:09:35: "[DYS] Shazam<43><STEAM_0:1:59236187><Jinrai>" killed "[GB] Puddy<33><STEAM_0:1:19453780><NSF>" with "zr68s"
L 01/25/2024 - 21:09:35: "[GB] Puddy<33><STEAM_0:1:19453780><NSF>" say_team "53 Recon zr68s"
L 01/25/2024 - 21:09:35: "[GB] Rain ☆彡<30><STEAM_0:0:15075092><NSF>" killed "[DYS] Shazam<43><STEAM_0:1:59236187><Jinrai>" with "zr68s"
L 01/25/2024 - 21:10:36: "[DYS] Hosomi<34><STEAM_0:0:51357353><Jinrai>" killed "suna<29><STEAM_0:1:29157668><NSF>" with "srm"
L 01/25/2024 - 21:10:36: "suna<29><STEAM_0:1:29157668><NSF>" say_team "47 Recon srm"
L 01/25/2024 - 21:10:51: "soft as HELL<32><STEAM_0:1:14747705><NSF>" killed "[DYS] Hosomi<34><STEAM_0:0:51357353><Jinrai>" with "zr68s"
L 01/25/2024 - 21:10:51: "suna<29><STEAM_0:1:29157668><NSF>" triggered "kill_assist"
L 01/25/2024 - 21:11:08: "[GB] Puddy<33><STEAM_0:1:19453780><NSF>" killed "[DYS] Shazam<43><STEAM_0:1:59236187><Jinrai>" with "zr68s"
L 01/25/2024 - 21:11:12: "soft as HELL<32><STEAM_0:1:14747705><NSF>" killed "[DYS] xx<46><STEAM_0:0:8714446><Jinrai>" with "zr68s"
L 01/25/2024 - 21:11:14: "[GB] Puddy<33><STEAM_0:1:19453780><NSF>" killed "[DYS] Infrequent<41><STEAM_0:1:6384081><Jinrai>" with "zr68s"
L 01/25/2024 - 21:11:45: "[DYS] You're Pissed Off<31><STEAM_0:1:44658357><Jinrai>" killed "[GB] Rain ☆彡<30><STEAM_0:0:15075092><NSF>" with "zr68s"
L 01/25/2024 - 21:11:45: "[GB] Rain ☆彡<30><STEAM_0:0:15075092><NSF>" say_team "16 Assault zr68s"
L 01/25/2024 - 21:11:45: "soft as HELL<32><STEAM_0:1:14747705><NSF>" killed "[DYS] You're Pissed Off<31><STEAM_0:1:44658357><Jinrai>" with "zr68s"
L 01/25/2024 - 21:11:45: "[GB] Rain ☆彡<30><STEAM_0:0:15075092><NSF>" triggered "kill_assist"
L 01/25/2024 - 21:11:46: "[DYS] You're Pissed Off<31><STEAM_0:1:44658357><Jinrai>" say_team "25 Assault zr68s"
L 01/25/2024 - 21:12:32: "[GB] Rain ☆彡<30><STEAM_0:0:15075092><NSF>" killed "[DYS] Hosomi<34><STEAM_0:0:51357353><Jinrai>" with "zr68s"
L 01/25/2024 - 21:12:36: "[GB] Rain ☆彡<30><STEAM_0:0:15075092><NSF>" killed "[DYS] Infrequent<41><STEAM_0:1:6384081><Jinrai>" with "zr68s"
L 01/25/2024 - 21:12:39: "soft as HELL<32><STEAM_0:1:14747705><NSF>" killed "[DYS] You're Pissed Off<31><STEAM_0:1:44658357><Jinrai>" with "mx"
L 01/25/2024 - 21:12:39: "[DYS] You're Pissed Off<31><STEAM_0:1:44658357><Jinrai>" say_team "100 Assault mx"
L 01/25/2024 - 21:12:45: "suna<29><STEAM_0:1:29157668><NSF>" killed "[DYS] Shazam<43><STEAM_0:1:59236187><Jinrai>" with "jittescoped"
L 01/25/2024 - 21:13:07: Team "NSF" triggered "ghost_capture_team"
L 01/25/2024 - 21:13:07: "[GB] Puddy<33><STEAM_0:1:19453780><NSF>" triggered "ghost_capture"
L 01/25/2024 - 21:13:07: "suna<29><STEAM_0:1:29157668><NSF>" killed "[DYS] xx<46><STEAM_0:0:8714446><Jinrai>" with "zr68s"
L 01/25/2024 - 21:14:15: "[GB] Puddy<33><STEAM_0:1:19453780><NSF>" killed "[DYS] Infrequent<41><STEAM_0:1:6384081><Jinrai>" with "mx"
L 01/25/2024 - 21:14:17: "[DYS] You're Pissed Off<31><STEAM_0:1:44658357><Jinrai>" killed "[GB] Puddy<33><STEAM_0:1:19453780><NSF>" with "zr68s"
L 01/25/2024 - 21:14:17: "[DYS] Hosomi<34><STEAM_0:0:51357353><Jinrai>" triggered "kill_assist"
L 01/25/2024 - 21:14:17: "[GB] Puddy<33><STEAM_0:1:19453780><NSF>" say_team "100 Assault zr68s"
L 01/25/2024 - 21:14:27: "suna<29><STEAM_0:1:29157668><NSF>" killed "[DYS] You're Pissed Off<31><STEAM_0:1:44658357><Jinrai>" with "mx"
L 01/25/2024 - 21:14:28: "[DYS] You're Pissed Off<31><STEAM_0:1:44658357><Jinrai>" say_team "60 Recon mx"
L 01/25/2024 - 21:14:32: "soft as HELL<32><STEAM_0:1:14747705><NSF>" killed "[DYS] Shazam<43><STEAM_0:1:59236187><Jinrai>" with "mx"
L 01/25/2024 - 21:14:37: "[GB] Rain ☆彡<30><STEAM_0:0:15075092><NSF>" killed "[DYS] xx<46><STEAM_0:0:8714446><Jinrai>" with "zr68c"
L 01/25/2024 - 21:15:10: "[GB] Rain ☆彡<30><STEAM_0:0:15075092><NSF>" killed "[DYS] Hosomi<34><STEAM_0:0:51357353><Jinrai>" with "zr68c"
L 01/25/2024 - 21:15:10: "[GB] Puddy<33><STEAM_0:1:19453780><NSF>" triggered "kill_assist"
L 01/25/2024 - 21:15:55: "suna<29><STEAM_0:1:29157668><NSF>" killed "[DYS] Hosomi<34><STEAM_0:0:51357353><Jinrai>" with "mx"
L 01/25/2024 - 21:15:59: "[DYS] Infrequent<41><STEAM_0:1:6384081><Jinrai>" killed "suna<29><STEAM_0:1:29157668><NSF>" with "zr68s"
L 01/25/2024 - 21:15:59: "suna<29><STEAM_0:1:29157668><NSF>" say_team "58 Assault zr68s"
L 01/25/2024 - 21:16:01: "[GB] Puddy<33><STEAM_0:1:19453780><NSF>" killed "[DYS] xx<46><STEAM_0:0:8714446><Jinrai>" with "mx"
L 01/25/2024 - 21:16:09: "[DYS] You're Pissed Off<31><STEAM_0:1:44658357><Jinrai>" killed "[GB] Puddy<33><STEAM_0:1:19453780><NSF>" with "zr68s"
L 01/25/2024 - 21:16:09: "[DYS] xx<46><STEAM_0:0:8714446><Jinrai>" triggered "kill_assist"
L 01/25/2024 - 21:16:09: "[GB] Puddy<33><STEAM_0:1:19453780><NSF>" say_team "30 Assault zr68s"
L 01/25/2024 - 21:16:25: "soft as HELL<32><STEAM_0:1:14747705><NSF>" killed "[DYS] You're Pissed Off<31><STEAM_0:1:44658357><Jinrai>" with "mx"
L 01/25/2024 - 21:16:25: "[DYS] You're Pissed Off<31><STEAM_0:1:44658357><Jinrai>" say_team "61 Assault mx"
L 01/25/2024 - 21:17:04: "[GB] Agiel<36><STEAM_0:1:25025><NSF>" killed "[DYS] Infrequent<41><STEAM_0:1:6384081><Jinrai>" with "mx"
L 01/25/2024 - 21:17:05: "[GB] Agiel<36><STEAM_0:1:25025><NSF>" killed "[DYS] Shazam<43><STEAM_0:1:59236187><Jinrai>" with "mx"
L 01/25/2024 - 21:17:50: "[DYS] You're Pissed Off<31><STEAM_0:1:44658357><Jinrai>" killed "suna<29><STEAM_0:1:29157668><NSF>" with "zr68s"
L 01/25/2024 - 21:17:51: "suna<29><STEAM_0:1:29157668><NSF>" say_team "100 Assault zr68s"
L 01/25/2024 - 21:18:24: "soft as HELL<32><STEAM_0:1:14747705><NSF>" killed "[DYS] Shazam<43><STEAM_0:1:59236187><Jinrai>" with "mx"
L 01/25/2024 - 21:18:24: "[GB] Puddy<33><STEAM_0:1:19453780><NSF>" triggered "kill_assist"
L 01/25/2024 - 21:18:28: "[GB] Puddy<33><STEAM_0:1:19453780><NSF>" killed "[DYS] Infrequent<41><STEAM_0:1:6384081><Jinrai>" with "mx"
L 01/25/2024 - 21:18:28: "soft as HELL<32><STEAM_0:1:14747705><NSF>" triggered "kill_assist"
L 01/25/2024 - 21:18:33: "[DYS] You're Pissed Off<31><STEAM_0:1:44658357><Jinrai>" killed "soft as HELL<32><STEAM_0:1:14747705><NSF>" with "grenade_projectile"
L 01/25/2024 - 21:18:34: "soft as HELL<32><STEAM_0:1:14747705><NSF>" say_team "79 Assault grenade_projectile"
L 01/25/2024 - 21:18:42: "[GB] Rain ☆彡<30><STEAM_0:0:15075092><NSF>" killed "[DYS] You're Pissed Off<31><STEAM_0:1:44658357><Jinrai>" with "zr68c"
L 01/25/2024 - 21:18:42: "[DYS] You're Pissed Off<31><STEAM_0:1:44658357><Jinrai>" say_team "84 Assault zr68c"
L 01/25/2024 - 21:18:42: "[GB] Agiel<36><STEAM_0:1:25025><NSF>" killed "[DYS] xx<46><STEAM_0:0:8714446><Jinrai>" with "mx"
L 01/25/2024 - 21:18:53: "[GB] Puddy<33><STEAM_0:1:19453780><NSF>" killed "[DYS] Hosomi<34><STEAM_0:0:51357353><Jinrai>" with "mx"
L 01/25/2024 - 21:19:52: "[GB] Rain ☆彡<30><STEAM_0:0:15075092><NSF>" killed "[DYS] You're Pissed Off<31><STEAM_0:1:44658357><Jinrai>" with "zr68c"
L 01/25/2024 - 21:19:52: "[DYS] You're Pissed Off<31><STEAM_0:1:44658357><Jinrai>" say_team "100 Assault zr68c"
L 01/25/2024 - 21:19:54: "[DYS] Infrequent<41><STEAM_0:1:6384081><Jinrai>" killed "soft as HELL<32><STEAM_0:1:14747705><NSF>" with "grenade_projectile"
L 01/25/2024 - 21:19:54: "soft as HELL<32><STEAM_0:1:14747705><NSF>" say_team "100 Assault grenade_projectile"
L 01/25/2024 - 21:19:57: "[DYS] Shazam<43><STEAM_0:1:59236187><Jinrai>" killed "[GB] Rain ☆彡<30><STEAM_0:0:15075092><NSF>" with "srm"
L 01/25/2024 - 21:19:57: "[GB] Rain ☆彡<30><STEAM_0:0:15075092><NSF>" say_team "100 Recon srm"
L 01/25/2024 - 21:20:18: "suna<29><STEAM_0:1:29157668><NSF>" killed "[DYS] Hosomi<34><STEAM_0:0:51357353><Jinrai>" with "mx"
L 01/25/2024 - 21:21:14: "[GB] Agiel<36><STEAM_0:1:25025><NSF>" killed "[DYS] Infrequent<41><STEAM_0:1:6384081><Jinrai>" with "mx"
L 01/25/2024 - 21:21:16: "[DYS] Shazam<43><STEAM_0:1:59236187><Jinrai>" killed "[GB] Agiel<36><STEAM_0:1:25025><NSF>" with "zr68c"
L 01/25/2024 - 21:21:16: "[GB] Agiel<36><STEAM_0:1:25025><NSF>" say_team "100 Recon zr68c"
L 01/25/2024 - 21:21:17: "suna<29><STEAM_0:1:29157668><NSF>" killed "[DYS] Shazam<43><STEAM_0:1:59236187><Jinrai>" with "mx"
L 01/25/2024 - 21:21:21: "[GB] Puddy<33><STEAM_0:1:19453780><NSF>" killed "[DYS] xx<46><STEAM_0:0:8714446><Jinrai>" with "mx"
L 01/25/2024 - 21:21:25: "suna<29><STEAM_0:1:29157668><NSF>" say "gg"
L 01/25/2024 - 21:21:29: "[GB] Agiel<36><STEAM_0:1:25025><NSF>" say "gr"
L 01/25/2024 - 21:21:42: "[DYS] xx<46><STEAM_0:0:8714446><Jinrai>" say "wp"
L 01/25/2024 - 21:21:55: "[GB] Rain ☆彡<30><STEAM_0:0:15075092><NSF>" say "Producer-san, also know as THE GRID"
L 01/25/2024 - 21:22:05: "[GB] Agiel<36><STEAM_0:1:25025><NSF>" say "producer first match on grid btw"
L 01/25/2024 - 21:24:22: "[DYS] Infrequent<41><STEAM_0:1:6384081><Jinrai>" say "we're discussing players for 3rd btw"
L 01/25/2024 - 21:24:27: "suna<29><STEAM_0:1:29157668><NSF>" say "its ok"
L 01/25/2024 - 21:24:27: "[DYS] Infrequent<41><STEAM_0:1:6384081><Jinrai>" say "just need a minute"
L 01/25/2024 - 21:24:41: "suna<29><STEAM_0:1:29157668><NSF>" say "change map tho"
L 01/25/2024 - 21:24:53: "[DYS] Shazam<43><STEAM_0:1:59236187><Jinrai>" say "!nominate"
L 01/25/2024 - 21:25:01: "[DYS] Shazam<43><STEAM_0:1:59236187><Jinrai>" say "!rtv"
L 01/25/2024 - 21:25:02: "soft as HELL<32><STEAM_0:1:14747705><NSF>" say "rtv"
L 01/25/2024 - 21:25:03: "[GB] Agiel<36><STEAM_0:1:25025><NSF>" say "rtv"
L 01/25/2024 - 21:25:04: "suna<29><STEAM_0:1:29157668><NSF>" say "rtv"
L 01/25/2024 - 21:25:08: "[GB] Rain ☆彡<30><STEAM_0:0:15075092><NSF>" say_team "rtv"
L 01/25/2024 - 21:25:16: "[DYS] xx<46><STEAM_0:0:8714446><Jinrai>" say "!revoter"
L 01/25/2024 - 21:25:19: "[DYS] xx<46><STEAM_0:0:8714446><Jinrai>" say "!revote"
L 01/25/2024 - 21:25:36: [META] Loaded 0 plugins (1 already loaded)
L 01/25/2024 - 21:25:36: [META] Loaded 0 plugins (1 already loaded)
L 01/25/2024 - 21:25:36: Log file closed
