L 02/18/2024 - 11:55:10: Log file started (file "logs\L0218009.log") (game "c:\servers\bonahnsap\NeotokyoSource") (version "4044")
L 02/18/2024 - 11:55:10: server_cvar: "sv_password" "***PROTECTED***"
L 02/18/2024 - 11:55:10: server_cvar: "sv_specaccelerate" "5"
L 02/18/2024 - 11:55:10: server_cvar: "sv_specspeed" "3"
L 02/18/2024 - 11:55:10: server_cvar: "tv_password" "***PROTECTED***"
L 02/18/2024 - 11:55:10: server_cvar: "tv_relaypassword" "***PROTECTED***"
L 02/18/2024 - 11:55:12: "[AUX-] Phorce_Phed<6><STEAM_0:1:9863507><>" entered the game
L 02/18/2024 - 11:55:12: "[AUX-] Oni<9><STEAM_0:1:10174276><>" entered the game
L 02/18/2024 - 11:55:12: "[AUX-] Nutnoze<2><STEAM_0:1:9530793><>" entered the game
L 02/18/2024 - 11:55:12: "[DYS] You're Pissed Off<8><STEAM_0:1:44658357><>" entered the game
L 02/18/2024 - 11:55:12: "[AUX-] Blåberry<10><STEAM_0:1:20365268><>" entered the game
L 02/18/2024 - 11:55:12: "[ZRS] Infrequent<3><STEAM_0:1:6384081><>" entered the game
L 02/18/2024 - 11:55:13: "[AUX-] Kudi<5><STEAM_0:0:25729551><>" entered the game
L 02/18/2024 - 11:55:13: "[AUX-] MilK<7><STEAM_0:1:28287031><>" entered the game
L 02/18/2024 - 11:55:13: "[AUX-] SUPA SUPA BOON<11><STEAM_0:1:18247617><>" entered the game
L 02/18/2024 - 11:55:14: "[AUX-] Oni<9><STEAM_0:1:10174276><Unassigned>" joined team "Jinrai"
L 02/18/2024 - 11:55:15: "[AUX-] Blåberry<10><STEAM_0:1:20365268><Unassigned>" joined team "Jinrai"
L 02/18/2024 - 11:55:16: "[DYS] You're Pissed Off<8><STEAM_0:1:44658357><Unassigned>" joined team "NSF"
L 02/18/2024 - 11:55:16: "[AUX-] SUPA SUPA BOON<11><STEAM_0:1:18247617><Unassigned>" joined team "Spectator"
L 02/18/2024 - 11:55:17: "[AUX-] Kudi<5><STEAM_0:0:25729551><Unassigned>" joined team "Spectator"
L 02/18/2024 - 11:55:17: "[AUX-] Nutnoze<2><STEAM_0:1:9530793><Unassigned>" joined team "Spectator"
L 02/18/2024 - 11:55:18: "[AUX-] MilK<7><STEAM_0:1:28287031><Unassigned>" joined team "Jinrai"
L 02/18/2024 - 11:55:20: "[AUX-] Nutnoze<2><STEAM_0:1:9530793><Spectator>" joined team "Jinrai"
L 02/18/2024 - 11:55:20: "[AUX-] Phorce_Phed<6><STEAM_0:1:9863507><Unassigned>" joined team "Jinrai"
L 02/18/2024 - 11:55:30: "[ZRS] Infrequent<3><STEAM_0:1:6384081><Unassigned>" joined team "Spectator"
L 02/18/2024 - 11:55:45: "[AUX-] Phorce_Phed<6><STEAM_0:1:9863507><Jinrai>" disconnected (reason "Disconnect by user.")
L 02/18/2024 - 11:55:46: "[ZRS] Infrequent<3><STEAM_0:1:6384081><Spectator>" say "!n"
L 02/18/2024 - 11:55:46: "[ZRS] Infrequent<3><STEAM_0:1:6384081><Spectator>" joined team "NSF"
L 02/18/2024 - 11:55:55: "[ZRS] Infrequent<3><STEAM_0:1:6384081><NSF>" changed name to "[DYS] Infrequent"
L 02/18/2024 - 11:56:04: "[AUX-] Nutnoze<2><STEAM_0:1:9530793><Jinrai>" killed "[DYS] Infrequent<3><STEAM_0:1:6384081><NSF>" with "mpn"
L 02/18/2024 - 11:56:21: "[DYS] You're Pissed Off<8><STEAM_0:1:44658357><NSF>" say "Uh oh my FOV is 120 lol"
L 02/18/2024 - 11:56:31: "[AUX-] Nutnoze<2><STEAM_0:1:9530793><Jinrai>" say "real dys experience"
L 02/18/2024 - 11:56:49: "[AUX-] SUPA SUPA BOON<11><STEAM_0:1:18247617><Spectator>" say "FOV FOV FOV"
L 02/18/2024 - 11:57:25: "[DYS] You're Pissed Off<8><STEAM_0:1:44658357><NSF>" killed "[AUX-] MilK<7><STEAM_0:1:28287031><Jinrai>" with "zr68s"
L 02/18/2024 - 11:57:34: "[DYS] xx<13><STEAM_ID_PENDING><>" connected, address "91.125.85.82:27005"
L 02/18/2024 - 11:57:34: "[DYS] xx<13><STEAM_0:0:8714446><>" STEAM USERID validated
L 02/18/2024 - 11:57:35: "[DYS] xx<13><STEAM_0:0:8714446><>" entered the game
L 02/18/2024 - 11:57:43: "[DYS] You're Pissed Off<8><STEAM_0:1:44658357><NSF>" say "sry didnt know I can do dmg"
L 02/18/2024 - 11:57:44: "[DYS] xx<13><STEAM_0:0:8714446><Unassigned>" joined team "NSF"
L 02/18/2024 - 11:57:51: "[AUX-] Kudi<5><STEAM_0:0:25729551><Spectator>" joined team "Jinrai"
L 02/18/2024 - 11:57:54: "[AUX-] Nutnoze<2><STEAM_0:1:9530793><Jinrai>" say "surprise no warmup plugin"
L 02/18/2024 - 11:58:00: "[AUX-] MilK<7><STEAM_0:1:28287031><Jinrai>" say "all gud"
L 02/18/2024 - 11:58:01: "[DYS] You're Pissed Off<8><STEAM_0:1:44658357><NSF>" say "!fov"
L 02/18/2024 - 11:58:10: "[DYS] Infrequent<3><STEAM_0:1:6384081><NSF>" say "!fov 130"
L 02/18/2024 - 11:58:15: "[DYS] Infrequent<3><STEAM_0:1:6384081><NSF>" say "lmao fov plugin has no limt"
L 02/18/2024 - 11:58:18: "[DYS] Hosomi<14><STEAM_ID_PENDING><>" connected, address "51.14.135.38:27005"
L 02/18/2024 - 11:58:18: "[DYS] Hosomi<14><STEAM_0:0:51357353><>" STEAM USERID validated
L 02/18/2024 - 11:58:23: "[AUX-] SUPA SUPA BOON<11><STEAM_0:1:18247617><Spectator>" say "fov 369"
L 02/18/2024 - 11:58:26: "[DYS] Infrequent<3><STEAM_0:1:6384081><NSF>" say "i lied it's 110"
L 02/18/2024 - 11:58:28: "[DYS] Infrequent<3><STEAM_0:1:6384081><NSF>" say "!fov 90"
L 02/18/2024 - 11:58:45: "[DYS] Hosomi<14><STEAM_0:0:51357353><>" entered the game
L 02/18/2024 - 11:58:49: "[DYS] Hosomi<14><STEAM_0:0:51357353><Unassigned>" joined team "Jinrai"
L 02/18/2024 - 11:59:26: "[DYS] You're Pissed Off<8><STEAM_0:1:44658357><NSF>" committed suicide with "world"
L 02/18/2024 - 12:00:11: "[DYS] Hosomi<14><STEAM_0:0:51357353><Jinrai>" say "!n"
L 02/18/2024 - 12:00:11: "[DYS] Hosomi<14><STEAM_0:0:51357353><Jinrai>" joined team "NSF"
L 02/18/2024 - 12:00:23: "[AUX-] SUPA SUPA BOON<11><STEAM_0:1:18247617><Spectator>" disconnected (reason "Disconnect by user.")
L 02/18/2024 - 12:00:32: "suna<15><STEAM_ID_PENDING><>" connected, address "91.101.200.241:27005"
L 02/18/2024 - 12:00:32: "suna<15><STEAM_0:1:29157668><>" STEAM USERID validated
L 02/18/2024 - 12:00:36: "suna<15><STEAM_0:1:29157668><>" entered the game
L 02/18/2024 - 12:00:38: "suna<15><STEAM_0:1:29157668><Unassigned>" joined team "Spectator"
L 02/18/2024 - 12:03:52: "[DYS] Shazam<16><STEAM_ID_PENDING><>" connected, address "174.74.176.72:27005"
L 02/18/2024 - 12:03:53: "[DYS] Shazam<16><STEAM_0:1:59236187><>" STEAM USERID validated
L 02/18/2024 - 12:04:50: "[AUX-] Oni<9><STEAM_0:1:10174276><Jinrai>" say "!ready"
L 02/18/2024 - 12:04:57: "[AUX-] Nutnoze<2><STEAM_0:1:9530793><Jinrai>" say "!ready"
L 02/18/2024 - 12:04:58: "[DYS] Shazam<16><STEAM_0:1:59236187><>" entered the game
L 02/18/2024 - 12:04:58: "[AUX-] Kudi<5><STEAM_0:0:25729551><Jinrai>" say "!ready"
L 02/18/2024 - 12:05:00: "[AUX-] Blåberry<10><STEAM_0:1:20365268><Jinrai>" say "!ready"
L 02/18/2024 - 12:05:05: "[DYS] Shazam<16><STEAM_0:1:59236187><Unassigned>" joined team "NSF"
L 02/18/2024 - 12:05:14: "[AUX-] Nutnoze<2><STEAM_0:1:9530793><Jinrai>" say "let us know when stream / cast is actually ready"
L 02/18/2024 - 12:05:22: "[AUX-] Oni<9><STEAM_0:1:10174276><Jinrai>" killed "[DYS] You're Pissed Off<8><STEAM_0:1:44658357><NSF>" with "srm"
L 02/18/2024 - 12:05:27: "suna<15><STEAM_0:1:29157668><Spectator>" say "when lizard gets here"
L 02/18/2024 - 12:05:31: "[AUX-] Blåberry<10><STEAM_0:1:20365268><Jinrai>" say "okok"
L 02/18/2024 - 12:05:34: "[AUX-] Nutnoze<2><STEAM_0:1:9530793><Jinrai>" say "!unready"
L 02/18/2024 - 12:05:38: "[AUX-] MilK<7><STEAM_0:1:28287031><Jinrai>" say "MilK's Jazzy Grid: ginger moonshine (oni), lemon juice (kudi), honey (nutnoze), tonic (phorce), 3 blueberries (blab)"
L 02/18/2024 - 12:05:41: "[AUX-] MilK<7><STEAM_0:1:28287031><Jinrai>" say "!ready"
L 02/18/2024 - 12:05:44: "[AUX-] Nutnoze<2><STEAM_0:1:9530793><Jinrai>" say "i will wait for the lizz rizz"
L 02/18/2024 - 12:05:45: "[AUX-] Oni<9><STEAM_0:1:10174276><Jinrai>" say "did you get your spec binds working suna?"
L 02/18/2024 - 12:05:49: "suna<15><STEAM_0:1:29157668><Spectator>" say "nope"
L 02/18/2024 - 12:05:52: "[AUX-] Oni<9><STEAM_0:1:10174276><Jinrai>" say "pain"
L 02/18/2024 - 12:05:56: "[DYS] bauxite<17><STEAM_ID_PENDING><>" connected, address "86.13.114.58:27005"
L 02/18/2024 - 12:05:56: "[DYS] bauxite<17><STEAM_0:0:5757747><>" STEAM USERID validated
L 02/18/2024 - 12:05:57: "[AUX-] Oni<9><STEAM_0:1:10174276><Jinrai>" say "tried exec observer"
L 02/18/2024 - 12:06:00: "[AUX-] Oni<9><STEAM_0:1:10174276><Jinrai>" say "or exec spec"
L 02/18/2024 - 12:06:02: "suna<15><STEAM_0:1:29157668><Spectator>" say "but at least the wallhack plugin works"
L 02/18/2024 - 12:06:02: "[DYS] bauxite<17><STEAM_0:0:5757747><>" entered the game
L 02/18/2024 - 12:06:10: "[DYS] bauxite<17><STEAM_0:0:5757747><Unassigned>" joined team "Spectator"
L 02/18/2024 - 12:06:12: "suna<15><STEAM_0:1:29157668><Spectator>" say "i tried"
L 02/18/2024 - 12:06:12: "[AUX-] Blåberry<10><STEAM_0:1:20365268><Jinrai>" say "yeah same for me"
L 02/18/2024 - 12:06:14: "[DYS] bauxite<17><STEAM_0:0:5757747><Spectator>" say "!n"
L 02/18/2024 - 12:06:14: "[DYS] bauxite<17><STEAM_0:0:5757747><Spectator>" joined team "NSF"
L 02/18/2024 - 12:06:19: "[AUX-] Nutnoze<2><STEAM_0:1:9530793><Jinrai>" say "map doesn't let me kill myself 0/10"
L 02/18/2024 - 12:06:32: "[DYS] xx<13><STEAM_0:0:8714446><NSF>" say "it does"
L 02/18/2024 - 12:06:35: "[DYS] bauxite<17><STEAM_0:0:5757747><NSF>" say_team "whos sitting out for grid"
L 02/18/2024 - 12:06:41: "[DYS] bauxite<17><STEAM_0:0:5757747><NSF>" say_team "im fine to sit out for any map"
L 02/18/2024 - 12:06:43: "[AUX-] Nutnoze<2><STEAM_0:1:9530793><Jinrai>" say "wait"
L 02/18/2024 - 12:06:44: "[AUX-] Nutnoze<2><STEAM_0:1:9530793><Jinrai>" say "u rite"
L 02/18/2024 - 12:06:54: "[AUX-] Nutnoze<2><STEAM_0:1:9530793><Jinrai>" committed suicide with "world"
L 02/18/2024 - 12:06:58: "[AUX-] Nutnoze<2><STEAM_0:1:9530793><Jinrai>" say "ty"
L 02/18/2024 - 12:07:02: "[DYS] Infrequent<3><STEAM_0:1:6384081><NSF>" say_team "they've figured the entire spot out just fyi"
L 02/18/2024 - 12:07:10: "[DYS] Shazam<16><STEAM_0:1:59236187><NSF>" disconnected (reason "Disconnect by user.")
L 02/18/2024 - 12:07:25: "[DYS] bauxite<17><STEAM_0:0:5757747><NSF>" say_team "u cant stay in vc"
L 02/18/2024 - 12:07:37: "[DYS] bauxite<17><STEAM_0:0:5757747><NSF>" say_team "u can stay until match starts"
L 02/18/2024 - 12:07:56: "[AUX-] Oni<9><STEAM_0:1:10174276><Jinrai>" killed "[DYS] Hosomi<14><STEAM_0:0:51357353><NSF>" with "srm"
L 02/18/2024 - 12:08:00: "[DYS] Hosomi<14><STEAM_0:0:51357353><NSF>" say "!ready"
L 02/18/2024 - 12:08:09: "[AUX-] MilK<7><STEAM_0:1:28287031><Jinrai>" say "!ready"
L 02/18/2024 - 12:08:17: "[DYS] xx<13><STEAM_0:0:8714446><NSF>" say "are we waiting for liz?"
L 02/18/2024 - 12:08:21: "[CAST] Ghost Lizard<18><STEAM_ID_PENDING><>" connected, address "87.2.131.118:27005"
L 02/18/2024 - 12:08:21: "[CAST] Ghost Lizard<18><STEAM_0:1:20336729><>" STEAM USERID validated
L 02/18/2024 - 12:08:22: "[DYS] You're Pissed Off<8><STEAM_0:1:44658357><NSF>" say "Oni if you got a sec can you spam the links to stream too please"
L 02/18/2024 - 12:08:25: "[AUX-] Oni<9><STEAM_0:1:10174276><Jinrai>" say "yea we wait for when stream is ready"
L 02/18/2024 - 12:08:26: "[AUX-] Oni<9><STEAM_0:1:10174276><Jinrai>" say "no"
L 02/18/2024 - 12:08:29: "[AUX-] Oni<9><STEAM_0:1:10174276><Jinrai>" say "someone else can do it"
L 02/18/2024 - 12:08:30: "[CAST] Ghost Lizard<18><STEAM_0:1:20336729><>" entered the game
L 02/18/2024 - 12:08:33: "[CAST] Ghost Lizard<18><STEAM_0:1:20336729><Unassigned>" joined team "Spectator"
L 02/18/2024 - 12:08:41: "[DYS] Hosomi<14><STEAM_0:0:51357353><NSF>" say "!readylist"
L 02/18/2024 - 12:08:49: "[AUX-] Oni<9><STEAM_0:1:10174276><Jinrai>" disconnected (reason "Disconnect by user.")
L 02/18/2024 - 12:08:52: "suna<15><STEAM_0:1:29157668><Spectator>" say "I can't @everyone"
L 02/18/2024 - 12:08:56: "[DYS] Infrequent<3><STEAM_0:1:6384081><NSF>" say "me neither"
L 02/18/2024 - 12:08:59: "[DYS] Infrequent<3><STEAM_0:1:6384081><NSF>" say "wait"
L 02/18/2024 - 12:09:00: "[DYS] Infrequent<3><STEAM_0:1:6384081><NSF>" say "can i.."
L 02/18/2024 - 12:09:03: "[DYS] bauxite<17><STEAM_0:0:5757747><NSF>" say "we can on tournie discord"
L 02/18/2024 - 12:09:04: "[AUX-] Nutnoze<2><STEAM_0:1:9530793><Jinrai>" say "oni's on it"
L 02/18/2024 - 12:09:06: "[DYS] bauxite<17><STEAM_0:0:5757747><NSF>" say "not on normal"
L 02/18/2024 - 12:09:14: "[AUX-] Nutnoze<2><STEAM_0:1:9530793><Jinrai>" say "he's just sad because it means he has to restart the game lol"
L 02/18/2024 - 12:09:14: "[AUX-] Blåberry<10><STEAM_0:1:20365268><Jinrai>" killed "[DYS] bauxite<17><STEAM_0:0:5757747><NSF>" with "knife"
L 02/18/2024 - 12:09:21: "[DYS] bauxite<17><STEAM_0:0:5757747><NSF>" say "feelsbad"
L 02/18/2024 - 12:09:21: "[AUX-] Nutnoze<2><STEAM_0:1:9530793><Jinrai>" say "major inconvenience how will he recover"
L 02/18/2024 - 12:09:24: "[DYS] bauxite<17><STEAM_0:0:5757747><NSF>" say "not window gaming"
L 02/18/2024 - 12:09:25: "[AUX-] MilK<7><STEAM_0:1:28287031><Jinrai>" say "knifing in nt is the same as getting a 777 in one armed bandit"
L 02/18/2024 - 12:09:31: "[AUX-] Nutnoze<2><STEAM_0:1:9530793><Jinrai>" killed "[DYS] Hosomi<14><STEAM_0:0:51357353><NSF>" with "knife"
L 02/18/2024 - 12:09:35: "[AUX-] Nutnoze<2><STEAM_0:1:9530793><Jinrai>" say "idk seems reliable to me"
L 02/18/2024 - 12:09:51: "[AUX-] Nutnoze<2><STEAM_0:1:9530793><Jinrai>" killed "[AUX-] MilK<7><STEAM_0:1:28287031><Jinrai>" with "knife"
L 02/18/2024 - 12:09:52: "[DYS] bauxite<17><STEAM_0:0:5757747><NSF>" say "kudi what were ur times on whenisgood"
L 02/18/2024 - 12:09:54: "[DYS] bauxite<17><STEAM_0:0:5757747><NSF>" say "3am gaming"
L 02/18/2024 - 12:09:56: "[DYS] bauxite<17><STEAM_0:0:5757747><NSF>" say "wtf"
L 02/18/2024 - 12:10:11: "[DYS] bauxite<17><STEAM_0:0:5757747><NSF>" say "i hate timezones"
L 02/18/2024 - 12:11:22: "[DYS] bauxite<17><STEAM_0:0:5757747><NSF>" say_team "whos our recon"
L 02/18/2024 - 12:11:34: "[DYS] Infrequent<3><STEAM_0:1:6384081><NSF>" say_team "hosomi"
L 02/18/2024 - 12:11:34: "[DYS] bauxite<17><STEAM_0:0:5757747><NSF>" say_team "hos u want a supa"
L 02/18/2024 - 12:11:50: "[AUX-] Nutnoze<2><STEAM_0:1:9530793><Jinrai>" say "why is this ceiling just using a giant door texture"
L 02/18/2024 - 12:11:52: "[AUX-] Kudi<5><STEAM_0:0:25729551><Jinrai>" say "why is this ceiling tile thing like this"
L 02/18/2024 - 12:11:58: "suna<15><STEAM_0:1:29157668><Spectator>" say "we're doing intro now"
L 02/18/2024 - 12:12:02: "[DYS] You're Pissed Off<8><STEAM_0:1:44658357><NSF>" say "sus"
L 02/18/2024 - 12:12:05: "[DYS] bauxite<17><STEAM_0:0:5757747><NSF>" say "cos"
L 02/18/2024 - 12:12:12: "[AUX-] Kudi<5><STEAM_0:0:25729551><Jinrai>" say "how do I finish this arg"
L 02/18/2024 - 12:12:18: "[AUX-] Oni<19><STEAM_ID_PENDING><>" connected, address "71.195.46.232:27005"
L 02/18/2024 - 12:12:18: "[AUX-] Oni<19><STEAM_0:1:10174276><>" STEAM USERID validated
L 02/18/2024 - 12:12:22: "[AUX-] Oni<19><STEAM_0:1:10174276><>" entered the game
L 02/18/2024 - 12:12:24: "[AUX-] Oni<19><STEAM_0:1:10174276><Unassigned>" joined team "Jinrai"
L 02/18/2024 - 12:12:24: "[AUX-] Nutnoze<2><STEAM_0:1:9530793><Jinrai>" killed "[AUX-] Blåberry<10><STEAM_0:1:20365268><Jinrai>" with "grenade_detapack"
L 02/18/2024 - 12:12:24: "[AUX-] Nutnoze<2><STEAM_0:1:9530793><Jinrai>" killed "[DYS] Infrequent<3><STEAM_0:1:6384081><NSF>" with "grenade_detapack"
L 02/18/2024 - 12:12:24: "[AUX-] Nutnoze<2><STEAM_0:1:9530793><Jinrai>" killed "[DYS] You're Pissed Off<8><STEAM_0:1:44658357><NSF>" with "grenade_detapack"
L 02/18/2024 - 12:12:24: "[AUX-] Nutnoze<2><STEAM_0:1:9530793><Jinrai>" killed "[AUX-] MilK<7><STEAM_0:1:28287031><Jinrai>" with "grenade_detapack"
L 02/18/2024 - 12:12:24: "[AUX-] Nutnoze<2><STEAM_0:1:9530793><Jinrai>" committed suicide with "player"
L 02/18/2024 - 12:12:24: "[DYS] bauxite<17><STEAM_0:0:5757747><NSF>" triggered "kill_assist"
L 02/18/2024 - 12:12:24: "[AUX-] Nutnoze<2><STEAM_0:1:9530793><Jinrai>" killed "[DYS] Hosomi<14><STEAM_0:0:51357353><NSF>" with "grenade_detapack"
L 02/18/2024 - 12:12:24: "[AUX-] Nutnoze<2><STEAM_0:1:9530793><Jinrai>" killed "[AUX-] Kudi<5><STEAM_0:0:25729551><Jinrai>" with "grenade_detapack"
L 02/18/2024 - 12:12:24: "[DYS] bauxite<17><STEAM_0:0:5757747><NSF>" triggered "kill_assist"
L 02/18/2024 - 12:12:24: "[AUX-] Nutnoze<2><STEAM_0:1:9530793><Jinrai>" killed "[DYS] bauxite<17><STEAM_0:0:5757747><NSF>" with "grenade_detapack"
L 02/18/2024 - 12:12:30: "[AUX-] MilK<7><STEAM_0:1:28287031><Jinrai>" say "group selfie ;X"
L 02/18/2024 - 12:12:54: "[DYS] Hosomi<14><STEAM_0:0:51357353><NSF>" say "RIP to whoever has to cleanup the log"
L 02/18/2024 - 12:13:07: "[AUX-] Oni<19><STEAM_0:1:10174276><Jinrai>" say "don't get rid of my stat padding"
L 02/18/2024 - 12:13:10: "[AUX-] Oni<19><STEAM_0:1:10174276><Jinrai>" say ":>"
L 02/18/2024 - 12:13:14: "[AUX-] Nutnoze<2><STEAM_0:1:9530793><Jinrai>" say "!ready"
L 02/18/2024 - 12:13:14: "[AUX-] Oni<19><STEAM_0:1:10174276><Jinrai>" say "!ready"
L 02/18/2024 - 12:13:18: "[AUX-] MilK<7><STEAM_0:1:28287031><Jinrai>" say "!ready"
L 02/18/2024 - 12:13:20: "[DYS] bauxite<17><STEAM_0:0:5757747><NSF>" say "!ready"
L 02/18/2024 - 12:13:20: "[AUX-] Kudi<5><STEAM_0:0:25729551><Jinrai>" say "nut with the most det kills real"
L 02/18/2024 - 12:13:22: "[AUX-] MilK<7><STEAM_0:1:28287031><Jinrai>" say "BLOOD"
L 02/18/2024 - 12:13:31: "[DYS] Hosomi<14><STEAM_0:0:51357353><NSF>" say "!readylist"
L 02/18/2024 - 12:13:49: "[DYS] bauxite<17><STEAM_0:0:5757747><NSF>" say_team "im not ready for this"
L 02/18/2024 - 12:14:02: "suna<15><STEAM_0:1:29157668><Spectator>" say "ready"
L 02/18/2024 - 12:14:03: "[AUX-] Nutnoze<2><STEAM_0:1:9530793><Jinrai>" say "cast ready? everyone ready?"
L 02/18/2024 - 12:14:06: "[DYS] bauxite<17><STEAM_0:0:5757747><NSF>" say_team "they have their best lineup it sjoever"
L 02/18/2024 - 12:14:08: "[AUX-] Nutnoze<2><STEAM_0:1:9530793><Jinrai>" say "!readylist"
L 02/18/2024 - 12:14:16: "[DYS] bauxite<17><STEAM_0:0:5757747><NSF>" say "we are almost ready"
L 02/18/2024 - 12:14:19: "[DYS] bauxite<17><STEAM_0:0:5757747><NSF>" say "1 min probs"
L 02/18/2024 - 12:14:27: "[AUX-] Kudi<5><STEAM_0:0:25729551><Jinrai>" say "alright"
L 02/18/2024 - 12:14:28: "[DYS] bauxite<17><STEAM_0:0:5757747><NSF>" say "im trying to sit out but they wont let me"
L 02/18/2024 - 12:14:36: "[DYS] You're Pissed Off<8><STEAM_0:1:44658357><NSF>" say "You are sitting in"
L 02/18/2024 - 12:14:38: "[AUX-] Kudi<5><STEAM_0:0:25729551><Jinrai>" say "come suffer with us bauxy"
L 02/18/2024 - 12:14:47: "[AUX-] MilK<7><STEAM_0:1:28287031><Jinrai>" say "the kuromi girl done locked me up.."
L 02/18/2024 - 12:14:49: "[DYS] bauxite<17><STEAM_0:0:5757747><NSF>" say "i dont wanna play nt, i just wanna meme in twitch"
L 02/18/2024 - 12:15:04: "[AUX-] Oni<19><STEAM_0:1:10174276><Jinrai>" killed "[DYS] xx<13><STEAM_0:0:8714446><NSF>" with "srm"
L 02/18/2024 - 12:15:08: "[DYS] You're Pissed Off<8><STEAM_0:1:44658357><NSF>" killed "[DYS] Infrequent<3><STEAM_0:1:6384081><NSF>" with "knife"
L 02/18/2024 - 12:15:09: "[AUX-] Kudi<5><STEAM_0:0:25729551><Jinrai>" say "im more of a cinnamoroll type of man myself"
L 02/18/2024 - 12:15:13: "[AUX-] Kudi<5><STEAM_0:0:25729551><Jinrai>" say "he's so based"
L 02/18/2024 - 12:15:14: "[AUX-] MilK<7><STEAM_0:1:28287031><Jinrai>" say "based"
L 02/18/2024 - 12:15:26: "[DYS] You're Pissed Off<8><STEAM_0:1:44658357><NSF>" say "based on what?"
L 02/18/2024 - 12:15:29: "[DYS] You're Pissed Off<8><STEAM_0:1:44658357><NSF>" say "XDDDDDDDDDDDDDDDDDDDDDDDDDDDD"
L 02/18/2024 - 12:15:39: "[AUX-] Oni<19><STEAM_0:1:10174276><Jinrai>" say "Just for clear communication, we're asking for start in 5 min (or less) since it will be 20 min after match start time"
L 02/18/2024 - 12:15:46: "[DYS] Infrequent<3><STEAM_0:1:6384081><NSF>" say "okay"
L 02/18/2024 - 12:15:47: "[DYS] Infrequent<3><STEAM_0:1:6384081><NSF>" say "readying up"
L 02/18/2024 - 12:15:49: "[DYS] Infrequent<3><STEAM_0:1:6384081><NSF>" say "!ready"
L 02/18/2024 - 12:15:55: "[DYS] Hosomi<14><STEAM_0:0:51357353><NSF>" disconnected (reason "[DYS] Hosomi timed out")
L 02/18/2024 - 12:15:58: "[DYS] Infrequent<3><STEAM_0:1:6384081><NSF>" say "hosomi just crashed.."
L 02/18/2024 - 12:16:00: "[DYS] bauxite<17><STEAM_0:0:5757747><NSF>" say "we are having technical issues "
L 02/18/2024 - 12:16:02: "[AUX-] Oni<19><STEAM_0:1:10174276><Jinrai>" say "xD"
L 02/18/2024 - 12:16:03: "[AUX-] Nutnoze<2><STEAM_0:1:9530793><Jinrai>" say "F"
L 02/18/2024 - 12:16:03: "[DYS] bauxite<17><STEAM_0:0:5757747><NSF>" say "stand by 30s"
L 02/18/2024 - 12:16:04: "[AUX-] Nutnoze<2><STEAM_0:1:9530793><Jinrai>" say "well"
L 02/18/2024 - 12:16:04: "[DYS] You're Pissed Off<8><STEAM_0:1:44658357><NSF>" say "Apart from that we are ready"
L 02/18/2024 - 12:16:06: "[AUX-] Blåberry<10><STEAM_0:1:20365268><Jinrai>" say "xddd"
L 02/18/2024 - 12:16:08: "[AUX-] Kudi<5><STEAM_0:0:25729551><Jinrai>" say "lost her nt license"
L 02/18/2024 - 12:16:09: "[AUX-] Nutnoze<2><STEAM_0:1:9530793><Jinrai>" say "at least it was before we started"
L 02/18/2024 - 12:16:11: "[AUX-] Oni<19><STEAM_0:1:10174276><Jinrai>" say "you can ready up, we won't mind :3"
L 02/18/2024 - 12:16:16: "[DYS] bauxite<17><STEAM_0:0:5757747><NSF>" say "hos made the mistake of being on uk internet"
L 02/18/2024 - 12:16:19: "[DYS] Infrequent<3><STEAM_0:1:6384081><NSF>" say "if it isn't shazam crashing it's hosomi"
L 02/18/2024 - 12:16:21: "[DYS] Infrequent<3><STEAM_0:1:6384081><NSF>" say "we are cursed"
L 02/18/2024 - 12:16:21: "[DYS] bauxite<17><STEAM_0:0:5757747><NSF>" say "!ready"
L 02/18/2024 - 12:16:24: "[DYS] You're Pissed Off<8><STEAM_0:1:44658357><NSF>" say "streamers not ready?"
L 02/18/2024 - 12:16:25: "[AUX-] Blåberry<10><STEAM_0:1:20365268><Jinrai>" say "uk moment"
L 02/18/2024 - 12:16:25: "[DYS] Hosomi<20><STEAM_ID_PENDING><>" connected, address "51.14.135.38:27005"
L 02/18/2024 - 12:16:25: "[DYS] Hosomi<20><STEAM_0:0:51357353><>" STEAM USERID validated
L 02/18/2024 - 12:16:26: "[DYS] You're Pissed Off<8><STEAM_0:1:44658357><NSF>" say "!ready"
L 02/18/2024 - 12:16:32: "[AUX-] Oni<19><STEAM_0:1:10174276><Jinrai>" killed "[DYS] bauxite<17><STEAM_0:0:5757747><NSF>" with "knife"
L 02/18/2024 - 12:16:33: "[DYS] Hosomi<20><STEAM_0:0:51357353><>" entered the game
L 02/18/2024 - 12:16:34: "suna<15><STEAM_0:1:29157668><Spectator>" say "ready"
L 02/18/2024 - 12:16:36: "[DYS] Hosomi<20><STEAM_0:0:51357353><Unassigned>" joined team "NSF"
L 02/18/2024 - 12:16:38: "[DYS] Hosomi<20><STEAM_0:0:51357353><NSF>" say "!ready"
L 02/18/2024 - 12:16:39: "[AUX-] Oni<19><STEAM_0:1:10174276><Jinrai>" killed "[AUX-] MilK<7><STEAM_0:1:28287031><Jinrai>" with "knife"
L 02/18/2024 - 12:16:42: "[DYS] Hosomi<20><STEAM_0:0:51357353><NSF>" say "!readylist"
L 02/18/2024 - 12:16:45: "[AUX-] Nutnoze<2><STEAM_0:1:9530793><Jinrai>" say "!readylist"
L 02/18/2024 - 12:16:46: "[AUX-] Blåberry<10><STEAM_0:1:20365268><Jinrai>" killed "[AUX-] Oni<19><STEAM_0:1:10174276><Jinrai>" with "jittescoped"
L 02/18/2024 - 12:16:47: "[DYS] xx<13><STEAM_0:0:8714446><NSF>" say "!ready"
L 02/18/2024 - 12:16:47: "[DYS] bauxite<17><STEAM_0:0:5757747><NSF>" say "lets fakkin goooooo"
L 02/18/2024 - 12:16:50: "[DYS] bauxite<17><STEAM_0:0:5757747><NSF>" say "glhf"
L 02/18/2024 - 12:16:55: "[DYS] Infrequent<3><STEAM_0:1:6384081><NSF>" say "gl hf"
L 02/18/2024 - 12:16:56: "[AUX-] MilK<7><STEAM_0:1:28287031><Jinrai>" say "glhf"
L 02/18/2024 - 12:17:43: "[DYS] Infrequent<3><STEAM_0:1:6384081><NSF>" killed "[AUX-] Nutnoze<2><STEAM_0:1:9530793><Jinrai>" with "grenade_projectile"
L 02/18/2024 - 12:18:10: "[DYS] You're Pissed Off<8><STEAM_0:1:44658357><NSF>" killed "[AUX-] Oni<19><STEAM_0:1:10174276><Jinrai>" with "zr68s"
L 02/18/2024 - 12:18:15: "[DYS] Infrequent<3><STEAM_0:1:6384081><NSF>" killed "[AUX-] MilK<7><STEAM_0:1:28287031><Jinrai>" with "grenade_projectile"
L 02/18/2024 - 12:18:27: "[DYS] bauxite<17><STEAM_0:0:5757747><NSF>" killed "[AUX-] Blåberry<10><STEAM_0:1:20365268><Jinrai>" with "zr68c"
L 02/18/2024 - 12:18:34: "[DYS] bauxite<17><STEAM_0:0:5757747><NSF>" say_team "cap"
L 02/18/2024 - 12:18:35: "[DYS] bauxite<17><STEAM_0:0:5757747><NSF>" say_team "cap ghost"
L 02/18/2024 - 12:18:38: "[DYS] bauxite<17><STEAM_0:0:5757747><NSF>" say_team "we have 5"
L 02/18/2024 - 12:18:46: "[DYS] bauxite<17><STEAM_0:0:5757747><NSF>" say_team "its last left"
L 02/18/2024 - 12:18:47: "[DYS] bauxite<17><STEAM_0:0:5757747><NSF>" say_team "cap"
L 02/18/2024 - 12:19:02: "[DYS] bauxite<17><STEAM_0:0:5757747><NSF>" say_team "dont kill"
L 02/18/2024 - 12:19:06: Team "NSF" triggered "ghost_capture_team"
L 02/18/2024 - 12:19:06: "[DYS] Hosomi<20><STEAM_0:0:51357353><NSF>" triggered "ghost_capture"
L 02/18/2024 - 12:19:07: "[DYS] Hosomi<20><STEAM_0:0:51357353><NSF>" killed "[AUX-] Kudi<5><STEAM_0:0:25729551><Jinrai>" with "milso"
L 02/18/2024 - 12:19:07: "[DYS] You're Pissed Off<8><STEAM_0:1:44658357><NSF>" triggered "kill_assist"
L 02/18/2024 - 12:19:19: "[DYS] bauxite<17><STEAM_0:0:5757747><NSF>" say_team "insane"
L 02/18/2024 - 12:19:26: "[DYS] bauxite<17><STEAM_0:0:5757747><NSF>" say_team "bro"
L 02/18/2024 - 12:19:34: "[DYS] bauxite<17><STEAM_0:0:5757747><NSF>" say_team "i deleted bla,  i think i have hacks"
L 02/18/2024 - 12:19:45: "[DYS] bauxite<17><STEAM_0:0:5757747><NSF>" say_team "I'm going in!"
L 02/18/2024 - 12:19:50: "[DYS] bauxite<17><STEAM_0:0:5757747><NSF>" killed "[AUX-] Oni<19><STEAM_0:1:10174276><Jinrai>" with "mx"
L 02/18/2024 - 12:20:16: "[AUX-] Blåberry<10><STEAM_0:1:20365268><Jinrai>" killed "[DYS] bauxite<17><STEAM_0:0:5757747><NSF>" with "srm"
L 02/18/2024 - 12:20:17: "[DYS] bauxite<17><STEAM_0:0:5757747><NSF>" say_team "Enemy is Behind"
L 02/18/2024 - 12:20:23: "[DYS] Infrequent<3><STEAM_0:1:6384081><NSF>" killed "[AUX-] Kudi<5><STEAM_0:0:25729551><Jinrai>" with "zr68s"
L 02/18/2024 - 12:20:31: "[DYS] Hosomi<20><STEAM_0:0:51357353><NSF>" killed "[AUX-] MilK<7><STEAM_0:1:28287031><Jinrai>" with "jittescoped"
L 02/18/2024 - 12:20:31: "[DYS] bauxite<17><STEAM_0:0:5757747><NSF>" triggered "kill_assist"
L 02/18/2024 - 12:20:34: "[AUX-] Blåberry<10><STEAM_0:1:20365268><Jinrai>" killed "[DYS] Hosomi<20><STEAM_0:0:51357353><NSF>" with "mx"
L 02/18/2024 - 12:20:36: "[AUX-] Blåberry<10><STEAM_0:1:20365268><Jinrai>" killed "[DYS] xx<13><STEAM_0:0:8714446><NSF>" with "mx"
L 02/18/2024 - 12:20:40: "[DYS] Infrequent<3><STEAM_0:1:6384081><NSF>" killed "[AUX-] Blåberry<10><STEAM_0:1:20365268><Jinrai>" with "grenade_projectile"
L 02/18/2024 - 12:20:40: "[DYS] xx<13><STEAM_0:0:8714446><NSF>" triggered "kill_assist"
L 02/18/2024 - 12:20:46: "[AUX-] Nutnoze<2><STEAM_0:1:9530793><Jinrai>" killed "[DYS] You're Pissed Off<8><STEAM_0:1:44658357><NSF>" with "zr68s"
L 02/18/2024 - 12:21:07: "[DYS] bauxite<17><STEAM_0:0:5757747><NSF>" say_team "they rushed sewer hard but i hit no shots "
L 02/18/2024 - 12:21:39: "[DYS] bauxite<17><STEAM_0:0:5757747><NSF>" say_team "its fine"
L 02/18/2024 - 12:21:42: "[DYS] Infrequent<3><STEAM_0:1:6384081><NSF>" killed "[AUX-] Nutnoze<2><STEAM_0:1:9530793><Jinrai>" with "zr68s"
L 02/18/2024 - 12:21:59: "[DYS] bauxite<17><STEAM_0:0:5757747><NSF>" say_team "ill watch sewer always on that side but if i die u know tis sewer"
L 02/18/2024 - 12:22:18: "[AUX-] Nutnoze<2><STEAM_0:1:9530793><Jinrai>" killed "[DYS] xx<13><STEAM_0:0:8714446><NSF>" with "zr68s"
L 02/18/2024 - 12:22:22: "[DYS] You're Pissed Off<8><STEAM_0:1:44658357><NSF>" killed "[AUX-] Kudi<5><STEAM_0:0:25729551><Jinrai>" with "zr68s"
L 02/18/2024 - 12:22:39: "[AUX-] Nutnoze<2><STEAM_0:1:9530793><Jinrai>" killed "[DYS] Infrequent<3><STEAM_0:1:6384081><NSF>" with "zr68s"
L 02/18/2024 - 12:22:48: "[DYS] bauxite<17><STEAM_0:0:5757747><NSF>" killed "[AUX-] Nutnoze<2><STEAM_0:1:9530793><Jinrai>" with "mx"
L 02/18/2024 - 12:22:48: "[DYS] Infrequent<3><STEAM_0:1:6384081><NSF>" triggered "kill_assist"
L 02/18/2024 - 12:22:52: "[DYS] bauxite<17><STEAM_0:0:5757747><NSF>" say_team "Enemy in Front"
L 02/18/2024 - 12:22:54: "[DYS] bauxite<17><STEAM_0:0:5757747><NSF>" say_team "I'm going in!"
L 02/18/2024 - 12:23:00: "[DYS] You're Pissed Off<8><STEAM_0:1:44658357><NSF>" killed "[AUX-] Oni<19><STEAM_0:1:10174276><Jinrai>" with "zr68s"
L 02/18/2024 - 12:23:05: "[DYS] bauxite<17><STEAM_0:0:5757747><NSF>" killed "[AUX-] Blåberry<10><STEAM_0:1:20365268><Jinrai>" with "mx"
L 02/18/2024 - 12:23:09: "[DYS] bauxite<17><STEAM_0:0:5757747><NSF>" say_team "I'm going in!"
L 02/18/2024 - 12:23:11: "[DYS] bauxite<17><STEAM_0:0:5757747><NSF>" say_team "Get the Ghost!"
L 02/18/2024 - 12:23:20: "[DYS] bauxite<17><STEAM_0:0:5757747><NSF>" say_team "Enemy is Behind"
L 02/18/2024 - 12:23:22: "[DYS] bauxite<17><STEAM_0:0:5757747><NSF>" say_team "Enemy in Front"
L 02/18/2024 - 12:23:25: "[DYS] bauxite<17><STEAM_0:0:5757747><NSF>" killed "[AUX-] MilK<7><STEAM_0:1:28287031><Jinrai>" with "mx"
L 02/18/2024 - 12:23:35: "[DYS] bauxite<17><STEAM_0:0:5757747><NSF>" say_team "opnly 1 left and im fighting ihm"
L 02/18/2024 - 12:24:13: "[AUX-] Oni<19><STEAM_0:1:10174276><Jinrai>" killed "[DYS] xx<13><STEAM_0:0:8714446><NSF>" with "zr68s"
L 02/18/2024 - 12:24:14: "[DYS] Hosomi<20><STEAM_0:0:51357353><NSF>" killed "[AUX-] Oni<19><STEAM_0:1:10174276><Jinrai>" with "jittescoped"
L 02/18/2024 - 12:24:40: "[DYS] bauxite<17><STEAM_0:0:5757747><NSF>" killed "[AUX-] Kudi<5><STEAM_0:0:25729551><Jinrai>" with "mx"
L 02/18/2024 - 12:24:42: "[AUX-] Nutnoze<2><STEAM_0:1:9530793><Jinrai>" killed "[DYS] Infrequent<3><STEAM_0:1:6384081><NSF>" with "zr68s"
L 02/18/2024 - 12:24:43: "[AUX-] Blåberry<10><STEAM_0:1:20365268><Jinrai>" killed "[DYS] You're Pissed Off<8><STEAM_0:1:44658357><NSF>" with "srm"
L 02/18/2024 - 12:24:44: "[AUX-] Nutnoze<2><STEAM_0:1:9530793><Jinrai>" killed "[DYS] Hosomi<20><STEAM_0:0:51357353><NSF>" with "zr68s"
L 02/18/2024 - 12:24:49: "[AUX-] Blåberry<10><STEAM_0:1:20365268><Jinrai>" committed suicide with "world"
L 02/18/2024 - 12:24:49: "[DYS] bauxite<17><STEAM_0:0:5757747><NSF>" triggered "kill_assist"
L 02/18/2024 - 12:25:17: "[DYS] bauxite<17><STEAM_0:0:5757747><NSF>" killed "[AUX-] MilK<7><STEAM_0:1:28287031><Jinrai>" with "mx"
L 02/18/2024 - 12:25:17: "[AUX-] Nutnoze<2><STEAM_0:1:9530793><Jinrai>" killed "[DYS] bauxite<17><STEAM_0:0:5757747><NSF>" with "zr68s"
L 02/18/2024 - 12:26:17: "[AUX-] Kudi<5><STEAM_0:0:25729551><Jinrai>" killed "[DYS] Infrequent<3><STEAM_0:1:6384081><NSF>" with "zr68s"
L 02/18/2024 - 12:26:21: "[AUX-] Oni<19><STEAM_0:1:10174276><Jinrai>" killed "[DYS] You're Pissed Off<8><STEAM_0:1:44658357><NSF>" with "srm"
L 02/18/2024 - 12:26:24: "[DYS] Hosomi<20><STEAM_0:0:51357353><NSF>" killed "[AUX-] Blåberry<10><STEAM_0:1:20365268><Jinrai>" with "jittescoped"
L 02/18/2024 - 12:26:38: "[AUX-] Kudi<5><STEAM_0:0:25729551><Jinrai>" killed "[DYS] Hosomi<20><STEAM_0:0:51357353><NSF>" with "tachi"
L 02/18/2024 - 12:26:42: "[DYS] bauxite<17><STEAM_0:0:5757747><NSF>" killed "[AUX-] Kudi<5><STEAM_0:0:25729551><Jinrai>" with "mx"
L 02/18/2024 - 12:26:42: "[DYS] Hosomi<20><STEAM_0:0:51357353><NSF>" triggered "kill_assist"
L 02/18/2024 - 12:26:55: Team "Jinrai" triggered "ghost_capture_team"
L 02/18/2024 - 12:26:55: "[AUX-] Oni<19><STEAM_0:1:10174276><Jinrai>" triggered "ghost_capture"
L 02/18/2024 - 12:27:09: "[AUX-] Nutnoze<2><STEAM_0:1:9530793><Jinrai>" killed "[DYS] bauxite<17><STEAM_0:0:5757747><NSF>" with "jittescoped"
L 02/18/2024 - 12:27:09: "[AUX-] Oni<19><STEAM_0:1:10174276><Jinrai>" triggered "kill_assist"
L 02/18/2024 - 12:27:26: "[DYS] bauxite<17><STEAM_0:0:5757747><NSF>" say_team "ill watch sewer"
L 02/18/2024 - 12:27:54: "[DYS] You're Pissed Off<8><STEAM_0:1:44658357><NSF>" killed "[AUX-] Blåberry<10><STEAM_0:1:20365268><Jinrai>" with "zr68s"
L 02/18/2024 - 12:28:05: "[AUX-] Oni<19><STEAM_0:1:10174276><Jinrai>" killed "[DYS] Hosomi<20><STEAM_0:0:51357353><NSF>" with "srm"
L 02/18/2024 - 12:28:15: "[AUX-] Blåberry<10><STEAM_0:1:20365268><Jinrai>" say_team "pissed 50% hp"
L 02/18/2024 - 12:28:16: "[DYS] bauxite<17><STEAM_0:0:5757747><NSF>" say_team "Enemy is Behind"
L 02/18/2024 - 12:28:18: "[DYS] bauxite<17><STEAM_0:0:5757747><NSF>" killed "[AUX-] MilK<7><STEAM_0:1:28287031><Jinrai>" with "mx"
L 02/18/2024 - 12:28:20: "[AUX-] Blåberry<10><STEAM_0:1:20365268><Jinrai>" say_team "zrs"
L 02/18/2024 - 12:28:22: "[AUX-] Blåberry<10><STEAM_0:1:20365268><Jinrai>" say_team "assault"
L 02/18/2024 - 12:28:23: "[DYS] bauxite<17><STEAM_0:0:5757747><NSF>" say_team "Enemy is Behind"
L 02/18/2024 - 12:29:33: "[DYS] bauxite<17><STEAM_0:0:5757747><NSF>" killed "[AUX-] Oni<19><STEAM_0:1:10174276><Jinrai>" with "mx"
L 02/18/2024 - 12:29:38: "[DYS] Infrequent<3><STEAM_0:1:6384081><NSF>" killed "[AUX-] Nutnoze<2><STEAM_0:1:9530793><Jinrai>" with "zr68s"
L 02/18/2024 - 12:29:38: "[DYS] You're Pissed Off<8><STEAM_0:1:44658357><NSF>" triggered "kill_assist"
L 02/18/2024 - 12:30:12: "[DYS] bauxite<17><STEAM_0:0:5757747><NSF>" killed "[AUX-] Kudi<5><STEAM_0:0:25729551><Jinrai>" with "mx"
L 02/18/2024 - 12:30:32: "[DYS] bauxite<17><STEAM_0:0:5757747><NSF>" killed "[AUX-] MilK<7><STEAM_0:1:28287031><Jinrai>" with "mx"
L 02/18/2024 - 12:30:39: "[DYS] bauxite<17><STEAM_0:0:5757747><NSF>" say_team "im 2"
L 02/18/2024 - 12:30:40: "[AUX-] Blåberry<10><STEAM_0:1:20365268><Jinrai>" killed "[DYS] Hosomi<20><STEAM_0:0:51357353><NSF>" with "mx"
L 02/18/2024 - 12:30:49: "[AUX-] Nutnoze<2><STEAM_0:1:9530793><Jinrai>" killed "[DYS] Infrequent<3><STEAM_0:1:6384081><NSF>" with "mx"
L 02/18/2024 - 12:30:55: "[DYS] bauxite<17><STEAM_0:0:5757747><NSF>" say_team "im 2 hp"
L 02/18/2024 - 12:32:17: "[AUX-] Blåberry<10><STEAM_0:1:20365268><Jinrai>" killed "[DYS] xx<13><STEAM_0:0:8714446><NSF>" with "mx"
L 02/18/2024 - 12:32:26: "[AUX-] Blåberry<10><STEAM_0:1:20365268><Jinrai>" killed "[DYS] bauxite<17><STEAM_0:0:5757747><NSF>" with "mx"
L 02/18/2024 - 12:32:26: "[AUX-] Kudi<5><STEAM_0:0:25729551><Jinrai>" triggered "kill_assist"
L 02/18/2024 - 12:32:27: Team "Jinrai" triggered "ghost_capture_team"
L 02/18/2024 - 12:32:27: "[AUX-] Oni<19><STEAM_0:1:10174276><Jinrai>" triggered "ghost_capture"
L 02/18/2024 - 12:32:38: "[DYS] You're Pissed Off<8><STEAM_0:1:44658357><NSF>" killed "[AUX-] Oni<19><STEAM_0:1:10174276><Jinrai>" with "mx"
L 02/18/2024 - 12:32:38: "[DYS] bauxite<17><STEAM_0:0:5757747><NSF>" triggered "kill_assist"
L 02/18/2024 - 12:32:41: "[DYS] You're Pissed Off<8><STEAM_0:1:44658357><NSF>" killed "[AUX-] Nutnoze<2><STEAM_0:1:9530793><Jinrai>" with "mx"
L 02/18/2024 - 12:33:25: "[DYS] bauxite<17><STEAM_0:0:5757747><NSF>" say_team "Enemy is Behind"
L 02/18/2024 - 12:33:27: "[DYS] bauxite<17><STEAM_0:0:5757747><NSF>" say_team "Enemy is Behind"
L 02/18/2024 - 12:33:38: "[AUX-] Kudi<5><STEAM_0:0:25729551><Jinrai>" killed "[DYS] Hosomi<20><STEAM_0:0:51357353><NSF>" with "mx"
L 02/18/2024 - 12:33:41: "[DYS] You're Pissed Off<8><STEAM_0:1:44658357><NSF>" killed "[AUX-] Kudi<5><STEAM_0:0:25729551><Jinrai>" with "mx"
L 02/18/2024 - 12:33:41: "[DYS] bauxite<17><STEAM_0:0:5757747><NSF>" triggered "kill_assist"
L 02/18/2024 - 12:33:45: "[DYS] bauxite<17><STEAM_0:0:5757747><NSF>" say_team "it was his"
L 02/18/2024 - 12:33:46: "[DYS] bauxite<17><STEAM_0:0:5757747><NSF>" say_team "not mine"
L 02/18/2024 - 12:33:51: "[AUX-] Kudi<5><STEAM_0:0:25729551><Jinrai>" say ":3"
L 02/18/2024 - 12:34:02: "[DYS] You're Pissed Off<8><STEAM_0:1:44658357><NSF>" killed "[AUX-] Oni<19><STEAM_0:1:10174276><Jinrai>" with "mx"
L 02/18/2024 - 12:34:02: "[DYS] Infrequent<3><STEAM_0:1:6384081><NSF>" triggered "kill_assist"
L 02/18/2024 - 12:34:09: "[DYS] Infrequent<3><STEAM_0:1:6384081><NSF>" killed "[AUX-] Blåberry<10><STEAM_0:1:20365268><Jinrai>" with "mx"
L 02/18/2024 - 12:34:09: "[DYS] xx<13><STEAM_0:0:8714446><NSF>" triggered "kill_assist"
L 02/18/2024 - 12:34:16: "[DYS] Hosomi<20><STEAM_0:0:51357353><NSF>" say "I wrongly shouted at Baux for smoking my det :("
L 02/18/2024 - 12:34:17: "[AUX-] Kudi<5><STEAM_0:0:25729551><Jinrai>" say "hosomi your det is cringe I had such a good hop I got there as you placed it, ruined my momentum"
L 02/18/2024 - 12:34:41: "[AUX-] Kudi<5><STEAM_0:0:25729551><Jinrai>" say "support hops are golden on this map I love it"
L 02/18/2024 - 12:34:53: "[DYS] bauxite<17><STEAM_0:0:5757747><NSF>" killed "[AUX-] MilK<7><STEAM_0:1:28287031><Jinrai>" with "mx"
L 02/18/2024 - 12:34:55: "[DYS] bauxite<17><STEAM_0:0:5757747><NSF>" killed "[AUX-] Nutnoze<2><STEAM_0:1:9530793><Jinrai>" with "mx"
L 02/18/2024 - 12:35:04: "[DYS] bauxite<17><STEAM_0:0:5757747><NSF>" say_team "ye"
L 02/18/2024 - 12:36:40: "[DYS] Infrequent<3><STEAM_0:1:6384081><NSF>" killed "[AUX-] MilK<7><STEAM_0:1:28287031><Jinrai>" with "mx"
L 02/18/2024 - 12:36:58: "[DYS] bauxite<17><STEAM_0:0:5757747><NSF>" say_team "I'm going in!"
L 02/18/2024 - 12:37:35: "[AUX-] Kudi<5><STEAM_0:0:25729551><Jinrai>" killed "[DYS] You're Pissed Off<8><STEAM_0:1:44658357><NSF>" with "mx"
L 02/18/2024 - 12:37:45: "[DYS] bauxite<17><STEAM_0:0:5757747><NSF>" killed "[AUX-] Oni<19><STEAM_0:1:10174276><Jinrai>" with "mx"
L 02/18/2024 - 12:37:45: "[AUX-] Blåberry<10><STEAM_0:1:20365268><Jinrai>" killed "[DYS] bauxite<17><STEAM_0:0:5757747><NSF>" with "mx"
L 02/18/2024 - 12:37:53: "[DYS] xx<13><STEAM_0:0:8714446><NSF>" killed "[AUX-] Blåberry<10><STEAM_0:1:20365268><Jinrai>" with "mx"
L 02/18/2024 - 12:37:58: "[DYS] Infrequent<3><STEAM_0:1:6384081><NSF>" killed "[AUX-] Kudi<5><STEAM_0:0:25729551><Jinrai>" with "mx"
L 02/18/2024 - 12:38:00: "[AUX-] Nutnoze<2><STEAM_0:1:9530793><Jinrai>" killed "[DYS] Infrequent<3><STEAM_0:1:6384081><NSF>" with "zr68c"
L 02/18/2024 - 12:38:00: "[AUX-] MilK<7><STEAM_0:1:28287031><Jinrai>" triggered "kill_assist"
L 02/18/2024 - 12:38:14: "[DYS] bauxite<17><STEAM_0:0:5757747><NSF>" say_team "sup will go sewer"
L 02/18/2024 - 12:38:27: "[DYS] bauxite<17><STEAM_0:0:5757747><NSF>" say_team "no point"
L 02/18/2024 - 12:38:29: "[DYS] bauxite<17><STEAM_0:0:5757747><NSF>" say_team "cos u cant see him"
L 02/18/2024 - 12:38:54: "[DYS] bauxite<17><STEAM_0:0:5757747><NSF>" say_team "Enemy is Behind"
L 02/18/2024 - 12:39:31: "[DYS] You're Pissed Off<8><STEAM_0:1:44658357><NSF>" killed "[AUX-] Kudi<5><STEAM_0:0:25729551><Jinrai>" with "mx"
L 02/18/2024 - 12:39:53: "[AUX-] Blåberry<10><STEAM_0:1:20365268><Jinrai>" killed "[DYS] xx<13><STEAM_0:0:8714446><NSF>" with "mx"
L 02/18/2024 - 12:40:07: "[DYS] Hosomi<20><STEAM_0:0:51357353><NSF>" killed "[AUX-] Nutnoze<2><STEAM_0:1:9530793><Jinrai>" with "jittescoped"
L 02/18/2024 - 12:40:07: "[DYS] You're Pissed Off<8><STEAM_0:1:44658357><NSF>" triggered "kill_assist"
L 02/18/2024 - 12:40:09: "[AUX-] Blåberry<10><STEAM_0:1:20365268><Jinrai>" killed "[DYS] You're Pissed Off<8><STEAM_0:1:44658357><NSF>" with "mx"
L 02/18/2024 - 12:40:19: "[DYS] bauxite<17><STEAM_0:0:5757747><NSF>" killed "[AUX-] Oni<19><STEAM_0:1:10174276><Jinrai>" with "mx"
L 02/18/2024 - 12:40:19: "[DYS] Infrequent<3><STEAM_0:1:6384081><NSF>" triggered "kill_assist"
L 02/18/2024 - 12:40:21: "[AUX-] Blåberry<10><STEAM_0:1:20365268><Jinrai>" killed "[DYS] bauxite<17><STEAM_0:0:5757747><NSF>" with "mx"
L 02/18/2024 - 12:40:23: "[AUX-] Blåberry<10><STEAM_0:1:20365268><Jinrai>" killed "[DYS] Infrequent<3><STEAM_0:1:6384081><NSF>" with "mx"
L 02/18/2024 - 12:40:23: "[AUX-] Oni<19><STEAM_0:1:10174276><Jinrai>" triggered "kill_assist"
L 02/18/2024 - 12:41:04: "[DYS] bauxite<17><STEAM_0:0:5757747><NSF>" killed "[AUX-] Kudi<5><STEAM_0:0:25729551><Jinrai>" with "mx"
L 02/18/2024 - 12:41:26: "[DYS] bauxite<17><STEAM_0:0:5757747><NSF>" say_team "Enemy in Front"
L 02/18/2024 - 12:41:50: "[AUX-] Blåberry<10><STEAM_0:1:20365268><Jinrai>" killed "[DYS] You're Pissed Off<8><STEAM_0:1:44658357><NSF>" with "mx"
L 02/18/2024 - 12:41:52: "[DYS] Infrequent<3><STEAM_0:1:6384081><NSF>" killed "[AUX-] Oni<19><STEAM_0:1:10174276><Jinrai>" with "mx"
L 02/18/2024 - 12:41:53: "[DYS] Hosomi<20><STEAM_0:0:51357353><NSF>" killed "[AUX-] Nutnoze<2><STEAM_0:1:9530793><Jinrai>" with "jittescoped"
L 02/18/2024 - 12:42:11: "[DYS] Infrequent<3><STEAM_0:1:6384081><NSF>" killed "[AUX-] Blåberry<10><STEAM_0:1:20365268><Jinrai>" with "mx"
L 02/18/2024 - 12:42:13: "[DYS] bauxite<17><STEAM_0:0:5757747><NSF>" say_team "I'm going in!"
L 02/18/2024 - 12:42:18: "[DYS] bauxite<17><STEAM_0:0:5757747><NSF>" killed "[AUX-] MilK<7><STEAM_0:1:28287031><Jinrai>" with "mx"
L 02/18/2024 - 12:43:01: "[DYS] You're Pissed Off<8><STEAM_0:1:44658357><NSF>" killed "[AUX-] Blåberry<10><STEAM_0:1:20365268><Jinrai>" with "mx"
L 02/18/2024 - 12:43:02: "[DYS] bauxite<17><STEAM_0:0:5757747><NSF>" say_team "pissed go mid"
L 02/18/2024 - 12:43:10: "[AUX-] Blåberry<10><STEAM_0:1:20365268><Jinrai>" say_team "one sky, one office"
L 02/18/2024 - 12:43:16: "[AUX-] MilK<7><STEAM_0:1:28287031><Jinrai>" killed "[DYS] xx<13><STEAM_0:0:8714446><NSF>" with "zr68s"
L 02/18/2024 - 12:43:21: "[DYS] You're Pissed Off<8><STEAM_0:1:44658357><NSF>" killed "[AUX-] MilK<7><STEAM_0:1:28287031><Jinrai>" with "grenade_projectile"
L 02/18/2024 - 12:43:21: "[DYS] xx<13><STEAM_0:0:8714446><NSF>" triggered "kill_assist"
L 02/18/2024 - 12:43:23: "[AUX-] Oni<19><STEAM_0:1:10174276><Jinrai>" killed "[DYS] You're Pissed Off<8><STEAM_0:1:44658357><NSF>" with "mx"
L 02/18/2024 - 12:43:24: "[DYS] bauxite<17><STEAM_0:0:5757747><NSF>" killed "[AUX-] Kudi<5><STEAM_0:0:25729551><Jinrai>" with "mx"
L 02/18/2024 - 12:43:36: "[DYS] Infrequent<3><STEAM_0:1:6384081><NSF>" killed "[AUX-] Oni<19><STEAM_0:1:10174276><Jinrai>" with "mx"
L 02/18/2024 - 12:43:40: "[DYS] bauxite<17><STEAM_0:0:5757747><NSF>" say_team "I'm going in!"
L 02/18/2024 - 12:44:45: "[AUX-] Nutnoze<2><STEAM_0:1:9530793><Jinrai>" killed "[DYS] Hosomi<20><STEAM_0:0:51357353><NSF>" with "mx"
L 02/18/2024 - 12:44:51: "[DYS] bauxite<17><STEAM_0:0:5757747><NSF>" killed "[AUX-] Nutnoze<2><STEAM_0:1:9530793><Jinrai>" with "mx"
L 02/18/2024 - 12:44:51: "[DYS] Hosomi<20><STEAM_0:0:51357353><NSF>" triggered "kill_assist"
L 02/18/2024 - 12:44:54: "[AUX-] Oni<19><STEAM_0:1:10174276><Jinrai>" say "!pause"
L 02/18/2024 - 12:45:31: "[DYS] bauxite<17><STEAM_0:0:5757747><NSF>" say_team "we shud play on this server again tbh, it pros nerfs bla"
L 02/18/2024 - 12:45:50: "[AUX-] MilK<7><STEAM_0:1:28287031><Jinrai>" disconnected (reason "Disconnect by user.")
L 02/18/2024 - 12:46:12: "[AUX-] Oni<19><STEAM_0:1:10174276><Jinrai>" say "!pause"
L 02/18/2024 - 12:46:14: "[DYS] bauxite<17><STEAM_0:0:5757747><NSF>" say_team "only once tho"
L 02/18/2024 - 12:46:16: "[DYS] bauxite<17><STEAM_0:0:5757747><NSF>" say_team "per map"
L 02/18/2024 - 12:46:19: "[AUX-] Oni<19><STEAM_0:1:10174276><Jinrai>" say "!pause"
L 02/18/2024 - 12:46:21: "suna<15><STEAM_0:1:29157668><Spectator>" say "dys pause"
L 02/18/2024 - 12:46:24: "[AUX-] Oni<19><STEAM_0:1:10174276><Jinrai>" say "got it"
L 02/18/2024 - 12:46:24: "[DYS] bauxite<17><STEAM_0:0:5757747><NSF>" say "we cant"
L 02/18/2024 - 12:46:25: "suna<15><STEAM_0:1:29157668><Spectator>" say "if u can"
L 02/18/2024 - 12:46:31: "[DYS] bauxite<17><STEAM_0:0:5757747><NSF>" say "u cant pause twice in a row"
L 02/18/2024 - 12:46:35: "[AUX-] MilK<21><STEAM_ID_PENDING><>" connected, address "79.132.74.31:27005"
L 02/18/2024 - 12:46:35: "[AUX-] MilK<21><STEAM_0:1:28287031><>" STEAM USERID validated
L 02/18/2024 - 12:46:37: "[AUX-] Oni<19><STEAM_0:1:10174276><Jinrai>" say "zzzzz"
L 02/18/2024 - 12:46:38: "[AUX-] MilK<21><STEAM_0:1:28287031><>" entered the game
L 02/18/2024 - 12:46:40: "[AUX-] Oni<19><STEAM_0:1:10174276><Jinrai>" say "live i guess"
L 02/18/2024 - 12:46:40: "[AUX-] MilK<21><STEAM_0:1:28287031><Unassigned>" joined team "Jinrai"
L 02/18/2024 - 12:46:48: "[DYS] Infrequent<3><STEAM_0:1:6384081><NSF>" say "sorry i thought your pause went through"
L 02/18/2024 - 12:47:07: "[DYS] Hosomi<20><STEAM_0:0:51357353><NSF>" killed "[AUX-] Oni<19><STEAM_0:1:10174276><Jinrai>" with "jittescoped"
L 02/18/2024 - 12:47:10: "[DYS] You're Pissed Off<8><STEAM_0:1:44658357><NSF>" killed "[AUX-] Kudi<5><STEAM_0:0:25729551><Jinrai>" with "mx"
L 02/18/2024 - 12:47:24: "[AUX-] Nutnoze<2><STEAM_0:1:9530793><Jinrai>" killed "[DYS] bauxite<17><STEAM_0:0:5757747><NSF>" with "mx"
L 02/18/2024 - 12:47:24: "[AUX-] Kudi<5><STEAM_0:0:25729551><Jinrai>" triggered "kill_assist"
L 02/18/2024 - 12:47:26: "[DYS] You're Pissed Off<8><STEAM_0:1:44658357><NSF>" killed "[AUX-] Nutnoze<2><STEAM_0:1:9530793><Jinrai>" with "mx"
L 02/18/2024 - 12:47:26: "[DYS] bauxite<17><STEAM_0:0:5757747><NSF>" triggered "kill_assist"
L 02/18/2024 - 12:47:34: "[DYS] Infrequent<3><STEAM_0:1:6384081><NSF>" killed "[AUX-] MilK<21><STEAM_0:1:28287031><Jinrai>" with "mx"
L 02/18/2024 - 12:47:37: "[DYS] You're Pissed Off<8><STEAM_0:1:44658357><NSF>" killed "[AUX-] Blåberry<10><STEAM_0:1:20365268><Jinrai>" with "grenade_projectile"
L 02/18/2024 - 12:47:37: "[DYS] bauxite<17><STEAM_0:0:5757747><NSF>" say_team "1 left"
L 02/18/2024 - 12:47:42: "[DYS] Infrequent<3><STEAM_0:1:6384081><NSF>" say "do you still nmeed pause"
L 02/18/2024 - 12:47:44: "[DYS] bauxite<17><STEAM_0:0:5757747><NSF>" say "did u only do a 1 min pause?"
L 02/18/2024 - 12:47:47: "[AUX-] Nutnoze<2><STEAM_0:1:9530793><Jinrai>" say "we good"
L 02/18/2024 - 12:47:49: "[AUX-] Nutnoze<2><STEAM_0:1:9530793><Jinrai>" say "was just milk"
L 02/18/2024 - 12:47:51: "[AUX-] Kudi<5><STEAM_0:0:25729551><Jinrai>" say "its over so no"
L 02/18/2024 - 12:47:57: "[DYS] Infrequent<3><STEAM_0:1:6384081><NSF>" say "oh"
L 02/18/2024 - 12:47:58: "[AUX-] Blåberry<10><STEAM_0:1:20365268><Jinrai>" say "ggs"
L 02/18/2024 - 12:47:58: "[DYS] bauxite<17><STEAM_0:0:5757747><NSF>" say "oh ok"
L 02/18/2024 - 12:47:58: "[DYS] Infrequent<3><STEAM_0:1:6384081><NSF>" say "fuck"
L 02/18/2024 - 12:48:01: "[DYS] bauxite<17><STEAM_0:0:5757747><NSF>" say "gg"
L 02/18/2024 - 12:48:04: "[AUX-] Kudi<5><STEAM_0:0:25729551><Jinrai>" say "thanks fellas"
L 02/18/2024 - 12:48:05: "[DYS] You're Pissed Off<8><STEAM_0:1:44658357><NSF>" say "gr"
L 02/18/2024 - 12:48:07: "[DYS] bauxite<17><STEAM_0:0:5757747><NSF>" say "we will switch to my server"
L 02/18/2024 - 12:48:07: "[AUX-] Kudi<5><STEAM_0:0:25729551><Jinrai>" disconnected (reason "Disconnect by user.")
L 02/18/2024 - 12:48:14: "[DYS] Hosomi<20><STEAM_0:0:51357353><NSF>" say "Is everything ok?"
L 02/18/2024 - 12:48:21: "[DYS] bauxite<17><STEAM_0:0:5757747><NSF>" say "unless u want sweaty"
L 02/18/2024 - 12:48:24: "[DYS] bauxite<17><STEAM_0:0:5757747><NSF>" say "we can do sweaty"
L 02/18/2024 - 12:48:31: "[AUX-] Nutnoze<2><STEAM_0:1:9530793><Jinrai>" say "Yeah his game just exploded but he's good now"
L 02/18/2024 - 12:48:33: "[AUX-] Oni<19><STEAM_0:1:10174276><Jinrai>" say "sweaty please"
L 02/18/2024 - 12:48:36: "[DYS] bauxite<17><STEAM_0:0:5757747><NSF>" say "ok thats fine"
L 02/18/2024 - 12:48:40: "[DYS] You're Pissed Off<8><STEAM_0:1:44658357><NSF>" say "sure"
L 02/18/2024 - 12:48:41: "[DYS] bauxite<17><STEAM_0:0:5757747><NSF>" say "we will go sweaty"
L 02/18/2024 - 12:48:44: "[AUX-] Oni<19><STEAM_0:1:10174276><Jinrai>" disconnected (reason "Disconnect by user.")
L 02/18/2024 - 12:48:49: "[AUX-] Nutnoze<2><STEAM_0:1:9530793><Jinrai>" disconnected (reason "Disconnect by user.")
L 02/18/2024 - 12:48:52: "[DYS] bauxite<17><STEAM_0:0:5757747><NSF>" say_team "no team can"
L 02/18/2024 - 12:48:55: "[DYS] bauxite<17><STEAM_0:0:5757747><NSF>" say_team "afaik"
L 02/18/2024 - 12:49:01: "[DYS] xx<13><STEAM_0:0:8714446><NSF>" disconnected (reason "Disconnect by user.")
L 02/18/2024 - 12:49:03: "[DYS] bauxite<17><STEAM_0:0:5757747><NSF>" disconnected (reason "Disconnect by user.")
L 02/18/2024 - 12:49:06: "[DYS] Infrequent<3><STEAM_0:1:6384081><NSF>" disconnected (reason "Disconnect by user.")
L 02/18/2024 - 12:49:07: "[DYS] You're Pissed Off<8><STEAM_0:1:44658357><NSF>" disconnected (reason "Disconnect by user.")
L 02/18/2024 - 12:49:11: "[DYS] Hosomi<20><STEAM_0:0:51357353><NSF>" disconnected (reason "Disconnect by user.")
L 02/18/2024 - 12:49:16: "[AUX-] MilK<21><STEAM_0:1:28287031><Jinrai>" disconnected (reason "Disconnect by user.")
L 02/18/2024 - 12:49:33: "[AUX-] Blåberry<10><STEAM_0:1:20365268><Jinrai>" disconnected (reason "Disconnect by user.")
L 02/18/2024 - 12:51:01: "[CAST] Ghost Lizard<18><STEAM_0:1:20336729><Spectator>" disconnected (reason "Disconnect by user.")
L 02/18/2024 - 12:51:21: "suna<15><STEAM_0:1:29157668><Spectator>" disconnected (reason "Disconnect by user.")
L 02/18/2024 - 12:52:47: "[AUX-] Oni<22><STEAM_ID_PENDING><>" connected, address "71.195.46.232:27005"
L 02/18/2024 - 12:52:48: "[AUX-] Oni<22><STEAM_0:1:10174276><>" STEAM USERID validated
L 02/18/2024 - 12:52:51: "[AUX-] Oni<22><STEAM_0:1:10174276><>" entered the game
L 02/18/2024 - 12:52:53: "[AUX-] Oni<22><STEAM_0:1:10174276><Unassigned>" joined team "Spectator"
L 02/18/2024 - 12:52:57: "[AUX-] Oni<22><STEAM_0:1:10174276><Spectator>" disconnected (reason "Disconnect by user.")
L 02/18/2024 - 12:54:34: "[AUX-] Phorce_Phed<23><STEAM_ID_PENDING><>" connected, address "97.94.76.225:35525"
L 02/18/2024 - 12:54:34: "[AUX-] Phorce_Phed<23><STEAM_0:1:9863507><>" STEAM USERID validated
L 02/18/2024 - 12:54:36: "[AUX-] Phorce_Phed<23><STEAM_0:1:9863507><>" entered the game
L 02/18/2024 - 12:54:39: "[AUX-] Phorce_Phed<23><STEAM_0:1:9863507><Unassigned>" joined team "Spectator"
L 02/18/2024 - 12:54:49: "[AUX-] Phorce_Phed<23><STEAM_0:1:9863507><Spectator>" disconnected (reason "Disconnect by user.")
L 02/18/2024 - 14:48:34: "Dummy<24><STEAM_ID_PENDING><>" connected, address "95.115.107.53:27005"
L 02/18/2024 - 14:48:34: "Dummy<24><STEAM_0:1:15299509><>" STEAM USERID validated
L 02/18/2024 - 14:48:40: "Dummy<24><STEAM_0:1:15299509><>" disconnected (reason "Disconnect by user.")
L 02/18/2024 - 14:48:42: "Dummy<25><STEAM_ID_PENDING><>" connected, address "95.115.107.53:27005"
L 02/18/2024 - 14:48:42: "Dummy<25><STEAM_0:1:15299509><>" STEAM USERID validated
L 02/18/2024 - 14:48:43: "Dummy<25><STEAM_0:1:15299509><>" entered the game
L 02/18/2024 - 14:48:46: "Dummy<25><STEAM_0:1:15299509><Unassigned>" joined team "Spectator"
L 02/18/2024 - 14:48:52: "Dummy<25><STEAM_0:1:15299509><Spectator>" joined team "Jinrai"
L 02/18/2024 - 14:49:14: "Dummy<25><STEAM_0:1:15299509><Jinrai>" disconnected (reason "Disconnect by user.")
L 02/18/2024 - 14:49:14: "Dummy<26><STEAM_ID_PENDING><>" connected, address "95.115.107.53:27005"
L 02/18/2024 - 14:49:14: "Dummy<26><STEAM_0:1:15299509><>" STEAM USERID validated
L 02/18/2024 - 14:49:16: "Dummy<26><STEAM_0:1:15299509><>" entered the game
L 02/18/2024 - 14:49:18: "Dummy<26><STEAM_0:1:15299509><Unassigned>" joined team "Spectator"
L 02/18/2024 - 14:56:21: "[ikko] The_Legoracer<27><STEAM_ID_PENDING><>" connected, address "212.251.230.238:27005"
L 02/18/2024 - 14:56:21: "[ikko] The_Legoracer<27><STEAM_0:1:38534131><>" STEAM USERID validated
L 02/18/2024 - 14:56:46: "[ikko] The_Legoracer<27><STEAM_0:1:38534131><>" entered the game
L 02/18/2024 - 14:57:43: "[Ikko] Shinra (Ikki)<28><STEAM_ID_PENDING><>" connected, address "162.254.47.5:27005"
L 02/18/2024 - 14:57:43: "[Ikko] Shinra (Ikki)<28><STEAM_0:0:17487274><>" STEAM USERID validated
L 02/18/2024 - 14:57:49: "[Ikko] Shinra (Ikki)<28><STEAM_0:0:17487274><>" entered the game
L 02/18/2024 - 14:57:52: "[Ikko] Shinra (Ikki)<28><STEAM_0:0:17487274><Unassigned>" joined team "Spectator"
L 02/18/2024 - 14:58:26: "Dummy<26><STEAM_0:1:15299509><Spectator>" joined team "Jinrai"
L 02/18/2024 - 14:58:40: "Dummy<26><STEAM_0:1:15299509><Jinrai>" disconnected (reason "Disconnect by user.")
L 02/18/2024 - 14:58:46: "[Ikko] Shinra (Ikki)<28><STEAM_0:0:17487274><Spectator>" joined team "Jinrai"
L 02/18/2024 - 14:59:00: "[ikko] The_Legoracer<27><STEAM_0:1:38534131><Unassigned>" joined team "Spectator"
L 02/18/2024 - 14:59:03: "[ikko] The_Legoracer<27><STEAM_0:1:38534131><Spectator>" disconnected (reason "Disconnect by user.")
L 02/18/2024 - 14:59:32: "[Ikko] Shinra (Ikki)<28><STEAM_0:0:17487274><Jinrai>" disconnected (reason "Disconnect by user.")
L 02/18/2024 - 17:58:04: "[DYS] bauxite<29><STEAM_ID_PENDING><>" connected, address "86.13.114.58:27005"
L 02/18/2024 - 17:58:04: "[DYS] bauxite<29><STEAM_0:0:5757747><>" STEAM USERID validated
L 02/18/2024 - 17:58:07: "[DYS] bauxite<29><STEAM_0:0:5757747><>" entered the game
L 02/18/2024 - 17:58:09: "[DYS] bauxite<29><STEAM_0:0:5757747><Unassigned>" joined team "Jinrai"
L 02/18/2024 - 17:58:35: "[DYS] bauxite<29><STEAM_0:0:5757747><Jinrai>" disconnected (reason "Disconnect by user.")
L 02/18/2024 - 18:13:36: "[DYS] Hosomi<30><STEAM_ID_PENDING><>" connected, address "51.14.135.38:27005"
L 02/18/2024 - 18:13:36: "[DYS] Hosomi<30><STEAM_0:0:51357353><>" STEAM USERID validated
L 02/18/2024 - 18:13:46: "[DYS] Hosomi<30><STEAM_0:0:51357353><>" entered the game
L 02/18/2024 - 18:13:49: "[DYS] Hosomi<30><STEAM_0:0:51357353><Unassigned>" joined team "Jinrai"
L 02/18/2024 - 18:14:08: [META] Loaded 0 plugins (1 already loaded)
L 02/18/2024 - 18:14:08: [META] Loaded 0 plugins (1 already loaded)
L 02/18/2024 - 18:14:08: Log file closed
