L 01/25/2024 - 20:10:21: Log file started (file "logs\L0125064.log") (game "z:\home\steam\steam\steamapps\common\nt\NeotokyoSource") (version "4044")
L 01/25/2024 - 20:10:21: server_cvar: "sv_pausable" "0"
L 01/25/2024 - 20:10:21: server_cvar: "sv_contact" "baux.site"
L 01/25/2024 - 20:10:21: server_cvar: "sv_gravity" "800"
L 01/25/2024 - 20:10:21: server_cvar: "mp_friendlyfire" "1"
L 01/25/2024 - 20:10:23: "suna<29><STEAM_0:1:29157668><>" entered the game
L 01/25/2024 - 20:10:24: "[GB] Puddy<33><STEAM_0:1:19453780><>" entered the game
L 01/25/2024 - 20:10:24: "[GB] Rain ☆彡<30><STEAM_0:0:15075092><>" entered the game
L 01/25/2024 - 20:10:25: "[DYS] bauxite<35><STEAM_ID_PENDING><>" connected, address "86.13.114.58:27005"
L 01/25/2024 - 20:10:25: "[DYS] bauxite<35><STEAM_0:0:5757747><>" STEAM USERID validated
L 01/25/2024 - 20:10:26: "[GB] Agiel<28><STEAM_0:1:25025><>" entered the game
L 01/25/2024 - 20:10:26: "soft as HELL<32><STEAM_0:1:14747705><>" entered the game
L 01/25/2024 - 20:10:27: "[DYS] Shazam<27><STEAM_0:1:59236187><>" entered the game
L 01/25/2024 - 20:10:28: "[DYS] Infrequent<25><STEAM_0:1:6384081><>" entered the game
L 01/25/2024 - 20:10:29: "[DYS] bauxite<35><STEAM_0:0:5757747><>" entered the game
L 01/25/2024 - 20:10:29: "[DYS] Hosomi<34><STEAM_0:0:51357353><>" entered the game
L 01/25/2024 - 20:10:29: "[DYS] xx<26><STEAM_0:0:8714446><>" entered the game
L 01/25/2024 - 20:10:30: "soft as HELL<32><STEAM_0:1:14747705><Unassigned>" joined team "Jinrai"
L 01/25/2024 - 20:10:31: "suna<29><STEAM_0:1:29157668><Unassigned>" joined team "NSF"
L 01/25/2024 - 20:10:31: "[GB] Puddy<33><STEAM_0:1:19453780><Unassigned>" joined team "Spectator"
L 01/25/2024 - 20:10:31: "[DYS] Infrequent<25><STEAM_0:1:6384081><Unassigned>" joined team "Spectator"
L 01/25/2024 - 20:10:31: "[DYS] Hosomi<34><STEAM_0:0:51357353><Unassigned>" joined team "Jinrai"
L 01/25/2024 - 20:10:32: "[GB] Agiel<28><STEAM_0:1:25025><Unassigned>" joined team "Spectator"
L 01/25/2024 - 20:10:35: "[DYS] Shazam<27><STEAM_0:1:59236187><Unassigned>" joined team "Jinrai"
L 01/25/2024 - 20:10:38: "[DYS] xx<26><STEAM_0:0:8714446><Unassigned>" joined team "Spectator"
L 01/25/2024 - 20:10:40: "[DYS] You're Pissed Off<31><STEAM_0:1:44658357><>" entered the game
L 01/25/2024 - 20:10:42: "[GB] Agiel<28><STEAM_0:1:25025><Spectator>" say "broken cubemaps, brb"
L 01/25/2024 - 20:10:44: "[GB] Agiel<28><STEAM_0:1:25025><Spectator>" disconnected (reason "Disconnect by user.")
L 01/25/2024 - 20:10:45: "[DYS] You're Pissed Off<31><STEAM_0:1:44658357><Unassigned>" joined team "Jinrai"
L 01/25/2024 - 20:10:45: "[BONK] 草<8><STEAM_0:1:39165168><>" entered the game
L 01/25/2024 - 20:10:45: "[GB] Rain ☆彡<30><STEAM_0:0:15075092><Unassigned>" joined team "NSF"
L 01/25/2024 - 20:10:49: "[DYS] bauxite<35><STEAM_0:0:5757747><Unassigned>" joined team "Spectator"
L 01/25/2024 - 20:11:05: "[BONK] 草<8><STEAM_0:1:39165168><Unassigned>" joined team "Spectator"
L 01/25/2024 - 20:12:20: "soft as HELL<32><STEAM_0:1:14747705><Jinrai>" committed suicide with "player"
L 01/25/2024 - 20:12:20: "soft as HELL<32><STEAM_0:1:14747705><Jinrai>" joined team "NSF"
L 01/25/2024 - 20:12:34: "[GB] Agiel<36><STEAM_ID_PENDING><>" connected, address "98.128.173.190:27005"
L 01/25/2024 - 20:12:34: "[GB] Agiel<36><STEAM_0:1:25025><>" STEAM USERID validated
L 01/25/2024 - 20:12:35: "[DYS] Infrequent<25><STEAM_0:1:6384081><Spectator>" say "!j"
L 01/25/2024 - 20:12:35: "[DYS] Infrequent<25><STEAM_0:1:6384081><Spectator>" joined team "Jinrai"
L 01/25/2024 - 20:12:38: "[FEET] syncer<37><STEAM_ID_PENDING><>" connected, address "86.158.221.59:27005"
L 01/25/2024 - 20:12:38: "[FEET] syncer<37><STEAM_0:0:88962302><>" STEAM USERID validated
L 01/25/2024 - 20:12:40: "[DYS] bauxite<35><STEAM_0:0:5757747><Spectator>" say "what do u mean infreq"
L 01/25/2024 - 20:12:43: "[GB] Agiel<36><STEAM_0:1:25025><>" entered the game
L 01/25/2024 - 20:12:45: "[FEET] syncer<37><STEAM_0:0:88962302><>" entered the game
L 01/25/2024 - 20:12:47: "[GB] Agiel<36><STEAM_0:1:25025><Unassigned>" joined team "NSF"
L 01/25/2024 - 20:12:57: "[DYS] bauxite<35><STEAM_0:0:5757747><Spectator>" say "!j"
L 01/25/2024 - 20:12:57: "[DYS] bauxite<35><STEAM_0:0:5757747><Spectator>" joined team "Jinrai"
L 01/25/2024 - 20:13:01: "[FEET] syncer<37><STEAM_0:0:88962302><Unassigned>" joined team "Spectator"
L 01/25/2024 - 20:13:06: "[DYS] bauxite<35><STEAM_0:0:5757747><Jinrai>" say_team "if im sitting out cant i do a 1 map strim"
L 01/25/2024 - 20:13:17: "[FEET] syncer<37><STEAM_0:0:88962302><Spectator>" changed name to "[cast?] syncer"
L 01/25/2024 - 20:13:25: "[DYS] bauxite<35><STEAM_0:0:5757747><Jinrai>" say_team "im spectating anyway"
L 01/25/2024 - 20:13:28: "[GB] Puddy<33><STEAM_0:1:19453780><Spectator>" joined team "NSF"
L 01/25/2024 - 20:13:31: "[DYS] bauxite<35><STEAM_0:0:5757747><Jinrai>" say "nvm then"
L 01/25/2024 - 20:13:35: "[DYS] bauxite<35><STEAM_0:0:5757747><Jinrai>" disconnected (reason "Disconnect by user.")
L 01/25/2024 - 20:13:43: "suna<29><STEAM_0:1:29157668><NSF>" say "can u decide whos playing"
L 01/25/2024 - 20:13:55: "suna<29><STEAM_0:1:29157668><NSF>" say "and the other pls leave"
L 01/25/2024 - 20:13:55: "[DYS] xx<26><STEAM_0:0:8714446><Spectator>" disconnected (reason "Disconnect by user.")
L 01/25/2024 - 20:14:04: "[GB] Rain ☆彡<30><STEAM_0:0:15075092><NSF>" say "i cant fit the anti baux and anti xx stratbooks in t he same table"
L 01/25/2024 - 20:14:10: "suna<29><STEAM_0:1:29157668><NSF>" say "^"
L 01/25/2024 - 20:14:54: "[GB] Agiel<36><STEAM_0:1:25025><NSF>" say "!ready"
L 01/25/2024 - 20:15:16: "[BONK] 草<8><STEAM_0:1:39165168><Spectator>" say "is it fine if i watch here?"
L 01/25/2024 - 20:15:30: "[GB] Agiel<36><STEAM_0:1:25025><NSF>" say "i don't think the rules allow it"
L 01/25/2024 - 20:15:30: "suna<29><STEAM_0:1:29157668><NSF>" say "if you cast you can watch"
L 01/25/2024 - 20:15:36: "[BONK] 草<8><STEAM_0:1:39165168><Spectator>" say "okay fair enough"
L 01/25/2024 - 20:15:37: "[BONK] 草<8><STEAM_0:1:39165168><Spectator>" say "glhf all"
L 01/25/2024 - 20:15:42: "[DYS] bauxite<38><STEAM_ID_PENDING><>" connected, address "86.13.114.58:27005"
L 01/25/2024 - 20:15:42: "[DYS] bauxite<38><STEAM_0:0:5757747><>" STEAM USERID validated
L 01/25/2024 - 20:15:42: "[BONK] 草<8><STEAM_0:1:39165168><Spectator>" disconnected (reason "Disconnect by user.")
L 01/25/2024 - 20:15:45: "[DYS] bauxite<38><STEAM_0:0:5757747><>" entered the game
L 01/25/2024 - 20:15:59: "[DYS] Infrequent<25><STEAM_0:1:6384081><Jinrai>" say "same goes for marter"
L 01/25/2024 - 20:16:06: "[DYS] bauxite<38><STEAM_0:0:5757747><Unassigned>" joined team "Jinrai"
L 01/25/2024 - 20:16:13: "[DYS] Hosomi<34><STEAM_0:0:51357353><Jinrai>" say "If you can get a streamer, you can cast"
L 01/25/2024 - 20:16:15: "[DYS] bauxite<38><STEAM_0:0:5757747><Jinrai>" say "sry marter theres no stream"
L 01/25/2024 - 20:16:17: "[DYS] Shazam<27><STEAM_0:1:59236187><>" disconnected (reason "Connection closing")
L 01/25/2024 - 20:16:17: "[DYS] Shazam<39><STEAM_ID_PENDING><>" connected, address "174.74.176.72:27005"
L 01/25/2024 - 20:16:17: "[DYS] Shazam<39><STEAM_0:1:59236187><>" STEAM USERID validated
L 01/25/2024 - 20:16:20: "[DYS] Shazam<39><STEAM_0:1:59236187><>" entered the game
L 01/25/2024 - 20:16:21: "[cast?] syncer<37><STEAM_0:0:88962302><Spectator>" say "ok i leave then"
L 01/25/2024 - 20:16:22: "[DYS] Shazam<39><STEAM_0:1:59236187><Unassigned>" joined team "Jinrai"
L 01/25/2024 - 20:16:23: "[cast?] syncer<37><STEAM_0:0:88962302><Spectator>" disconnected (reason "Disconnect by user.")
L 01/25/2024 - 20:16:28: "[DYS] Shazam<39><STEAM_0:1:59236187><Jinrai>" say "!ready"
L 01/25/2024 - 20:16:57: "[DYS] Infrequent<25><STEAM_0:1:6384081><Jinrai>" say "!ready"
L 01/25/2024 - 20:16:59: "[DYS] You're Pissed Off<31><STEAM_0:1:44658357><Jinrai>" say "!ready"
L 01/25/2024 - 20:17:05: "[DYS] Hosomi<34><STEAM_0:0:51357353><Jinrai>" say "!ready"
L 01/25/2024 - 20:17:14: "[DYS] Hosomi<34><STEAM_0:0:51357353><Jinrai>" say "!readylist"
L 01/25/2024 - 20:17:36: "suna<29><STEAM_0:1:29157668><NSF>" say "!readylist"
L 01/25/2024 - 20:17:44: "[DYS] Hosomi<34><STEAM_0:0:51357353><Jinrai>" say "WHOS NOT READY NOW HUH"
L 01/25/2024 - 20:17:47: "[DYS] Infrequent<25><STEAM_0:1:6384081><Jinrai>" say "!readylist"
L 01/25/2024 - 20:17:49: "[DYS] Hosomi<34><STEAM_0:0:51357353><Jinrai>" say ":3"
L 01/25/2024 - 20:17:51: "[DYS] bauxite<38><STEAM_0:0:5757747><Jinrai>" say "!ready"
L 01/25/2024 - 20:17:56: "[GB] Rain ☆彡<30><STEAM_0:0:15075092><NSF>" say "my body is ready"
L 01/25/2024 - 20:17:59: "suna<29><STEAM_0:1:29157668><NSF>" say "!"
L 01/25/2024 - 20:18:01: "[GB] Puddy<33><STEAM_0:1:19453780><NSF>" say "!ready"
L 01/25/2024 - 20:18:02: "[GB] Rain ☆彡<30><STEAM_0:0:15075092><NSF>" say "!ready"
L 01/25/2024 - 20:18:05: "[DYS] You're Pissed Off<31><STEAM_0:1:44658357><Jinrai>" say "ATTENTION GAMERS"
L 01/25/2024 - 20:18:06: "[DYS] Infrequent<25><STEAM_0:1:6384081><Jinrai>" say "gl hf"
L 01/25/2024 - 20:18:06: "[DYS] Hosomi<34><STEAM_0:0:51357353><Jinrai>" say "scandalous"
L 01/25/2024 - 20:18:11: "suna<29><STEAM_0:1:29157668><NSF>" say "!ready"
L 01/25/2024 - 20:18:12: "[DYS] bauxite<38><STEAM_0:0:5757747><Jinrai>" say "i will be ready when nevra is here to stream"
L 01/25/2024 - 20:18:16: "[GB] Rain ☆彡<30><STEAM_0:0:15075092><NSF>" say "glhf"
L 01/25/2024 - 20:18:20: "suna<29><STEAM_0:1:29157668><NSF>" say "glhf"
L 01/25/2024 - 20:18:20: "[DYS] bauxite<38><STEAM_0:0:5757747><Jinrai>" say "glhf"
L 01/25/2024 - 20:18:41: "[DYS] bauxite<38><STEAM_0:0:5757747><Jinrai>" say_team "Enemy is Behind"
L 01/25/2024 - 20:18:52: "soft as HELL<32><STEAM_0:1:14747705><NSF>" killed "[DYS] You're Pissed Off<31><STEAM_0:1:44658357><Jinrai>" with "zr68s"
L 01/25/2024 - 20:18:52: "[DYS] You're Pissed Off<31><STEAM_0:1:44658357><Jinrai>" say_team "100 Assault zr68s"
L 01/25/2024 - 20:18:59: "[GB] Agiel<36><STEAM_0:1:25025><NSF>" killed "[DYS] Hosomi<34><STEAM_0:0:51357353><Jinrai>" with "supa7"
L 01/25/2024 - 20:19:04: "suna<29><STEAM_0:1:29157668><NSF>" killed "[DYS] Shazam<39><STEAM_0:1:59236187><Jinrai>" with "srm"
L 01/25/2024 - 20:19:08: "[DYS] Hosomi<34><STEAM_0:0:51357353><Jinrai>" say "wtf"
L 01/25/2024 - 20:19:30: "[DYS] bauxite<38><STEAM_0:0:5757747><Jinrai>" killed "soft as HELL<32><STEAM_0:1:14747705><NSF>" with "supa7"
L 01/25/2024 - 20:19:30: "soft as HELL<32><STEAM_0:1:14747705><NSF>" say_team "99 Support supa7"
L 01/25/2024 - 20:19:31: "[GB] Puddy<33><STEAM_0:1:19453780><NSF>" killed "[DYS] bauxite<38><STEAM_0:0:5757747><Jinrai>" with "zr68s"
L 01/25/2024 - 20:19:31: "[DYS] bauxite<38><STEAM_0:0:5757747><Jinrai>" say_team "64 Assault zr68s"
L 01/25/2024 - 20:19:35: "[GB] Puddy<33><STEAM_0:1:19453780><NSF>" killed "[DYS] Infrequent<25><STEAM_0:1:6384081><Jinrai>" with "zr68s"
L 01/25/2024 - 20:19:35: "soft as HELL<32><STEAM_0:1:14747705><NSF>" triggered "kill_assist"
L 01/25/2024 - 20:19:40: "suna<29><STEAM_0:1:29157668><NSF>" say "!settings"
L 01/25/2024 - 20:19:45: "[GB] Rain ☆彡<30><STEAM_0:0:15075092><NSF>" say "!settings"
L 01/25/2024 - 20:19:48: "[GB] Puddy<33><STEAM_0:1:19453780><NSF>" say "!settings"
L 01/25/2024 - 20:19:55: "[DYS] bauxite<38><STEAM_0:0:5757747><Jinrai>" say "!settings"
L 01/25/2024 - 20:19:55: "[DYS] Hosomi<34><STEAM_0:0:51357353><Jinrai>" say "Settings?"
L 01/25/2024 - 20:20:02: "[DYS] bauxite<38><STEAM_0:0:5757747><Jinrai>" say "!pause"
L 01/25/2024 - 20:20:07: "[GB] Agiel<36><STEAM_0:1:25025><NSF>" say "uguu"
L 01/25/2024 - 20:20:07: "[DYS] Infrequent<25><STEAM_0:1:6384081><Jinrai>" say "crash"
L 01/25/2024 - 20:20:08: "[DYS] Hosomi<34><STEAM_0:0:51357353><Jinrai>" say "shazam crash"
L 01/25/2024 - 20:20:10: "suna<29><STEAM_0:1:29157668><NSF>" say "its all good"
L 01/25/2024 - 20:20:23: "[DYS] Shazam<39><STEAM_0:1:59236187><Jinrai>" disconnected (reason "[DYS] Shazam timed out")
L 01/25/2024 - 20:20:24: "[DYS] bauxite<38><STEAM_0:0:5757747><Jinrai>" say_team "no"
L 01/25/2024 - 20:20:25: "[DYS] Shazam<40><STEAM_ID_PENDING><>" connected, address "174.74.176.72:27005"
L 01/25/2024 - 20:20:25: "[DYS] Shazam<40><STEAM_0:1:59236187><>" STEAM USERID validated
L 01/25/2024 - 20:20:28: "[DYS] Shazam<40><STEAM_0:1:59236187><>" entered the game
L 01/25/2024 - 20:20:30: "[DYS] Shazam<40><STEAM_0:1:59236187><Unassigned>" joined team "Jinrai"
L 01/25/2024 - 20:20:44: "[GB] Agiel<36><STEAM_0:1:25025><NSF>" say "so is this a free tactical timeout?"
L 01/25/2024 - 20:20:48: "[DYS] Hosomi<34><STEAM_0:0:51357353><Jinrai>" say "ig so?"
L 01/25/2024 - 20:21:00: "[DYS] bauxite<38><STEAM_0:0:5757747><Jinrai>" say "shaz crashed"
L 01/25/2024 - 20:21:01: "[DYS] bauxite<38><STEAM_0:0:5757747><Jinrai>" say "he rejoined"
L 01/25/2024 - 20:21:07: "[GB] Agiel<36><STEAM_0:1:25025><NSF>" say "too ruffled by the initialn train wreck"
L 01/25/2024 - 20:22:09: "[GB] Agiel<36><STEAM_0:1:25025><NSF>" killed "[DYS] bauxite<38><STEAM_0:0:5757747><Jinrai>" with "zr68s"
L 01/25/2024 - 20:22:09: "[DYS] bauxite<38><STEAM_0:0:5757747><Jinrai>" say_team "77 Assault zr68s"
L 01/25/2024 - 20:22:10: "[DYS] You're Pissed Off<31><STEAM_0:1:44658357><Jinrai>" killed "[GB] Agiel<36><STEAM_0:1:25025><NSF>" with "zr68s"
L 01/25/2024 - 20:22:10: "[GB] Agiel<36><STEAM_0:1:25025><NSF>" say_team "84 Assault zr68s"
L 01/25/2024 - 20:22:47: "suna<29><STEAM_0:1:29157668><NSF>" killed "[DYS] Shazam<40><STEAM_0:1:59236187><Jinrai>" with "jittescoped"
L 01/25/2024 - 20:22:47: "[GB] Puddy<33><STEAM_0:1:19453780><NSF>" triggered "kill_assist"
L 01/25/2024 - 20:23:19: "[DYS] You're Pissed Off<31><STEAM_0:1:44658357><Jinrai>" killed "suna<29><STEAM_0:1:29157668><NSF>" with "zr68s"
L 01/25/2024 - 20:23:19: "suna<29><STEAM_0:1:29157668><NSF>" say_team "84 Assault zr68s"
L 01/25/2024 - 20:23:28: "[GB] Puddy<33><STEAM_0:1:19453780><NSF>" killed "[DYS] Infrequent<25><STEAM_0:1:6384081><Jinrai>" with "grenade_projectile"
L 01/25/2024 - 20:24:07: "soft as HELL<32><STEAM_0:1:14747705><NSF>" killed "[DYS] You're Pissed Off<31><STEAM_0:1:44658357><Jinrai>" with "zr68s"
L 01/25/2024 - 20:24:07: "[DYS] You're Pissed Off<31><STEAM_0:1:44658357><Jinrai>" say_team "100 Assault zr68s"
L 01/25/2024 - 20:24:44: "[DYS] bauxite<38><STEAM_0:0:5757747><Jinrai>" say_team "u can try fat too shaz if u want at some point"
L 01/25/2024 - 20:24:58: "suna<29><STEAM_0:1:29157668><NSF>" killed "[DYS] Shazam<40><STEAM_0:1:59236187><Jinrai>" with "mx"
L 01/25/2024 - 20:25:07: "[DYS] You're Pissed Off<31><STEAM_0:1:44658357><Jinrai>" killed "soft as HELL<32><STEAM_0:1:14747705><NSF>" with "zr68s"
L 01/25/2024 - 20:25:07: "soft as HELL<32><STEAM_0:1:14747705><NSF>" say_team "11 Assault zr68s"
L 01/25/2024 - 20:25:11: "[DYS] bauxite<38><STEAM_0:0:5757747><Jinrai>" killed "[GB] Puddy<33><STEAM_0:1:19453780><NSF>" with "zr68c"
L 01/25/2024 - 20:25:11: "[GB] Puddy<33><STEAM_0:1:19453780><NSF>" say_team "28 Support zr68c"
L 01/25/2024 - 20:25:19: "[GB] Rain ☆彡<30><STEAM_0:0:15075092><NSF>" killed "[DYS] Hosomi<34><STEAM_0:0:51357353><Jinrai>" with "zr68s"
L 01/25/2024 - 20:25:51: "suna<29><STEAM_0:1:29157668><NSF>" killed "[DYS] bauxite<38><STEAM_0:0:5757747><Jinrai>" with "mx"
L 01/25/2024 - 20:25:51: "[GB] Puddy<33><STEAM_0:1:19453780><NSF>" triggered "kill_assist"
L 01/25/2024 - 20:25:51: "[DYS] bauxite<38><STEAM_0:0:5757747><Jinrai>" say_team "39 Recon mx"
L 01/25/2024 - 20:25:52: "[DYS] You're Pissed Off<31><STEAM_0:1:44658357><Jinrai>" killed "suna<29><STEAM_0:1:29157668><NSF>" with "zr68s"
L 01/25/2024 - 20:25:52: "[DYS] Infrequent<25><STEAM_0:1:6384081><Jinrai>" triggered "kill_assist"
L 01/25/2024 - 20:25:52: "suna<29><STEAM_0:1:29157668><NSF>" say_team "11 Assault zr68s"
L 01/25/2024 - 20:26:00: "[GB] Rain ☆彡<30><STEAM_0:0:15075092><NSF>" killed "[DYS] You're Pissed Off<31><STEAM_0:1:44658357><Jinrai>" with "zr68s"
L 01/25/2024 - 20:26:00: "soft as HELL<32><STEAM_0:1:14747705><NSF>" triggered "kill_assist"
L 01/25/2024 - 20:26:00: "[DYS] You're Pissed Off<31><STEAM_0:1:44658357><Jinrai>" say_team "11 Assault zr68s"
L 01/25/2024 - 20:26:04: "[DYS] Infrequent<25><STEAM_0:1:6384081><Jinrai>" killed "[GB] Rain ☆彡<30><STEAM_0:0:15075092><NSF>" with "zr68s"
L 01/25/2024 - 20:26:04: "[DYS] You're Pissed Off<31><STEAM_0:1:44658357><Jinrai>" triggered "kill_assist"
L 01/25/2024 - 20:26:04: "[GB] Rain ☆彡<30><STEAM_0:0:15075092><NSF>" say_team "27 Assault zr68s"
L 01/25/2024 - 20:26:06: "[GB] Agiel<36><STEAM_0:1:25025><NSF>" killed "[DYS] Infrequent<25><STEAM_0:1:6384081><Jinrai>" with "jittescoped"
L 01/25/2024 - 20:26:06: "[GB] Rain ☆彡<30><STEAM_0:0:15075092><NSF>" triggered "kill_assist"
L 01/25/2024 - 20:27:14: "[DYS] bauxite<38><STEAM_0:0:5757747><Jinrai>" killed "[GB] Agiel<36><STEAM_0:1:25025><NSF>" with "zr68c"
L 01/25/2024 - 20:27:14: "[GB] Agiel<36><STEAM_0:1:25025><NSF>" say_team "11 Support zr68c"
L 01/25/2024 - 20:27:30: "suna<29><STEAM_0:1:29157668><NSF>" killed "[DYS] Infrequent<25><STEAM_0:1:6384081><Jinrai>" with "mx"
L 01/25/2024 - 20:27:31: "[DYS] You're Pissed Off<31><STEAM_0:1:44658357><Jinrai>" killed "[GB] Rain ☆彡<30><STEAM_0:0:15075092><NSF>" with "zr68s"
L 01/25/2024 - 20:27:31: "[GB] Rain ☆彡<30><STEAM_0:0:15075092><NSF>" say_team "100 Assault zr68s"
L 01/25/2024 - 20:27:34: "[GB] Puddy<33><STEAM_0:1:19453780><NSF>" killed "[DYS] You're Pissed Off<31><STEAM_0:1:44658357><Jinrai>" with "zr68s"
L 01/25/2024 - 20:27:34: "[DYS] You're Pissed Off<31><STEAM_0:1:44658357><Jinrai>" say_team "100 Assault zr68s"
L 01/25/2024 - 20:27:36: "[DYS] Shazam<40><STEAM_0:1:59236187><Jinrai>" killed "[GB] Puddy<33><STEAM_0:1:19453780><NSF>" with "srm"
L 01/25/2024 - 20:27:37: "[GB] Puddy<33><STEAM_0:1:19453780><NSF>" say_team "98 Recon srm"
L 01/25/2024 - 20:27:37: "suna<29><STEAM_0:1:29157668><NSF>" killed "[DYS] Hosomi<34><STEAM_0:0:51357353><Jinrai>" with "grenade_detapack"
L 01/25/2024 - 20:27:44: "soft as HELL<32><STEAM_0:1:14747705><NSF>" killed "[DYS] bauxite<38><STEAM_0:0:5757747><Jinrai>" with "zr68s"
L 01/25/2024 - 20:27:44: "[GB] Agiel<36><STEAM_0:1:25025><NSF>" triggered "kill_assist"
L 01/25/2024 - 20:27:44: "[DYS] bauxite<38><STEAM_0:0:5757747><Jinrai>" say_team "100 Assault zr68s"
L 01/25/2024 - 20:27:47: "[DYS] bauxite<38><STEAM_0:0:5757747><Jinrai>" say_team "2 office"
L 01/25/2024 - 20:28:20: "[DYS] bauxite<38><STEAM_0:0:5757747><Jinrai>" say_team "1 reco 1 assault"
L 01/25/2024 - 20:29:16: "[DYS] Shazam<40><STEAM_0:1:59236187><Jinrai>" killed "suna<29><STEAM_0:1:29157668><NSF>" with "zr68s"
L 01/25/2024 - 20:29:16: "suna<29><STEAM_0:1:29157668><NSF>" say_team "98 Recon zr68s"
L 01/25/2024 - 20:29:21: "[DYS] Shazam<40><STEAM_0:1:59236187><Jinrai>" killed "soft as HELL<32><STEAM_0:1:14747705><NSF>" with "zr68s"
L 01/25/2024 - 20:29:21: "soft as HELL<32><STEAM_0:1:14747705><NSF>" say_team "42 Recon zr68s"
L 01/25/2024 - 20:30:08: "[DYS] You're Pissed Off<31><STEAM_0:1:44658357><Jinrai>" killed "soft as HELL<32><STEAM_0:1:14747705><NSF>" with "zr68s"
L 01/25/2024 - 20:30:08: "soft as HELL<32><STEAM_0:1:14747705><NSF>" say_team "45 Assault zr68s"
L 01/25/2024 - 20:30:10: "soft as HELL<32><STEAM_0:1:14747705><NSF>" killed "[DYS] Shazam<40><STEAM_0:1:59236187><Jinrai>" with "grenade_projectile"
L 01/25/2024 - 20:30:10: "soft as HELL<32><STEAM_0:1:14747705><NSF>" killed "[DYS] You're Pissed Off<31><STEAM_0:1:44658357><Jinrai>" with "grenade_projectile"
L 01/25/2024 - 20:30:10: "[DYS] You're Pissed Off<31><STEAM_0:1:44658357><Jinrai>" say_team "1 Assault grenade_projectile"
L 01/25/2024 - 20:30:13: "[DYS] Infrequent<25><STEAM_0:1:6384081><Jinrai>" killed "suna<29><STEAM_0:1:29157668><NSF>" with "zr68s"
L 01/25/2024 - 20:30:13: "suna<29><STEAM_0:1:29157668><NSF>" say_team "18 Assault zr68s"
L 01/25/2024 - 20:30:22: "[DYS] bauxite<38><STEAM_0:0:5757747><Jinrai>" killed "[GB] Puddy<33><STEAM_0:1:19453780><NSF>" with "zr68c"
L 01/25/2024 - 20:30:22: "[GB] Puddy<33><STEAM_0:1:19453780><NSF>" say_team "18 Support zr68c"
L 01/25/2024 - 20:30:33: "[DYS] You're Pissed Off<31><STEAM_0:1:44658357><Jinrai>" say "sus bounce"
L 01/25/2024 - 20:30:47: "[DYS] Infrequent<25><STEAM_0:1:6384081><Jinrai>" killed "[GB] Agiel<36><STEAM_0:1:25025><NSF>" with "zr68s"
L 01/25/2024 - 20:30:47: "[DYS] bauxite<38><STEAM_0:0:5757747><Jinrai>" triggered "kill_assist"
L 01/25/2024 - 20:30:47: "[GB] Agiel<36><STEAM_0:1:25025><NSF>" say_team "18 Assault zr68s"
L 01/25/2024 - 20:31:15: "[GB] Rain ☆彡<30><STEAM_0:0:15075092><NSF>" killed "[DYS] Infrequent<25><STEAM_0:1:6384081><Jinrai>" with "zr68s"
L 01/25/2024 - 20:31:15: "suna<29><STEAM_0:1:29157668><NSF>" triggered "kill_assist"
L 01/25/2024 - 20:31:20: "[DYS] bauxite<38><STEAM_0:0:5757747><Jinrai>" killed "[GB] Rain ☆彡<30><STEAM_0:0:15075092><NSF>" with "zr68c"
L 01/25/2024 - 20:31:20: "[DYS] Infrequent<25><STEAM_0:1:6384081><Jinrai>" triggered "kill_assist"
L 01/25/2024 - 20:31:20: "[GB] Rain ☆彡<30><STEAM_0:0:15075092><NSF>" say_team "1 Support zr68c"
L 01/25/2024 - 20:31:40: "[DYS] bauxite<38><STEAM_0:0:5757747><Jinrai>" say_team "i have mx now"
L 01/25/2024 - 20:32:11: "[DYS] bauxite<38><STEAM_0:0:5757747><Jinrai>" say_team "Enemy in Front"
L 01/25/2024 - 20:32:21: "[DYS] bauxite<38><STEAM_0:0:5757747><Jinrai>" killed "[GB] Agiel<36><STEAM_0:1:25025><NSF>" with "mx"
L 01/25/2024 - 20:32:21: "[GB] Agiel<36><STEAM_0:1:25025><NSF>" say_team "91 Support mx"
L 01/25/2024 - 20:32:29: "soft as HELL<32><STEAM_0:1:14747705><NSF>" killed "[DYS] You're Pissed Off<31><STEAM_0:1:44658357><Jinrai>" with "mx"
L 01/25/2024 - 20:32:29: "[DYS] You're Pissed Off<31><STEAM_0:1:44658357><Jinrai>" say_team "100 Assault mx"
L 01/25/2024 - 20:32:31: "[DYS] Shazam<40><STEAM_0:1:59236187><Jinrai>" killed "soft as HELL<32><STEAM_0:1:14747705><NSF>" with "srm"
L 01/25/2024 - 20:32:31: "soft as HELL<32><STEAM_0:1:14747705><NSF>" say_team "100 Recon srm"
L 01/25/2024 - 20:32:57: "[DYS] Shazam<40><STEAM_0:1:59236187><Jinrai>" killed "suna<29><STEAM_0:1:29157668><NSF>" with "mx"
L 01/25/2024 - 20:32:57: "suna<29><STEAM_0:1:29157668><NSF>" say_team "40 Recon mx"
L 01/25/2024 - 20:33:03: "[GB] Rain ☆彡<30><STEAM_0:0:15075092><NSF>" killed "[DYS] bauxite<38><STEAM_0:0:5757747><Jinrai>" with "mx"
L 01/25/2024 - 20:33:03: "[DYS] bauxite<38><STEAM_0:0:5757747><Jinrai>" say_team "67 Support mx"
L 01/25/2024 - 20:33:07: "[DYS] bauxite<38><STEAM_0:0:5757747><Jinrai>" say_team "z and office"
L 01/25/2024 - 20:33:46: "[DYS] Shazam<40><STEAM_0:1:59236187><Jinrai>" killed "[GB] Puddy<33><STEAM_0:1:19453780><NSF>" with "mx"
L 01/25/2024 - 20:33:46: "[DYS] Hosomi<34><STEAM_0:0:51357353><Jinrai>" triggered "kill_assist"
L 01/25/2024 - 20:33:46: "[GB] Puddy<33><STEAM_0:1:19453780><NSF>" say_team "9 Recon mx"
L 01/25/2024 - 20:33:51: "[GB] Rain ☆彡<30><STEAM_0:0:15075092><NSF>" killed "[DYS] Shazam<40><STEAM_0:1:59236187><Jinrai>" with "mx"
L 01/25/2024 - 20:33:51: "suna<29><STEAM_0:1:29157668><NSF>" triggered "kill_assist"
L 01/25/2024 - 20:33:54: "[DYS] Hosomi<34><STEAM_0:0:51357353><Jinrai>" killed "[GB] Rain ☆彡<30><STEAM_0:0:15075092><NSF>" with "zr68s"
L 01/25/2024 - 20:33:54: "[DYS] Shazam<40><STEAM_0:1:59236187><Jinrai>" triggered "kill_assist"
L 01/25/2024 - 20:33:54: "[GB] Rain ☆彡<30><STEAM_0:0:15075092><NSF>" say_team "3 Support zr68s"
L 01/25/2024 - 20:34:12: "[DYS] Infrequent<25><STEAM_0:1:6384081><Jinrai>" disconnected (reason "Disconnect by user.")
L 01/25/2024 - 20:34:12: "[DYS] Infrequent<41><STEAM_ID_PENDING><>" connected, address "86.169.55.78:27005"
L 01/25/2024 - 20:34:12: "[DYS] Infrequent<41><STEAM_0:1:6384081><>" STEAM USERID validated
L 01/25/2024 - 20:34:14: "[DYS] Infrequent<41><STEAM_0:1:6384081><>" entered the game
L 01/25/2024 - 20:34:16: "[DYS] Infrequent<41><STEAM_0:1:6384081><Unassigned>" joined team "Jinrai"
L 01/25/2024 - 20:34:39: "[DYS] You're Pissed Off<31><STEAM_0:1:44658357><Jinrai>" killed "suna<29><STEAM_0:1:29157668><NSF>" with "zr68s"
L 01/25/2024 - 20:34:39: "suna<29><STEAM_0:1:29157668><NSF>" say_team "57 Assault zr68s"
L 01/25/2024 - 20:34:41: "[DYS] Infrequent<41><STEAM_0:1:6384081><Jinrai>" killed "[GB] Rain ☆彡<30><STEAM_0:0:15075092><NSF>" with "zr68s"
L 01/25/2024 - 20:34:41: "[GB] Rain ☆彡<30><STEAM_0:0:15075092><NSF>" say_team "100 Assault zr68s"
L 01/25/2024 - 20:34:42: "[DYS] You're Pissed Off<31><STEAM_0:1:44658357><Jinrai>" killed "soft as HELL<32><STEAM_0:1:14747705><NSF>" with "zr68s"
L 01/25/2024 - 20:34:43: "soft as HELL<32><STEAM_0:1:14747705><NSF>" say_team "4 Assault zr68s"
L 01/25/2024 - 20:34:56: "[DYS] You're Pissed Off<31><STEAM_0:1:44658357><Jinrai>" killed "[DYS] Shazam<40><STEAM_0:1:59236187><Jinrai>" with "zr68s"
L 01/25/2024 - 20:34:56: "[GB] Puddy<33><STEAM_0:1:19453780><NSF>" triggered "kill_assist"
L 01/25/2024 - 20:34:56: "[GB] Puddy<33><STEAM_0:1:19453780><NSF>" killed "[DYS] You're Pissed Off<31><STEAM_0:1:44658357><Jinrai>" with "mx"
L 01/25/2024 - 20:34:56: "soft as HELL<32><STEAM_0:1:14747705><NSF>" triggered "kill_assist"
L 01/25/2024 - 20:34:56: "[DYS] You're Pissed Off<31><STEAM_0:1:44658357><Jinrai>" say_team "100 Assault mx"
L 01/25/2024 - 20:35:00: "[DYS] bauxite<38><STEAM_0:0:5757747><Jinrai>" killed "[GB] Puddy<33><STEAM_0:1:19453780><NSF>" with "mx"
L 01/25/2024 - 20:35:01: "[GB] Puddy<33><STEAM_0:1:19453780><NSF>" say_team "100 Support mx"
L 01/25/2024 - 20:35:20: "[DYS] bauxite<38><STEAM_0:0:5757747><Jinrai>" killed "[GB] Agiel<36><STEAM_0:1:25025><NSF>" with "mx"
L 01/25/2024 - 20:35:20: "[GB] Agiel<36><STEAM_0:1:25025><NSF>" say_team "31 Support mx"
L 01/25/2024 - 20:36:25: "[DYS] bauxite<38><STEAM_0:0:5757747><Jinrai>" say_team "Enemy in Front"
L 01/25/2024 - 20:36:37: "[DYS] bauxite<38><STEAM_0:0:5757747><Jinrai>" say_team "office"
L 01/25/2024 - 20:36:39: "[DYS] Hosomi<34><STEAM_0:0:51357353><Jinrai>" killed "[GB] Puddy<33><STEAM_0:1:19453780><NSF>" with "mx"
L 01/25/2024 - 20:36:39: "[GB] Puddy<33><STEAM_0:1:19453780><NSF>" say_team "90 Support mx"
L 01/25/2024 - 20:36:43: "[DYS] You're Pissed Off<31><STEAM_0:1:44658357><Jinrai>" killed "[GB] Rain ☆彡<30><STEAM_0:0:15075092><NSF>" with "mx"
L 01/25/2024 - 20:36:43: "[DYS] Hosomi<34><STEAM_0:0:51357353><Jinrai>" triggered "kill_assist"
L 01/25/2024 - 20:36:43: "[GB] Rain ☆彡<30><STEAM_0:0:15075092><NSF>" say_team "100 Assault mx"
L 01/25/2024 - 20:36:44: "[GB] Agiel<36><STEAM_0:1:25025><NSF>" killed "[DYS] You're Pissed Off<31><STEAM_0:1:44658357><Jinrai>" with "mx"
L 01/25/2024 - 20:36:44: "[DYS] You're Pissed Off<31><STEAM_0:1:44658357><Jinrai>" say_team "23 Support mx"
L 01/25/2024 - 20:36:48: "suna<29><STEAM_0:1:29157668><NSF>" killed "[DYS] Shazam<40><STEAM_0:1:59236187><Jinrai>" with "mx"
L 01/25/2024 - 20:36:50: "suna<29><STEAM_0:1:29157668><NSF>" killed "[DYS] Infrequent<41><STEAM_0:1:6384081><Jinrai>" with "mx"
L 01/25/2024 - 20:36:50: "[GB] Rain ☆彡<30><STEAM_0:0:15075092><NSF>" triggered "kill_assist"
L 01/25/2024 - 20:36:51: "[DYS] Hosomi<34><STEAM_0:0:51357353><Jinrai>" killed "suna<29><STEAM_0:1:29157668><NSF>" with "mx"
L 01/25/2024 - 20:36:51: "suna<29><STEAM_0:1:29157668><NSF>" say_team "32 Support mx"
L 01/25/2024 - 20:36:53: "soft as HELL<32><STEAM_0:1:14747705><NSF>" killed "[DYS] Hosomi<34><STEAM_0:0:51357353><Jinrai>" with "mx"
L 01/25/2024 - 20:36:53: "suna<29><STEAM_0:1:29157668><NSF>" triggered "kill_assist"
L 01/25/2024 - 20:36:56: "soft as HELL<32><STEAM_0:1:14747705><NSF>" killed "[DYS] bauxite<38><STEAM_0:0:5757747><Jinrai>" with "mx"
L 01/25/2024 - 20:36:56: "[GB] Puddy<33><STEAM_0:1:19453780><NSF>" triggered "kill_assist"
L 01/25/2024 - 20:36:56: "[DYS] bauxite<38><STEAM_0:0:5757747><Jinrai>" say_team "48 Assault mx"
L 01/25/2024 - 20:37:04: "[DYS] bauxite<38><STEAM_0:0:5757747><Jinrai>" say_team "u shudnt let me solo"
L 01/25/2024 - 20:37:07: "[DYS] bauxite<38><STEAM_0:0:5757747><Jinrai>" say_team "u shuda come with me"
L 01/25/2024 - 20:37:50: "[DYS] bauxite<38><STEAM_0:0:5757747><Jinrai>" killed "[GB] Rain ☆彡<30><STEAM_0:0:15075092><NSF>" with "mx"
L 01/25/2024 - 20:37:50: "[GB] Rain ☆彡<30><STEAM_0:0:15075092><NSF>" say_team "39 Support mx"
L 01/25/2024 - 20:37:51: "soft as HELL<32><STEAM_0:1:14747705><NSF>" killed "[DYS] bauxite<38><STEAM_0:0:5757747><Jinrai>" with "mx"
L 01/25/2024 - 20:37:51: "[DYS] bauxite<38><STEAM_0:0:5757747><Jinrai>" say_team "32 Assault mx"
L 01/25/2024 - 20:37:55: "[DYS] bauxite<38><STEAM_0:0:5757747><Jinrai>" say_team "32 alt stairs"
L 01/25/2024 - 20:37:57: "suna<29><STEAM_0:1:29157668><NSF>" killed "[DYS] Infrequent<41><STEAM_0:1:6384081><Jinrai>" with "mx"
L 01/25/2024 - 20:38:13: "[DYS] bauxite<38><STEAM_0:0:5757747><Jinrai>" say_team "2 of them are low hp"
L 01/25/2024 - 20:38:56: "soft as HELL<32><STEAM_0:1:14747705><NSF>" killed "[DYS] You're Pissed Off<31><STEAM_0:1:44658357><Jinrai>" with "mx"
L 01/25/2024 - 20:38:56: "[DYS] You're Pissed Off<31><STEAM_0:1:44658357><Jinrai>" say_team "32 Assault mx"
L 01/25/2024 - 20:38:57: "[DYS] Shazam<40><STEAM_0:1:59236187><Jinrai>" killed "[GB] Puddy<33><STEAM_0:1:19453780><NSF>" with "zr68c"
L 01/25/2024 - 20:38:57: "[GB] Puddy<33><STEAM_0:1:19453780><NSF>" say_team "9 Recon zr68c"
L 01/25/2024 - 20:39:00: "suna<29><STEAM_0:1:29157668><NSF>" killed "[DYS] Shazam<40><STEAM_0:1:59236187><Jinrai>" with "milso"
L 01/25/2024 - 20:39:00: "[GB] Puddy<33><STEAM_0:1:19453780><NSF>" triggered "kill_assist"
L 01/25/2024 - 20:39:14: "[GB] Agiel<36><STEAM_0:1:25025><NSF>" killed "[DYS] Hosomi<34><STEAM_0:0:51357353><Jinrai>" with "mx"
L 01/25/2024 - 20:39:37: "[DYS] bauxite<38><STEAM_0:0:5757747><Jinrai>" say_team "im going small const"
L 01/25/2024 - 20:40:32: "[DYS] bauxite<38><STEAM_0:0:5757747><Jinrai>" say_team "det"
L 01/25/2024 - 20:40:33: "[DYS] bauxite<38><STEAM_0:0:5757747><Jinrai>" say_team "here"
L 01/25/2024 - 20:40:54: "[GB] Puddy<33><STEAM_0:1:19453780><NSF>" killed "[DYS] Hosomi<34><STEAM_0:0:51357353><Jinrai>" with "mx"
L 01/25/2024 - 20:41:02: "[DYS] bauxite<38><STEAM_0:0:5757747><Jinrai>" killed "[GB] Puddy<33><STEAM_0:1:19453780><NSF>" with "mx"
L 01/25/2024 - 20:41:02: "[GB] Puddy<33><STEAM_0:1:19453780><NSF>" say_team "41 Support mx"
L 01/25/2024 - 20:41:03: "[DYS] You're Pissed Off<31><STEAM_0:1:44658357><Jinrai>" killed "[GB] Agiel<36><STEAM_0:1:25025><NSF>" with "mx"
L 01/25/2024 - 20:41:03: "[GB] Agiel<36><STEAM_0:1:25025><NSF>" say_team "100 Assault mx"
L 01/25/2024 - 20:41:07: "soft as HELL<32><STEAM_0:1:14747705><NSF>" killed "[DYS] You're Pissed Off<31><STEAM_0:1:44658357><Jinrai>" with "mx"
L 01/25/2024 - 20:41:07: "[DYS] You're Pissed Off<31><STEAM_0:1:44658357><Jinrai>" say_team "100 Assault mx"
L 01/25/2024 - 20:41:09: "[DYS] Shazam<40><STEAM_0:1:59236187><Jinrai>" killed "soft as HELL<32><STEAM_0:1:14747705><NSF>" with "zr68c"
L 01/25/2024 - 20:41:09: "soft as HELL<32><STEAM_0:1:14747705><NSF>" say_team "97 Recon zr68c"
L 01/25/2024 - 20:41:12: "suna<29><STEAM_0:1:29157668><NSF>" killed "[DYS] Shazam<40><STEAM_0:1:59236187><Jinrai>" with "supa7"
L 01/25/2024 - 20:41:19: "suna<29><STEAM_0:1:29157668><NSF>" killed "[DYS] Infrequent<41><STEAM_0:1:6384081><Jinrai>" with "supa7"
L 01/25/2024 - 20:42:08: "suna<29><STEAM_0:1:29157668><NSF>" killed "[DYS] bauxite<38><STEAM_0:0:5757747><Jinrai>" with "mx"
L 01/25/2024 - 20:42:08: "[GB] Puddy<33><STEAM_0:1:19453780><NSF>" triggered "kill_assist"
L 01/25/2024 - 20:42:08: "[DYS] bauxite<38><STEAM_0:0:5757747><Jinrai>" say_team "58 Recon mx"
L 01/25/2024 - 20:42:55: "[GB] Puddy<33><STEAM_0:1:19453780><NSF>" killed "[DYS] Hosomi<34><STEAM_0:0:51357353><Jinrai>" with "grenade_projectile"
L 01/25/2024 - 20:43:02: "[DYS] bauxite<38><STEAM_0:0:5757747><Jinrai>" killed "suna<29><STEAM_0:1:29157668><NSF>" with "mx"
L 01/25/2024 - 20:43:02: "suna<29><STEAM_0:1:29157668><NSF>" say_team "1 Support mx"
L 01/25/2024 - 20:43:04: "[DYS] You're Pissed Off<31><STEAM_0:1:44658357><Jinrai>" killed "soft as HELL<32><STEAM_0:1:14747705><NSF>" with "mx"
L 01/25/2024 - 20:43:04: "soft as HELL<32><STEAM_0:1:14747705><NSF>" say_team "10 Assault mx"
L 01/25/2024 - 20:43:05: "[GB] Puddy<33><STEAM_0:1:19453780><NSF>" killed "[DYS] You're Pissed Off<31><STEAM_0:1:44658357><Jinrai>" with "mx"
L 01/25/2024 - 20:43:05: "soft as HELL<32><STEAM_0:1:14747705><NSF>" triggered "kill_assist"
L 01/25/2024 - 20:43:05: "[DYS] You're Pissed Off<31><STEAM_0:1:44658357><Jinrai>" say_team "18 Assault mx"
L 01/25/2024 - 20:43:07: "[DYS] Shazam<40><STEAM_0:1:59236187><Jinrai>" killed "[GB] Puddy<33><STEAM_0:1:19453780><NSF>" with "zr68c"
L 01/25/2024 - 20:43:07: "[DYS] Infrequent<41><STEAM_0:1:6384081><Jinrai>" triggered "kill_assist"
L 01/25/2024 - 20:43:07: "[GB] Puddy<33><STEAM_0:1:19453780><NSF>" say_team "39 Recon zr68c"
L 01/25/2024 - 20:43:15: "[DYS] bauxite<38><STEAM_0:0:5757747><Jinrai>" killed "[DYS] Shazam<40><STEAM_0:1:59236187><Jinrai>" with "mx"
L 01/25/2024 - 20:43:15: "[GB] Puddy<33><STEAM_0:1:19453780><NSF>" triggered "kill_assist"
L 01/25/2024 - 20:43:16: "[DYS] Infrequent<41><STEAM_0:1:6384081><Jinrai>" killed "[GB] Rain ☆彡<30><STEAM_0:0:15075092><NSF>" with "grenade_projectile"
L 01/25/2024 - 20:43:16: "[GB] Rain ☆彡<30><STEAM_0:0:15075092><NSF>" say_team "100 Assault grenade_projectile"
L 01/25/2024 - 20:43:23: "[GB] Agiel<36><STEAM_0:1:25025><NSF>" killed "[DYS] bauxite<38><STEAM_0:0:5757747><Jinrai>" with "mx"
L 01/25/2024 - 20:43:23: "suna<29><STEAM_0:1:29157668><NSF>" triggered "kill_assist"
L 01/25/2024 - 20:43:23: "[DYS] bauxite<38><STEAM_0:0:5757747><Jinrai>" say_team "100 Support mx"
L 01/25/2024 - 20:43:26: "[DYS] bauxite<38><STEAM_0:0:5757747><Jinrai>" say_team "office"
L 01/25/2024 - 20:43:34: "[DYS] Infrequent<41><STEAM_0:1:6384081><Jinrai>" killed "[GB] Agiel<36><STEAM_0:1:25025><NSF>" with "mx"
L 01/25/2024 - 20:43:37: "[DYS] bauxite<38><STEAM_0:0:5757747><Jinrai>" say_team "lmao shaz"
L 01/25/2024 - 20:43:39: "[DYS] bauxite<38><STEAM_0:0:5757747><Jinrai>" say_team "i was in thermals"
L 01/25/2024 - 20:43:40: "[GB] Agiel<36><STEAM_0:1:25025><NSF>" say_team "6 Assault mx"
L 01/25/2024 - 20:43:47: "[DYS] bauxite<38><STEAM_0:0:5757747><Jinrai>" say_team "yea"
L 01/25/2024 - 20:43:59: "[DYS] bauxite<38><STEAM_0:0:5757747><Jinrai>" say_team "thermals is too dark"
L 01/25/2024 - 20:44:37: "[DYS] bauxite<38><STEAM_0:0:5757747><Jinrai>" say_team "yea"
L 01/25/2024 - 20:44:54: "[DYS] bauxite<38><STEAM_0:0:5757747><Jinrai>" say_team "Enemy in Front"
L 01/25/2024 - 20:44:56: "[GB] Agiel<36><STEAM_0:1:25025><NSF>" killed "[DYS] You're Pissed Off<31><STEAM_0:1:44658357><Jinrai>" with "mx"
L 01/25/2024 - 20:44:56: "[DYS] You're Pissed Off<31><STEAM_0:1:44658357><Jinrai>" say_team "83 Support mx"
L 01/25/2024 - 20:45:01: "[DYS] Shazam<40><STEAM_0:1:59236187><Jinrai>" killed "soft as HELL<32><STEAM_0:1:14747705><NSF>" with "zr68c"
L 01/25/2024 - 20:45:01: "soft as HELL<32><STEAM_0:1:14747705><NSF>" say_team "25 Recon zr68c"
L 01/25/2024 - 20:45:03: "[GB] Agiel<36><STEAM_0:1:25025><NSF>" killed "[DYS] Shazam<40><STEAM_0:1:59236187><Jinrai>" with "mx"
L 01/25/2024 - 20:45:03: "soft as HELL<32><STEAM_0:1:14747705><NSF>" triggered "kill_assist"
L 01/25/2024 - 20:45:18: "[DYS] Hosomi<34><STEAM_0:0:51357353><Jinrai>" killed "[GB] Puddy<33><STEAM_0:1:19453780><NSF>" with "mx"
L 01/25/2024 - 20:45:18: "[GB] Puddy<33><STEAM_0:1:19453780><NSF>" say_team "86 Support mx"
L 01/25/2024 - 20:45:29: "[DYS] bauxite<38><STEAM_0:0:5757747><Jinrai>" killed "suna<29><STEAM_0:1:29157668><NSF>" with "mx"
L 01/25/2024 - 20:45:29: "suna<29><STEAM_0:1:29157668><NSF>" say_team "72 Support mx"
L 01/25/2024 - 20:45:53: "[DYS] bauxite<38><STEAM_0:0:5757747><Jinrai>" say_team "what if we drop"
L 01/25/2024 - 20:46:22: "[DYS] bauxite<38><STEAM_0:0:5757747><Jinrai>" killed "[GB] Agiel<36><STEAM_0:1:25025><NSF>" with "mx"
L 01/25/2024 - 20:46:22: "[DYS] Infrequent<41><STEAM_0:1:6384081><Jinrai>" triggered "kill_assist"
L 01/25/2024 - 20:46:22: "[GB] Agiel<36><STEAM_0:1:25025><NSF>" say_team "30 Support mx"
L 01/25/2024 - 20:46:23: "[GB] Rain ☆彡<30><STEAM_0:0:15075092><NSF>" killed "[DYS] bauxite<38><STEAM_0:0:5757747><Jinrai>" with "mx"
L 01/25/2024 - 20:46:24: "[DYS] bauxite<38><STEAM_0:0:5757747><Jinrai>" say_team "100 Assault mx"
L 01/25/2024 - 20:46:26: "[GB] Rain ☆彡<30><STEAM_0:0:15075092><NSF>" killed "[DYS] Hosomi<34><STEAM_0:0:51357353><Jinrai>" with "mx"
L 01/25/2024 - 20:46:28: "[DYS] Infrequent<41><STEAM_0:1:6384081><Jinrai>" killed "[GB] Rain ☆彡<30><STEAM_0:0:15075092><NSF>" with "tachi"
L 01/25/2024 - 20:46:28: "[DYS] Hosomi<34><STEAM_0:0:51357353><Jinrai>" triggered "kill_assist"
L 01/25/2024 - 20:46:28: "[GB] Rain ☆彡<30><STEAM_0:0:15075092><NSF>" say_team "71 Assault tachi"
L 01/25/2024 - 20:46:57: "[DYS] bauxite<38><STEAM_0:0:5757747><Jinrai>" say "!pause"
L 01/25/2024 - 20:46:57: "[DYS] You're Pissed Off<31><STEAM_0:1:44658357><Jinrai>" say "!pause"
L 01/25/2024 - 20:47:02: "[DYS] Hosomi<34><STEAM_0:0:51357353><Jinrai>" say "another crash"
L 01/25/2024 - 20:47:03: "[DYS] Infrequent<41><STEAM_0:1:6384081><Jinrai>" say "sorry, another crash"
L 01/25/2024 - 20:47:10: "[DYS] bauxite<38><STEAM_0:0:5757747><Jinrai>" say "need gofundme for shaz pc"
L 01/25/2024 - 20:47:13: "[GB] Agiel<36><STEAM_0:1:25025><NSF>" say "what's with the luck today"
L 01/25/2024 - 20:47:18: "[DYS] Shazam<40><STEAM_0:1:59236187><>" disconnected (reason "Connection closing")
L 01/25/2024 - 20:47:18: "[DYS] Shazam<42><STEAM_ID_PENDING><>" connected, address "174.74.176.72:27005"
L 01/25/2024 - 20:47:18: "[DYS] Shazam<42><STEAM_0:1:59236187><>" STEAM USERID validated
L 01/25/2024 - 20:47:21: "[DYS] Shazam<42><STEAM_0:1:59236187><>" entered the game
L 01/25/2024 - 20:47:23: "[DYS] Shazam<42><STEAM_0:1:59236187><Unassigned>" joined team "Jinrai"
L 01/25/2024 - 20:47:24: "[GB] Agiel<36><STEAM_0:1:25025><NSF>" say "i lagged out a the end a couple rounds ago"
L 01/25/2024 - 20:47:44: "[DYS] You're Pissed Off<31><STEAM_0:1:44658357><Jinrai>" say "!coin"
L 01/25/2024 - 20:47:48: "[DYS] Hosomi<34><STEAM_0:0:51357353><Jinrai>" say "!coin"
L 01/25/2024 - 20:47:58: "suna<29><STEAM_0:1:29157668><NSF>" say "done?"
L 01/25/2024 - 20:48:03: "[DYS] Infrequent<41><STEAM_0:1:6384081><Jinrai>" say "ye"
L 01/25/2024 - 20:48:07: "[DYS] You're Pissed Off<31><STEAM_0:1:44658357><Jinrai>" say "!coin"
L 01/25/2024 - 20:48:58: "[DYS] Shazam<42><STEAM_0:1:59236187><Jinrai>" disconnected (reason "[DYS] Shazam timed out")
L 01/25/2024 - 20:49:36: "[DYS] Infrequent<41><STEAM_0:1:6384081><Jinrai>" killed "[GB] Agiel<36><STEAM_0:1:25025><NSF>" with "grenade_projectile"
L 01/25/2024 - 20:49:36: "[GB] Agiel<36><STEAM_0:1:25025><NSF>" say_team "100 Assault grenade_projectile"
L 01/25/2024 - 20:49:45: "[GB] Puddy<33><STEAM_0:1:19453780><NSF>" killed "[DYS] bauxite<38><STEAM_0:0:5757747><Jinrai>" with "mx_silenced"
L 01/25/2024 - 20:49:45: "[DYS] bauxite<38><STEAM_0:0:5757747><Jinrai>" say_team "29 Assault mx_silenced"
L 01/25/2024 - 20:49:50: "[DYS] bauxite<38><STEAM_0:0:5757747><Jinrai>" say_team "29 pillars"
L 01/25/2024 - 20:50:11: "soft as HELL<32><STEAM_0:1:14747705><NSF>" killed "[DYS] You're Pissed Off<31><STEAM_0:1:44658357><Jinrai>" with "mx"
L 01/25/2024 - 20:50:11: "[DYS] You're Pissed Off<31><STEAM_0:1:44658357><Jinrai>" say_team "68 Assault mx"
L 01/25/2024 - 20:50:14: "[DYS] Hosomi<34><STEAM_0:0:51357353><Jinrai>" killed "soft as HELL<32><STEAM_0:1:14747705><NSF>" with "mx"
L 01/25/2024 - 20:50:14: "soft as HELL<32><STEAM_0:1:14747705><NSF>" say_team "100 Support mx"
L 01/25/2024 - 20:50:27: "[DYS] Hosomi<34><STEAM_0:0:51357353><Jinrai>" killed "[GB] Rain ☆彡<30><STEAM_0:0:15075092><NSF>" with "mx"
L 01/25/2024 - 20:50:27: "[GB] Rain ☆彡<30><STEAM_0:0:15075092><NSF>" say_team "44 Support mx"
L 01/25/2024 - 20:50:31: "[DYS] Infrequent<41><STEAM_0:1:6384081><Jinrai>" killed "suna<29><STEAM_0:1:29157668><NSF>" with "mx"
L 01/25/2024 - 20:50:31: "suna<29><STEAM_0:1:29157668><NSF>" say_team "66 Assault mx"
L 01/25/2024 - 20:50:38: "[DYS] Infrequent<41><STEAM_0:1:6384081><Jinrai>" killed "[GB] Puddy<33><STEAM_0:1:19453780><NSF>" with "mx"
L 01/25/2024 - 20:50:38: "[DYS] bauxite<38><STEAM_0:0:5757747><Jinrai>" triggered "kill_assist"
L 01/25/2024 - 20:50:38: "[GB] Puddy<33><STEAM_0:1:19453780><NSF>" say_team "66 Assault mx"
L 01/25/2024 - 20:50:45: "[DYS] Shazam<43><STEAM_ID_PENDING><>" connected, address "174.74.176.72:27005"
L 01/25/2024 - 20:50:45: "[DYS] Shazam<43><STEAM_0:1:59236187><>" STEAM USERID validated
L 01/25/2024 - 20:50:48: "[DYS] Shazam<43><STEAM_0:1:59236187><>" entered the game
L 01/25/2024 - 20:50:51: "[DYS] Shazam<43><STEAM_0:1:59236187><Unassigned>" joined team "Jinrai"
L 01/25/2024 - 20:51:03: "[DYS] bauxite<38><STEAM_0:0:5757747><Jinrai>" say_team "come const hos"
L 01/25/2024 - 20:51:17: "[GB] Rain ☆彡<30><STEAM_0:0:15075092><NSF>" killed "[DYS] You're Pissed Off<31><STEAM_0:1:44658357><Jinrai>" with "mx"
L 01/25/2024 - 20:51:17: "[DYS] You're Pissed Off<31><STEAM_0:1:44658357><Jinrai>" say_team "39 Assault mx"
L 01/25/2024 - 20:51:34: "[GB] Puddy<33><STEAM_0:1:19453780><NSF>" killed "[DYS] Shazam<43><STEAM_0:1:59236187><Jinrai>" with "mx_silenced"
L 01/25/2024 - 20:51:34: "suna<29><STEAM_0:1:29157668><NSF>" triggered "kill_assist"
L 01/25/2024 - 20:51:37: "[DYS] bauxite<38><STEAM_0:0:5757747><Jinrai>" say_team "Enemy in Front"
L 01/25/2024 - 20:51:45: "[GB] Agiel<36><STEAM_0:1:25025><NSF>" killed "[DYS] bauxite<38><STEAM_0:0:5757747><Jinrai>" with "mx"
L 01/25/2024 - 20:51:45: "[DYS] bauxite<38><STEAM_0:0:5757747><Jinrai>" say_team "35 Support mx"
L 01/25/2024 - 20:51:46: "[DYS] Infrequent<41><STEAM_0:1:6384081><Jinrai>" killed "suna<29><STEAM_0:1:29157668><NSF>" with "mx"
L 01/25/2024 - 20:51:46: "suna<29><STEAM_0:1:29157668><NSF>" say_team "100 Assault mx"
L 01/25/2024 - 20:51:49: "[DYS] bauxite<38><STEAM_0:0:5757747><Jinrai>" say_team "35 sup"
L 01/25/2024 - 20:51:56: "[DYS] bauxite<38><STEAM_0:0:5757747><Jinrai>" say_team "small const"
L 01/25/2024 - 20:51:57: "[DYS] Infrequent<41><STEAM_0:1:6384081><Jinrai>" killed "[GB] Puddy<33><STEAM_0:1:19453780><NSF>" with "mx"
L 01/25/2024 - 20:51:57: "[GB] Puddy<33><STEAM_0:1:19453780><NSF>" say_team "71 Assault mx"
L 01/25/2024 - 20:51:59: "[DYS] bauxite<38><STEAM_0:0:5757747><Jinrai>" say_team "he pushed"
L 01/25/2024 - 20:52:27: "[DYS] bauxite<38><STEAM_0:0:5757747><Jinrai>" disconnected (reason "Disconnect by user.")
L 01/25/2024 - 20:52:27: "[DYS] bauxite<44><STEAM_ID_PENDING><>" connected, address "86.13.114.58:27005"
L 01/25/2024 - 20:52:27: "[DYS] bauxite<44><STEAM_0:0:5757747><>" STEAM USERID validated
L 01/25/2024 - 20:52:28: "[DYS] bauxite<44><STEAM_0:0:5757747><>" entered the game
L 01/25/2024 - 20:52:30: "[DYS] bauxite<44><STEAM_0:0:5757747><Unassigned>" joined team "Jinrai"
L 01/25/2024 - 20:52:34: "[DYS] Infrequent<41><STEAM_0:1:6384081><Jinrai>" killed "[GB] Agiel<36><STEAM_0:1:25025><NSF>" with "mx"
L 01/25/2024 - 20:52:34: "[DYS] bauxite<44><STEAM_0:0:5757747><Jinrai>" triggered "kill_assist"
L 01/25/2024 - 20:52:34: "[GB] Agiel<36><STEAM_0:1:25025><NSF>" say_team "71 Assault mx"
L 01/25/2024 - 20:52:37: "soft as HELL<32><STEAM_0:1:14747705><NSF>" killed "[DYS] Hosomi<34><STEAM_0:0:51357353><Jinrai>" with "mx"
L 01/25/2024 - 20:53:03: "[DYS] Infrequent<41><STEAM_0:1:6384081><Jinrai>" killed "[GB] Rain ☆彡<30><STEAM_0:0:15075092><NSF>" with "mx"
L 01/25/2024 - 20:53:03: "[DYS] You're Pissed Off<31><STEAM_0:1:44658357><Jinrai>" triggered "kill_assist"
L 01/25/2024 - 20:53:03: "[GB] Rain ☆彡<30><STEAM_0:0:15075092><NSF>" say_team "51 Assault mx"
L 01/25/2024 - 20:53:58: "[DYS] You're Pissed Off<31><STEAM_0:1:44658357><Jinrai>" killed "suna<29><STEAM_0:1:29157668><NSF>" with "mx"
L 01/25/2024 - 20:53:59: "suna<29><STEAM_0:1:29157668><NSF>" say_team "100 Assault mx"
L 01/25/2024 - 20:54:06: "[GB] Agiel<36><STEAM_0:1:25025><NSF>" killed "[DYS] You're Pissed Off<31><STEAM_0:1:44658357><Jinrai>" with "mx"
L 01/25/2024 - 20:54:06: "[DYS] You're Pissed Off<31><STEAM_0:1:44658357><Jinrai>" say_team "80 Support mx"
L 01/25/2024 - 20:54:24: "[DYS] Hosomi<34><STEAM_0:0:51357353><Jinrai>" say "baguette baguette baguette"
L 01/25/2024 - 20:54:32: "[GB] Rain ☆彡<30><STEAM_0:0:15075092><NSF>" killed "[DYS] Infrequent<41><STEAM_0:1:6384081><Jinrai>" with "zr68c"
L 01/25/2024 - 20:54:36: "[DYS] Shazam<43><STEAM_0:1:59236187><Jinrai>" killed "[GB] Agiel<36><STEAM_0:1:25025><NSF>" with "zr68c"
L 01/25/2024 - 20:54:36: "[GB] Agiel<36><STEAM_0:1:25025><NSF>" say_team "7 Recon zr68c"
L 01/25/2024 - 20:54:50: "[DYS] bauxite<44><STEAM_0:0:5757747><Jinrai>" killed "[GB] Rain ☆彡<30><STEAM_0:0:15075092><NSF>" with "mx"
L 01/25/2024 - 20:54:50: "[GB] Rain ☆彡<30><STEAM_0:0:15075092><NSF>" say_team "62 Support mx"
L 01/25/2024 - 20:54:52: "soft as HELL<32><STEAM_0:1:14747705><NSF>" killed "[DYS] bauxite<44><STEAM_0:0:5757747><Jinrai>" with "mx"
L 01/25/2024 - 20:54:52: "[DYS] bauxite<44><STEAM_0:0:5757747><Jinrai>" say_team "72 Assault mx"
L 01/25/2024 - 20:54:55: "[DYS] bauxite<44><STEAM_0:0:5757747><Jinrai>" say_team "2 office"
L 01/25/2024 - 20:54:59: "[DYS] Hosomi<34><STEAM_0:0:51357353><Jinrai>" killed "soft as HELL<32><STEAM_0:1:14747705><NSF>" with "mx"
L 01/25/2024 - 20:54:59: "soft as HELL<32><STEAM_0:1:14747705><NSF>" say_team "100 Support mx"
L 01/25/2024 - 20:55:22: "[DYS] Hosomi<34><STEAM_0:0:51357353><Jinrai>" killed "[GB] Puddy<33><STEAM_0:1:19453780><NSF>" with "mx"
L 01/25/2024 - 20:55:22: "[DYS] Infrequent<41><STEAM_0:1:6384081><Jinrai>" triggered "kill_assist"
L 01/25/2024 - 20:55:22: "[GB] Puddy<33><STEAM_0:1:19453780><NSF>" say_team "89 Support mx"
L 01/25/2024 - 20:55:33: "suna<29><STEAM_0:1:29157668><NSF>" say "gg"
L 01/25/2024 - 20:55:36: "[DYS] Infrequent<41><STEAM_0:1:6384081><Jinrai>" say "gr"
L 01/25/2024 - 20:55:42: "[DYS] You're Pissed Off<31><STEAM_0:1:44658357><Jinrai>" say "gr"
L 01/25/2024 - 20:55:45: "[DYS] bauxite<44><STEAM_0:0:5757747><Jinrai>" say_team "fat suprmeacy"
L 01/25/2024 - 20:56:00: "[DYS] bauxite<44><STEAM_0:0:5757747><Jinrai>" say_team "i think ill sit out for xx on griddy"
L 01/25/2024 - 20:56:18: "[DYS] Infrequent<41><STEAM_0:1:6384081><Jinrai>" say "!sm_admin"
L 01/25/2024 - 20:56:24: [META] Loaded 0 plugins (1 already loaded)
L 01/25/2024 - 20:56:24: [META] Loaded 0 plugins (1 already loaded)
L 01/25/2024 - 20:56:24: Log file closed
