L 02/10/2024 - 19:43:23: Log file started (file "logs\L0210063.log") (game "z:\home\steam\steam\steamapps\common\nt\NeotokyoSource") (version "4044")
L 02/10/2024 - 19:43:23: server_cvar: "sv_pausable" "0"
L 02/10/2024 - 19:43:23: server_cvar: "sv_contact" "baux.site"
L 02/10/2024 - 19:43:23: server_cvar: "sv_gravity" "800"
L 02/10/2024 - 19:43:23: server_cvar: "mp_friendlyfire" "1"
L 02/10/2024 - 19:43:23: "Console<0><Console><Console>" say "yea"
L 02/10/2024 - 19:43:25: "[BONK] Masterkatze<19><STEAM_0:0:30137778><>" entered the game
L 02/10/2024 - 19:43:25: "[KOBA]ASBOJACK7H<11><STEAM_0:0:559133323><>" entered the game
L 02/10/2024 - 19:43:25: "[DYS] You're Pissed Off<5><STEAM_0:1:44658357><>" entered the game
L 02/10/2024 - 19:43:25: "[DYS] Infrequent<4><STEAM_0:1:6384081><>" entered the game
L 02/10/2024 - 19:43:25: "[DYS] bauxite<3><STEAM_0:0:5757747><>" entered the game
L 02/10/2024 - 19:43:25: "[CAST] Cold Lizard<6><STEAM_0:1:20336729><>" entered the game
L 02/10/2024 - 19:43:25: "[BONK] kinoko<18><STEAM_0:0:83067719><>" entered the game
L 02/10/2024 - 19:43:25: "[BONK] Ningurist<16><STEAM_0:0:156832755><>" entered the game
L 02/10/2024 - 19:43:25: "[Disembodied Camera] Oni<14><STEAM_0:1:10174276><>" entered the game
L 02/10/2024 - 19:43:25: "[BONK] 草<8><STEAM_0:1:39165168><>" entered the game
L 02/10/2024 - 19:43:25: "[DYS] Shazam<15><STEAM_0:1:59236187><>" entered the game
L 02/10/2024 - 19:43:26: "[DYS] xx<7><STEAM_0:0:8714446><>" entered the game
L 02/10/2024 - 19:43:27: "[BONK] Muffin-Dono<12><STEAM_0:1:42031632><>" entered the game
L 02/10/2024 - 19:43:27: "[DYS] Infrequent<4><STEAM_0:1:6384081><Unassigned>" joined team "NSF"
L 02/10/2024 - 19:43:27: "[DYS] You're Pissed Off<5><STEAM_0:1:44658357><Unassigned>" joined team "NSF"
L 02/10/2024 - 19:43:27: "[Disembodied Camera] Oni<14><STEAM_0:1:10174276><Unassigned>" joined team "Spectator"
L 02/10/2024 - 19:43:28: "[CAST] Cold Lizard<6><STEAM_0:1:20336729><Unassigned>" joined team "Spectator"
L 02/10/2024 - 19:43:28: "[BONK] kinoko<18><STEAM_0:0:83067719><Unassigned>" joined team "Jinrai"
L 02/10/2024 - 19:43:29: "[DYS] Shazam<15><STEAM_0:1:59236187><Unassigned>" joined team "NSF"
L 02/10/2024 - 19:43:29: "[KOBA]ASBOJACK7H<11><STEAM_0:0:559133323><Unassigned>" joined team "Spectator"
L 02/10/2024 - 19:43:30: "[BONK] Masterkatze<19><STEAM_0:0:30137778><Unassigned>" joined team "Jinrai"
L 02/10/2024 - 19:43:30: "[Disembodied Camera] Oni<14><STEAM_0:1:10174276><Spectator>" say "!setobserver"
L 02/10/2024 - 19:43:31: "[DYS] bauxite<3><STEAM_0:0:5757747><Unassigned>" joined team "NSF"
L 02/10/2024 - 19:43:32: "[BONK] Muffin-Dono<12><STEAM_0:1:42031632><Unassigned>" joined team "Jinrai"
L 02/10/2024 - 19:43:34: "[BONK] Ningurist<16><STEAM_0:0:156832755><Unassigned>" joined team "Jinrai"
L 02/10/2024 - 19:43:35: "[DYS] xx<7><STEAM_0:0:8714446><Unassigned>" joined team "NSF"
L 02/10/2024 - 19:43:36: "[DYS] bauxite<3><STEAM_0:0:5757747><NSF>" say "!ready"
L 02/10/2024 - 19:43:36: "[BONK] Muffin-Dono<12><STEAM_0:1:42031632><Jinrai>" say "!ready"
L 02/10/2024 - 19:43:45: "[DYS] Shazam<15><STEAM_0:1:59236187><NSF>" say "!ready"
L 02/10/2024 - 19:43:45: "[DYS] xx<7><STEAM_0:0:8714446><NSF>" say "!ready"
L 02/10/2024 - 19:43:46: "[BONK] 草<8><STEAM_0:1:39165168><Unassigned>" joined team "Jinrai"
L 02/10/2024 - 19:43:47: "[DYS] You're Pissed Off<5><STEAM_0:1:44658357><NSF>" say "!ready"
L 02/10/2024 - 19:43:48: "[DYS] Infrequent<4><STEAM_0:1:6384081><NSF>" say "!ready"
L 02/10/2024 - 19:43:56: "[BONK] Ningurist<16><STEAM_0:0:156832755><Jinrai>" say "1ready"
L 02/10/2024 - 19:43:57: "[BONK] Ningurist<16><STEAM_0:0:156832755><Jinrai>" say "!ready"
L 02/10/2024 - 19:43:59: "[BONK] Masterkatze<19><STEAM_0:0:30137778><Jinrai>" say "!ready"
L 02/10/2024 - 19:44:27: "[DYS] bauxite<3><STEAM_0:0:5757747><NSF>" say_team "!ready"
L 02/10/2024 - 19:44:29: "[Disembodied Camera] Oni<14><STEAM_0:1:10174276><Spectator>" say "1 damage zrs"
L 02/10/2024 - 19:44:29: "[DYS] bauxite<3><STEAM_0:0:5757747><NSF>" say "!readylist"
L 02/10/2024 - 19:44:52: "[KOBA]ASBOJACK7H<11><STEAM_0:0:559133323><Spectator>" changed name to "[KASTA]ASBOJACK7H"
L 02/10/2024 - 19:44:54: "[BONK] Muffin-Dono<12><STEAM_0:1:42031632><Jinrai>" say "!readylist"
L 02/10/2024 - 19:45:07: "[BONK] Ningurist<16><STEAM_0:0:156832755><Jinrai>" say_team "got it"
L 02/10/2024 - 19:45:08: "[KASTA]ASBOJACK7H<11><STEAM_0:0:559133323><Spectator>" say "!readylist"
L 02/10/2024 - 19:45:11: "[DYS] Infrequent<4><STEAM_0:1:6384081><NSF>" say "!readylist"
L 02/10/2024 - 19:45:15: "[DYS] bauxite<3><STEAM_0:0:5757747><NSF>" say_team "mx is stupid op"
L 02/10/2024 - 19:45:19: "[BONK] Ningurist<16><STEAM_0:0:156832755><Jinrai>" say "!readylist"
L 02/10/2024 - 19:45:20: "[DYS] bauxite<3><STEAM_0:0:5757747><NSF>" say "!readylist"
L 02/10/2024 - 19:45:23: "[BONK] Ningurist<16><STEAM_0:0:156832755><Jinrai>" say_team "gurashi"
L 02/10/2024 - 19:45:25: "[DYS] bauxite<3><STEAM_0:0:5757747><NSF>" say "grass"
L 02/10/2024 - 19:45:26: "[BONK] 草<8><STEAM_0:1:39165168><Jinrai>" say "!ready"
L 02/10/2024 - 19:45:32: "[DYS] bauxite<3><STEAM_0:0:5757747><NSF>" say "glhf"
L 02/10/2024 - 19:45:38: "[BONK] Ningurist<16><STEAM_0:0:156832755><Jinrai>" say_team "going big"
L 02/10/2024 - 19:46:04: "[DYS] Shazam<15><STEAM_0:1:59236187><>" disconnected (reason "Connection closing")
L 02/10/2024 - 19:46:04: "[DYS] Shazam<20><STEAM_ID_PENDING><>" connected, address "174.74.176.72:27005"
L 02/10/2024 - 19:46:04: "[DYS] Shazam<20><STEAM_0:1:59236187><>" STEAM USERID validated
L 02/10/2024 - 19:46:07: "[DYS] Shazam<20><STEAM_0:1:59236187><>" entered the game
L 02/10/2024 - 19:46:09: "[DYS] Shazam<20><STEAM_0:1:59236187><Unassigned>" joined team "NSF"
L 02/10/2024 - 19:46:25: "[BONK] Ningurist<16><STEAM_0:0:156832755><Jinrai>" say_team "cloak big"
L 02/10/2024 - 19:46:27: "[BONK] kinoko<18><STEAM_0:0:83067719><Jinrai>" killed "[DYS] xx<7><STEAM_0:0:8714446><NSF>" with "srm"
L 02/10/2024 - 19:46:27: "[DYS] Shazam<20><STEAM_0:1:59236187><NSF>" say "dumb game"
L 02/10/2024 - 19:46:28: "[DYS] Infrequent<4><STEAM_0:1:6384081><NSF>" killed "[BONK] 草<8><STEAM_0:1:39165168><Jinrai>" with "zr68s"
L 02/10/2024 - 19:46:28: "[BONK] 草<8><STEAM_0:1:39165168><Jinrai>" say_team "100 Assault zr68s"
L 02/10/2024 - 19:46:29: "[DYS] Shazam<20><STEAM_0:1:59236187><NSF>" say "crashed"
L 02/10/2024 - 19:46:30: "[DYS] Infrequent<4><STEAM_0:1:6384081><NSF>" killed "[BONK] kinoko<18><STEAM_0:0:83067719><Jinrai>" with "zr68s"
L 02/10/2024 - 19:46:30: "[BONK] kinoko<18><STEAM_0:0:83067719><Jinrai>" say_team "42 Assault zr68s"
L 02/10/2024 - 19:46:51: "[BONK] Ningurist<16><STEAM_0:0:156832755><Jinrai>" say_team "smoke not mine"
L 02/10/2024 - 19:47:05: "[BONK] Ningurist<16><STEAM_0:0:156832755><Jinrai>" say_team "yes"
L 02/10/2024 - 19:47:10: "[BONK] Ningurist<16><STEAM_0:0:156832755><Jinrai>" say_team "spawn"
L 02/10/2024 - 19:47:11: "[DYS] bauxite<3><STEAM_0:0:5757747><NSF>" say_team "Enemy in Front"
L 02/10/2024 - 19:47:17: "[BONK] Ningurist<16><STEAM_0:0:156832755><Jinrai>" say_team "near server"
L 02/10/2024 - 19:47:29: "[DYS] bauxite<3><STEAM_0:0:5757747><NSF>" say_team "Enemy in Front"
L 02/10/2024 - 19:47:37: "[DYS] Infrequent<4><STEAM_0:1:6384081><NSF>" killed "[BONK] Ningurist<16><STEAM_0:0:156832755><Jinrai>" with "zr68s"
L 02/10/2024 - 19:47:37: "[DYS] bauxite<3><STEAM_0:0:5757747><NSF>" triggered "kill_assist"
L 02/10/2024 - 19:47:37: "[BONK] Ningurist<16><STEAM_0:0:156832755><Jinrai>" say_team "42 Assault zr68s"
L 02/10/2024 - 19:47:39: "[BONK] Ningurist<16><STEAM_0:0:156832755><Jinrai>" say_team "one server"
L 02/10/2024 - 19:47:40: "[BONK] Ningurist<16><STEAM_0:0:156832755><Jinrai>" say_team "42 assault"
L 02/10/2024 - 19:47:43: "[BONK] Ningurist<16><STEAM_0:0:156832755><Jinrai>" say_team "+ support"
L 02/10/2024 - 19:47:44: "[BONK] Ningurist<16><STEAM_0:0:156832755><Jinrai>" say_team "wounded"
L 02/10/2024 - 19:47:44: "[DYS] bauxite<3><STEAM_0:0:5757747><NSF>" say_team "tie it"
L 02/10/2024 - 19:47:45: "[BONK] Ningurist<16><STEAM_0:0:156832755><Jinrai>" say_team "also server"
L 02/10/2024 - 19:47:46: "[BONK] Ningurist<16><STEAM_0:0:156832755><Jinrai>" say_team "supa"
L 02/10/2024 - 19:47:46: "[DYS] bauxite<3><STEAM_0:0:5757747><NSF>" say_team "or no"
L 02/10/2024 - 19:47:48: "[DYS] bauxite<3><STEAM_0:0:5757747><NSF>" say_team "im low"
L 02/10/2024 - 19:47:50: "[BONK] Ningurist<16><STEAM_0:0:156832755><Jinrai>" say_team "baux -77 hp"
L 02/10/2024 - 19:47:57: "[DYS] You're Pissed Off<5><STEAM_0:1:44658357><NSF>" killed "[BONK] Muffin-Dono<12><STEAM_0:1:42031632><Jinrai>" with "zr68s"
L 02/10/2024 - 19:47:57: "[DYS] Infrequent<4><STEAM_0:1:6384081><NSF>" triggered "kill_assist"
L 02/10/2024 - 19:48:05: "[DYS] You're Pissed Off<5><STEAM_0:1:44658357><NSF>" killed "[BONK] Masterkatze<19><STEAM_0:0:30137778><Jinrai>" with "zr68s"
L 02/10/2024 - 19:48:11: "[DYS] bauxite<3><STEAM_0:0:5757747><NSF>" say_team "nice one bro"
L 02/10/2024 - 19:48:16: "[BONK] Ningurist<16><STEAM_0:0:156832755><Jinrai>" say_team "any change of plans for me?"
L 02/10/2024 - 19:48:26: "[BONK] Ningurist<16><STEAM_0:0:156832755><Jinrai>" say_team "i know"
L 02/10/2024 - 19:48:28: "[BONK] Ningurist<16><STEAM_0:0:156832755><Jinrai>" say_team "ok"
L 02/10/2024 - 19:48:43: "[BONK] 草<8><STEAM_0:1:39165168><Jinrai>" say "!pause"
L 02/10/2024 - 19:48:44: "[BONK] kinoko<18><STEAM_0:0:83067719><Jinrai>" disconnected (reason "Disconnect by user.")
L 02/10/2024 - 19:48:44: "[BONK] kinoko<21><STEAM_ID_PENDING><>" connected, address "213.219.122.223:27005"
L 02/10/2024 - 19:48:44: "[BONK] kinoko<21><STEAM_0:0:83067719><>" STEAM USERID validated
L 02/10/2024 - 19:48:46: "[BONK] kinoko<21><STEAM_0:0:83067719><>" entered the game
L 02/10/2024 - 19:48:48: "[BONK] kinoko<21><STEAM_0:0:83067719><Unassigned>" joined team "Jinrai"
L 02/10/2024 - 19:49:08: "[DYS] bauxite<3><STEAM_0:0:5757747><NSF>" say_team "shud we grab ghost and go info"
L 02/10/2024 - 19:49:37: "[DYS] bauxite<3><STEAM_0:0:5757747><NSF>" say_team "lets go fork?"
L 02/10/2024 - 19:50:26: "[DYS] bauxite<3><STEAM_0:0:5757747><NSF>" say_team "2 spawn"
L 02/10/2024 - 19:50:28: "[DYS] bauxite<3><STEAM_0:0:5757747><NSF>" say_team "3"
L 02/10/2024 - 19:50:31: "[DYS] You're Pissed Off<5><STEAM_0:1:44658357><NSF>" killed "[BONK] kinoko<21><STEAM_0:0:83067719><Jinrai>" with "zr68s"
L 02/10/2024 - 19:50:31: "[BONK] kinoko<21><STEAM_0:0:83067719><Jinrai>" say_team "8 Assault zr68s"
L 02/10/2024 - 19:50:37: "[BONK] Masterkatze<19><STEAM_0:0:30137778><Jinrai>" killed "[DYS] bauxite<3><STEAM_0:0:5757747><NSF>" with "zr68c"
L 02/10/2024 - 19:50:37: "[DYS] bauxite<3><STEAM_0:0:5757747><NSF>" say_team "68 Support zr68c"
L 02/10/2024 - 19:50:44: "[DYS] bauxite<3><STEAM_0:0:5757747><NSF>" say_team "its gonna be hard"
L 02/10/2024 - 19:50:47: "[BONK] Ningurist<16><STEAM_0:0:156832755><Jinrai>" killed "[DYS] xx<7><STEAM_0:0:8714446><NSF>" with "zr68c"
L 02/10/2024 - 19:50:47: "[BONK] kinoko<21><STEAM_0:0:83067719><Jinrai>" triggered "kill_assist"
L 02/10/2024 - 19:50:48: "[DYS] bauxite<3><STEAM_0:0:5757747><NSF>" say_team "remember we can tie"
L 02/10/2024 - 19:51:02: "[BONK] Masterkatze<19><STEAM_0:0:30137778><Jinrai>" killed "[DYS] Shazam<20><STEAM_0:1:59236187><NSF>" with "zr68c"
L 02/10/2024 - 19:51:02: "[BONK] Muffin-Dono<12><STEAM_0:1:42031632><Jinrai>" triggered "kill_assist"
L 02/10/2024 - 19:51:11: "[BONK] Ningurist<16><STEAM_0:0:156832755><Jinrai>" say_team "need more point"
L 02/10/2024 - 19:51:17: "[BONK] kinoko<21><STEAM_0:0:83067719><Jinrai>" say "!unpause"
L 02/10/2024 - 19:51:20: "[BONK] kinoko<21><STEAM_0:0:83067719><Jinrai>" say "!unpause"
L 02/10/2024 - 19:51:22: "[DYS] bauxite<3><STEAM_0:0:5757747><NSF>" say "!unpause"
L 02/10/2024 - 19:51:26: "[BONK] kinoko<21><STEAM_0:0:83067719><Jinrai>" say "2"
L 02/10/2024 - 19:51:32: "[BONK] kinoko<21><STEAM_0:0:83067719><Jinrai>" say "is it live?"
L 02/10/2024 - 19:51:35: "[DYS] bauxite<3><STEAM_0:0:5757747><NSF>" say "no"
L 02/10/2024 - 19:51:37: "[DYS] Infrequent<4><STEAM_0:1:6384081><NSF>" say "it's paused"
L 02/10/2024 - 19:51:37: "[DYS] bauxite<3><STEAM_0:0:5757747><NSF>" say "it is paused"
L 02/10/2024 - 19:51:39: "[Disembodied Camera] Oni<14><STEAM_0:1:10174276><Spectator>" say "nl"
L 02/10/2024 - 19:51:41: "[BONK] Ningurist<16><STEAM_0:0:156832755><Jinrai>" say "!unpause"
L 02/10/2024 - 19:51:44: "[DYS] bauxite<3><STEAM_0:0:5757747><NSF>" say "!unpause"
L 02/10/2024 - 19:51:46: "[BONK] Muffin-Dono<12><STEAM_0:1:42031632><Jinrai>" say ":I"
L 02/10/2024 - 19:51:48: "[DYS] Infrequent<4><STEAM_0:1:6384081><NSF>" say "please dont spam the unpause"
L 02/10/2024 - 19:52:04: "[DYS] bauxite<3><STEAM_0:0:5757747><NSF>" say "its live"
L 02/10/2024 - 19:52:04: "[Disembodied Camera] Oni<14><STEAM_0:1:10174276><Spectator>" say "live"
L 02/10/2024 - 19:52:07: "[BONK] Ningurist<16><STEAM_0:0:156832755><Jinrai>" say_team "going big"
L 02/10/2024 - 19:52:57: "[DYS] bauxite<3><STEAM_0:0:5757747><NSF>" say_team "Enemy in Front"
L 02/10/2024 - 19:53:11: "[DYS] bauxite<3><STEAM_0:0:5757747><NSF>" say_team "im 11 hp"
L 02/10/2024 - 19:53:12: "[DYS] bauxite<3><STEAM_0:0:5757747><NSF>" say_team "Enemy in Front"
L 02/10/2024 - 19:53:15: "[DYS] bauxite<3><STEAM_0:0:5757747><NSF>" say_team "shaz has it"
L 02/10/2024 - 19:53:31: "[DYS] bauxite<3><STEAM_0:0:5757747><NSF>" say_team "Enemy in Front"
L 02/10/2024 - 19:53:41: "[DYS] You're Pissed Off<5><STEAM_0:1:44658357><NSF>" killed "[BONK] Muffin-Dono<12><STEAM_0:1:42031632><Jinrai>" with "zr68s"
L 02/10/2024 - 19:53:46: "[BONK] Ningurist<16><STEAM_0:0:156832755><Jinrai>" say_team "katze"
L 02/10/2024 - 19:53:48: "[BONK] Ningurist<16><STEAM_0:0:156832755><Jinrai>" say_team "lets smoke and push"
L 02/10/2024 - 19:54:00: "[DYS] Infrequent<4><STEAM_0:1:6384081><NSF>" killed "[BONK] Masterkatze<19><STEAM_0:0:30137778><Jinrai>" with "zr68s"
L 02/10/2024 - 19:54:05: "[BONK] 草<8><STEAM_0:1:39165168><Jinrai>" killed "[DYS] bauxite<3><STEAM_0:0:5757747><NSF>" with "zr68s"
L 02/10/2024 - 19:54:06: "[DYS] bauxite<3><STEAM_0:0:5757747><NSF>" say_team "100 Assault zr68s"
L 02/10/2024 - 19:54:08: "[DYS] bauxite<3><STEAM_0:0:5757747><NSF>" say_team "server"
L 02/10/2024 - 19:54:08: "[BONK] 草<8><STEAM_0:1:39165168><Jinrai>" killed "[DYS] Shazam<20><STEAM_0:1:59236187><NSF>" with "zr68s"
L 02/10/2024 - 19:54:17: "[BONK] Muffin-Dono<12><STEAM_0:1:42031632><Jinrai>" say "man this is tough"
L 02/10/2024 - 19:54:22: "[BONK] 草<8><STEAM_0:1:39165168><Jinrai>" killed "[DYS] xx<7><STEAM_0:0:8714446><NSF>" with "zr68s"
L 02/10/2024 - 19:54:26: "[DYS] You're Pissed Off<5><STEAM_0:1:44658357><NSF>" killed "[BONK] 草<8><STEAM_0:1:39165168><Jinrai>" with "zr68s"
L 02/10/2024 - 19:54:26: "[BONK] 草<8><STEAM_0:1:39165168><Jinrai>" say_team "51 Assault zr68s"
L 02/10/2024 - 19:54:37: "[BONK] Masterkatze<19><STEAM_0:0:30137778><Jinrai>" say_team "yeah, too much comms for me to process c:"
L 02/10/2024 - 19:54:55: "[DYS] Infrequent<4><STEAM_0:1:6384081><NSF>" killed "[BONK] Ningurist<16><STEAM_0:0:156832755><Jinrai>" with "zr68s"
L 02/10/2024 - 19:54:55: "[BONK] Ningurist<16><STEAM_0:0:156832755><Jinrai>" say_team "32 Assault zr68s"
L 02/10/2024 - 19:54:59: "[BONK] kinoko<21><STEAM_0:0:83067719><Jinrai>" say "zzzzzzd"
L 02/10/2024 - 19:55:04: "[BONK] Ningurist<16><STEAM_0:0:156832755><Jinrai>" say_team "not sure which side of spawn it was"
L 02/10/2024 - 19:55:57: "[DYS] bauxite<3><STEAM_0:0:5757747><NSF>" say_team "Enemy in Front"
L 02/10/2024 - 19:56:45: "[BONK] Ningurist<16><STEAM_0:0:156832755><Jinrai>" killed "[DYS] bauxite<3><STEAM_0:0:5757747><NSF>" with "zr68c"
L 02/10/2024 - 19:56:45: "[DYS] bauxite<3><STEAM_0:0:5757747><NSF>" say_team "25 Support zr68c"
L 02/10/2024 - 19:56:47: "[DYS] Shazam<20><STEAM_0:1:59236187><NSF>" killed "[BONK] Ningurist<16><STEAM_0:0:156832755><Jinrai>" with "zr68c"
L 02/10/2024 - 19:56:47: "[DYS] bauxite<3><STEAM_0:0:5757747><NSF>" triggered "kill_assist"
L 02/10/2024 - 19:56:47: "[BONK] Ningurist<16><STEAM_0:0:156832755><Jinrai>" say_team "78 Support zr68c"
L 02/10/2024 - 19:56:49: "[BONK] Ningurist<16><STEAM_0:0:156832755><Jinrai>" say_team "78"
L 02/10/2024 - 19:56:49: "[BONK] Masterkatze<19><STEAM_0:0:30137778><Jinrai>" killed "[DYS] Shazam<20><STEAM_0:1:59236187><NSF>" with "zr68c"
L 02/10/2024 - 19:56:53: "[DYS] xx<7><STEAM_0:0:8714446><NSF>" killed "[BONK] Masterkatze<19><STEAM_0:0:30137778><Jinrai>" with "grenade_projectile"
L 02/10/2024 - 19:56:53: "[DYS] Shazam<20><STEAM_0:1:59236187><NSF>" triggered "kill_assist"
L 02/10/2024 - 19:57:10: "[BONK] kinoko<21><STEAM_0:0:83067719><Jinrai>" killed "[DYS] xx<7><STEAM_0:0:8714446><NSF>" with "grenade_projectile"
L 02/10/2024 - 19:57:18: "[BONK] Ningurist<16><STEAM_0:0:156832755><Jinrai>" say_team "i need one more point!!!"
L 02/10/2024 - 19:57:22: "[BONK] Ningurist<16><STEAM_0:0:156832755><Jinrai>" say_team "i crave my mx"
L 02/10/2024 - 19:57:27: "[DYS] bauxite<3><STEAM_0:0:5757747><NSF>" say_team "3 left"
L 02/10/2024 - 19:58:04: "[DYS] Infrequent<4><STEAM_0:1:6384081><NSF>" killed "[BONK] Muffin-Dono<12><STEAM_0:1:42031632><Jinrai>" with "mx"
L 02/10/2024 - 19:58:10: "[DYS] Infrequent<4><STEAM_0:1:6384081><NSF>" killed "[BONK] 草<8><STEAM_0:1:39165168><Jinrai>" with "mx"
L 02/10/2024 - 19:58:10: "[DYS] You're Pissed Off<5><STEAM_0:1:44658357><NSF>" triggered "kill_assist"
L 02/10/2024 - 19:58:10: "[BONK] 草<8><STEAM_0:1:39165168><Jinrai>" say_team "100 Assault mx"
L 02/10/2024 - 19:59:15: "[DYS] Shazam<20><STEAM_0:1:59236187><NSF>" killed "[BONK] Masterkatze<19><STEAM_0:0:30137778><Jinrai>" with "zr68c"
L 02/10/2024 - 19:59:15: "[DYS] bauxite<3><STEAM_0:0:5757747><NSF>" triggered "kill_assist"
L 02/10/2024 - 19:59:17: "[BONK] Ningurist<16><STEAM_0:0:156832755><Jinrai>" killed "[DYS] bauxite<3><STEAM_0:0:5757747><NSF>" with "zr68c"
L 02/10/2024 - 19:59:17: "[BONK] Masterkatze<19><STEAM_0:0:30137778><Jinrai>" triggered "kill_assist"
L 02/10/2024 - 19:59:18: "[DYS] bauxite<3><STEAM_0:0:5757747><NSF>" say_team "56 Support zr68c"
L 02/10/2024 - 19:59:28: "[BONK] Ningurist<16><STEAM_0:0:156832755><Jinrai>" say_team "Enemy ahead of me!"
L 02/10/2024 - 19:59:37: "[DYS] bauxite<3><STEAM_0:0:5757747><NSF>" say_team "support is half hp big or spiral"
L 02/10/2024 - 19:59:53: "[DYS] Infrequent<4><STEAM_0:1:6384081><NSF>" killed "[BONK] Ningurist<16><STEAM_0:0:156832755><Jinrai>" with "mx"
L 02/10/2024 - 19:59:53: "[BONK] Ningurist<16><STEAM_0:0:156832755><Jinrai>" say_team "100 Assault mx"
L 02/10/2024 - 19:59:57: "[BONK] 草<8><STEAM_0:1:39165168><Jinrai>" killed "[DYS] xx<7><STEAM_0:0:8714446><NSF>" with "mx"
L 02/10/2024 - 19:59:57: "[BONK] Ningurist<16><STEAM_0:0:156832755><Jinrai>" say_team "server hall"
L 02/10/2024 - 19:59:58: "[BONK] Masterkatze<19><STEAM_0:0:30137778><Jinrai>" say "wtf is this sudden black fadeout"
L 02/10/2024 - 20:00:01: "[BONK] Ningurist<16><STEAM_0:0:156832755><Jinrai>" say_team "100 mx"
L 02/10/2024 - 20:00:05: "[DYS] bauxite<3><STEAM_0:0:5757747><NSF>" say "are u on wifi"
L 02/10/2024 - 20:00:10: "[BONK] Ningurist<16><STEAM_0:0:156832755><Jinrai>" say_team "shazam is down by 42 hp support"
L 02/10/2024 - 20:00:11: "[DYS] bauxite<3><STEAM_0:0:5757747><NSF>" say "connection issue?"
L 02/10/2024 - 20:00:29: "[BONK] Masterkatze<19><STEAM_0:0:30137778><Jinrai>" say "y, but it's 5ghz very stable wifi"
L 02/10/2024 - 20:00:48: "[DYS] Infrequent<4><STEAM_0:1:6384081><NSF>" killed "[BONK] 草<8><STEAM_0:1:39165168><Jinrai>" with "mx"
L 02/10/2024 - 20:00:48: "[BONK] 草<8><STEAM_0:1:39165168><Jinrai>" say_team "100 Assault mx"
L 02/10/2024 - 20:00:58: "[BONK] Ningurist<16><STEAM_0:0:156832755><Jinrai>" say "!settings"
L 02/10/2024 - 20:01:08: "[DYS] Infrequent<4><STEAM_0:1:6384081><NSF>" killed "[BONK] kinoko<21><STEAM_0:0:83067719><Jinrai>" with "mx"
L 02/10/2024 - 20:01:08: "[BONK] Ningurist<16><STEAM_0:0:156832755><Jinrai>" say_team "i got my point"
L 02/10/2024 - 20:01:08: "[BONK] kinoko<21><STEAM_0:0:83067719><Jinrai>" say_team "38 Assault mx"
L 02/10/2024 - 20:01:10: "[DYS] You're Pissed Off<5><STEAM_0:1:44658357><NSF>" killed "[BONK] Muffin-Dono<12><STEAM_0:1:42031632><Jinrai>" with "zr68s"
L 02/10/2024 - 20:01:10: "[BONK] Ningurist<16><STEAM_0:0:156832755><Jinrai>" say_team "im satisfied now"
L 02/10/2024 - 20:01:18: "[DYS] bauxite<3><STEAM_0:0:5757747><NSF>" say_team "we're using the rng plugin too"
L 02/10/2024 - 20:01:26: "[BONK] Muffin-Dono<12><STEAM_0:1:42031632><Jinrai>" say_team "they are getting poitns"
L 02/10/2024 - 20:01:44: "[DYS] Infrequent<4><STEAM_0:1:6384081><NSF>" killed "[BONK] kinoko<21><STEAM_0:0:83067719><Jinrai>" with "mx"
L 02/10/2024 - 20:01:44: "[BONK] kinoko<21><STEAM_0:0:83067719><Jinrai>" say_team "32 Assault mx"
L 02/10/2024 - 20:01:52: "[DYS] Shazam<20><STEAM_0:1:59236187><NSF>" killed "[BONK] Masterkatze<19><STEAM_0:0:30137778><Jinrai>" with "mx"
L 02/10/2024 - 20:01:57: "[DYS] bauxite<3><STEAM_0:0:5757747><NSF>" say_team "Enemy in Front"
L 02/10/2024 - 20:01:59: "[DYS] bauxite<3><STEAM_0:0:5757747><NSF>" say_team "I'm going in!"
L 02/10/2024 - 20:02:07: "[BONK] 草<8><STEAM_0:1:39165168><Jinrai>" killed "[DYS] bauxite<3><STEAM_0:0:5757747><NSF>" with "zr68s"
L 02/10/2024 - 20:02:07: "[DYS] bauxite<3><STEAM_0:0:5757747><NSF>" say_team "49 Assault zr68s"
L 02/10/2024 - 20:02:11: "[BONK] Ningurist<16><STEAM_0:0:156832755><Jinrai>" say_team "2 server"
L 02/10/2024 - 20:02:11: "[DYS] bauxite<3><STEAM_0:0:5757747><NSF>" say_team "1 server stairs"
L 02/10/2024 - 20:02:13: "[BONK] Ningurist<16><STEAM_0:0:156832755><Jinrai>" say_team "one of them down"
L 02/10/2024 - 20:02:40: "[BONK] Ningurist<16><STEAM_0:0:156832755><Jinrai>" say_team "server clear"
L 02/10/2024 - 20:03:05: "[BONK] 草<8><STEAM_0:1:39165168><Jinrai>" killed "[DYS] You're Pissed Off<5><STEAM_0:1:44658357><NSF>" with "mx"
L 02/10/2024 - 20:03:05: "[DYS] You're Pissed Off<5><STEAM_0:1:44658357><NSF>" say_team "49 Assault mx"
L 02/10/2024 - 20:03:21: "[BONK] Ningurist<16><STEAM_0:0:156832755><Jinrai>" say_team "big i think?"
L 02/10/2024 - 20:03:22: "[DYS] bauxite<3><STEAM_0:0:5757747><NSF>" say_team "its 3v3 i think we drop perhaps"
L 02/10/2024 - 20:03:31: "[DYS] Shazam<20><STEAM_0:1:59236187><NSF>" killed "[BONK] Ningurist<16><STEAM_0:0:156832755><Jinrai>" with "mx"
L 02/10/2024 - 20:03:31: "[BONK] Ningurist<16><STEAM_0:0:156832755><Jinrai>" say_team "65 Support mx"
L 02/10/2024 - 20:03:33: "[BONK] Ningurist<16><STEAM_0:0:156832755><Jinrai>" say_team "spiral"
L 02/10/2024 - 20:03:40: "[BONK] Muffin-Dono<12><STEAM_0:1:42031632><Jinrai>" killed "[DYS] Shazam<20><STEAM_0:1:59236187><NSF>" with "mx"
L 02/10/2024 - 20:03:40: "[BONK] 草<8><STEAM_0:1:39165168><Jinrai>" triggered "kill_assist"
L 02/10/2024 - 20:03:45: "[BONK] Ningurist<16><STEAM_0:0:156832755><Jinrai>" say_team "you got him"
L 02/10/2024 - 20:03:55: "[BONK] Ningurist<16><STEAM_0:0:156832755><Jinrai>" say_team "baux -50 hp"
L 02/10/2024 - 20:03:56: "[BONK] Ningurist<16><STEAM_0:0:156832755><Jinrai>" say_team "support"
L 02/10/2024 - 20:03:59: "[BONK] Ningurist<16><STEAM_0:0:156832755><Jinrai>" say_team "ok"
L 02/10/2024 - 20:04:17: "[BONK] 草<8><STEAM_0:1:39165168><Jinrai>" killed "[DYS] xx<7><STEAM_0:0:8714446><NSF>" with "mx"
L 02/10/2024 - 20:04:17: "[BONK] Muffin-Dono<12><STEAM_0:1:42031632><Jinrai>" triggered "kill_assist"
L 02/10/2024 - 20:04:38: "[DYS] bauxite<3><STEAM_0:0:5757747><NSF>" say_team "try the network setting strat"
L 02/10/2024 - 20:04:54: "[BONK] Ningurist<16><STEAM_0:0:156832755><Jinrai>" say_team "Position acquired."
L 02/10/2024 - 20:05:18: "[BONK] Ningurist<16><STEAM_0:0:156832755><Jinrai>" killed "[DYS] bauxite<3><STEAM_0:0:5757747><NSF>" with "mx"
L 02/10/2024 - 20:05:18: "[DYS] bauxite<3><STEAM_0:0:5757747><NSF>" say_team "50 Support mx"
L 02/10/2024 - 20:05:21: "[BONK] Ningurist<16><STEAM_0:0:156832755><Jinrai>" say_team "ojne more"
L 02/10/2024 - 20:05:22: "[BONK] Ningurist<16><STEAM_0:0:156832755><Jinrai>" say_team "server"
L 02/10/2024 - 20:05:26: "[DYS] bauxite<3><STEAM_0:0:5757747><NSF>" say_team "sup big 50"
L 02/10/2024 - 20:05:48: "[BONK] Ningurist<16><STEAM_0:0:156832755><Jinrai>" say_team "I'm low."
L 02/10/2024 - 20:05:51: "[BONK] kinoko<21><STEAM_0:0:83067719><Jinrai>" killed "[DYS] Shazam<20><STEAM_0:1:59236187><NSF>" with "srm"
L 02/10/2024 - 20:05:52: "[DYS] xx<7><STEAM_0:0:8714446><NSF>" killed "[BONK] kinoko<21><STEAM_0:0:83067719><Jinrai>" with "zr68s"
L 02/10/2024 - 20:05:52: "[BONK] kinoko<21><STEAM_0:0:83067719><Jinrai>" say_team "100 Assault zr68s"
L 02/10/2024 - 20:05:58: "[BONK] Masterkatze<19><STEAM_0:0:30137778><Jinrai>" killed "[DYS] xx<7><STEAM_0:0:8714446><NSF>" with "mx"
L 02/10/2024 - 20:05:59: "[DYS] xx<7><STEAM_0:0:8714446><NSF>" killed "[BONK] Ningurist<16><STEAM_0:0:156832755><Jinrai>" with "grenade_projectile"
L 02/10/2024 - 20:05:59: "[BONK] Ningurist<16><STEAM_0:0:156832755><Jinrai>" say_team "1 Assault grenade_projectile"
L 02/10/2024 - 20:06:00: "[DYS] Infrequent<4><STEAM_0:1:6384081><NSF>" killed "[BONK] Masterkatze<19><STEAM_0:0:30137778><Jinrai>" with "mx"
L 02/10/2024 - 20:06:03: "[BONK] Ningurist<16><STEAM_0:0:156832755><Jinrai>" say_team "2v2"
L 02/10/2024 - 20:06:30: "[DYS] xx<7><STEAM_0:0:8714446><NSF>" disconnected (reason "Disconnect by user.")
L 02/10/2024 - 20:06:30: "[DYS] xx<22><STEAM_ID_PENDING><>" connected, address "91.125.85.98:27005"
L 02/10/2024 - 20:06:30: "[DYS] xx<22><STEAM_0:0:8714446><>" STEAM USERID validated
L 02/10/2024 - 20:06:31: "[DYS] bauxite<3><STEAM_0:0:5757747><NSF>" disconnected (reason "Disconnect by user.")
L 02/10/2024 - 20:06:31: "[DYS] xx<22><STEAM_0:0:8714446><>" entered the game
L 02/10/2024 - 20:06:33: "[DYS] bauxite<23><STEAM_ID_PENDING><>" connected, address "86.13.114.58:27005"
L 02/10/2024 - 20:06:33: "[DYS] bauxite<23><STEAM_0:0:5757747><>" STEAM USERID validated
L 02/10/2024 - 20:06:33: "[DYS] xx<22><STEAM_0:0:8714446><Unassigned>" joined team "NSF"
L 02/10/2024 - 20:06:34: "[DYS] bauxite<23><STEAM_0:0:5757747><>" entered the game
L 02/10/2024 - 20:06:36: "[DYS] bauxite<23><STEAM_0:0:5757747><Unassigned>" joined team "NSF"
L 02/10/2024 - 20:06:48: "[DYS] Infrequent<4><STEAM_0:1:6384081><NSF>" killed "[BONK] Muffin-Dono<12><STEAM_0:1:42031632><Jinrai>" with "mx"
L 02/10/2024 - 20:06:48: "[DYS] You're Pissed Off<5><STEAM_0:1:44658357><NSF>" triggered "kill_assist"
L 02/10/2024 - 20:06:55: "[BONK] Muffin-Dono<12><STEAM_0:1:42031632><Jinrai>" say_team "22"
L 02/10/2024 - 20:06:57: "[BONK] 草<8><STEAM_0:1:39165168><Jinrai>" killed "[DYS] Infrequent<4><STEAM_0:1:6384081><NSF>" with "zr68s"
L 02/10/2024 - 20:06:57: "[BONK] Masterkatze<19><STEAM_0:0:30137778><Jinrai>" triggered "kill_assist"
L 02/10/2024 - 20:07:00: "[DYS] bauxite<23><STEAM_0:0:5757747><NSF>" say_team "lets try to win with 1-0"
L 02/10/2024 - 20:07:06: "[BONK] Ningurist<16><STEAM_0:0:156832755><Jinrai>" say_team "infrequent is one point away from 20"
L 02/10/2024 - 20:07:06: "[BONK] 草<8><STEAM_0:1:39165168><Jinrai>" killed "[DYS] You're Pissed Off<5><STEAM_0:1:44658357><NSF>" with "zr68s"
L 02/10/2024 - 20:07:07: "[DYS] You're Pissed Off<5><STEAM_0:1:44658357><NSF>" say_team "43 Assault zr68s"
L 02/10/2024 - 20:07:09: "[DYS] bauxite<23><STEAM_0:0:5757747><NSF>" say_team "we need to meme"
L 02/10/2024 - 20:07:11: "[BONK] Muffin-Dono<12><STEAM_0:1:42031632><Jinrai>" say_team "we should be using ghost more"
L 02/10/2024 - 20:07:23: "[BONK] Ningurist<16><STEAM_0:0:156832755><Jinrai>" say_team "maybe we should be a bit more mobile"
L 02/10/2024 - 20:07:26: "[BONK] Ningurist<16><STEAM_0:0:156832755><Jinrai>" say_team "not as aggressive but mobile"
L 02/10/2024 - 20:07:26: "[BONK] Muffin-Dono<12><STEAM_0:1:42031632><Jinrai>" say_team "we have close ghsot use it please"
L 02/10/2024 - 20:07:27: "[DYS] bauxite<23><STEAM_0:0:5757747><NSF>" say_team "i can give mx for zrs"
L 02/10/2024 - 20:08:19: "[BONK] Masterkatze<19><STEAM_0:0:30137778><Jinrai>" killed "[DYS] Shazam<20><STEAM_0:1:59236187><NSF>" with "mx"
L 02/10/2024 - 20:08:46: "[BONK] kinoko<21><STEAM_0:0:83067719><Jinrai>" disconnected (reason "[BONK] kinoko timed out")
L 02/10/2024 - 20:08:49: "[BONK] Ningurist<16><STEAM_0:0:156832755><Jinrai>" killed "[DYS] bauxite<23><STEAM_0:0:5757747><NSF>" with "mx"
L 02/10/2024 - 20:08:49: "[DYS] bauxite<23><STEAM_0:0:5757747><NSF>" say_team "75 Support mx"
L 02/10/2024 - 20:08:54: "[BONK] Masterkatze<19><STEAM_0:0:30137778><Jinrai>" killed "[DYS] Infrequent<4><STEAM_0:1:6384081><NSF>" with "mx"
L 02/10/2024 - 20:08:58: "[BONK] 草<8><STEAM_0:1:39165168><Jinrai>" killed "[DYS] xx<22><STEAM_0:0:8714446><NSF>" with "mx"
L 02/10/2024 - 20:09:04: "[BONK] kinoko<24><STEAM_ID_PENDING><>" connected, address "213.219.122.223:27005"
L 02/10/2024 - 20:09:04: "[BONK] kinoko<24><STEAM_0:0:83067719><>" STEAM USERID validated
L 02/10/2024 - 20:09:06: "[BONK] kinoko<24><STEAM_0:0:83067719><>" entered the game
L 02/10/2024 - 20:09:09: "[BONK] kinoko<24><STEAM_0:0:83067719><Unassigned>" joined team "Jinrai"
L 02/10/2024 - 20:09:15: "[BONK] 草<8><STEAM_0:1:39165168><Jinrai>" killed "[DYS] You're Pissed Off<5><STEAM_0:1:44658357><NSF>" with "mx"
L 02/10/2024 - 20:09:15: "[BONK] Masterkatze<19><STEAM_0:0:30137778><Jinrai>" triggered "kill_assist"
L 02/10/2024 - 20:09:15: "[DYS] You're Pissed Off<5><STEAM_0:1:44658357><NSF>" say_team "100 Assault mx"
L 02/10/2024 - 20:09:19: "[DYS] bauxite<23><STEAM_0:0:5757747><NSF>" disconnected (reason "Disconnect by user.")
L 02/10/2024 - 20:09:20: "[DYS] bauxite<25><STEAM_ID_PENDING><>" connected, address "86.13.114.58:27005"
L 02/10/2024 - 20:09:20: "[DYS] bauxite<25><STEAM_0:0:5757747><>" STEAM USERID validated
L 02/10/2024 - 20:09:21: "[DYS] bauxite<25><STEAM_0:0:5757747><>" entered the game
L 02/10/2024 - 20:09:23: "[DYS] bauxite<25><STEAM_0:0:5757747><Unassigned>" joined team "NSF"
L 02/10/2024 - 20:09:30: "[BONK] Muffin-Dono<12><STEAM_0:1:42031632><Jinrai>" say "this gamer is so fucking cursed"
L 02/10/2024 - 20:09:32: "[BONK] Muffin-Dono<12><STEAM_0:1:42031632><Jinrai>" say "game*"
L 02/10/2024 - 20:09:43: "[BONK] Ningurist<16><STEAM_0:0:156832755><Jinrai>" say_team "ghost warehouse"
L 02/10/2024 - 20:10:35: "[DYS] Shazam<20><STEAM_0:1:59236187><NSF>" killed "[BONK] Ningurist<16><STEAM_0:0:156832755><Jinrai>" with "mx"
L 02/10/2024 - 20:10:35: "[BONK] Ningurist<16><STEAM_0:0:156832755><Jinrai>" say_team "100 Support mx"
L 02/10/2024 - 20:10:37: "[BONK] Ningurist<16><STEAM_0:0:156832755><Jinrai>" say_team "server"
L 02/10/2024 - 20:10:38: "[BONK] Ningurist<16><STEAM_0:0:156832755><Jinrai>" say_team "prefired"
L 02/10/2024 - 20:10:40: "[DYS] Shazam<20><STEAM_0:1:59236187><NSF>" killed "[BONK] Masterkatze<19><STEAM_0:0:30137778><Jinrai>" with "mx"
L 02/10/2024 - 20:10:40: "[DYS] bauxite<25><STEAM_0:0:5757747><NSF>" triggered "kill_assist"
L 02/10/2024 - 20:10:46: "[BONK] Ningurist<16><STEAM_0:0:156832755><Jinrai>" say_team "SPIRAL FELL"
L 02/10/2024 - 20:10:46: "[DYS] Infrequent<4><STEAM_0:1:6384081><NSF>" killed "[BONK] kinoko<24><STEAM_0:0:83067719><Jinrai>" with "mx"
L 02/10/2024 - 20:10:46: "[BONK] kinoko<24><STEAM_0:0:83067719><Jinrai>" say_team "82 Assault mx"
L 02/10/2024 - 20:10:55: "[BONK] Muffin-Dono<12><STEAM_0:1:42031632><Jinrai>" killed "[DYS] You're Pissed Off<5><STEAM_0:1:44658357><NSF>" with "mx"
L 02/10/2024 - 20:10:55: "[DYS] You're Pissed Off<5><STEAM_0:1:44658357><NSF>" say_team "100 Assault mx"
L 02/10/2024 - 20:11:00: "[DYS] Infrequent<4><STEAM_0:1:6384081><NSF>" killed "[BONK] Muffin-Dono<12><STEAM_0:1:42031632><Jinrai>" with "mx"
L 02/10/2024 - 20:11:00: "[DYS] xx<22><STEAM_0:0:8714446><NSF>" triggered "kill_assist"
L 02/10/2024 - 20:11:15: "[BONK] Muffin-Dono<12><STEAM_0:1:42031632><Jinrai>" say_team "dont rush ningu and master"
L 02/10/2024 - 20:11:21: "[BONK] Ningurist<16><STEAM_0:0:156832755><Jinrai>" say_team "we didnt really rush"
L 02/10/2024 - 20:11:22: "[BONK] 草<8><STEAM_0:1:39165168><Jinrai>" killed "[DYS] Shazam<20><STEAM_0:1:59236187><NSF>" with "grenade_projectile"
L 02/10/2024 - 20:11:22: "[BONK] 草<8><STEAM_0:1:39165168><Jinrai>" killed "[DYS] bauxite<25><STEAM_0:0:5757747><NSF>" with "grenade_projectile"
L 02/10/2024 - 20:11:22: "[BONK] Masterkatze<19><STEAM_0:0:30137778><Jinrai>" triggered "kill_assist"
L 02/10/2024 - 20:11:22: "[DYS] bauxite<25><STEAM_0:0:5757747><NSF>" say_team "11 Assault grenade_projectile"
L 02/10/2024 - 20:11:23: "[BONK] Masterkatze<19><STEAM_0:0:30137778><Jinrai>" say_team "yup"
L 02/10/2024 - 20:11:23: "[BONK] Ningurist<16><STEAM_0:0:156832755><Jinrai>" say_team "we covered spiral"
L 02/10/2024 - 20:11:26: "[DYS] bauxite<25><STEAM_0:0:5757747><NSF>" say_team "11 hp"
L 02/10/2024 - 20:11:29: "[DYS] bauxite<25><STEAM_0:0:5757747><NSF>" say_team "1 shot"
L 02/10/2024 - 20:11:30: "[BONK] Muffin-Dono<12><STEAM_0:1:42031632><Jinrai>" say_team "when grass calls out a location dont push wait for more info"
L 02/10/2024 - 20:11:33: "[BONK] Ningurist<16><STEAM_0:0:156832755><Jinrai>" say_team "ok!"
L 02/10/2024 - 20:11:36: "[DYS] Infrequent<4><STEAM_0:1:6384081><NSF>" killed "[BONK] 草<8><STEAM_0:1:39165168><Jinrai>" with "mx"
L 02/10/2024 - 20:11:36: "[DYS] Shazam<20><STEAM_0:1:59236187><NSF>" triggered "kill_assist"
L 02/10/2024 - 20:11:36: "[BONK] 草<8><STEAM_0:1:39165168><Jinrai>" say_team "61 Assault mx"
L 02/10/2024 - 20:11:41: "[BONK] Ningurist<16><STEAM_0:0:156832755><Jinrai>" say_team "atleast not a cap"
L 02/10/2024 - 20:11:45: "[BONK] Ningurist<16><STEAM_0:0:156832755><Jinrai>" say_team "infreq has 20"
L 02/10/2024 - 20:11:46: "[DYS] bauxite<25><STEAM_0:0:5757747><NSF>" say_team "the downsides of being fat"
L 02/10/2024 - 20:11:50: "[BONK] Muffin-Dono<12><STEAM_0:1:42031632><Jinrai>" say_team "baux aa?"
L 02/10/2024 - 20:11:56: "[BONK] Ningurist<16><STEAM_0:0:156832755><Jinrai>" say_team "very possible"
L 02/10/2024 - 20:14:00: "[BONK] Ningurist<16><STEAM_0:0:156832755><Jinrai>" say_team "Position acquired."
L 02/10/2024 - 20:14:04: "[DYS] bauxite<25><STEAM_0:0:5757747><NSF>" killed "[BONK] Masterkatze<19><STEAM_0:0:30137778><Jinrai>" with "mx"
L 02/10/2024 - 20:14:09: "[BONK] 草<8><STEAM_0:1:39165168><Jinrai>" killed "[DYS] xx<22><STEAM_0:0:8714446><NSF>" with "mx"
L 02/10/2024 - 20:14:10: "[BONK] Ningurist<16><STEAM_0:0:156832755><Jinrai>" killed "[DYS] Shazam<20><STEAM_0:1:59236187><NSF>" with "mx"
L 02/10/2024 - 20:14:27: "[DYS] Shazam<20><STEAM_0:1:59236187><>" disconnected (reason "Connection closing")
L 02/10/2024 - 20:14:27: "[DYS] Shazam<26><STEAM_ID_PENDING><>" connected, address "174.74.176.72:27005"
L 02/10/2024 - 20:14:28: "[DYS] Shazam<26><STEAM_0:1:59236187><>" STEAM USERID validated
L 02/10/2024 - 20:14:30: "[DYS] Shazam<26><STEAM_0:1:59236187><>" entered the game
L 02/10/2024 - 20:14:33: "[DYS] Shazam<26><STEAM_0:1:59236187><Unassigned>" joined team "NSF"
L 02/10/2024 - 20:14:45: "[DYS] bauxite<25><STEAM_0:0:5757747><NSF>" say_team "Enemy in Front"
L 02/10/2024 - 20:14:48: "[DYS] bauxite<25><STEAM_0:0:5757747><NSF>" killed "[BONK] 草<8><STEAM_0:1:39165168><Jinrai>" with "mx"
L 02/10/2024 - 20:14:48: "[DYS] xx<22><STEAM_0:0:8714446><NSF>" triggered "kill_assist"
L 02/10/2024 - 20:14:48: "[BONK] 草<8><STEAM_0:1:39165168><Jinrai>" say_team "10 Support mx"
L 02/10/2024 - 20:14:57: "[DYS] Infrequent<4><STEAM_0:1:6384081><NSF>" killed "[BONK] Muffin-Dono<12><STEAM_0:1:42031632><Jinrai>" with "mx"
L 02/10/2024 - 20:15:05: "[DYS] You're Pissed Off<5><STEAM_0:1:44658357><NSF>" killed "[BONK] Ningurist<16><STEAM_0:0:156832755><Jinrai>" with "mx"
L 02/10/2024 - 20:15:05: "[BONK] Ningurist<16><STEAM_0:0:156832755><Jinrai>" say_team "39 Assault mx"
L 02/10/2024 - 20:15:20: "[DYS] bauxite<25><STEAM_0:0:5757747><NSF>" say_team "its fine"
L 02/10/2024 - 20:15:23: "[BONK] Ningurist<16><STEAM_0:0:156832755><Jinrai>" say_team "its ok, we still have only a point in difference"
L 02/10/2024 - 20:15:27: "[BONK] Ningurist<16><STEAM_0:0:156832755><Jinrai>" say_team "CLOSE GOHST"
L 02/10/2024 - 20:15:34: "[DYS] bauxite<25><STEAM_0:0:5757747><NSF>" say_team "Enemy in Front"
L 02/10/2024 - 20:16:18: "[DYS] bauxite<25><STEAM_0:0:5757747><NSF>" say_team "Enemy in Front"
L 02/10/2024 - 20:16:18: "[BONK] Ningurist<16><STEAM_0:0:156832755><Jinrai>" say_team "Advancing!"
L 02/10/2024 - 20:17:09: "[DYS] bauxite<25><STEAM_0:0:5757747><NSF>" say_team "Enemy in Front"
L 02/10/2024 - 20:17:18: "[BONK] Masterkatze<19><STEAM_0:0:30137778><Jinrai>" killed "[DYS] Shazam<26><STEAM_0:1:59236187><NSF>" with "mx"
L 02/10/2024 - 20:17:20: "[BONK] Ningurist<16><STEAM_0:0:156832755><Jinrai>" killed "[DYS] bauxite<25><STEAM_0:0:5757747><NSF>" with "mx"
L 02/10/2024 - 20:17:20: "[DYS] bauxite<25><STEAM_0:0:5757747><NSF>" say_team "42 Support mx"
L 02/10/2024 - 20:17:27: "[DYS] Infrequent<4><STEAM_0:1:6384081><NSF>" killed "[BONK] Masterkatze<19><STEAM_0:0:30137778><Jinrai>" with "mx"
L 02/10/2024 - 20:17:35: "[BONK] Muffin-Dono<12><STEAM_0:1:42031632><Jinrai>" killed "[DYS] xx<22><STEAM_0:0:8714446><NSF>" with "mx"
L 02/10/2024 - 20:17:35: "[BONK] 草<8><STEAM_0:1:39165168><Jinrai>" triggered "kill_assist"
L 02/10/2024 - 20:17:41: "[DYS] Infrequent<4><STEAM_0:1:6384081><NSF>" killed "[BONK] kinoko<24><STEAM_0:0:83067719><Jinrai>" with "mx"
L 02/10/2024 - 20:17:41: "[BONK] kinoko<24><STEAM_0:0:83067719><Jinrai>" say_team "30 Assault mx"
L 02/10/2024 - 20:17:44: "[BONK] Ningurist<16><STEAM_0:0:156832755><Jinrai>" killed "[DYS] You're Pissed Off<5><STEAM_0:1:44658357><NSF>" with "mx"
L 02/10/2024 - 20:17:44: "[BONK] kinoko<24><STEAM_0:0:83067719><Jinrai>" triggered "kill_assist"
L 02/10/2024 - 20:17:44: "[DYS] You're Pissed Off<5><STEAM_0:1:44658357><NSF>" say_team "42 Support mx"
L 02/10/2024 - 20:17:49: "[DYS] Infrequent<4><STEAM_0:1:6384081><NSF>" killed "[BONK] Muffin-Dono<12><STEAM_0:1:42031632><Jinrai>" with "mx"
L 02/10/2024 - 20:17:49: "[BONK] Ningurist<16><STEAM_0:0:156832755><Jinrai>" killed "[DYS] Infrequent<4><STEAM_0:1:6384081><NSF>" with "mx"
L 02/10/2024 - 20:17:57: "[BONK] Ningurist<16><STEAM_0:0:156832755><Jinrai>" say_team "WOOP WOOP"
L 02/10/2024 - 20:18:08: "[BONK] Ningurist<16><STEAM_0:0:156832755><Jinrai>" say_team "no need to stress yourself out, we got this"
L 02/10/2024 - 20:18:12: "[BONK] Muffin-Dono<12><STEAM_0:1:42031632><Jinrai>" say_team "true"
L 02/10/2024 - 20:18:15: "[BONK] Muffin-Dono<12><STEAM_0:1:42031632><Jinrai>" say_team "we're back baby"
L 02/10/2024 - 20:18:16: "[DYS] Infrequent<4><STEAM_0:1:6384081><NSF>" say "my kingdom for a ghost on our side"
L 02/10/2024 - 20:18:25: "[BONK] Muffin-Dono<12><STEAM_0:1:42031632><Jinrai>" say "good point infreq"
L 02/10/2024 - 20:18:48: "[BONK] Ningurist<16><STEAM_0:0:156832755><Jinrai>" say_team "firepit our side"
L 02/10/2024 - 20:18:56: "[BONK] Masterkatze<19><STEAM_0:0:30137778><Jinrai>" killed "[DYS] Infrequent<4><STEAM_0:1:6384081><NSF>" with "mx"
L 02/10/2024 - 20:18:56: "[BONK] Ningurist<16><STEAM_0:0:156832755><Jinrai>" say_team "nah"
L 02/10/2024 - 20:18:57: "[BONK] Ningurist<16><STEAM_0:0:156832755><Jinrai>" say_team "ghost"
L 02/10/2024 - 20:19:20: "[DYS] bauxite<25><STEAM_0:0:5757747><NSF>" killed "[BONK] Muffin-Dono<12><STEAM_0:1:42031632><Jinrai>" with "mx"
L 02/10/2024 - 20:19:27: "[BONK] Ningurist<16><STEAM_0:0:156832755><Jinrai>" say_team "big near door"
L 02/10/2024 - 20:19:28: "[DYS] Shazam<26><STEAM_0:1:59236187><NSF>" killed "[BONK] kinoko<24><STEAM_0:0:83067719><Jinrai>" with "mx"
L 02/10/2024 - 20:19:28: "[BONK] kinoko<24><STEAM_0:0:83067719><Jinrai>" say_team "43 Support mx"
L 02/10/2024 - 20:19:29: "[BONK] Muffin-Dono<12><STEAM_0:1:42031632><Jinrai>" say_team "long stiars"
L 02/10/2024 - 20:19:35: "[BONK] Ningurist<16><STEAM_0:0:156832755><Jinrai>" killed "[DYS] Shazam<26><STEAM_0:1:59236187><NSF>" with "mx"
L 02/10/2024 - 20:19:35: "[BONK] kinoko<24><STEAM_0:0:83067719><Jinrai>" triggered "kill_assist"
L 02/10/2024 - 20:19:42: "[BONK] Ningurist<16><STEAM_0:0:156832755><Jinrai>" say_team "one more big"
L 02/10/2024 - 20:19:43: "[BONK] Ningurist<16><STEAM_0:0:156832755><Jinrai>" say_team "assault"
L 02/10/2024 - 20:19:51: "[BONK] Ningurist<16><STEAM_0:0:156832755><Jinrai>" say_team "he's watching me maybe"
L 02/10/2024 - 20:19:54: "[BONK] Ningurist<16><STEAM_0:0:156832755><Jinrai>" say_team "Position acquired."
L 02/10/2024 - 20:19:59: "[BONK] Ningurist<16><STEAM_0:0:156832755><Jinrai>" say_team "Advancing!"
L 02/10/2024 - 20:20:06: "[DYS] You're Pissed Off<5><STEAM_0:1:44658357><NSF>" killed "[BONK] Masterkatze<19><STEAM_0:0:30137778><Jinrai>" with "mx"
L 02/10/2024 - 20:20:06: "[DYS] Infrequent<4><STEAM_0:1:6384081><NSF>" triggered "kill_assist"
L 02/10/2024 - 20:20:09: "[DYS] You're Pissed Off<5><STEAM_0:1:44658357><NSF>" killed "[BONK] Ningurist<16><STEAM_0:0:156832755><Jinrai>" with "mx"
L 02/10/2024 - 20:20:09: "[DYS] Shazam<26><STEAM_0:1:59236187><NSF>" triggered "kill_assist"
L 02/10/2024 - 20:20:09: "[BONK] Ningurist<16><STEAM_0:0:156832755><Jinrai>" say_team "100 Assault mx"
L 02/10/2024 - 20:20:11: "[BONK] Ningurist<16><STEAM_0:0:156832755><Jinrai>" say_team "oww"
L 02/10/2024 - 20:20:12: "[BONK] Ningurist<16><STEAM_0:0:156832755><Jinrai>" say_team "server hall"
L 02/10/2024 - 20:20:14: "[BONK] Ningurist<16><STEAM_0:0:156832755><Jinrai>" say_team "from down"
L 02/10/2024 - 20:20:16: "[BONK] Ningurist<16><STEAM_0:0:156832755><Jinrai>" say_team "to big"
L 02/10/2024 - 20:20:33: "[BONK] kinoko<24><STEAM_0:0:83067719><Jinrai>" say_team "how much is pissed?"
L 02/10/2024 - 20:20:35: "[BONK] Ningurist<16><STEAM_0:0:156832755><Jinrai>" say_team "1v3"
L 02/10/2024 - 20:20:36: "[BONK] Ningurist<16><STEAM_0:0:156832755><Jinrai>" say_team "100"
L 02/10/2024 - 20:20:38: "[BONK] Ningurist<16><STEAM_0:0:156832755><Jinrai>" say_team "pissed is 100"
L 02/10/2024 - 20:20:42: "[BONK] Ningurist<16><STEAM_0:0:156832755><Jinrai>" say_team "he got a drop on me with mx"
L 02/10/2024 - 20:20:43: "[BONK] Ningurist<16><STEAM_0:0:156832755><Jinrai>" say_team "assault"
L 02/10/2024 - 20:20:45: "[DYS] bauxite<25><STEAM_0:0:5757747><NSF>" say_team "Enemy in Front"
L 02/10/2024 - 20:20:47: "[DYS] bauxite<25><STEAM_0:0:5757747><NSF>" say_team "Enemy in Front"
L 02/10/2024 - 20:20:50: "[DYS] bauxite<25><STEAM_0:0:5757747><NSF>" say_team "I'm going in!"
L 02/10/2024 - 20:20:50: "[DYS] xx<22><STEAM_0:0:8714446><NSF>" killed "[BONK] 草<8><STEAM_0:1:39165168><Jinrai>" with "zr68s"
L 02/10/2024 - 20:20:50: "[BONK] 草<8><STEAM_0:1:39165168><Jinrai>" say_team "11 Assault zr68s"
L 02/10/2024 - 20:21:05: "[BONK] Ningurist<16><STEAM_0:0:156832755><Jinrai>" say_team "sorry, i didnt see him"
L 02/10/2024 - 20:22:39: "[DYS] Infrequent<4><STEAM_0:1:6384081><NSF>" killed "[BONK] kinoko<24><STEAM_0:0:83067719><Jinrai>" with "mx"
L 02/10/2024 - 20:22:39: "[BONK] kinoko<24><STEAM_0:0:83067719><Jinrai>" say_team "14 Assault mx"
L 02/10/2024 - 20:22:45: "[DYS] bauxite<25><STEAM_0:0:5757747><NSF>" say_team "Enemy in Front"
L 02/10/2024 - 20:23:06: "[BONK] Ningurist<16><STEAM_0:0:156832755><Jinrai>" say_team "Advancing!"
L 02/10/2024 - 20:23:23: "[BONK] Masterkatze<19><STEAM_0:0:30137778><Jinrai>" killed "[DYS] Shazam<26><STEAM_0:1:59236187><NSF>" with "mx"
L 02/10/2024 - 20:23:23: "[BONK] Ningurist<16><STEAM_0:0:156832755><Jinrai>" triggered "kill_assist"
L 02/10/2024 - 20:23:45: "[DYS] You're Pissed Off<5><STEAM_0:1:44658357><NSF>" killed "[BONK] Muffin-Dono<12><STEAM_0:1:42031632><Jinrai>" with "grenade_projectile"
L 02/10/2024 - 20:23:48: "[BONK] Muffin-Dono<12><STEAM_0:1:42031632><Jinrai>" say_team "14"
L 02/10/2024 - 20:23:55: "[DYS] Infrequent<4><STEAM_0:1:6384081><NSF>" killed "[BONK] Masterkatze<19><STEAM_0:0:30137778><Jinrai>" with "mx"
L 02/10/2024 - 20:23:55: "[DYS] Shazam<26><STEAM_0:1:59236187><NSF>" triggered "kill_assist"
L 02/10/2024 - 20:23:58: "[DYS] You're Pissed Off<5><STEAM_0:1:44658357><NSF>" killed "[BONK] 草<8><STEAM_0:1:39165168><Jinrai>" with "mx"
L 02/10/2024 - 20:23:58: "[BONK] 草<8><STEAM_0:1:39165168><Jinrai>" say_team "14 Assault mx"
L 02/10/2024 - 20:23:58: "[BONK] Ningurist<16><STEAM_0:0:156832755><Jinrai>" killed "[DYS] xx<22><STEAM_0:0:8714446><NSF>" with "mx"
L 02/10/2024 - 20:24:04: "[BONK] Ningurist<16><STEAM_0:0:156832755><Jinrai>" killed "[DYS] Infrequent<4><STEAM_0:1:6384081><NSF>" with "mx"
L 02/10/2024 - 20:24:04: "[BONK] kinoko<24><STEAM_0:0:83067719><Jinrai>" triggered "kill_assist"
L 02/10/2024 - 20:24:05: "[BONK] Ningurist<16><STEAM_0:0:156832755><Jinrai>" killed "[DYS] You're Pissed Off<5><STEAM_0:1:44658357><NSF>" with "mx"
L 02/10/2024 - 20:24:05: "[BONK] Muffin-Dono<12><STEAM_0:1:42031632><Jinrai>" triggered "kill_assist"
L 02/10/2024 - 20:24:05: "[DYS] You're Pissed Off<5><STEAM_0:1:44658357><NSF>" say_team "3 Support mx"
L 02/10/2024 - 20:24:10: "[DYS] bauxite<25><STEAM_0:0:5757747><NSF>" killed "[BONK] Ningurist<16><STEAM_0:0:156832755><Jinrai>" with "kyla"
L 02/10/2024 - 20:24:10: "[BONK] Ningurist<16><STEAM_0:0:156832755><Jinrai>" say_team "59 Support kyla"
L 02/10/2024 - 20:24:12: "[BONK] Ningurist<16><STEAM_0:0:156832755><Jinrai>" say "ow"
L 02/10/2024 - 20:24:23: "[BONK] Ningurist<16><STEAM_0:0:156832755><Jinrai>" say_team "yooo"
L 02/10/2024 - 20:24:27: "[BONK] Ningurist<16><STEAM_0:0:156832755><Jinrai>" say_team "grass you got 20"
L 02/10/2024 - 20:24:46: "[DYS] Shazam<26><STEAM_0:1:59236187><NSF>" killed "[BONK] kinoko<24><STEAM_0:0:83067719><Jinrai>" with "mx"
L 02/10/2024 - 20:24:46: "[BONK] kinoko<24><STEAM_0:0:83067719><Jinrai>" say_team "58 Support mx"
L 02/10/2024 - 20:25:32: "[BONK] Ningurist<16><STEAM_0:0:156832755><Jinrai>" say_team "Position acquired."
L 02/10/2024 - 20:25:40: "[DYS] bauxite<25><STEAM_0:0:5757747><NSF>" say_team "Enemy in Front"
L 02/10/2024 - 20:25:46: "[DYS] bauxite<25><STEAM_0:0:5757747><NSF>" say_team "left"
L 02/10/2024 - 20:25:47: "[DYS] bauxite<25><STEAM_0:0:5757747><NSF>" say_team "back"
L 02/10/2024 - 20:25:58: "[DYS] bauxite<25><STEAM_0:0:5757747><NSF>" say_team "det ein choke"
L 02/10/2024 - 20:26:08: "[DYS] bauxite<25><STEAM_0:0:5757747><NSF>" say_team "Enemy in Front"
L 02/10/2024 - 20:26:08: "[BONK] Ningurist<16><STEAM_0:0:156832755><Jinrai>" say_team "I'm low."
L 02/10/2024 - 20:26:14: "[DYS] xx<22><STEAM_0:0:8714446><NSF>" killed "[BONK] Ningurist<16><STEAM_0:0:156832755><Jinrai>" with "mx"
L 02/10/2024 - 20:26:14: "[DYS] bauxite<25><STEAM_0:0:5757747><NSF>" triggered "kill_assist"
L 02/10/2024 - 20:26:14: "[BONK] Ningurist<16><STEAM_0:0:156832755><Jinrai>" say_team "100 Assault mx"
L 02/10/2024 - 20:26:16: "[BONK] Ningurist<16><STEAM_0:0:156832755><Jinrai>" say_team "server"
L 02/10/2024 - 20:26:19: "[DYS] bauxite<25><STEAM_0:0:5757747><NSF>" killed "[BONK] Masterkatze<19><STEAM_0:0:30137778><Jinrai>" with "mx"
L 02/10/2024 - 20:26:21: "[DYS] xx<22><STEAM_0:0:8714446><NSF>" killed "[BONK] Muffin-Dono<12><STEAM_0:1:42031632><Jinrai>" with "mx"
L 02/10/2024 - 20:26:47: "[BONK] 草<8><STEAM_0:1:39165168><Jinrai>" killed "[DYS] Infrequent<4><STEAM_0:1:6384081><NSF>" with "grenade_detapack"
L 02/10/2024 - 20:26:47: "[BONK] 草<8><STEAM_0:1:39165168><Jinrai>" killed "[DYS] Shazam<26><STEAM_0:1:59236187><NSF>" with "grenade_detapack"
L 02/10/2024 - 20:26:48: "[BONK] Muffin-Dono<12><STEAM_0:1:42031632><Jinrai>" say "grass fucking carried, I feel bad"
L 02/10/2024 - 20:26:50: "[BONK] Muffin-Dono<12><STEAM_0:1:42031632><Jinrai>" say "oh damn"
L 02/10/2024 - 20:27:02: "[DYS] xx<22><STEAM_0:0:8714446><NSF>" killed "[BONK] 草<8><STEAM_0:1:39165168><Jinrai>" with "mx"
L 02/10/2024 - 20:27:03: "[BONK] 草<8><STEAM_0:1:39165168><Jinrai>" say_team "74 Assault mx"
L 02/10/2024 - 20:27:23: "[DYS] bauxite<25><STEAM_0:0:5757747><NSF>" say "gh"
L 02/10/2024 - 20:27:26: "[BONK] kinoko<24><STEAM_0:0:83067719><Jinrai>" say "'"
L 02/10/2024 - 20:27:26: "[BONK] Ningurist<16><STEAM_0:0:156832755><Jinrai>" say_team "i have boundless energy"
L 02/10/2024 - 20:27:28: "[DYS] You're Pissed Off<5><STEAM_0:1:44658357><NSF>" say "gh"
L 02/10/2024 - 20:27:32: "[DYS] bauxite<25><STEAM_0:0:5757747><NSF>" say "shoutout to destroygirl"
L 02/10/2024 - 20:27:37: "[DYS] bauxite<25><STEAM_0:0:5757747><NSF>" say "tiesama enjoyer"
L 02/10/2024 - 20:27:40: "[BONK] Muffin-Dono<12><STEAM_0:1:42031632><Jinrai>" say "based"
L 02/10/2024 - 20:27:47: "[BONK] 草<8><STEAM_0:1:39165168><Jinrai>" say "brb 5min"
L 02/10/2024 - 20:27:49: "[BONK] Ningurist<16><STEAM_0:0:156832755><Jinrai>" say "shoutouts to simpleflips"
L 02/10/2024 - 20:27:52: [META] Loaded 0 plugins (1 already loaded)
L 02/10/2024 - 20:27:52: [META] Loaded 0 plugins (1 already loaded)
L 02/10/2024 - 20:27:52: Log file closed
