L 02/25/2024 - 22:47:28: Log file started (file "logs\L0225063.log") (game "z:\home\steam\steam\steamapps\common\nt\NeotokyoSource") (version "4044")
L 02/25/2024 - 22:47:28: server_cvar: "sv_pausable" "0"
L 02/25/2024 - 22:47:28: server_cvar: "sv_contact" "baux.site"
L 02/25/2024 - 22:47:28: server_cvar: "sv_gravity" "800"
L 02/25/2024 - 22:47:28: server_cvar: "mp_friendlyfire" "1"
L 02/25/2024 - 22:47:31: "[stream] DESTROYGIRL<25><STEAM_0:0:82737074><>" entered the game
L 02/25/2024 - 22:47:31: "[DYS] bauxite<30><STEAM_0:0:5757747><>" entered the game
L 02/25/2024 - 22:47:32: "[MXican] Ghost Lizard<6><STEAM_0:1:20336729><>" entered the game
L 02/25/2024 - 22:47:32: "[ikko] Shinra (Ikki)<26><STEAM_0:0:17487274><>" entered the game
L 02/25/2024 - 22:47:33: "[MXican] Boltronics<19><STEAM_0:1:84048595><>" entered the game
L 02/25/2024 - 22:47:33: "kino<23><STEAM_0:0:83067719><>" entered the game
L 02/25/2024 - 22:47:35: "[MXican] Wahaha-<10><STEAM_0:1:17526508><>" entered the game
L 02/25/2024 - 22:47:35: "[MXican] Ghost Lizard<6><STEAM_0:1:20336729><Unassigned>" joined team "NSF"
L 02/25/2024 - 22:47:36: "[MXican] Boltronics<19><STEAM_0:1:84048595><Unassigned>" joined team "NSF"
L 02/25/2024 - 22:47:36: "[stream] DESTROYGIRL<25><STEAM_0:0:82737074><Unassigned>" joined team "Spectator"
L 02/25/2024 - 22:47:37: "kino<23><STEAM_0:0:83067719><Unassigned>" joined team "Spectator"
L 02/25/2024 - 22:47:37: "[ikko] Shinra (Ikki)<26><STEAM_0:0:17487274><Unassigned>" joined team "Spectator"
L 02/25/2024 - 22:47:37: "[DYS] Infrequent<3><STEAM_0:1:6384081><>" entered the game
L 02/25/2024 - 22:47:38: "[DYS] Hosomi<15><STEAM_0:0:51357353><>" entered the game
L 02/25/2024 - 22:47:39: "[MXican] Halcyon<22><STEAM_0:1:2864524><>" entered the game
L 02/25/2024 - 22:47:39: "[MXican] Wahaha-<10><STEAM_0:1:17526508><Unassigned>" joined team "Spectator"
L 02/25/2024 - 22:47:40: "[DYS] Infrequent<3><STEAM_0:1:6384081><Unassigned>" joined team "Jinrai"
L 02/25/2024 - 22:47:40: "[DYS] bauxite<30><STEAM_0:0:5757747><Unassigned>" joined team "Jinrai"
L 02/25/2024 - 22:47:41: "[DYS] Hosomi<15><STEAM_0:0:51357353><Unassigned>" joined team "Jinrai"
L 02/25/2024 - 22:47:42: "[MXican] Halcyon<22><STEAM_0:1:2864524><Unassigned>" joined team "NSF"
L 02/25/2024 - 22:47:43: "[MXican] Nevra<20><STEAM_0:1:87689215><>" entered the game
L 02/25/2024 - 22:47:48: "[MXican] Nevra<20><STEAM_0:1:87689215><Unassigned>" joined team "NSF"
L 02/25/2024 - 22:47:50: "[DYS] You're Pissed Off<28><STEAM_0:1:44658357><>" entered the game
L 02/25/2024 - 22:47:54: "[DYS] You're Pissed Off<28><STEAM_0:1:44658357><Unassigned>" joined team "Jinrai"
L 02/25/2024 - 22:48:12: "[DYS] Shazam<12><STEAM_0:1:59236187><>" disconnected (reason "Disconnect by user.")
L 02/25/2024 - 22:48:16: "[DYS] Shazam<31><STEAM_ID_PENDING><>" connected, address "174.74.176.72:27005"
L 02/25/2024 - 22:48:16: "[DYS] Shazam<31><STEAM_0:1:59236187><>" STEAM USERID validated
L 02/25/2024 - 22:48:20: "[MXican] Wahaha-<10><STEAM_0:1:17526508><Spectator>" joined team "NSF"
L 02/25/2024 - 22:49:00: "[DYS] Shazam<31><STEAM_0:1:59236187><>" disconnected (reason "Disconnect by user.")
L 02/25/2024 - 22:49:17: "[DYS] bauxite<30><STEAM_0:0:5757747><Jinrai>" say_team "game was over when we let em get the cap tho"
L 02/25/2024 - 22:49:37: "[MXican] NeoTokyoScrub<32><STEAM_ID_PENDING><>" connected, address "75.183.0.206:27005"
L 02/25/2024 - 22:49:37: "[MXican] NeoTokyoScrub<32><STEAM_0:1:95715175><>" STEAM USERID validated
L 02/25/2024 - 22:49:43: "[MXican] NeoTokyoScrub<32><STEAM_0:1:95715175><>" entered the game
L 02/25/2024 - 22:49:46: "[MXican] Nevra<20><STEAM_0:1:87689215><NSF>" disconnected (reason "Disconnect by user.")
L 02/25/2024 - 22:49:47: "[MXican] NeoTokyoScrub<32><STEAM_0:1:95715175><Unassigned>" joined team "Jinrai"
L 02/25/2024 - 22:49:52: "[MXican] NeoTokyoScrub<32><STEAM_0:1:95715175><Jinrai>" joined team "NSF"
L 02/25/2024 - 22:49:53: "[DYS] Shazam<33><STEAM_ID_PENDING><>" connected, address "174.74.176.72:27005"
L 02/25/2024 - 22:49:53: "[DYS] Shazam<33><STEAM_0:1:59236187><>" STEAM USERID validated
L 02/25/2024 - 22:50:14: "[DYS] Shazam<33><STEAM_0:1:59236187><>" entered the game
L 02/25/2024 - 22:50:23: "[MXican] Wahaha-<10><STEAM_0:1:17526508><NSF>" say "!ready"
L 02/25/2024 - 22:50:29: "[DYS] bauxite<30><STEAM_0:0:5757747><Jinrai>" say "!kick shazam"
L 02/25/2024 - 22:50:29: "[DYS] Shazam<33><STEAM_0:1:59236187><Unassigned>" disconnected (reason "Kicked by administrator")
L 02/25/2024 - 22:50:29: "[DYS] Shazam<34><STEAM_ID_PENDING><>" connected, address "174.74.176.72:27005"
L 02/25/2024 - 22:50:29: "[DYS] Shazam<34><STEAM_0:1:59236187><>" STEAM USERID validated
L 02/25/2024 - 22:50:33: "[MXican] Ghost Lizard<6><STEAM_0:1:20336729><NSF>" say "brb sec"
L 02/25/2024 - 22:50:34: "[DYS] Shazam<34><STEAM_0:1:59236187><>" entered the game
L 02/25/2024 - 22:50:37: "[DYS] Shazam<34><STEAM_0:1:59236187><Unassigned>" joined team "Jinrai"
L 02/25/2024 - 22:50:51: "[MXican] Boltronics<19><STEAM_0:1:84048595><NSF>" say "!ready"
L 02/25/2024 - 22:51:09: "[DYS] Shazam<34><STEAM_0:1:59236187><Jinrai>" disconnected (reason "Disconnect by user.")
L 02/25/2024 - 22:51:09: "[DYS] Shazam<35><STEAM_ID_PENDING><>" connected, address "174.74.176.72:27005"
L 02/25/2024 - 22:51:09: "[DYS] Shazam<35><STEAM_0:1:59236187><>" STEAM USERID validated
L 02/25/2024 - 22:51:11: "[DYS] Shazam<35><STEAM_0:1:59236187><>" entered the game
L 02/25/2024 - 22:51:14: "[DYS] You're Pissed Off<28><STEAM_0:1:44658357><Jinrai>" say "my balls"
L 02/25/2024 - 22:51:15: "[DYS] Shazam<35><STEAM_0:1:59236187><Unassigned>" joined team "Spectator"
L 02/25/2024 - 22:51:23: "[MXican] Boltronics<19><STEAM_0:1:84048595><NSF>" say "!ready"
L 02/25/2024 - 22:51:25: "[MXican] Wahaha-<10><STEAM_0:1:17526508><NSF>" say "!ready"
L 02/25/2024 - 22:51:29: "[MXican] Halcyon<22><STEAM_0:1:2864524><NSF>" say "!READY"
L 02/25/2024 - 22:51:30: "[MXican] NeoTokyoScrub<32><STEAM_0:1:95715175><NSF>" say "!ready"
L 02/25/2024 - 22:51:30: "[DYS] bauxite<30><STEAM_0:0:5757747><Jinrai>" say "!ready"
L 02/25/2024 - 22:52:25: "[MXican] Ghost Lizard<6><STEAM_0:1:20336729><NSF>" say "!ready"
L 02/25/2024 - 22:53:07: "[MXican] Wahaha-<10><STEAM_0:1:17526508><NSF>" say "!ready"
L 02/25/2024 - 22:54:07: "[MXican] NeoTokyoScrub<32><STEAM_0:1:95715175><NSF>" say "!readylist"
L 02/25/2024 - 22:54:12: "[DYS] bauxite<30><STEAM_0:0:5757747><Jinrai>" say "shaz join up"
L 02/25/2024 - 22:54:16: "[ikko] Shinra (Ikki)<26><STEAM_0:0:17487274><Spectator>" say "dys has only 4 atm"
L 02/25/2024 - 22:54:17: "[DYS] Infrequent<3><STEAM_0:1:6384081><Jinrai>" say "shazam is in spec cos he doesn't know the map"
L 02/25/2024 - 22:54:27: "kino<23><STEAM_0:0:83067719><Spectator>" say "i mean im here :P"
L 02/25/2024 - 22:54:28: "[MXican] Boltronics<19><STEAM_0:1:84048595><NSF>" say "oof!"
L 02/25/2024 - 22:54:40: "[DYS] bauxite<30><STEAM_0:0:5757747><Jinrai>" say "kino teach us what part is corridor"
L 02/25/2024 - 22:54:44: "[DYS] You're Pissed Off<28><STEAM_0:1:44658357><Jinrai>" say "!ready"
L 02/25/2024 - 22:54:46: "kino<23><STEAM_0:0:83067719><Spectator>" say "go threough corridor"
L 02/25/2024 - 22:54:48: "[MXican] Wahaha-<10><STEAM_0:1:17526508><NSF>" say "THIS WHOLE MAP IS CORRIDORS"
L 02/25/2024 - 22:54:50: "kino<23><STEAM_0:0:83067719><Spectator>" say "kill people in corridor"
L 02/25/2024 - 22:54:53: "[DYS] Infrequent<3><STEAM_0:1:6384081><Jinrai>" say "!ready"
L 02/25/2024 - 22:55:00: "[DYS] You're Pissed Off<28><STEAM_0:1:44658357><Jinrai>" say "Research???"
L 02/25/2024 - 22:55:01: "[DYS] Shazam<35><STEAM_0:1:59236187><Spectator>" say "!ready"
L 02/25/2024 - 22:55:03: "[DYS] Shazam<35><STEAM_0:1:59236187><Spectator>" joined team "Jinrai"
L 02/25/2024 - 22:55:05: "[ikko] Shinra (Ikki)<26><STEAM_0:0:17487274><Spectator>" say "there's left corridor, there's right corridor"
L 02/25/2024 - 22:55:06: "[DYS] bauxite<30><STEAM_0:0:5757747><Jinrai>" say "research is a chad map"
L 02/25/2024 - 22:55:08: "kino<23><STEAM_0:0:83067719><Spectator>" say "hey come on gang"
L 02/25/2024 - 22:55:10: "[ikko] Shinra (Ikki)<26><STEAM_0:0:17487274><Spectator>" say "no not your right, my right"
L 02/25/2024 - 22:55:23: "[DYS] Hosomi<15><STEAM_0:0:51357353><Jinrai>" say "!readylist"
L 02/25/2024 - 22:55:24: "[DYS] bauxite<30><STEAM_0:0:5757747><Jinrai>" say "!ready"
L 02/25/2024 - 22:55:27: "[DYS] Shazam<35><STEAM_0:1:59236187><Jinrai>" say "!ready"
L 02/25/2024 - 22:55:30: "[MXican] Boltronics<19><STEAM_0:1:84048595><NSF>" say "!readylist"
L 02/25/2024 - 22:55:30: "[DYS] You're Pissed Off<28><STEAM_0:1:44658357><Jinrai>" say "!ready"
L 02/25/2024 - 22:55:34: "[MXican] Boltronics<19><STEAM_0:1:84048595><NSF>" say "hosomi"
L 02/25/2024 - 22:55:39: "[DYS] Hosomi<15><STEAM_0:0:51357353><Jinrai>" say "Ready"
L 02/25/2024 - 22:55:41: "[DYS] Hosomi<15><STEAM_0:0:51357353><Jinrai>" say "!ready"
L 02/25/2024 - 22:55:44: "[DYS] bauxite<30><STEAM_0:0:5757747><Jinrai>" say "glhf"
L 02/25/2024 - 22:56:56: "[MXican] Halcyon<22><STEAM_0:1:2864524><NSF>" killed "[DYS] You're Pissed Off<28><STEAM_0:1:44658357><Jinrai>" with "srm"
L 02/25/2024 - 22:56:56: "[DYS] You're Pissed Off<28><STEAM_0:1:44658357><Jinrai>" say_team "48 Recon srm"
L 02/25/2024 - 22:57:11: "[DYS] bauxite<30><STEAM_0:0:5757747><Jinrai>" say_team "Enemy in Front"
L 02/25/2024 - 22:57:25: "[MXican] NeoTokyoScrub<32><STEAM_0:1:95715175><NSF>" killed "[MXican] Halcyon<22><STEAM_0:1:2864524><NSF>" with "zr68s"
L 02/25/2024 - 22:57:25: "[DYS] You're Pissed Off<28><STEAM_0:1:44658357><Jinrai>" triggered "kill_assist"
L 02/25/2024 - 22:57:26: "[MXican] Halcyon<22><STEAM_0:1:2864524><NSF>" say_team "100 Assault zr68s"
L 02/25/2024 - 22:57:29: "[DYS] bauxite<30><STEAM_0:0:5757747><Jinrai>" say_team "Enemy in Front"
L 02/25/2024 - 22:57:31: "[DYS] You're Pissed Off<28><STEAM_0:1:44658357><Jinrai>" say "Thanks"
L 02/25/2024 - 22:57:31: "[MXican] Halcyon<22><STEAM_0:1:2864524><NSF>" say "betrayal"
L 02/25/2024 - 22:57:31: "[MXican] Boltronics<19><STEAM_0:1:84048595><NSF>" killed "[MXican] Ghost Lizard<6><STEAM_0:1:20336729><NSF>" with "zr68s"
L 02/25/2024 - 22:57:31: "[DYS] Infrequent<3><STEAM_0:1:6384081><Jinrai>" triggered "kill_assist"
L 02/25/2024 - 22:57:31: "[MXican] Ghost Lizard<6><STEAM_0:1:20336729><NSF>" say_team "100 Assault zr68s"
L 02/25/2024 - 22:57:37: "[MXican] Halcyon<22><STEAM_0:1:2864524><NSF>" say "double betrayal"
L 02/25/2024 - 22:57:45: "[MXican] Ghost Lizard<6><STEAM_0:1:20336729><NSF>" say "top 10 anime betrayals"
L 02/25/2024 - 22:57:50: "[DYS] Infrequent<3><STEAM_0:1:6384081><Jinrai>" killed "[MXican] NeoTokyoScrub<32><STEAM_0:1:95715175><NSF>" with "zr68s"
L 02/25/2024 - 22:57:58: "[MXican] Boltronics<19><STEAM_0:1:84048595><NSF>" killed "[DYS] Shazam<35><STEAM_0:1:59236187><Jinrai>" with "zr68s"
L 02/25/2024 - 22:58:03: "[MXican] Boltronics<19><STEAM_0:1:84048595><NSF>" killed "[DYS] bauxite<30><STEAM_0:0:5757747><Jinrai>" with "zr68s"
L 02/25/2024 - 22:58:03: "[DYS] bauxite<30><STEAM_0:0:5757747><Jinrai>" say_team "21 Assault zr68s"
L 02/25/2024 - 22:58:05: "[MXican] NeoTokyoScrub<32><STEAM_0:1:95715175><NSF>" say_team "sorry halcy didn't see the friendly Icon"
L 02/25/2024 - 22:58:07: "[DYS] bauxite<30><STEAM_0:0:5757747><Jinrai>" say_team "21 car "
L 02/25/2024 - 22:58:09: "[DYS] bauxite<30><STEAM_0:0:5757747><Jinrai>" say_team "far back"
L 02/25/2024 - 22:58:11: "[MXican] Halcyon<22><STEAM_0:1:2864524><NSF>" say "hud?"
L 02/25/2024 - 22:58:19: "[MXican] Halcyon<22><STEAM_0:1:2864524><NSF>" say "just reload it"
L 02/25/2024 - 22:58:20: "[DYS] Hosomi<15><STEAM_0:0:51357353><Jinrai>" killed "[MXican] Boltronics<19><STEAM_0:1:84048595><NSF>" with "srm"
L 02/25/2024 - 22:58:20: "[DYS] Shazam<35><STEAM_0:1:59236187><Jinrai>" triggered "kill_assist"
L 02/25/2024 - 22:58:20: "[MXican] Boltronics<19><STEAM_0:1:84048595><NSF>" say_team "24 Recon srm"
L 02/25/2024 - 22:58:27: "[DYS] bauxite<30><STEAM_0:0:5757747><Jinrai>" say "u can use !hud"
L 02/25/2024 - 22:58:34: "[MXican] NeoTokyoScrub<32><STEAM_0:1:95715175><NSF>" say_team "and we've been playing jinrai all tournament"
L 02/25/2024 - 22:58:45: "[MXican] Wahaha-<10><STEAM_0:1:17526508><NSF>" say "I RESPECT SHOOTING NSF ON SIGHT"
L 02/25/2024 - 22:59:12: "[DYS] Shazam<35><STEAM_0:1:59236187><Jinrai>" killed "[MXican] Boltronics<19><STEAM_0:1:84048595><NSF>" with "srm"
L 02/25/2024 - 22:59:12: "[MXican] Boltronics<19><STEAM_0:1:84048595><NSF>" say_team "90 Recon srm"
L 02/25/2024 - 23:00:28: "[MXican] NeoTokyoScrub<32><STEAM_0:1:95715175><NSF>" killed "[DYS] bauxite<30><STEAM_0:0:5757747><Jinrai>" with "zr68s"
L 02/25/2024 - 23:00:28: "[DYS] bauxite<30><STEAM_0:0:5757747><Jinrai>" say_team "73 Assault zr68s"
L 02/25/2024 - 23:00:31: "[DYS] Shazam<35><STEAM_0:1:59236187><Jinrai>" killed "[MXican] NeoTokyoScrub<32><STEAM_0:1:95715175><NSF>" with "srm"
L 02/25/2024 - 23:00:31: "[DYS] You're Pissed Off<28><STEAM_0:1:44658357><Jinrai>" triggered "kill_assist"
L 02/25/2024 - 23:00:40: "[MXican] Halcyon<22><STEAM_0:1:2864524><NSF>" killed "[DYS] Shazam<35><STEAM_0:1:59236187><Jinrai>" with "srm"
L 02/25/2024 - 23:00:42: "[MXican] Halcyon<22><STEAM_0:1:2864524><NSF>" killed "[DYS] You're Pissed Off<28><STEAM_0:1:44658357><Jinrai>" with "srm"
L 02/25/2024 - 23:00:42: "[DYS] You're Pissed Off<28><STEAM_0:1:44658357><Jinrai>" say_team "100 Recon srm"
L 02/25/2024 - 23:00:42: "[DYS] Infrequent<3><STEAM_0:1:6384081><Jinrai>" killed "[MXican] Ghost Lizard<6><STEAM_0:1:20336729><NSF>" with "zr68s"
L 02/25/2024 - 23:00:42: "[MXican] Ghost Lizard<6><STEAM_0:1:20336729><NSF>" say_team "100 Assault zr68s"
L 02/25/2024 - 23:00:43: "[DYS] bauxite<30><STEAM_0:0:5757747><Jinrai>" say_team "drop"
L 02/25/2024 - 23:00:45: "[DYS] Infrequent<3><STEAM_0:1:6384081><Jinrai>" killed "[MXican] Wahaha-<10><STEAM_0:1:17526508><NSF>" with "zr68s"
L 02/25/2024 - 23:00:46: "[MXican] Wahaha-<10><STEAM_0:1:17526508><NSF>" say_team "100 Assault zr68s"
L 02/25/2024 - 23:00:52: "[MXican] Halcyon<22><STEAM_0:1:2864524><NSF>" killed "[DYS] Hosomi<15><STEAM_0:0:51357353><Jinrai>" with "srm"
L 02/25/2024 - 23:00:52: "[MXican] Boltronics<19><STEAM_0:1:84048595><NSF>" triggered "kill_assist"
L 02/25/2024 - 23:00:54: "[DYS] Infrequent<3><STEAM_0:1:6384081><Jinrai>" killed "[MXican] Halcyon<22><STEAM_0:1:2864524><NSF>" with "zr68s"
L 02/25/2024 - 23:00:54: "[MXican] Halcyon<22><STEAM_0:1:2864524><NSF>" say_team "100 Assault zr68s"
L 02/25/2024 - 23:01:06: "kino<23><STEAM_0:0:83067719><Spectator>" say "[DYS][DYS][DYS][DYS][DYS]"
L 02/25/2024 - 23:01:08: "[MXican] Wahaha-<10><STEAM_0:1:17526508><NSF>" say "@[FLRK] [FLRK] [FLRK] [FLRK] [FLRK] [FLRK] [FLRK] [FLRK]"
L 02/25/2024 - 23:01:14: "[DYS] Infrequent<3><STEAM_0:1:6384081><Jinrai>" say "kino, don't."
L 02/25/2024 - 23:01:15: "[DYS] bauxite<30><STEAM_0:0:5757747><Jinrai>" say_team "im not going basement cos im just too slow to be useful there"
L 02/25/2024 - 23:02:23: "[MXican] Boltronics<19><STEAM_0:1:84048595><NSF>" killed "[DYS] bauxite<30><STEAM_0:0:5757747><Jinrai>" with "zr68s"
L 02/25/2024 - 23:02:23: "[DYS] bauxite<30><STEAM_0:0:5757747><Jinrai>" say_team "100 Assault zr68s"
L 02/25/2024 - 23:02:24: "[MXican] Boltronics<19><STEAM_0:1:84048595><NSF>" killed "[DYS] Shazam<35><STEAM_0:1:59236187><Jinrai>" with "zr68s"
L 02/25/2024 - 23:02:37: "[DYS] Infrequent<3><STEAM_0:1:6384081><Jinrai>" killed "[MXican] Boltronics<19><STEAM_0:1:84048595><NSF>" with "zr68s"
L 02/25/2024 - 23:02:37: "[MXican] Boltronics<19><STEAM_0:1:84048595><NSF>" say_team "100 Assault zr68s"
L 02/25/2024 - 23:02:45: "[DYS] Infrequent<3><STEAM_0:1:6384081><Jinrai>" killed "[MXican] Wahaha-<10><STEAM_0:1:17526508><NSF>" with "zr68s"
L 02/25/2024 - 23:02:45: "[DYS] You're Pissed Off<28><STEAM_0:1:44658357><Jinrai>" triggered "kill_assist"
L 02/25/2024 - 23:02:46: "[MXican] Wahaha-<10><STEAM_0:1:17526508><NSF>" say_team "100 Assault zr68s"
L 02/25/2024 - 23:03:13: "[MXican] Halcyon<22><STEAM_0:1:2864524><NSF>" killed "[DYS] You're Pissed Off<28><STEAM_0:1:44658357><Jinrai>" with "mx"
L 02/25/2024 - 23:03:13: "[MXican] Ghost Lizard<6><STEAM_0:1:20336729><NSF>" triggered "kill_assist"
L 02/25/2024 - 23:03:13: "[DYS] You're Pissed Off<28><STEAM_0:1:44658357><Jinrai>" say_team "100 Support mx"
L 02/25/2024 - 23:03:17: "[DYS] Infrequent<3><STEAM_0:1:6384081><Jinrai>" killed "[MXican] NeoTokyoScrub<32><STEAM_0:1:95715175><NSF>" with "zr68s"
L 02/25/2024 - 23:03:26: "[DYS] Infrequent<3><STEAM_0:1:6384081><Jinrai>" killed "[MXican] Ghost Lizard<6><STEAM_0:1:20336729><NSF>" with "zr68s"
L 02/25/2024 - 23:03:26: "[MXican] Ghost Lizard<6><STEAM_0:1:20336729><NSF>" say_team "5 Assault zr68s"
L 02/25/2024 - 23:03:44: "[MXican] Halcyon<22><STEAM_0:1:2864524><NSF>" killed "[DYS] Infrequent<3><STEAM_0:1:6384081><Jinrai>" with "mx"
L 02/25/2024 - 23:03:44: "[MXican] Ghost Lizard<6><STEAM_0:1:20336729><NSF>" triggered "kill_assist"
L 02/25/2024 - 23:03:48: "[DYS] bauxite<30><STEAM_0:0:5757747><Jinrai>" say_team "dont lineup"
L 02/25/2024 - 23:03:57: "[DYS] bauxite<30><STEAM_0:0:5757747><Jinrai>" say_team "we just line up every time"
L 02/25/2024 - 23:04:37: "[DYS] bauxite<30><STEAM_0:0:5757747><Jinrai>" killed "[MXican] Boltronics<19><STEAM_0:1:84048595><NSF>" with "zr68c"
L 02/25/2024 - 23:04:37: "[MXican] Boltronics<19><STEAM_0:1:84048595><NSF>" say_team "34 Support zr68c"
L 02/25/2024 - 23:04:40: "[MXican] NeoTokyoScrub<32><STEAM_0:1:95715175><NSF>" killed "[DYS] bauxite<30><STEAM_0:0:5757747><Jinrai>" with "zr68s"
L 02/25/2024 - 23:04:40: "[MXican] Boltronics<19><STEAM_0:1:84048595><NSF>" triggered "kill_assist"
L 02/25/2024 - 23:04:40: "[DYS] bauxite<30><STEAM_0:0:5757747><Jinrai>" say_team "87 Assault zr68s"
L 02/25/2024 - 23:04:42: "[DYS] bauxite<30><STEAM_0:0:5757747><Jinrai>" say_team "left"
L 02/25/2024 - 23:06:21: "[MXican] NeoTokyoScrub<32><STEAM_0:1:95715175><NSF>" killed "[DYS] Shazam<35><STEAM_0:1:59236187><Jinrai>" with "zr68s"
L 02/25/2024 - 23:06:22: "[DYS] You're Pissed Off<28><STEAM_0:1:44658357><Jinrai>" killed "[MXican] Wahaha-<10><STEAM_0:1:17526508><NSF>" with "zr68s"
L 02/25/2024 - 23:06:22: "[DYS] Infrequent<3><STEAM_0:1:6384081><Jinrai>" triggered "kill_assist"
L 02/25/2024 - 23:06:22: "[MXican] Wahaha-<10><STEAM_0:1:17526508><NSF>" say_team "54 Assault zr68s"
L 02/25/2024 - 23:06:22: "[MXican] NeoTokyoScrub<32><STEAM_0:1:95715175><NSF>" killed "[DYS] You're Pissed Off<28><STEAM_0:1:44658357><Jinrai>" with "zr68s"
L 02/25/2024 - 23:06:22: "[DYS] You're Pissed Off<28><STEAM_0:1:44658357><Jinrai>" say_team "40 Assault zr68s"
L 02/25/2024 - 23:06:24: "[DYS] Hosomi<15><STEAM_0:0:51357353><Jinrai>" killed "[MXican] Ghost Lizard<6><STEAM_0:1:20336729><NSF>" with "grenade_detapack"
L 02/25/2024 - 23:06:24: "[MXican] Ghost Lizard<6><STEAM_0:1:20336729><NSF>" say_team "100 Recon grenade_detapack"
L 02/25/2024 - 23:06:32: "[DYS] bauxite<30><STEAM_0:0:5757747><Jinrai>" say_team "how many sups do they have"
L 02/25/2024 - 23:06:32: "[DYS] Infrequent<3><STEAM_0:1:6384081><Jinrai>" killed "[MXican] NeoTokyoScrub<32><STEAM_0:1:95715175><NSF>" with "mx"
L 02/25/2024 - 23:06:57: "[DYS] bauxite<30><STEAM_0:0:5757747><Jinrai>" say_team "we are in lead btw"
L 02/25/2024 - 23:07:31: "[MXican] Boltronics<19><STEAM_0:1:84048595><NSF>" killed "[DYS] You're Pissed Off<28><STEAM_0:1:44658357><Jinrai>" with "jittescoped"
L 02/25/2024 - 23:07:31: "[DYS] You're Pissed Off<28><STEAM_0:1:44658357><Jinrai>" say_team "100 Recon jittescoped"
L 02/25/2024 - 23:07:51: "[MXican] Wahaha-<10><STEAM_0:1:17526508><NSF>" killed "[DYS] Hosomi<15><STEAM_0:0:51357353><Jinrai>" with "zr68s"
L 02/25/2024 - 23:07:51: "[MXican] Boltronics<19><STEAM_0:1:84048595><NSF>" triggered "kill_assist"
L 02/25/2024 - 23:07:53: "[DYS] Infrequent<3><STEAM_0:1:6384081><Jinrai>" killed "[MXican] Wahaha-<10><STEAM_0:1:17526508><NSF>" with "mx"
L 02/25/2024 - 23:07:53: "[MXican] Wahaha-<10><STEAM_0:1:17526508><NSF>" say_team "100 Assault mx"
L 02/25/2024 - 23:07:55: "[DYS] bauxite<30><STEAM_0:0:5757747><Jinrai>" killed "[MXican] NeoTokyoScrub<32><STEAM_0:1:95715175><NSF>" with "zr68c"
L 02/25/2024 - 23:07:57: "[DYS] Infrequent<3><STEAM_0:1:6384081><Jinrai>" killed "[MXican] Boltronics<19><STEAM_0:1:84048595><NSF>" with "mx"
L 02/25/2024 - 23:07:57: "[MXican] Boltronics<19><STEAM_0:1:84048595><NSF>" say_team "63 Assault mx"
L 02/25/2024 - 23:07:58: "[MXican] Ghost Lizard<6><STEAM_0:1:20336729><NSF>" killed "[DYS] bauxite<30><STEAM_0:0:5757747><Jinrai>" with "zr68s"
L 02/25/2024 - 23:07:58: "[MXican] NeoTokyoScrub<32><STEAM_0:1:95715175><NSF>" triggered "kill_assist"
L 02/25/2024 - 23:07:58: "[DYS] bauxite<30><STEAM_0:0:5757747><Jinrai>" say_team "88 Assault zr68s"
L 02/25/2024 - 23:08:21: "[DYS] bauxite<30><STEAM_0:0:5757747><Jinrai>" say_team "88 assault was near me"
L 02/25/2024 - 23:08:58: "[MXican] Ghost Lizard<6><STEAM_0:1:20336729><NSF>" killed "[DYS] Shazam<35><STEAM_0:1:59236187><Jinrai>" with "tachi"
L 02/25/2024 - 23:08:58: "[MXican] Boltronics<19><STEAM_0:1:84048595><NSF>" triggered "kill_assist"
L 02/25/2024 - 23:08:59: "[DYS] Infrequent<3><STEAM_0:1:6384081><Jinrai>" killed "[MXican] Halcyon<22><STEAM_0:1:2864524><NSF>" with "mx"
L 02/25/2024 - 23:08:59: "[MXican] Halcyon<22><STEAM_0:1:2864524><NSF>" say_team "37 Assault mx"
L 02/25/2024 - 23:10:04: "[DYS] Hosomi<15><STEAM_0:0:51357353><Jinrai>" killed "[MXican] Boltronics<19><STEAM_0:1:84048595><NSF>" with "jittescoped"
L 02/25/2024 - 23:10:04: "[MXican] Boltronics<19><STEAM_0:1:84048595><NSF>" say_team "100 Recon jittescoped"
L 02/25/2024 - 23:10:31: "[MXican] Wahaha-<10><STEAM_0:1:17526508><NSF>" killed "[DYS] Shazam<35><STEAM_0:1:59236187><Jinrai>" with "zr68s"
L 02/25/2024 - 23:10:32: "[MXican] Wahaha-<10><STEAM_0:1:17526508><NSF>" killed "[DYS] Hosomi<15><STEAM_0:0:51357353><Jinrai>" with "zr68s"
L 02/25/2024 - 23:10:32: "[MXican] Ghost Lizard<6><STEAM_0:1:20336729><NSF>" triggered "kill_assist"
L 02/25/2024 - 23:10:34: "[DYS] bauxite<30><STEAM_0:0:5757747><Jinrai>" killed "[MXican] NeoTokyoScrub<32><STEAM_0:1:95715175><NSF>" with "zr68c"
L 02/25/2024 - 23:10:34: "[DYS] Infrequent<3><STEAM_0:1:6384081><Jinrai>" killed "[MXican] Wahaha-<10><STEAM_0:1:17526508><NSF>" with "mx"
L 02/25/2024 - 23:10:35: "[MXican] Wahaha-<10><STEAM_0:1:17526508><NSF>" say_team "100 Assault mx"
L 02/25/2024 - 23:10:52: "[MXican] Ghost Lizard<6><STEAM_0:1:20336729><NSF>" killed "[DYS] bauxite<30><STEAM_0:0:5757747><Jinrai>" with "mx"
L 02/25/2024 - 23:10:52: "[MXican] NeoTokyoScrub<32><STEAM_0:1:95715175><NSF>" triggered "kill_assist"
L 02/25/2024 - 23:10:52: "[DYS] bauxite<30><STEAM_0:0:5757747><Jinrai>" say_team "18 Support mx"
L 02/25/2024 - 23:10:56: "[DYS] bauxite<30><STEAM_0:0:5757747><Jinrai>" say_team "18 on ghost"
L 02/25/2024 - 23:11:35: "[DYS] You're Pissed Off<28><STEAM_0:1:44658357><Jinrai>" killed "[MXican] Ghost Lizard<6><STEAM_0:1:20336729><NSF>" with "zr68s"
L 02/25/2024 - 23:11:35: "[DYS] Hosomi<15><STEAM_0:0:51357353><Jinrai>" triggered "kill_assist"
L 02/25/2024 - 23:11:35: "[MXican] Ghost Lizard<6><STEAM_0:1:20336729><NSF>" say_team "100 Assault zr68s"
L 02/25/2024 - 23:12:41: "[MXican] Ghost Lizard<6><STEAM_0:1:20336729><NSF>" killed "[DYS] bauxite<30><STEAM_0:0:5757747><Jinrai>" with "mx"
L 02/25/2024 - 23:12:41: "[MXican] Boltronics<19><STEAM_0:1:84048595><NSF>" triggered "kill_assist"
L 02/25/2024 - 23:12:41: "[DYS] bauxite<30><STEAM_0:0:5757747><Jinrai>" say_team "54 Support mx"
L 02/25/2024 - 23:13:05: "[MXican] Ghost Lizard<6><STEAM_0:1:20336729><NSF>" killed "[DYS] You're Pissed Off<28><STEAM_0:1:44658357><Jinrai>" with "mx"
L 02/25/2024 - 23:13:05: "[DYS] You're Pissed Off<28><STEAM_0:1:44658357><Jinrai>" say_team "49 Support mx"
L 02/25/2024 - 23:13:09: "[DYS] Infrequent<3><STEAM_0:1:6384081><Jinrai>" killed "[MXican] Wahaha-<10><STEAM_0:1:17526508><NSF>" with "mx"
L 02/25/2024 - 23:13:09: "[MXican] Wahaha-<10><STEAM_0:1:17526508><NSF>" say_team "28 Assault mx"
L 02/25/2024 - 23:13:17: "[DYS] Shazam<35><STEAM_0:1:59236187><Jinrai>" killed "[MXican] Ghost Lizard<6><STEAM_0:1:20336729><NSF>" with "grenade_detapack"
L 02/25/2024 - 23:13:18: "[MXican] Ghost Lizard<6><STEAM_0:1:20336729><NSF>" say_team "20 Recon grenade_detapack"
L 02/25/2024 - 23:13:57: "[DYS] bauxite<30><STEAM_0:0:5757747><Jinrai>" say_team "drop it i think"
L 02/25/2024 - 23:14:19: "[MXican] Ghost Lizard<6><STEAM_0:1:20336729><NSF>" say_team "risk it guys"
L 02/25/2024 - 23:14:28: "[DYS] bauxite<30><STEAM_0:0:5757747><Jinrai>" say_team "why didnt we play on bon"
L 02/25/2024 - 23:14:28: "[MXican] Halcyon<22><STEAM_0:1:2864524><NSF>" killed "[DYS] Shazam<35><STEAM_0:1:59236187><Jinrai>" with "mx"
L 02/25/2024 - 23:14:35: "[DYS] Hosomi<15><STEAM_0:0:51357353><Jinrai>" killed "[MXican] NeoTokyoScrub<32><STEAM_0:1:95715175><NSF>" with "mx"
L 02/25/2024 - 23:14:40: "[DYS] bauxite<30><STEAM_0:0:5757747><Jinrai>" say_team "i cant hit a shit rn"
L 02/25/2024 - 23:15:17: "[DYS] Infrequent<3><STEAM_0:1:6384081><Jinrai>" killed "[MXican] Boltronics<19><STEAM_0:1:84048595><NSF>" with "mx"
L 02/25/2024 - 23:15:17: "[DYS] Shazam<35><STEAM_0:1:59236187><Jinrai>" triggered "kill_assist"
L 02/25/2024 - 23:15:17: "[MXican] Boltronics<19><STEAM_0:1:84048595><NSF>" say_team "100 Assault mx"
L 02/25/2024 - 23:15:20: "[MXican] Boltronics<19><STEAM_0:1:84048595><NSF>" say "no dmg??"
L 02/25/2024 - 23:15:22: "[MXican] Boltronics<19><STEAM_0:1:84048595><NSF>" say "Fuck ur server baux"
L 02/25/2024 - 23:15:26: "[MXican] Wahaha-<10><STEAM_0:1:17526508><NSF>" killed "[DYS] Shazam<35><STEAM_0:1:59236187><Jinrai>" with "zr68s"
L 02/25/2024 - 23:15:26: "[MXican] Boltronics<19><STEAM_0:1:84048595><NSF>" triggered "kill_assist"
L 02/25/2024 - 23:15:44: "[DYS] You're Pissed Off<28><STEAM_0:1:44658357><Jinrai>" killed "[MXican] NeoTokyoScrub<32><STEAM_0:1:95715175><NSF>" with "zr68s"
L 02/25/2024 - 23:15:51: "[MXican] Halcyon<22><STEAM_0:1:2864524><NSF>" killed "[DYS] You're Pissed Off<28><STEAM_0:1:44658357><Jinrai>" with "mx"
L 02/25/2024 - 23:15:51: "[MXican] NeoTokyoScrub<32><STEAM_0:1:95715175><NSF>" triggered "kill_assist"
L 02/25/2024 - 23:15:51: "[DYS] You're Pissed Off<28><STEAM_0:1:44658357><Jinrai>" say_team "100 Support mx"
L 02/25/2024 - 23:16:26: "[DYS] bauxite<30><STEAM_0:0:5757747><Jinrai>" killed "[MXican] Halcyon<22><STEAM_0:1:2864524><NSF>" with "mx"
L 02/25/2024 - 23:16:26: "[MXican] Halcyon<22><STEAM_0:1:2864524><NSF>" say_team "31 Support mx"
L 02/25/2024 - 23:16:59: "[MXican] Wahaha-<10><STEAM_0:1:17526508><NSF>" killed "[DYS] bauxite<30><STEAM_0:0:5757747><Jinrai>" with "zr68s"
L 02/25/2024 - 23:16:59: "[MXican] Halcyon<22><STEAM_0:1:2864524><NSF>" triggered "kill_assist"
L 02/25/2024 - 23:16:59: "[DYS] bauxite<30><STEAM_0:0:5757747><Jinrai>" say_team "10 Assault zr68s"
L 02/25/2024 - 23:17:06: "[MXican] Halcyon<22><STEAM_0:1:2864524><NSF>" say " F U baux :D "
L 02/25/2024 - 23:17:07: "[DYS] bauxite<30><STEAM_0:0:5757747><Jinrai>" say_team "10 hp behind a car on right"
L 02/25/2024 - 23:19:35: "[DYS] You're Pissed Off<28><STEAM_0:1:44658357><Jinrai>" killed "[MXican] NeoTokyoScrub<32><STEAM_0:1:95715175><NSF>" with "grenade_projectile"
L 02/25/2024 - 23:19:48: "[DYS] You're Pissed Off<28><STEAM_0:1:44658357><Jinrai>" killed "[MXican] Ghost Lizard<6><STEAM_0:1:20336729><NSF>" with "zr68s"
L 02/25/2024 - 23:19:48: "[DYS] Shazam<35><STEAM_0:1:59236187><Jinrai>" triggered "kill_assist"
L 02/25/2024 - 23:19:48: "[MXican] Ghost Lizard<6><STEAM_0:1:20336729><NSF>" say_team "66 Assault zr68s"
L 02/25/2024 - 23:19:51: "[DYS] bauxite<30><STEAM_0:0:5757747><Jinrai>" say_team "I'm going in!"
L 02/25/2024 - 23:19:55: "[DYS] bauxite<30><STEAM_0:0:5757747><Jinrai>" say_team "I'm going in!"
L 02/25/2024 - 23:20:02: "[DYS] bauxite<30><STEAM_0:0:5757747><Jinrai>" killed "[MXican] Boltronics<19><STEAM_0:1:84048595><NSF>" with "mx"
L 02/25/2024 - 23:20:03: "[MXican] Boltronics<19><STEAM_0:1:84048595><NSF>" say_team "38 Support mx"
L 02/25/2024 - 23:20:14: "[DYS] Shazam<35><STEAM_0:1:59236187><Jinrai>" killed "[MXican] Wahaha-<10><STEAM_0:1:17526508><NSF>" with "grenade_detapack"
L 02/25/2024 - 23:20:14: "[MXican] Wahaha-<10><STEAM_0:1:17526508><NSF>" say_team "50 Recon grenade_detapack"
L 02/25/2024 - 23:20:26: "[DYS] bauxite<30><STEAM_0:0:5757747><Jinrai>" say_team "we shud have made a move when we got 5v3 "
L 02/25/2024 - 23:20:39: "[MXican] Halcyon<22><STEAM_0:1:2864524><NSF>" say "lol"
L 02/25/2024 - 23:20:45: "[MXican] Halcyon<22><STEAM_0:1:2864524><NSF>" say "Ddidnt register"
L 02/25/2024 - 23:21:01: "[DYS] Infrequent<3><STEAM_0:1:6384081><Jinrai>" killed "[MXican] NeoTokyoScrub<32><STEAM_0:1:95715175><NSF>" with "mx"
L 02/25/2024 - 23:21:50: "[MXican] Wahaha-<10><STEAM_0:1:17526508><NSF>" killed "[DYS] Shazam<35><STEAM_0:1:59236187><Jinrai>" with "grenade_projectile"
L 02/25/2024 - 23:21:58: "[MXican] Wahaha-<10><STEAM_0:1:17526508><NSF>" killed "[DYS] Infrequent<3><STEAM_0:1:6384081><Jinrai>" with "zr68s"
L 02/25/2024 - 23:22:02: "[MXican] Wahaha-<10><STEAM_0:1:17526508><NSF>" killed "[DYS] Hosomi<15><STEAM_0:0:51357353><Jinrai>" with "mx"
L 02/25/2024 - 23:22:06: "[MXican] Wahaha-<10><STEAM_0:1:17526508><NSF>" killed "[DYS] You're Pissed Off<28><STEAM_0:1:44658357><Jinrai>" with "mx"
L 02/25/2024 - 23:22:06: "[DYS] You're Pissed Off<28><STEAM_0:1:44658357><Jinrai>" say_team "18 Assault mx"
L 02/25/2024 - 23:22:08: "[MXican] Boltronics<19><STEAM_0:1:84048595><NSF>" killed "[DYS] bauxite<30><STEAM_0:0:5757747><Jinrai>" with "mx"
L 02/25/2024 - 23:22:08: "[DYS] bauxite<30><STEAM_0:0:5757747><Jinrai>" say_team "94 Assault mx"
L 02/25/2024 - 23:22:21: "[MXican] Wahaha-<10><STEAM_0:1:17526508><NSF>" say "rez is getting that one lol"
L 02/25/2024 - 23:23:28: "[MXican] Boltronics<19><STEAM_0:1:84048595><NSF>" killed "[DYS] You're Pissed Off<28><STEAM_0:1:44658357><Jinrai>" with "grenade_projectile"
L 02/25/2024 - 23:23:28: "[DYS] You're Pissed Off<28><STEAM_0:1:44658357><Jinrai>" say_team "100 Assault grenade_projectile"
L 02/25/2024 - 23:23:53: "[DYS] bauxite<30><STEAM_0:0:5757747><Jinrai>" killed "[MXican] NeoTokyoScrub<32><STEAM_0:1:95715175><NSF>" with "mx"
L 02/25/2024 - 23:23:53: "[MXican] Boltronics<19><STEAM_0:1:84048595><NSF>" killed "[DYS] bauxite<30><STEAM_0:0:5757747><Jinrai>" with "mx"
L 02/25/2024 - 23:23:54: "[DYS] bauxite<30><STEAM_0:0:5757747><Jinrai>" say_team "44 Assault mx"
L 02/25/2024 - 23:23:58: "[DYS] bauxite<30><STEAM_0:0:5757747><Jinrai>" say_team "1 more frog"
L 02/25/2024 - 23:24:30: "[MXican] Wahaha-<10><STEAM_0:1:17526508><NSF>" killed "[DYS] Infrequent<3><STEAM_0:1:6384081><Jinrai>" with "grenade_projectile"
L 02/25/2024 - 23:24:35: "[MXican] Boltronics<19><STEAM_0:1:84048595><NSF>" killed "[DYS] Hosomi<15><STEAM_0:0:51357353><Jinrai>" with "mx"
L 02/25/2024 - 23:24:37: "[MXican] Wahaha-<10><STEAM_0:1:17526508><NSF>" killed "[DYS] Shazam<35><STEAM_0:1:59236187><Jinrai>" with "mx"
L 02/25/2024 - 23:27:11: "[MXican] Wahaha-<10><STEAM_0:1:17526508><NSF>" say "VISCERAL COMBAT"
L 02/25/2024 - 23:27:14: "[MXican] Wahaha-<10><STEAM_0:1:17526508><NSF>" say "REDEFINED"
L 02/25/2024 - 23:28:59: "[MXican] Halcyon<22><STEAM_0:1:2864524><NSF>" killed "[DYS] You're Pissed Off<28><STEAM_0:1:44658357><Jinrai>" with "grenade_detapack"
L 02/25/2024 - 23:28:59: "[DYS] You're Pissed Off<28><STEAM_0:1:44658357><Jinrai>" say_team "100 Recon grenade_detapack"
L 02/25/2024 - 23:29:05: "[MXican] Ghost Lizard<6><STEAM_0:1:20336729><NSF>" killed "[DYS] Infrequent<3><STEAM_0:1:6384081><Jinrai>" with "zr68s"
L 02/25/2024 - 23:29:21: "[DYS] bauxite<30><STEAM_0:0:5757747><Jinrai>" killed "[MXican] Boltronics<19><STEAM_0:1:84048595><NSF>" with "mx"
L 02/25/2024 - 23:29:21: "[MXican] Boltronics<19><STEAM_0:1:84048595><NSF>" say_team "100 Support mx"
L 02/25/2024 - 23:29:24: "[MXican] Halcyon<22><STEAM_0:1:2864524><NSF>" killed "[DYS] bauxite<30><STEAM_0:0:5757747><Jinrai>" with "jittescoped"
L 02/25/2024 - 23:29:24: "[MXican] Ghost Lizard<6><STEAM_0:1:20336729><NSF>" triggered "kill_assist"
L 02/25/2024 - 23:29:24: "[DYS] bauxite<30><STEAM_0:0:5757747><Jinrai>" say_team "100 Recon jittescoped"
L 02/25/2024 - 23:29:24: "[DYS] Shazam<35><STEAM_0:1:59236187><Jinrai>" killed "[MXican] Ghost Lizard<6><STEAM_0:1:20336729><NSF>" with "mx"
L 02/25/2024 - 23:29:24: "[DYS] bauxite<30><STEAM_0:0:5757747><Jinrai>" triggered "kill_assist"
L 02/25/2024 - 23:29:25: "[MXican] Ghost Lizard<6><STEAM_0:1:20336729><NSF>" say_team "69 Recon mx"
L 02/25/2024 - 23:29:25: "[DYS] Hosomi<15><STEAM_0:0:51357353><Jinrai>" killed "[MXican] NeoTokyoScrub<32><STEAM_0:1:95715175><NSF>" with "mx"
L 02/25/2024 - 23:29:34: "[MXican] Ghost Lizard<6><STEAM_0:1:20336729><NSF>" say_team "recon ladder mx"
L 02/25/2024 - 23:29:36: "[MXican] Halcyon<22><STEAM_0:1:2864524><NSF>" killed "[DYS] Hosomi<15><STEAM_0:0:51357353><Jinrai>" with "mx"
L 02/25/2024 - 23:29:51: "[DYS] Shazam<35><STEAM_0:1:59236187><Jinrai>" killed "[MXican] Wahaha-<10><STEAM_0:1:17526508><NSF>" with "mx"
L 02/25/2024 - 23:29:52: "[MXican] Wahaha-<10><STEAM_0:1:17526508><NSF>" say_team "63 Recon mx"
L 02/25/2024 - 23:30:06: "[MXican] Ghost Lizard<6><STEAM_0:1:20336729><NSF>" say "!pause"
L 02/25/2024 - 23:30:26: "[MXican] Wahaha-<10><STEAM_0:1:17526508><NSF>" say "liz cant wait 2 rounds to piss"
L 02/25/2024 - 23:30:28: "[MXican] Wahaha-<10><STEAM_0:1:17526508><NSF>" say "x-x"
L 02/25/2024 - 23:30:46: "[ikko] Shinra (Ikki)<26><STEAM_0:0:17487274><Spectator>" say "if he doesnt remove the calcium from his body, he lays eggs"
L 02/25/2024 - 23:30:55: "[DYS] bauxite<30><STEAM_0:0:5757747><Jinrai>" say "performance enhancing pee breaks"
L 02/25/2024 - 23:30:56: "[MXican] Halcyon<22><STEAM_0:1:2864524><NSF>" say "Point taken lol"
L 02/25/2024 - 23:30:56: "[MXican] Wahaha-<10><STEAM_0:1:17526508><NSF>" say "life"
L 02/25/2024 - 23:30:57: "[MXican] Wahaha-<10><STEAM_0:1:17526508><NSF>" say "uh"
L 02/25/2024 - 23:30:59: "[MXican] Wahaha-<10><STEAM_0:1:17526508><NSF>" say "finds a way"
L 02/25/2024 - 23:34:27: "[MXican] Ghost Lizard<6><STEAM_0:1:20336729><NSF>" killed "[DYS] You're Pissed Off<28><STEAM_0:1:44658357><Jinrai>" with "zr68s"
L 02/25/2024 - 23:34:27: "[MXican] NeoTokyoScrub<32><STEAM_0:1:95715175><NSF>" triggered "kill_assist"
L 02/25/2024 - 23:34:27: "[DYS] You're Pissed Off<28><STEAM_0:1:44658357><Jinrai>" say_team "100 Support zr68s"
L 02/25/2024 - 23:34:36: "[MXican] Ghost Lizard<6><STEAM_0:1:20336729><NSF>" killed "[DYS] bauxite<30><STEAM_0:0:5757747><Jinrai>" with "zr68s"
L 02/25/2024 - 23:34:36: "[DYS] bauxite<30><STEAM_0:0:5757747><Jinrai>" say_team "62 Support zr68s"
L 02/25/2024 - 23:35:24: "kino<23><STEAM_0:0:83067719><Spectator>" disconnected (reason "kino timed out")
L 02/25/2024 - 23:35:33: "[MXican] Halcyon<22><STEAM_0:1:2864524><NSF>" killed "[DYS] Hosomi<15><STEAM_0:0:51357353><Jinrai>" with "grenade_detapack"
L 02/25/2024 - 23:35:43: "[MXican] Ghost Lizard<6><STEAM_0:1:20336729><NSF>" killed "[DYS] You're Pissed Off<28><STEAM_0:1:44658357><Jinrai>" with "zr68s"
L 02/25/2024 - 23:35:43: "[DYS] You're Pissed Off<28><STEAM_0:1:44658357><Jinrai>" say_team "100 Support zr68s"
L 02/25/2024 - 23:36:00: "[MXican] Wahaha-<10><STEAM_0:1:17526508><NSF>" killed "[DYS] Shazam<35><STEAM_0:1:59236187><Jinrai>" with "mx"
L 02/25/2024 - 23:36:03: "[DYS] Infrequent<3><STEAM_0:1:6384081><Jinrai>" killed "[MXican] Wahaha-<10><STEAM_0:1:17526508><NSF>" with "mx"
L 02/25/2024 - 23:36:04: "[MXican] Wahaha-<10><STEAM_0:1:17526508><NSF>" say_team "100 Assault mx"
L 02/25/2024 - 23:36:16: "[MXican] Ghost Lizard<6><STEAM_0:1:20336729><NSF>" killed "[DYS] bauxite<30><STEAM_0:0:5757747><Jinrai>" with "mx"
L 02/25/2024 - 23:36:16: "[DYS] bauxite<30><STEAM_0:0:5757747><Jinrai>" say_team "58 Support mx"
L 02/25/2024 - 23:36:37: "[MXican] Boltronics<19><STEAM_0:1:84048595><NSF>" killed "[DYS] Infrequent<3><STEAM_0:1:6384081><Jinrai>" with "mx"
L 02/25/2024 - 23:36:39: "[MXican] Halcyon<22><STEAM_0:1:2864524><NSF>" say "GG"
L 02/25/2024 - 23:36:40: "[MXican] Boltronics<19><STEAM_0:1:84048595><NSF>" say "gg"
L 02/25/2024 - 23:36:42: "[DYS] bauxite<30><STEAM_0:0:5757747><Jinrai>" say "gg wp"
L 02/25/2024 - 23:36:43: "[MXican] Wahaha-<10><STEAM_0:1:17526508><NSF>" say "ggg"
L 02/25/2024 - 23:36:48: "[MXican] Ghost Lizard<6><STEAM_0:1:20336729><NSF>" say "gg"
L 02/25/2024 - 23:36:56: "[MXican] Boltronics<19><STEAM_0:1:84048595><NSF>" say "third?"
L 02/25/2024 - 23:36:59: "[MXican] Halcyon<22><STEAM_0:1:2864524><NSF>" say "scrub went burger ping"
L 02/25/2024 - 23:36:59: "[MXican] Wahaha-<10><STEAM_0:1:17526508><NSF>" say "i dont think we can make tietama after this"
L 02/25/2024 - 23:37:00: "kino<36><STEAM_ID_PENDING><>" connected, address "213.219.122.223:27005"
L 02/25/2024 - 23:37:00: "kino<36><STEAM_0:0:83067719><>" STEAM USERID validated
L 02/25/2024 - 23:37:02: "[DYS] You're Pissed Off<28><STEAM_0:1:44658357><Jinrai>" say "nah"
L 02/25/2024 - 23:37:02: "kino<36><STEAM_0:0:83067719><>" entered the game
L 02/25/2024 - 23:37:03: "[DYS] bauxite<30><STEAM_0:0:5757747><Jinrai>" say "i dont mind"
L 02/25/2024 - 23:37:05: "kino<36><STEAM_0:0:83067719><Unassigned>" joined team "Spectator"
L 02/25/2024 - 23:37:06: "[MXican] Boltronics<19><STEAM_0:1:84048595><NSF>" say "alright"
L 02/25/2024 - 23:37:07: "[MXican] Boltronics<19><STEAM_0:1:84048595><NSF>" say "ggs"
L 02/25/2024 - 23:37:09: "[DYS] bauxite<30><STEAM_0:0:5757747><Jinrai>" say "dunno if team want"
L 02/25/2024 - 23:37:11: "[DYS] Infrequent<3><STEAM_0:1:6384081><Jinrai>" say "nah im good"
L 02/25/2024 - 23:37:12: "[MXican] Wahaha-<10><STEAM_0:1:17526508><NSF>" say "i never wanna see yoko again"
L 02/25/2024 - 23:37:15: "[MXican] Boltronics<19><STEAM_0:1:84048595><NSF>" disconnected (reason "Disconnect by user.")
L 02/25/2024 - 23:37:16: "[DYS] You're Pissed Off<28><STEAM_0:1:44658357><Jinrai>" say "need to sleep"
L 02/25/2024 - 23:37:16: "[DYS] bauxite<30><STEAM_0:0:5757747><Jinrai>" say "same"
L 02/25/2024 - 23:37:17: "[MXican] Wahaha-<10><STEAM_0:1:17526508><NSF>" say "gg"
L 02/25/2024 - 23:37:23: "[MXican] NeoTokyoScrub<32><STEAM_0:1:95715175><NSF>" disconnected (reason "Disconnect by user.")
L 02/25/2024 - 23:37:33: "[MXican] Ghost Lizard<6><STEAM_0:1:20336729><NSF>" disconnected (reason "Disconnect by user.")
L 02/25/2024 - 23:37:58: "kino<36><STEAM_0:0:83067719><Spectator>" say "!n"
L 02/25/2024 - 23:37:58: "kino<36><STEAM_0:0:83067719><Spectator>" joined team "NSF"
L 02/25/2024 - 23:38:01: "kino<36><STEAM_0:0:83067719><NSF>" say "!s"
L 02/25/2024 - 23:38:01: "kino<36><STEAM_0:0:83067719><NSF>" joined team "Spectator"
L 02/25/2024 - 23:39:10: "[DYS] bauxite<30><STEAM_0:0:5757747><Jinrai>" say "!map nt_threadplate_ctg"
L 02/25/2024 - 23:39:10: "[DYS] Shazam<35><STEAM_0:1:59236187><Jinrai>" disconnected (reason "Disconnect by user.")
L 02/25/2024 - 23:39:13: [META] Loaded 0 plugins (1 already loaded)
L 02/25/2024 - 23:39:13: [META] Loaded 0 plugins (1 already loaded)
L 02/25/2024 - 23:39:13: Log file closed
