L 01/25/2024 - 21:25:37: Log file started (file "logs\L0125068.log") (game "z:\home\steam\steam\steamapps\common\nt\NeotokyoSource") (version "4044")
L 01/25/2024 - 21:25:37: server_cvar: "sv_pausable" "0"
L 01/25/2024 - 21:25:37: server_cvar: "sv_contact" "baux.site"
L 01/25/2024 - 21:25:37: server_cvar: "sv_gravity" "800"
L 01/25/2024 - 21:25:37: server_cvar: "mp_friendlyfire" "1"
L 01/25/2024 - 21:25:39: "suna<29><STEAM_0:1:29157668><>" entered the game
L 01/25/2024 - 21:25:39: "soft as HELL<32><STEAM_0:1:14747705><>" entered the game
L 01/25/2024 - 21:25:39: "[DYS] You're Pissed Off<31><STEAM_0:1:44658357><>" entered the game
L 01/25/2024 - 21:25:39: "[DYS] Shazam<43><STEAM_0:1:59236187><>" entered the game
L 01/25/2024 - 21:25:39: "[DYS] xx<46><STEAM_0:0:8714446><>" entered the game
L 01/25/2024 - 21:25:39: "[GB] Puddy<33><STEAM_0:1:19453780><>" entered the game
L 01/25/2024 - 21:25:39: "[DYS] Infrequent<41><STEAM_0:1:6384081><>" entered the game
L 01/25/2024 - 21:25:39: "[GB] Rain ☆彡<30><STEAM_0:0:15075092><>" entered the game
L 01/25/2024 - 21:25:40: "[DYS] Hosomi<34><STEAM_0:0:51357353><>" entered the game
L 01/25/2024 - 21:25:40: "[GB] Agiel<36><STEAM_0:1:25025><>" entered the game
L 01/25/2024 - 21:25:41: "suna<29><STEAM_0:1:29157668><Unassigned>" joined team "NSF"
L 01/25/2024 - 21:25:43: "[GB] Rain ☆彡<30><STEAM_0:0:15075092><Unassigned>" joined team "Spectator"
L 01/25/2024 - 21:25:44: "[GB] Agiel<36><STEAM_0:1:25025><Unassigned>" joined team "NSF"
L 01/25/2024 - 21:25:45: "[GB] Puddy<33><STEAM_0:1:19453780><Unassigned>" joined team "NSF"
L 01/25/2024 - 21:25:45: "[DYS] Hosomi<34><STEAM_0:0:51357353><Unassigned>" joined team "Jinrai"
L 01/25/2024 - 21:25:46: "soft as HELL<32><STEAM_0:1:14747705><Unassigned>" joined team "Jinrai"
L 01/25/2024 - 21:25:48: "[DYS] Shazam<43><STEAM_0:1:59236187><Unassigned>" joined team "Jinrai"
L 01/25/2024 - 21:25:49: "soft as HELL<32><STEAM_0:1:14747705><Jinrai>" joined team "Unassigned"
L 01/25/2024 - 21:25:49: "[DYS] You're Pissed Off<31><STEAM_0:1:44658357><Unassigned>" joined team "Jinrai"
L 01/25/2024 - 21:25:53: "soft as HELL<32><STEAM_0:1:14747705><Unassigned>" joined team "NSF"
L 01/25/2024 - 21:26:40: "[DYS] xx<46><STEAM_0:0:8714446><Unassigned>" joined team "Spectator"
L 01/25/2024 - 21:27:00: "[DYS] Infrequent<41><STEAM_0:1:6384081><Unassigned>" joined team "Jinrai"
L 01/25/2024 - 21:27:42: "[GB] Rain ☆彡<30><STEAM_0:0:15075092><Spectator>" joined team "NSF"
L 01/25/2024 - 21:28:43: "[DYS] xx<46><STEAM_0:0:8714446><Spectator>" joined team "Jinrai"
L 01/25/2024 - 21:28:44: "[DYS] Hosomi<34><STEAM_0:0:51357353><Jinrai>" disconnected (reason "Disconnect by user.")
L 01/25/2024 - 21:29:00: "suna<29><STEAM_0:1:29157668><NSF>" say "baux replacing hos?"
L 01/25/2024 - 21:29:03: "[DYS] You're Pissed Off<31><STEAM_0:1:44658357><Jinrai>" say "yes"
L 01/25/2024 - 21:29:04: "[DYS] Infrequent<41><STEAM_0:1:6384081><Jinrai>" say "ye"
L 01/25/2024 - 21:29:21: "[DYS] bauxite<47><STEAM_ID_PENDING><>" connected, address "86.13.114.58:27005"
L 01/25/2024 - 21:29:21: "[DYS] bauxite<47><STEAM_0:0:5757747><>" STEAM USERID validated
L 01/25/2024 - 21:29:24: "[DYS] bauxite<47><STEAM_0:0:5757747><>" entered the game
L 01/25/2024 - 21:29:27: "[DYS] bauxite<47><STEAM_0:0:5757747><Unassigned>" joined team "Jinrai"
L 01/25/2024 - 21:29:29: "[DYS] Shazam<43><STEAM_0:1:59236187><Jinrai>" committed suicide with "player"
L 01/25/2024 - 21:29:43: "suna<29><STEAM_0:1:29157668><NSF>" committed suicide with "player"
L 01/25/2024 - 21:29:48: "[DYS] bauxite<47><STEAM_0:0:5757747><Jinrai>" say "!ready"
L 01/25/2024 - 21:29:52: "[DYS] You're Pissed Off<31><STEAM_0:1:44658357><Jinrai>" say "!ready"
L 01/25/2024 - 21:29:57: "[DYS] Shazam<43><STEAM_0:1:59236187><Jinrai>" say "!ready"
L 01/25/2024 - 21:30:01: "[DYS] Infrequent<41><STEAM_0:1:6384081><Jinrai>" say "!ready"
L 01/25/2024 - 21:30:03: "[DYS] xx<46><STEAM_0:0:8714446><Jinrai>" say "!ready"
L 01/25/2024 - 21:30:10: "[GB] Puddy<33><STEAM_0:1:19453780><NSF>" say "!ready"
L 01/25/2024 - 21:30:42: "[DYS] Shazam<43><STEAM_0:1:59236187><Jinrai>" say "!ready"
L 01/25/2024 - 21:30:46: "[GB] Agiel<36><STEAM_0:1:25025><NSF>" say "!ready"
L 01/25/2024 - 21:31:08: "[DYS] bauxite<47><STEAM_0:0:5757747><Jinrai>" say_team "they will rush elbow, ill try to go elbow"
L 01/25/2024 - 21:31:41: "[DYS] bauxite<47><STEAM_0:0:5757747><Jinrai>" say_team "suna gonna rush elbow"
L 01/25/2024 - 21:32:03: "[DYS] You're Pissed Off<31><STEAM_0:1:44658357><Jinrai>" say "pass the fenty"
L 01/25/2024 - 21:32:08: "[DYS] bauxite<47><STEAM_0:0:5757747><Jinrai>" say "wher bla"
L 01/25/2024 - 21:32:18: "[DYS] xx<46><STEAM_0:0:8714446><Jinrai>" say "!readylist"
L 01/25/2024 - 21:32:33: "[GB] Puddy<33><STEAM_0:1:19453780><NSF>" say "London RP"
L 01/25/2024 - 21:32:49: "suna<29><STEAM_0:1:29157668><NSF>" say "!ready"
L 01/25/2024 - 21:32:50: "[DYS] You're Pissed Off<31><STEAM_0:1:44658357><Jinrai>" say "I need to be more foreign for it"
L 01/25/2024 - 21:32:59: "[GB] Puddy<33><STEAM_0:1:19453780><NSF>" say "wagwan fam"
L 01/25/2024 - 21:33:02: "[GB] Puddy<33><STEAM_0:1:19453780><NSF>" say "do you want me to stick it out"
L 01/25/2024 - 21:33:05: "suna<29><STEAM_0:1:29157668><NSF>" say "!readylist"
L 01/25/2024 - 21:33:07: "[DYS] Infrequent<41><STEAM_0:1:6384081><Jinrai>" say "!readylist"
L 01/25/2024 - 21:33:07: "[DYS] You're Pissed Off<31><STEAM_0:1:44658357><Jinrai>" say "AYO BLUD RUN ME DEM SHOOZ"
L 01/25/2024 - 21:33:10: "[GB] Rain ☆彡<30><STEAM_0:0:15075092><NSF>" say "!ready"
L 01/25/2024 - 21:33:13: "[DYS] Infrequent<41><STEAM_0:1:6384081><Jinrai>" say "gl hf"
L 01/25/2024 - 21:33:14: "[GB] Rain ☆彡<30><STEAM_0:0:15075092><NSF>" say "glhf"
L 01/25/2024 - 21:33:15: "[GB] Puddy<33><STEAM_0:1:19453780><NSF>" say "GLHF"
L 01/25/2024 - 21:33:16: "[GB] Agiel<36><STEAM_0:1:25025><NSF>" say "gl hf"
L 01/25/2024 - 21:33:16: "suna<29><STEAM_0:1:29157668><NSF>" say "glhf"
L 01/25/2024 - 21:33:16: "[DYS] bauxite<47><STEAM_0:0:5757747><Jinrai>" say "glhf"
L 01/25/2024 - 21:33:20: "[GB] Agiel<36><STEAM_0:1:25025><NSF>" say "baguette baguette baguette"
L 01/25/2024 - 21:33:25: "[DYS] bauxite<47><STEAM_0:0:5757747><Jinrai>" say_team "ill go con"
L 01/25/2024 - 21:33:27: "[GB] Rain ☆彡<30><STEAM_0:0:15075092><NSF>" say "Friday, Friday, Gotta Play NT on Friday!"
L 01/25/2024 - 21:33:29: "[GB] Puddy<33><STEAM_0:1:19453780><NSF>" say "baguette baguette baguette"
L 01/25/2024 - 21:34:20: "[DYS] Shazam<43><STEAM_0:1:59236187><Jinrai>" killed "suna<29><STEAM_0:1:29157668><NSF>" with "srm"
L 01/25/2024 - 21:34:20: "suna<29><STEAM_0:1:29157668><NSF>" say_team "100 Recon srm"
L 01/25/2024 - 21:34:47: "[DYS] You're Pissed Off<31><STEAM_0:1:44658357><Jinrai>" killed "[GB] Puddy<33><STEAM_0:1:19453780><NSF>" with "zr68s"
L 01/25/2024 - 21:34:47: "[GB] Puddy<33><STEAM_0:1:19453780><NSF>" say_team "64 Assault zr68s"
L 01/25/2024 - 21:34:47: "[GB] Agiel<36><STEAM_0:1:25025><NSF>" killed "[DYS] bauxite<47><STEAM_0:0:5757747><Jinrai>" with "zr68s"
L 01/25/2024 - 21:34:48: "[DYS] bauxite<47><STEAM_0:0:5757747><Jinrai>" say_team "4 Assault zr68s"
L 01/25/2024 - 21:34:48: "[DYS] Shazam<43><STEAM_0:1:59236187><Jinrai>" killed "[GB] Agiel<36><STEAM_0:1:25025><NSF>" with "srm"
L 01/25/2024 - 21:34:48: "[DYS] bauxite<47><STEAM_0:0:5757747><Jinrai>" triggered "kill_assist"
L 01/25/2024 - 21:34:49: "[GB] Agiel<36><STEAM_0:1:25025><NSF>" say_team "32 Recon srm"
L 01/25/2024 - 21:34:52: "[DYS] Infrequent<41><STEAM_0:1:6384081><Jinrai>" killed "[GB] Rain ☆彡<30><STEAM_0:0:15075092><NSF>" with "zr68s"
L 01/25/2024 - 21:34:53: "[GB] Rain ☆彡<30><STEAM_0:0:15075092><NSF>" say_team "100 Assault zr68s"
L 01/25/2024 - 21:34:55: "[DYS] bauxite<47><STEAM_0:0:5757747><Jinrai>" say_team "1 left"
L 01/25/2024 - 21:35:04: "[DYS] Infrequent<41><STEAM_0:1:6384081><Jinrai>" killed "soft as HELL<32><STEAM_0:1:14747705><NSF>" with "zr68s"
L 01/25/2024 - 21:35:04: "soft as HELL<32><STEAM_0:1:14747705><NSF>" say_team "100 Assault zr68s"
L 01/25/2024 - 21:35:26: "[DYS] bauxite<47><STEAM_0:0:5757747><Jinrai>" say_team "watch elbow rush"
L 01/25/2024 - 21:35:28: "[DYS] bauxite<47><STEAM_0:0:5757747><Jinrai>" say_team "and server rush"
L 01/25/2024 - 21:35:46: "[GB] Agiel<36><STEAM_0:1:25025><NSF>" killed "[DYS] You're Pissed Off<31><STEAM_0:1:44658357><Jinrai>" with "grenade_projectile"
L 01/25/2024 - 21:35:46: "[DYS] You're Pissed Off<31><STEAM_0:1:44658357><Jinrai>" say_team "100 Assault grenade_projectile"
L 01/25/2024 - 21:36:58: "[DYS] bauxite<47><STEAM_0:0:5757747><Jinrai>" killed "[GB] Puddy<33><STEAM_0:1:19453780><NSF>" with "supa7"
L 01/25/2024 - 21:36:58: "[GB] Puddy<33><STEAM_0:1:19453780><NSF>" say_team "42 Support supa7"
L 01/25/2024 - 21:37:05: "[DYS] bauxite<47><STEAM_0:0:5757747><Jinrai>" say_team "Enemy is Behind"
L 01/25/2024 - 21:37:08: "[DYS] bauxite<47><STEAM_0:0:5757747><Jinrai>" say_team "near me"
L 01/25/2024 - 21:37:10: "[DYS] bauxite<47><STEAM_0:0:5757747><Jinrai>" killed "[GB] Agiel<36><STEAM_0:1:25025><NSF>" with "supa7"
L 01/25/2024 - 21:37:10: "[DYS] xx<46><STEAM_0:0:8714446><Jinrai>" triggered "kill_assist"
L 01/25/2024 - 21:37:10: "[GB] Agiel<36><STEAM_0:1:25025><NSF>" say_team "32 Support supa7"
L 01/25/2024 - 21:37:21: "[DYS] bauxite<47><STEAM_0:0:5757747><Jinrai>" say_team "ac"
L 01/25/2024 - 21:37:31: "suna<29><STEAM_0:1:29157668><NSF>" killed "[DYS] Shazam<43><STEAM_0:1:59236187><Jinrai>" with "srm"
L 01/25/2024 - 21:37:40: "[DYS] Infrequent<41><STEAM_0:1:6384081><Jinrai>" killed "[GB] Rain ☆彡<30><STEAM_0:0:15075092><NSF>" with "zr68s"
L 01/25/2024 - 21:37:40: "[GB] Rain ☆彡<30><STEAM_0:0:15075092><NSF>" say_team "46 Assault zr68s"
L 01/25/2024 - 21:37:42: "[DYS] xx<46><STEAM_0:0:8714446><Jinrai>" killed "suna<29><STEAM_0:1:29157668><NSF>" with "zr68s"
L 01/25/2024 - 21:37:42: "[DYS] Shazam<43><STEAM_0:1:59236187><Jinrai>" triggered "kill_assist"
L 01/25/2024 - 21:37:43: "suna<29><STEAM_0:1:29157668><NSF>" say_team "100 Assault zr68s"
L 01/25/2024 - 21:37:48: "[DYS] xx<46><STEAM_0:0:8714446><Jinrai>" killed "soft as HELL<32><STEAM_0:1:14747705><NSF>" with "zr68s"
L 01/25/2024 - 21:37:48: "[DYS] Infrequent<41><STEAM_0:1:6384081><Jinrai>" triggered "kill_assist"
L 01/25/2024 - 21:37:48: "soft as HELL<32><STEAM_0:1:14747705><NSF>" say_team "100 Assault zr68s"
L 01/25/2024 - 21:37:54: "[GB] Agiel<36><STEAM_0:1:25025><NSF>" joined team "Unassigned"
L 01/25/2024 - 21:37:55: "[GB] Agiel<36><STEAM_0:1:25025><Unassigned>" joined team "NSF"
L 01/25/2024 - 21:38:26: "[DYS] xx<46><STEAM_0:0:8714446><Jinrai>" killed "[GB] Rain ☆彡<30><STEAM_0:0:15075092><NSF>" with "grenade_projectile"
L 01/25/2024 - 21:38:26: "[DYS] bauxite<47><STEAM_0:0:5757747><Jinrai>" triggered "kill_assist"
L 01/25/2024 - 21:38:26: "[GB] Rain ☆彡<30><STEAM_0:0:15075092><NSF>" say_team "100 Assault grenade_projectile"
L 01/25/2024 - 21:38:40: "[DYS] You're Pissed Off<31><STEAM_0:1:44658357><Jinrai>" killed "[GB] Puddy<33><STEAM_0:1:19453780><NSF>" with "zr68s"
L 01/25/2024 - 21:38:41: "[GB] Puddy<33><STEAM_0:1:19453780><NSF>" say_team "100 Assault zr68s"
L 01/25/2024 - 21:38:42: "[DYS] bauxite<47><STEAM_0:0:5757747><Jinrai>" committed suicide with "world"
L 01/25/2024 - 21:38:45: "soft as HELL<32><STEAM_0:1:14747705><NSF>" killed "[DYS] Shazam<43><STEAM_0:1:59236187><Jinrai>" with "zr68s"
L 01/25/2024 - 21:38:49: "[DYS] bauxite<47><STEAM_0:0:5757747><Jinrai>" say_team "eblow sup"
L 01/25/2024 - 21:39:00: "suna<29><STEAM_0:1:29157668><NSF>" killed "[DYS] You're Pissed Off<31><STEAM_0:1:44658357><Jinrai>" with "zr68s"
L 01/25/2024 - 21:39:00: "[DYS] You're Pissed Off<31><STEAM_0:1:44658357><Jinrai>" say_team "100 Recon zr68s"
L 01/25/2024 - 21:39:35: "soft as HELL<32><STEAM_0:1:14747705><NSF>" killed "[DYS] Infrequent<41><STEAM_0:1:6384081><Jinrai>" with "zr68s"
L 01/25/2024 - 21:39:50: "suna<29><STEAM_0:1:29157668><NSF>" killed "[DYS] xx<46><STEAM_0:0:8714446><Jinrai>" with "zr68s"
L 01/25/2024 - 21:39:54: "[DYS] bauxite<47><STEAM_0:0:5757747><Jinrai>" say_team "nt"
L 01/25/2024 - 21:40:54: "soft as HELL<32><STEAM_0:1:14747705><NSF>" killed "[DYS] Infrequent<41><STEAM_0:1:6384081><Jinrai>" with "zr68s"
L 01/25/2024 - 21:41:03: "suna<29><STEAM_0:1:29157668><NSF>" killed "[DYS] Shazam<43><STEAM_0:1:59236187><Jinrai>" with "zr68s"
L 01/25/2024 - 21:41:04: "[DYS] bauxite<47><STEAM_0:0:5757747><Jinrai>" killed "[GB] Puddy<33><STEAM_0:1:19453780><NSF>" with "mx"
L 01/25/2024 - 21:41:04: "[GB] Puddy<33><STEAM_0:1:19453780><NSF>" say_team "100 Support mx"
L 01/25/2024 - 21:41:27: "[GB] Agiel<36><STEAM_0:1:25025><NSF>" killed "[DYS] You're Pissed Off<31><STEAM_0:1:44658357><Jinrai>" with "mx"
L 01/25/2024 - 21:41:27: "[DYS] You're Pissed Off<31><STEAM_0:1:44658357><Jinrai>" say_team "100 Support mx"
L 01/25/2024 - 21:41:33: "[DYS] xx<46><STEAM_0:0:8714446><Jinrai>" killed "[GB] Rain ☆彡<30><STEAM_0:0:15075092><NSF>" with "grenade_projectile"
L 01/25/2024 - 21:41:33: "[GB] Rain ☆彡<30><STEAM_0:0:15075092><NSF>" say_team "83 Assault grenade_projectile"
L 01/25/2024 - 21:41:34: "[DYS] bauxite<47><STEAM_0:0:5757747><Jinrai>" killed "[GB] Agiel<36><STEAM_0:1:25025><NSF>" with "mx"
L 01/25/2024 - 21:41:34: "[GB] Agiel<36><STEAM_0:1:25025><NSF>" say_team "17 Support mx"
L 01/25/2024 - 21:41:35: "soft as HELL<32><STEAM_0:1:14747705><NSF>" killed "[DYS] xx<46><STEAM_0:0:8714446><Jinrai>" with "zr68s"
L 01/25/2024 - 21:41:40: "soft as HELL<32><STEAM_0:1:14747705><NSF>" killed "[DYS] bauxite<47><STEAM_0:0:5757747><Jinrai>" with "zr68s"
L 01/25/2024 - 21:41:40: "[DYS] bauxite<47><STEAM_0:0:5757747><Jinrai>" say_team "40 Assault zr68s"
L 01/25/2024 - 21:42:21: "[DYS] bauxite<47><STEAM_0:0:5757747><Jinrai>" killed "[GB] Puddy<33><STEAM_0:1:19453780><NSF>" with "mx"
L 01/25/2024 - 21:42:21: "[GB] Puddy<33><STEAM_0:1:19453780><NSF>" say_team "100 Support mx"
L 01/25/2024 - 21:42:53: "[GB] Agiel<36><STEAM_0:1:25025><NSF>" killed "[DYS] bauxite<47><STEAM_0:0:5757747><Jinrai>" with "mx"
L 01/25/2024 - 21:42:53: "[DYS] bauxite<47><STEAM_0:0:5757747><Jinrai>" say_team "60 Support mx"
L 01/25/2024 - 21:42:56: "[DYS] bauxite<47><STEAM_0:0:5757747><Jinrai>" say_team "elbow "
L 01/25/2024 - 21:42:59: "[DYS] You're Pissed Off<31><STEAM_0:1:44658357><Jinrai>" killed "[GB] Agiel<36><STEAM_0:1:25025><NSF>" with "grenade_projectile"
L 01/25/2024 - 21:42:59: "[GB] Agiel<36><STEAM_0:1:25025><NSF>" say_team "86 Assault grenade_projectile"
L 01/25/2024 - 21:43:54: "soft as HELL<32><STEAM_0:1:14747705><NSF>" killed "[DYS] xx<46><STEAM_0:0:8714446><Jinrai>" with "zr68s"
L 01/25/2024 - 21:44:06: "soft as HELL<32><STEAM_0:1:14747705><NSF>" killed "[DYS] You're Pissed Off<31><STEAM_0:1:44658357><Jinrai>" with "zr68s"
L 01/25/2024 - 21:44:06: "suna<29><STEAM_0:1:29157668><NSF>" triggered "kill_assist"
L 01/25/2024 - 21:44:06: "[DYS] You're Pissed Off<31><STEAM_0:1:44658357><Jinrai>" say_team "55 Assault zr68s"
L 01/25/2024 - 21:44:09: "[DYS] Shazam<43><STEAM_0:1:59236187><Jinrai>" killed "[GB] Rain ☆彡<30><STEAM_0:0:15075092><NSF>" with "srm"
L 01/25/2024 - 21:44:09: "[GB] Rain ☆彡<30><STEAM_0:0:15075092><NSF>" say_team "69 Recon srm"
L 01/25/2024 - 21:44:11: "[DYS] Infrequent<41><STEAM_0:1:6384081><Jinrai>" killed "soft as HELL<32><STEAM_0:1:14747705><NSF>" with "zr68s"
L 01/25/2024 - 21:44:11: "soft as HELL<32><STEAM_0:1:14747705><NSF>" say_team "100 Assault zr68s"
L 01/25/2024 - 21:44:17: "suna<29><STEAM_0:1:29157668><NSF>" killed "[DYS] Infrequent<41><STEAM_0:1:6384081><Jinrai>" with "mx"
L 01/25/2024 - 21:44:35: "suna<29><STEAM_0:1:29157668><NSF>" killed "[DYS] Shazam<43><STEAM_0:1:59236187><Jinrai>" with "mx"
L 01/25/2024 - 21:45:17: "soft as HELL<32><STEAM_0:1:14747705><NSF>" killed "[DYS] You're Pissed Off<31><STEAM_0:1:44658357><Jinrai>" with "mx"
L 01/25/2024 - 21:45:17: "[DYS] You're Pissed Off<31><STEAM_0:1:44658357><Jinrai>" say_team "6 Assault mx"
L 01/25/2024 - 21:45:47: "[DYS] bauxite<47><STEAM_0:0:5757747><Jinrai>" say_team "Enemy in Front"
L 01/25/2024 - 21:45:51: "suna<29><STEAM_0:1:29157668><NSF>" killed "[DYS] xx<46><STEAM_0:0:8714446><Jinrai>" with "mx"
L 01/25/2024 - 21:45:53: "[DYS] Shazam<43><STEAM_0:1:59236187><Jinrai>" killed "suna<29><STEAM_0:1:29157668><NSF>" with "srm"
L 01/25/2024 - 21:45:53: "suna<29><STEAM_0:1:29157668><NSF>" say_team "100 Recon srm"
L 01/25/2024 - 21:46:13: "[GB] Rain ☆彡<30><STEAM_0:0:15075092><NSF>" killed "[DYS] Infrequent<41><STEAM_0:1:6384081><Jinrai>" with "zr68s"
L 01/25/2024 - 21:46:15: "[GB] Puddy<33><STEAM_0:1:19453780><NSF>" killed "[DYS] bauxite<47><STEAM_0:0:5757747><Jinrai>" with "zr68c"
L 01/25/2024 - 21:46:15: "[DYS] bauxite<47><STEAM_0:0:5757747><Jinrai>" say_team "58 Support zr68c"
L 01/25/2024 - 21:46:17: "[DYS] bauxite<47><STEAM_0:0:5757747><Jinrai>" say_team "server"
L 01/25/2024 - 21:46:31: "[DYS] Shazam<43><STEAM_0:1:59236187><Jinrai>" killed "[GB] Agiel<36><STEAM_0:1:25025><NSF>" with "mx"
L 01/25/2024 - 21:46:31: "[GB] Agiel<36><STEAM_0:1:25025><NSF>" say_team "19 Recon mx"
L 01/25/2024 - 21:46:36: "[DYS] bauxite<47><STEAM_0:0:5757747><Jinrai>" disconnected (reason "Disconnect by user.")
L 01/25/2024 - 21:46:36: "[DYS] bauxite<48><STEAM_ID_PENDING><>" connected, address "86.13.114.58:27005"
L 01/25/2024 - 21:46:36: "[DYS] bauxite<48><STEAM_0:0:5757747><>" STEAM USERID validated
L 01/25/2024 - 21:46:37: "[DYS] bauxite<48><STEAM_0:0:5757747><>" entered the game
L 01/25/2024 - 21:46:39: "[DYS] bauxite<48><STEAM_0:0:5757747><Unassigned>" joined team "Jinrai"
L 01/25/2024 - 21:46:41: "[GB] Puddy<33><STEAM_0:1:19453780><NSF>" killed "[DYS] Shazam<43><STEAM_0:1:59236187><Jinrai>" with "zr68c"
L 01/25/2024 - 21:46:41: "[GB] Agiel<36><STEAM_0:1:25025><NSF>" triggered "kill_assist"
L 01/25/2024 - 21:46:59: "[DYS] Shazam<43><STEAM_0:1:59236187><>" disconnected (reason "Connection closing")
L 01/25/2024 - 21:46:59: "[DYS] Shazam<49><STEAM_ID_PENDING><>" connected, address "174.74.176.72:27005"
L 01/25/2024 - 21:46:59: "[DYS] Shazam<49><STEAM_0:1:59236187><>" STEAM USERID validated
L 01/25/2024 - 21:47:01: "[DYS] Shazam<49><STEAM_0:1:59236187><>" entered the game
L 01/25/2024 - 21:47:03: "[DYS] Shazam<49><STEAM_0:1:59236187><Unassigned>" joined team "Jinrai"
L 01/25/2024 - 21:47:03: "[DYS] bauxite<48><STEAM_0:0:5757747><Jinrai>" say_team "sure"
L 01/25/2024 - 21:47:06: "[DYS] Shazam<49><STEAM_0:1:59236187><Jinrai>" say "crashed again"
L 01/25/2024 - 21:47:12: "[GB] Agiel<36><STEAM_0:1:25025><NSF>" say "textures on low?"
L 01/25/2024 - 21:47:17: "[DYS] Shazam<49><STEAM_0:1:59236187><Jinrai>" say "been on low entire time"
L 01/25/2024 - 21:47:22: "suna<29><STEAM_0:1:29157668><NSF>" killed "[DYS] xx<46><STEAM_0:0:8714446><Jinrai>" with "zr68s"
L 01/25/2024 - 21:47:34: "soft as HELL<32><STEAM_0:1:14747705><NSF>" killed "[DYS] Shazam<49><STEAM_0:1:59236187><Jinrai>" with "mx"
L 01/25/2024 - 21:47:47: "[DYS] You're Pissed Off<31><STEAM_0:1:44658357><Jinrai>" killed "suna<29><STEAM_0:1:29157668><NSF>" with "zr68s"
L 01/25/2024 - 21:47:47: "suna<29><STEAM_0:1:29157668><NSF>" say_team "100 Assault zr68s"
L 01/25/2024 - 21:47:52: "[GB] Puddy<33><STEAM_0:1:19453780><NSF>" killed "[DYS] bauxite<48><STEAM_0:0:5757747><Jinrai>" with "mx"
L 01/25/2024 - 21:47:52: "[DYS] bauxite<48><STEAM_0:0:5757747><Jinrai>" say_team "100 Support mx"
L 01/25/2024 - 21:47:59: "soft as HELL<32><STEAM_0:1:14747705><NSF>" killed "[DYS] You're Pissed Off<31><STEAM_0:1:44658357><Jinrai>" with "mx"
L 01/25/2024 - 21:47:59: "[DYS] You're Pissed Off<31><STEAM_0:1:44658357><Jinrai>" say_team "82 Assault mx"
L 01/25/2024 - 21:48:06: "[GB] Agiel<36><STEAM_0:1:25025><NSF>" killed "[DYS] Infrequent<41><STEAM_0:1:6384081><Jinrai>" with "mx"
L 01/25/2024 - 21:48:06: "suna<29><STEAM_0:1:29157668><NSF>" triggered "kill_assist"
L 01/25/2024 - 21:48:08: "[DYS] bauxite<48><STEAM_0:0:5757747><Jinrai>" say_team "shaz try sup"
L 01/25/2024 - 21:48:15: "[DYS] bauxite<48><STEAM_0:0:5757747><Jinrai>" say_team "go sup mx"
L 01/25/2024 - 21:48:29: "[DYS] bauxite<48><STEAM_0:0:5757747><Jinrai>" say_team "me and pissed to elbow"
L 01/25/2024 - 21:48:32: "[DYS] bauxite<48><STEAM_0:0:5757747><Jinrai>" say_team "shaz take server or something"
L 01/25/2024 - 21:48:53: "[GB] Rain ☆彡<30><STEAM_0:0:15075092><NSF>" killed "[DYS] You're Pissed Off<31><STEAM_0:1:44658357><Jinrai>" with "grenade_projectile"
L 01/25/2024 - 21:48:53: "[DYS] You're Pissed Off<31><STEAM_0:1:44658357><Jinrai>" say_team "100 Assault grenade_projectile"
L 01/25/2024 - 21:49:16: "[DYS] Shazam<49><STEAM_0:1:59236187><Jinrai>" killed "[GB] Agiel<36><STEAM_0:1:25025><NSF>" with "mx"
L 01/25/2024 - 21:49:16: "[GB] Agiel<36><STEAM_0:1:25025><NSF>" say_team "100 Support mx"
L 01/25/2024 - 21:49:21: "[DYS] bauxite<48><STEAM_0:0:5757747><Jinrai>" killed "soft as HELL<32><STEAM_0:1:14747705><NSF>" with "mx"
L 01/25/2024 - 21:49:22: "soft as HELL<32><STEAM_0:1:14747705><NSF>" say_team "70 Support mx"
L 01/25/2024 - 21:49:22: "[GB] Puddy<33><STEAM_0:1:19453780><NSF>" killed "[DYS] bauxite<48><STEAM_0:0:5757747><Jinrai>" with "mx"
L 01/25/2024 - 21:49:22: "[DYS] bauxite<48><STEAM_0:0:5757747><Jinrai>" say_team "2 Support mx"
L 01/25/2024 - 21:49:32: "[DYS] bauxite<48><STEAM_0:0:5757747><Jinrai>" say_team "ac i think"
L 01/25/2024 - 21:49:33: "[DYS] bauxite<48><STEAM_0:0:5757747><Jinrai>" say_team "idk"
L 01/25/2024 - 21:49:40: "[DYS] bauxite<48><STEAM_0:0:5757747><Jinrai>" say_team "2 hp"
L 01/25/2024 - 21:49:48: "[DYS] xx<46><STEAM_0:0:8714446><Jinrai>" killed "[GB] Rain ☆彡<30><STEAM_0:0:15075092><NSF>" with "zr68s"
L 01/25/2024 - 21:49:48: "[GB] Rain ☆彡<30><STEAM_0:0:15075092><NSF>" say_team "100 Assault zr68s"
L 01/25/2024 - 21:50:17: "[DYS] bauxite<48><STEAM_0:0:5757747><Jinrai>" say_team "20s try going for it"
L 01/25/2024 - 21:50:34: "[GB] Puddy<33><STEAM_0:1:19453780><NSF>" killed "[DYS] Shazam<49><STEAM_0:1:59236187><Jinrai>" with "mx"
L 01/25/2024 - 21:50:34: "suna<29><STEAM_0:1:29157668><NSF>" triggered "kill_assist"
L 01/25/2024 - 21:50:49: "[DYS] bauxite<48><STEAM_0:0:5757747><Jinrai>" say_team "we can do this, we almost got this"
L 01/25/2024 - 21:50:51: "[DYS] bauxite<48><STEAM_0:0:5757747><Jinrai>" say_team "fucking 2 hp man"
L 01/25/2024 - 21:51:18: "[DYS] Shazam<49><STEAM_0:1:59236187><Jinrai>" killed "suna<29><STEAM_0:1:29157668><NSF>" with "mx"
L 01/25/2024 - 21:51:18: "[DYS] Infrequent<41><STEAM_0:1:6384081><Jinrai>" triggered "kill_assist"
L 01/25/2024 - 21:51:18: "suna<29><STEAM_0:1:29157668><NSF>" say_team "91 Support mx"
L 01/25/2024 - 21:51:21: "[DYS] Infrequent<41><STEAM_0:1:6384081><Jinrai>" killed "[GB] Rain ☆彡<30><STEAM_0:0:15075092><NSF>" with "zr68s"
L 01/25/2024 - 21:51:21: "[DYS] bauxite<48><STEAM_0:0:5757747><Jinrai>" triggered "kill_assist"
L 01/25/2024 - 21:51:21: "[GB] Rain ☆彡<30><STEAM_0:0:15075092><NSF>" say_team "100 Assault zr68s"
L 01/25/2024 - 21:51:41: "soft as HELL<32><STEAM_0:1:14747705><NSF>" killed "[DYS] bauxite<48><STEAM_0:0:5757747><Jinrai>" with "mx"
L 01/25/2024 - 21:51:41: "[DYS] bauxite<48><STEAM_0:0:5757747><Jinrai>" say_team "44 Assault mx"
L 01/25/2024 - 21:51:42: "[DYS] bauxite<48><STEAM_0:0:5757747><Jinrai>" say_team "roof"
L 01/25/2024 - 21:51:43: "[GB] Puddy<33><STEAM_0:1:19453780><NSF>" killed "[DYS] Shazam<49><STEAM_0:1:59236187><Jinrai>" with "mx"
L 01/25/2024 - 21:52:39: "[DYS] Infrequent<41><STEAM_0:1:6384081><Jinrai>" killed "[GB] Agiel<36><STEAM_0:1:25025><NSF>" with "zr68s"
L 01/25/2024 - 21:52:39: "[GB] Agiel<36><STEAM_0:1:25025><NSF>" say_team "100 Assault zr68s"
L 01/25/2024 - 21:52:42: "soft as HELL<32><STEAM_0:1:14747705><NSF>" killed "[DYS] You're Pissed Off<31><STEAM_0:1:44658357><Jinrai>" with "mx"
L 01/25/2024 - 21:52:42: "[DYS] You're Pissed Off<31><STEAM_0:1:44658357><Jinrai>" say_team "40 Assault mx"
L 01/25/2024 - 21:52:45: "[DYS] Infrequent<41><STEAM_0:1:6384081><Jinrai>" killed "[GB] Puddy<33><STEAM_0:1:19453780><NSF>" with "zr68s"
L 01/25/2024 - 21:52:45: "[GB] Puddy<33><STEAM_0:1:19453780><NSF>" say_team "100 Assault zr68s"
L 01/25/2024 - 21:52:46: "[DYS] Infrequent<41><STEAM_0:1:6384081><Jinrai>" killed "soft as HELL<32><STEAM_0:1:14747705><NSF>" with "zr68s"
L 01/25/2024 - 21:52:46: "[DYS] bauxite<48><STEAM_0:0:5757747><Jinrai>" triggered "kill_assist"
L 01/25/2024 - 21:52:47: "soft as HELL<32><STEAM_0:1:14747705><NSF>" say_team "79 Assault zr68s"
L 01/25/2024 - 21:52:51: "[DYS] bauxite<48><STEAM_0:0:5757747><Jinrai>" say_team "nice comeback"
L 01/25/2024 - 21:53:10: "[DYS] bauxite<48><STEAM_0:0:5757747><Jinrai>" say_team "close ghost"
L 01/25/2024 - 21:54:00: "[DYS] bauxite<48><STEAM_0:0:5757747><Jinrai>" killed "[GB] Agiel<36><STEAM_0:1:25025><NSF>" with "mx"
L 01/25/2024 - 21:54:00: "[GB] Agiel<36><STEAM_0:1:25025><NSF>" say_team "65 Support mx"
L 01/25/2024 - 21:54:10: "suna<29><STEAM_0:1:29157668><NSF>" killed "[DYS] Shazam<49><STEAM_0:1:59236187><Jinrai>" with "zr68s"
L 01/25/2024 - 21:54:14: "suna<29><STEAM_0:1:29157668><NSF>" killed "[DYS] xx<46><STEAM_0:0:8714446><Jinrai>" with "zr68s"
L 01/25/2024 - 21:54:35: "[DYS] bauxite<48><STEAM_0:0:5757747><Jinrai>" killed "suna<29><STEAM_0:1:29157668><NSF>" with "mx"
L 01/25/2024 - 21:54:35: "suna<29><STEAM_0:1:29157668><NSF>" say_team "65 Support mx"
L 01/25/2024 - 21:54:57: "[GB] Puddy<33><STEAM_0:1:19453780><NSF>" killed "[DYS] bauxite<48><STEAM_0:0:5757747><Jinrai>" with "mx"
L 01/25/2024 - 21:54:58: "[DYS] bauxite<48><STEAM_0:0:5757747><Jinrai>" say_team "60 Support mx"
L 01/25/2024 - 21:55:20: "[DYS] Infrequent<41><STEAM_0:1:6384081><Jinrai>" killed "[GB] Puddy<33><STEAM_0:1:19453780><NSF>" with "mx"
L 01/25/2024 - 21:55:20: "[GB] Puddy<33><STEAM_0:1:19453780><NSF>" say_team "1 Assault mx"
L 01/25/2024 - 21:55:45: "[DYS] bauxite<48><STEAM_0:0:5757747><Jinrai>" say_team "close again"
L 01/25/2024 - 21:55:58: "[DYS] Shazam<49><STEAM_0:1:59236187><>" disconnected (reason "Connection closing")
L 01/25/2024 - 21:55:58: "[DYS] Shazam<50><STEAM_ID_PENDING><>" connected, address "174.74.176.72:27005"
L 01/25/2024 - 21:55:58: "[DYS] Shazam<50><STEAM_0:1:59236187><>" STEAM USERID validated
L 01/25/2024 - 21:56:00: "[DYS] Shazam<50><STEAM_0:1:59236187><>" entered the game
L 01/25/2024 - 21:56:02: "[DYS] Shazam<50><STEAM_0:1:59236187><Unassigned>" joined team "Jinrai"
L 01/25/2024 - 21:56:45: "[DYS] xx<46><STEAM_0:0:8714446><Jinrai>" killed "[GB] Agiel<36><STEAM_0:1:25025><NSF>" with "grenade_projectile"
L 01/25/2024 - 21:56:45: "[GB] Agiel<36><STEAM_0:1:25025><NSF>" say_team "47 Assault grenade_projectile"
L 01/25/2024 - 21:56:49: "[DYS] bauxite<48><STEAM_0:0:5757747><Jinrai>" killed "[GB] Puddy<33><STEAM_0:1:19453780><NSF>" with "mx"
L 01/25/2024 - 21:56:49: "[GB] Puddy<33><STEAM_0:1:19453780><NSF>" say_team "87 Support mx"
L 01/25/2024 - 21:57:27: "[DYS] bauxite<48><STEAM_0:0:5757747><Jinrai>" say_team "Enemy in Front"
L 01/25/2024 - 21:57:28: "suna<29><STEAM_0:1:29157668><NSF>" killed "[DYS] Infrequent<41><STEAM_0:1:6384081><Jinrai>" with "supa7"
L 01/25/2024 - 21:57:28: "soft as HELL<32><STEAM_0:1:14747705><NSF>" triggered "kill_assist"
L 01/25/2024 - 21:57:30: "suna<29><STEAM_0:1:29157668><NSF>" killed "[DYS] You're Pissed Off<31><STEAM_0:1:44658357><Jinrai>" with "supa7"
L 01/25/2024 - 21:57:30: "[DYS] You're Pissed Off<31><STEAM_0:1:44658357><Jinrai>" say_team "49 Recon supa7"
L 01/25/2024 - 21:57:31: "suna<29><STEAM_0:1:29157668><NSF>" killed "[DYS] xx<46><STEAM_0:0:8714446><Jinrai>" with "supa7"
L 01/25/2024 - 21:57:31: "[GB] Agiel<36><STEAM_0:1:25025><NSF>" triggered "kill_assist"
L 01/25/2024 - 21:57:36: "[DYS] Shazam<50><STEAM_0:1:59236187><Jinrai>" killed "suna<29><STEAM_0:1:29157668><NSF>" with "mx"
L 01/25/2024 - 21:57:36: "suna<29><STEAM_0:1:29157668><NSF>" say_team "100 Support mx"
L 01/25/2024 - 21:57:37: "[DYS] Shazam<50><STEAM_0:1:59236187><Jinrai>" killed "soft as HELL<32><STEAM_0:1:14747705><NSF>" with "mx"
L 01/25/2024 - 21:57:37: "[DYS] bauxite<48><STEAM_0:0:5757747><Jinrai>" triggered "kill_assist"
L 01/25/2024 - 21:57:37: "soft as HELL<32><STEAM_0:1:14747705><NSF>" say_team "41 Support mx"
L 01/25/2024 - 21:57:52: "[DYS] bauxite<48><STEAM_0:0:5757747><Jinrai>" say_team "Enemy in Front"
L 01/25/2024 - 21:57:56: "[DYS] bauxite<48><STEAM_0:0:5757747><Jinrai>" say_team "Enemy in Front"
L 01/25/2024 - 21:58:03: "[GB] Rain ☆彡<30><STEAM_0:0:15075092><NSF>" killed "[DYS] Shazam<50><STEAM_0:1:59236187><Jinrai>" with "zr68s"
L 01/25/2024 - 21:58:03: "soft as HELL<32><STEAM_0:1:14747705><NSF>" triggered "kill_assist"
L 01/25/2024 - 21:58:04: "[DYS] bauxite<48><STEAM_0:0:5757747><Jinrai>" say_team "solar"
L 01/25/2024 - 21:58:09: "[DYS] bauxite<48><STEAM_0:0:5757747><Jinrai>" killed "[GB] Rain ☆彡<30><STEAM_0:0:15075092><NSF>" with "supa7"
L 01/25/2024 - 21:58:09: "[GB] Rain ☆彡<30><STEAM_0:0:15075092><NSF>" say_team "66 Support supa7"
L 01/25/2024 - 21:58:12: "[GB] Agiel<36><STEAM_0:1:25025><NSF>" say "!pause"
L 01/25/2024 - 21:58:50: "[DYS] bauxite<48><STEAM_0:0:5757747><Jinrai>" say_team "that suna shotty tho"
L 01/25/2024 - 21:59:46: "[GB] Rain ☆彡<30><STEAM_0:0:15075092><NSF>" say "!pause"
L 01/25/2024 - 21:59:58: "[DYS] Infrequent<41><STEAM_0:1:6384081><Jinrai>" say "do you need pause"
L 01/25/2024 - 22:00:00: "[GB] Rain ☆彡<30><STEAM_0:0:15075092><NSF>" say "live"
L 01/25/2024 - 22:00:00: "[GB] Puddy<33><STEAM_0:1:19453780><NSF>" say "nah"
L 01/25/2024 - 22:00:02: "[GB] Puddy<33><STEAM_0:1:19453780><NSF>" say "live"
L 01/25/2024 - 22:00:02: "[DYS] Infrequent<41><STEAM_0:1:6384081><Jinrai>" say "okay"
L 01/25/2024 - 22:00:39: "[DYS] bauxite<48><STEAM_0:0:5757747><Jinrai>" say_team "Enemy in Front"
L 01/25/2024 - 22:00:45: "[DYS] You're Pissed Off<31><STEAM_0:1:44658357><Jinrai>" killed "suna<29><STEAM_0:1:29157668><NSF>" with "grenade_projectile"
L 01/25/2024 - 22:00:46: "suna<29><STEAM_0:1:29157668><NSF>" say_team "100 Assault grenade_projectile"
L 01/25/2024 - 22:00:54: "[GB] Agiel<36><STEAM_0:1:25025><NSF>" killed "[DYS] bauxite<48><STEAM_0:0:5757747><Jinrai>" with "mx"
L 01/25/2024 - 22:00:54: "suna<29><STEAM_0:1:29157668><NSF>" triggered "kill_assist"
L 01/25/2024 - 22:00:54: "[DYS] bauxite<48><STEAM_0:0:5757747><Jinrai>" say_team "68 Support mx"
L 01/25/2024 - 22:00:57: "[DYS] bauxite<48><STEAM_0:0:5757747><Jinrai>" say_team "sup elbow"
L 01/25/2024 - 22:01:01: "[DYS] Shazam<50><STEAM_0:1:59236187><Jinrai>" killed "soft as HELL<32><STEAM_0:1:14747705><NSF>" with "mx"
L 01/25/2024 - 22:01:01: "soft as HELL<32><STEAM_0:1:14747705><NSF>" say_team "100 Support mx"
L 01/25/2024 - 22:01:12: "[DYS] Shazam<50><STEAM_0:1:59236187><Jinrai>" killed "[GB] Agiel<36><STEAM_0:1:25025><NSF>" with "mx"
L 01/25/2024 - 22:01:12: "[GB] Agiel<36><STEAM_0:1:25025><NSF>" say_team "100 Support mx"
L 01/25/2024 - 22:01:27: "[DYS] bauxite<48><STEAM_0:0:5757747><Jinrai>" say_team "35s"
L 01/25/2024 - 22:01:33: "[DYS] bauxite<48><STEAM_0:0:5757747><Jinrai>" say_team "2 left"
L 01/25/2024 - 22:01:40: "[DYS] Shazam<50><STEAM_0:1:59236187><Jinrai>" killed "[GB] Puddy<33><STEAM_0:1:19453780><NSF>" with "mx"
L 01/25/2024 - 22:01:40: "[DYS] You're Pissed Off<31><STEAM_0:1:44658357><Jinrai>" triggered "kill_assist"
L 01/25/2024 - 22:01:40: "[GB] Puddy<33><STEAM_0:1:19453780><NSF>" say_team "42 Support mx"
L 01/25/2024 - 22:01:44: "[GB] Rain ☆彡<30><STEAM_0:0:15075092><NSF>" killed "[DYS] You're Pissed Off<31><STEAM_0:1:44658357><Jinrai>" with "zr68s"
L 01/25/2024 - 22:01:44: "[DYS] You're Pissed Off<31><STEAM_0:1:44658357><Jinrai>" say_team "100 Assault zr68s"
L 01/25/2024 - 22:01:50: "[GB] Rain ☆彡<30><STEAM_0:0:15075092><NSF>" killed "[DYS] Shazam<50><STEAM_0:1:59236187><Jinrai>" with "zr68s"
L 01/25/2024 - 22:01:50: "[GB] Puddy<33><STEAM_0:1:19453780><NSF>" triggered "kill_assist"
L 01/25/2024 - 22:01:51: "[DYS] Infrequent<41><STEAM_0:1:6384081><Jinrai>" killed "[GB] Rain ☆彡<30><STEAM_0:0:15075092><NSF>" with "mx"
L 01/25/2024 - 22:01:51: "[GB] Rain ☆彡<30><STEAM_0:0:15075092><NSF>" say_team "100 Assault mx"
L 01/25/2024 - 22:02:11: "[DYS] bauxite<48><STEAM_0:0:5757747><Jinrai>" say_team "u saved my ass pissed"
L 01/25/2024 - 22:02:34: "[DYS] You're Pissed Off<31><STEAM_0:1:44658357><Jinrai>" killed "suna<29><STEAM_0:1:29157668><NSF>" with "mx"
L 01/25/2024 - 22:02:34: "suna<29><STEAM_0:1:29157668><NSF>" say_team "43 Assault mx"
L 01/25/2024 - 22:03:12: "[GB] Agiel<36><STEAM_0:1:25025><NSF>" killed "[DYS] bauxite<48><STEAM_0:0:5757747><Jinrai>" with "mx"
L 01/25/2024 - 22:03:12: "[GB] Puddy<33><STEAM_0:1:19453780><NSF>" triggered "kill_assist"
L 01/25/2024 - 22:03:12: "[DYS] bauxite<48><STEAM_0:0:5757747><Jinrai>" say_team "100 Support mx"
L 01/25/2024 - 22:03:14: "[DYS] bauxite<48><STEAM_0:0:5757747><Jinrai>" say_team "elbow"
L 01/25/2024 - 22:03:16: "[DYS] bauxite<48><STEAM_0:0:5757747><Jinrai>" say_team "and server"
L 01/25/2024 - 22:03:22: "[GB] Puddy<33><STEAM_0:1:19453780><NSF>" killed "[DYS] You're Pissed Off<31><STEAM_0:1:44658357><Jinrai>" with "mx"
L 01/25/2024 - 22:03:22: "suna<29><STEAM_0:1:29157668><NSF>" triggered "kill_assist"
L 01/25/2024 - 22:03:22: "[DYS] You're Pissed Off<31><STEAM_0:1:44658357><Jinrai>" say_team "7 Support mx"
L 01/25/2024 - 22:03:53: "soft as HELL<32><STEAM_0:1:14747705><NSF>" killed "[DYS] Infrequent<41><STEAM_0:1:6384081><Jinrai>" with "mx"
L 01/25/2024 - 22:04:13: "[GB] Agiel<36><STEAM_0:1:25025><NSF>" killed "[DYS] Shazam<50><STEAM_0:1:59236187><Jinrai>" with "mx"
L 01/25/2024 - 22:04:13: "[GB] Puddy<33><STEAM_0:1:19453780><NSF>" triggered "kill_assist"
L 01/25/2024 - 22:04:19: "[DYS] xx<46><STEAM_0:0:8714446><Jinrai>" killed "soft as HELL<32><STEAM_0:1:14747705><NSF>" with "mx"
L 01/25/2024 - 22:04:19: "[DYS] Infrequent<41><STEAM_0:1:6384081><Jinrai>" triggered "kill_assist"
L 01/25/2024 - 22:04:19: "soft as HELL<32><STEAM_0:1:14747705><NSF>" say_team "72 Assault mx"
L 01/25/2024 - 22:04:36: "[DYS] xx<46><STEAM_0:0:8714446><Jinrai>" killed "[GB] Rain ☆彡<30><STEAM_0:0:15075092><NSF>" with "mx"
L 01/25/2024 - 22:04:36: "[DYS] bauxite<48><STEAM_0:0:5757747><Jinrai>" triggered "kill_assist"
L 01/25/2024 - 22:04:36: "[GB] Rain ☆彡<30><STEAM_0:0:15075092><NSF>" say_team "72 Assault mx"
L 01/25/2024 - 22:04:46: "[DYS] bauxite<48><STEAM_0:0:5757747><Jinrai>" say_team "nice save"
L 01/25/2024 - 22:04:48: "[DYS] bauxite<48><STEAM_0:0:5757747><Jinrai>" say_team "holy shit"
L 01/25/2024 - 22:04:51: "[DYS] Shazam<50><STEAM_0:1:59236187><>" disconnected (reason "Connection closing")
L 01/25/2024 - 22:04:51: "[DYS] Shazam<51><STEAM_ID_PENDING><>" connected, address "174.74.176.72:27005"
L 01/25/2024 - 22:04:51: "[DYS] Shazam<51><STEAM_0:1:59236187><>" STEAM USERID validated
L 01/25/2024 - 22:04:53: "[DYS] Shazam<51><STEAM_0:1:59236187><>" entered the game
L 01/25/2024 - 22:04:55: "[DYS] Shazam<51><STEAM_0:1:59236187><Unassigned>" joined team "Jinrai"
L 01/25/2024 - 22:06:04: "suna<29><STEAM_0:1:29157668><NSF>" killed "[DYS] You're Pissed Off<31><STEAM_0:1:44658357><Jinrai>" with "supa7"
L 01/25/2024 - 22:06:04: "[DYS] You're Pissed Off<31><STEAM_0:1:44658357><Jinrai>" say_team "100 Recon supa7"
L 01/25/2024 - 22:06:05: "[DYS] bauxite<48><STEAM_0:0:5757747><Jinrai>" killed "suna<29><STEAM_0:1:29157668><NSF>" with "mx"
L 01/25/2024 - 22:06:06: "suna<29><STEAM_0:1:29157668><NSF>" say_team "100 Support mx"
L 01/25/2024 - 22:06:21: "[DYS] bauxite<48><STEAM_0:0:5757747><Jinrai>" say_team "con"
L 01/25/2024 - 22:06:21: "[DYS] Infrequent<41><STEAM_0:1:6384081><Jinrai>" killed "[GB] Rain ☆彡<30><STEAM_0:0:15075092><NSF>" with "mx"
L 01/25/2024 - 22:06:22: "[GB] Rain ☆彡<30><STEAM_0:0:15075092><NSF>" say_team "27 Assault mx"
L 01/25/2024 - 22:06:26: "[DYS] xx<46><STEAM_0:0:8714446><Jinrai>" killed "[GB] Agiel<36><STEAM_0:1:25025><NSF>" with "grenade_projectile"
L 01/25/2024 - 22:06:26: "[GB] Agiel<36><STEAM_0:1:25025><NSF>" say_team "81 Assault grenade_projectile"
L 01/25/2024 - 22:06:31: "soft as HELL<32><STEAM_0:1:14747705><NSF>" killed "[DYS] bauxite<48><STEAM_0:0:5757747><Jinrai>" with "mx"
L 01/25/2024 - 22:06:31: "[GB] Agiel<36><STEAM_0:1:25025><NSF>" triggered "kill_assist"
L 01/25/2024 - 22:06:31: "[DYS] bauxite<48><STEAM_0:0:5757747><Jinrai>" say_team "74 Assault mx"
L 01/25/2024 - 22:06:31: "[GB] Puddy<33><STEAM_0:1:19453780><NSF>" killed "[DYS] Shazam<51><STEAM_0:1:59236187><Jinrai>" with "mx"
L 01/25/2024 - 22:06:33: "[DYS] bauxite<48><STEAM_0:0:5757747><Jinrai>" say_team "sky"
L 01/25/2024 - 22:06:36: "[DYS] bauxite<48><STEAM_0:0:5757747><Jinrai>" say_team "helipad"
L 01/25/2024 - 22:07:15: "[DYS] xx<46><STEAM_0:0:8714446><Jinrai>" killed "[GB] Puddy<33><STEAM_0:1:19453780><NSF>" with "mx"
L 01/25/2024 - 22:07:15: "[GB] Puddy<33><STEAM_0:1:19453780><NSF>" say_team "81 Assault mx"
L 01/25/2024 - 22:07:20: "[DYS] Infrequent<41><STEAM_0:1:6384081><Jinrai>" killed "soft as HELL<32><STEAM_0:1:14747705><NSF>" with "mx"
L 01/25/2024 - 22:07:20: "soft as HELL<32><STEAM_0:1:14747705><NSF>" say_team "27 Assault mx"
L 01/25/2024 - 22:07:38: "[DYS] bauxite<48><STEAM_0:0:5757747><Jinrai>" say_team "close ghost"
L 01/25/2024 - 22:08:23: "soft as HELL<32><STEAM_0:1:14747705><NSF>" killed "[DYS] Infrequent<41><STEAM_0:1:6384081><Jinrai>" with "mx"
L 01/25/2024 - 22:08:40: "suna<29><STEAM_0:1:29157668><NSF>" killed "[DYS] bauxite<48><STEAM_0:0:5757747><Jinrai>" with "supa7"
L 01/25/2024 - 22:08:40: "[DYS] bauxite<48><STEAM_0:0:5757747><Jinrai>" say_team "100 Recon supa7"
L 01/25/2024 - 22:08:41: "[DYS] Shazam<51><STEAM_0:1:59236187><Jinrai>" killed "soft as HELL<32><STEAM_0:1:14747705><NSF>" with "mx"
L 01/25/2024 - 22:08:41: "soft as HELL<32><STEAM_0:1:14747705><NSF>" say_team "100 Support mx"
L 01/25/2024 - 22:08:44: "suna<29><STEAM_0:1:29157668><NSF>" killed "[DYS] You're Pissed Off<31><STEAM_0:1:44658357><Jinrai>" with "supa7"
L 01/25/2024 - 22:08:44: "[DYS] You're Pissed Off<31><STEAM_0:1:44658357><Jinrai>" say_team "100 Recon supa7"
L 01/25/2024 - 22:08:49: "suna<29><STEAM_0:1:29157668><NSF>" killed "[DYS] xx<46><STEAM_0:0:8714446><Jinrai>" with "mx"
L 01/25/2024 - 22:09:00: "[GB] Agiel<36><STEAM_0:1:25025><NSF>" killed "[DYS] Shazam<51><STEAM_0:1:59236187><Jinrai>" with "mx"
L 01/25/2024 - 22:09:04: "suna<29><STEAM_0:1:29157668><NSF>" say "gg"
L 01/25/2024 - 22:09:06: "[DYS] bauxite<48><STEAM_0:0:5757747><Jinrai>" say "gg wp"
L 01/25/2024 - 22:09:09: "[GB] Rain ☆彡<30><STEAM_0:0:15075092><NSF>" say "ggwp"
L 01/25/2024 - 22:09:10: "[GB] Agiel<36><STEAM_0:1:25025><NSF>" say "gg wp"
L 01/25/2024 - 22:09:19: "[DYS] You're Pissed Off<31><STEAM_0:1:44658357><Jinrai>" say "gg"
L 01/25/2024 - 22:09:20: "[DYS] xx<46><STEAM_0:0:8714446><Jinrai>" say "GG"
L 01/25/2024 - 22:09:22: "[DYS] bauxite<48><STEAM_0:0:5757747><Jinrai>" disconnected (reason "Disconnect by user.")
L 01/25/2024 - 22:09:23: "suna<29><STEAM_0:1:29157668><NSF>" say "holy shit"
L 01/25/2024 - 22:09:26: "[DYS] Infrequent<41><STEAM_0:1:6384081><Jinrai>" disconnected (reason "Disconnect by user.")
L 01/25/2024 - 22:09:34: "suna<29><STEAM_0:1:29157668><NSF>" say "i never sweated so hard in my life"
L 01/25/2024 - 22:09:35: "[GB] Agiel<36><STEAM_0:1:25025><NSF>" say "a shame that wasn't streamed"
L 01/25/2024 - 22:09:36: "suna<29><STEAM_0:1:29157668><NSF>" say "well done"
L 01/25/2024 - 22:10:33: "[GB] Agiel<36><STEAM_0:1:25025><NSF>" disconnected (reason "Disconnect by user.")
L 01/25/2024 - 22:10:35: "[GB] Rain ☆彡<30><STEAM_0:0:15075092><NSF>" disconnected (reason "Disconnect by user.")
L 01/25/2024 - 22:10:51: "[DYS] You're Pissed Off<31><STEAM_0:1:44658357><Jinrai>" disconnected (reason "Disconnect by user.")
L 01/25/2024 - 22:11:37: "soft as HELL<32><STEAM_0:1:14747705><NSF>" disconnected (reason "Disconnect by user.")
L 01/25/2024 - 22:12:40: "[DYS] bauxite<52><STEAM_ID_PENDING><>" connected, address "86.13.114.58:27005"
L 01/25/2024 - 22:12:40: "[DYS] bauxite<52><STEAM_0:0:5757747><>" STEAM USERID validated
L 01/25/2024 - 22:12:43: "[DYS] bauxite<52><STEAM_0:0:5757747><>" entered the game
L 01/25/2024 - 22:13:01: "[DYS] bauxite<52><STEAM_0:0:5757747><Unassigned>" joined team "Spectator"
L 01/25/2024 - 22:13:08: "[DYS] bauxite<52><STEAM_0:0:5757747><Spectator>" say "!map nt_threadplate_ctg"
L 01/25/2024 - 22:13:11: [META] Loaded 0 plugins (1 already loaded)
L 01/25/2024 - 22:13:11: [META] Loaded 0 plugins (1 already loaded)
L 01/25/2024 - 22:13:11: Log file closed
