L 02/10/2024 - 20:37:00: Log file started (file "logs\L0210067.log") (game "z:\home\steam\steam\steamapps\common\nt\NeotokyoSource") (version "4044")
L 02/10/2024 - 20:37:00: server_cvar: "sv_pausable" "0"
L 02/10/2024 - 20:37:00: server_cvar: "sv_contact" "baux.site"
L 02/10/2024 - 20:37:00: server_cvar: "sv_gravity" "800"
L 02/10/2024 - 20:37:00: server_cvar: "mp_friendlyfire" "1"
L 02/10/2024 - 20:37:02: "[DYS] bauxite<27><STEAM_0:0:5757747><>" entered the game
L 02/10/2024 - 20:37:02: "[DYS] Hosomi<28><STEAM_0:0:51357353><>" entered the game
L 02/10/2024 - 20:37:02: "[DYS] xx<22><STEAM_0:0:8714446><>" entered the game
L 02/10/2024 - 20:37:02: "[BONK] Ningurist<16><STEAM_0:0:156832755><>" entered the game
L 02/10/2024 - 20:37:02: "[DYS] Infrequent<4><STEAM_0:1:6384081><>" entered the game
L 02/10/2024 - 20:37:02: "[BONK] 草<8><STEAM_0:1:39165168><>" entered the game
L 02/10/2024 - 20:37:02: "[BONK] Masterkatze<19><STEAM_0:0:30137778><>" entered the game
L 02/10/2024 - 20:37:02: "[CAST] Cold Lizard<6><STEAM_0:1:20336729><>" entered the game
L 02/10/2024 - 20:37:02: "[DYS] Shazam<26><STEAM_0:1:59236187><>" entered the game
L 02/10/2024 - 20:37:02: "[KASTA]ASBOJACK7H<11><STEAM_0:0:559133323><>" entered the game
L 02/10/2024 - 20:37:02: "[BONK] kinoko<24><STEAM_0:0:83067719><>" entered the game
L 02/10/2024 - 20:37:02: "[Disembodied Camera] Oni<14><STEAM_0:1:10174276><>" entered the game
L 02/10/2024 - 20:37:03: "[BONK] Muffin-Dono<12><STEAM_0:1:42031632><>" entered the game
L 02/10/2024 - 20:37:03: "[DYS] bauxite<27><STEAM_0:0:5757747><Unassigned>" joined team "NSF"
L 02/10/2024 - 20:37:04: "[DYS] Infrequent<4><STEAM_0:1:6384081><Unassigned>" joined team "NSF"
L 02/10/2024 - 20:37:04: "[Disembodied Camera] Oni<14><STEAM_0:1:10174276><Unassigned>" joined team "Spectator"
L 02/10/2024 - 20:37:04: "[DYS] Shazam<26><STEAM_0:1:59236187><Unassigned>" joined team "NSF"
L 02/10/2024 - 20:37:04: "[DYS] Hosomi<28><STEAM_0:0:51357353><Unassigned>" joined team "Jinrai"
L 02/10/2024 - 20:37:04: "[KASTA]ASBOJACK7H<11><STEAM_0:0:559133323><Unassigned>" joined team "Spectator"
L 02/10/2024 - 20:37:04: "[BONK] kinoko<24><STEAM_0:0:83067719><Unassigned>" joined team "Jinrai"
L 02/10/2024 - 20:37:05: "[BONK] Ningurist<16><STEAM_0:0:156832755><Unassigned>" joined team "Jinrai"
L 02/10/2024 - 20:37:05: "[BONK] Masterkatze<19><STEAM_0:0:30137778><Unassigned>" joined team "Jinrai"
L 02/10/2024 - 20:37:05: "[DYS] xx<22><STEAM_0:0:8714446><Unassigned>" joined team "NSF"
L 02/10/2024 - 20:37:06: "[BONK] Muffin-Dono<12><STEAM_0:1:42031632><Unassigned>" joined team "Jinrai"
L 02/10/2024 - 20:37:08: "[Disembodied Camera] Oni<14><STEAM_0:1:10174276><Spectator>" say "!setobserver"
L 02/10/2024 - 20:37:20: "[BONK] Muffin-Dono<12><STEAM_0:1:42031632><Jinrai>" say "!ready"
L 02/10/2024 - 20:37:27: "[DYS] xx<22><STEAM_0:0:8714446><NSF>" say "!ready"
L 02/10/2024 - 20:37:30: "[BONK] Ningurist<16><STEAM_0:0:156832755><Jinrai>" say "wait a sec"
L 02/10/2024 - 20:37:31: "[BONK] Ningurist<16><STEAM_0:0:156832755><Jinrai>" say "who are tyou"
L 02/10/2024 - 20:37:31: "[BONK] 草<8><STEAM_0:1:39165168><Unassigned>" joined team "Spectator"
L 02/10/2024 - 20:37:35: "[BONK] 草<8><STEAM_0:1:39165168><Spectator>" say "!j"
L 02/10/2024 - 20:37:35: "[BONK] 草<8><STEAM_0:1:39165168><Spectator>" joined team "Jinrai"
L 02/10/2024 - 20:37:36: "[BONK] Masterkatze<19><STEAM_0:0:30137778><Jinrai>" say "!ready"
L 02/10/2024 - 20:37:40: "[BONK] Muffin-Dono<12><STEAM_0:1:42031632><Jinrai>" say "bosomi begone"
L 02/10/2024 - 20:37:41: "[KASTA]ASBOJACK7H<11><STEAM_0:0:559133323><Spectator>" say "hosomi casually changing team mid match "
L 02/10/2024 - 20:37:48: "[DYS] Hosomi<28><STEAM_0:0:51357353><Jinrai>" say "!n"
L 02/10/2024 - 20:37:48: "[DYS] Hosomi<28><STEAM_0:0:51357353><Jinrai>" committed suicide with "player"
L 02/10/2024 - 20:37:48: "[DYS] Hosomi<28><STEAM_0:0:51357353><Jinrai>" joined team "NSF"
L 02/10/2024 - 20:37:52: "[KASTA]ASBOJACK7H<11><STEAM_0:0:559133323><Spectator>" say "the double agent"
L 02/10/2024 - 20:37:55: "[DYS] Infrequent<4><STEAM_0:1:6384081><NSF>" say "!ready"
L 02/10/2024 - 20:38:01: "[DYS] bauxite<27><STEAM_0:0:5757747><NSF>" say "!ready"
L 02/10/2024 - 20:38:01: "[BONK] Ningurist<16><STEAM_0:0:156832755><Jinrai>" say "next thing you'll know she'll infiltrate our vc"
L 02/10/2024 - 20:38:04: "[BONK] 草<8><STEAM_0:1:39165168><Jinrai>" say "!ready"
L 02/10/2024 - 20:38:05: "[CAST] Cold Lizard<6><STEAM_0:1:20336729><Unassigned>" joined team "Spectator"
L 02/10/2024 - 20:38:07: "[DYS] Hosomi<28><STEAM_0:0:51357353><NSF>" say "[BONK][BONK][BONK][BONK][BONK][BONK][BONK][BONK][BONK][BONK] "
L 02/10/2024 - 20:38:07: "[BONK] Ningurist<16><STEAM_0:0:156832755><Jinrai>" say "!ready"
L 02/10/2024 - 20:38:10: "[BONK] Ningurist<16><STEAM_0:0:156832755><Jinrai>" say "[BONK] [BONK] [BONK] [BONK] [BONK] [BONK] [BONK]"
L 02/10/2024 - 20:38:12: "[DYS] Hosomi<28><STEAM_0:0:51357353><NSF>" say "!ready"
L 02/10/2024 - 20:38:16: "[BONK] Muffin-Dono<12><STEAM_0:1:42031632><Jinrai>" say "!ready"
L 02/10/2024 - 20:39:06: "[DYS] Infrequent<4><STEAM_0:1:6384081><NSF>" say "huh"
L 02/10/2024 - 20:39:09: "[DYS] Infrequent<4><STEAM_0:1:6384081><NSF>" say "two bullet holes"
L 02/10/2024 - 20:39:20: "[BONK] Muffin-Dono<12><STEAM_0:1:42031632><Jinrai>" say "!ready"
L 02/10/2024 - 20:39:24: "[BONK] Muffin-Dono<12><STEAM_0:1:42031632><Jinrai>" say "!readylist"
L 02/10/2024 - 20:39:30: "[KASTA]ASBOJACK7H<11><STEAM_0:0:559133323><Spectator>" say "!readylist"
L 02/10/2024 - 20:39:50: "[BONK] Muffin-Dono<12><STEAM_0:1:42031632><Jinrai>" say_team "ready up"
L 02/10/2024 - 20:39:51: "[BONK] Ningurist<16><STEAM_0:0:156832755><Jinrai>" say "!ready"
L 02/10/2024 - 20:39:51: "[DYS] Infrequent<4><STEAM_0:1:6384081><NSF>" say "!readylist"
L 02/10/2024 - 20:39:58: "[DYS] Hosomi<28><STEAM_0:0:51357353><NSF>" say "!ready"
L 02/10/2024 - 20:40:02: "[BONK] kinoko<24><STEAM_0:0:83067719><Jinrai>" say "!fov 90"
L 02/10/2024 - 20:40:02: "[DYS] Hosomi<28><STEAM_0:0:51357353><NSF>" say "KINOOOOOOOOOOOOOOOO"
L 02/10/2024 - 20:40:05: "[BONK] kinoko<24><STEAM_0:0:83067719><Jinrai>" say "?"
L 02/10/2024 - 20:40:08: "[DYS] Hosomi<28><STEAM_0:0:51357353><NSF>" say "oh"
L 02/10/2024 - 20:40:12: "[DYS] Hosomi<28><STEAM_0:0:51357353><NSF>" say "Who are we waiting on then?"
L 02/10/2024 - 20:40:13: "[BONK] Ningurist<16><STEAM_0:0:156832755><Jinrai>" say "!readylist`"
L 02/10/2024 - 20:40:16: "[DYS] Hosomi<28><STEAM_0:0:51357353><NSF>" say "!readylist"
L 02/10/2024 - 20:40:16: "[BONK] Ningurist<16><STEAM_0:0:156832755><Jinrai>" say "!readylist"
L 02/10/2024 - 20:40:20: "[BONK] Ningurist<16><STEAM_0:0:156832755><Jinrai>" say_team "shazam"
L 02/10/2024 - 20:40:27: "[DYS] Infrequent<4><STEAM_0:1:6384081><NSF>" say "i heard shazam's headset fall"
L 02/10/2024 - 20:40:29: "[DYS] Infrequent<4><STEAM_0:1:6384081><NSF>" say "so uuhh"
L 02/10/2024 - 20:40:30: "[DYS] Hosomi<28><STEAM_0:0:51357353><NSF>" say "Shazam did a magic trick"
L 02/10/2024 - 20:40:32: "[DYS] xx<22><STEAM_0:0:8714446><NSF>" say "shazam fetching water"
L 02/10/2024 - 20:40:36: "[DYS] Shazam<26><STEAM_0:1:59236187><NSF>" say "!ready"
L 02/10/2024 - 20:40:46: "[DYS] bauxite<27><STEAM_0:0:5757747><NSF>" say "glhf"
L 02/10/2024 - 20:41:09: "[DYS] Shazam<26><STEAM_0:1:59236187><NSF>" killed "[BONK] 草<8><STEAM_0:1:39165168><Jinrai>" with "srm"
L 02/10/2024 - 20:41:09: "[BONK] 草<8><STEAM_0:1:39165168><Jinrai>" say_team "61 Recon srm"
L 02/10/2024 - 20:41:28: "[BONK] Ningurist<16><STEAM_0:0:156832755><Jinrai>" say_team "Deploying smoke!"
L 02/10/2024 - 20:41:47: "[DYS] bauxite<27><STEAM_0:0:5757747><NSF>" say_team "I'm going in!"
L 02/10/2024 - 20:42:06: "[DYS] bauxite<27><STEAM_0:0:5757747><NSF>" say_team "Enemy in Front"
L 02/10/2024 - 20:42:10: "[BONK] Ningurist<16><STEAM_0:0:156832755><Jinrai>" say_team "connector"
L 02/10/2024 - 20:42:11: "[BONK] Ningurist<16><STEAM_0:0:156832755><Jinrai>" say_team "tree"
L 02/10/2024 - 20:42:13: "[DYS] bauxite<27><STEAM_0:0:5757747><NSF>" say_team "1 tree"
L 02/10/2024 - 20:42:14: "[BONK] Muffin-Dono<12><STEAM_0:1:42031632><Jinrai>" killed "[DYS] Shazam<26><STEAM_0:1:59236187><NSF>" with "zr68s"
L 02/10/2024 - 20:42:14: "[DYS] bauxite<27><STEAM_0:0:5757747><NSF>" say_team "1 elbow"
L 02/10/2024 - 20:42:42: "[DYS] Infrequent<4><STEAM_0:1:6384081><NSF>" killed "[BONK] Masterkatze<19><STEAM_0:0:30137778><Jinrai>" with "zr68s"
L 02/10/2024 - 20:42:53: "[BONK] Ningurist<16><STEAM_0:0:156832755><Jinrai>" say_team "Advancing!"
L 02/10/2024 - 20:42:56: "[DYS] xx<22><STEAM_0:0:8714446><NSF>" killed "[BONK] Ningurist<16><STEAM_0:0:156832755><Jinrai>" with "zr68s"
L 02/10/2024 - 20:42:56: "[BONK] Ningurist<16><STEAM_0:0:156832755><Jinrai>" say_team "56 Assault zr68s"
L 02/10/2024 - 20:42:58: "[BONK] Ningurist<16><STEAM_0:0:156832755><Jinrai>" say_team "tree"
L 02/10/2024 - 20:43:00: "[DYS] Infrequent<4><STEAM_0:1:6384081><NSF>" killed "[BONK] Muffin-Dono<12><STEAM_0:1:42031632><Jinrai>" with "zr68s"
L 02/10/2024 - 20:43:00: "[DYS] Shazam<26><STEAM_0:1:59236187><NSF>" triggered "kill_assist"
L 02/10/2024 - 20:43:05: "[BONK] Ningurist<16><STEAM_0:0:156832755><Jinrai>" say_team "not sure where on tree"
L 02/10/2024 - 20:43:08: "[DYS] bauxite<27><STEAM_0:0:5757747><NSF>" killed "[BONK] kinoko<24><STEAM_0:0:83067719><Jinrai>" with "kyla"
L 02/10/2024 - 20:43:08: "[BONK] kinoko<24><STEAM_0:0:83067719><Jinrai>" say_team "64 Support kyla"
L 02/10/2024 - 20:43:12: "[BONK] Ningurist<16><STEAM_0:0:156832755><Jinrai>" say_team "ah crap"
L 02/10/2024 - 20:43:35: "[BONK] Ningurist<16><STEAM_0:0:156832755><Jinrai>" say_team "i go blue"
L 02/10/2024 - 20:44:02: "[DYS] Infrequent<4><STEAM_0:1:6384081><NSF>" killed "[BONK] Muffin-Dono<12><STEAM_0:1:42031632><Jinrai>" with "grenade_projectile"
L 02/10/2024 - 20:44:43: "[DYS] bauxite<27><STEAM_0:0:5757747><NSF>" say_team "Enemy in Front"
L 02/10/2024 - 20:44:48: "[BONK] Ningurist<16><STEAM_0:0:156832755><Jinrai>" say_team "ladder"
L 02/10/2024 - 20:44:50: "[BONK] Ningurist<16><STEAM_0:0:156832755><Jinrai>" say_team "elbow"
L 02/10/2024 - 20:44:51: "[BONK] Ningurist<16><STEAM_0:0:156832755><Jinrai>" say_team "support"
L 02/10/2024 - 20:44:52: "[BONK] Ningurist<16><STEAM_0:0:156832755><Jinrai>" say_team "supa"
L 02/10/2024 - 20:44:53: "[BONK] Ningurist<16><STEAM_0:0:156832755><Jinrai>" say_team "tapped"
L 02/10/2024 - 20:44:55: "[BONK] 草<8><STEAM_0:1:39165168><Jinrai>" killed "[DYS] bauxite<27><STEAM_0:0:5757747><NSF>" with "zr68s"
L 02/10/2024 - 20:44:55: "[BONK] Ningurist<16><STEAM_0:0:156832755><Jinrai>" triggered "kill_assist"
L 02/10/2024 - 20:44:56: "[DYS] bauxite<27><STEAM_0:0:5757747><NSF>" say_team "86 Assault zr68s"
L 02/10/2024 - 20:44:56: "[BONK] Ningurist<16><STEAM_0:0:156832755><Jinrai>" say_team "tree"
L 02/10/2024 - 20:44:59: "[DYS] bauxite<27><STEAM_0:0:5757747><NSF>" say_team "basement"
L 02/10/2024 - 20:45:00: "[DYS] bauxite<27><STEAM_0:0:5757747><NSF>" say_team "and con"
L 02/10/2024 - 20:45:03: "[BONK] Masterkatze<19><STEAM_0:0:30137778><Jinrai>" killed "[DYS] Infrequent<4><STEAM_0:1:6384081><NSF>" with "zr68s"
L 02/10/2024 - 20:45:08: "[BONK] 草<8><STEAM_0:1:39165168><Jinrai>" committed suicide with "player"
L 02/10/2024 - 20:45:12: "[BONK] Muffin-Dono<12><STEAM_0:1:42031632><Jinrai>" say "[BONK] [BONK] [BONK] [BONK] [BONK] [BONK] [BONK] [BONK] [BONK] [BONK]"
L 02/10/2024 - 20:45:12: "[DYS] xx<22><STEAM_0:0:8714446><NSF>" killed "[BONK] Masterkatze<19><STEAM_0:0:30137778><Jinrai>" with "zr68s"
L 02/10/2024 - 20:45:16: "[DYS] Shazam<26><STEAM_0:1:59236187><NSF>" killed "[BONK] kinoko<24><STEAM_0:0:83067719><Jinrai>" with "srm"
L 02/10/2024 - 20:45:16: "[BONK] kinoko<24><STEAM_0:0:83067719><Jinrai>" say_team "100 Recon srm"
L 02/10/2024 - 20:45:35: "[BONK] Ningurist<16><STEAM_0:0:156832755><Jinrai>" killed "[DYS] xx<22><STEAM_0:0:8714446><NSF>" with "zr68c"
L 02/10/2024 - 20:45:35: "[BONK] Masterkatze<19><STEAM_0:0:30137778><Jinrai>" triggered "kill_assist"
L 02/10/2024 - 20:45:41: "[DYS] Shazam<26><STEAM_0:1:59236187><NSF>" killed "[BONK] Ningurist<16><STEAM_0:0:156832755><Jinrai>" with "srm"
L 02/10/2024 - 20:45:41: "[BONK] Ningurist<16><STEAM_0:0:156832755><Jinrai>" say_team "75 Recon srm"
L 02/10/2024 - 20:46:06: "[DYS] bauxite<27><STEAM_0:0:5757747><NSF>" say_team "i can swap mx for supa"
L 02/10/2024 - 20:46:07: "[BONK] Ningurist<16><STEAM_0:0:156832755><Jinrai>" say_team "CLOSE GHOST"
L 02/10/2024 - 20:46:49: "[BONK] Ningurist<16><STEAM_0:0:156832755><Jinrai>" say_team "AC"
L 02/10/2024 - 20:46:51: "[BONK] Masterkatze<19><STEAM_0:0:30137778><Jinrai>" killed "[DYS] Shazam<26><STEAM_0:1:59236187><NSF>" with "grenade_projectile"
L 02/10/2024 - 20:47:13: "[BONK] kinoko<24><STEAM_0:0:83067719><Jinrai>" killed "[DYS] Hosomi<28><STEAM_0:0:51357353><NSF>" with "srm"
L 02/10/2024 - 20:47:26: "[BONK] Ningurist<16><STEAM_0:0:156832755><Jinrai>" say_team "AC"
L 02/10/2024 - 20:47:27: "[BONK] kinoko<24><STEAM_0:0:83067719><Jinrai>" killed "[DYS] xx<22><STEAM_0:0:8714446><NSF>" with "srm"
L 02/10/2024 - 20:47:29: "[DYS] Infrequent<4><STEAM_0:1:6384081><NSF>" killed "[BONK] kinoko<24><STEAM_0:0:83067719><Jinrai>" with "zr68s"
L 02/10/2024 - 20:47:29: "[DYS] xx<22><STEAM_0:0:8714446><NSF>" triggered "kill_assist"
L 02/10/2024 - 20:47:29: "[BONK] kinoko<24><STEAM_0:0:83067719><Jinrai>" say_team "100 Assault zr68s"
L 02/10/2024 - 20:47:42: "[BONK] Ningurist<16><STEAM_0:0:156832755><Jinrai>" say_team "HELI"
L 02/10/2024 - 20:47:50: "[BONK] Masterkatze<19><STEAM_0:0:30137778><Jinrai>" killed "[DYS] Infrequent<4><STEAM_0:1:6384081><NSF>" with "zr68s"
L 02/10/2024 - 20:47:52: Team "Jinrai" triggered "ghost_capture_team"
L 02/10/2024 - 20:47:52: "[BONK] 草<8><STEAM_0:1:39165168><Jinrai>" triggered "ghost_capture"
L 02/10/2024 - 20:47:52: "[DYS] bauxite<27><STEAM_0:0:5757747><NSF>" killed "[BONK] 草<8><STEAM_0:1:39165168><Jinrai>" with "mx"
L 02/10/2024 - 20:47:52: "[DYS] Infrequent<4><STEAM_0:1:6384081><NSF>" triggered "kill_assist"
L 02/10/2024 - 20:47:52: "[BONK] 草<8><STEAM_0:1:39165168><Jinrai>" say_team "100 Support mx"
L 02/10/2024 - 20:47:58: "[DYS] bauxite<27><STEAM_0:0:5757747><NSF>" killed "[BONK] Masterkatze<19><STEAM_0:0:30137778><Jinrai>" with "mx"
L 02/10/2024 - 20:48:01: "[BONK] Muffin-Dono<12><STEAM_0:1:42031632><Jinrai>" killed "[DYS] bauxite<27><STEAM_0:0:5757747><NSF>" with "zr68s"
L 02/10/2024 - 20:48:01: "[BONK] Masterkatze<19><STEAM_0:0:30137778><Jinrai>" triggered "kill_assist"
L 02/10/2024 - 20:48:01: "[DYS] bauxite<27><STEAM_0:0:5757747><NSF>" say_team "100 Assault zr68s"
L 02/10/2024 - 20:48:03: "[BONK] Ningurist<16><STEAM_0:0:156832755><Jinrai>" say_team "you're doing well :)"
L 02/10/2024 - 20:48:04: "[DYS] bauxite<27><STEAM_0:0:5757747><NSF>" say_team "my gun didnt fire"
L 02/10/2024 - 20:48:13: "[BONK] Ningurist<16><STEAM_0:0:156832755><Jinrai>" say_team "i got mx"
L 02/10/2024 - 20:48:15: "[BONK] kinoko<24><STEAM_0:0:83067719><Jinrai>" disconnected (reason "Disconnect by user.")
L 02/10/2024 - 20:48:15: "[BONK] kinoko<29><STEAM_ID_PENDING><>" connected, address "213.219.122.223:27005"
L 02/10/2024 - 20:48:15: "[BONK] kinoko<29><STEAM_0:0:83067719><>" STEAM USERID validated
L 02/10/2024 - 20:48:16: "[BONK] kinoko<29><STEAM_0:0:83067719><>" entered the game
L 02/10/2024 - 20:48:18: "[BONK] kinoko<29><STEAM_0:0:83067719><Unassigned>" joined team "Jinrai"
L 02/10/2024 - 20:48:28: "[BONK] Ningurist<16><STEAM_0:0:156832755><Jinrai>" say_team "blue going"
L 02/10/2024 - 20:48:32: "[DYS] Shazam<26><STEAM_0:1:59236187><NSF>" killed "[BONK] kinoko<29><STEAM_0:0:83067719><Jinrai>" with "srm"
L 02/10/2024 - 20:48:32: "[BONK] kinoko<29><STEAM_0:0:83067719><Jinrai>" say_team "79 Recon srm"
L 02/10/2024 - 20:48:37: "[DYS] Hosomi<28><STEAM_0:0:51357353><NSF>" killed "[BONK] Ningurist<16><STEAM_0:0:156832755><Jinrai>" with "jittescoped"
L 02/10/2024 - 20:48:37: "[BONK] Ningurist<16><STEAM_0:0:156832755><Jinrai>" say_team "100 Recon jittescoped"
L 02/10/2024 - 20:48:40: "[BONK] Ningurist<16><STEAM_0:0:156832755><Jinrai>" say_team "connector"
L 02/10/2024 - 20:48:41: "[BONK] Ningurist<16><STEAM_0:0:156832755><Jinrai>" say_team "blue"
L 02/10/2024 - 20:48:48: "[BONK] kinoko<29><STEAM_0:0:83067719><Jinrai>" say_team "gotcha"
L 02/10/2024 - 20:48:54: "[BONK] Ningurist<16><STEAM_0:0:156832755><Jinrai>" say_team "hosomi being aggressive"
L 02/10/2024 - 20:49:11: "[BONK] Muffin-Dono<12><STEAM_0:1:42031632><Jinrai>" killed "[DYS] bauxite<27><STEAM_0:0:5757747><NSF>" with "zr68s"
L 02/10/2024 - 20:49:11: "[DYS] bauxite<27><STEAM_0:0:5757747><NSF>" say_team "100 Assault zr68s"
L 02/10/2024 - 20:49:14: "[DYS] bauxite<27><STEAM_0:0:5757747><NSF>" say_team "mid sky"
L 02/10/2024 - 20:49:24: "[BONK] 草<8><STEAM_0:1:39165168><Jinrai>" killed "[DYS] Infrequent<4><STEAM_0:1:6384081><NSF>" with "grenade_projectile"
L 02/10/2024 - 20:49:37: "[BONK] Ningurist<16><STEAM_0:0:156832755><Jinrai>" say_team "hosomi recon alive (100?)"
L 02/10/2024 - 20:49:43: "[BONK] 草<8><STEAM_0:1:39165168><Jinrai>" killed "[DYS] Shazam<26><STEAM_0:1:59236187><NSF>" with "zr68s"
L 02/10/2024 - 20:49:44: "[DYS] bauxite<27><STEAM_0:0:5757747><NSF>" disconnected (reason "Disconnect by user.")
L 02/10/2024 - 20:49:44: "[DYS] bauxite<30><STEAM_ID_PENDING><>" connected, address "86.13.114.58:27005"
L 02/10/2024 - 20:49:44: "[DYS] bauxite<30><STEAM_0:0:5757747><>" STEAM USERID validated
L 02/10/2024 - 20:49:45: "[DYS] bauxite<30><STEAM_0:0:5757747><>" entered the game
L 02/10/2024 - 20:49:47: "[DYS] bauxite<30><STEAM_0:0:5757747><Unassigned>" joined team "NSF"
L 02/10/2024 - 20:49:47: "[DYS] xx<22><STEAM_0:0:8714446><NSF>" killed "[BONK] Masterkatze<19><STEAM_0:0:30137778><Jinrai>" with "zr68s"
L 02/10/2024 - 20:49:56: "[BONK] Muffin-Dono<12><STEAM_0:1:42031632><Jinrai>" killed "[DYS] xx<22><STEAM_0:0:8714446><NSF>" with "mx"
L 02/10/2024 - 20:50:10: "[DYS] Hosomi<28><STEAM_0:0:51357353><NSF>" killed "[BONK] 草<8><STEAM_0:1:39165168><Jinrai>" with "mx"
L 02/10/2024 - 20:50:10: "[BONK] 草<8><STEAM_0:1:39165168><Jinrai>" say_team "50 Recon mx"
L 02/10/2024 - 20:50:18: "[DYS] Hosomi<28><STEAM_0:0:51357353><NSF>" killed "[BONK] Muffin-Dono<12><STEAM_0:1:42031632><Jinrai>" with "mx"
L 02/10/2024 - 20:50:21: "[BONK] Ningurist<16><STEAM_0:0:156832755><Jinrai>" say_team "ahhh so close"
L 02/10/2024 - 20:50:28: "[BONK] Ningurist<16><STEAM_0:0:156832755><Jinrai>" say_team "muffin you can do !settings btw"
L 02/10/2024 - 20:51:20: "[BONK] Masterkatze<19><STEAM_0:0:30137778><Jinrai>" killed "[DYS] Shazam<26><STEAM_0:1:59236187><NSF>" with "zr68s"
L 02/10/2024 - 20:51:20: "[BONK] 草<8><STEAM_0:1:39165168><Jinrai>" triggered "kill_assist"
L 02/10/2024 - 20:51:41: "[DYS] xx<22><STEAM_0:0:8714446><NSF>" killed "[BONK] 草<8><STEAM_0:1:39165168><Jinrai>" with "zr68s"
L 02/10/2024 - 20:51:41: "[BONK] 草<8><STEAM_0:1:39165168><Jinrai>" say_team "48 Assault zr68s"
L 02/10/2024 - 20:51:42: "[BONK] kinoko<29><STEAM_0:0:83067719><Jinrai>" killed "[DYS] xx<22><STEAM_0:0:8714446><NSF>" with "srm"
L 02/10/2024 - 20:51:42: "[BONK] 草<8><STEAM_0:1:39165168><Jinrai>" triggered "kill_assist"
L 02/10/2024 - 20:51:48: "[BONK] kinoko<29><STEAM_0:0:83067719><Jinrai>" killed "[DYS] bauxite<30><STEAM_0:0:5757747><NSF>" with "srm"
L 02/10/2024 - 20:51:49: "[DYS] bauxite<30><STEAM_0:0:5757747><NSF>" say_team "75 Recon srm"
L 02/10/2024 - 20:52:13: "[DYS] Infrequent<4><STEAM_0:1:6384081><NSF>" killed "[BONK] Masterkatze<19><STEAM_0:0:30137778><Jinrai>" with "zr68s"
L 02/10/2024 - 20:52:14: "[BONK] kinoko<29><STEAM_0:0:83067719><Jinrai>" killed "[DYS] Infrequent<4><STEAM_0:1:6384081><NSF>" with "mx"
L 02/10/2024 - 20:52:16: "[BONK] kinoko<29><STEAM_0:0:83067719><Jinrai>" killed "[DYS] Hosomi<28><STEAM_0:0:51357353><NSF>" with "mx"
L 02/10/2024 - 20:52:38: "[DYS] bauxite<30><STEAM_0:0:5757747><NSF>" say_team "no im ahving issues"
L 02/10/2024 - 20:52:49: "[BONK] Ningurist<16><STEAM_0:0:156832755><Jinrai>" say_team "blue"
L 02/10/2024 - 20:53:41: "[DYS] Infrequent<4><STEAM_0:1:6384081><NSF>" killed "[BONK] Ningurist<16><STEAM_0:0:156832755><Jinrai>" with "grenade_projectile"
L 02/10/2024 - 20:53:41: "[BONK] Ningurist<16><STEAM_0:0:156832755><Jinrai>" say_team "100 Assault grenade_projectile"
L 02/10/2024 - 20:53:48: "[BONK] Ningurist<16><STEAM_0:0:156832755><Jinrai>" say_team "not sure where"
L 02/10/2024 - 20:53:53: "[BONK] Ningurist<16><STEAM_0:0:156832755><Jinrai>" say_team "i was in connector"
L 02/10/2024 - 20:53:57: "[BONK] Ningurist<16><STEAM_0:0:156832755><Jinrai>" say_team "ah"
L 02/10/2024 - 20:53:58: "[BONK] Ningurist<16><STEAM_0:0:156832755><Jinrai>" say_team "my bad"
L 02/10/2024 - 20:54:02: "[BONK] Ningurist<16><STEAM_0:0:156832755><Jinrai>" say_team "i see i see"
L 02/10/2024 - 20:54:10: "[DYS] bauxite<30><STEAM_0:0:5757747><NSF>" killed "[BONK] Masterkatze<19><STEAM_0:0:30137778><Jinrai>" with "mx"
L 02/10/2024 - 20:54:20: "[BONK] 草<8><STEAM_0:1:39165168><Jinrai>" killed "[DYS] bauxite<30><STEAM_0:0:5757747><NSF>" with "zr68s"
L 02/10/2024 - 20:54:20: "[DYS] bauxite<30><STEAM_0:0:5757747><NSF>" say_team "66 Assault zr68s"
L 02/10/2024 - 20:54:23: "[DYS] Shazam<26><STEAM_0:1:59236187><NSF>" killed "[BONK] 草<8><STEAM_0:1:39165168><Jinrai>" with "srm"
L 02/10/2024 - 20:54:23: "[BONK] 草<8><STEAM_0:1:39165168><Jinrai>" say_team "81 Recon srm"
L 02/10/2024 - 20:54:23: "[DYS] Infrequent<4><STEAM_0:1:6384081><NSF>" killed "[BONK] kinoko<29><STEAM_0:0:83067719><Jinrai>" with "mx"
L 02/10/2024 - 20:54:23: "[DYS] xx<22><STEAM_0:0:8714446><NSF>" triggered "kill_assist"
L 02/10/2024 - 20:54:23: "[BONK] kinoko<29><STEAM_0:0:83067719><Jinrai>" say_team "100 Assault mx"
L 02/10/2024 - 20:54:25: "[DYS] bauxite<30><STEAM_0:0:5757747><NSF>" say_team "last 1"
L 02/10/2024 - 20:54:37: "[BONK] Muffin-Dono<12><STEAM_0:1:42031632><Jinrai>" killed "[DYS] Infrequent<4><STEAM_0:1:6384081><NSF>" with "zr68s"
L 02/10/2024 - 20:54:45: Team "NSF" triggered "ghost_capture_team"
L 02/10/2024 - 20:54:45: "[DYS] Hosomi<28><STEAM_0:0:51357353><NSF>" triggered "ghost_capture"
L 02/10/2024 - 20:54:47: "[DYS] xx<22><STEAM_0:0:8714446><NSF>" killed "[BONK] Muffin-Dono<12><STEAM_0:1:42031632><Jinrai>" with "zr68s"
L 02/10/2024 - 20:54:47: "[DYS] Infrequent<4><STEAM_0:1:6384081><NSF>" triggered "kill_assist"
L 02/10/2024 - 20:54:56: "[BONK] Ningurist<16><STEAM_0:0:156832755><Jinrai>" say_team "3 lieutenants"
L 02/10/2024 - 20:55:04: "[DYS] bauxite<30><STEAM_0:0:5757747><NSF>" say_team "sure"
L 02/10/2024 - 20:55:07: "[BONK] Ningurist<16><STEAM_0:0:156832755><Jinrai>" say_team "just a headsup"
L 02/10/2024 - 20:55:12: "[BONK] Muffin-Dono<12><STEAM_0:1:42031632><Jinrai>" say_team "good shout"
L 02/10/2024 - 20:55:44: "[DYS] Infrequent<4><STEAM_0:1:6384081><NSF>" killed "[BONK] 草<8><STEAM_0:1:39165168><Jinrai>" with "grenade_projectile"
L 02/10/2024 - 20:55:44: "[BONK] 草<8><STEAM_0:1:39165168><Jinrai>" say_team "100 Assault grenade_projectile"
L 02/10/2024 - 20:55:47: "[DYS] bauxite<30><STEAM_0:0:5757747><NSF>" say_team "I'm going in!"
L 02/10/2024 - 20:55:49: "[BONK] Ningurist<16><STEAM_0:0:156832755><Jinrai>" say_team "connector"
L 02/10/2024 - 20:56:00: "[DYS] bauxite<30><STEAM_0:0:5757747><NSF>" say_team "1 tree"
L 02/10/2024 - 20:56:24: "[DYS] xx<22><STEAM_0:0:8714446><NSF>" killed "[BONK] kinoko<29><STEAM_0:0:83067719><Jinrai>" with "grenade_projectile"
L 02/10/2024 - 20:56:24: "[BONK] kinoko<29><STEAM_0:0:83067719><Jinrai>" say_team "68 Assault grenade_projectile"
L 02/10/2024 - 20:56:25: "[BONK] Masterkatze<19><STEAM_0:0:30137778><Jinrai>" killed "[DYS] Shazam<26><STEAM_0:1:59236187><NSF>" with "mx"
L 02/10/2024 - 20:56:28: "[DYS] bauxite<30><STEAM_0:0:5757747><NSF>" killed "[BONK] Masterkatze<19><STEAM_0:0:30137778><Jinrai>" with "aa13"
L 02/10/2024 - 20:56:28: "[DYS] Shazam<26><STEAM_0:1:59236187><NSF>" triggered "kill_assist"
L 02/10/2024 - 20:56:28: "[BONK] Ningurist<16><STEAM_0:0:156832755><Jinrai>" say_team "I'm low."
L 02/10/2024 - 20:56:33: "[DYS] bauxite<30><STEAM_0:0:5757747><NSF>" killed "[BONK] Muffin-Dono<12><STEAM_0:1:42031632><Jinrai>" with "aa13"
L 02/10/2024 - 20:56:37: Team "NSF" triggered "ghost_capture_team"
L 02/10/2024 - 20:56:37: "[DYS] Hosomi<28><STEAM_0:0:51357353><NSF>" triggered "ghost_capture"
L 02/10/2024 - 20:56:39: "[DYS] Infrequent<4><STEAM_0:1:6384081><NSF>" killed "[BONK] Ningurist<16><STEAM_0:0:156832755><Jinrai>" with "mx"
L 02/10/2024 - 20:56:39: "[DYS] xx<22><STEAM_0:0:8714446><NSF>" triggered "kill_assist"
L 02/10/2024 - 20:56:39: "[BONK] Ningurist<16><STEAM_0:0:156832755><Jinrai>" say_team "100 Assault mx"
L 02/10/2024 - 20:56:50: "[DYS] bauxite<30><STEAM_0:0:5757747><NSF>" say_team "i love aa"
L 02/10/2024 - 20:57:17: "[BONK] Ningurist<16><STEAM_0:0:156832755><Jinrai>" say_team "tree"
L 02/10/2024 - 20:57:29: "[BONK] Ningurist<16><STEAM_0:0:156832755><Jinrai>" say_team "yes"
L 02/10/2024 - 20:57:59: "[BONK] Masterkatze<19><STEAM_0:0:30137778><Jinrai>" killed "[DYS] xx<22><STEAM_0:0:8714446><NSF>" with "mx"
L 02/10/2024 - 20:58:03: "[BONK] Masterkatze<19><STEAM_0:0:30137778><Jinrai>" killed "[DYS] Hosomi<28><STEAM_0:0:51357353><NSF>" with "mx"
L 02/10/2024 - 20:58:16: "[DYS] bauxite<30><STEAM_0:0:5757747><NSF>" say_team "I'm going in!"
L 02/10/2024 - 20:58:16: "[DYS] Infrequent<4><STEAM_0:1:6384081><NSF>" killed "[BONK] Masterkatze<19><STEAM_0:0:30137778><Jinrai>" with "mx"
L 02/10/2024 - 20:58:24: "[DYS] bauxite<30><STEAM_0:0:5757747><NSF>" say_team "Enemy is Behind"
L 02/10/2024 - 20:58:41: "[DYS] bauxite<30><STEAM_0:0:5757747><NSF>" killed "[BONK] 草<8><STEAM_0:1:39165168><Jinrai>" with "aa13"
L 02/10/2024 - 20:58:42: "[BONK] 草<8><STEAM_0:1:39165168><Jinrai>" say_team "94 Support aa13"
L 02/10/2024 - 20:58:50: "[BONK] Ningurist<16><STEAM_0:0:156832755><Jinrai>" say_team "recon with detpack"
L 02/10/2024 - 20:59:21: "[BONK] Ningurist<16><STEAM_0:0:156832755><Jinrai>" killed "[DYS] bauxite<30><STEAM_0:0:5757747><NSF>" with "mx"
L 02/10/2024 - 20:59:21: "[DYS] bauxite<30><STEAM_0:0:5757747><NSF>" say_team "63 Support mx"
L 02/10/2024 - 20:59:22: "[DYS] bauxite<30><STEAM_0:0:5757747><NSF>" say_team "Enemy in Front"
L 02/10/2024 - 20:59:26: "[DYS] Infrequent<4><STEAM_0:1:6384081><NSF>" killed "[BONK] Ningurist<16><STEAM_0:0:156832755><Jinrai>" with "mx"
L 02/10/2024 - 20:59:26: "[BONK] Ningurist<16><STEAM_0:0:156832755><Jinrai>" say_team "1 Assault mx"
L 02/10/2024 - 20:59:32: "[BONK] Ningurist<16><STEAM_0:0:156832755><Jinrai>" say_team "above cap"
L 02/10/2024 - 20:59:34: "[BONK] Muffin-Dono<12><STEAM_0:1:42031632><Jinrai>" killed "[DYS] Infrequent<4><STEAM_0:1:6384081><NSF>" with "mx"
L 02/10/2024 - 20:59:34: "[BONK] Masterkatze<19><STEAM_0:0:30137778><Jinrai>" triggered "kill_assist"
L 02/10/2024 - 20:59:41: "[BONK] Ningurist<16><STEAM_0:0:156832755><Jinrai>" say_team "15 SECONDS"
L 02/10/2024 - 20:59:41: Team "Jinrai" triggered "ghost_capture_team"
L 02/10/2024 - 20:59:41: "[BONK] kinoko<29><STEAM_0:0:83067719><Jinrai>" triggered "ghost_capture"
L 02/10/2024 - 20:59:44: "[DYS] Shazam<26><STEAM_0:1:59236187><NSF>" killed "[BONK] Muffin-Dono<12><STEAM_0:1:42031632><Jinrai>" with "mx"
L 02/10/2024 - 20:59:45: "[BONK] kinoko<29><STEAM_0:0:83067719><Jinrai>" killed "[DYS] Shazam<26><STEAM_0:1:59236187><NSF>" with "milso"
L 02/10/2024 - 20:59:45: "[BONK] Ningurist<16><STEAM_0:0:156832755><Jinrai>" triggered "kill_assist"
L 02/10/2024 - 20:59:46: "[BONK] Ningurist<16><STEAM_0:0:156832755><Jinrai>" say_team "muffin got lieutenant"
L 02/10/2024 - 21:00:34: "[DYS] bauxite<30><STEAM_0:0:5757747><NSF>" killed "[BONK] Masterkatze<19><STEAM_0:0:30137778><Jinrai>" with "aa13"
L 02/10/2024 - 21:00:41: "[DYS] bauxite<30><STEAM_0:0:5757747><NSF>" killed "[BONK] Ningurist<16><STEAM_0:0:156832755><Jinrai>" with "aa13"
L 02/10/2024 - 21:00:41: "[BONK] Ningurist<16><STEAM_0:0:156832755><Jinrai>" say_team "72 Support aa13"
L 02/10/2024 - 21:00:42: "[BONK] Ningurist<16><STEAM_0:0:156832755><Jinrai>" say_team "ELBOW"
L 02/10/2024 - 21:00:49: "[BONK] 草<8><STEAM_0:1:39165168><Jinrai>" killed "[DYS] bauxite<30><STEAM_0:0:5757747><NSF>" with "mx"
L 02/10/2024 - 21:00:49: "[DYS] bauxite<30><STEAM_0:0:5757747><NSF>" say_team "7 Assault mx"
L 02/10/2024 - 21:00:52: "[DYS] bauxite<30><STEAM_0:0:5757747><NSF>" say_team "7 elbow"
L 02/10/2024 - 21:01:07: "[BONK] Ningurist<16><STEAM_0:0:156832755><Jinrai>" say_team "katze please tell where the enemy is right after you get killed"
L 02/10/2024 - 21:01:13: "[BONK] Masterkatze<19><STEAM_0:0:30137778><Jinrai>" say_team "ok"
L 02/10/2024 - 21:01:15: "[DYS] bauxite<30><STEAM_0:0:5757747><NSF>" say_team "they have 3 players 1 is 7hp"
L 02/10/2024 - 21:01:22: "[DYS] xx<22><STEAM_0:0:8714446><NSF>" killed "[BONK] 草<8><STEAM_0:1:39165168><Jinrai>" with "mx"
L 02/10/2024 - 21:01:22: "[DYS] bauxite<30><STEAM_0:0:5757747><NSF>" triggered "kill_assist"
L 02/10/2024 - 21:01:22: "[BONK] 草<8><STEAM_0:1:39165168><Jinrai>" say_team "79 Assault mx"
L 02/10/2024 - 21:01:29: "[BONK] kinoko<29><STEAM_0:0:83067719><Jinrai>" killed "[DYS] Infrequent<4><STEAM_0:1:6384081><NSF>" with "zr68c"
L 02/10/2024 - 21:01:41: "[DYS] xx<22><STEAM_0:0:8714446><NSF>" killed "[BONK] Muffin-Dono<12><STEAM_0:1:42031632><Jinrai>" with "mx"
L 02/10/2024 - 21:01:46: "[BONK] kinoko<29><STEAM_0:0:83067719><Jinrai>" killed "[DYS] Hosomi<28><STEAM_0:0:51357353><NSF>" with "zr68c"
L 02/10/2024 - 21:01:46: "[DYS] Shazam<26><STEAM_0:1:59236187><NSF>" killed "[BONK] kinoko<29><STEAM_0:0:83067719><Jinrai>" with "supa7"
L 02/10/2024 - 21:01:46: "[BONK] kinoko<29><STEAM_0:0:83067719><Jinrai>" say_team "100 Recon supa7"
L 02/10/2024 - 21:01:49: "[DYS] Hosomi<28><STEAM_0:0:51357353><NSF>" say "????"
L 02/10/2024 - 21:01:53: "[DYS] Hosomi<28><STEAM_0:0:51357353><NSF>" say "????????????"
L 02/10/2024 - 21:01:54: "[BONK] kinoko<29><STEAM_0:0:83067719><Jinrai>" say "DONT WALK AROUND IT"
L 02/10/2024 - 21:01:55: "[BONK] Masterkatze<19><STEAM_0:0:30137778><Jinrai>" say_team "i thought recon from blue kileld me btw"
L 02/10/2024 - 21:01:56: "[DYS] Hosomi<28><STEAM_0:0:51357353><NSF>" say "I walked thru the cap"
L 02/10/2024 - 21:02:09: "[DYS] Hosomi<28><STEAM_0:0:51357353><NSF>" say "wtf"
L 02/10/2024 - 21:02:25: "[KASTA]ASBOJACK7H<11><STEAM_0:0:559133323><Spectator>" say "ye even i dont know from spec but good job for winning"
L 02/10/2024 - 21:02:26: "[BONK] kinoko<29><STEAM_0:0:83067719><Jinrai>" killed "[DYS] Shazam<26><STEAM_0:1:59236187><NSF>" with "jittescoped"
L 02/10/2024 - 21:03:05: "[BONK] Ningurist<16><STEAM_0:0:156832755><Jinrai>" say_team "tapped"
L 02/10/2024 - 21:03:08: "[DYS] bauxite<30><STEAM_0:0:5757747><NSF>" say_team "im very low"
L 02/10/2024 - 21:03:08: "[DYS] Infrequent<4><STEAM_0:1:6384081><NSF>" killed "[BONK] kinoko<29><STEAM_0:0:83067719><Jinrai>" with "grenade_projectile"
L 02/10/2024 - 21:03:08: "[DYS] Infrequent<4><STEAM_0:1:6384081><NSF>" killed "[BONK] 草<8><STEAM_0:1:39165168><Jinrai>" with "grenade_projectile"
L 02/10/2024 - 21:03:08: "[BONK] 草<8><STEAM_0:1:39165168><Jinrai>" say_team "40 Assault grenade_projectile"
L 02/10/2024 - 21:03:08: "[BONK] kinoko<29><STEAM_0:0:83067719><Jinrai>" say_team "40 Assault grenade_projectile"
L 02/10/2024 - 21:03:18: "[DYS] Shazam<26><STEAM_0:1:59236187><>" disconnected (reason "Connection closing")
L 02/10/2024 - 21:03:18: "[DYS] Shazam<31><STEAM_ID_PENDING><>" connected, address "174.74.176.72:27005"
L 02/10/2024 - 21:03:18: "[BONK] kinoko<29><STEAM_0:0:83067719><Jinrai>" say_team "why the fuck did i push"
L 02/10/2024 - 21:03:18: "[DYS] Shazam<31><STEAM_0:1:59236187><>" STEAM USERID validated
L 02/10/2024 - 21:03:21: "[DYS] Shazam<31><STEAM_0:1:59236187><>" entered the game
L 02/10/2024 - 21:03:23: "[DYS] Shazam<31><STEAM_0:1:59236187><Unassigned>" joined team "NSF"
L 02/10/2024 - 21:03:36: "[BONK] Muffin-Dono<12><STEAM_0:1:42031632><Jinrai>" killed "[DYS] xx<22><STEAM_0:0:8714446><NSF>" with "mx"
L 02/10/2024 - 21:03:45: "[BONK] Ningurist<16><STEAM_0:0:156832755><Jinrai>" say_team "roof?"
L 02/10/2024 - 21:03:46: "[DYS] bauxite<30><STEAM_0:0:5757747><NSF>" say_team "tie"
L 02/10/2024 - 21:03:48: "[DYS] bauxite<30><STEAM_0:0:5757747><NSF>" say_team "im very low"
L 02/10/2024 - 21:04:26: "[DYS] Infrequent<4><STEAM_0:1:6384081><NSF>" killed "[BONK] Masterkatze<19><STEAM_0:0:30137778><Jinrai>" with "mx"
L 02/10/2024 - 21:04:31: "[DYS] bauxite<30><STEAM_0:0:5757747><NSF>" say_team "dont drop aa"
L 02/10/2024 - 21:04:31: "[BONK] Ningurist<16><STEAM_0:0:156832755><Jinrai>" killed "[DYS] Infrequent<4><STEAM_0:1:6384081><NSF>" with "knife"
L 02/10/2024 - 21:04:31: "[BONK] 草<8><STEAM_0:1:39165168><Jinrai>" triggered "kill_assist"
L 02/10/2024 - 21:04:33: "[DYS] bauxite<30><STEAM_0:0:5757747><NSF>" say_team "ill go mx"
L 02/10/2024 - 21:04:55: "[DYS] Hosomi<28><STEAM_0:0:51357353><NSF>" say "[AHNS][AHNS][AHNS][AHNS][AHNS][AHNS][AHNS][AHNS][AHNS][AHNS][AHNS]"
L 02/10/2024 - 21:05:07: "[BONK] Masterkatze<19><STEAM_0:0:30137778><Jinrai>" killed "[DYS] Infrequent<4><STEAM_0:1:6384081><NSF>" with "zr68s"
L 02/10/2024 - 21:05:08: "[BONK] Ningurist<16><STEAM_0:0:156832755><Jinrai>" say_team "blue their end"
L 02/10/2024 - 21:05:19: "[BONK] kinoko<29><STEAM_0:0:83067719><Jinrai>" killed "[DYS] bauxite<30><STEAM_0:0:5757747><NSF>" with "jittescoped"
L 02/10/2024 - 21:05:19: "[BONK] Ningurist<16><STEAM_0:0:156832755><Jinrai>" triggered "kill_assist"
L 02/10/2024 - 21:05:19: "[DYS] bauxite<30><STEAM_0:0:5757747><NSF>" say_team "100 Recon jittescoped"
L 02/10/2024 - 21:05:21: "[DYS] Shazam<31><STEAM_0:1:59236187><NSF>" killed "[BONK] Ningurist<16><STEAM_0:0:156832755><Jinrai>" with "supa7"
L 02/10/2024 - 21:05:21: "[DYS] bauxite<30><STEAM_0:0:5757747><NSF>" triggered "kill_assist"
L 02/10/2024 - 21:05:21: "[BONK] Ningurist<16><STEAM_0:0:156832755><Jinrai>" say_team "90 Recon supa7"
L 02/10/2024 - 21:05:23: "[BONK] Ningurist<16><STEAM_0:0:156832755><Jinrai>" say_team "RECON"
L 02/10/2024 - 21:05:24: "[BONK] Ningurist<16><STEAM_0:0:156832755><Jinrai>" say_team "TREE"
L 02/10/2024 - 21:05:26: "[BONK] Ningurist<16><STEAM_0:0:156832755><Jinrai>" say_team "YES"
L 02/10/2024 - 21:05:54: "[BONK] Ningurist<16><STEAM_0:0:156832755><Jinrai>" say_team "4V3"
L 02/10/2024 - 21:05:57: "[BONK] Ningurist<16><STEAM_0:0:156832755><Jinrai>" say_team "50 SEC"
L 02/10/2024 - 21:06:07: "[BONK] kinoko<29><STEAM_0:0:83067719><Jinrai>" killed "[DYS] xx<22><STEAM_0:0:8714446><NSF>" with "mx"
L 02/10/2024 - 21:06:08: "[BONK] Masterkatze<19><STEAM_0:0:30137778><Jinrai>" killed "[DYS] Shazam<31><STEAM_0:1:59236187><NSF>" with "zr68s"
L 02/10/2024 - 21:06:08: "[BONK] kinoko<29><STEAM_0:0:83067719><Jinrai>" triggered "kill_assist"
L 02/10/2024 - 21:06:11: "[DYS] Hosomi<28><STEAM_0:0:51357353><NSF>" killed "[BONK] kinoko<29><STEAM_0:0:83067719><Jinrai>" with "jittescoped"
L 02/10/2024 - 21:06:12: "[BONK] kinoko<29><STEAM_0:0:83067719><Jinrai>" say_team "13 Recon jittescoped"
L 02/10/2024 - 21:06:12: "[BONK] Ningurist<16><STEAM_0:0:156832755><Jinrai>" say_team "hunt em down"
L 02/10/2024 - 21:06:16: "[BONK] Ningurist<16><STEAM_0:0:156832755><Jinrai>" say_team "RECON"
L 02/10/2024 - 21:06:17: "[BONK] Ningurist<16><STEAM_0:0:156832755><Jinrai>" say_team "RECON"
L 02/10/2024 - 21:06:18: "[BONK] Ningurist<16><STEAM_0:0:156832755><Jinrai>" say_team "13"
L 02/10/2024 - 21:06:21: "[BONK] Masterkatze<19><STEAM_0:0:30137778><Jinrai>" killed "[DYS] Hosomi<28><STEAM_0:0:51357353><NSF>" with "zr68s"
L 02/10/2024 - 21:06:21: "[BONK] kinoko<29><STEAM_0:0:83067719><Jinrai>" triggered "kill_assist"
L 02/10/2024 - 21:06:25: "[BONK] Ningurist<16><STEAM_0:0:156832755><Jinrai>" say_team "LETS GOOOOOOOOO"
L 02/10/2024 - 21:06:26: "[BONK] kinoko<29><STEAM_0:0:83067719><Jinrai>" say "!pause"
L 02/10/2024 - 21:06:41: "[BONK] Muffin-Dono<12><STEAM_0:1:42031632><Jinrai>" say "can  we change players?"
L 02/10/2024 - 21:06:49: "[BONK] Ningurist<16><STEAM_0:0:156832755><Jinrai>" say_team "i can if you need"
L 02/10/2024 - 21:06:57: "[DYS] Infrequent<4><STEAM_0:1:6384081><NSF>" say "oni's call"
L 02/10/2024 - 21:06:58: "[Disembodied Camera] Oni<14><STEAM_0:1:10174276><Spectator>" say "only for technical reasons I believe"
L 02/10/2024 - 21:07:12: "[BONK] Ningurist<16><STEAM_0:0:156832755><Jinrai>" say_team "moffin does have broken internet a bit"
L 02/10/2024 - 21:07:21: "[BONK] kinoko<29><STEAM_0:0:83067719><Jinrai>" say "muffin is having his net issues"
L 02/10/2024 - 21:07:26: "[DYS] Infrequent<4><STEAM_0:1:6384081><NSF>" say "all good"
L 02/10/2024 - 21:07:33: "[BONK] Muffin-Dono<12><STEAM_0:1:42031632><Jinrai>" say "persica will be repping me I can't fucking move or shoot"
L 02/10/2024 - 21:07:40: "[DYS] bauxite<30><STEAM_0:0:5757747><NSF>" say "sure"
L 02/10/2024 - 21:07:47: "[BONK] Muffin-Dono<12><STEAM_0:1:42031632><Jinrai>" say "or comms"
L 02/10/2024 - 21:07:52: "[BONK] Muffin-Dono<12><STEAM_0:1:42031632><Jinrai>" say "mainl;y comms"
L 02/10/2024 - 21:07:58: "[Disembodied Camera] Oni<14><STEAM_0:1:10174276><Spectator>" say "max of 1 player per map"
L 02/10/2024 - 21:08:02: "[BONK] Persica<32><STEAM_ID_PENDING><>" connected, address "71.77.145.180:27005"
L 02/10/2024 - 21:08:02: "[BONK] Persica<32><STEAM_0:1:19015690><>" STEAM USERID validated
L 02/10/2024 - 21:08:04: "[Disembodied Camera] Oni<14><STEAM_0:1:10174276><Spectator>" say "so long as they are on the player roster"
L 02/10/2024 - 21:08:04: "[BONK] Muffin-Dono<12><STEAM_0:1:42031632><Jinrai>" say "nice"
L 02/10/2024 - 21:08:08: "[BONK] Persica<32><STEAM_0:1:19015690><>" entered the game
L 02/10/2024 - 21:08:11: "[BONK] Persica<32><STEAM_0:1:19015690><Unassigned>" joined team "Spectator"
L 02/10/2024 - 21:08:12: "[BONK] Muffin-Dono<12><STEAM_0:1:42031632><Jinrai>" disconnected (reason "Disconnect by user.")
L 02/10/2024 - 21:08:13: "[BONK] Persica<32><STEAM_0:1:19015690><Spectator>" joined team "Jinrai"
L 02/10/2024 - 21:08:17: "[BONK] Ningurist<16><STEAM_0:0:156832755><Jinrai>" say_team "persica"
L 02/10/2024 - 21:08:19: "[BONK] Ningurist<16><STEAM_0:0:156832755><Jinrai>" say_team "ask for anything"
L 02/10/2024 - 21:08:25: "[BONK] Persica<32><STEAM_0:1:19015690><Jinrai>" say_team "I'll just assault ZRS."
L 02/10/2024 - 21:08:25: "[BONK] Ningurist<16><STEAM_0:0:156832755><Jinrai>" say_team "il give you all the mx's and kylas in the world"
L 02/10/2024 - 21:08:39: "[DYS] bauxite<30><STEAM_0:0:5757747><NSF>" say_team "i think shaz shud go fa"
L 02/10/2024 - 21:08:42: "[DYS] bauxite<30><STEAM_0:0:5757747><NSF>" say_team "what we think"
L 02/10/2024 - 21:09:00: "[BONK] Masterkatze<19><STEAM_0:0:30137778><Jinrai>" say_team "i can drop anything"
L 02/10/2024 - 21:09:07: "[BONK] Masterkatze<19><STEAM_0:0:30137778><Jinrai>" say_team "AA?"
L 02/10/2024 - 21:09:12: "[BONK] Masterkatze<19><STEAM_0:0:30137778><Jinrai>" say_team "for zrs"
L 02/10/2024 - 21:09:17: "[BONK] Persica<32><STEAM_0:1:19015690><Jinrai>" say_team "ill go recon"
L 02/10/2024 - 21:09:20: "[BONK] Persica<32><STEAM_0:1:19015690><Jinrai>" say_team "give me aa"
L 02/10/2024 - 21:09:29: "[DYS] bauxite<30><STEAM_0:0:5757747><NSF>" say_team "tbh olio has technical issues"
L 02/10/2024 - 21:09:36: "[DYS] bauxite<30><STEAM_0:0:5757747><NSF>" say_team "and it was updated but not in tournie"
L 02/10/2024 - 21:09:59: "[DYS] bauxite<30><STEAM_0:0:5757747><NSF>" say_team "can i get aa again"
L 02/10/2024 - 21:10:27: "[DYS] Hosomi<28><STEAM_0:0:51357353><NSF>" killed "[BONK] kinoko<29><STEAM_0:0:83067719><Jinrai>" with "jittescoped"
L 02/10/2024 - 21:10:27: "[BONK] kinoko<29><STEAM_0:0:83067719><Jinrai>" say_team "1 Recon jittescoped"
L 02/10/2024 - 21:10:30: "[BONK] 草<8><STEAM_0:1:39165168><Jinrai>" killed "[DYS] Hosomi<28><STEAM_0:0:51357353><NSF>" with "mx"
L 02/10/2024 - 21:10:30: "[BONK] kinoko<29><STEAM_0:0:83067719><Jinrai>" triggered "kill_assist"
L 02/10/2024 - 21:11:00: "[DYS] Hosomi<28><STEAM_0:0:51357353><NSF>" say "Damage taken from [BONK] kinoko [Recon]: 99 in 6 hits"
L 02/10/2024 - 21:11:02: "[DYS] Hosomi<28><STEAM_0:0:51357353><NSF>" say ":3"
L 02/10/2024 - 21:11:08: "[BONK] kinoko<29><STEAM_0:0:83067719><Jinrai>" say_team "b'"
L 02/10/2024 - 21:11:11: "[BONK] kinoko<29><STEAM_0:0:83067719><Jinrai>" say "nice bottom feeding"
L 02/10/2024 - 21:11:17: "[DYS] Hosomi<28><STEAM_0:0:51357353><NSF>" say "Who's the better recon"
L 02/10/2024 - 21:11:20: "[BONK] kinoko<29><STEAM_0:0:83067719><Jinrai>" say "me"
L 02/10/2024 - 21:11:20: "[Disembodied Camera] Oni<14><STEAM_0:1:10174276><Spectator>" say "alright friends"
L 02/10/2024 - 21:11:20: "[DYS] Hosomi<28><STEAM_0:0:51357353><NSF>" say "You had an MX right?"
L 02/10/2024 - 21:11:24: "[Disembodied Camera] Oni<14><STEAM_0:1:10174276><Spectator>" say "no more all chat"
L 02/10/2024 - 21:11:26: "[BONK] kinoko<29><STEAM_0:0:83067719><Jinrai>" say "jittes"
L 02/10/2024 - 21:11:32: "[BONK] Persica<32><STEAM_0:1:19015690><Jinrai>" say "?"
L 02/10/2024 - 21:11:35: "[BONK] Ningurist<16><STEAM_0:0:156832755><Jinrai>" say_team "we gotta do something"
L 02/10/2024 - 21:11:37: "[DYS] Hosomi<28><STEAM_0:0:51357353><NSF>" say "hot jitte on jitte action"
L 02/10/2024 - 21:11:40: "[BONK] Persica<32><STEAM_0:1:19015690><Jinrai>" killed "[DYS] Infrequent<4><STEAM_0:1:6384081><NSF>" with "aa13"
L 02/10/2024 - 21:11:45: "[BONK] Ningurist<16><STEAM_0:0:156832755><Jinrai>" killed "[DYS] Shazam<31><STEAM_0:1:59236187><NSF>" with "mx"
L 02/10/2024 - 21:11:45: "[BONK] 草<8><STEAM_0:1:39165168><Jinrai>" triggered "kill_assist"
L 02/10/2024 - 21:11:45: "[DYS] Hosomi<28><STEAM_0:0:51357353><NSF>" say "j4j"
L 02/10/2024 - 21:11:52: "[DYS] Shazam<31><STEAM_0:1:59236187><>" disconnected (reason "Connection closing")
L 02/10/2024 - 21:11:52: "[DYS] Shazam<33><STEAM_ID_PENDING><>" connected, address "174.74.176.72:27005"
L 02/10/2024 - 21:11:52: "[DYS] Shazam<33><STEAM_0:1:59236187><>" STEAM USERID validated
L 02/10/2024 - 21:11:55: "[DYS] Shazam<33><STEAM_0:1:59236187><>" entered the game
L 02/10/2024 - 21:11:57: "[DYS] Shazam<33><STEAM_0:1:59236187><Unassigned>" joined team "NSF"
L 02/10/2024 - 21:11:58: "[DYS] bauxite<30><STEAM_0:0:5757747><NSF>" killed "[BONK] Persica<32><STEAM_0:1:19015690><Jinrai>" with "aa13"
L 02/10/2024 - 21:11:58: "[DYS] xx<22><STEAM_0:0:8714446><NSF>" triggered "kill_assist"
L 02/10/2024 - 21:12:00: "[DYS] Shazam<33><STEAM_0:1:59236187><NSF>" say "what the fuck man"
L 02/10/2024 - 21:12:07: "[DYS] bauxite<30><STEAM_0:0:5757747><NSF>" killed "[BONK] Masterkatze<19><STEAM_0:0:30137778><Jinrai>" with "aa13"
L 02/10/2024 - 21:12:07: "[DYS] xx<22><STEAM_0:0:8714446><NSF>" triggered "kill_assist"
L 02/10/2024 - 21:12:17: "[DYS] Shazam<33><STEAM_0:1:59236187><>" disconnected (reason "Connection closing")
L 02/10/2024 - 21:12:17: "[DYS] Shazam<34><STEAM_ID_PENDING><>" connected, address "174.74.176.72:27005"
L 02/10/2024 - 21:12:17: "[DYS] Shazam<34><STEAM_0:1:59236187><>" STEAM USERID validated
L 02/10/2024 - 21:12:20: "[DYS] Shazam<34><STEAM_0:1:59236187><>" entered the game
L 02/10/2024 - 21:12:20: "[BONK] Ningurist<16><STEAM_0:0:156832755><Jinrai>" say_team "I'm low."
L 02/10/2024 - 21:12:21: "[DYS] Shazam<34><STEAM_0:1:59236187><Unassigned>" joined team "NSF"
L 02/10/2024 - 21:12:23: "[DYS] bauxite<30><STEAM_0:0:5757747><NSF>" killed "[BONK] Ningurist<16><STEAM_0:0:156832755><Jinrai>" with "aa13"
L 02/10/2024 - 21:12:23: "[BONK] Ningurist<16><STEAM_0:0:156832755><Jinrai>" say_team "59 Support aa13"
L 02/10/2024 - 21:12:25: "[DYS] Shazam<34><STEAM_0:1:59236187><NSF>" say "Dumb fucking game"
L 02/10/2024 - 21:12:27: "[BONK] Ningurist<16><STEAM_0:0:156832755><Jinrai>" say_team "drop it"
L 02/10/2024 - 21:12:30: "[DYS] bauxite<30><STEAM_0:0:5757747><NSF>" killed "[BONK] 草<8><STEAM_0:1:39165168><Jinrai>" with "aa13"
L 02/10/2024 - 21:12:30: "[DYS] xx<22><STEAM_0:0:8714446><NSF>" triggered "kill_assist"
L 02/10/2024 - 21:12:31: "[BONK] 草<8><STEAM_0:1:39165168><Jinrai>" say_team "27 Support aa13"
L 02/10/2024 - 21:12:38: "[BONK] Ningurist<16><STEAM_0:0:156832755><Jinrai>" say_team "that one's on me"
L 02/10/2024 - 21:12:56: "[DYS] bauxite<30><STEAM_0:0:5757747><NSF>" say_team "np"
L 02/10/2024 - 21:13:18: "[BONK] kinoko<29><STEAM_0:0:83067719><Jinrai>" killed "[DYS] Shazam<34><STEAM_0:1:59236187><NSF>" with "srm"
L 02/10/2024 - 21:13:23: "[BONK] Persica<32><STEAM_0:1:19015690><Jinrai>" killed "[DYS] xx<22><STEAM_0:0:8714446><NSF>" with "supa7"
L 02/10/2024 - 21:13:30: "[BONK] Persica<32><STEAM_0:1:19015690><Jinrai>" killed "[DYS] Hosomi<28><STEAM_0:0:51357353><NSF>" with "supa7"
L 02/10/2024 - 21:13:30: "[BONK] kinoko<29><STEAM_0:0:83067719><Jinrai>" triggered "kill_assist"
L 02/10/2024 - 21:13:32: "[DYS] bauxite<30><STEAM_0:0:5757747><NSF>" killed "[BONK] Persica<32><STEAM_0:1:19015690><Jinrai>" with "mx"
L 02/10/2024 - 21:13:38: "[DYS] Infrequent<4><STEAM_0:1:6384081><NSF>" killed "[BONK] kinoko<29><STEAM_0:0:83067719><Jinrai>" with "mx"
L 02/10/2024 - 21:13:38: "[BONK] kinoko<29><STEAM_0:0:83067719><Jinrai>" say_team "67 Assault mx"
L 02/10/2024 - 21:14:14: "[BONK] Masterkatze<19><STEAM_0:0:30137778><Jinrai>" killed "[DYS] Infrequent<4><STEAM_0:1:6384081><NSF>" with "mx"
L 02/10/2024 - 21:14:17: Team "Jinrai" triggered "ghost_capture_team"
L 02/10/2024 - 21:14:17: "[BONK] 草<8><STEAM_0:1:39165168><Jinrai>" triggered "ghost_capture"
L 02/10/2024 - 21:14:59: "[BONK] Persica<32><STEAM_0:1:19015690><Jinrai>" killed "[DYS] Hosomi<28><STEAM_0:0:51357353><NSF>" with "supa7"
L 02/10/2024 - 21:15:08: "[BONK] Ningurist<16><STEAM_0:0:156832755><Jinrai>" say_team "ladede"
L 02/10/2024 - 21:15:09: "[BONK] Ningurist<16><STEAM_0:0:156832755><Jinrai>" say_team "ladder"
L 02/10/2024 - 21:15:15: "[BONK] 草<8><STEAM_0:1:39165168><Jinrai>" killed "[DYS] xx<22><STEAM_0:0:8714446><NSF>" with "mx"
L 02/10/2024 - 21:15:22: "[DYS] bauxite<30><STEAM_0:0:5757747><NSF>" killed "[BONK] kinoko<29><STEAM_0:0:83067719><Jinrai>" with "mx"
L 02/10/2024 - 21:15:22: "[BONK] kinoko<29><STEAM_0:0:83067719><Jinrai>" say_team "2 Support mx"
L 02/10/2024 - 21:15:24: "[DYS] Shazam<34><STEAM_0:1:59236187><NSF>" killed "[BONK] 草<8><STEAM_0:1:39165168><Jinrai>" with "mx"
L 02/10/2024 - 21:15:24: "[DYS] Infrequent<4><STEAM_0:1:6384081><NSF>" killed "[BONK] Persica<32><STEAM_0:1:19015690><Jinrai>" with "mx"
L 02/10/2024 - 21:15:24: "[BONK] 草<8><STEAM_0:1:39165168><Jinrai>" say_team "97 Support mx"
L 02/10/2024 - 21:15:39: "[BONK] Ningurist<16><STEAM_0:0:156832755><Jinrai>" say_team "ladder"
L 02/10/2024 - 21:16:10: "[DYS] Infrequent<4><STEAM_0:1:6384081><NSF>" killed "[BONK] Ningurist<16><STEAM_0:0:156832755><Jinrai>" with "mx"
L 02/10/2024 - 21:16:10: "[BONK] Ningurist<16><STEAM_0:0:156832755><Jinrai>" say_team "100 Assault mx"
L 02/10/2024 - 21:16:12: "[BONK] Ningurist<16><STEAM_0:0:156832755><Jinrai>" say_team "connector"
L 02/10/2024 - 21:16:14: "[BONK] Ningurist<16><STEAM_0:0:156832755><Jinrai>" say_team "100"
L 02/10/2024 - 21:16:26: "[DYS] Shazam<34><STEAM_0:1:59236187><NSF>" killed "[BONK] Masterkatze<19><STEAM_0:0:30137778><Jinrai>" with "mx"
L 02/10/2024 - 21:16:26: "[DYS] Infrequent<4><STEAM_0:1:6384081><NSF>" triggered "kill_assist"
L 02/10/2024 - 21:16:30: "[BONK] 草<8><STEAM_0:1:39165168><Jinrai>" disconnected (reason "Disconnect by user.")
L 02/10/2024 - 21:16:32: "[BONK] Ningurist<16><STEAM_0:0:156832755><Jinrai>" say "gg"
L 02/10/2024 - 21:16:33: "[BONK] Masterkatze<19><STEAM_0:0:30137778><Jinrai>" say "gg"
L 02/10/2024 - 21:16:36: "[DYS] xx<22><STEAM_0:0:8714446><NSF>" say "gg"
L 02/10/2024 - 21:16:36: "[DYS] Hosomi<28><STEAM_0:0:51357353><NSF>" say "third?"
L 02/10/2024 - 21:16:38: "[BONK] kinoko<29><STEAM_0:0:83067719><Jinrai>" say "no"
L 02/10/2024 - 21:16:39: "[DYS] Shazam<34><STEAM_0:1:59236187><NSF>" say "hate this crashing"
L 02/10/2024 - 21:16:40: "[DYS] Hosomi<28><STEAM_0:0:51357353><NSF>" say ":pleading:"
L 02/10/2024 - 21:16:46: "[DYS] bauxite<30><STEAM_0:0:5757747><NSF>" say "gg"
L 02/10/2024 - 21:16:50: "[DYS] Hosomi<28><STEAM_0:0:51357353><NSF>" say "culvert pl0z"
L 02/10/2024 - 21:16:59: "[DYS] bauxite<30><STEAM_0:0:5757747><NSF>" say "!map nt_culvert_ctg_b3"
L 02/10/2024 - 21:17:02: [META] Loaded 0 plugins (1 already loaded)
L 02/10/2024 - 21:17:02: [META] Loaded 0 plugins (1 already loaded)
L 02/10/2024 - 21:17:02: Log file closed
