L 01/20/2024 - 17:24:30: Log file started (file "logs\L0120054.log") (game "z:\home\steam\steam\steamapps\common\nt\NeotokyoSource") (version "4044")
L 01/20/2024 - 17:24:30: server_cvar: "sv_pausable" "0"
L 01/20/2024 - 17:24:30: server_cvar: "sv_contact" "baux.site"
L 01/20/2024 - 17:24:30: server_cvar: "sv_gravity" "800"
L 01/20/2024 - 17:24:30: server_cvar: "mp_friendlyfire" "1"
L 01/20/2024 - 17:24:34: "[DYS] bauxite<16><STEAM_0:0:5757747><>" entered the game
L 01/20/2024 - 17:24:34: "[CAST-] Nutnoze<5><STEAM_0:1:9530793><>" entered the game
L 01/20/2024 - 17:24:34: "[MNHR] Sero<10><STEAM_0:1:46322305><>" entered the game
L 01/20/2024 - 17:24:36: "[CAST-] Nutnoze<5><STEAM_0:1:9530793><Unassigned>" joined team "Spectator"
L 01/20/2024 - 17:24:37: "[MNHR] Izotop<7><STEAM_0:1:97975268><>" entered the game
L 01/20/2024 - 17:24:38: "[MNHR] yoko<11><STEAM_0:0:33377178><>" entered the game
L 01/20/2024 - 17:24:38: "[DYS] Infrequent<21><STEAM_0:1:6384081><>" entered the game
L 01/20/2024 - 17:24:38: "[MNHR] Sero<10><STEAM_0:1:46322305><Unassigned>" joined team "Jinrai"
L 01/20/2024 - 17:24:38: "[DYS] bauxite<16><STEAM_0:0:5757747><Unassigned>" joined team "NSF"
L 01/20/2024 - 17:24:38: "[MNHR] Syz<14><STEAM_0:0:82019396><>" entered the game
L 01/20/2024 - 17:24:39: "[DYS] xx<8><STEAM_0:0:8714446><>" entered the game
L 01/20/2024 - 17:24:39: "[DYS] Hosomi<15><STEAM_0:0:51357353><>" entered the game
L 01/20/2024 - 17:24:40: "[MNHR] Izotop<7><STEAM_0:1:97975268><Unassigned>" joined team "Jinrai"
L 01/20/2024 - 17:24:41: "[DYS] Infrequent<21><STEAM_0:1:6384081><Unassigned>" joined team "NSF"
L 01/20/2024 - 17:24:41: "[MXican] Halcyon<6><STEAM_0:1:2864524><>" entered the game
L 01/20/2024 - 17:24:44: "[MNHR] Syz<14><STEAM_0:0:82019396><Unassigned>" joined team "Jinrai"
L 01/20/2024 - 17:24:44: "[MNHR] yoko<11><STEAM_0:0:33377178><Unassigned>" joined team "Jinrai"
L 01/20/2024 - 17:24:44: "[DYS] Hosomi<15><STEAM_0:0:51357353><Unassigned>" joined team "NSF"
L 01/20/2024 - 17:24:44: "[DYS] xx<8><STEAM_0:0:8714446><Unassigned>" joined team "NSF"
L 01/20/2024 - 17:24:50: "[GB] Agiel<4><STEAM_0:1:25025><>" entered the game
L 01/20/2024 - 17:24:52: "[DYS] bauxite<16><STEAM_0:0:5757747><NSF>" say_team "play sup pissed"
L 01/20/2024 - 17:24:53: "[GB] Agiel<4><STEAM_0:1:25025><Unassigned>" joined team "Spectator"
L 01/20/2024 - 17:24:54: "[DYS] You're Pissed Off<12><STEAM_0:1:44658357><>" entered the game
L 01/20/2024 - 17:24:54: "[MXican] Halcyon<6><STEAM_0:1:2864524><Unassigned>" joined team "Spectator"
L 01/20/2024 - 17:24:55: "[MNHR] Scarf<20><STEAM_0:1:128469250><>" disconnected (reason "Connection closing")
L 01/20/2024 - 17:24:55: "[MNHR] Scarf<22><STEAM_ID_PENDING><>" connected, address "73.115.74.180:27005"
L 01/20/2024 - 17:24:55: "[MNHR] Scarf<22><STEAM_0:1:128469250><>" STEAM USERID validated
L 01/20/2024 - 17:24:55: "[MNHR] Syz<14><STEAM_0:0:82019396><Jinrai>" say "!ready"
L 01/20/2024 - 17:24:57: "[DYS] You're Pissed Off<12><STEAM_0:1:44658357><Unassigned>" joined team "NSF"
L 01/20/2024 - 17:24:58: "[MNHR] Scarf<22><STEAM_0:1:128469250><>" entered the game
L 01/20/2024 - 17:24:59: "[MNHR] Izotop<7><STEAM_0:1:97975268><Jinrai>" say "!ready"
L 01/20/2024 - 17:25:03: "[MNHR] Scarf<22><STEAM_0:1:128469250><Unassigned>" joined team "Jinrai"
L 01/20/2024 - 17:25:04: "[DYS] bauxite<16><STEAM_0:0:5757747><NSF>" say_team "lets do what we dont normally do"
L 01/20/2024 - 17:25:07: "[DYS] bauxite<16><STEAM_0:0:5757747><NSF>" say "!ready"
L 01/20/2024 - 17:25:09: "[DYS] Infrequent<21><STEAM_0:1:6384081><NSF>" say "!ready"
L 01/20/2024 - 17:25:10: "[MNHR] Scarf<22><STEAM_0:1:128469250><Jinrai>" say "!ready"
L 01/20/2024 - 17:25:14: "[DYS] You're Pissed Off<12><STEAM_0:1:44658357><NSF>" say "!ready"
L 01/20/2024 - 17:26:06: "[DYS] bauxite<16><STEAM_0:0:5757747><NSF>" say_team "ill do it"
L 01/20/2024 - 17:26:11: "[DYS] bauxite<16><STEAM_0:0:5757747><NSF>" say_team "cos im droppin every round"
L 01/20/2024 - 17:26:28: "[DYS] xx<8><STEAM_0:0:8714446><NSF>" say "!ready"
L 01/20/2024 - 17:26:29: "[DYS] Infrequent<21><STEAM_0:1:6384081><NSF>" say "!ready"
L 01/20/2024 - 17:26:29: "[DYS] You're Pissed Off<12><STEAM_0:1:44658357><NSF>" say "!ready"
L 01/20/2024 - 17:26:35: "[DYS] Hosomi<15><STEAM_0:0:51357353><NSF>" say "!ready"
L 01/20/2024 - 17:26:36: "[DYS] You're Pissed Off<12><STEAM_0:1:44658357><NSF>" say "one sec going for a piss"
L 01/20/2024 - 17:26:36: "[MNHR] Syz<14><STEAM_0:0:82019396><Jinrai>" say "!ready"
L 01/20/2024 - 17:26:39: "[MNHR] Sero<10><STEAM_0:1:46322305><Jinrai>" say "!ready"
L 01/20/2024 - 17:26:40: "[MNHR] Syz<14><STEAM_0:0:82019396><Jinrai>" say "agian "
L 01/20/2024 - 17:26:40: "[DYS] Infrequent<21><STEAM_0:1:6384081><NSF>" say "bruv"
L 01/20/2024 - 17:26:43: "[MNHR] Izotop<7><STEAM_0:1:97975268><Jinrai>" say "!ready"
L 01/20/2024 - 17:26:45: "[DYS] bauxite<16><STEAM_0:0:5757747><NSF>" say "he has technical issues"
L 01/20/2024 - 17:26:47: "[DYS] bauxite<16><STEAM_0:0:5757747><NSF>" say "in his body"
L 01/20/2024 - 17:26:50: "[DYS] Infrequent<21><STEAM_0:1:6384081><NSF>" say "(his brain)"
L 01/20/2024 - 17:27:03: "[DYS] Infrequent<21><STEAM_0:1:6384081><NSF>" say "he isn't actually pissing btw"
L 01/20/2024 - 17:27:14: "[MNHR] Syz<14><STEAM_0:0:82019396><Jinrai>" say "sure thing"
L 01/20/2024 - 17:27:21: "[CAST-] Nutnoze<5><STEAM_0:1:9530793><Spectator>" say "if you say so"
L 01/20/2024 - 17:27:23: "[MXican] Halcyon<6><STEAM_0:1:2864524><Spectator>" say "elongating his X axis?"
L 01/20/2024 - 17:27:29: "[DYS] Infrequent<21><STEAM_0:1:6384081><NSF>" say "working the angles"
L 01/20/2024 - 17:27:33: "[DYS] bauxite<16><STEAM_0:0:5757747><NSF>" say "!readylist"
L 01/20/2024 - 17:27:34: "[MNHR] yoko<11><STEAM_0:0:33377178><Jinrai>" say_team "!ready"
L 01/20/2024 - 17:27:39: "[MNHR] Syz<14><STEAM_0:0:82019396><Jinrai>" say "glhf"
L 01/20/2024 - 17:27:44: "[MNHR] yoko<11><STEAM_0:0:33377178><Jinrai>" say "GL\（○＾ω＾○）/HF"
L 01/20/2024 - 17:27:44: "[DYS] bauxite<16><STEAM_0:0:5757747><NSF>" say "glhf"
L 01/20/2024 - 17:27:45: "[MNHR] yoko<11><STEAM_0:0:33377178><Jinrai>" say "GL\（○＾ω＾○）/HF"
L 01/20/2024 - 17:28:15: "[MNHR] yoko<11><STEAM_0:0:33377178><Jinrai>" killed "[DYS] Hosomi<15><STEAM_0:0:51357353><NSF>" with "supa7"
L 01/20/2024 - 17:28:25: "[MNHR] Syz<14><STEAM_0:0:82019396><Jinrai>" killed "[DYS] bauxite<16><STEAM_0:0:5757747><NSF>" with "kyla"
L 01/20/2024 - 17:28:25: "[MNHR] yoko<11><STEAM_0:0:33377178><Jinrai>" triggered "kill_assist"
L 01/20/2024 - 17:28:25: "[DYS] bauxite<16><STEAM_0:0:5757747><NSF>" say_team "100 Support kyla"
L 01/20/2024 - 17:28:29: "[DYS] Infrequent<21><STEAM_0:1:6384081><NSF>" say "bruv"
L 01/20/2024 - 17:28:32: "[MNHR] yoko<11><STEAM_0:0:33377178><Jinrai>" say "LOL"
L 01/20/2024 - 17:28:37: "[MNHR] Syz<14><STEAM_0:0:82019396><Jinrai>" killed "[DYS] Infrequent<21><STEAM_0:1:6384081><NSF>" with "supa7"
L 01/20/2024 - 17:28:45: "[DYS] xx<8><STEAM_0:0:8714446><NSF>" killed "[MNHR] Scarf<22><STEAM_0:1:128469250><Jinrai>" with "srm"
L 01/20/2024 - 17:28:47: "[DYS] xx<8><STEAM_0:0:8714446><NSF>" killed "[MNHR] Izotop<7><STEAM_0:1:97975268><Jinrai>" with "srm"
L 01/20/2024 - 17:28:47: "[MNHR] Izotop<7><STEAM_0:1:97975268><Jinrai>" say_team "100 Recon srm"
L 01/20/2024 - 17:28:47: "[MNHR] yoko<11><STEAM_0:0:33377178><Jinrai>" killed "[DYS] xx<8><STEAM_0:0:8714446><NSF>" with "supa7"
L 01/20/2024 - 17:28:48: "[DYS] bauxite<16><STEAM_0:0:5757747><NSF>" say "im disabled i cant see thru smoke"
L 01/20/2024 - 17:28:52: "[DYS] You're Pissed Off<12><STEAM_0:1:44658357><NSF>" killed "[MNHR] Syz<14><STEAM_0:0:82019396><Jinrai>" with "zr68c"
L 01/20/2024 - 17:28:52: "[MNHR] Syz<14><STEAM_0:0:82019396><Jinrai>" say_team "16 Support zr68c"
L 01/20/2024 - 17:28:54: "[MNHR] Sero<10><STEAM_0:1:46322305><Jinrai>" killed "[DYS] You're Pissed Off<12><STEAM_0:1:44658357><NSF>" with "zr68s"
L 01/20/2024 - 17:28:54: "[MNHR] Syz<14><STEAM_0:0:82019396><Jinrai>" triggered "kill_assist"
L 01/20/2024 - 17:28:54: "[DYS] You're Pissed Off<12><STEAM_0:1:44658357><NSF>" say_team "8 Assault zr68s"
L 01/20/2024 - 17:28:56: "[DYS] Infrequent<21><STEAM_0:1:6384081><NSF>" say "i kept slamming my jump key every time i grabbed the ladder"
L 01/20/2024 - 17:28:58: "[DYS] Infrequent<21><STEAM_0:1:6384081><NSF>" say "and fucked my route"
L 01/20/2024 - 17:29:00: "[DYS] Infrequent<21><STEAM_0:1:6384081><NSF>" say "twice in a row"
L 01/20/2024 - 17:29:08: "[MXican] Halcyon<6><STEAM_0:1:2864524><Spectator>" say "I think we should call it gg gh"
L 01/20/2024 - 17:29:09: "[MNHR] yoko<11><STEAM_0:0:33377178><Jinrai>" say "[MNHR][MNHR][MNHR][MNHR][MNHR][MNHR][MNHR] "
L 01/20/2024 - 17:29:12: "[DYS] Infrequent<21><STEAM_0:1:6384081><NSF>" say "so  bad"
L 01/20/2024 - 17:29:13: "[MXican] Halcyon<6><STEAM_0:1:2864524><Spectator>" say "Let's go to tie brekaer"
L 01/20/2024 - 17:29:13: "[MNHR] yoko<11><STEAM_0:0:33377178><Jinrai>" say "[MNHR][MNHR][MNHR][MNHR][MNHR][MNHR][MNHR] "
L 01/20/2024 - 17:29:18: "[DYS] Infrequent<21><STEAM_0:1:6384081><NSF>" say "HIT THE GRIDDY"
L 01/20/2024 - 17:30:04: "[MNHR] Syz<14><STEAM_0:0:82019396><Jinrai>" killed "[DYS] Hosomi<15><STEAM_0:0:51357353><NSF>" with "mx"
L 01/20/2024 - 17:30:15: "[DYS] You're Pissed Off<12><STEAM_0:1:44658357><NSF>" killed "[MNHR] Syz<14><STEAM_0:0:82019396><Jinrai>" with "zr68c"
L 01/20/2024 - 17:30:15: "[DYS] Hosomi<15><STEAM_0:0:51357353><NSF>" triggered "kill_assist"
L 01/20/2024 - 17:30:15: "[MNHR] Syz<14><STEAM_0:0:82019396><Jinrai>" say_team "68 Support zr68c"
L 01/20/2024 - 17:30:17: "[MNHR] yoko<11><STEAM_0:0:33377178><Jinrai>" killed "[DYS] Infrequent<21><STEAM_0:1:6384081><NSF>" with "mx"
L 01/20/2024 - 17:30:20: "[DYS] xx<8><STEAM_0:0:8714446><NSF>" killed "[MNHR] yoko<11><STEAM_0:0:33377178><Jinrai>" with "srm"
L 01/20/2024 - 17:30:20: "[DYS] Infrequent<21><STEAM_0:1:6384081><NSF>" triggered "kill_assist"
L 01/20/2024 - 17:30:20: "[MNHR] yoko<11><STEAM_0:0:33377178><Jinrai>" say_team "98 Recon srm"
L 01/20/2024 - 17:30:47: "[DYS] bauxite<16><STEAM_0:0:5757747><NSF>" killed "[MNHR] Izotop<7><STEAM_0:1:97975268><Jinrai>" with "zr68s"
L 01/20/2024 - 17:30:47: "[DYS] You're Pissed Off<12><STEAM_0:1:44658357><NSF>" triggered "kill_assist"
L 01/20/2024 - 17:30:47: "[MNHR] Izotop<7><STEAM_0:1:97975268><Jinrai>" say_team "100 Assault zr68s"
L 01/20/2024 - 17:31:05: "[DYS] You're Pissed Off<12><STEAM_0:1:44658357><NSF>" killed "[MNHR] Scarf<22><STEAM_0:1:128469250><Jinrai>" with "zr68c"
L 01/20/2024 - 17:31:05: "[DYS] Infrequent<21><STEAM_0:1:6384081><NSF>" triggered "kill_assist"
L 01/20/2024 - 17:31:14: "[DYS] You're Pissed Off<12><STEAM_0:1:44658357><NSF>" killed "[MNHR] Sero<10><STEAM_0:1:46322305><Jinrai>" with "zr68c"
L 01/20/2024 - 17:31:25: "[DYS] bauxite<16><STEAM_0:0:5757747><NSF>" say_team "subbort life"
L 01/20/2024 - 17:31:28: "[DYS] bauxite<16><STEAM_0:0:5757747><NSF>" say_team "just hop bro"
L 01/20/2024 - 17:32:04: "[DYS] Infrequent<21><STEAM_0:1:6384081><NSF>" killed "[MNHR] Scarf<22><STEAM_0:1:128469250><Jinrai>" with "grenade_projectile"
L 01/20/2024 - 17:32:08: "[DYS] xx<8><STEAM_0:0:8714446><NSF>" killed "[MNHR] Syz<14><STEAM_0:0:82019396><Jinrai>" with "srm"
L 01/20/2024 - 17:32:08: "[MNHR] Syz<14><STEAM_0:0:82019396><Jinrai>" say_team "100 Recon srm"
L 01/20/2024 - 17:32:15: "[DYS] xx<8><STEAM_0:0:8714446><NSF>" killed "[MNHR] Izotop<7><STEAM_0:1:97975268><Jinrai>" with "srm"
L 01/20/2024 - 17:32:16: "[MNHR] Izotop<7><STEAM_0:1:97975268><Jinrai>" say_team "100 Recon srm"
L 01/20/2024 - 17:32:25: "[DYS] xx<8><STEAM_0:0:8714446><NSF>" killed "[MNHR] Sero<10><STEAM_0:1:46322305><Jinrai>" with "srm"
L 01/20/2024 - 17:32:25: "[DYS] Infrequent<21><STEAM_0:1:6384081><NSF>" triggered "kill_assist"
L 01/20/2024 - 17:32:30: "[MNHR] yoko<11><STEAM_0:0:33377178><Jinrai>" killed "[DYS] xx<8><STEAM_0:0:8714446><NSF>" with "srm"
L 01/20/2024 - 17:32:33: "[DYS] Infrequent<21><STEAM_0:1:6384081><NSF>" killed "[MNHR] yoko<11><STEAM_0:0:33377178><Jinrai>" with "zr68s"
L 01/20/2024 - 17:32:33: "[MNHR] yoko<11><STEAM_0:0:33377178><Jinrai>" say_team "100 Assault zr68s"
L 01/20/2024 - 17:32:47: "[DYS] bauxite<16><STEAM_0:0:5757747><NSF>" say_team "they were waiting"
L 01/20/2024 - 17:32:48: "[DYS] bauxite<16><STEAM_0:0:5757747><NSF>" say_team "for drop"
L 01/20/2024 - 17:32:53: "[DYS] bauxite<16><STEAM_0:0:5757747><NSF>" disconnected (reason "Disconnect by user.")
L 01/20/2024 - 17:32:53: "[DYS] bauxite<23><STEAM_ID_PENDING><>" connected, address "86.13.114.58:27005"
L 01/20/2024 - 17:32:53: "[DYS] bauxite<23><STEAM_0:0:5757747><>" STEAM USERID validated
L 01/20/2024 - 17:32:55: "[DYS] bauxite<23><STEAM_0:0:5757747><>" entered the game
L 01/20/2024 - 17:32:56: "[DYS] bauxite<23><STEAM_0:0:5757747><Unassigned>" joined team "NSF"
L 01/20/2024 - 17:33:20: "[DYS] Infrequent<21><STEAM_0:1:6384081><NSF>" killed "[MNHR] Scarf<22><STEAM_0:1:128469250><Jinrai>" with "zr68s"
L 01/20/2024 - 17:33:21: "[DYS] Infrequent<21><STEAM_0:1:6384081><NSF>" killed "[MNHR] yoko<11><STEAM_0:0:33377178><Jinrai>" with "zr68s"
L 01/20/2024 - 17:33:22: "[MNHR] yoko<11><STEAM_0:0:33377178><Jinrai>" say_team "55 Assault zr68s"
L 01/20/2024 - 17:33:37: "[MNHR] Izotop<7><STEAM_0:1:97975268><Jinrai>" killed "[DYS] Hosomi<15><STEAM_0:0:51357353><NSF>" with "zr68s"
L 01/20/2024 - 17:33:39: "[DYS] You're Pissed Off<12><STEAM_0:1:44658357><NSF>" killed "[MNHR] Syz<14><STEAM_0:0:82019396><Jinrai>" with "mx"
L 01/20/2024 - 17:33:39: "[MNHR] Syz<14><STEAM_0:0:82019396><Jinrai>" say_team "61 Support mx"
L 01/20/2024 - 17:33:51: "[DYS] Infrequent<21><STEAM_0:1:6384081><NSF>" killed "[MNHR] Sero<10><STEAM_0:1:46322305><Jinrai>" with "zr68s"
L 01/20/2024 - 17:34:00: "[DYS] xx<8><STEAM_0:0:8714446><NSF>" killed "[MNHR] Izotop<7><STEAM_0:1:97975268><Jinrai>" with "zr68c"
L 01/20/2024 - 17:34:00: "[MNHR] Izotop<7><STEAM_0:1:97975268><Jinrai>" say_team "11 Recon zr68c"
L 01/20/2024 - 17:34:07: "[DYS] bauxite<23><STEAM_0:0:5757747><NSF>" say_team "where are they all"
L 01/20/2024 - 17:34:07: "[DYS] bauxite<23><STEAM_0:0:5757747><NSF>" say_team "wtf"
L 01/20/2024 - 17:34:50: "[DYS] bauxite<23><STEAM_0:0:5757747><NSF>" killed "[MNHR] Scarf<22><STEAM_0:1:128469250><Jinrai>" with "supa7"
L 01/20/2024 - 17:34:53: "[DYS] bauxite<23><STEAM_0:0:5757747><NSF>" killed "[MNHR] Sero<10><STEAM_0:1:46322305><Jinrai>" with "supa7"
L 01/20/2024 - 17:34:53: "[DYS] Infrequent<21><STEAM_0:1:6384081><NSF>" triggered "kill_assist"
L 01/20/2024 - 17:35:01: "[DYS] xx<8><STEAM_0:0:8714446><NSF>" killed "[MNHR] yoko<11><STEAM_0:0:33377178><Jinrai>" with "mx"
L 01/20/2024 - 17:35:01: "[DYS] You're Pissed Off<12><STEAM_0:1:44658357><NSF>" triggered "kill_assist"
L 01/20/2024 - 17:35:01: "[MNHR] yoko<11><STEAM_0:0:33377178><Jinrai>" say_team "100 Recon mx"
L 01/20/2024 - 17:35:07: "[MNHR] Syz<14><STEAM_0:0:82019396><Jinrai>" killed "[DYS] You're Pissed Off<12><STEAM_0:1:44658357><NSF>" with "srm_s"
L 01/20/2024 - 17:35:07: "[DYS] You're Pissed Off<12><STEAM_0:1:44658357><NSF>" say_team "31 Recon srm_s"
L 01/20/2024 - 17:35:08: "[DYS] Infrequent<21><STEAM_0:1:6384081><NSF>" killed "[MNHR] Izotop<7><STEAM_0:1:97975268><Jinrai>" with "mx"
L 01/20/2024 - 17:35:08: "[MNHR] Izotop<7><STEAM_0:1:97975268><Jinrai>" say_team "52 Assault mx"
L 01/20/2024 - 17:35:10: "[DYS] bauxite<23><STEAM_0:0:5757747><NSF>" killed "[MNHR] Syz<14><STEAM_0:0:82019396><Jinrai>" with "supa7"
L 01/20/2024 - 17:35:10: "[DYS] You're Pissed Off<12><STEAM_0:1:44658357><NSF>" triggered "kill_assist"
L 01/20/2024 - 17:35:10: "[MNHR] Syz<14><STEAM_0:0:82019396><Jinrai>" say_team "100 Assault supa7"
L 01/20/2024 - 17:35:18: "[DYS] bauxite<23><STEAM_0:0:5757747><NSF>" say_team "recon tho"
L 01/20/2024 - 17:36:02: "[DYS] bauxite<23><STEAM_0:0:5757747><NSF>" say_team "Enemy in Front"
L 01/20/2024 - 17:36:08: "[MNHR] yoko<11><STEAM_0:0:33377178><Jinrai>" killed "[DYS] Infrequent<21><STEAM_0:1:6384081><NSF>" with "zr68s"
L 01/20/2024 - 17:36:13: "[DYS] xx<8><STEAM_0:0:8714446><NSF>" killed "[MNHR] Sero<10><STEAM_0:1:46322305><Jinrai>" with "zr68c"
L 01/20/2024 - 17:36:13: "[DYS] Infrequent<21><STEAM_0:1:6384081><NSF>" triggered "kill_assist"
L 01/20/2024 - 17:36:19: "[DYS] Hosomi<15><STEAM_0:0:51357353><NSF>" killed "[MNHR] Syz<14><STEAM_0:0:82019396><Jinrai>" with "mx"
L 01/20/2024 - 17:36:19: "[MNHR] Syz<14><STEAM_0:0:82019396><Jinrai>" say_team "86 Recon mx"
L 01/20/2024 - 17:36:23: "[MNHR] yoko<11><STEAM_0:0:33377178><Jinrai>" killed "[DYS] You're Pissed Off<12><STEAM_0:1:44658357><NSF>" with "zr68s"
L 01/20/2024 - 17:36:23: "[DYS] You're Pissed Off<12><STEAM_0:1:44658357><NSF>" say_team "67 Assault zr68s"
L 01/20/2024 - 17:36:30: "[MNHR] yoko<11><STEAM_0:0:33377178><Jinrai>" killed "[DYS] bauxite<23><STEAM_0:0:5757747><NSF>" with "zr68s"
L 01/20/2024 - 17:36:30: "[MNHR] Scarf<22><STEAM_0:1:128469250><Jinrai>" triggered "kill_assist"
L 01/20/2024 - 17:36:30: "[DYS] bauxite<23><STEAM_0:0:5757747><NSF>" say_team "1 Assault zr68s"
L 01/20/2024 - 17:36:34: "[DYS] xx<8><STEAM_0:0:8714446><NSF>" killed "[MNHR] Scarf<22><STEAM_0:1:128469250><Jinrai>" with "zr68c"
L 01/20/2024 - 17:36:34: "[DYS] bauxite<23><STEAM_0:0:5757747><NSF>" triggered "kill_assist"
L 01/20/2024 - 17:36:35: "[MNHR] Izotop<7><STEAM_0:1:97975268><Jinrai>" killed "[DYS] xx<8><STEAM_0:0:8714446><NSF>" with "zr68c"
L 01/20/2024 - 17:37:08: "[DYS] xx<8><STEAM_0:0:8714446><NSF>" say_team "Damage taken from [DYS] You're Pissed Off [Support]: 62 in 2 hits"
L 01/20/2024 - 17:37:10: Team "NSF" triggered "ghost_capture_team"
L 01/20/2024 - 17:37:10: "[DYS] Hosomi<15><STEAM_0:0:51357353><NSF>" triggered "ghost_capture"
L 01/20/2024 - 17:37:18: "[DYS] You're Pissed Off<12><STEAM_0:1:44658357><NSF>" say "delet that"
L 01/20/2024 - 17:37:19: "[MNHR] Izotop<7><STEAM_0:1:97975268><Jinrai>" killed "[DYS] Hosomi<15><STEAM_0:0:51357353><NSF>" with "kyla"
L 01/20/2024 - 17:37:55: "[DYS] Infrequent<21><STEAM_0:1:6384081><NSF>" killed "[MNHR] Sero<10><STEAM_0:1:46322305><Jinrai>" with "srm"
L 01/20/2024 - 17:38:00: "[DYS] You're Pissed Off<12><STEAM_0:1:44658357><NSF>" killed "[MNHR] yoko<11><STEAM_0:0:33377178><Jinrai>" with "mx"
L 01/20/2024 - 17:38:00: "[MNHR] yoko<11><STEAM_0:0:33377178><Jinrai>" say_team "100 Support mx"
L 01/20/2024 - 17:38:01: "[DYS] Hosomi<15><STEAM_0:0:51357353><NSF>" killed "[MNHR] Scarf<22><STEAM_0:1:128469250><Jinrai>" with "mx"
L 01/20/2024 - 17:38:03: "[MNHR] Syz<14><STEAM_0:0:82019396><Jinrai>" killed "[DYS] Hosomi<15><STEAM_0:0:51357353><NSF>" with "srm_s"
L 01/20/2024 - 17:38:24: "[DYS] You're Pissed Off<12><STEAM_0:1:44658357><NSF>" killed "[MNHR] Izotop<7><STEAM_0:1:97975268><Jinrai>" with "mx"
L 01/20/2024 - 17:38:24: "[DYS] Infrequent<21><STEAM_0:1:6384081><NSF>" triggered "kill_assist"
L 01/20/2024 - 17:38:25: "[MNHR] Izotop<7><STEAM_0:1:97975268><Jinrai>" say_team "100 Support mx"
L 01/20/2024 - 17:38:49: "[DYS] xx<8><STEAM_0:0:8714446><NSF>" killed "[MNHR] Syz<14><STEAM_0:0:82019396><Jinrai>" with "mx"
L 01/20/2024 - 17:38:49: "[MNHR] Syz<14><STEAM_0:0:82019396><Jinrai>" say_team "100 Recon mx"
L 01/20/2024 - 17:39:39: "[DYS] Hosomi<15><STEAM_0:0:51357353><NSF>" killed "[MNHR] Sero<10><STEAM_0:1:46322305><Jinrai>" with "supa7"
L 01/20/2024 - 17:39:53: "[DYS] xx<8><STEAM_0:0:8714446><NSF>" killed "[MNHR] Syz<14><STEAM_0:0:82019396><Jinrai>" with "supa7"
L 01/20/2024 - 17:39:53: "[MNHR] Syz<14><STEAM_0:0:82019396><Jinrai>" say_team "84 Recon supa7"
L 01/20/2024 - 17:40:02: Team "NSF" triggered "ghost_capture_team"
L 01/20/2024 - 17:40:02: "[DYS] bauxite<23><STEAM_0:0:5757747><NSF>" triggered "ghost_capture"
L 01/20/2024 - 17:40:05: "[DYS] Infrequent<21><STEAM_0:1:6384081><NSF>" killed "[MNHR] Izotop<7><STEAM_0:1:97975268><Jinrai>" with "aa13"
L 01/20/2024 - 17:40:06: "[MNHR] Izotop<7><STEAM_0:1:97975268><Jinrai>" say_team "82 Assault aa13"
L 01/20/2024 - 17:40:07: "[DYS] You're Pissed Off<12><STEAM_0:1:44658357><NSF>" killed "[MNHR] yoko<11><STEAM_0:0:33377178><Jinrai>" with "pz"
L 01/20/2024 - 17:40:07: "[MNHR] yoko<11><STEAM_0:0:33377178><Jinrai>" say_team "6 Support pz"
L 01/20/2024 - 17:40:15: "[MNHR] Scarf<22><STEAM_0:1:128469250><Jinrai>" killed "[DYS] You're Pissed Off<12><STEAM_0:1:44658357><NSF>" with "zr68c"
L 01/20/2024 - 17:40:15: "[MNHR] yoko<11><STEAM_0:0:33377178><Jinrai>" triggered "kill_assist"
L 01/20/2024 - 17:40:15: "[DYS] You're Pissed Off<12><STEAM_0:1:44658357><NSF>" say_team "89 Support zr68c"
L 01/20/2024 - 17:40:52: "[DYS] xx<8><STEAM_0:0:8714446><NSF>" killed "[MNHR] Sero<10><STEAM_0:1:46322305><Jinrai>" with "supa7"
L 01/20/2024 - 17:40:52: "[DYS] bauxite<23><STEAM_0:0:5757747><NSF>" killed "[MNHR] Izotop<7><STEAM_0:1:97975268><Jinrai>" with "aa13"
L 01/20/2024 - 17:40:53: "[MNHR] Izotop<7><STEAM_0:1:97975268><Jinrai>" say_team "36 Assault aa13"
L 01/20/2024 - 17:40:53: "[MNHR] Scarf<22><STEAM_0:1:128469250><Jinrai>" killed "[DYS] bauxite<23><STEAM_0:0:5757747><NSF>" with "srm"
L 01/20/2024 - 17:40:53: "[MNHR] Izotop<7><STEAM_0:1:97975268><Jinrai>" triggered "kill_assist"
L 01/20/2024 - 17:40:53: "[DYS] bauxite<23><STEAM_0:0:5757747><NSF>" say_team "100 Support srm"
L 01/20/2024 - 17:41:08: "[DYS] Hosomi<15><STEAM_0:0:51357353><NSF>" killed "[MNHR] Scarf<22><STEAM_0:1:128469250><Jinrai>" with "aa13"
L 01/20/2024 - 17:41:16: "[DYS] Infrequent<21><STEAM_0:1:6384081><NSF>" killed "[MNHR] yoko<11><STEAM_0:0:33377178><Jinrai>" with "zr68c"
L 01/20/2024 - 17:41:16: "[MNHR] yoko<11><STEAM_0:0:33377178><Jinrai>" say_team "100 Assault zr68c"
L 01/20/2024 - 17:41:20: "[MNHR] Syz<14><STEAM_0:0:82019396><Jinrai>" killed "[DYS] xx<8><STEAM_0:0:8714446><NSF>" with "mx"
L 01/20/2024 - 17:41:20: "[MNHR] yoko<11><STEAM_0:0:33377178><Jinrai>" triggered "kill_assist"
L 01/20/2024 - 17:41:22: "[DYS] Hosomi<15><STEAM_0:0:51357353><NSF>" killed "[MNHR] Syz<14><STEAM_0:0:82019396><Jinrai>" with "aa13"
L 01/20/2024 - 17:41:22: "[MNHR] Syz<14><STEAM_0:0:82019396><Jinrai>" say_team "100 Recon aa13"
L 01/20/2024 - 17:41:25: "[MNHR] yoko<11><STEAM_0:0:33377178><Jinrai>" say "GG(▰˘◡˘▰)WP"
L 01/20/2024 - 17:41:26: "[MNHR] yoko<11><STEAM_0:0:33377178><Jinrai>" say "GG(▰˘◡˘▰)WP"
L 01/20/2024 - 17:41:29: "[MNHR] Syz<14><STEAM_0:0:82019396><Jinrai>" say "ggwp"
L 01/20/2024 - 17:41:32: "[MNHR] yoko<11><STEAM_0:0:33377178><Jinrai>" say "[MNHR][MNHR][MNHR][MNHR][MNHR][MNHR][MNHR] "
L 01/20/2024 - 17:41:40: "[MNHR] Syz<14><STEAM_0:0:82019396><Jinrai>" say "its joever"
L 01/20/2024 - 17:41:41: "[DYS] You're Pissed Off<12><STEAM_0:1:44658357><NSF>" say "gg"
L 01/20/2024 - 17:41:41: "[DYS] Infrequent<21><STEAM_0:1:6384081><NSF>" say "3rd?"
L 01/20/2024 - 17:41:44: "[DYS] xx<8><STEAM_0:0:8714446><NSF>" say "gg"
L 01/20/2024 - 17:41:44: "[MXican] Halcyon<6><STEAM_0:1:2864524><Spectator>" say "gg"
L 01/20/2024 - 17:41:45: "[DYS] bauxite<23><STEAM_0:0:5757747><NSF>" say "mehera won this game"
L 01/20/2024 - 17:41:45: "[MNHR] yoko<11><STEAM_0:0:33377178><Jinrai>" say "grid?"
L 01/20/2024 - 17:41:48: "[DYS] bauxite<23><STEAM_0:0:5757747><NSF>" say "we need to tiebreaker"
L 01/20/2024 - 17:41:48: "[DYS] Infrequent<21><STEAM_0:1:6384081><NSF>" say "griddy"
L 01/20/2024 - 17:41:51: "[MNHR] yoko<11><STEAM_0:0:33377178><Jinrai>" say "true"
L 01/20/2024 - 17:41:54: "[MNHR] yoko<11><STEAM_0:0:33377178><Jinrai>" say "lets go "
L 01/20/2024 - 17:41:55: "[DYS] Infrequent<21><STEAM_0:1:6384081><NSF>" say "!sd_admin"
L 01/20/2024 - 17:41:55: "[DYS] Hosomi<15><STEAM_0:0:51357353><NSF>" say "gritty?"
L 01/20/2024 - 17:41:56: "[MNHR] yoko<11><STEAM_0:0:33377178><Jinrai>" say "ium ready "
L 01/20/2024 - 17:41:58: "[DYS] Infrequent<21><STEAM_0:1:6384081><NSF>" say "ahh yes"
L 01/20/2024 - 17:42:02: "[DYS] Infrequent<21><STEAM_0:1:6384081><NSF>" say "sd admin, what a command"
L 01/20/2024 - 17:42:04: "[DYS] Infrequent<21><STEAM_0:1:6384081><NSF>" say "!sm_admin"
L 01/20/2024 - 17:42:10: [META] Loaded 0 plugins (1 already loaded)
L 01/20/2024 - 17:42:10: [META] Loaded 0 plugins (1 already loaded)
L 01/20/2024 - 17:42:10: Log file closed
