L 01/20/2024 - 17:04:14: Log file started (file "logs\L0120052.log") (game "z:\home\steam\steam\steamapps\common\nt\NeotokyoSource") (version "4044")
L 01/20/2024 - 17:04:14: server_cvar: "sv_pausable" "0"
L 01/20/2024 - 17:04:14: server_cvar: "sv_contact" "baux.site"
L 01/20/2024 - 17:04:14: server_cvar: "sv_gravity" "800"
L 01/20/2024 - 17:04:14: server_cvar: "mp_friendlyfire" "1"
L 01/20/2024 - 17:04:16: "[DYS] xx<8><STEAM_0:0:8714446><>" entered the game
L 01/20/2024 - 17:04:16: "[MNHR] yoko<11><STEAM_0:0:33377178><>" entered the game
L 01/20/2024 - 17:04:16: "[DYS] Hosomi<15><STEAM_0:0:51357353><>" entered the game
L 01/20/2024 - 17:04:17: "[MNHR]syz<14><STEAM_0:0:82019396><>" entered the game
L 01/20/2024 - 17:04:17: "[DYS] bauxite<16><STEAM_0:0:5757747><>" entered the game
L 01/20/2024 - 17:04:17: "[MNHR] Sero<10><STEAM_0:1:46322305><>" entered the game
L 01/20/2024 - 17:04:17: "[CAST-] Nutnoze<5><STEAM_0:1:9530793><>" entered the game
L 01/20/2024 - 17:04:19: "[DYS] You're Pissed Off<12><STEAM_0:1:44658357><>" entered the game
L 01/20/2024 - 17:04:19: "[CAST-] Nutnoze<5><STEAM_0:1:9530793><Unassigned>" joined team "Spectator"
L 01/20/2024 - 17:04:20: "[MNHR] Izotop<7><STEAM_0:1:97975268><>" entered the game
L 01/20/2024 - 17:04:21: "[DYS] xx<8><STEAM_0:0:8714446><Unassigned>" joined team "NSF"
L 01/20/2024 - 17:04:21: "[MNHR]syz<14><STEAM_0:0:82019396><Unassigned>" joined team "Jinrai"
L 01/20/2024 - 17:04:22: "[DYS] Infrequent<9><STEAM_0:1:6384081><>" entered the game
L 01/20/2024 - 17:04:23: "[MNHR] Izotop<7><STEAM_0:1:97975268><Unassigned>" joined team "Jinrai"
L 01/20/2024 - 17:04:24: "[MNHR] Sero<10><STEAM_0:1:46322305><Unassigned>" joined team "Jinrai"
L 01/20/2024 - 17:04:24: "[MXican] Halcyon<6><STEAM_0:1:2864524><>" entered the game
L 01/20/2024 - 17:04:25: "[DYS] Infrequent<9><STEAM_0:1:6384081><Unassigned>" joined team "NSF"
L 01/20/2024 - 17:04:26: "[DYS] Hosomi<15><STEAM_0:0:51357353><Unassigned>" joined team "NSF"
L 01/20/2024 - 17:04:29: "[DYS] You're Pissed Off<12><STEAM_0:1:44658357><Unassigned>" joined team "NSF"
L 01/20/2024 - 17:04:29: "[MNHR] yoko<11><STEAM_0:0:33377178><Unassigned>" joined team "Jinrai"
L 01/20/2024 - 17:04:30: "[DYS] bauxite<16><STEAM_0:0:5757747><Unassigned>" joined team "NSF"
L 01/20/2024 - 17:04:35: "[GB] Agiel<4><STEAM_0:1:25025><>" entered the game
L 01/20/2024 - 17:04:37: "[DYS] xx<8><STEAM_0:0:8714446><NSF>" say "!ready"
L 01/20/2024 - 17:04:41: "[DYS] Infrequent<9><STEAM_0:1:6384081><NSF>" say "let's not start till casters give go ahead"
L 01/20/2024 - 17:04:42: "[MNHR] Sero<10><STEAM_0:1:46322305><Jinrai>" say "!ready"
L 01/20/2024 - 17:04:43: "[GB] Agiel<4><STEAM_0:1:25025><Unassigned>" joined team "Spectator"
L 01/20/2024 - 17:04:48: "[MNHR] Scarf<19><STEAM_0:1:128469250><>" disconnected (reason "Connection closing")
L 01/20/2024 - 17:04:48: "[MNHR] Scarf<20><STEAM_ID_PENDING><>" connected, address "73.115.74.180:27005"
L 01/20/2024 - 17:04:48: "[MNHR] Scarf<20><STEAM_0:1:128469250><>" STEAM USERID validated
L 01/20/2024 - 17:04:51: "[MNHR] Scarf<20><STEAM_0:1:128469250><>" entered the game
L 01/20/2024 - 17:04:51: "[DYS] bauxite<16><STEAM_0:0:5757747><NSF>" say "casters let us know when ur ready"
L 01/20/2024 - 17:04:56: "[MNHR] Scarf<20><STEAM_0:1:128469250><Unassigned>" joined team "Jinrai"
L 01/20/2024 - 17:04:58: "[GB] Agiel<4><STEAM_0:1:25025><Spectator>" say "we're ready"
L 01/20/2024 - 17:05:02: "[DYS] bauxite<16><STEAM_0:0:5757747><NSF>" say "!ready"
L 01/20/2024 - 17:05:04: "[MNHR]syz<14><STEAM_0:0:82019396><Jinrai>" changed name to "[MNHR] Syz"
L 01/20/2024 - 17:05:05: "[MNHR] Scarf<20><STEAM_0:1:128469250><Jinrai>" say "!ready"
L 01/20/2024 - 17:05:07: "[MNHR] yoko<11><STEAM_0:0:33377178><Jinrai>" say_team "!ready"
L 01/20/2024 - 17:05:08: "[MNHR] Izotop<7><STEAM_0:1:97975268><Jinrai>" say "!ready"
L 01/20/2024 - 17:05:10: "[MNHR] Syz<14><STEAM_0:0:82019396><Jinrai>" say "!READY"
L 01/20/2024 - 17:05:10: "[MXican] Halcyon<6><STEAM_0:1:2864524><Unassigned>" joined team "Spectator"
L 01/20/2024 - 17:05:14: "[DYS] You're Pissed Off<12><STEAM_0:1:44658357><NSF>" say "!ready"
L 01/20/2024 - 17:05:25: "[DYS] Hosomi<15><STEAM_0:0:51357353><NSF>" say "baguette baguette baguette"
L 01/20/2024 - 17:05:26: "[DYS] Hosomi<15><STEAM_0:0:51357353><NSF>" say "baguette baguette baguette"
L 01/20/2024 - 17:05:28: "[MNHR] yoko<11><STEAM_0:0:33377178><Jinrai>" say "[MNHR][MNHR][MNHR][MNHR][MNHR][MNHR][MNHR] "
L 01/20/2024 - 17:05:30: "[DYS] Hosomi<15><STEAM_0:0:51357353><NSF>" say "baguette baguette baguette"
L 01/20/2024 - 17:05:37: "[DYS] Hosomi<15><STEAM_0:0:51357353><NSF>" say "You can't tell me what to do, I'm gay!"
L 01/20/2024 - 17:05:38: "[DYS] bauxite<16><STEAM_0:0:5757747><NSF>" say_team "mat_r8bloomgamma shit, pretty op"
L 01/20/2024 - 17:05:38: "[DYS] Hosomi<15><STEAM_0:0:51357353><NSF>" say "You can't tell me what to do, I'm gay!"
L 01/20/2024 - 17:05:39: "[DYS] Hosomi<15><STEAM_0:0:51357353><NSF>" say "You can't tell me what to do, I'm gay!"
L 01/20/2024 - 17:05:43: "[DYS] You're Pissed Off<12><STEAM_0:1:44658357><NSF>" say "Me when the"
L 01/20/2024 - 17:05:45: "[MNHR] yoko<11><STEAM_0:0:33377178><Jinrai>" say "true"
L 01/20/2024 - 17:05:45: "[DYS] Hosomi<15><STEAM_0:0:51357353><NSF>" say "You can't tell me what to do, I'm gay!"
L 01/20/2024 - 17:05:55: "[DYS] Hosomi<15><STEAM_0:0:51357353><NSF>" say "[AHNS][AHNS][AHNS][AHNS][AHNS][AHNS][AHNS][AHNS][AHNS][AHNS][AHNS]"
L 01/20/2024 - 17:05:56: "[DYS] Hosomi<15><STEAM_0:0:51357353><NSF>" say "You can't tell me what to do, I'm gay!"
L 01/20/2024 - 17:05:57: "[DYS] Hosomi<15><STEAM_0:0:51357353><NSF>" say "baguette baguette baguette"
L 01/20/2024 - 17:06:00: "[DYS] Hosomi<15><STEAM_0:0:51357353><NSF>" say "An issue of skill?"
L 01/20/2024 - 17:06:20: "[DYS] bauxite<16><STEAM_0:0:5757747><NSF>" say_team "hes laerning fast"
L 01/20/2024 - 17:06:23: "[DYS] You're Pissed Off<12><STEAM_0:1:44658357><NSF>" say "I need a bind that posts my T level"
L 01/20/2024 - 17:06:31: "[MNHR] yoko<11><STEAM_0:0:33377178><Jinrai>" say "ya"
L 01/20/2024 - 17:06:32: "[DYS] bauxite<16><STEAM_0:0:5757747><NSF>" say_team "its fine"
L 01/20/2024 - 17:06:34: "[DYS] You're Pissed Off<12><STEAM_0:1:44658357><NSF>" say "800"
L 01/20/2024 - 17:06:34: "[DYS] bauxite<16><STEAM_0:0:5757747><NSF>" say_team "lets play quick"
L 01/20/2024 - 17:06:34: "[DYS] Hosomi<15><STEAM_0:0:51357353><NSF>" say "0.1"
L 01/20/2024 - 17:06:40: "[MNHR] yoko<11><STEAM_0:0:33377178><Jinrai>" say "but like an IRL update"
L 01/20/2024 - 17:06:41: "[DYS] bauxite<16><STEAM_0:0:5757747><NSF>" say_team "lets ready up, they said they are ready"
L 01/20/2024 - 17:06:47: "[DYS] Hosomi<15><STEAM_0:0:51357353><NSF>" say "Yea, 0.1"
L 01/20/2024 - 17:06:50: "[DYS] bauxite<16><STEAM_0:0:5757747><NSF>" say_team "might be bm"
L 01/20/2024 - 17:06:52: "[MNHR] yoko<11><STEAM_0:0:33377178><Jinrai>" say "hooked up to NT"
L 01/20/2024 - 17:06:55: "[DYS] Hosomi<15><STEAM_0:0:51357353><NSF>" say "!ready"
L 01/20/2024 - 17:06:59: "[CAST-] Nutnoze<5><STEAM_0:1:9530793><Spectator>" say "!readylist"
L 01/20/2024 - 17:07:16: "[DYS] You're Pissed Off<12><STEAM_0:1:44658357><NSF>" say "!ready"
L 01/20/2024 - 17:07:24: "[DYS] Infrequent<9><STEAM_0:1:6384081><NSF>" disconnected (reason "[DYS] Infrequent timed out")
L 01/20/2024 - 17:07:33: "[DYS] Infrequent<21><STEAM_ID_PENDING><>" connected, address "86.169.55.78:27005"
L 01/20/2024 - 17:07:33: "[DYS] Infrequent<21><STEAM_0:1:6384081><>" STEAM USERID validated
L 01/20/2024 - 17:07:36: "[DYS] Infrequent<21><STEAM_0:1:6384081><>" entered the game
L 01/20/2024 - 17:07:39: "[DYS] Infrequent<21><STEAM_0:1:6384081><Unassigned>" joined team "NSF"
L 01/20/2024 - 17:07:45: "[DYS] Infrequent<21><STEAM_0:1:6384081><NSF>" say "!ready"
L 01/20/2024 - 17:07:55: "[DYS] bauxite<16><STEAM_0:0:5757747><NSF>" say "glhf"
L 01/20/2024 - 17:07:58: "[MNHR] Syz<14><STEAM_0:0:82019396><Jinrai>" say "glhf"
L 01/20/2024 - 17:07:59: "[MNHR] yoko<11><STEAM_0:0:33377178><Jinrai>" say "GL\（○＾ω＾○）/HF"
L 01/20/2024 - 17:08:31: "[DYS] Hosomi<15><STEAM_0:0:51357353><NSF>" killed "[MNHR] yoko<11><STEAM_0:0:33377178><Jinrai>" with "srm"
L 01/20/2024 - 17:08:32: "[MNHR] yoko<11><STEAM_0:0:33377178><Jinrai>" say_team "100 Recon srm"
L 01/20/2024 - 17:08:36: "[DYS] bauxite<16><STEAM_0:0:5757747><NSF>" killed "[MNHR] Izotop<7><STEAM_0:1:97975268><Jinrai>" with "zr68s"
L 01/20/2024 - 17:08:36: "[MNHR] Izotop<7><STEAM_0:1:97975268><Jinrai>" say_team "100 Assault zr68s"
L 01/20/2024 - 17:08:47: "[DYS] Infrequent<21><STEAM_0:1:6384081><NSF>" killed "[MNHR] Syz<14><STEAM_0:0:82019396><Jinrai>" with "srm"
L 01/20/2024 - 17:08:47: "[MNHR] Syz<14><STEAM_0:0:82019396><Jinrai>" say_team "100 Recon srm"
L 01/20/2024 - 17:08:48: "[DYS] xx<8><STEAM_0:0:8714446><NSF>" killed "[MNHR] Sero<10><STEAM_0:1:46322305><Jinrai>" with "zr68s"
L 01/20/2024 - 17:08:48: "[DYS] You're Pissed Off<12><STEAM_0:1:44658357><NSF>" triggered "kill_assist"
L 01/20/2024 - 17:08:53: "[MNHR] Scarf<20><STEAM_0:1:128469250><Jinrai>" killed "[DYS] You're Pissed Off<12><STEAM_0:1:44658357><NSF>" with "srm"
L 01/20/2024 - 17:08:54: "[DYS] You're Pissed Off<12><STEAM_0:1:44658357><NSF>" say_team "53 Support srm"
L 01/20/2024 - 17:09:02: Team "NSF" triggered "ghost_capture_team"
L 01/20/2024 - 17:09:02: "[DYS] Hosomi<15><STEAM_0:0:51357353><NSF>" triggered "ghost_capture"
L 01/20/2024 - 17:09:09: "[MNHR] Scarf<20><STEAM_0:1:128469250><Jinrai>" killed "[DYS] Infrequent<21><STEAM_0:1:6384081><NSF>" with "srm"
L 01/20/2024 - 17:09:11: "[DYS] xx<8><STEAM_0:0:8714446><NSF>" killed "[MNHR] Scarf<20><STEAM_0:1:128469250><Jinrai>" with "zr68s"
L 01/20/2024 - 17:09:21: "[DYS] bauxite<16><STEAM_0:0:5757747><NSF>" say_team "!settings"
L 01/20/2024 - 17:09:59: "[MNHR] Sero<10><STEAM_0:1:46322305><Jinrai>" killed "[DYS] bauxite<16><STEAM_0:0:5757747><NSF>" with "zr68s"
L 01/20/2024 - 17:10:00: "[DYS] bauxite<16><STEAM_0:0:5757747><NSF>" say_team "46 Assault zr68s"
L 01/20/2024 - 17:10:02: "[MNHR] yoko<11><STEAM_0:0:33377178><Jinrai>" killed "[DYS] xx<8><STEAM_0:0:8714446><NSF>" with "zr68s"
L 01/20/2024 - 17:10:19: "[DYS] Hosomi<15><STEAM_0:0:51357353><NSF>" killed "[MNHR] Sero<10><STEAM_0:1:46322305><Jinrai>" with "zr68s"
L 01/20/2024 - 17:10:19: "[DYS] bauxite<16><STEAM_0:0:5757747><NSF>" triggered "kill_assist"
L 01/20/2024 - 17:10:48: "[DYS] Infrequent<21><STEAM_0:1:6384081><NSF>" killed "[MNHR] Izotop<7><STEAM_0:1:97975268><Jinrai>" with "zr68s"
L 01/20/2024 - 17:10:48: "[MNHR] Izotop<7><STEAM_0:1:97975268><Jinrai>" say_team "62 Recon zr68s"
L 01/20/2024 - 17:10:51: "[MNHR] Syz<14><STEAM_0:0:82019396><Jinrai>" killed "[DYS] Hosomi<15><STEAM_0:0:51357353><NSF>" with "srm"
L 01/20/2024 - 17:10:51: "[MNHR] Izotop<7><STEAM_0:1:97975268><Jinrai>" triggered "kill_assist"
L 01/20/2024 - 17:10:56: "[MNHR] Syz<14><STEAM_0:0:82019396><Jinrai>" killed "[DYS] You're Pissed Off<12><STEAM_0:1:44658357><NSF>" with "srm"
L 01/20/2024 - 17:10:56: "[DYS] You're Pissed Off<12><STEAM_0:1:44658357><NSF>" say_team "6 Recon srm"
L 01/20/2024 - 17:10:57: "[DYS] Infrequent<21><STEAM_0:1:6384081><NSF>" killed "[MNHR] Syz<14><STEAM_0:0:82019396><Jinrai>" with "zr68s"
L 01/20/2024 - 17:10:57: "[DYS] You're Pissed Off<12><STEAM_0:1:44658357><NSF>" triggered "kill_assist"
L 01/20/2024 - 17:10:57: "[MNHR] Syz<14><STEAM_0:0:82019396><Jinrai>" say_team "62 Recon zr68s"
L 01/20/2024 - 17:11:27: "[DYS] Infrequent<21><STEAM_0:1:6384081><NSF>" killed "[MNHR] Scarf<20><STEAM_0:1:128469250><Jinrai>" with "zr68s"
L 01/20/2024 - 17:11:37: "[DYS] Infrequent<21><STEAM_0:1:6384081><NSF>" killed "[MNHR] yoko<11><STEAM_0:0:33377178><Jinrai>" with "zr68s"
L 01/20/2024 - 17:11:38: "[MNHR] yoko<11><STEAM_0:0:33377178><Jinrai>" say_team "5 Recon zr68s"
L 01/20/2024 - 17:12:23: "[DYS] bauxite<16><STEAM_0:0:5757747><NSF>" say_team "Enemy in Front"
L 01/20/2024 - 17:12:37: "[DYS] Hosomi<15><STEAM_0:0:51357353><NSF>" killed "[MNHR] Izotop<7><STEAM_0:1:97975268><Jinrai>" with "jittescoped"
L 01/20/2024 - 17:12:37: "[MNHR] Izotop<7><STEAM_0:1:97975268><Jinrai>" say_team "100 Recon jittescoped"
L 01/20/2024 - 17:12:47: "[MNHR] Scarf<20><STEAM_0:1:128469250><Jinrai>" killed "[DYS] bauxite<16><STEAM_0:0:5757747><NSF>" with "srm"
L 01/20/2024 - 17:12:47: "[DYS] bauxite<16><STEAM_0:0:5757747><NSF>" say_team "29 Support srm"
L 01/20/2024 - 17:12:48: "[DYS] Infrequent<21><STEAM_0:1:6384081><NSF>" killed "[MNHR] Syz<14><STEAM_0:0:82019396><Jinrai>" with "mx"
L 01/20/2024 - 17:12:48: "[MNHR] Syz<14><STEAM_0:0:82019396><Jinrai>" say_team "100 Recon mx"
L 01/20/2024 - 17:12:49: "[DYS] You're Pissed Off<12><STEAM_0:1:44658357><NSF>" killed "[MNHR] yoko<11><STEAM_0:0:33377178><Jinrai>" with "zr68s"
L 01/20/2024 - 17:12:49: "[MNHR] yoko<11><STEAM_0:0:33377178><Jinrai>" say_team "100 Assault zr68s"
L 01/20/2024 - 17:12:50: "[DYS] You're Pissed Off<12><STEAM_0:1:44658357><NSF>" killed "[MNHR] Scarf<20><STEAM_0:1:128469250><Jinrai>" with "zr68s"
L 01/20/2024 - 17:12:50: "[DYS] bauxite<16><STEAM_0:0:5757747><NSF>" triggered "kill_assist"
L 01/20/2024 - 17:12:54: "[DYS] Infrequent<21><STEAM_0:1:6384081><NSF>" killed "[MNHR] Sero<10><STEAM_0:1:46322305><Jinrai>" with "mx"
L 01/20/2024 - 17:13:08: "[DYS] bauxite<16><STEAM_0:0:5757747><NSF>" say_team "why do ppl fire faster than me, i hate this game"
L 01/20/2024 - 17:13:48: "[DYS] bauxite<16><STEAM_0:0:5757747><NSF>" killed "[MNHR] Izotop<7><STEAM_0:1:97975268><Jinrai>" with "zr68s"
L 01/20/2024 - 17:13:48: "[MNHR] Izotop<7><STEAM_0:1:97975268><Jinrai>" say_team "14 Assault zr68s"
L 01/20/2024 - 17:13:48: "[DYS] Hosomi<15><STEAM_0:0:51357353><NSF>" killed "[MNHR] yoko<11><STEAM_0:0:33377178><Jinrai>" with "mx"
L 01/20/2024 - 17:13:49: "[MNHR] yoko<11><STEAM_0:0:33377178><Jinrai>" say_team "100 Recon mx"
L 01/20/2024 - 17:14:19: "[DYS] bauxite<16><STEAM_0:0:5757747><NSF>" killed "[MNHR] Syz<14><STEAM_0:0:82019396><Jinrai>" with "mx"
L 01/20/2024 - 17:14:19: "[MNHR] Syz<14><STEAM_0:0:82019396><Jinrai>" say_team "14 Assault mx"
L 01/20/2024 - 17:14:21: "[DYS] You're Pissed Off<12><STEAM_0:1:44658357><NSF>" killed "[MNHR] Sero<10><STEAM_0:1:46322305><Jinrai>" with "zr68s"
L 01/20/2024 - 17:14:33: "[MNHR] yoko<11><STEAM_0:0:33377178><Jinrai>" say_team "!settings"
L 01/20/2024 - 17:14:47: Team "NSF" triggered "ghost_capture_team"
L 01/20/2024 - 17:14:47: "[DYS] Hosomi<15><STEAM_0:0:51357353><NSF>" triggered "ghost_capture"
L 01/20/2024 - 17:15:29: "[DYS] Infrequent<21><STEAM_0:1:6384081><NSF>" killed "[MNHR] Izotop<7><STEAM_0:1:97975268><Jinrai>" with "supa7"
L 01/20/2024 - 17:15:29: "[MNHR] Izotop<7><STEAM_0:1:97975268><Jinrai>" say_team "100 Recon supa7"
L 01/20/2024 - 17:15:31: "[MNHR] Izotop<7><STEAM_0:1:97975268><Jinrai>" killed "[DYS] xx<8><STEAM_0:0:8714446><NSF>" with "grenade_projectile"
L 01/20/2024 - 17:15:54: "[DYS] Infrequent<21><STEAM_0:1:6384081><NSF>" killed "[MNHR] Scarf<20><STEAM_0:1:128469250><Jinrai>" with "supa7"
L 01/20/2024 - 17:15:57: "[DYS] You're Pissed Off<12><STEAM_0:1:44658357><NSF>" killed "[MNHR] yoko<11><STEAM_0:0:33377178><Jinrai>" with "zr68c"
L 01/20/2024 - 17:15:57: "[MNHR] yoko<11><STEAM_0:0:33377178><Jinrai>" say_team "53 Assault zr68c"
L 01/20/2024 - 17:15:57: "[DYS] Infrequent<21><STEAM_0:1:6384081><NSF>" killed "[MNHR] Syz<14><STEAM_0:0:82019396><Jinrai>" with "supa7"
L 01/20/2024 - 17:15:57: "[MNHR] Syz<14><STEAM_0:0:82019396><Jinrai>" say_team "100 Recon supa7"
L 01/20/2024 - 17:16:05: "[DYS] You're Pissed Off<12><STEAM_0:1:44658357><NSF>" killed "[MNHR] Sero<10><STEAM_0:1:46322305><Jinrai>" with "zr68c"
L 01/20/2024 - 17:17:00: "[DYS] Infrequent<21><STEAM_0:1:6384081><NSF>" killed "[MNHR] Izotop<7><STEAM_0:1:97975268><Jinrai>" with "supa7"
L 01/20/2024 - 17:17:00: "[MNHR] Izotop<7><STEAM_0:1:97975268><Jinrai>" say_team "100 Recon supa7"
L 01/20/2024 - 17:17:04: "[DYS] xx<8><STEAM_0:0:8714446><NSF>" killed "[MNHR] yoko<11><STEAM_0:0:33377178><Jinrai>" with "zr68c"
L 01/20/2024 - 17:17:04: "[MNHR] yoko<11><STEAM_0:0:33377178><Jinrai>" say_team "80 Recon zr68c"
L 01/20/2024 - 17:17:12: "[DYS] bauxite<16><STEAM_0:0:5757747><NSF>" killed "[MNHR] Syz<14><STEAM_0:0:82019396><Jinrai>" with "mx_silenced"
L 01/20/2024 - 17:17:13: "[MNHR] Syz<14><STEAM_0:0:82019396><Jinrai>" say_team "49 Assault mx_silenced"
L 01/20/2024 - 17:17:13: "[DYS] bauxite<16><STEAM_0:0:5757747><NSF>" killed "[MNHR] Scarf<20><STEAM_0:1:128469250><Jinrai>" with "mx_silenced"
L 01/20/2024 - 17:17:16: "[MNHR] Sero<10><STEAM_0:1:46322305><Jinrai>" killed "[DYS] bauxite<16><STEAM_0:0:5757747><NSF>" with "zr68s"
L 01/20/2024 - 17:17:16: "[DYS] bauxite<16><STEAM_0:0:5757747><NSF>" say_team "26 Assault zr68s"
L 01/20/2024 - 17:17:20: "[DYS] Infrequent<21><STEAM_0:1:6384081><NSF>" killed "[MNHR] Sero<10><STEAM_0:1:46322305><Jinrai>" with "supa7"
L 01/20/2024 - 17:17:20: "[DYS] bauxite<16><STEAM_0:0:5757747><NSF>" triggered "kill_assist"
L 01/20/2024 - 17:17:52: "[DYS] bauxite<16><STEAM_0:0:5757747><NSF>" say_team "just rush like lemmings"
L 01/20/2024 - 17:18:05: "[DYS] Hosomi<15><STEAM_0:0:51357353><NSF>" killed "[MNHR] Izotop<7><STEAM_0:1:97975268><Jinrai>" with "mpn"
L 01/20/2024 - 17:18:05: "[DYS] Infrequent<21><STEAM_0:1:6384081><NSF>" triggered "kill_assist"
L 01/20/2024 - 17:18:05: "[MNHR] Izotop<7><STEAM_0:1:97975268><Jinrai>" say_team "100 Recon mpn"
L 01/20/2024 - 17:18:11: "[MNHR] Sero<10><STEAM_0:1:46322305><Jinrai>" killed "[DYS] Hosomi<15><STEAM_0:0:51357353><NSF>" with "zr68s"
L 01/20/2024 - 17:18:22: "[MNHR] Syz<14><STEAM_0:0:82019396><Jinrai>" killed "[DYS] You're Pissed Off<12><STEAM_0:1:44658357><NSF>" with "supa7"
L 01/20/2024 - 17:18:22: "[DYS] You're Pissed Off<12><STEAM_0:1:44658357><NSF>" say_team "78 Support supa7"
L 01/20/2024 - 17:18:26: "[DYS] xx<8><STEAM_0:0:8714446><NSF>" killed "[MNHR] Scarf<20><STEAM_0:1:128469250><Jinrai>" with "zr68c"
L 01/20/2024 - 17:18:32: "[MNHR] yoko<11><STEAM_0:0:33377178><Jinrai>" killed "[DYS] xx<8><STEAM_0:0:8714446><NSF>" with "zr68s"
L 01/20/2024 - 17:18:34: "[DYS] Infrequent<21><STEAM_0:1:6384081><NSF>" killed "[MNHR] Syz<14><STEAM_0:0:82019396><Jinrai>" with "supa7"
L 01/20/2024 - 17:18:34: "[MNHR] Syz<14><STEAM_0:0:82019396><Jinrai>" say_team "44 Recon supa7"
L 01/20/2024 - 17:18:45: "[DYS] Infrequent<21><STEAM_0:1:6384081><NSF>" killed "[MNHR] yoko<11><STEAM_0:0:33377178><Jinrai>" with "mx"
L 01/20/2024 - 17:18:45: "[MNHR] yoko<11><STEAM_0:0:33377178><Jinrai>" say_team "44 Recon mx"
L 01/20/2024 - 17:18:55: "[DYS] Infrequent<21><STEAM_0:1:6384081><NSF>" killed "[MNHR] Sero<10><STEAM_0:1:46322305><Jinrai>" with "mx"
L 01/20/2024 - 17:18:58: "[DYS] You're Pissed Off<12><STEAM_0:1:44658357><NSF>" say "!pause"
L 01/20/2024 - 17:19:02: "[DYS] bauxite<16><STEAM_0:0:5757747><NSF>" say_team "just go piss"
L 01/20/2024 - 17:19:08: "[DYS] bauxite<16><STEAM_0:0:5757747><NSF>" say_team "we dont pause"
L 01/20/2024 - 17:19:16: "[DYS] Infrequent<21><STEAM_0:1:6384081><NSF>" say "sorry"
L 01/20/2024 - 17:19:23: "[MNHR] Syz<14><STEAM_0:0:82019396><Jinrai>" say "is something up?"
L 01/20/2024 - 17:19:28: "[MNHR] yoko<11><STEAM_0:0:33377178><Jinrai>" say "o.o"
L 01/20/2024 - 17:19:30: "[DYS] Infrequent<21><STEAM_0:1:6384081><NSF>" say "one of our players has had to run for a sec"
L 01/20/2024 - 17:19:32: "[DYS] Hosomi<15><STEAM_0:0:51357353><NSF>" say "Urination station"
L 01/20/2024 - 17:19:34: "[DYS] xx<8><STEAM_0:0:8714446><NSF>" say "pissed off pissing"
L 01/20/2024 - 17:19:40: "[DYS] xx<8><STEAM_0:0:8714446><NSF>" say "unironically"
L 01/20/2024 - 17:19:41: "[MNHR] yoko<11><STEAM_0:0:33377178><Jinrai>" say "piss on?"
L 01/20/2024 - 17:19:43: "[MNHR] Syz<14><STEAM_0:0:82019396><Jinrai>" say "fair enough "
L 01/20/2024 - 17:19:46: "[DYS] bauxite<16><STEAM_0:0:5757747><NSF>" say "piss on piss off"
L 01/20/2024 - 17:19:52: "[DYS] bauxite<16><STEAM_0:0:5757747><NSF>" say "as mr miyagi teaches"
L 01/20/2024 - 17:19:59: "[MNHR] Syz<14><STEAM_0:0:82019396><Jinrai>" say "kang has a piss fetish "
L 01/20/2024 - 17:20:07: "[DYS] Infrequent<21><STEAM_0:1:6384081><NSF>" say "!unpause"
L 01/20/2024 - 17:20:08: "[DYS] You're Pissed Off<12><STEAM_0:1:44658357><NSF>" say "!unpause"
L 01/20/2024 - 17:20:15: "[MNHR] Syz<14><STEAM_0:0:82019396><Jinrai>" say "!unpause"
L 01/20/2024 - 17:20:40: "[DYS] bauxite<16><STEAM_0:0:5757747><NSF>" say "live"
L 01/20/2024 - 17:21:16: "[DYS] bauxite<16><STEAM_0:0:5757747><NSF>" killed "[MNHR] Sero<10><STEAM_0:1:46322305><Jinrai>" with "grenade_projectile"
L 01/20/2024 - 17:21:24: "[DYS] Infrequent<21><STEAM_0:1:6384081><NSF>" killed "[MNHR] yoko<11><STEAM_0:0:33377178><Jinrai>" with "supa7"
L 01/20/2024 - 17:21:24: "[MNHR] yoko<11><STEAM_0:0:33377178><Jinrai>" say_team "81 Recon supa7"
L 01/20/2024 - 17:21:25: "[DYS] Infrequent<21><STEAM_0:1:6384081><NSF>" killed "[MNHR] Scarf<20><STEAM_0:1:128469250><Jinrai>" with "supa7"
L 01/20/2024 - 17:21:27: "[DYS] xx<8><STEAM_0:0:8714446><NSF>" killed "[MNHR] Izotop<7><STEAM_0:1:97975268><Jinrai>" with "mpn"
L 01/20/2024 - 17:21:28: "[MNHR] Izotop<7><STEAM_0:1:97975268><Jinrai>" say_team "84 Recon mpn"
L 01/20/2024 - 17:21:38: "[DYS] You're Pissed Off<12><STEAM_0:1:44658357><NSF>" killed "[MNHR] Syz<14><STEAM_0:0:82019396><Jinrai>" with "mx"
L 01/20/2024 - 17:21:38: "[DYS] Hosomi<15><STEAM_0:0:51357353><NSF>" triggered "kill_assist"
L 01/20/2024 - 17:21:38: "[MNHR] Syz<14><STEAM_0:0:82019396><Jinrai>" say_team "100 Assault mx"
L 01/20/2024 - 17:21:44: "[MNHR] Syz<14><STEAM_0:0:82019396><Jinrai>" say "rip"
L 01/20/2024 - 17:21:58: "[DYS] bauxite<16><STEAM_0:0:5757747><NSF>" say_team "i think nade complelty blocked"
L 01/20/2024 - 17:21:59: "[DYS] bauxite<16><STEAM_0:0:5757747><NSF>" say_team "by water"
L 01/20/2024 - 17:22:00: "[CAST-] Nutnoze<5><STEAM_0:1:9530793><Spectator>" say "that frag right next to infrequent o.o"
L 01/20/2024 - 17:22:05: "[DYS] Infrequent<21><STEAM_0:1:6384081><NSF>" say "you cant frag basement"
L 01/20/2024 - 17:22:06: "[DYS] bauxite<16><STEAM_0:0:5757747><NSF>" say "water blocks all nade damage i think"
L 01/20/2024 - 17:22:07: "[DYS] Infrequent<21><STEAM_0:1:6384081><NSF>" say "cos of the walkways"
L 01/20/2024 - 17:22:09: "[DYS] Infrequent<21><STEAM_0:1:6384081><NSF>" say "no"
L 01/20/2024 - 17:22:11: "[DYS] Infrequent<21><STEAM_0:1:6384081><NSF>" say "iots hte lip of the walkway"
L 01/20/2024 - 17:22:22: "[MXican] Halcyon<6><STEAM_0:1:2864524><Spectator>" say "i don't think you got lipped there"
L 01/20/2024 - 17:22:26: "[DYS] Hosomi<15><STEAM_0:0:51357353><NSF>" killed "[MNHR] yoko<11><STEAM_0:0:33377178><Jinrai>" with "supa7"
L 01/20/2024 - 17:22:27: "[MNHR] yoko<11><STEAM_0:0:33377178><Jinrai>" say_team "100 Recon supa7"
L 01/20/2024 - 17:22:30: "[DYS] Hosomi<15><STEAM_0:0:51357353><NSF>" killed "[MNHR] Sero<10><STEAM_0:1:46322305><Jinrai>" with "supa7"
L 01/20/2024 - 17:22:37: "[DYS] bauxite<16><STEAM_0:0:5757747><NSF>" committed suicide with "player"
L 01/20/2024 - 17:22:49: "[DYS] Infrequent<21><STEAM_0:1:6384081><NSF>" killed "[MNHR] Syz<14><STEAM_0:0:82019396><Jinrai>" with "supa7"
L 01/20/2024 - 17:22:49: "[MNHR] Syz<14><STEAM_0:0:82019396><Jinrai>" say_team "100 Recon supa7"
L 01/20/2024 - 17:22:57: "[DYS] You're Pissed Off<12><STEAM_0:1:44658357><NSF>" killed "[MNHR] Scarf<20><STEAM_0:1:128469250><Jinrai>" with "grenade_projectile"
L 01/20/2024 - 17:22:57: "[MNHR] yoko<11><STEAM_0:0:33377178><Jinrai>" say "yeah dys just follow baux "
L 01/20/2024 - 17:23:09: "[DYS] You're Pissed Off<12><STEAM_0:1:44658357><NSF>" killed "[MNHR] Izotop<7><STEAM_0:1:97975268><Jinrai>" with "srs"
L 01/20/2024 - 17:23:10: "[MNHR] Izotop<7><STEAM_0:1:97975268><Jinrai>" say_team "100 Assault srs"
L 01/20/2024 - 17:23:14: "[DYS] bauxite<16><STEAM_0:0:5757747><NSF>" say "i sacrificed my life in the name of science"
L 01/20/2024 - 17:23:19: "[MNHR] Syz<14><STEAM_0:0:82019396><Jinrai>" say "amen "
L 01/20/2024 - 17:23:27: "[MNHR] yoko<11><STEAM_0:0:33377178><Jinrai>" say "did you nade in basement "
L 01/20/2024 - 17:23:29: "[MNHR] yoko<11><STEAM_0:0:33377178><Jinrai>" say "?"
L 01/20/2024 - 17:23:30: "[MNHR] yoko<11><STEAM_0:0:33377178><Jinrai>" say "GG(▰˘◡˘▰)WP"
L 01/20/2024 - 17:23:31: "[CAST-] Nutnoze<5><STEAM_0:1:9530793><Spectator>" say "yeah"
L 01/20/2024 - 17:23:32: "[DYS] bauxite<16><STEAM_0:0:5757747><NSF>" say "maybe"
L 01/20/2024 - 17:23:33: "[MNHR] yoko<11><STEAM_0:0:33377178><Jinrai>" say "[MNHR][MNHR][MNHR][MNHR][MNHR][MNHR][MNHR] "
L 01/20/2024 - 17:23:35: "[MNHR] Syz<14><STEAM_0:0:82019396><Jinrai>" say "gg"
L 01/20/2024 - 17:23:35: "[MNHR] yoko<11><STEAM_0:0:33377178><Jinrai>" say "[MNHR][MNHR][MNHR][MNHR][MNHR][MNHR][MNHR] "
L 01/20/2024 - 17:23:46: "[MNHR] Scarf<20><STEAM_0:1:128469250><Jinrai>" say "gg"
L 01/20/2024 - 17:23:46: "[DYS] bauxite<16><STEAM_0:0:5757747><NSF>" say "i swear in another area a nade landed next to me"
L 01/20/2024 - 17:23:49: "[DYS] bauxite<16><STEAM_0:0:5757747><NSF>" say "and i didnt take any damage"
L 01/20/2024 - 17:23:56: "[DYS] Infrequent<21><STEAM_0:1:6384081><NSF>" say "i swear"
L 01/20/2024 - 17:23:58: "[DYS] You're Pissed Off<12><STEAM_0:1:44658357><NSF>" say "We staying here?"
L 01/20/2024 - 17:24:01: "[DYS] Infrequent<21><STEAM_0:1:6384081><NSF>" say "you have to nade the walkways"
L 01/20/2024 - 17:24:02: "[MNHR] Syz<14><STEAM_0:0:82019396><Jinrai>" say "idm"
L 01/20/2024 - 17:24:13: "[DYS] You're Pissed Off<12><STEAM_0:1:44658357><NSF>" say "What do you mean bruv????"
L 01/20/2024 - 17:24:15: "[DYS] You're Pissed Off<12><STEAM_0:1:44658357><NSF>" say "You pick"
L 01/20/2024 - 17:24:16: "[DYS] Infrequent<21><STEAM_0:1:6384081><NSF>" say "!admin"
L 01/20/2024 - 17:24:25: [META] Loaded 0 plugins (1 already loaded)
L 01/20/2024 - 17:24:25: [META] Loaded 0 plugins (1 already loaded)
L 01/20/2024 - 17:24:25: Log file closed
