L 02/04/2024 - 21:33:50: Log file started (file "logs\L0204061.log") (game "z:\home\steam\steam\steamapps\common\nt\NeotokyoSource") (version "4044")
L 02/04/2024 - 21:33:50: server_cvar: "sv_pausable" "0"
L 02/04/2024 - 21:33:50: server_cvar: "sv_contact" "baux.site"
L 02/04/2024 - 21:33:50: server_cvar: "sv_gravity" "800"
L 02/04/2024 - 21:33:50: server_cvar: "mp_friendlyfire" "1"
L 02/04/2024 - 21:33:52: "[MXican] NeoTokyoScrub<8><STEAM_0:1:95715175><>" entered the game
L 02/04/2024 - 21:33:52: "[MXican] Ghost Lizard<12><STEAM_0:1:20336729><>" entered the game
L 02/04/2024 - 21:33:52: "[MXican] Wahaha-<7><STEAM_0:1:17526508><>" entered the game
L 02/04/2024 - 21:33:53: "[DYS] bauxite<6><STEAM_0:0:5757747><>" entered the game
L 02/04/2024 - 21:33:53: "[Disembodied Camera] Oni<5><STEAM_0:1:10174276><>" entered the game
L 02/04/2024 - 21:33:54: "[MXican] Boltronics<11><STEAM_0:1:84048595><>" entered the game
L 02/04/2024 - 21:33:55: "[DYS] Infrequent<9><STEAM_0:1:6384081><>" entered the game
L 02/04/2024 - 21:33:56: "[MXican] Wahaha-<7><STEAM_0:1:17526508><Unassigned>" joined team "Spectator"
L 02/04/2024 - 21:33:56: "[DYS] bauxite<6><STEAM_0:0:5757747><Unassigned>" joined team "Spectator"
L 02/04/2024 - 21:33:57: "[Disembodied Camera] Oni<5><STEAM_0:1:10174276><Unassigned>" joined team "Spectator"
L 02/04/2024 - 21:33:58: "[DYS] Hosomi<10><STEAM_0:0:51357353><>" entered the game
L 02/04/2024 - 21:33:58: "[DYS] Infrequent<9><STEAM_0:1:6384081><Unassigned>" joined team "NSF"
L 02/04/2024 - 21:33:59: "[DYS] bauxite<6><STEAM_0:0:5757747><Spectator>" say "!n"
L 02/04/2024 - 21:33:59: "[DYS] bauxite<6><STEAM_0:0:5757747><Spectator>" joined team "NSF"
L 02/04/2024 - 21:33:59: "[MXican] Wahaha-<7><STEAM_0:1:17526508><Spectator>" disconnected (reason "Disconnect by user.")
L 02/04/2024 - 21:34:00: "[MXican] Ghost Lizard<12><STEAM_0:1:20336729><Unassigned>" joined team "NSF"
L 02/04/2024 - 21:34:00: "[MXican] NeoTokyoScrub<8><STEAM_0:1:95715175><Unassigned>" joined team "Jinrai"
L 02/04/2024 - 21:34:04: "[DYS] Hosomi<10><STEAM_0:0:51357353><Unassigned>" joined team "NSF"
L 02/04/2024 - 21:34:11: "[DYS] You're Pissed Off<13><STEAM_0:1:44658357><>" entered the game
L 02/04/2024 - 21:34:15: "[MXican] Ghost Lizard<12><STEAM_0:1:20336729><NSF>" say "!j"
L 02/04/2024 - 21:34:15: "[MXican] Ghost Lizard<12><STEAM_0:1:20336729><NSF>" committed suicide with "player"
L 02/04/2024 - 21:34:15: "[MXican] Ghost Lizard<12><STEAM_0:1:20336729><NSF>" joined team "Jinrai"
L 02/04/2024 - 21:34:17: "[MXican] Boltronics<11><STEAM_0:1:84048595><Unassigned>" joined team "Jinrai"
L 02/04/2024 - 21:34:23: "[MXican] Wahaha-<14><STEAM_ID_PENDING><>" connected, address "76.133.237.17:27005"
L 02/04/2024 - 21:34:23: "[MXican] Wahaha-<14><STEAM_0:1:17526508><>" STEAM USERID validated
L 02/04/2024 - 21:34:26: "[MXican] Wahaha-<14><STEAM_0:1:17526508><>" entered the game
L 02/04/2024 - 21:34:27: "[DYS] Infrequent<9><STEAM_0:1:6384081><NSF>" say "i'm fucking dying"
L 02/04/2024 - 21:34:30: "[MXican] Wahaha-<14><STEAM_0:1:17526508><Unassigned>" joined team "Spectator"
L 02/04/2024 - 21:34:37: "[DYS] Hosomi<10><STEAM_0:0:51357353><NSF>" say "same"
L 02/04/2024 - 21:34:44: "[MXican] NeoTokyoScrub<8><STEAM_0:1:95715175><Jinrai>" say "im dead inside"
L 02/04/2024 - 21:34:51: "[DYS] bauxite<6><STEAM_0:0:5757747><NSF>" say "i was never alive"
L 02/04/2024 - 21:35:07: "[MXican] Wahaha-<14><STEAM_0:1:17526508><Spectator>" joined team "Jinrai"
L 02/04/2024 - 21:35:12: "[DYS] You're Pissed Off<13><STEAM_0:1:44658357><Unassigned>" joined team "NSF"
L 02/04/2024 - 21:35:29: "[DYS] bauxite<6><STEAM_0:0:5757747><NSF>" say_team "go recon first infront of me"
L 02/04/2024 - 21:35:33: "[DYS] bauxite<6><STEAM_0:0:5757747><NSF>" say_team "recon is fine"
L 02/04/2024 - 21:35:37: "[DYS] bauxite<6><STEAM_0:0:5757747><NSF>" say_team "get the early angle"
L 02/04/2024 - 21:35:57: "[MXican] Wahaha-<14><STEAM_0:1:17526508><Jinrai>" say "4v4"
L 02/04/2024 - 21:35:59: "[MXican] Wahaha-<14><STEAM_0:1:17526508><Jinrai>" say "lets go bros"
L 02/04/2024 - 21:36:01: "[DYS] Infrequent<9><STEAM_0:1:6384081><NSF>" say "i'd rather die"
L 02/04/2024 - 21:36:04: "[DYS] bauxite<6><STEAM_0:0:5757747><NSF>" say_team "stay infront of me to get the early angle"
L 02/04/2024 - 21:36:06: "[MXican] Wahaha-<14><STEAM_0:1:17526508><Jinrai>" say "i cant count any higher"
L 02/04/2024 - 21:36:07: "[MXican] Boltronics<11><STEAM_0:1:84048595><Jinrai>" say "that can be arranged"
L 02/04/2024 - 21:36:11: "[MXican] Boltronics<11><STEAM_0:1:84048595><Jinrai>" say ":issou:"
L 02/04/2024 - 21:36:17: "[DYS] bauxite<6><STEAM_0:0:5757747><NSF>" say_team "Get the Ghost!"
L 02/04/2024 - 21:36:20: "[DYS] bauxite<6><STEAM_0:0:5757747><NSF>" say_team "I'm going in!"
L 02/04/2024 - 21:36:56: "[MXican] talibus<15><STEAM_ID_PENDING><>" connected, address "83.28.168.226:26111"
L 02/04/2024 - 21:36:56: "[DYS] Shazam<16><STEAM_ID_PENDING><>" connected, address "174.74.176.72:27005"
L 02/04/2024 - 21:36:56: "[MXican] talibus<15><STEAM_0:0:15980775><>" STEAM USERID validated
L 02/04/2024 - 21:36:56: "[DYS] Shazam<16><STEAM_0:1:59236187><>" STEAM USERID validated
L 02/04/2024 - 21:37:04: "[DYS] Shazam<16><STEAM_0:1:59236187><>" entered the game
L 02/04/2024 - 21:37:06: "[DYS] Shazam<16><STEAM_0:1:59236187><Unassigned>" joined team "NSF"
L 02/04/2024 - 21:37:20: "[DYS] bauxite<6><STEAM_0:0:5757747><NSF>" say_team "-port launch option"
L 02/04/2024 - 21:38:30: "[MXican] Boltronics<11><STEAM_0:1:84048595><Jinrai>" say_team "scrub"
L 02/04/2024 - 21:38:30: "[MXican] Boltronics<11><STEAM_0:1:84048595><Jinrai>" say_team "?"
L 02/04/2024 - 21:38:32: "[MXican] talibus<15><STEAM_0:0:15980775><>" entered the game
L 02/04/2024 - 21:38:33: "[DYS] bauxite<6><STEAM_0:0:5757747><NSF>" say "!ready"
L 02/04/2024 - 21:38:35: "[DYS] Infrequent<9><STEAM_0:1:6384081><NSF>" say "!ready"
L 02/04/2024 - 21:38:38: "[DYS] Hosomi<10><STEAM_0:0:51357353><NSF>" say "!ready"
L 02/04/2024 - 21:38:38: "[MXican] NeoTokyoScrub<8><STEAM_0:1:95715175><Jinrai>" say "!ready"
L 02/04/2024 - 21:38:38: "[MXican] talibus<15><STEAM_0:0:15980775><Unassigned>" joined team "Jinrai"
L 02/04/2024 - 21:38:39: "[MXican] Wahaha-<14><STEAM_0:1:17526508><Jinrai>" say "!ready"
L 02/04/2024 - 21:38:40: "[DYS] You're Pissed Off<13><STEAM_0:1:44658357><NSF>" say "!ready"
L 02/04/2024 - 21:38:47: "[DYS] Shazam<16><STEAM_0:1:59236187><NSF>" say "!ready\"
L 02/04/2024 - 21:38:48: "[DYS] Shazam<16><STEAM_0:1:59236187><NSF>" say_team "!ready"
L 02/04/2024 - 21:38:50: "[MXican] Ghost Lizard<12><STEAM_0:1:20336729><Jinrai>" say "!ready"
L 02/04/2024 - 21:38:54: "[DYS] Infrequent<9><STEAM_0:1:6384081><NSF>" say "gl hf"
L 02/04/2024 - 21:38:57: "[MXican] talibus<15><STEAM_0:0:15980775><Jinrai>" say_team "!ready"
L 02/04/2024 - 21:39:02: "[MXican] Boltronics<11><STEAM_0:1:84048595><Jinrai>" say "!ready"
L 02/04/2024 - 21:39:19: "[DYS] bauxite<6><STEAM_0:0:5757747><NSF>" say "glhf"
L 02/04/2024 - 21:39:38: "[MXican] Boltronics<11><STEAM_0:1:84048595><Jinrai>" killed "[DYS] You're Pissed Off<13><STEAM_0:1:44658357><NSF>" with "zr68s"
L 02/04/2024 - 21:39:38: "[DYS] You're Pissed Off<13><STEAM_0:1:44658357><NSF>" say_team "100 Assault zr68s"
L 02/04/2024 - 21:39:51: "[MXican] Boltronics<11><STEAM_0:1:84048595><Jinrai>" killed "[DYS] Shazam<16><STEAM_0:1:59236187><NSF>" with "zr68s"
L 02/04/2024 - 21:40:06: "[DYS] bauxite<6><STEAM_0:0:5757747><NSF>" say_team "Enemy in Front"
L 02/04/2024 - 21:40:09: "[MXican] Wahaha-<14><STEAM_0:1:17526508><Jinrai>" killed "[DYS] Infrequent<9><STEAM_0:1:6384081><NSF>" with "zr68s"
L 02/04/2024 - 21:40:09: "[MXican] Ghost Lizard<12><STEAM_0:1:20336729><Jinrai>" triggered "kill_assist"
L 02/04/2024 - 21:40:11: "[DYS] Hosomi<10><STEAM_0:0:51357353><NSF>" killed "[MXican] Wahaha-<14><STEAM_0:1:17526508><Jinrai>" with "srm"
L 02/04/2024 - 21:40:11: "[DYS] Infrequent<9><STEAM_0:1:6384081><NSF>" triggered "kill_assist"
L 02/04/2024 - 21:40:11: "[MXican] Ghost Lizard<12><STEAM_0:1:20336729><Jinrai>" killed "[DYS] Hosomi<10><STEAM_0:0:51357353><NSF>" with "supa7"
L 02/04/2024 - 21:40:11: "[MXican] Wahaha-<14><STEAM_0:1:17526508><Jinrai>" say_team "100 Recon srm"
L 02/04/2024 - 21:40:23: "[MXican] Wahaha-<14><STEAM_0:1:17526508><Jinrai>" say "ahns on ahns violence"
L 02/04/2024 - 21:40:25: "[MXican] NeoTokyoScrub<8><STEAM_0:1:95715175><Jinrai>" killed "[DYS] bauxite<6><STEAM_0:0:5757747><NSF>" with "zr68s"
L 02/04/2024 - 21:40:25: "[DYS] bauxite<6><STEAM_0:0:5757747><NSF>" say_team "13 Assault zr68s"
L 02/04/2024 - 21:40:35: "[MXican] Wahaha-<14><STEAM_0:1:17526508><Jinrai>" say "YOU WERE LIKE A TEAMMATE TO ME HOSOMI"
L 02/04/2024 - 21:40:39: "[DYS] Hosomi<10><STEAM_0:0:51357353><NSF>" say ";w;"
L 02/04/2024 - 21:40:45: "[MXican] Wahaha-<14><STEAM_0:1:17526508><Jinrai>" say "YOU WERE SUPPOSED TO MAKE THE MAPS NOT PLAY THEM"
L 02/04/2024 - 21:40:51: "[MXican] talibus<15><STEAM_0:0:15980775><Jinrai>" say_team "sorry mj couldnt hear everything you were saying"
L 02/04/2024 - 21:41:40: "[MXican] Boltronics<11><STEAM_0:1:84048595><Jinrai>" killed "[DYS] bauxite<6><STEAM_0:0:5757747><NSF>" with "jittescoped"
L 02/04/2024 - 21:41:40: "[DYS] bauxite<6><STEAM_0:0:5757747><NSF>" say_team "31 Recon jittescoped"
L 02/04/2024 - 21:41:45: "[MXican] Boltronics<11><STEAM_0:1:84048595><Jinrai>" killed "[DYS] Shazam<16><STEAM_0:1:59236187><NSF>" with "jittescoped"
L 02/04/2024 - 21:42:42: "[DYS] Infrequent<9><STEAM_0:1:6384081><NSF>" killed "[MXican] Wahaha-<14><STEAM_0:1:17526508><Jinrai>" with "grenade_projectile"
L 02/04/2024 - 21:42:42: "[MXican] Wahaha-<14><STEAM_0:1:17526508><Jinrai>" say_team "56 Assault grenade_projectile"
L 02/04/2024 - 21:42:52: "[DYS] Infrequent<9><STEAM_0:1:6384081><NSF>" killed "[MXican] Boltronics<11><STEAM_0:1:84048595><Jinrai>" with "zr68s"
L 02/04/2024 - 21:42:52: "[DYS] bauxite<6><STEAM_0:0:5757747><NSF>" triggered "kill_assist"
L 02/04/2024 - 21:42:52: "[MXican] Boltronics<11><STEAM_0:1:84048595><Jinrai>" say_team "56 Assault zr68s"
L 02/04/2024 - 21:42:59: "[MXican] Ghost Lizard<12><STEAM_0:1:20336729><Jinrai>" killed "[DYS] Infrequent<9><STEAM_0:1:6384081><NSF>" with "mx"
L 02/04/2024 - 21:43:00: "[MXican] NeoTokyoScrub<8><STEAM_0:1:95715175><Jinrai>" killed "[DYS] You're Pissed Off<13><STEAM_0:1:44658357><NSF>" with "zr68s"
L 02/04/2024 - 21:43:00: "[MXican] Ghost Lizard<12><STEAM_0:1:20336729><Jinrai>" triggered "kill_assist"
L 02/04/2024 - 21:43:00: "[DYS] You're Pissed Off<13><STEAM_0:1:44658357><NSF>" say_team "100 Assault zr68s"
L 02/04/2024 - 21:43:06: "[MXican] NeoTokyoScrub<8><STEAM_0:1:95715175><Jinrai>" killed "[DYS] Hosomi<10><STEAM_0:0:51357353><NSF>" with "zr68s"
L 02/04/2024 - 21:43:06: "[MXican] Boltronics<11><STEAM_0:1:84048595><Jinrai>" triggered "kill_assist"
L 02/04/2024 - 21:43:08: "[DYS] bauxite<6><STEAM_0:0:5757747><NSF>" say_team "shaz or hos can u fat up"
L 02/04/2024 - 21:43:56: "[MXican] Wahaha-<14><STEAM_0:1:17526508><Jinrai>" killed "[DYS] Shazam<16><STEAM_0:1:59236187><NSF>" with "grenade_projectile"
L 02/04/2024 - 21:44:08: "[MXican] Wahaha-<14><STEAM_0:1:17526508><Jinrai>" killed "[DYS] Hosomi<10><STEAM_0:0:51357353><NSF>" with "zr68s"
L 02/04/2024 - 21:44:09: "[MXican] Boltronics<11><STEAM_0:1:84048595><Jinrai>" killed "[DYS] You're Pissed Off<13><STEAM_0:1:44658357><NSF>" with "jittescoped"
L 02/04/2024 - 21:44:09: "[DYS] You're Pissed Off<13><STEAM_0:1:44658357><NSF>" say_team "10 Recon jittescoped"
L 02/04/2024 - 21:44:19: "[DYS] bauxite<6><STEAM_0:0:5757747><NSF>" killed "[MXican] Wahaha-<14><STEAM_0:1:17526508><Jinrai>" with "supa7"
L 02/04/2024 - 21:44:20: "[MXican] Wahaha-<14><STEAM_0:1:17526508><Jinrai>" say_team "100 Support supa7"
L 02/04/2024 - 21:44:26: "[DYS] bauxite<6><STEAM_0:0:5757747><NSF>" say_team "Enemy in Front"
L 02/04/2024 - 21:44:30: "[MXican] talibus<15><STEAM_0:0:15980775><Jinrai>" killed "[DYS] bauxite<6><STEAM_0:0:5757747><NSF>" with "mx"
L 02/04/2024 - 21:44:30: "[DYS] bauxite<6><STEAM_0:0:5757747><NSF>" say_team "78 Support mx"
L 02/04/2024 - 21:44:31: "[MXican] NeoTokyoScrub<8><STEAM_0:1:95715175><Jinrai>" killed "[DYS] Infrequent<9><STEAM_0:1:6384081><NSF>" with "zr68s"
L 02/04/2024 - 21:45:00: "[DYS] bauxite<6><STEAM_0:0:5757747><NSF>" say_team "just come with me hos"
L 02/04/2024 - 21:45:27: "[MXican] Wahaha-<14><STEAM_0:1:17526508><Jinrai>" killed "[DYS] bauxite<6><STEAM_0:0:5757747><NSF>" with "mx"
L 02/04/2024 - 21:45:27: "[DYS] bauxite<6><STEAM_0:0:5757747><NSF>" say_team "36 Assault mx"
L 02/04/2024 - 21:45:28: "[DYS] Infrequent<9><STEAM_0:1:6384081><NSF>" killed "[MXican] Wahaha-<14><STEAM_0:1:17526508><Jinrai>" with "zr68s"
L 02/04/2024 - 21:45:28: "[DYS] Hosomi<10><STEAM_0:0:51357353><NSF>" triggered "kill_assist"
L 02/04/2024 - 21:45:28: "[MXican] Wahaha-<14><STEAM_0:1:17526508><Jinrai>" say_team "100 Assault zr68s"
L 02/04/2024 - 21:45:35: "[MXican] Boltronics<11><STEAM_0:1:84048595><Jinrai>" killed "[DYS] Hosomi<10><STEAM_0:0:51357353><NSF>" with "milso"
L 02/04/2024 - 21:45:36: "[DYS] Infrequent<9><STEAM_0:1:6384081><NSF>" killed "[MXican] Boltronics<11><STEAM_0:1:84048595><Jinrai>" with "zr68s"
L 02/04/2024 - 21:45:36: "[DYS] bauxite<6><STEAM_0:0:5757747><NSF>" triggered "kill_assist"
L 02/04/2024 - 21:45:36: "[MXican] Boltronics<11><STEAM_0:1:84048595><Jinrai>" say_team "100 Assault zr68s"
L 02/04/2024 - 21:46:17: "[MXican] Wahaha-<14><STEAM_0:1:17526508><Jinrai>" say "just blay it smart"
L 02/04/2024 - 21:46:35: "[MXican] Ghost Lizard<12><STEAM_0:1:20336729><Jinrai>" killed "[DYS] Shazam<16><STEAM_0:1:59236187><NSF>" with "mx"
L 02/04/2024 - 21:46:45: "[DYS] Infrequent<9><STEAM_0:1:6384081><NSF>" killed "[MXican] NeoTokyoScrub<8><STEAM_0:1:95715175><Jinrai>" with "zr68s"
L 02/04/2024 - 21:47:02: "[MXican] NeoTokyoScrub<8><STEAM_0:1:95715175><Jinrai>" say_team "only infreq"
L 02/04/2024 - 21:47:42: "[DYS] Infrequent<9><STEAM_0:1:6384081><NSF>" killed "[MXican] talibus<15><STEAM_0:0:15980775><Jinrai>" with "mx"
L 02/04/2024 - 21:47:42: "[MXican] talibus<15><STEAM_0:0:15980775><Jinrai>" say_team "28 Assault mx"
L 02/04/2024 - 21:47:51: "[MXican] Boltronics<11><STEAM_0:1:84048595><Jinrai>" say_team "wp"
L 02/04/2024 - 21:47:54: "[DYS] bauxite<6><STEAM_0:0:5757747><NSF>" say_team "im going assault until i get mx"
L 02/04/2024 - 21:47:58: "[MXican] Wahaha-<14><STEAM_0:1:17526508><Jinrai>" say "awfully 70s in here"
L 02/04/2024 - 21:48:02: "[MXican] Wahaha-<14><STEAM_0:1:17526508><Jinrai>" say "whole lotta tie die"
L 02/04/2024 - 21:48:06: "[Disembodied Camera] Oni<5><STEAM_0:1:10174276><Spectator>" say "wahaha calm down the all chat please"
L 02/04/2024 - 21:48:15: "[DYS] Hosomi<10><STEAM_0:0:51357353><NSF>" say "[AHNS][AHNS][AHNS][AHNS][AHNS][AHNS][AHNS][AHNS][AHNS][AHNS][AHNS]"
L 02/04/2024 - 21:48:16: "[DYS] Hosomi<10><STEAM_0:0:51357353><NSF>" say "[AHNS][AHNS][AHNS][AHNS][AHNS][AHNS][AHNS][AHNS][AHNS][AHNS][AHNS]"
L 02/04/2024 - 21:48:17: "[DYS] Hosomi<10><STEAM_0:0:51357353><NSF>" say "[AHNS][AHNS][AHNS][AHNS][AHNS][AHNS][AHNS][AHNS][AHNS][AHNS][AHNS]"
L 02/04/2024 - 21:48:18: "[MXican] Wahaha-<14><STEAM_0:1:17526508><Jinrai>" say ":("
L 02/04/2024 - 21:48:36: "[DYS] Infrequent<9><STEAM_0:1:6384081><NSF>" killed "[MXican] NeoTokyoScrub<8><STEAM_0:1:95715175><Jinrai>" with "zr68s"
L 02/04/2024 - 21:48:39: "[MXican] Wahaha-<14><STEAM_0:1:17526508><Jinrai>" killed "[DYS] bauxite<6><STEAM_0:0:5757747><NSF>" with "zr68s"
L 02/04/2024 - 21:48:39: "[DYS] bauxite<6><STEAM_0:0:5757747><NSF>" say_team "59 Assault zr68s"
L 02/04/2024 - 21:48:42: "[DYS] bauxite<6><STEAM_0:0:5757747><NSF>" say_team "small const"
L 02/04/2024 - 21:49:02: "[DYS] bauxite<6><STEAM_0:0:5757747><NSF>" disconnected (reason "Disconnect by user.")
L 02/04/2024 - 21:49:03: "[DYS] bauxite<17><STEAM_ID_PENDING><>" connected, address "86.13.114.58:27005"
L 02/04/2024 - 21:49:03: "[DYS] bauxite<17><STEAM_0:0:5757747><>" STEAM USERID validated
L 02/04/2024 - 21:49:04: "[DYS] bauxite<17><STEAM_0:0:5757747><>" entered the game
L 02/04/2024 - 21:49:05: "[DYS] bauxite<17><STEAM_0:0:5757747><Unassigned>" joined team "NSF"
L 02/04/2024 - 21:49:35: "[DYS] Infrequent<9><STEAM_0:1:6384081><NSF>" killed "[MXican] Wahaha-<14><STEAM_0:1:17526508><Jinrai>" with "mx"
L 02/04/2024 - 21:49:36: "[MXican] Wahaha-<14><STEAM_0:1:17526508><Jinrai>" say_team "36 Assault mx"
L 02/04/2024 - 21:50:03: "[DYS] Shazam<16><STEAM_0:1:59236187><NSF>" killed "[MXican] talibus<15><STEAM_0:0:15980775><Jinrai>" with "srm"
L 02/04/2024 - 21:50:03: "[MXican] talibus<15><STEAM_0:0:15980775><Jinrai>" say_team "100 Recon srm"
L 02/04/2024 - 21:50:04: "[MXican] Boltronics<11><STEAM_0:1:84048595><Jinrai>" killed "[DYS] Shazam<16><STEAM_0:1:59236187><NSF>" with "mx"
L 02/04/2024 - 21:50:27: "[MXican] Boltronics<11><STEAM_0:1:84048595><Jinrai>" killed "[DYS] You're Pissed Off<13><STEAM_0:1:44658357><NSF>" with "mx"
L 02/04/2024 - 21:50:27: "[DYS] You're Pissed Off<13><STEAM_0:1:44658357><NSF>" say_team "45 Assault mx"
L 02/04/2024 - 21:50:35: "[MXican] Boltronics<11><STEAM_0:1:84048595><Jinrai>" killed "[DYS] Hosomi<10><STEAM_0:0:51357353><NSF>" with "mx"
L 02/04/2024 - 21:50:42: "[DYS] bauxite<17><STEAM_0:0:5757747><NSF>" say_team "shaz go sup ill give u zrs"
L 02/04/2024 - 21:50:47: "[MXican] Boltronics<11><STEAM_0:1:84048595><Jinrai>" killed "[DYS] Infrequent<9><STEAM_0:1:6384081><NSF>" with "mx"
L 02/04/2024 - 21:50:47: "[MXican] Wahaha-<14><STEAM_0:1:17526508><Jinrai>" triggered "kill_assist"
L 02/04/2024 - 21:51:30: "[MXican] Wahaha-<14><STEAM_0:1:17526508><Jinrai>" killed "[DYS] You're Pissed Off<13><STEAM_0:1:44658357><NSF>" with "grenade_projectile"
L 02/04/2024 - 21:51:30: "[DYS] You're Pissed Off<13><STEAM_0:1:44658357><NSF>" say_team "100 Assault grenade_projectile"
L 02/04/2024 - 21:51:40: "[MXican] Boltronics<11><STEAM_0:1:84048595><Jinrai>" killed "[DYS] Hosomi<10><STEAM_0:0:51357353><NSF>" with "jittescoped"
L 02/04/2024 - 21:51:43: "[MXican] Wahaha-<14><STEAM_0:1:17526508><Jinrai>" killed "[DYS] Shazam<16><STEAM_0:1:59236187><NSF>" with "zr68s"
L 02/04/2024 - 21:51:57: "[DYS] Infrequent<9><STEAM_0:1:6384081><NSF>" killed "[MXican] Wahaha-<14><STEAM_0:1:17526508><Jinrai>" with "mx"
L 02/04/2024 - 21:51:58: "[MXican] Wahaha-<14><STEAM_0:1:17526508><Jinrai>" say_team "100 Assault mx"
L 02/04/2024 - 21:52:23: "[MXican] Ghost Lizard<12><STEAM_0:1:20336729><Jinrai>" killed "[DYS] Infrequent<9><STEAM_0:1:6384081><NSF>" with "mx"
L 02/04/2024 - 21:52:30: "[DYS] bauxite<17><STEAM_0:0:5757747><NSF>" killed "[MXican] Ghost Lizard<12><STEAM_0:1:20336729><Jinrai>" with "supa7"
L 02/04/2024 - 21:52:30: "[MXican] Ghost Lizard<12><STEAM_0:1:20336729><Jinrai>" say_team "62 Assault supa7"
L 02/04/2024 - 21:52:31: "[MXican] NeoTokyoScrub<8><STEAM_0:1:95715175><Jinrai>" killed "[DYS] bauxite<17><STEAM_0:0:5757747><NSF>" with "mx"
L 02/04/2024 - 21:52:31: "[DYS] bauxite<17><STEAM_0:0:5757747><NSF>" say_team "100 Assault mx"
L 02/04/2024 - 21:52:34: "[DYS] Infrequent<9><STEAM_0:1:6384081><NSF>" say "somehow zero hits but okay"
L 02/04/2024 - 21:52:37: "[DYS] bauxite<17><STEAM_0:0:5757747><NSF>" say_team "ill go mx sup"
L 02/04/2024 - 21:54:03: "[DYS] Infrequent<9><STEAM_0:1:6384081><NSF>" killed "[MXican] talibus<15><STEAM_0:0:15980775><Jinrai>" with "grenade_projectile"
L 02/04/2024 - 21:54:03: "[MXican] talibus<15><STEAM_0:0:15980775><Jinrai>" say_team "100 Assault grenade_projectile"
L 02/04/2024 - 21:54:48: "[DYS] bauxite<17><STEAM_0:0:5757747><NSF>" say_team "Enemy is Behind"
L 02/04/2024 - 21:54:49: "[DYS] bauxite<17><STEAM_0:0:5757747><NSF>" say_team "Get the Ghost!"
L 02/04/2024 - 21:54:55: "[MXican] NeoTokyoScrub<8><STEAM_0:1:95715175><Jinrai>" killed "[DYS] Infrequent<9><STEAM_0:1:6384081><NSF>" with "mx"
L 02/04/2024 - 21:54:55: "[MXican] Ghost Lizard<12><STEAM_0:1:20336729><Jinrai>" triggered "kill_assist"
L 02/04/2024 - 21:55:01: "[MXican] Wahaha-<14><STEAM_0:1:17526508><Jinrai>" killed "[DYS] You're Pissed Off<13><STEAM_0:1:44658357><NSF>" with "mx"
L 02/04/2024 - 21:55:01: "[DYS] You're Pissed Off<13><STEAM_0:1:44658357><NSF>" say_team "100 Assault mx"
L 02/04/2024 - 21:55:06: "[MXican] Wahaha-<14><STEAM_0:1:17526508><Jinrai>" killed "[DYS] Hosomi<10><STEAM_0:0:51357353><NSF>" with "tachi"
L 02/04/2024 - 21:55:06: "[MXican] Ghost Lizard<12><STEAM_0:1:20336729><Jinrai>" triggered "kill_assist"
L 02/04/2024 - 21:55:07: "[DYS] bauxite<17><STEAM_0:0:5757747><NSF>" killed "[MXican] Wahaha-<14><STEAM_0:1:17526508><Jinrai>" with "mx"
L 02/04/2024 - 21:55:07: "[MXican] Wahaha-<14><STEAM_0:1:17526508><Jinrai>" say_team "94 Support mx"
L 02/04/2024 - 21:55:19: "[DYS] Shazam<16><STEAM_0:1:59236187><NSF>" killed "[MXican] NeoTokyoScrub<8><STEAM_0:1:95715175><Jinrai>" with "zr68c"
L 02/04/2024 - 21:55:20: "[DYS] bauxite<17><STEAM_0:0:5757747><NSF>" killed "[MXican] Ghost Lizard<12><STEAM_0:1:20336729><Jinrai>" with "mx"
L 02/04/2024 - 21:55:20: "[DYS] Infrequent<9><STEAM_0:1:6384081><NSF>" triggered "kill_assist"
L 02/04/2024 - 21:55:20: "[MXican] Ghost Lizard<12><STEAM_0:1:20336729><Jinrai>" say_team "94 Support mx"
L 02/04/2024 - 21:55:27: "[DYS] bauxite<17><STEAM_0:0:5757747><NSF>" say_team "Enemy is Behind"
L 02/04/2024 - 21:55:31: "[DYS] Shazam<16><STEAM_0:1:59236187><NSF>" killed "[MXican] Boltronics<11><STEAM_0:1:84048595><Jinrai>" with "mx"
L 02/04/2024 - 21:55:31: "[MXican] Boltronics<11><STEAM_0:1:84048595><Jinrai>" say_team "80 Support mx"
L 02/04/2024 - 21:55:52: "[DYS] bauxite<17><STEAM_0:0:5757747><NSF>" say_team "they wuill rush small"
L 02/04/2024 - 21:56:08: "[DYS] bauxite<17><STEAM_0:0:5757747><NSF>" say_team "Enemy in Front"
L 02/04/2024 - 21:56:50: "[DYS] bauxite<17><STEAM_0:0:5757747><NSF>" say_team "Enemy in Front"
L 02/04/2024 - 21:57:02: "[MXican] Ghost Lizard<12><STEAM_0:1:20336729><Jinrai>" killed "[DYS] You're Pissed Off<13><STEAM_0:1:44658357><NSF>" with "mx"
L 02/04/2024 - 21:57:02: "[DYS] You're Pissed Off<13><STEAM_0:1:44658357><NSF>" say_team "100 Support mx"
L 02/04/2024 - 21:57:08: "[MXican] Wahaha-<14><STEAM_0:1:17526508><Jinrai>" killed "[DYS] Hosomi<10><STEAM_0:0:51357353><NSF>" with "mx"
L 02/04/2024 - 21:57:30: "[MXican] talibus<15><STEAM_0:0:15980775><Jinrai>" killed "[DYS] Shazam<16><STEAM_0:1:59236187><NSF>" with "mx"
L 02/04/2024 - 21:57:30: "[MXican] Boltronics<11><STEAM_0:1:84048595><Jinrai>" triggered "kill_assist"
L 02/04/2024 - 21:57:41: "[DYS] Infrequent<9><STEAM_0:1:6384081><NSF>" killed "[MXican] Boltronics<11><STEAM_0:1:84048595><Jinrai>" with "mx"
L 02/04/2024 - 21:57:41: "[MXican] Boltronics<11><STEAM_0:1:84048595><Jinrai>" say_team "55 Assault mx"
L 02/04/2024 - 21:57:43: "[MXican] talibus<15><STEAM_0:0:15980775><Jinrai>" killed "[DYS] Infrequent<9><STEAM_0:1:6384081><NSF>" with "mx"
L 02/04/2024 - 21:58:00: "[DYS] bauxite<17><STEAM_0:0:5757747><NSF>" killed "[MXican] talibus<15><STEAM_0:0:15980775><Jinrai>" with "mx"
L 02/04/2024 - 21:58:00: "[MXican] talibus<15><STEAM_0:0:15980775><Jinrai>" say_team "16 Support mx"
L 02/04/2024 - 21:58:01: "[MXican] Wahaha-<14><STEAM_0:1:17526508><Jinrai>" killed "[DYS] bauxite<17><STEAM_0:0:5757747><NSF>" with "mx"
L 02/04/2024 - 21:58:01: "[DYS] bauxite<17><STEAM_0:0:5757747><NSF>" say_team "22 Assault mx"
L 02/04/2024 - 21:58:06: "[DYS] bauxite<17><STEAM_0:0:5757747><NSF>" say_team "pls dont go infront of me"
L 02/04/2024 - 21:58:09: "[DYS] bauxite<17><STEAM_0:0:5757747><NSF>" say_team "ill go first"
L 02/04/2024 - 21:58:24: "[DYS] bauxite<17><STEAM_0:0:5757747><NSF>" say_team "yeah but i didnt know where they were exactly"
L 02/04/2024 - 21:58:52: "[MXican] Boltronics<11><STEAM_0:1:84048595><Jinrai>" killed "[DYS] You're Pissed Off<13><STEAM_0:1:44658357><NSF>" with "jittescoped"
L 02/04/2024 - 21:58:52: "[DYS] You're Pissed Off<13><STEAM_0:1:44658357><NSF>" say_team "51 Recon jittescoped"
L 02/04/2024 - 21:59:21: "[MXican] Wahaha-<14><STEAM_0:1:17526508><Jinrai>" killed "[DYS] Hosomi<10><STEAM_0:0:51357353><NSF>" with "mx"
L 02/04/2024 - 21:59:41: "[MXican] NeoTokyoScrub<8><STEAM_0:1:95715175><Jinrai>" killed "[DYS] Shazam<16><STEAM_0:1:59236187><NSF>" with "mx"
L 02/04/2024 - 21:59:54: "[DYS] bauxite<17><STEAM_0:0:5757747><NSF>" killed "[MXican] NeoTokyoScrub<8><STEAM_0:1:95715175><Jinrai>" with "mx"
L 02/04/2024 - 21:59:55: "[MXican] talibus<15><STEAM_0:0:15980775><Jinrai>" killed "[DYS] bauxite<17><STEAM_0:0:5757747><NSF>" with "mx"
L 02/04/2024 - 21:59:55: "[MXican] NeoTokyoScrub<8><STEAM_0:1:95715175><Jinrai>" triggered "kill_assist"
L 02/04/2024 - 21:59:55: "[DYS] bauxite<17><STEAM_0:0:5757747><NSF>" say_team "36 Support mx"
L 02/04/2024 - 21:59:58: "[DYS] Infrequent<9><STEAM_0:1:6384081><NSF>" killed "[MXican] talibus<15><STEAM_0:0:15980775><Jinrai>" with "mx"
L 02/04/2024 - 21:59:58: "[MXican] talibus<15><STEAM_0:0:15980775><Jinrai>" say_team "79 Assault mx"
L 02/04/2024 - 21:59:58: "[MXican] Wahaha-<14><STEAM_0:1:17526508><Jinrai>" killed "[DYS] Infrequent<9><STEAM_0:1:6384081><NSF>" with "mx"
L 02/04/2024 - 22:00:05: "[MXican] talibus<15><STEAM_0:0:15980775><Jinrai>" say_team "lagged a sec"
L 02/04/2024 - 22:00:12: "[MXican] talibus<15><STEAM_0:0:15980775><Jinrai>" say_team "but still wasnt that close"
L 02/04/2024 - 22:00:23: "[DYS] bauxite<17><STEAM_0:0:5757747><NSF>" say_team "im going drop"
L 02/04/2024 - 22:00:40: "[DYS] Infrequent<9><STEAM_0:1:6384081><NSF>" killed "[MXican] Boltronics<11><STEAM_0:1:84048595><Jinrai>" with "mx"
L 02/04/2024 - 22:00:40: "[MXican] Boltronics<11><STEAM_0:1:84048595><Jinrai>" say_team "100 Assault mx"
L 02/04/2024 - 22:00:56: "[MXican] talibus<15><STEAM_0:0:15980775><Jinrai>" killed "[DYS] You're Pissed Off<13><STEAM_0:1:44658357><NSF>" with "mx"
L 02/04/2024 - 22:00:56: "[DYS] You're Pissed Off<13><STEAM_0:1:44658357><NSF>" say_team "100 Support mx"
L 02/04/2024 - 22:01:03: "[DYS] bauxite<17><STEAM_0:0:5757747><NSF>" killed "[MXican] Wahaha-<14><STEAM_0:1:17526508><Jinrai>" with "mx"
L 02/04/2024 - 22:01:04: "[MXican] Wahaha-<14><STEAM_0:1:17526508><Jinrai>" say_team "100 Support mx"
L 02/04/2024 - 22:01:08: "[MXican] NeoTokyoScrub<8><STEAM_0:1:95715175><Jinrai>" killed "[DYS] bauxite<17><STEAM_0:0:5757747><NSF>" with "mx"
L 02/04/2024 - 22:01:08: "[DYS] bauxite<17><STEAM_0:0:5757747><NSF>" say_team "100 Assault mx"
L 02/04/2024 - 22:01:11: "[DYS] bauxite<17><STEAM_0:0:5757747><NSF>" say_team "small const"
L 02/04/2024 - 22:01:12: "[DYS] Hosomi<10><STEAM_0:0:51357353><NSF>" killed "[MXican] NeoTokyoScrub<8><STEAM_0:1:95715175><Jinrai>" with "zr68s"
L 02/04/2024 - 22:01:12: "[DYS] bauxite<17><STEAM_0:0:5757747><NSF>" say_team "office"
L 02/04/2024 - 22:02:51: "[DYS] Shazam<16><STEAM_0:1:59236187><NSF>" killed "[MXican] talibus<15><STEAM_0:0:15980775><Jinrai>" with "mx"
L 02/04/2024 - 22:02:51: "[MXican] talibus<15><STEAM_0:0:15980775><Jinrai>" say_team "100 Support mx"
L 02/04/2024 - 22:02:55: "[DYS] Infrequent<9><STEAM_0:1:6384081><NSF>" killed "[MXican] Ghost Lizard<12><STEAM_0:1:20336729><Jinrai>" with "mx"
L 02/04/2024 - 22:02:56: "[MXican] Ghost Lizard<12><STEAM_0:1:20336729><Jinrai>" say_team "15 Assault mx"
L 02/04/2024 - 22:03:04: "[DYS] bauxite<17><STEAM_0:0:5757747><NSF>" say_team "can i get an aa"
L 02/04/2024 - 22:03:07: "[MXican] Wahaha-<14><STEAM_0:1:17526508><Jinrai>" say "not like this bros......"
L 02/04/2024 - 22:04:55: "[DYS] bauxite<17><STEAM_0:0:5757747><NSF>" say_team "Get the Ghost!"
L 02/04/2024 - 22:05:00: "[DYS] bauxite<17><STEAM_0:0:5757747><NSF>" say_team "I'm going in!"
L 02/04/2024 - 22:05:06: "[MXican] NeoTokyoScrub<8><STEAM_0:1:95715175><Jinrai>" killed "[DYS] Infrequent<9><STEAM_0:1:6384081><NSF>" with "mx"
L 02/04/2024 - 22:05:06: "[MXican] Ghost Lizard<12><STEAM_0:1:20336729><Jinrai>" killed "[DYS] Shazam<16><STEAM_0:1:59236187><NSF>" with "mx"
L 02/04/2024 - 22:05:06: "[MXican] Boltronics<11><STEAM_0:1:84048595><Jinrai>" triggered "kill_assist"
L 02/04/2024 - 22:05:06: "[MXican] talibus<15><STEAM_0:0:15980775><Jinrai>" killed "[DYS] bauxite<17><STEAM_0:0:5757747><NSF>" with "mx"
L 02/04/2024 - 22:05:06: "[DYS] bauxite<17><STEAM_0:0:5757747><NSF>" say_team "59 Support mx"
L 02/04/2024 - 22:05:09: "[MXican] Boltronics<11><STEAM_0:1:84048595><Jinrai>" killed "[DYS] Hosomi<10><STEAM_0:0:51357353><NSF>" with "mx"
L 02/04/2024 - 22:05:09: "[MXican] NeoTokyoScrub<8><STEAM_0:1:95715175><Jinrai>" triggered "kill_assist"
L 02/04/2024 - 22:05:10: "[DYS] You're Pissed Off<13><STEAM_0:1:44658357><NSF>" killed "[MXican] Boltronics<11><STEAM_0:1:84048595><Jinrai>" with "zr68s"
L 02/04/2024 - 22:05:11: "[MXican] Boltronics<11><STEAM_0:1:84048595><Jinrai>" say_team "20 Assault zr68s"
L 02/04/2024 - 22:05:20: "[MXican] Wahaha-<14><STEAM_0:1:17526508><Jinrai>" killed "[DYS] You're Pissed Off<13><STEAM_0:1:44658357><NSF>" with "mx"
L 02/04/2024 - 22:05:20: "[MXican] Boltronics<11><STEAM_0:1:84048595><Jinrai>" triggered "kill_assist"
L 02/04/2024 - 22:05:20: "[DYS] You're Pissed Off<13><STEAM_0:1:44658357><NSF>" say_team "78 Assault mx"
L 02/04/2024 - 22:05:24: "[MXican] Ghost Lizard<12><STEAM_0:1:20336729><Jinrai>" say "gh"
L 02/04/2024 - 22:05:24: "[MXican] Boltronics<11><STEAM_0:1:84048595><Jinrai>" say "LETS FKING GO"
L 02/04/2024 - 22:05:26: "[MXican] Boltronics<11><STEAM_0:1:84048595><Jinrai>" say "GH"
L 02/04/2024 - 22:05:27: "[DYS] bauxite<17><STEAM_0:0:5757747><NSF>" say_team "what happened is they held angles"
L 02/04/2024 - 22:05:48: "[MXican] NeoTokyoScrub<8><STEAM_0:1:95715175><Jinrai>" say "GH"
L 02/04/2024 - 22:05:52: "[DYS] bauxite<17><STEAM_0:0:5757747><NSF>" say "!map nt_oliostain_ctg_b3"
L 02/04/2024 - 22:05:55: [META] Loaded 0 plugins (1 already loaded)
L 02/04/2024 - 22:05:55: [META] Loaded 0 plugins (1 already loaded)
L 02/04/2024 - 22:05:55: Log file closed
