L 02/25/2024 - 21:55:27: Log file started (file "logs\L0225061.log") (game "z:\home\steam\steam\steamapps\common\nt\NeotokyoSource") (version "4044")
L 02/25/2024 - 21:55:27: server_cvar: "sv_pausable" "0"
L 02/25/2024 - 21:55:27: server_cvar: "sv_contact" "baux.site"
L 02/25/2024 - 21:55:27: server_cvar: "sv_gravity" "800"
L 02/25/2024 - 21:55:27: server_cvar: "mp_friendlyfire" "1"
L 02/25/2024 - 21:55:30: "[DYS] bauxite<2><STEAM_0:0:5757747><>" entered the game
L 02/25/2024 - 21:55:30: "[MXican] Ghost Lizard<6><STEAM_0:1:20336729><>" entered the game
L 02/25/2024 - 21:55:31: "Boltronics<9><STEAM_0:1:84048595><>" entered the game
L 02/25/2024 - 21:55:33: "[DYS] Infrequent<3><STEAM_0:1:6384081><>" entered the game
L 02/25/2024 - 21:55:33: "[MXican] Wahaha-<10><STEAM_0:1:17526508><>" entered the game
L 02/25/2024 - 21:55:35: "[MXican] Halcyon<4><STEAM_0:1:2864524><>" entered the game
L 02/25/2024 - 21:55:35: "Boltronics<9><STEAM_0:1:84048595><Unassigned>" joined team "NSF"
L 02/25/2024 - 21:55:36: "[DYS] bauxite<2><STEAM_0:0:5757747><Unassigned>" joined team "Spectator"
L 02/25/2024 - 21:55:37: "[AWZ] Hosomi<11><STEAM_0:0:51357353><>" entered the game
L 02/25/2024 - 21:55:38: "Boltronics<9><STEAM_0:1:84048595><NSF>" say "let sjust play"
L 02/25/2024 - 21:55:38: "[MXican] Ghost Lizard<6><STEAM_0:1:20336729><Unassigned>" joined team "NSF"
L 02/25/2024 - 21:55:39: "[AWZ] Hosomi<11><STEAM_0:0:51357353><Unassigned>" joined team "Jinrai"
L 02/25/2024 - 21:55:39: "[MXican] Halcyon<4><STEAM_0:1:2864524><Unassigned>" joined team "Spectator"
L 02/25/2024 - 21:55:41: "Boltronics<9><STEAM_0:1:84048595><NSF>" say "fuck the strema"
L 02/25/2024 - 21:55:42: "[MXican] Halcyon<4><STEAM_0:1:2864524><Spectator>" joined team "NSF"
L 02/25/2024 - 21:55:44: "[DYS] You're Pissed Off<8><STEAM_0:1:44658357><>" entered the game
L 02/25/2024 - 21:55:46: "[DYS] Infrequent<3><STEAM_0:1:6384081><Unassigned>" joined team "Spectator"
L 02/25/2024 - 21:55:51: "[AWZ] Hosomi<11><STEAM_0:0:51357353><Jinrai>" say "They can do a democast"
L 02/25/2024 - 21:55:54: "[MXican] Halcyon<4><STEAM_0:1:2864524><NSF>" say "yea"
L 02/25/2024 - 21:55:54: "[MXican] Wahaha-<10><STEAM_0:1:17526508><Unassigned>" joined team "Spectator"
L 02/25/2024 - 21:56:01: "[MXican] Wahaha-<10><STEAM_0:1:17526508><Spectator>" say "DEMOCAST!?!?!"
L 02/25/2024 - 21:56:01: "Boltronics<9><STEAM_0:1:84048595><NSF>" changed name to "[MXican] Boltronics"
L 02/25/2024 - 21:56:02: "[DYS] Shazam<12><STEAM_0:1:59236187><>" entered the game
L 02/25/2024 - 21:56:07: "[MXican] Boltronics<9><STEAM_0:1:84048595><NSF>" say "yeah just do demo cast"
L 02/25/2024 - 21:56:08: "[MXican] Wahaha-<10><STEAM_0:1:17526508><Spectator>" say "IM A PROUD REPUBLICAN"
L 02/25/2024 - 21:56:13: "[DYS] Infrequent<3><STEAM_0:1:6384081><Spectator>" say "!j"
L 02/25/2024 - 21:56:13: "[DYS] Infrequent<3><STEAM_0:1:6384081><Spectator>" joined team "Jinrai"
L 02/25/2024 - 21:56:17: "[MXican] Wahaha-<10><STEAM_0:1:17526508><Spectator>" joined team "NSF"
L 02/25/2024 - 21:56:19: "[AWZ] Hosomi<11><STEAM_0:0:51357353><Jinrai>" say "FOR DEMOCAST"
L 02/25/2024 - 21:56:45: "[MXican] Boltronics<9><STEAM_0:1:84048595><NSF>" say "!ready"
L 02/25/2024 - 21:56:57: "[DYS] bauxite<2><STEAM_0:0:5757747><Spectator>" say "whos ur 5th"
L 02/25/2024 - 21:57:01: "[MXican] Boltronics<9><STEAM_0:1:84048595><NSF>" say "nevra"
L 02/25/2024 - 21:57:02: "[MXican] Boltronics<9><STEAM_0:1:84048595><NSF>" say "he cant join"
L 02/25/2024 - 21:57:03: "[MXican] Nevra<14><STEAM_ID_PENDING><>" connected, address "91.160.146.84:12842"
L 02/25/2024 - 21:57:03: "[MXican] Nevra<14><STEAM_0:1:87689215><>" STEAM USERID validated
L 02/25/2024 - 21:57:03: "[DYS] bauxite<2><STEAM_0:0:5757747><Spectator>" say "ok"
L 02/25/2024 - 21:57:04: "[MXican] Nevra<14><STEAM_0:1:87689215><>" entered the game
L 02/25/2024 - 21:57:18: "[MXican] Nevra<14><STEAM_0:1:87689215><Unassigned>" joined team "Jinrai"
L 02/25/2024 - 21:57:19: "[DYS] bauxite<2><STEAM_0:0:5757747><Spectator>" say "seems hes here"
L 02/25/2024 - 21:57:25: "[DYS] Shazam<12><STEAM_0:1:59236187><Unassigned>" joined team "NSF"
L 02/25/2024 - 21:57:28: "[DYS] Shazam<12><STEAM_0:1:59236187><NSF>" joined team "Jinrai"
L 02/25/2024 - 21:57:49: "[AWZ] Hosomi<11><STEAM_0:0:51357353><Jinrai>" changed name to "[DYS] Hosomi"
L 02/25/2024 - 21:57:56: "[DYS] You're Pissed Off<8><STEAM_0:1:44658357><Unassigned>" joined team "Jinrai"
L 02/25/2024 - 21:58:07: "[DYS] bauxite<2><STEAM_0:0:5757747><Spectator>" disconnected (reason "Disconnect by user.")
L 02/25/2024 - 21:58:18: "[DYS] Hosomi<11><STEAM_0:0:51357353><Jinrai>" disconnected (reason "Disconnect by user.")
L 02/25/2024 - 21:58:19: "[DYS] Hosomi<15><STEAM_ID_PENDING><>" connected, address "51.14.135.38:27005"
L 02/25/2024 - 21:58:19: "[DYS] Hosomi<15><STEAM_0:0:51357353><>" STEAM USERID validated
L 02/25/2024 - 21:58:20: "[DYS] Hosomi<15><STEAM_0:0:51357353><>" entered the game
L 02/25/2024 - 21:58:22: "[MXican] Halcyon<4><STEAM_0:1:2864524><NSF>" disconnected (reason "Disconnect by user.")
L 02/25/2024 - 21:58:24: "[DYS] Hosomi<15><STEAM_0:0:51357353><Unassigned>" joined team "Jinrai"
L 02/25/2024 - 21:58:32: "[MXican] Nevra<14><STEAM_0:1:87689215><Jinrai>" joined team "Unassigned"
L 02/25/2024 - 21:58:34: "[MXican] talibus<16><STEAM_ID_PENDING><>" connected, address "83.28.168.31:35721"
L 02/25/2024 - 21:58:34: "[MXican] talibus<16><STEAM_0:0:15980775><>" STEAM USERID validated
L 02/25/2024 - 21:58:36: "[MXican] Nevra<14><STEAM_0:1:87689215><Unassigned>" joined team "NSF"
L 02/25/2024 - 21:58:37: "[MXican] talibus<16><STEAM_0:0:15980775><>" entered the game
L 02/25/2024 - 21:58:39: "[MXican] Halcyon<17><STEAM_ID_PENDING><>" connected, address "90.190.160.61:27005"
L 02/25/2024 - 21:58:39: "[MXican] Halcyon<17><STEAM_0:1:2864524><>" STEAM USERID validated
L 02/25/2024 - 21:58:40: "[MXican] talibus<16><STEAM_0:0:15980775><Unassigned>" joined team "Spectator"
L 02/25/2024 - 21:58:52: "[MXican] Halcyon<17><STEAM_0:1:2864524><>" entered the game
L 02/25/2024 - 21:58:55: "[MXican] Halcyon<17><STEAM_0:1:2864524><Unassigned>" joined team "NSF"
L 02/25/2024 - 21:59:14: "[DYS] bauxite<18><STEAM_ID_PENDING><>" connected, address "86.13.114.58:27005"
L 02/25/2024 - 21:59:14: "[DYS] bauxite<18><STEAM_0:0:5757747><>" STEAM USERID validated
L 02/25/2024 - 21:59:16: "[DYS] bauxite<18><STEAM_0:0:5757747><>" entered the game
L 02/25/2024 - 21:59:19: "[DYS] bauxite<18><STEAM_0:0:5757747><Unassigned>" joined team "Jinrai"
L 02/25/2024 - 21:59:50: "[DYS] bauxite<18><STEAM_0:0:5757747><Jinrai>" say "just fyi players who are not playing arent allowed in spec or vc once game starts"
L 02/25/2024 - 21:59:58: "[MXican] talibus<16><STEAM_0:0:15980775><Spectator>" say "word"
L 02/25/2024 - 21:59:59: "[MXican] Halcyon<17><STEAM_0:1:2864524><NSF>" say "YES"
L 02/25/2024 - 22:00:01: "[MXican] Wahaha-<10><STEAM_0:1:17526508><NSF>" say "were aware"
L 02/25/2024 - 22:00:02: "[MXican] Boltronics<9><STEAM_0:1:84048595><NSF>" say "we know"
L 02/25/2024 - 22:00:02: "[DYS] bauxite<18><STEAM_0:0:5757747><Jinrai>" say "!ready"
L 02/25/2024 - 22:00:04: "[MXican] Wahaha-<10><STEAM_0:1:17526508><NSF>" say "we just retarded"
L 02/25/2024 - 22:00:08: "[MXican] Boltronics<9><STEAM_0:1:84048595><NSF>" say "as usual"
L 02/25/2024 - 22:00:10: "[MXican] talibus<16><STEAM_0:0:15980775><Spectator>" say "but thanks for information"
L 02/25/2024 - 22:00:17: "[DYS] bauxite<18><STEAM_0:0:5757747><Jinrai>" say "i know u know"
L 02/25/2024 - 22:00:18: "[MXican] talibus<16><STEAM_0:0:15980775><Spectator>" disconnected (reason "Disconnect by user.")
L 02/25/2024 - 22:00:25: "[DYS] Hosomi<15><STEAM_0:0:51357353><Jinrai>" say "!readylist"
L 02/25/2024 - 22:00:43: "[MXican] Wahaha-<10><STEAM_0:1:17526508><NSF>" say "!ready"
L 02/25/2024 - 22:00:47: "[MXican] Ghost Lizard<6><STEAM_0:1:20336729><NSF>" say "!ready"
L 02/25/2024 - 22:01:06: "[DYS] bauxite<18><STEAM_0:0:5757747><Jinrai>" disconnected (reason "[DYS] bauxite timed out")
L 02/25/2024 - 22:01:18: "[MXican] Wahaha-<10><STEAM_0:1:17526508><NSF>" say "hey dyschuds"
L 02/25/2024 - 22:01:20: "[MXican] Boltronics<9><STEAM_0:1:84048595><NSF>" say "!ready"
L 02/25/2024 - 22:01:22: "[MXican] Wahaha-<10><STEAM_0:1:17526508><NSF>" say "if you guys win ill port detonate to nt"
L 02/25/2024 - 22:01:23: "[MXican] Boltronics<9><STEAM_0:1:84048595><NSF>" say "!readylist"
L 02/25/2024 - 22:01:24: "[DYS] Shazam<12><STEAM_0:1:59236187><Jinrai>" say "!ready"
L 02/25/2024 - 22:01:27: "[DYS] Infrequent<3><STEAM_0:1:6384081><Jinrai>" say "baux crashed"
L 02/25/2024 - 22:01:30: "[MXican] Nevra<14><STEAM_0:1:87689215><NSF>" say "!ready"
L 02/25/2024 - 22:01:38: "[MXican] Halcyon<17><STEAM_0:1:2864524><NSF>" say "!ready"
L 02/25/2024 - 22:01:43: "[DYS] You're Pissed Off<8><STEAM_0:1:44658357><Jinrai>" say "Not detonate lol there are better maps"
L 02/25/2024 - 22:01:48: "[MXican] Wahaha-<10><STEAM_0:1:17526508><NSF>" say "im aware"
L 02/25/2024 - 22:01:52: "[MXican] Wahaha-<10><STEAM_0:1:17526508><NSF>" say "its a punishment"
L 02/25/2024 - 22:02:06: "[MXican] Boltronics<9><STEAM_0:1:84048595><NSF>" say_team "nevra"
L 02/25/2024 - 22:02:07: "[MXican] Wahaha-<10><STEAM_0:1:17526508><NSF>" say "it could work as payload too"
L 02/25/2024 - 22:02:10: "[DYS] You're Pissed Off<8><STEAM_0:1:44658357><Jinrai>" say "Everyone hates Broadcast but its a good looking map that would work best lol"
L 02/25/2024 - 22:02:28: "[MXican] Wahaha-<10><STEAM_0:1:17526508><NSF>" say "ill have to look into it, i think ive only played broadcast once"
L 02/25/2024 - 22:02:29: "[DYS] Infrequent<3><STEAM_0:1:6384081><Jinrai>" say "baux's internet went"
L 02/25/2024 - 22:02:32: "[DYS] Infrequent<3><STEAM_0:1:6384081><Jinrai>" say "ffs"
L 02/25/2024 - 22:02:33: "[MXican] Wahaha-<10><STEAM_0:1:17526508><NSF>" say "i can merc"
L 02/25/2024 - 22:02:37: "[MXican] Boltronics<9><STEAM_0:1:84048595><NSF>" say "..."
L 02/25/2024 - 22:02:48: "[DYS] Infrequent<3><STEAM_0:1:6384081><Jinrai>" say "this is a first"
L 02/25/2024 - 22:02:51: "[MXican] Boltronics<9><STEAM_0:1:84048595><NSF>" say "scheduling really is fucking is in the ass"
L 02/25/2024 - 22:03:05: "[MXican] Boltronics<9><STEAM_0:1:84048595><NSF>" say "I blame xx for nading"
L 02/25/2024 - 22:03:09: "[DYS] You're Pissed Off<8><STEAM_0:1:44658357><Jinrai>" say "Today is cursed lmao"
L 02/25/2024 - 22:03:21: "[DYS] Infrequent<3><STEAM_0:1:6384081><Jinrai>" say "xx can't play cos he's currently in baux's street cutting wires"
L 02/25/2024 - 22:03:22: "[MXican] Boltronics<9><STEAM_0:1:84048595><NSF>" say "tell him to reconnect router"
L 02/25/2024 - 22:03:24: "[MXican] Nevra<14><STEAM_0:1:87689215><NSF>" say "!ready"
L 02/25/2024 - 22:03:30: "[DYS] Infrequent<3><STEAM_0:1:6384081><Jinrai>" say "stealing copper"
L 02/25/2024 - 22:03:32: "[DYS] You're Pissed Off<8><STEAM_0:1:44658357><Jinrai>" say "Its not internet its power lol"
L 02/25/2024 - 22:03:33: "[DYS] Infrequent<3><STEAM_0:1:6384081><Jinrai>" say "gypo style"
L 02/25/2024 - 22:03:36: "[MXican] Ghost Lizard<6><STEAM_0:1:20336729><NSF>" say "hey that's my job"
L 02/25/2024 - 22:03:39: "[MXican] Boltronics<9><STEAM_0:1:84048595><NSF>" say "XX prolly is in his bed laughing at these idiots playing at 23:00 CET"
L 02/25/2024 - 22:03:48: "[DYS] Infrequent<3><STEAM_0:1:6384081><Jinrai>" say "lemme ping him one sec"
L 02/25/2024 - 22:03:49: "[MXican] Halcyon<17><STEAM_0:1:2864524><NSF>" say "got a free day tomorro"
L 02/25/2024 - 22:03:55: "[MXican] Halcyon<17><STEAM_0:1:2864524><NSF>" say "just meeting up with me ex "
L 02/25/2024 - 22:04:05: "[DYS] You're Pissed Off<8><STEAM_0:1:44658357><Jinrai>" say "uh oh"
L 02/25/2024 - 22:04:56: "[MXican] Boltronics<9><STEAM_0:1:84048595><NSF>" say "wow"
L 02/25/2024 - 22:04:58: "[MXican] Boltronics<9><STEAM_0:1:84048595><NSF>" say "massive fps drops"
L 02/25/2024 - 22:05:00: "[MXican] Boltronics<9><STEAM_0:1:84048595><NSF>" say "brb"
L 02/25/2024 - 22:05:03: "[MXican] Boltronics<9><STEAM_0:1:84048595><NSF>" disconnected (reason "Disconnect by user.")
L 02/25/2024 - 22:05:27: "[DYS] Infrequent<3><STEAM_0:1:6384081><Jinrai>" say "baux lost power he's coming back in a few"
L 02/25/2024 - 22:05:29: "Boltronics<19><STEAM_ID_PENDING><>" connected, address "84.106.144.11:27005"
L 02/25/2024 - 22:05:29: "Boltronics<19><STEAM_0:1:84048595><>" STEAM USERID validated
L 02/25/2024 - 22:05:35: "Boltronics<19><STEAM_0:1:84048595><>" entered the game
L 02/25/2024 - 22:05:37: "Boltronics<19><STEAM_0:1:84048595><Unassigned>" joined team "NSF"
L 02/25/2024 - 22:05:43: "Boltronics<19><STEAM_0:1:84048595><NSF>" say "rofl"
L 02/25/2024 - 22:06:29: "Boltronics<19><STEAM_0:1:84048595><NSF>" say "is his internet back yet"
L 02/25/2024 - 22:06:40: "[DYS] Hosomi<15><STEAM_0:0:51357353><Jinrai>" say "your tits"
L 02/25/2024 - 22:06:42: "[DYS] Hosomi<15><STEAM_0:0:51357353><Jinrai>" say "relax them"
L 02/25/2024 - 22:06:43: "[DYS] You're Pissed Off<8><STEAM_0:1:44658357><Jinrai>" say "Its his power "
L 02/25/2024 - 22:06:49: "[MXican] Nevra<14><STEAM_0:1:87689215><NSF>" say "FASTTTT AAAAAH"
L 02/25/2024 - 22:06:50: "[DYS] Infrequent<3><STEAM_0:1:6384081><Jinrai>" say "he's in discord"
L 02/25/2024 - 22:06:51: "[MXican] Nevra<14><STEAM_0:1:87689215><NSF>" say "PLEASEEE"
L 02/25/2024 - 22:06:52: "[DYS] Infrequent<3><STEAM_0:1:6384081><Jinrai>" say "ask him"
L 02/25/2024 - 22:06:53: "[MXican] Nevra<14><STEAM_0:1:87689215><NSF>" say "GO PLEASEE"
L 02/25/2024 - 22:07:58: "[DYS] Hosomi<15><STEAM_0:0:51357353><Jinrai>" say "can we get a nade over here pls and thanks"
L 02/25/2024 - 22:08:00: "[MXican] Nevra<14><STEAM_0:1:87689215><>" disconnected (reason "Connection closing")
L 02/25/2024 - 22:08:00: "[MXican] Nevra<20><STEAM_ID_PENDING><>" connected, address "91.160.146.84:12842"
L 02/25/2024 - 22:08:00: "[MXican] Nevra<20><STEAM_0:1:87689215><>" STEAM USERID validated
L 02/25/2024 - 22:08:04: "[MXican] Nevra<20><STEAM_0:1:87689215><>" entered the game
L 02/25/2024 - 22:08:08: "Boltronics<19><STEAM_0:1:84048595><NSF>" say "just get sakhan"
L 02/25/2024 - 22:08:09: "Boltronics<19><STEAM_0:1:84048595><NSF>" say "ffs"
L 02/25/2024 - 22:08:16: "[DYS] Infrequent<3><STEAM_0:1:6384081><Jinrai>" say "he is honorary dys member"
L 02/25/2024 - 22:08:23: "Boltronics<19><STEAM_0:1:84048595><NSF>" say "exactly"
L 02/25/2024 - 22:08:32: "Boltronics<19><STEAM_0:1:84048595><NSF>" changed name to "]-MXican-[ Boltronics"
L 02/25/2024 - 22:08:34: "[DYS] Infrequent<3><STEAM_0:1:6384081><Jinrai>" say "we can pull a GB"
L 02/25/2024 - 22:08:47: "]-MXican-[ Boltronics<19><STEAM_0:1:84048595><NSF>" changed name to "[MXican] Boltronics"
L 02/25/2024 - 22:09:07: "[MXican] Boltronics<19><STEAM_0:1:84048595><NSF>" say "if this will be beyound 1 am I am screwed xd"
L 02/25/2024 - 22:09:12: "[MXican] Wahaha-<10><STEAM_0:1:17526508><NSF>" say "i wonder if you can make ramp less campable by reducing the grade of the slop"
L 02/25/2024 - 22:09:20: "[DYS] Infrequent<3><STEAM_0:1:6384081><Jinrai>" say "slop is only high gradew"
L 02/25/2024 - 22:09:22: "[DYS] Infrequent<3><STEAM_0:1:6384081><Jinrai>" say "consume"
L 02/25/2024 - 22:09:26: "[MXican] Wahaha-<10><STEAM_0:1:17526508><NSF>" say "like starting the slope much closer to the door"
L 02/25/2024 - 22:09:32: "[MXican] Wahaha-<10><STEAM_0:1:17526508><NSF>" say "keepign the end wherre its at"
L 02/25/2024 - 22:10:49: "[DYS] Infrequent<3><STEAM_0:1:6384081><Jinrai>" say "baux is back"
L 02/25/2024 - 22:10:54: "[MXican] Wahaha-<10><STEAM_0:1:17526508><NSF>" say "THE KINGH"
L 02/25/2024 - 22:10:54: "[MXican] Boltronics<19><STEAM_0:1:84048595><NSF>" say "!ready"
L 02/25/2024 - 22:11:01: "[MXican] Nevra<20><STEAM_0:1:87689215><Unassigned>" joined team "NSF"
L 02/25/2024 - 22:11:06: "[MXican] Nevra<20><STEAM_0:1:87689215><NSF>" say "!ready "
L 02/25/2024 - 22:11:42: "[DYS] Infrequent<3><STEAM_0:1:6384081><Jinrai>" say "omfg he's gone again"
L 02/25/2024 - 22:11:42: "[MXican] Boltronics<19><STEAM_0:1:84048595><NSF>" say "whatever happens"
L 02/25/2024 - 22:11:45: "[MXican] Boltronics<19><STEAM_0:1:84048595><NSF>" say "I blame XX"
L 02/25/2024 - 22:11:49: "[MXican] Boltronics<19><STEAM_0:1:84048595><NSF>" say "lets just postpone it next week"
L 02/25/2024 - 22:11:50: "[MXican] Boltronics<19><STEAM_0:1:84048595><NSF>" say "ggs"
L 02/25/2024 - 22:11:53: "[MXican] Boltronics<19><STEAM_0:1:84048595><NSF>" say "xd"
L 02/25/2024 - 22:12:00: "[DYS] Infrequent<3><STEAM_0:1:6384081><Jinrai>" say "if he's stable we can play"
L 02/25/2024 - 22:12:18: "[DYS] bauxite<21><STEAM_ID_PENDING><>" connected, address "86.13.114.58:27005"
L 02/25/2024 - 22:12:18: "[DYS] bauxite<21><STEAM_0:0:5757747><>" STEAM USERID validated
L 02/25/2024 - 22:12:20: "[MXican] Boltronics<19><STEAM_0:1:84048595><NSF>" say "finally"
L 02/25/2024 - 22:12:23: "[MXican] Boltronics<19><STEAM_0:1:84048595><NSF>" say "gj baux"
L 02/25/2024 - 22:12:32: "[MXican] Boltronics<19><STEAM_0:1:84048595><NSF>" say "now don't let ur cats eat ur power down again"
L 02/25/2024 - 22:12:50: "[DYS] bauxite<21><STEAM_0:0:5757747><>" entered the game
L 02/25/2024 - 22:12:51: "[MXican] Ghost Lizard<6><STEAM_0:1:20336729><NSF>" say "sparkling cats"
L 02/25/2024 - 22:12:57: "[DYS] bauxite<21><STEAM_0:0:5757747><Unassigned>" joined team "Jinrai"
L 02/25/2024 - 22:13:02: "[MXican] Boltronics<19><STEAM_0:1:84048595><NSF>" say "!readylist"
L 02/25/2024 - 22:13:03: "[DYS] bauxite<21><STEAM_0:0:5757747><Jinrai>" say "sry is this live"
L 02/25/2024 - 22:13:06: "[DYS] bauxite<21><STEAM_0:0:5757747><Jinrai>" say "my power died"
L 02/25/2024 - 22:13:07: "[MXican] Boltronics<19><STEAM_0:1:84048595><NSF>" say "no"
L 02/25/2024 - 22:13:15: "[DYS] bauxite<21><STEAM_0:0:5757747><Jinrai>" say "!ready"
L 02/25/2024 - 22:13:15: "[MXican] Boltronics<19><STEAM_0:1:84048595><NSF>" say "don't let ur cat be near the power"
L 02/25/2024 - 22:13:16: "[MXican] Boltronics<19><STEAM_0:1:84048595><NSF>" say "xD"
L 02/25/2024 - 22:13:20: "[MXican] Halcyon<17><STEAM_0:1:2864524><NSF>" say "You can unclench"
L 02/25/2024 - 22:13:20: "[DYS] Infrequent<3><STEAM_0:1:6384081><Jinrai>" say "!ready"
L 02/25/2024 - 22:13:22: "[DYS] bauxite<21><STEAM_0:0:5757747><Jinrai>" say "shes dead now"
L 02/25/2024 - 22:13:22: "[MXican] Wahaha-<10><STEAM_0:1:17526508><NSF>" say "!ready"
L 02/25/2024 - 22:13:24: "[DYS] You're Pissed Off<8><STEAM_0:1:44658357><Jinrai>" say "!ready"
L 02/25/2024 - 22:13:27: "[DYS] Shazam<12><STEAM_0:1:59236187><Jinrai>" say "!ready"
L 02/25/2024 - 22:13:29: "[DYS] Hosomi<15><STEAM_0:0:51357353><Jinrai>" say "!readylist"
L 02/25/2024 - 22:13:30: "[MXican] Halcyon<17><STEAM_0:1:2864524><NSF>" say "straight up 220v"
L 02/25/2024 - 22:13:30: "[MXican] Wahaha-<10><STEAM_0:1:17526508><NSF>" say "you have more"
L 02/25/2024 - 22:13:30: "[MXican] Boltronics<19><STEAM_0:1:84048595><NSF>" say "congrats"
L 02/25/2024 - 22:13:31: "[MXican] Ghost Lizard<6><STEAM_0:1:20336729><NSF>" say "†"
L 02/25/2024 - 22:13:35: "[MXican] Boltronics<19><STEAM_0:1:84048595><NSF>" say "I mean condolences"
L 02/25/2024 - 22:13:42: "[MXican] Halcyon<17><STEAM_0:1:2864524><NSF>" say "Crazy cat bauxite has a squadron of cats"
L 02/25/2024 - 22:13:44: "[MXican] Wahaha-<10><STEAM_0:1:17526508><NSF>" say "8 more lives"
L 02/25/2024 - 22:13:44: "[DYS] Hosomi<15><STEAM_0:0:51357353><Jinrai>" say "!ready"
L 02/25/2024 - 22:13:48: "[DYS] Infrequent<3><STEAM_0:1:6384081><Jinrai>" say "gl hf"
L 02/25/2024 - 22:13:48: "[DYS] bauxite<21><STEAM_0:0:5757747><Jinrai>" say "if my power dies again im done"
L 02/25/2024 - 22:13:53: "[DYS] bauxite<21><STEAM_0:0:5757747><Jinrai>" say "glhf"
L 02/25/2024 - 22:15:21: "[DYS] bauxite<21><STEAM_0:0:5757747><Jinrai>" say_team "Enemy in Front"
L 02/25/2024 - 22:15:33: "[DYS] bauxite<21><STEAM_0:0:5757747><Jinrai>" killed "[MXican] Boltronics<19><STEAM_0:1:84048595><NSF>" with "supa7"
L 02/25/2024 - 22:15:33: "[MXican] Boltronics<19><STEAM_0:1:84048595><NSF>" say_team "75 Support supa7"
L 02/25/2024 - 22:15:48: "[DYS] bauxite<21><STEAM_0:0:5757747><Jinrai>" say_team "Get the Ghost!"
L 02/25/2024 - 22:15:49: "[DYS] bauxite<21><STEAM_0:0:5757747><Jinrai>" say_team "I'm going in!"
L 02/25/2024 - 22:16:02: "[MXican] Nevra<20><STEAM_0:1:87689215><NSF>" killed "[DYS] You're Pissed Off<8><STEAM_0:1:44658357><Jinrai>" with "zr68s"
L 02/25/2024 - 22:16:03: "[DYS] You're Pissed Off<8><STEAM_0:1:44658357><Jinrai>" say_team "100 Assault zr68s"
L 02/25/2024 - 22:16:08: "[MXican] Halcyon<17><STEAM_0:1:2864524><NSF>" say "ENTICING"
L 02/25/2024 - 22:16:08: "[DYS] bauxite<21><STEAM_0:0:5757747><Jinrai>" killed "[MXican] Halcyon<17><STEAM_0:1:2864524><NSF>" with "supa7"
L 02/25/2024 - 22:16:16: "[DYS] Infrequent<3><STEAM_0:1:6384081><Jinrai>" killed "[MXican] Nevra<20><STEAM_0:1:87689215><NSF>" with "zr68s"
L 02/25/2024 - 22:16:16: "[MXican] Nevra<20><STEAM_0:1:87689215><NSF>" say_team "68 Assault zr68s"
L 02/25/2024 - 22:16:27: "[MXican] Wahaha-<10><STEAM_0:1:17526508><NSF>" say "VISCERAL COMBAT"
L 02/25/2024 - 22:16:29: "[MXican] Wahaha-<10><STEAM_0:1:17526508><NSF>" say "REDEFINED"
L 02/25/2024 - 22:16:31: "[MXican] Ghost Lizard<6><STEAM_0:1:20336729><NSF>" say "!pause"
L 02/25/2024 - 22:16:32: "[MXican] Wahaha-<10><STEAM_0:1:17526508><NSF>" say "!PAUSE"
L 02/25/2024 - 22:16:34: "[MXican] Boltronics<19><STEAM_0:1:84048595><NSF>" say "crash"
L 02/25/2024 - 22:16:35: "[MXican] Boltronics<19><STEAM_0:1:84048595><NSF>" say "halcyon"
L 02/25/2024 - 22:16:38: "[DYS] bauxite<21><STEAM_0:0:5757747><Jinrai>" say "saitama combat evolved"
L 02/25/2024 - 22:16:42: "[DYS] bauxite<21><STEAM_0:0:5757747><Jinrai>" say "TELL ME"
L 02/25/2024 - 22:16:42: "[DYS] You're Pissed Off<8><STEAM_0:1:44658357><Jinrai>" say "cursed"
L 02/25/2024 - 22:16:44: "[MXican] Ghost Lizard<6><STEAM_0:1:20336729><NSF>" say "today truly is cursed"
L 02/25/2024 - 22:16:46: "[MXican] Halcyon<17><STEAM_0:1:2864524><>" disconnected (reason "Connection closing")
L 02/25/2024 - 22:16:46: "[MXican] Halcyon<22><STEAM_ID_PENDING><>" connected, address "90.190.160.61:27005"
L 02/25/2024 - 22:16:46: "[MXican] Halcyon<22><STEAM_0:1:2864524><>" STEAM USERID validated
L 02/25/2024 - 22:16:46: "[DYS] bauxite<21><STEAM_0:0:5757747><Jinrai>" say "CURSES ARENT REAL"
L 02/25/2024 - 22:16:48: "[DYS] bauxite<21><STEAM_0:0:5757747><Jinrai>" say "TELL ME"
L 02/25/2024 - 22:16:50: "[MXican] Halcyon<22><STEAM_0:1:2864524><>" entered the game
L 02/25/2024 - 22:16:51: "[MXican] Boltronics<19><STEAM_0:1:84048595><NSF>" say "this tournament"
L 02/25/2024 - 22:16:52: "[MXican] Halcyon<22><STEAM_0:1:2864524><Unassigned>" joined team "NSF"
L 02/25/2024 - 22:16:53: "[MXican] Boltronics<19><STEAM_0:1:84048595><NSF>" say "is a shitshow"
L 02/25/2024 - 22:16:54: "[MXican] Boltronics<19><STEAM_0:1:84048595><NSF>" say "rofl"
L 02/25/2024 - 22:16:55: "[MXican] Wahaha-<10><STEAM_0:1:17526508><NSF>" say "I...."
L 02/25/2024 - 22:16:56: "[MXican] Halcyon<22><STEAM_0:1:2864524><NSF>" say ":d"
L 02/25/2024 - 22:16:57: "[MXican] Wahaha-<10><STEAM_0:1:17526508><NSF>" say "i cannot..."
L 02/25/2024 - 22:16:59: "[DYS] Infrequent<3><STEAM_0:1:6384081><Jinrai>" say "yeah"
L 02/25/2024 - 22:17:02: "[DYS] Infrequent<3><STEAM_0:1:6384081><Jinrai>" say "it's fucked"
L 02/25/2024 - 22:17:08: "[MXican] Halcyon<22><STEAM_0:1:2864524><NSF>" say "Ah is fine"
L 02/25/2024 - 22:17:11: "[MXican] Wahaha-<10><STEAM_0:1:17526508><NSF>" say "bet u cant beat us pistols only"
L 02/25/2024 - 22:17:11: "[DYS] bauxite<21><STEAM_0:0:5757747><Jinrai>" say "this is what i get for not believing in god"
L 02/25/2024 - 22:17:14: "[MXican] Boltronics<19><STEAM_0:1:84048595><NSF>" say "!unpause"
L 02/25/2024 - 22:17:14: "[MXican] Ghost Lizard<6><STEAM_0:1:20336729><NSF>" say "!unpause"
L 02/25/2024 - 22:17:19: "[DYS] Infrequent<3><STEAM_0:1:6384081><Jinrai>" say "!unpause"
L 02/25/2024 - 22:17:23: "[DYS] Shazam<12><STEAM_0:1:59236187><Jinrai>" committed suicide with "world"
L 02/25/2024 - 22:17:26: "[DYS] bauxite<21><STEAM_0:0:5757747><Jinrai>" say "10s"
L 02/25/2024 - 22:17:47: "[MXican] Boltronics<19><STEAM_0:1:84048595><NSF>" say "opposite spawn?!"
L 02/25/2024 - 22:17:50: "[DYS] Infrequent<3><STEAM_0:1:6384081><Jinrai>" say "rip"
L 02/25/2024 - 22:18:35: "[MXican] Wahaha-<10><STEAM_0:1:17526508><NSF>" killed "[DYS] Hosomi<15><STEAM_0:0:51357353><Jinrai>" with "zr68s"
L 02/25/2024 - 22:19:21: "[DYS] bauxite<21><STEAM_0:0:5757747><Jinrai>" killed "[MXican] Boltronics<19><STEAM_0:1:84048595><NSF>" with "supa7"
L 02/25/2024 - 22:19:21: "[MXican] Boltronics<19><STEAM_0:1:84048595><NSF>" say_team "24 Support supa7"
L 02/25/2024 - 22:19:25: "[DYS] You're Pissed Off<8><STEAM_0:1:44658357><Jinrai>" killed "[MXican] Nevra<20><STEAM_0:1:87689215><NSF>" with "zr68s"
L 02/25/2024 - 22:19:25: "[MXican] Nevra<20><STEAM_0:1:87689215><NSF>" say_team "35 Assault zr68s"
L 02/25/2024 - 22:19:30: "[MXican] Wahaha-<10><STEAM_0:1:17526508><NSF>" killed "[DYS] Shazam<12><STEAM_0:1:59236187><Jinrai>" with "zr68s"
L 02/25/2024 - 22:19:34: "[MXican] Wahaha-<10><STEAM_0:1:17526508><NSF>" killed "[DYS] Infrequent<3><STEAM_0:1:6384081><Jinrai>" with "zr68s"
L 02/25/2024 - 22:19:36: "[DYS] You're Pissed Off<8><STEAM_0:1:44658357><Jinrai>" killed "[MXican] Wahaha-<10><STEAM_0:1:17526508><NSF>" with "zr68s"
L 02/25/2024 - 22:19:36: "[DYS] Infrequent<3><STEAM_0:1:6384081><Jinrai>" triggered "kill_assist"
L 02/25/2024 - 22:19:37: "[MXican] Wahaha-<10><STEAM_0:1:17526508><NSF>" say_team "35 Assault zr68s"
L 02/25/2024 - 22:19:37: "[MXican] Halcyon<22><STEAM_0:1:2864524><NSF>" killed "[DYS] You're Pissed Off<8><STEAM_0:1:44658357><Jinrai>" with "zr68s"
L 02/25/2024 - 22:19:37: "[DYS] You're Pissed Off<8><STEAM_0:1:44658357><Jinrai>" say_team "100 Recon zr68s"
L 02/25/2024 - 22:19:57: "[MXican] Boltronics<19><STEAM_0:1:84048595><NSF>" say_team "24 hp"
L 02/25/2024 - 22:19:57: "[MXican] Halcyon<22><STEAM_0:1:2864524><NSF>" killed "[DYS] bauxite<21><STEAM_0:0:5757747><Jinrai>" with "zr68s"
L 02/25/2024 - 22:19:57: "[MXican] Boltronics<19><STEAM_0:1:84048595><NSF>" triggered "kill_assist"
L 02/25/2024 - 22:19:58: "[DYS] bauxite<21><STEAM_0:0:5757747><Jinrai>" say_team "100 Recon zr68s"
L 02/25/2024 - 22:19:59: "[MXican] Boltronics<19><STEAM_0:1:84048595><NSF>" say_team "gj"
L 02/25/2024 - 22:20:19: "[DYS] bauxite<21><STEAM_0:0:5757747><Jinrai>" say_team "but we had someone in server"
L 02/25/2024 - 22:20:21: "[DYS] bauxite<21><STEAM_0:0:5757747><Jinrai>" say_team "didnt we"
L 02/25/2024 - 22:21:18: "[DYS] bauxite<21><STEAM_0:0:5757747><Jinrai>" say_team "Enemy in Front"
L 02/25/2024 - 22:21:22: "[DYS] Infrequent<3><STEAM_0:1:6384081><Jinrai>" killed "[MXican] Boltronics<19><STEAM_0:1:84048595><NSF>" with "grenade_projectile"
L 02/25/2024 - 22:21:23: "[DYS] Infrequent<3><STEAM_0:1:6384081><Jinrai>" killed "[MXican] Ghost Lizard<6><STEAM_0:1:20336729><NSF>" with "grenade_projectile"
L 02/25/2024 - 22:21:23: "[MXican] Boltronics<19><STEAM_0:1:84048595><NSF>" say_team "100 Assault grenade_projectile"
L 02/25/2024 - 22:21:23: "[MXican] Ghost Lizard<6><STEAM_0:1:20336729><NSF>" say_team "100 Assault grenade_projectile"
L 02/25/2024 - 22:21:40: "[DYS] Infrequent<3><STEAM_0:1:6384081><Jinrai>" killed "[MXican] Wahaha-<10><STEAM_0:1:17526508><NSF>" with "zr68s"
L 02/25/2024 - 22:21:40: "[MXican] Wahaha-<10><STEAM_0:1:17526508><NSF>" say_team "100 Assault zr68s"
L 02/25/2024 - 22:21:42: "[MXican] Wahaha-<10><STEAM_0:1:17526508><NSF>" killed "[DYS] bauxite<21><STEAM_0:0:5757747><Jinrai>" with "grenade_projectile"
L 02/25/2024 - 22:21:42: "[MXican] Wahaha-<10><STEAM_0:1:17526508><NSF>" killed "[DYS] You're Pissed Off<8><STEAM_0:1:44658357><Jinrai>" with "grenade_projectile"
L 02/25/2024 - 22:21:42: "[DYS] bauxite<21><STEAM_0:0:5757747><Jinrai>" say_team "1 Assault grenade_projectile"
L 02/25/2024 - 22:21:42: "[DYS] You're Pissed Off<8><STEAM_0:1:44658357><Jinrai>" say_team "1 Assault grenade_projectile"
L 02/25/2024 - 22:21:48: "[DYS] bauxite<21><STEAM_0:0:5757747><Jinrai>" say_team "1 hp"
L 02/25/2024 - 22:21:59: "[MXican] Boltronics<19><STEAM_0:1:84048595><NSF>" say_team "go towards car nevra hold car"
L 02/25/2024 - 22:22:01: "[MXican] Boltronics<19><STEAM_0:1:84048595><NSF>" say_team "best spot"
L 02/25/2024 - 22:22:02: "[DYS] You're Pissed Off<8><STEAM_0:1:44658357><Jinrai>" say "!settings"
L 02/25/2024 - 22:22:18: "[DYS] bauxite<21><STEAM_0:0:5757747><Jinrai>" say_team "use pistol"
L 02/25/2024 - 22:22:20: "[DYS] bauxite<21><STEAM_0:0:5757747><Jinrai>" say_team "1 hp"
L 02/25/2024 - 22:22:22: "[DYS] bauxite<21><STEAM_0:0:5757747><Jinrai>" say_team "gogop"
L 02/25/2024 - 22:22:25: "[MXican] Nevra<20><STEAM_0:1:87689215><NSF>" killed "[DYS] Infrequent<3><STEAM_0:1:6384081><Jinrai>" with "zr68s"
L 02/25/2024 - 22:22:25: "[MXican] Halcyon<22><STEAM_0:1:2864524><NSF>" triggered "kill_assist"
L 02/25/2024 - 22:22:28: "[MXican] Halcyon<22><STEAM_0:1:2864524><NSF>" killed "[DYS] Shazam<12><STEAM_0:1:59236187><Jinrai>" with "zr68s"
L 02/25/2024 - 22:22:45: "[MXican] Nevra<20><STEAM_0:1:87689215><NSF>" killed "[DYS] Hosomi<15><STEAM_0:0:51357353><Jinrai>" with "zr68s"
L 02/25/2024 - 22:22:49: "[MXican] Wahaha-<10><STEAM_0:1:17526508><NSF>" say "big comeback"
L 02/25/2024 - 22:22:50: "[MXican] Boltronics<19><STEAM_0:1:84048595><NSF>" say "!pause"
L 02/25/2024 - 22:23:08: "[MXican] Wahaha-<10><STEAM_0:1:17526508><NSF>" say "lizard draining the lizard"
L 02/25/2024 - 22:23:10: "[DYS] bauxite<21><STEAM_0:0:5757747><Jinrai>" say_team "someone went infront of me and we both died"
L 02/25/2024 - 22:23:12: "[MXican] Halcyon<22><STEAM_0:1:2864524><NSF>" say "LEL"
L 02/25/2024 - 22:23:57: "[DYS] Hosomi<15><STEAM_0:0:51357353><Jinrai>" say "You guys good?"
L 02/25/2024 - 22:24:00: "[DYS] Hosomi<15><STEAM_0:0:51357353><Jinrai>" say "Whats the pause?"
L 02/25/2024 - 22:24:02: "[MXican] Halcyon<22><STEAM_0:1:2864524><NSF>" say "lizard is pissing"
L 02/25/2024 - 22:24:02: "[MXican] Wahaha-<10><STEAM_0:1:17526508><NSF>" say "lizard pissing"
L 02/25/2024 - 22:24:03: "[DYS] Hosomi<15><STEAM_0:0:51357353><Jinrai>" say "aaah"
L 02/25/2024 - 22:24:07: "[MXican] Wahaha-<10><STEAM_0:1:17526508><NSF>" say "sorry"
L 02/25/2024 - 22:24:10: "[MXican] Wahaha-<10><STEAM_0:1:17526508><NSF>" say "LIZARD BIO"
L 02/25/2024 - 22:24:17: "[DYS] Infrequent<3><STEAM_0:1:6384081><Jinrai>" say "you've used both of your pauses now btw"
L 02/25/2024 - 22:24:21: "[MXican] Halcyon<22><STEAM_0:1:2864524><NSF>" say "ye"
L 02/25/2024 - 22:24:27: "[MXican] Halcyon<22><STEAM_0:1:2864524><NSF>" say "helps us if we dc"
L 02/25/2024 - 22:24:31: "[DYS] Infrequent<3><STEAM_0:1:6384081><Jinrai>" say "no technical pause either"
L 02/25/2024 - 22:24:47: "kino<23><STEAM_ID_PENDING><>" connected, address "213.219.122.223:27005"
L 02/25/2024 - 22:24:47: "kino<23><STEAM_0:0:83067719><>" STEAM USERID validated
L 02/25/2024 - 22:24:52: "kino<23><STEAM_0:0:83067719><>" entered the game
L 02/25/2024 - 22:24:54: "kino<23><STEAM_0:0:83067719><Unassigned>" joined team "Spectator"
L 02/25/2024 - 22:25:51: "[Cast] Syz<24><STEAM_ID_PENDING><>" connected, address "90.213.209.147:27005"
L 02/25/2024 - 22:25:51: "[Cast] Syz<24><STEAM_0:0:82019396><>" STEAM USERID validated
L 02/25/2024 - 22:25:54: "[Cast] Syz<24><STEAM_0:0:82019396><>" entered the game
L 02/25/2024 - 22:25:58: "[MXican] Nevra<20><STEAM_0:1:87689215><NSF>" say "zzz"
L 02/25/2024 - 22:25:58: "[Cast] Syz<24><STEAM_0:0:82019396><Unassigned>" joined team "Spectator"
L 02/25/2024 - 22:26:00: "[stream] DESTROYGIRL<25><STEAM_ID_PENDING><>" connected, address "82.31.206.95:27005"
L 02/25/2024 - 22:26:00: "[stream] DESTROYGIRL<25><STEAM_0:0:82737074><>" STEAM USERID validated
L 02/25/2024 - 22:26:04: "[DYS] bauxite<21><STEAM_0:0:5757747><Jinrai>" say_team "Enemy in Front"
L 02/25/2024 - 22:26:04: "[stream] DESTROYGIRL<25><STEAM_0:0:82737074><>" entered the game
L 02/25/2024 - 22:26:07: "[Cast] Syz<24><STEAM_0:0:82019396><Spectator>" disconnected (reason "Disconnect by user.")
L 02/25/2024 - 22:26:13: "[stream] DESTROYGIRL<25><STEAM_0:0:82737074><Unassigned>" joined team "Spectator"
L 02/25/2024 - 22:26:34: "[ikko] Shinra (Ikki)<26><STEAM_ID_PENDING><>" connected, address "162.254.47.5:27005"
L 02/25/2024 - 22:26:34: "[ikko] Shinra (Ikki)<26><STEAM_0:0:17487274><>" STEAM USERID validated
L 02/25/2024 - 22:26:40: "[ikko] Shinra (Ikki)<26><STEAM_0:0:17487274><>" entered the game
L 02/25/2024 - 22:26:41: "[MXican] Ghost Lizard<6><STEAM_0:1:20336729><NSF>" killed "[DYS] You're Pissed Off<8><STEAM_0:1:44658357><Jinrai>" with "mx"
L 02/25/2024 - 22:26:41: "[MXican] Nevra<20><STEAM_0:1:87689215><NSF>" triggered "kill_assist"
L 02/25/2024 - 22:26:41: "[DYS] You're Pissed Off<8><STEAM_0:1:44658357><Jinrai>" say_team "100 Support mx"
L 02/25/2024 - 22:26:43: "[ikko] Shinra (Ikki)<26><STEAM_0:0:17487274><Unassigned>" joined team "Spectator"
L 02/25/2024 - 22:27:31: "[MXican] Nevra<20><STEAM_0:1:87689215><NSF>" killed "[DYS] Hosomi<15><STEAM_0:0:51357353><Jinrai>" with "zr68s"
L 02/25/2024 - 22:27:38: "[DYS] Infrequent<3><STEAM_0:1:6384081><Jinrai>" killed "[MXican] Ghost Lizard<6><STEAM_0:1:20336729><NSF>" with "zr68s"
L 02/25/2024 - 22:27:38: "[MXican] Ghost Lizard<6><STEAM_0:1:20336729><NSF>" say_team "74 Assault zr68s"
L 02/25/2024 - 22:27:39: "[MXican] Boltronics<19><STEAM_0:1:84048595><NSF>" say "fking discord lagged out"
L 02/25/2024 - 22:27:40: "[MXican] Boltronics<19><STEAM_0:1:84048595><NSF>" say "ffs"
L 02/25/2024 - 22:27:40: "[MXican] Nevra<20><STEAM_0:1:87689215><NSF>" killed "[DYS] bauxite<21><STEAM_0:0:5757747><Jinrai>" with "zr68s"
L 02/25/2024 - 22:27:40: "[MXican] Ghost Lizard<6><STEAM_0:1:20336729><NSF>" triggered "kill_assist"
L 02/25/2024 - 22:27:40: "[DYS] bauxite<21><STEAM_0:0:5757747><Jinrai>" say_team "70 Assault zr68s"
L 02/25/2024 - 22:28:06: "[Ikko] just MISO<27><STEAM_ID_PENDING><>" connected, address "62.109.160.159:27005"
L 02/25/2024 - 22:28:06: "[Ikko] just MISO<27><STEAM_0:1:23585170><>" STEAM USERID validated
L 02/25/2024 - 22:28:29: "[Ikko] just MISO<27><STEAM_0:1:23585170><>" entered the game
L 02/25/2024 - 22:28:33: "[Ikko] just MISO<27><STEAM_0:1:23585170><Unassigned>" joined team "Spectator"
L 02/25/2024 - 22:28:35: "[Ikko] just MISO<27><STEAM_0:1:23585170><Spectator>" disconnected (reason "Disconnect by user.")
L 02/25/2024 - 22:29:40: "[MXican] Boltronics<19><STEAM_0:1:84048595><NSF>" killed "[DYS] Infrequent<3><STEAM_0:1:6384081><Jinrai>" with "zr68s"
L 02/25/2024 - 22:29:52: "[MXican] Boltronics<19><STEAM_0:1:84048595><NSF>" killed "[DYS] bauxite<21><STEAM_0:0:5757747><Jinrai>" with "zr68s"
L 02/25/2024 - 22:29:52: "[DYS] bauxite<21><STEAM_0:0:5757747><Jinrai>" say_team "24 Assault zr68s"
L 02/25/2024 - 22:29:54: "[MXican] Boltronics<19><STEAM_0:1:84048595><NSF>" killed "[DYS] Hosomi<15><STEAM_0:0:51357353><Jinrai>" with "zr68s"
L 02/25/2024 - 22:29:55: "[MXican] Nevra<20><STEAM_0:1:87689215><NSF>" killed "[DYS] You're Pissed Off<8><STEAM_0:1:44658357><Jinrai>" with "mx"
L 02/25/2024 - 22:29:55: "[DYS] You're Pissed Off<8><STEAM_0:1:44658357><Jinrai>" say_team "47 Assault mx"
L 02/25/2024 - 22:29:56: "[DYS] bauxite<21><STEAM_0:0:5757747><Jinrai>" say_team "where in office"
L 02/25/2024 - 22:30:25: Team "NSF" triggered "ghost_capture_team"
L 02/25/2024 - 22:30:25: "[MXican] Ghost Lizard<6><STEAM_0:1:20336729><NSF>" triggered "ghost_capture"
L 02/25/2024 - 22:30:26: "[MXican] Nevra<20><STEAM_0:1:87689215><NSF>" killed "[MXican] Boltronics<19><STEAM_0:1:84048595><NSF>" with "mx"
L 02/25/2024 - 22:30:26: "[DYS] Infrequent<3><STEAM_0:1:6384081><Jinrai>" triggered "kill_assist"
L 02/25/2024 - 22:30:26: "[MXican] Boltronics<19><STEAM_0:1:84048595><NSF>" say_team "47 Assault mx"
L 02/25/2024 - 22:30:27: "[MXican] Nevra<20><STEAM_0:1:87689215><NSF>" killed "[DYS] Shazam<12><STEAM_0:1:59236187><Jinrai>" with "mx"
L 02/25/2024 - 22:30:27: "[MXican] Nevra<20><STEAM_0:1:87689215><NSF>" killed "[MXican] Wahaha-<10><STEAM_0:1:17526508><NSF>" with "mx"
L 02/25/2024 - 22:30:27: "[MXican] Wahaha-<10><STEAM_0:1:17526508><NSF>" say_team "47 Assault mx"
L 02/25/2024 - 22:30:31: "[MXican] Halcyon<22><STEAM_0:1:2864524><NSF>" say "lol"
L 02/25/2024 - 22:30:37: "[MXican] Halcyon<22><STEAM_0:1:2864524><NSF>" say "nevra lost his cool"
L 02/25/2024 - 22:30:39: "[MXican] Nevra<20><STEAM_0:1:87689215><NSF>" say "free kils "
L 02/25/2024 - 22:31:17: "[DYS] bauxite<21><STEAM_0:0:5757747><Jinrai>" say_team "Enemy in Front"
L 02/25/2024 - 22:31:39: "[DYS] bauxite<21><STEAM_0:0:5757747><Jinrai>" say_team "Enemy in Front"
L 02/25/2024 - 22:31:41: "[MXican] Ghost Lizard<6><STEAM_0:1:20336729><NSF>" killed "[DYS] Shazam<12><STEAM_0:1:59236187><Jinrai>" with "mx"
L 02/25/2024 - 22:32:36: "[MXican] Wahaha-<10><STEAM_0:1:17526508><NSF>" committed suicide with "world"
L 02/25/2024 - 22:32:40: "[DYS] You're Pissed Off<8><STEAM_0:1:44658357><Jinrai>" killed "[MXican] Ghost Lizard<6><STEAM_0:1:20336729><NSF>" with "zr68s"
L 02/25/2024 - 22:32:40: "[DYS] Infrequent<3><STEAM_0:1:6384081><Jinrai>" triggered "kill_assist"
L 02/25/2024 - 22:32:40: "[MXican] Ghost Lizard<6><STEAM_0:1:20336729><NSF>" say_team "14 Assault zr68s"
L 02/25/2024 - 22:32:49: "[MXican] Boltronics<19><STEAM_0:1:84048595><NSF>" killed "[DYS] Infrequent<3><STEAM_0:1:6384081><Jinrai>" with "mx_silenced"
L 02/25/2024 - 22:32:50: "[MXican] Boltronics<19><STEAM_0:1:84048595><NSF>" killed "[DYS] You're Pissed Off<8><STEAM_0:1:44658357><Jinrai>" with "mx_silenced"
L 02/25/2024 - 22:32:51: "[DYS] You're Pissed Off<8><STEAM_0:1:44658357><Jinrai>" say_team "60 Assault mx_silenced"
L 02/25/2024 - 22:33:08: "[DYS] bauxite<21><STEAM_0:0:5757747><Jinrai>" killed "[MXican] Nevra<20><STEAM_0:1:87689215><NSF>" with "zr68c"
L 02/25/2024 - 22:33:08: "[MXican] Nevra<20><STEAM_0:1:87689215><NSF>" say_team "11 Support zr68c"
L 02/25/2024 - 22:33:30: "[DYS] bauxite<21><STEAM_0:0:5757747><Jinrai>" killed "[MXican] Boltronics<19><STEAM_0:1:84048595><NSF>" with "zr68c"
L 02/25/2024 - 22:33:30: "[MXican] Boltronics<19><STEAM_0:1:84048595><NSF>" say_team "11 Support zr68c"
L 02/25/2024 - 22:33:41: "[DYS] You're Pissed Off<8><STEAM_0:1:44658357><Jinrai>" disconnected (reason "Disconnect by user.")
L 02/25/2024 - 22:33:41: "[DYS] You're Pissed Off<28><STEAM_ID_PENDING><>" connected, address "146.199.224.165:27005"
L 02/25/2024 - 22:33:41: "[DYS] You're Pissed Off<28><STEAM_0:1:44658357><>" STEAM USERID validated
L 02/25/2024 - 22:33:43: "[DYS] You're Pissed Off<28><STEAM_0:1:44658357><>" entered the game
L 02/25/2024 - 22:33:46: "[DYS] You're Pissed Off<28><STEAM_0:1:44658357><Unassigned>" joined team "Jinrai"
L 02/25/2024 - 22:33:58: "[MXican] Wahaha-<10><STEAM_0:1:17526508><NSF>" say "firepit is dumb"
L 02/25/2024 - 22:35:26: "[MXican] Ghost Lizard<6><STEAM_0:1:20336729><NSF>" killed "[DYS] You're Pissed Off<28><STEAM_0:1:44658357><Jinrai>" with "mx"
L 02/25/2024 - 22:35:26: "[DYS] You're Pissed Off<28><STEAM_0:1:44658357><Jinrai>" say_team "72 Support mx"
L 02/25/2024 - 22:35:43: "[MXican] Ghost Lizard<6><STEAM_0:1:20336729><NSF>" killed "[DYS] bauxite<21><STEAM_0:0:5757747><Jinrai>" with "mx"
L 02/25/2024 - 22:35:43: "[DYS] bauxite<21><STEAM_0:0:5757747><Jinrai>" say_team "47 Support mx"
L 02/25/2024 - 22:35:59: "[DYS] Infrequent<3><STEAM_0:1:6384081><Jinrai>" killed "[MXican] Boltronics<19><STEAM_0:1:84048595><NSF>" with "zr68s"
L 02/25/2024 - 22:35:59: "[MXican] Boltronics<19><STEAM_0:1:84048595><NSF>" say_team "9 Assault zr68s"
L 02/25/2024 - 22:36:10: "[DYS] bauxite<21><STEAM_0:0:5757747><Jinrai>" disconnected (reason "Disconnect by user.")
L 02/25/2024 - 22:36:11: "[DYS] bauxite<29><STEAM_ID_PENDING><>" connected, address "86.13.114.58:27005"
L 02/25/2024 - 22:36:11: "[DYS] bauxite<29><STEAM_0:0:5757747><>" STEAM USERID validated
L 02/25/2024 - 22:36:13: "[DYS] bauxite<29><STEAM_0:0:5757747><>" entered the game
L 02/25/2024 - 22:36:14: "[DYS] bauxite<29><STEAM_0:0:5757747><Unassigned>" joined team "Jinrai"
L 02/25/2024 - 22:36:20: "[DYS] Hosomi<15><STEAM_0:0:51357353><Jinrai>" killed "[MXican] Ghost Lizard<6><STEAM_0:1:20336729><NSF>" with "zr68s"
L 02/25/2024 - 22:36:20: "[MXican] Ghost Lizard<6><STEAM_0:1:20336729><NSF>" say_team "36 Recon zr68s"
L 02/25/2024 - 22:36:21: "[MXican] Wahaha-<10><STEAM_0:1:17526508><NSF>" killed "[DYS] Hosomi<15><STEAM_0:0:51357353><Jinrai>" with "mx"
L 02/25/2024 - 22:36:22: "[DYS] Shazam<12><STEAM_0:1:59236187><Jinrai>" killed "[MXican] Nevra<20><STEAM_0:1:87689215><NSF>" with "zr68c"
L 02/25/2024 - 22:36:22: "[MXican] Nevra<20><STEAM_0:1:87689215><NSF>" say_team "22 Support zr68c"
L 02/25/2024 - 22:36:23: "[MXican] Halcyon<22><STEAM_0:1:2864524><NSF>" killed "[DYS] Shazam<12><STEAM_0:1:59236187><Jinrai>" with "supa7"
L 02/25/2024 - 22:36:23: "[MXican] Ghost Lizard<6><STEAM_0:1:20336729><NSF>" triggered "kill_assist"
L 02/25/2024 - 22:36:28: "[MXican] Halcyon<22><STEAM_0:1:2864524><NSF>" killed "[DYS] Infrequent<3><STEAM_0:1:6384081><Jinrai>" with "supa7"
L 02/25/2024 - 22:36:28: "[MXican] Boltronics<19><STEAM_0:1:84048595><NSF>" triggered "kill_assist"
L 02/25/2024 - 22:36:31: "[MXican] Boltronics<19><STEAM_0:1:84048595><NSF>" say_team "niceeee"
L 02/25/2024 - 22:37:08: "[DYS] Infrequent<3><STEAM_0:1:6384081><Jinrai>" killed "[MXican] Boltronics<19><STEAM_0:1:84048595><NSF>" with "zr68s"
L 02/25/2024 - 22:37:08: "[MXican] Boltronics<19><STEAM_0:1:84048595><NSF>" say_team "2 Assault zr68s"
L 02/25/2024 - 22:37:18: "[MXican] Wahaha-<10><STEAM_0:1:17526508><NSF>" killed "[DYS] bauxite<29><STEAM_0:0:5757747><Jinrai>" with "grenade_projectile"
L 02/25/2024 - 22:37:18: "[DYS] bauxite<29><STEAM_0:0:5757747><Jinrai>" say_team "100 Assault grenade_projectile"
L 02/25/2024 - 22:37:33: "[MXican] Boltronics<19><STEAM_0:1:84048595><NSF>" say_team "infrequent is 2 hp"
L 02/25/2024 - 22:38:02: "[MXican] Wahaha-<10><STEAM_0:1:17526508><NSF>" killed "[DYS] Hosomi<15><STEAM_0:0:51357353><Jinrai>" with "mx"
L 02/25/2024 - 22:38:06: "[MXican] Nevra<20><STEAM_0:1:87689215><NSF>" killed "[DYS] Infrequent<3><STEAM_0:1:6384081><Jinrai>" with "aa13"
L 02/25/2024 - 22:38:06: "[MXican] Boltronics<19><STEAM_0:1:84048595><NSF>" triggered "kill_assist"
L 02/25/2024 - 22:38:10: "[MXican] Nevra<20><STEAM_0:1:87689215><NSF>" killed "[DYS] Shazam<12><STEAM_0:1:59236187><Jinrai>" with "aa13"
L 02/25/2024 - 22:38:32: "[MXican] Ghost Lizard<6><STEAM_0:1:20336729><NSF>" killed "[DYS] You're Pissed Off<28><STEAM_0:1:44658357><Jinrai>" with "mx"
L 02/25/2024 - 22:38:32: "[DYS] You're Pissed Off<28><STEAM_0:1:44658357><Jinrai>" say_team "6 Support mx"
L 02/25/2024 - 22:38:56: "[DYS] bauxite<29><STEAM_0:0:5757747><Jinrai>" disconnected (reason "Disconnect by user.")
L 02/25/2024 - 22:38:59: "[DYS] bauxite<30><STEAM_ID_PENDING><>" connected, address "86.13.114.58:27005"
L 02/25/2024 - 22:38:59: "[DYS] bauxite<30><STEAM_0:0:5757747><>" STEAM USERID validated
L 02/25/2024 - 22:39:00: "[DYS] bauxite<30><STEAM_0:0:5757747><>" entered the game
L 02/25/2024 - 22:39:02: "[DYS] bauxite<30><STEAM_0:0:5757747><Unassigned>" joined team "Jinrai"
L 02/25/2024 - 22:39:24: "[DYS] bauxite<30><STEAM_0:0:5757747><Jinrai>" killed "[MXican] Nevra<20><STEAM_0:1:87689215><NSF>" with "mx"
L 02/25/2024 - 22:39:24: "[MXican] Nevra<20><STEAM_0:1:87689215><NSF>" say_team "55 Support mx"
L 02/25/2024 - 22:39:38: "[DYS] You're Pissed Off<28><STEAM_0:1:44658357><Jinrai>" killed "[MXican] Boltronics<19><STEAM_0:1:84048595><NSF>" with "zr68s"
L 02/25/2024 - 22:39:38: "[MXican] Boltronics<19><STEAM_0:1:84048595><NSF>" say_team "13 Assault zr68s"
L 02/25/2024 - 22:39:59: "[MXican] Wahaha-<10><STEAM_0:1:17526508><NSF>" killed "[DYS] You're Pissed Off<28><STEAM_0:1:44658357><Jinrai>" with "mx"
L 02/25/2024 - 22:39:59: "[MXican] Boltronics<19><STEAM_0:1:84048595><NSF>" triggered "kill_assist"
L 02/25/2024 - 22:39:59: "[DYS] You're Pissed Off<28><STEAM_0:1:44658357><Jinrai>" say_team "12 Assault mx"
L 02/25/2024 - 22:40:03: "[DYS] Shazam<12><STEAM_0:1:59236187><Jinrai>" killed "[MXican] Wahaha-<10><STEAM_0:1:17526508><NSF>" with "zr68c"
L 02/25/2024 - 22:40:03: "[DYS] Infrequent<3><STEAM_0:1:6384081><Jinrai>" triggered "kill_assist"
L 02/25/2024 - 22:40:04: "[MXican] Wahaha-<10><STEAM_0:1:17526508><NSF>" say_team "100 Support zr68c"
L 02/25/2024 - 22:40:08: "[MXican] Ghost Lizard<6><STEAM_0:1:20336729><NSF>" killed "[DYS] Infrequent<3><STEAM_0:1:6384081><Jinrai>" with "aa13"
L 02/25/2024 - 22:40:11: "[MXican] Ghost Lizard<6><STEAM_0:1:20336729><NSF>" killed "[DYS] Shazam<12><STEAM_0:1:59236187><Jinrai>" with "aa13"
L 02/25/2024 - 22:40:18: "[MXican] Halcyon<22><STEAM_0:1:2864524><NSF>" killed "[DYS] bauxite<30><STEAM_0:0:5757747><Jinrai>" with "mx"
L 02/25/2024 - 22:40:18: "[DYS] bauxite<30><STEAM_0:0:5757747><Jinrai>" say_team "1 Recon mx"
L 02/25/2024 - 22:40:34: "[MXican] Ghost Lizard<6><STEAM_0:1:20336729><NSF>" killed "[DYS] Hosomi<15><STEAM_0:0:51357353><Jinrai>" with "aa13"
L 02/25/2024 - 22:40:37: "[MXican] Boltronics<19><STEAM_0:1:84048595><NSF>" say_team "nicee"
L 02/25/2024 - 22:40:38: "[MXican] Boltronics<19><STEAM_0:1:84048595><NSF>" say_team "wp"
L 02/25/2024 - 22:41:56: "[MXican] Wahaha-<10><STEAM_0:1:17526508><NSF>" killed "[DYS] You're Pissed Off<28><STEAM_0:1:44658357><Jinrai>" with "mx"
L 02/25/2024 - 22:41:56: "[DYS] You're Pissed Off<28><STEAM_0:1:44658357><Jinrai>" say_team "26 Assault mx"
L 02/25/2024 - 22:42:01: "[DYS] Hosomi<15><STEAM_0:0:51357353><Jinrai>" killed "[MXican] Boltronics<19><STEAM_0:1:84048595><NSF>" with "srm"
L 02/25/2024 - 22:42:01: "[MXican] Boltronics<19><STEAM_0:1:84048595><NSF>" say_team "13 Recon srm"
L 02/25/2024 - 22:42:09: "[DYS] bauxite<30><STEAM_0:0:5757747><Jinrai>" killed "[MXican] Ghost Lizard<6><STEAM_0:1:20336729><NSF>" with "mx"
L 02/25/2024 - 22:42:09: "[MXican] Ghost Lizard<6><STEAM_0:1:20336729><NSF>" say_team "86 Support mx"
L 02/25/2024 - 22:42:12: "[MXican] Nevra<20><STEAM_0:1:87689215><NSF>" killed "[DYS] Infrequent<3><STEAM_0:1:6384081><Jinrai>" with "aa13"
L 02/25/2024 - 22:42:13: "[DYS] Hosomi<15><STEAM_0:0:51357353><Jinrai>" killed "[MXican] Nevra<20><STEAM_0:1:87689215><NSF>" with "srm"
L 02/25/2024 - 22:42:13: "[MXican] Nevra<20><STEAM_0:1:87689215><NSF>" say_team "13 Recon srm"
L 02/25/2024 - 22:43:34: "[DYS] bauxite<30><STEAM_0:0:5757747><Jinrai>" killed "[MXican] Halcyon<22><STEAM_0:1:2864524><NSF>" with "mx"
L 02/25/2024 - 22:43:34: "[MXican] Halcyon<22><STEAM_0:1:2864524><NSF>" say_team "49 Support mx"
L 02/25/2024 - 22:43:39: "[DYS] Hosomi<15><STEAM_0:0:51357353><Jinrai>" killed "[MXican] Wahaha-<10><STEAM_0:1:17526508><NSF>" with "aa13"
L 02/25/2024 - 22:43:39: "[DYS] You're Pissed Off<28><STEAM_0:1:44658357><Jinrai>" triggered "kill_assist"
L 02/25/2024 - 22:43:39: "[MXican] Wahaha-<10><STEAM_0:1:17526508><NSF>" say_team "13 Recon aa13"
L 02/25/2024 - 22:44:01: "[MXican] Wahaha-<10><STEAM_0:1:17526508><NSF>" say "shazam had ghost?"
L 02/25/2024 - 22:44:08: "[DYS] bauxite<30><STEAM_0:0:5757747><Jinrai>" say "ye"
L 02/25/2024 - 22:44:10: "[MXican] Wahaha-<10><STEAM_0:1:17526508><NSF>" say "neat"
L 02/25/2024 - 22:45:01: "[MXican] Ghost Lizard<6><STEAM_0:1:20336729><NSF>" killed "[DYS] bauxite<30><STEAM_0:0:5757747><Jinrai>" with "aa13"
L 02/25/2024 - 22:45:01: "[DYS] bauxite<30><STEAM_0:0:5757747><Jinrai>" say_team "100 Support aa13"
L 02/25/2024 - 22:45:32: "[MXican] Wahaha-<10><STEAM_0:1:17526508><NSF>" killed "[DYS] Hosomi<15><STEAM_0:0:51357353><Jinrai>" with "mx"
L 02/25/2024 - 22:45:35: "[DYS] You're Pissed Off<28><STEAM_0:1:44658357><Jinrai>" killed "[MXican] Wahaha-<10><STEAM_0:1:17526508><NSF>" with "zr68s"
L 02/25/2024 - 22:45:35: "[MXican] Wahaha-<10><STEAM_0:1:17526508><NSF>" say_team "100 Assault zr68s"
L 02/25/2024 - 22:46:00: "[MXican] Boltronics<19><STEAM_0:1:84048595><NSF>" killed "[DYS] Shazam<12><STEAM_0:1:59236187><Jinrai>" with "mx"
L 02/25/2024 - 22:46:07: "[MXican] Ghost Lizard<6><STEAM_0:1:20336729><NSF>" killed "[DYS] You're Pissed Off<28><STEAM_0:1:44658357><Jinrai>" with "aa13"
L 02/25/2024 - 22:46:07: "[MXican] Boltronics<19><STEAM_0:1:84048595><NSF>" triggered "kill_assist"
L 02/25/2024 - 22:46:07: "[DYS] You're Pissed Off<28><STEAM_0:1:44658357><Jinrai>" say_team "100 Support aa13"
L 02/25/2024 - 22:46:19: "[MXican] Boltronics<19><STEAM_0:1:84048595><NSF>" killed "[DYS] Infrequent<3><STEAM_0:1:6384081><Jinrai>" with "mx"
L 02/25/2024 - 22:46:33: "[DYS] bauxite<30><STEAM_0:0:5757747><Jinrai>" say "gh wp"
L 02/25/2024 - 22:46:37: "[MXican] Halcyon<22><STEAM_0:1:2864524><NSF>" say "gh"
L 02/25/2024 - 22:46:38: "[MXican] Boltronics<19><STEAM_0:1:84048595><NSF>" say "gh"
L 02/25/2024 - 22:46:40: "[MXican] Ghost Lizard<6><STEAM_0:1:20336729><NSF>" say "gh"
L 02/25/2024 - 22:46:41: "[MXican] Nevra<20><STEAM_0:1:87689215><NSF>" say "gh"
L 02/25/2024 - 22:46:41: "[MXican] Wahaha-<10><STEAM_0:1:17526508><NSF>" say "gh"
L 02/25/2024 - 22:47:20: "kino<23><STEAM_0:0:83067719><Spectator>" say "!admin"
L 02/25/2024 - 22:47:22: "[DYS] bauxite<30><STEAM_0:0:5757747><Jinrai>" say "!map nt_yokoalley_ctg_rc4"
L 02/25/2024 - 22:47:25: [META] Loaded 0 plugins (1 already loaded)
L 02/25/2024 - 22:47:25: [META] Loaded 0 plugins (1 already loaded)
L 02/25/2024 - 22:47:25: Log file closed
