L 02/18/2024 - 18:50:59: Log file started (file "logs\L0218023.log") (game "c:\servers\eurotokyo\NeotokyoSource") (version "4044")
L 02/18/2024 - 18:50:59: server_cvar: "sv_pausable" "0"
L 02/18/2024 - 18:50:59: server_cvar: "sv_gravity" "800"
L 02/18/2024 - 18:50:59: server_cvar: "mp_friendlyfire" "1"
L 02/18/2024 - 18:50:59: server_cvar: "tv_password" "***PROTECTED***"
L 02/18/2024 - 18:50:59: server_cvar: "tv_relaypassword" "***PROTECTED***"
L 02/18/2024 - 18:51:00: "[DYS] xx<8><STEAM_ID_PENDING><>" connected, address "91.125.85.82:27005"
L 02/18/2024 - 18:51:00: "[DYS] xx<8><STEAM_0:0:8714446><>" STEAM USERID validated
L 02/18/2024 - 18:51:01: "[DYS] bauxite<6><STEAM_0:0:5757747><>" entered the game
L 02/18/2024 - 18:51:01: "[AUX-] Nutnoze<5><STEAM_0:1:9530793><>" entered the game
L 02/18/2024 - 18:51:01: "[CAST] Ghost Lizard<9><STEAM_ID_PENDING><>" connected, address "87.2.131.118:27005"
L 02/18/2024 - 18:51:01: "[CAST] Ghost Lizard<9><STEAM_0:1:20336729><>" STEAM USERID validated
L 02/18/2024 - 18:51:02: "[AUX-] Blåberry<2><STEAM_0:1:20365268><>" entered the game
L 02/18/2024 - 18:51:03: "[AUX-] Nutnoze<5><STEAM_0:1:9530793><Unassigned>" joined team "Jinrai"
L 02/18/2024 - 18:51:04: "[DYS] Infrequent<3><STEAM_0:1:6384081><>" entered the game
L 02/18/2024 - 18:51:04: "[CAST] Ghost Lizard<9><STEAM_0:1:20336729><>" entered the game
L 02/18/2024 - 18:51:04: "[AUX-] Blåberry<2><STEAM_0:1:20365268><Unassigned>" joined team "Jinrai"
L 02/18/2024 - 18:51:05: "[DYS] bauxite<6><STEAM_0:0:5757747><Unassigned>" joined team "NSF"
L 02/18/2024 - 18:51:06: "[DYS] xx<8><STEAM_0:0:8714446><>" entered the game
L 02/18/2024 - 18:51:06: "[DYS] Infrequent<3><STEAM_0:1:6384081><Unassigned>" joined team "Spectator"
L 02/18/2024 - 18:51:06: "[CAST] Ghost Lizard<9><STEAM_0:1:20336729><Unassigned>" joined team "Spectator"
L 02/18/2024 - 18:51:08: "[AUX-] MilK<4><STEAM_0:1:28287031><>" entered the game
L 02/18/2024 - 18:51:09: "[DYS] xx<8><STEAM_0:0:8714446><Unassigned>" joined team "Spectator"
L 02/18/2024 - 18:51:11: "[AUX-] MilK<4><STEAM_0:1:28287031><Unassigned>" joined team "Jinrai"
L 02/18/2024 - 18:51:12: "kino<10><STEAM_ID_PENDING><>" connected, address "213.219.122.223:27005"
L 02/18/2024 - 18:51:12: "kino<10><STEAM_0:0:83067719><>" STEAM USERID validated
L 02/18/2024 - 18:51:20: "suna<11><STEAM_ID_PENDING><>" connected, address "91.101.200.241:27005"
L 02/18/2024 - 18:51:20: "suna<11><STEAM_0:1:29157668><>" STEAM USERID validated
L 02/18/2024 - 18:51:22: "suna<11><STEAM_0:1:29157668><>" entered the game
L 02/18/2024 - 18:51:24: "suna<11><STEAM_0:1:29157668><Unassigned>" joined team "Spectator"
L 02/18/2024 - 18:51:35: "Shinra (request)<12><STEAM_ID_PENDING><>" connected, address "162.254.47.5:27005"
L 02/18/2024 - 18:51:35: "Shinra (request)<12><STEAM_0:0:17487274><>" STEAM USERID validated
L 02/18/2024 - 18:51:43: "Shinra (request)<12><STEAM_0:0:17487274><>" entered the game
L 02/18/2024 - 18:51:55: "kino<10><STEAM_0:0:83067719><>" entered the game
L 02/18/2024 - 18:52:06: "[DYS] xx<8><STEAM_0:0:8714446><Spectator>" say "!n"
L 02/18/2024 - 18:52:06: "[DYS] xx<8><STEAM_0:0:8714446><Spectator>" joined team "NSF"
L 02/18/2024 - 18:52:12: "Shinra (request)<12><STEAM_0:0:17487274><Unassigned>" joined team "Spectator"
L 02/18/2024 - 18:52:35: "kino<10><STEAM_0:0:83067719><Unassigned>" joined team "Spectator"
L 02/18/2024 - 18:53:11: "[AUX-] Blåberry<2><STEAM_0:1:20365268><Jinrai>" disconnected (reason "Disconnect by user.")
L 02/18/2024 - 18:53:14: "[AUX-] MilK<4><STEAM_0:1:28287031><Jinrai>" disconnected (reason "Disconnect by user.")
L 02/18/2024 - 18:53:34: "[DYS] Shazam<13><STEAM_ID_PENDING><>" connected, address "174.74.176.72:27005"
L 02/18/2024 - 18:53:34: "[DYS] Shazam<13><STEAM_0:1:59236187><>" STEAM USERID validated
L 02/18/2024 - 18:53:35: "[DYS] Hosomi<14><STEAM_ID_PENDING><>" connected, address "51.14.135.38:27005"
L 02/18/2024 - 18:53:35: "[DYS] Hosomi<14><STEAM_0:0:51357353><>" STEAM USERID validated
L 02/18/2024 - 18:53:42: "[DYS] Hosomi<14><STEAM_0:0:51357353><>" entered the game
L 02/18/2024 - 18:53:48: "[AUX-] MilK<15><STEAM_ID_PENDING><>" connected, address "79.132.74.31:27005"
L 02/18/2024 - 18:53:48: "[AUX-] MilK<15><STEAM_0:1:28287031><>" STEAM USERID validated
L 02/18/2024 - 18:53:49: "[DYS] Shazam<13><STEAM_0:1:59236187><>" entered the game
L 02/18/2024 - 18:53:51: "[DYS] Shazam<13><STEAM_0:1:59236187><Unassigned>" joined team "NSF"
L 02/18/2024 - 18:53:52: "[AUX-] MilK<15><STEAM_0:1:28287031><>" entered the game
L 02/18/2024 - 18:53:54: "[AUX-] MilK<15><STEAM_0:1:28287031><Unassigned>" joined team "Jinrai"
L 02/18/2024 - 18:54:02: "[DYS] Hosomi<14><STEAM_0:0:51357353><Unassigned>" joined team "NSF"
L 02/18/2024 - 18:54:37: "[AUX-] Blåberry<16><STEAM_ID_PENDING><>" connected, address "81.6.34.66:27005"
L 02/18/2024 - 18:54:37: "[AUX-] Blåberry<16><STEAM_0:1:20365268><>" STEAM USERID validated
L 02/18/2024 - 18:54:39: "[AUX-] Blåberry<16><STEAM_0:1:20365268><>" entered the game
L 02/18/2024 - 18:54:42: "[AUX-] Blåberry<16><STEAM_0:1:20365268><Unassigned>" joined team "Jinrai"
L 02/18/2024 - 18:54:44: "[DYS] Infrequent<3><STEAM_0:1:6384081><Spectator>" say "!n"
L 02/18/2024 - 18:54:44: "[DYS] Infrequent<3><STEAM_0:1:6384081><Spectator>" joined team "NSF"
L 02/18/2024 - 18:55:03: "[AUX-] Blåberry<16><STEAM_0:1:20365268><Jinrai>" say "!ready"
L 02/18/2024 - 18:55:13: "[DYS] bauxite<6><STEAM_0:0:5757747><NSF>" say "!ready"
L 02/18/2024 - 18:55:33: "[AUX-] Oni<17><STEAM_ID_PENDING><>" connected, address "71.195.46.232:27005"
L 02/18/2024 - 18:55:33: "[AUX-] Oni<17><STEAM_0:1:10174276><>" STEAM USERID validated
L 02/18/2024 - 18:55:43: "[AUX-] Oni<17><STEAM_0:1:10174276><>" entered the game
L 02/18/2024 - 18:55:45: "[AUX-] Oni<17><STEAM_0:1:10174276><Unassigned>" joined team "Jinrai"
L 02/18/2024 - 18:56:00: "[DYS] bauxite<6><STEAM_0:0:5757747><NSF>" say_team "con , elbow"
L 02/18/2024 - 18:56:02: "[DYS] bauxite<6><STEAM_0:0:5757747><NSF>" say_team "roof"
L 02/18/2024 - 18:56:11: "[DYS] bauxite<6><STEAM_0:0:5757747><NSF>" say_team "the small con outside tree"
L 02/18/2024 - 18:56:15: "[DYS] bauxite<6><STEAM_0:0:5757747><NSF>" say_team "connector"
L 02/18/2024 - 18:56:17: "[AUX-] Phorce_Phed<18><STEAM_ID_PENDING><>" connected, address "97.94.76.225:33148"
L 02/18/2024 - 18:56:17: "[AUX-] Phorce_Phed<18><STEAM_0:1:9863507><>" STEAM USERID validated
L 02/18/2024 - 18:56:19: "[AUX-] Phorce_Phed<18><STEAM_0:1:9863507><>" entered the game
L 02/18/2024 - 18:56:20: "[AUX-] Blåberry<16><STEAM_0:1:20365268><Jinrai>" say "!ready"
L 02/18/2024 - 18:56:20: "[AUX-] Oni<17><STEAM_0:1:10174276><Jinrai>" say "!ready"
L 02/18/2024 - 18:56:21: "[AUX-] Phorce_Phed<18><STEAM_0:1:9863507><Unassigned>" joined team "Jinrai"
L 02/18/2024 - 18:56:23: "[DYS] xx<8><STEAM_0:0:8714446><NSF>" say "!ready"
L 02/18/2024 - 18:56:25: "[AUX-] Nutnoze<5><STEAM_0:1:9530793><Jinrai>" say "!ready"
L 02/18/2024 - 18:56:27: "[AUX-] MilK<15><STEAM_0:1:28287031><Jinrai>" say "!ready"
L 02/18/2024 - 18:56:29: "[AUX-] Phorce_Phed<18><STEAM_0:1:9863507><Jinrai>" say "!ready"
L 02/18/2024 - 18:56:29: "[DYS] Hosomi<14><STEAM_0:0:51357353><NSF>" say "!readylist"
L 02/18/2024 - 18:56:41: "[DYS] Infrequent<3><STEAM_0:1:6384081><NSF>" say "!ready"
L 02/18/2024 - 18:56:42: "[DYS] Shazam<13><STEAM_0:1:59236187><NSF>" say "!ready"
L 02/18/2024 - 18:56:43: "[DYS] Hosomi<14><STEAM_0:0:51357353><NSF>" say "!ready"
L 02/18/2024 - 18:56:46: "[DYS] bauxite<6><STEAM_0:0:5757747><NSF>" say_team "when u start losing on recon"
L 02/18/2024 - 18:56:52: "[DYS] Infrequent<3><STEAM_0:1:6384081><NSF>" say "gl hf"
L 02/18/2024 - 18:56:57: "[AUX-] Oni<17><STEAM_0:1:10174276><Jinrai>" say "hf gl :>"
L 02/18/2024 - 18:58:18: "[DYS] bauxite<6><STEAM_0:0:5757747><NSF>" killed "[AUX-] MilK<15><STEAM_0:1:28287031><Jinrai>" with "supa7"
L 02/18/2024 - 18:58:18: "[DYS] xx<8><STEAM_0:0:8714446><NSF>" triggered "kill_assist"
L 02/18/2024 - 18:58:21: "[DYS] bauxite<6><STEAM_0:0:5757747><NSF>" say_team "Enemy in Front"
L 02/18/2024 - 18:59:07: "[DYS] bauxite<6><STEAM_0:0:5757747><NSF>" say_team "im low too"
L 02/18/2024 - 18:59:12: "[DYS] bauxite<6><STEAM_0:0:5757747><NSF>" say_team "shaz make a play"
L 02/18/2024 - 18:59:19: "[DYS] Shazam<13><STEAM_0:1:59236187><NSF>" killed "[AUX-] Phorce_Phed<18><STEAM_0:1:9863507><Jinrai>" with "srm"
L 02/18/2024 - 18:59:25: "[AUX-] Blåberry<16><STEAM_0:1:20365268><Jinrai>" killed "[DYS] Infrequent<3><STEAM_0:1:6384081><NSF>" with "zr68s"
L 02/18/2024 - 18:59:33: "[DYS] xx<8><STEAM_0:0:8714446><NSF>" killed "[AUX-] Blåberry<16><STEAM_0:1:20365268><Jinrai>" with "zr68s"
L 02/18/2024 - 18:59:39: "[AUX-] Nutnoze<5><STEAM_0:1:9530793><Jinrai>" killed "[DYS] Hosomi<14><STEAM_0:0:51357353><NSF>" with "zr68s"
L 02/18/2024 - 18:59:44: "[DYS] Shazam<13><STEAM_0:1:59236187><NSF>" killed "[AUX-] Nutnoze<5><STEAM_0:1:9530793><Jinrai>" with "srm"
L 02/18/2024 - 18:59:45: "[DYS] xx<8><STEAM_0:0:8714446><NSF>" killed "[AUX-] Oni<17><STEAM_0:1:10174276><Jinrai>" with "zr68s"
L 02/18/2024 - 19:00:03: "[DYS] bauxite<6><STEAM_0:0:5757747><NSF>" say_team "yes"
L 02/18/2024 - 19:00:39: "[DYS] bauxite<6><STEAM_0:0:5757747><NSF>" killed "[AUX-] Nutnoze<5><STEAM_0:1:9530793><Jinrai>" with "kyla"
L 02/18/2024 - 19:00:52: "[AUX-] MilK<15><STEAM_0:1:28287031><Jinrai>" killed "[DYS] bauxite<6><STEAM_0:0:5757747><NSF>" with "supa7"
L 02/18/2024 - 19:00:52: "[AUX-] Nutnoze<5><STEAM_0:1:9530793><Jinrai>" triggered "kill_assist"
L 02/18/2024 - 19:00:52: "[DYS] bauxite<6><STEAM_0:0:5757747><NSF>" say_team "33 Support supa7"
L 02/18/2024 - 19:00:54: "[DYS] bauxite<6><STEAM_0:0:5757747><NSF>" say_team "tree"
L 02/18/2024 - 19:00:55: "[AUX-] Blåberry<16><STEAM_0:1:20365268><Jinrai>" killed "[DYS] Hosomi<14><STEAM_0:0:51357353><NSF>" with "zr68s"
L 02/18/2024 - 19:00:56: "[DYS] bauxite<6><STEAM_0:0:5757747><NSF>" say_team "33"
L 02/18/2024 - 19:01:18: "[DYS] bauxite<6><STEAM_0:0:5757747><NSF>" say_team "supa on tree was low hp"
L 02/18/2024 - 19:02:26: "[AUX-] Oni<17><STEAM_0:1:10174276><Jinrai>" killed "[DYS] xx<8><STEAM_0:0:8714446><NSF>" with "zr68s"
L 02/18/2024 - 19:02:31: "[DYS] Shazam<13><STEAM_0:1:59236187><NSF>" killed "[AUX-] MilK<15><STEAM_0:1:28287031><Jinrai>" with "supa7"
L 02/18/2024 - 19:02:31: "[DYS] bauxite<6><STEAM_0:0:5757747><NSF>" triggered "kill_assist"
L 02/18/2024 - 19:02:38: "[DYS] Shazam<13><STEAM_0:1:59236187><NSF>" killed "[AUX-] Oni<17><STEAM_0:1:10174276><Jinrai>" with "supa7"
L 02/18/2024 - 19:02:40: "[DYS] bauxite<6><STEAM_0:0:5757747><NSF>" say_team "n1"
L 02/18/2024 - 19:02:40: "[AUX-] Phorce_Phed<18><STEAM_0:1:9863507><Jinrai>" killed "[DYS] Shazam<13><STEAM_0:1:59236187><NSF>" with "zr68s"
L 02/18/2024 - 19:02:43: "[DYS] Hosomi<14><STEAM_0:0:51357353><NSF>" say "tietsu :3"
L 02/18/2024 - 19:02:46: "[DYS] bauxite<6><STEAM_0:0:5757747><NSF>" say_team "ill go mx"
L 02/18/2024 - 19:02:47: "[DYS] Infrequent<3><STEAM_0:1:6384081><NSF>" killed "[AUX-] Blåberry<16><STEAM_0:1:20365268><Jinrai>" with "zr68s"
L 02/18/2024 - 19:03:45: "[DYS] bauxite<6><STEAM_0:0:5757747><NSF>" say_team "ur"
L 02/18/2024 - 19:03:47: "[DYS] bauxite<6><STEAM_0:0:5757747><NSF>" say_team "y"
L 02/18/2024 - 19:03:53: "[DYS] Shazam<13><STEAM_0:1:59236187><NSF>" killed "[AUX-] Oni<17><STEAM_0:1:10174276><Jinrai>" with "zr68l"
L 02/18/2024 - 19:04:38: "[DYS] bauxite<6><STEAM_0:0:5757747><NSF>" say_team "we need to maek a play"
L 02/18/2024 - 19:04:54: "[DYS] xx<8><STEAM_0:0:8714446><NSF>" killed "[AUX-] Blåberry<16><STEAM_0:1:20365268><Jinrai>" with "mx"
L 02/18/2024 - 19:04:54: "[DYS] Shazam<13><STEAM_0:1:59236187><NSF>" triggered "kill_assist"
L 02/18/2024 - 19:05:01: "[DYS] xx<8><STEAM_0:0:8714446><NSF>" killed "[AUX-] Phorce_Phed<18><STEAM_0:1:9863507><Jinrai>" with "mx"
L 02/18/2024 - 19:05:02: Team "NSF" triggered "ghost_capture_team"
L 02/18/2024 - 19:05:02: "[DYS] Hosomi<14><STEAM_0:0:51357353><NSF>" triggered "ghost_capture"
L 02/18/2024 - 19:05:05: "[AUX-] Nutnoze<5><STEAM_0:1:9530793><Jinrai>" killed "[DYS] Hosomi<14><STEAM_0:0:51357353><NSF>" with "zr68s"
L 02/18/2024 - 19:05:08: "[AUX-] MilK<15><STEAM_0:1:28287031><Jinrai>" killed "[DYS] bauxite<6><STEAM_0:0:5757747><NSF>" with "supa7"
L 02/18/2024 - 19:05:08: "[AUX-] Nutnoze<5><STEAM_0:1:9530793><Jinrai>" triggered "kill_assist"
L 02/18/2024 - 19:05:08: "[DYS] bauxite<6><STEAM_0:0:5757747><NSF>" say_team "100 Support supa7"
L 02/18/2024 - 19:05:09: "[AUX-] MilK<15><STEAM_0:1:28287031><Jinrai>" killed "[DYS] Infrequent<3><STEAM_0:1:6384081><NSF>" with "supa7"
L 02/18/2024 - 19:05:17: "[DYS] Shazam<13><STEAM_0:1:59236187><NSF>" killed "[AUX-] Nutnoze<5><STEAM_0:1:9530793><Jinrai>" with "zr68l"
L 02/18/2024 - 19:05:17: "[DYS] bauxite<6><STEAM_0:0:5757747><NSF>" triggered "kill_assist"
L 02/18/2024 - 19:06:21: "[DYS] Shazam<13><STEAM_0:1:59236187><NSF>" killed "[AUX-] MilK<15><STEAM_0:1:28287031><Jinrai>" with "zr68c"
L 02/18/2024 - 19:06:21: "[DYS] bauxite<6><STEAM_0:0:5757747><NSF>" triggered "kill_assist"
L 02/18/2024 - 19:07:01: "[DYS] xx<8><STEAM_0:0:8714446><NSF>" killed "[AUX-] Blåberry<16><STEAM_0:1:20365268><Jinrai>" with "mx"
L 02/18/2024 - 19:07:04: "[DYS] bauxite<6><STEAM_0:0:5757747><NSF>" say_team "I'm going in!"
L 02/18/2024 - 19:07:06: "[DYS] Shazam<13><STEAM_0:1:59236187><NSF>" killed "[AUX-] Phorce_Phed<18><STEAM_0:1:9863507><Jinrai>" with "supa7"
L 02/18/2024 - 19:07:10: "[DYS] Infrequent<3><STEAM_0:1:6384081><NSF>" killed "[AUX-] Nutnoze<5><STEAM_0:1:9530793><Jinrai>" with "zr68s"
L 02/18/2024 - 19:07:14: "[AUX-] Oni<17><STEAM_0:1:10174276><Jinrai>" killed "[DYS] bauxite<6><STEAM_0:0:5757747><NSF>" with "srm"
L 02/18/2024 - 19:07:14: "[AUX-] MilK<15><STEAM_0:1:28287031><Jinrai>" triggered "kill_assist"
L 02/18/2024 - 19:07:15: "[DYS] bauxite<6><STEAM_0:0:5757747><NSF>" say_team "6 Assault srm"
L 02/18/2024 - 19:07:18: "[DYS] bauxite<6><STEAM_0:0:5757747><NSF>" say_team "office"
L 02/18/2024 - 19:07:19: "[DYS] bauxite<6><STEAM_0:0:5757747><NSF>" say_team "6"
L 02/18/2024 - 19:07:20: "[DYS] Shazam<13><STEAM_0:1:59236187><NSF>" killed "[AUX-] Oni<17><STEAM_0:1:10174276><Jinrai>" with "supa7"
L 02/18/2024 - 19:07:20: "[DYS] bauxite<6><STEAM_0:0:5757747><NSF>" triggered "kill_assist"
L 02/18/2024 - 19:08:00: "[AUX-] Blåberry<16><STEAM_0:1:20365268><Jinrai>" killed "[DYS] Hosomi<14><STEAM_0:0:51357353><NSF>" with "mx"
L 02/18/2024 - 19:08:06: "[AUX-] Phorce_Phed<18><STEAM_0:1:9863507><Jinrai>" committed suicide with "world"
L 02/18/2024 - 19:08:08: "[AUX-] Oni<17><STEAM_0:1:10174276><Jinrai>" killed "[DYS] xx<8><STEAM_0:0:8714446><NSF>" with "srm"
L 02/18/2024 - 19:08:10: "[AUX-] Blåberry<16><STEAM_0:1:20365268><Jinrai>" killed "[DYS] Infrequent<3><STEAM_0:1:6384081><NSF>" with "mx"
L 02/18/2024 - 19:08:14: "[AUX-] Blåberry<16><STEAM_0:1:20365268><Jinrai>" killed "[DYS] Shazam<13><STEAM_0:1:59236187><NSF>" with "mx"
L 02/18/2024 - 19:08:24: "[DYS] Hosomi<14><STEAM_0:0:51357353><NSF>" say "bla popping off :o"
L 02/18/2024 - 19:08:26: "[DYS] bauxite<6><STEAM_0:0:5757747><NSF>" killed "[AUX-] MilK<15><STEAM_0:1:28287031><Jinrai>" with "mx"
L 02/18/2024 - 19:08:27: "[AUX-] Oni<17><STEAM_0:1:10174276><Jinrai>" killed "[DYS] bauxite<6><STEAM_0:0:5757747><NSF>" with "mx"
L 02/18/2024 - 19:08:27: "[DYS] bauxite<6><STEAM_0:0:5757747><NSF>" say_team "14 Assault mx"
L 02/18/2024 - 19:09:15: "[AUX-] Oni<17><STEAM_0:1:10174276><Jinrai>" killed "[DYS] Shazam<13><STEAM_0:1:59236187><NSF>" with "srm"
L 02/18/2024 - 19:09:17: "[AUX-] Blåberry<16><STEAM_0:1:20365268><Jinrai>" killed "[DYS] Infrequent<3><STEAM_0:1:6384081><NSF>" with "mx"
L 02/18/2024 - 19:09:24: "[DYS] bauxite<6><STEAM_0:0:5757747><NSF>" killed "[AUX-] MilK<15><STEAM_0:1:28287031><Jinrai>" with "mx"
L 02/18/2024 - 19:09:27: "[AUX-] Oni<17><STEAM_0:1:10174276><Jinrai>" killed "[DYS] bauxite<6><STEAM_0:0:5757747><NSF>" with "kyla"
L 02/18/2024 - 19:09:27: "[AUX-] MilK<15><STEAM_0:1:28287031><Jinrai>" triggered "kill_assist"
L 02/18/2024 - 19:09:27: "[DYS] bauxite<6><STEAM_0:0:5757747><NSF>" say_team "55 Support kyla"
L 02/18/2024 - 19:09:30: "[DYS] xx<8><STEAM_0:0:8714446><NSF>" killed "[AUX-] Blåberry<16><STEAM_0:1:20365268><Jinrai>" with "mx"
L 02/18/2024 - 19:09:31: "[DYS] bauxite<6><STEAM_0:0:5757747><NSF>" say_team "1 con"
L 02/18/2024 - 19:09:44: "[DYS] bauxite<6><STEAM_0:0:5757747><NSF>" say_team "1 sup was in connector"
L 02/18/2024 - 19:09:53: "[DYS] Infrequent<3><STEAM_0:1:6384081><NSF>" disconnected (reason "Disconnect by user.")
L 02/18/2024 - 19:10:05: "[AUX-] Phorce_Phed<18><STEAM_0:1:9863507><Jinrai>" killed "[DYS] xx<8><STEAM_0:0:8714446><NSF>" with "grenade_projectile"
L 02/18/2024 - 19:10:07: "[DYS] Hosomi<14><STEAM_0:0:51357353><NSF>" killed "[AUX-] Oni<17><STEAM_0:1:10174276><Jinrai>" with "mx"
L 02/18/2024 - 19:10:08: "[DYS] Infrequent<19><STEAM_ID_PENDING><>" connected, address "86.169.55.78:27005"
L 02/18/2024 - 19:10:08: "[DYS] Infrequent<19><STEAM_0:1:6384081><>" STEAM USERID validated
L 02/18/2024 - 19:10:11: "[DYS] Infrequent<19><STEAM_0:1:6384081><>" entered the game
L 02/18/2024 - 19:10:13: "[DYS] Infrequent<19><STEAM_0:1:6384081><Unassigned>" joined team "NSF"
L 02/18/2024 - 19:10:23: "[DYS] Hosomi<14><STEAM_0:0:51357353><NSF>" killed "[AUX-] Nutnoze<5><STEAM_0:1:9530793><Jinrai>" with "mx"
L 02/18/2024 - 19:10:32: "[DYS] Hosomi<14><STEAM_0:0:51357353><NSF>" killed "[AUX-] Phorce_Phed<18><STEAM_0:1:9863507><Jinrai>" with "mx"
L 02/18/2024 - 19:10:36: "[DYS] bauxite<6><STEAM_0:0:5757747><NSF>" say_team "nice"
L 02/18/2024 - 19:10:39: "[DYS] bauxite<6><STEAM_0:0:5757747><NSF>" say_team "shaz u wanan sup?"
L 02/18/2024 - 19:10:51: "[DYS] bauxite<6><STEAM_0:0:5757747><NSF>" say_team "ok"
L 02/18/2024 - 19:10:55: "[AUX-] Oni<17><STEAM_0:1:10174276><Jinrai>" disconnected (reason "Disconnect by user.")
L 02/18/2024 - 19:10:55: "[AUX-] Oni<20><STEAM_ID_PENDING><>" connected, address "71.195.46.232:27005"
L 02/18/2024 - 19:10:55: "[AUX-] Oni<20><STEAM_0:1:10174276><>" STEAM USERID validated
L 02/18/2024 - 19:10:56: "[AUX-] Oni<20><STEAM_0:1:10174276><>" entered the game
L 02/18/2024 - 19:10:58: "[AUX-] Oni<20><STEAM_0:1:10174276><Unassigned>" joined team "Jinrai"
L 02/18/2024 - 19:11:21: "[DYS] Infrequent<19><STEAM_0:1:6384081><NSF>" killed "[AUX-] Blåberry<16><STEAM_0:1:20365268><Jinrai>" with "grenade_projectile"
L 02/18/2024 - 19:11:36: "[DYS] bauxite<6><STEAM_0:0:5757747><NSF>" killed "[AUX-] Nutnoze<5><STEAM_0:1:9530793><Jinrai>" with "mx"
L 02/18/2024 - 19:11:38: "[DYS] Shazam<13><STEAM_0:1:59236187><NSF>" killed "[AUX-] Oni<20><STEAM_0:1:10174276><Jinrai>" with "zr68c"
L 02/18/2024 - 19:11:40: "[DYS] bauxite<6><STEAM_0:0:5757747><NSF>" killed "[AUX-] Phorce_Phed<18><STEAM_0:1:9863507><Jinrai>" with "mx"
L 02/18/2024 - 19:11:49: "[DYS] bauxite<6><STEAM_0:0:5757747><NSF>" say_team "Enemy in Front"
L 02/18/2024 - 19:11:50: "[AUX-] MilK<15><STEAM_0:1:28287031><Jinrai>" killed "[DYS] xx<8><STEAM_0:0:8714446><NSF>" with "supa7"
L 02/18/2024 - 19:11:56: Team "NSF" triggered "ghost_capture_team"
L 02/18/2024 - 19:11:56: "[DYS] Hosomi<14><STEAM_0:0:51357353><NSF>" triggered "ghost_capture"
L 02/18/2024 - 19:11:58: "[DYS] bauxite<6><STEAM_0:0:5757747><NSF>" killed "[AUX-] MilK<15><STEAM_0:1:28287031><Jinrai>" with "mx"
L 02/18/2024 - 19:12:21: "[DYS] bauxite<6><STEAM_0:0:5757747><NSF>" say_team "why isnt milk on mx"
L 02/18/2024 - 19:12:35: "[DYS] Infrequent<19><STEAM_0:1:6384081><NSF>" killed "[AUX-] Blåberry<16><STEAM_0:1:20365268><Jinrai>" with "mx"
L 02/18/2024 - 19:12:59: "[DYS] bauxite<6><STEAM_0:0:5757747><NSF>" killed "[AUX-] Phorce_Phed<18><STEAM_0:1:9863507><Jinrai>" with "mx"
L 02/18/2024 - 19:13:07: "[AUX-] MilK<15><STEAM_0:1:28287031><Jinrai>" killed "[DYS] Infrequent<19><STEAM_0:1:6384081><NSF>" with "supa7"
L 02/18/2024 - 19:13:13: "[DYS] bauxite<6><STEAM_0:0:5757747><NSF>" killed "[AUX-] Nutnoze<5><STEAM_0:1:9530793><Jinrai>" with "mx"
L 02/18/2024 - 19:13:16: "[DYS] xx<8><STEAM_0:0:8714446><NSF>" killed "[AUX-] MilK<15><STEAM_0:1:28287031><Jinrai>" with "mx"
L 02/18/2024 - 19:13:17: "[AUX-] Oni<20><STEAM_0:1:10174276><Jinrai>" killed "[DYS] xx<8><STEAM_0:0:8714446><NSF>" with "mx"
L 02/18/2024 - 19:13:24: Team "NSF" triggered "ghost_capture_team"
L 02/18/2024 - 19:13:24: "[DYS] Hosomi<14><STEAM_0:0:51357353><NSF>" triggered "ghost_capture"
L 02/18/2024 - 19:13:31: "[AUX-] Oni<20><STEAM_0:1:10174276><Jinrai>" killed "[DYS] Shazam<13><STEAM_0:1:59236187><NSF>" with "mx"
L 02/18/2024 - 19:13:31: "[DYS] bauxite<6><STEAM_0:0:5757747><NSF>" killed "[AUX-] Oni<20><STEAM_0:1:10174276><Jinrai>" with "mx"
L 02/18/2024 - 19:13:31: "[DYS] Shazam<13><STEAM_0:1:59236187><NSF>" triggered "kill_assist"
L 02/18/2024 - 19:13:53: "[DYS] bauxite<6><STEAM_0:0:5757747><NSF>" say_team "I'm going in!"
L 02/18/2024 - 19:14:24: "[AUX-] Oni<20><STEAM_0:1:10174276><Jinrai>" killed "[DYS] Shazam<13><STEAM_0:1:59236187><NSF>" with "grenade_projectile"
L 02/18/2024 - 19:14:57: "[DYS] bauxite<6><STEAM_0:0:5757747><NSF>" say_team "y"
L 02/18/2024 - 19:15:14: "[AUX-] Phorce_Phed<18><STEAM_0:1:9863507><Jinrai>" killed "[DYS] Hosomi<14><STEAM_0:0:51357353><NSF>" with "zr68s"
L 02/18/2024 - 19:15:18: "[AUX-] Nutnoze<5><STEAM_0:1:9530793><Jinrai>" killed "[DYS] bauxite<6><STEAM_0:0:5757747><NSF>" with "mx"
L 02/18/2024 - 19:15:18: "[DYS] bauxite<6><STEAM_0:0:5757747><NSF>" say_team "49 Support mx"
L 02/18/2024 - 19:15:24: "[DYS] xx<8><STEAM_0:0:8714446><NSF>" killed "[AUX-] Nutnoze<5><STEAM_0:1:9530793><Jinrai>" with "mx"
L 02/18/2024 - 19:15:24: "[DYS] bauxite<6><STEAM_0:0:5757747><NSF>" triggered "kill_assist"
L 02/18/2024 - 19:15:39: "[DYS] Infrequent<19><STEAM_0:1:6384081><NSF>" killed "[AUX-] MilK<15><STEAM_0:1:28287031><Jinrai>" with "mx"
L 02/18/2024 - 19:15:45: "[AUX-] Phorce_Phed<18><STEAM_0:1:9863507><Jinrai>" killed "[DYS] Infrequent<19><STEAM_0:1:6384081><NSF>" with "zr68s"
L 02/18/2024 - 19:15:45: "[AUX-] MilK<15><STEAM_0:1:28287031><Jinrai>" triggered "kill_assist"
L 02/18/2024 - 19:15:55: "[DYS] xx<8><STEAM_0:0:8714446><NSF>" killed "[AUX-] Phorce_Phed<18><STEAM_0:1:9863507><Jinrai>" with "mx"
L 02/18/2024 - 19:15:56: "[AUX-] Blåberry<16><STEAM_0:1:20365268><Jinrai>" killed "[DYS] xx<8><STEAM_0:0:8714446><NSF>" with "mx"
L 02/18/2024 - 19:15:58: "[DYS] bauxite<6><STEAM_0:0:5757747><NSF>" say_team "ntnt"
L 02/18/2024 - 19:16:08: "[DYS] bauxite<6><STEAM_0:0:5757747><NSF>" say_team "go sup"
L 02/18/2024 - 19:16:14: "[DYS] bauxite<6><STEAM_0:0:5757747><NSF>" say_team "someoe"
L 02/18/2024 - 19:16:18: "[DYS] bauxite<6><STEAM_0:0:5757747><NSF>" say_team "na"
L 02/18/2024 - 19:17:03: "[AUX-] Nutnoze<5><STEAM_0:1:9530793><Jinrai>" killed "[DYS] xx<8><STEAM_0:0:8714446><NSF>" with "mx"
L 02/18/2024 - 19:17:03: "[AUX-] Phorce_Phed<18><STEAM_0:1:9863507><Jinrai>" triggered "kill_assist"
L 02/18/2024 - 19:17:04: "[AUX-] Oni<20><STEAM_0:1:10174276><Jinrai>" killed "[DYS] bauxite<6><STEAM_0:0:5757747><NSF>" with "mx"
L 02/18/2024 - 19:17:04: "[DYS] bauxite<6><STEAM_0:0:5757747><NSF>" say_team "77 Assault mx"
L 02/18/2024 - 19:17:08: "[DYS] Infrequent<19><STEAM_0:1:6384081><NSF>" killed "[AUX-] Nutnoze<5><STEAM_0:1:9530793><Jinrai>" with "grenade_projectile"
L 02/18/2024 - 19:17:09: "[DYS] bauxite<6><STEAM_0:0:5757747><NSF>" say_team "no too many blue"
L 02/18/2024 - 19:17:09: "[DYS] Shazam<13><STEAM_0:1:59236187><NSF>" killed "[AUX-] Blåberry<16><STEAM_0:1:20365268><Jinrai>" with "supa7"
L 02/18/2024 - 19:17:20: "[DYS] Infrequent<19><STEAM_0:1:6384081><NSF>" killed "[AUX-] MilK<15><STEAM_0:1:28287031><Jinrai>" with "mx"
L 02/18/2024 - 19:17:38: "[DYS] Infrequent<19><STEAM_0:1:6384081><NSF>" killed "[AUX-] Oni<20><STEAM_0:1:10174276><Jinrai>" with "mx"
L 02/18/2024 - 19:17:39: "[DYS] Shazam<13><STEAM_0:1:59236187><NSF>" killed "[AUX-] Phorce_Phed<18><STEAM_0:1:9863507><Jinrai>" with "supa7"
L 02/18/2024 - 19:17:39: "[DYS] bauxite<6><STEAM_0:0:5757747><NSF>" triggered "kill_assist"
L 02/18/2024 - 19:17:42: "[DYS] bauxite<6><STEAM_0:0:5757747><NSF>" say_team "nice"
L 02/18/2024 - 19:17:44: "[DYS] bauxite<6><STEAM_0:0:5757747><NSF>" say_team "huge"
L 02/18/2024 - 19:18:02: "[DYS] bauxite<6><STEAM_0:0:5757747><NSF>" say_team "they rushed the shit out of blue"
L 02/18/2024 - 19:18:17: "[AUX-] Blåberry<16><STEAM_0:1:20365268><Jinrai>" killed "[DYS] Infrequent<19><STEAM_0:1:6384081><NSF>" with "mx"
L 02/18/2024 - 19:18:22: "[DYS] Shazam<13><STEAM_0:1:59236187><NSF>" killed "[AUX-] Oni<20><STEAM_0:1:10174276><Jinrai>" with "m41s"
L 02/18/2024 - 19:18:23: "[AUX-] Oni<20><STEAM_0:1:10174276><Jinrai>" killed "[DYS] Shazam<13><STEAM_0:1:59236187><NSF>" with "grenade_projectile"
L 02/18/2024 - 19:18:46: "[AUX-] Blåberry<16><STEAM_0:1:20365268><Jinrai>" killed "[DYS] xx<8><STEAM_0:0:8714446><NSF>" with "mx"
L 02/18/2024 - 19:18:48: "[DYS] bauxite<6><STEAM_0:0:5757747><NSF>" killed "[AUX-] Blåberry<16><STEAM_0:1:20365268><Jinrai>" with "mx"
L 02/18/2024 - 19:18:48: "[DYS] Infrequent<19><STEAM_0:1:6384081><NSF>" triggered "kill_assist"
L 02/18/2024 - 19:18:59: "[DYS] bauxite<6><STEAM_0:0:5757747><NSF>" killed "[AUX-] MilK<15><STEAM_0:1:28287031><Jinrai>" with "mx"
L 02/18/2024 - 19:19:03: "[DYS] Hosomi<14><STEAM_0:0:51357353><NSF>" killed "[AUX-] Nutnoze<5><STEAM_0:1:9530793><Jinrai>" with "jittescoped"
L 02/18/2024 - 19:19:18: "[DYS] bauxite<6><STEAM_0:0:5757747><NSF>" say_team "im there"
L 02/18/2024 - 19:19:30: "[DYS] bauxite<6><STEAM_0:0:5757747><NSF>" say_team "go hunt him"
L 02/18/2024 - 19:19:36: "[DYS] bauxite<6><STEAM_0:0:5757747><NSF>" say_team "just hunt him at the last"
L 02/18/2024 - 19:19:38: "[AUX-] Phorce_Phed<18><STEAM_0:1:9863507><Jinrai>" killed "[DYS] Hosomi<14><STEAM_0:0:51357353><NSF>" with "zr68s"
L 02/18/2024 - 19:19:38: "[AUX-] Blåberry<16><STEAM_0:1:20365268><Jinrai>" triggered "kill_assist"
L 02/18/2024 - 19:20:02: "[DYS] bauxite<6><STEAM_0:0:5757747><NSF>" killed "[AUX-] Phorce_Phed<18><STEAM_0:1:9863507><Jinrai>" with "mx"
L 02/18/2024 - 19:20:02: "[DYS] Hosomi<14><STEAM_0:0:51357353><NSF>" triggered "kill_assist"
L 02/18/2024 - 19:20:10: "[AUX-] Blåberry<16><STEAM_0:1:20365268><Jinrai>" say "ggwp"
L 02/18/2024 - 19:20:12: "[DYS] Infrequent<19><STEAM_0:1:6384081><NSF>" say "gg"
L 02/18/2024 - 19:20:18: "suna<11><STEAM_0:1:29157668><Spectator>" say "gg"
L 02/18/2024 - 19:20:19: "[AUX-] Nutnoze<5><STEAM_0:1:9530793><Jinrai>" say "gg"
L 02/18/2024 - 19:20:19: "[AUX-] Oni<20><STEAM_0:1:10174276><Jinrai>" say "gg"
L 02/18/2024 - 19:20:20: "[DYS] bauxite<6><STEAM_0:0:5757747><NSF>" say "gg wp"
L 02/18/2024 - 19:20:22: "[DYS] bauxite<6><STEAM_0:0:5757747><NSF>" say_team "wp guys"
L 02/18/2024 - 19:20:23: "[AUX-] MilK<15><STEAM_0:1:28287031><Jinrai>" say "ggwp"
L 02/18/2024 - 19:20:29: "[DYS] xx<8><STEAM_0:0:8714446><NSF>" say "ggs"
L 02/18/2024 - 19:20:32: "[AUX-] Phorce_Phed<18><STEAM_0:1:9863507><Jinrai>" disconnected (reason "Disconnect by user.")
L 02/18/2024 - 19:21:12: "[CAST] Ghost Lizard<9><STEAM_0:1:20336729><Spectator>" disconnected (reason "Disconnect by user.")
L 02/18/2024 - 19:21:29: "[DYS] bauxite<6><STEAM_0:0:5757747><NSF>" say "!ready"
L 02/18/2024 - 19:21:43: "[DYS] bauxite<6><STEAM_0:0:5757747><NSF>" say "changing map for demos and logs"
L 02/18/2024 - 19:21:51: "[DYS] bauxite<6><STEAM_0:0:5757747><NSF>" say "!map nt_threadplate_ctg"
L 02/18/2024 - 19:21:54: [META] Loaded 0 plugins (1 already loaded)
L 02/18/2024 - 19:21:54: [META] Loaded 0 plugins (1 already loaded)
L 02/18/2024 - 19:21:54: Log file closed
