L 01/13/2024 - 19:36:30: Log file started (file "logs\L0113012.log") (game "z:\home\steam\steam\steamapps\common\nt\NeotokyoSource") (version "4044")
L 01/13/2024 - 19:36:30: server_cvar: "sv_pausable" "0"
L 01/13/2024 - 19:36:30: server_cvar: "sv_contact" "baux.site"
L 01/13/2024 - 19:36:30: server_cvar: "sv_gravity" "800"
L 01/13/2024 - 19:36:30: server_cvar: "mp_friendlyfire" "1"
L 01/13/2024 - 19:36:33: "[DYS] bauxite<53><STEAM_0:0:5757747><>" entered the game
L 01/13/2024 - 19:36:34: "[DYS] Shazam<52><STEAM_0:1:59236187><>" entered the game
L 01/13/2024 - 19:36:34: "Ghost Lizard<41><STEAM_0:1:20336729><>" entered the game
L 01/13/2024 - 19:36:36: "[BONK] kinoko /a/<35><STEAM_0:0:83067719><>" entered the game
L 01/13/2024 - 19:36:37: "[DYS] Infrequent<48><STEAM_0:1:6384081><>" entered the game
L 01/13/2024 - 19:36:37: "[BONK] jef<50><STEAM_0:1:42399966><>" entered the game
L 01/13/2024 - 19:36:38: "[BONK] Persica<49><STEAM_0:1:19015690><>" entered the game
L 01/13/2024 - 19:36:38: "[BONK] kinoko /a/<35><STEAM_0:0:83067719><Unassigned>" joined team "Jinrai"
L 01/13/2024 - 19:36:39: "Ghost Lizard<41><STEAM_0:1:20336729><Unassigned>" joined team "Spectator"
L 01/13/2024 - 19:36:39: "[TagsR4Nerds] Average<42><STEAM_0:1:57251237><>" entered the game
L 01/13/2024 - 19:36:39: "[DYS] bauxite<53><STEAM_0:0:5757747><Unassigned>" joined team "NSF"
L 01/13/2024 - 19:36:40: "[DYS] Infrequent<48><STEAM_0:1:6384081><Unassigned>" joined team "NSF"
L 01/13/2024 - 19:36:41: "[BONK] jef<50><STEAM_0:1:42399966><Unassigned>" joined team "Jinrai"
L 01/13/2024 - 19:36:41: "[BONK] Muffin-Dono<45><STEAM_0:1:42031632><>" entered the game
L 01/13/2024 - 19:36:42: "[BONK] Persica<49><STEAM_0:1:19015690><Unassigned>" joined team "Jinrai"
L 01/13/2024 - 19:36:44: "Agiel<46><STEAM_0:1:25025><>" entered the game
L 01/13/2024 - 19:36:45: "[BONK] Muffin-Dono<45><STEAM_0:1:42031632><Unassigned>" joined team "Jinrai"
L 01/13/2024 - 19:36:45: "[TagsR4Nerds] Average<42><STEAM_0:1:57251237><Unassigned>" joined team "Spectator"
L 01/13/2024 - 19:36:47: "[DYS] Shazam<52><STEAM_0:1:59236187><Unassigned>" joined team "NSF"
L 01/13/2024 - 19:36:50: "[DYS] You're Pissed Off<43><STEAM_0:1:44658357><>" entered the game
L 01/13/2024 - 19:36:56: "[DYS] You're Pissed Off<43><STEAM_0:1:44658357><Unassigned>" joined team "NSF"
L 01/13/2024 - 19:37:01: "[BONK] 草<38><STEAM_0:1:39165168><>" entered the game
L 01/13/2024 - 19:37:09: "Agiel<46><STEAM_0:1:25025><Unassigned>" joined team "Spectator"
L 01/13/2024 - 19:37:34: "[DYS] Shazam<52><STEAM_0:1:59236187><NSF>" say "!ready"
L 01/13/2024 - 19:37:36: "[DYS] bauxite<53><STEAM_0:0:5757747><NSF>" say "pls someone fix this invis prop"
L 01/13/2024 - 19:38:02: "[DYS] bauxite<53><STEAM_0:0:5757747><NSF>" say_team "i dont"
L 01/13/2024 - 19:38:13: "[DYS] bauxite<53><STEAM_0:0:5757747><NSF>" say_team "good idea yea"
L 01/13/2024 - 19:38:55: "[DYS] bauxite<53><STEAM_0:0:5757747><NSF>" say_team "lmao"
L 01/13/2024 - 19:38:57: "[DYS] bauxite<53><STEAM_0:0:5757747><NSF>" say_team "i just typed that"
L 01/13/2024 - 19:38:59: "[DYS] bauxite<53><STEAM_0:0:5757747><NSF>" say_team "hah"
L 01/13/2024 - 19:39:10: "[DYS] bauxite<53><STEAM_0:0:5757747><NSF>" say "ill send it"
L 01/13/2024 - 19:40:28: "[DYS] bauxite<53><STEAM_0:0:5757747><NSF>" say_team "do u want first round"
L 01/13/2024 - 19:41:13: "[DYS] Hosomi (WHERE THE TEAM)<54><STEAM_ID_PENDING><>" connected, address "86.188.13.80:27005"
L 01/13/2024 - 19:41:13: "[DYS] Hosomi (WHERE THE TEAM)<54><STEAM_0:0:51357353><>" STEAM USERID validated
L 01/13/2024 - 19:41:24: "[DYS] bauxite<53><STEAM_0:0:5757747><NSF>" say_team "i think the breakable glass doesnt absorb all pellets"
L 01/13/2024 - 19:41:26: "[DYS] Hosomi (WHERE THE TEAM)<54><STEAM_0:0:51357353><>" entered the game
L 01/13/2024 - 19:41:29: "[DYS] Hosomi (WHERE THE TEAM)<54><STEAM_0:0:51357353><Unassigned>" joined team "NSF"
L 01/13/2024 - 19:41:36: "[BONK] jef<50><STEAM_0:1:42399966><Jinrai>" say_team "!ready"
L 01/13/2024 - 19:41:39: "[DYS] Hosomi (WHERE THE TEAM)<54><STEAM_0:0:51357353><NSF>" changed name to "[DYS] Hosomi"
L 01/13/2024 - 19:41:51: "[DYS] Shazam<52><STEAM_0:1:59236187><NSF>" say "!ready"
L 01/13/2024 - 19:41:53: "[DYS] Shazam<52><STEAM_0:1:59236187><NSF>" say "!ready"
L 01/13/2024 - 19:41:54: "[DYS] Shazam<52><STEAM_0:1:59236187><NSF>" say "!ready"
L 01/13/2024 - 19:41:55: "[DYS] You're Pissed Off<43><STEAM_0:1:44658357><NSF>" say "!ready"
L 01/13/2024 - 19:41:57: "[DYS] bauxite<53><STEAM_0:0:5757747><NSF>" say "!ready"
L 01/13/2024 - 19:41:59: "[DYS] Hosomi<54><STEAM_0:0:51357353><NSF>" say "!ready"
L 01/13/2024 - 19:42:01: "[DYS] Infrequent<48><STEAM_0:1:6384081><NSF>" say "!ready"
L 01/13/2024 - 19:42:03: "[DYS] bauxite<53><STEAM_0:0:5757747><NSF>" say_team "keep in mind ghost"
L 01/13/2024 - 19:42:09: "[DYS] Hosomi<54><STEAM_0:0:51357353><NSF>" say "!readylist"
L 01/13/2024 - 19:42:12: "[DYS] Hosomi<54><STEAM_0:0:51357353><NSF>" say "GRAAAAAAAAAAAASS"
L 01/13/2024 - 19:42:16: "[BONK] kinoko /a/<35><STEAM_0:0:83067719><Jinrai>" say "grass is smoking"
L 01/13/2024 - 19:42:17: "[DYS] Infrequent<48><STEAM_0:1:6384081><NSF>" say "he smokin"
L 01/13/2024 - 19:42:20: "[DYS] Hosomi<54><STEAM_0:0:51357353><NSF>" say "GET THAT FAG OUT OF YOUR MOUTH"
L 01/13/2024 - 19:42:21: "[DYS] You're Pissed Off<43><STEAM_0:1:44658357><NSF>" say "pack a day don"
L 01/13/2024 - 19:42:26: "[DYS] Hosomi<54><STEAM_0:0:51357353><NSF>" say "ITS NT TIME"
L 01/13/2024 - 19:42:37: "[DYS] You're Pissed Off<43><STEAM_0:1:44658357><NSF>" say "doping with nicotine"
L 01/13/2024 - 19:43:07: "[DYS] bauxite<53><STEAM_0:0:5757747><NSF>" say "shaz actually fr got another tournie to win"
L 01/13/2024 - 19:43:13: "[BONK] Persica<49><STEAM_0:1:19015690><Jinrai>" say "grass just said they're smoking"
L 01/13/2024 - 19:43:20: "[BONK] Persica<49><STEAM_0:1:19015690><Jinrai>" say "so idk"
L 01/13/2024 - 19:43:20: "[BONK] jef<50><STEAM_0:1:42399966><Jinrai>" say "smoking grass"
L 01/13/2024 - 19:43:26: "[DYS] You're Pissed Off<43><STEAM_0:1:44658357><NSF>" say "suck harder"
L 01/13/2024 - 19:43:32: "[DYS] Infrequent<48><STEAM_0:1:6384081><NSF>" say "inhale better"
L 01/13/2024 - 19:43:33: "[TagsR4Nerds] Average<42><STEAM_0:1:57251237><Spectator>" say "suspicious"
L 01/13/2024 - 19:43:35: "[DYS] Shazam<52><STEAM_0:1:59236187><NSF>" say "??"
L 01/13/2024 - 19:43:43: "[BONK] 草<38><STEAM_0:1:39165168><Unassigned>" joined team "Jinrai"
L 01/13/2024 - 19:43:47: "[DYS] bauxite<53><STEAM_0:0:5757747><NSF>" say "just kidding, the legendary smoke break"
L 01/13/2024 - 19:43:48: "[DYS] Hosomi<54><STEAM_0:0:51357353><NSF>" disconnected (reason "Disconnect by user.")
L 01/13/2024 - 19:43:54: "[DYS] Infrequent<48><STEAM_0:1:6384081><NSF>" say "hosomi fixing a tech issue"
L 01/13/2024 - 19:44:03: "[DYS] Hosomi<55><STEAM_ID_PENDING><>" connected, address "86.188.13.80:27005"
L 01/13/2024 - 19:44:03: "[DYS] Hosomi<55><STEAM_0:0:51357353><>" STEAM USERID validated
L 01/13/2024 - 19:44:06: "[DYS] Hosomi<55><STEAM_0:0:51357353><>" entered the game
L 01/13/2024 - 19:44:09: "[DYS] Hosomi<55><STEAM_0:0:51357353><Unassigned>" joined team "NSF"
L 01/13/2024 - 19:44:12: "[DYS] bauxite<53><STEAM_0:0:5757747><NSF>" say "we're giving a new name to that invis prop on roof"
L 01/13/2024 - 19:44:23: "[BONK] Muffin-Dono<45><STEAM_0:1:42031632><Jinrai>" say "!ready"
L 01/13/2024 - 19:44:24: "[DYS] Hosomi<55><STEAM_0:0:51357353><NSF>" say "!ready"
L 01/13/2024 - 19:44:25: "[DYS] bauxite<53><STEAM_0:0:5757747><NSF>" say_team "ddos prop"
L 01/13/2024 - 19:44:26: "[DYS] Infrequent<48><STEAM_0:1:6384081><NSF>" say "!ready"
L 01/13/2024 - 19:44:27: "[BONK] Persica<49><STEAM_0:1:19015690><Jinrai>" say "!ready"
L 01/13/2024 - 19:44:31: "[BONK] 草<38><STEAM_0:1:39165168><Jinrai>" say "!ready"
L 01/13/2024 - 19:44:32: "[DYS] bauxite<53><STEAM_0:0:5757747><NSF>" say_team "its teamchat"
L 01/13/2024 - 19:44:33: "[DYS] bauxite<53><STEAM_0:0:5757747><NSF>" say_team "dw"
L 01/13/2024 - 19:44:35: "[DYS] Infrequent<48><STEAM_0:1:6384081><NSF>" say "gl hf"
L 01/13/2024 - 19:44:42: "[DYS] bauxite<53><STEAM_0:0:5757747><NSF>" say "glhf"
L 01/13/2024 - 19:45:55: "[BONK] jef<50><STEAM_0:1:42399966><Jinrai>" killed "[DYS] Infrequent<48><STEAM_0:1:6384081><NSF>" with "grenade_projectile"
L 01/13/2024 - 19:45:55: "[BONK] kinoko /a/<35><STEAM_0:0:83067719><Jinrai>" triggered "kill_assist"
L 01/13/2024 - 19:46:05: "[BONK] kinoko /a/<35><STEAM_0:0:83067719><Jinrai>" killed "[DYS] Hosomi<55><STEAM_0:0:51357353><NSF>" with "zr68s"
L 01/13/2024 - 19:46:07: "[BONK] kinoko /a/<35><STEAM_0:0:83067719><Jinrai>" killed "[DYS] You're Pissed Off<43><STEAM_0:1:44658357><NSF>" with "zr68s"
L 01/13/2024 - 19:46:29: "[BONK] Muffin-Dono<45><STEAM_0:1:42031632><Jinrai>" killed "[DYS] Shazam<52><STEAM_0:1:59236187><NSF>" with "tachi"
L 01/13/2024 - 19:46:43: "[BONK] Muffin-Dono<45><STEAM_0:1:42031632><Jinrai>" killed "[DYS] bauxite<53><STEAM_0:0:5757747><NSF>" with "zr68s"
L 01/13/2024 - 19:47:04: "[BONK] Muffin-Dono<45><STEAM_0:1:42031632><Jinrai>" say_team "sorry about that"
L 01/13/2024 - 19:47:24: "[BONK] Muffin-Dono<45><STEAM_0:1:42031632><Jinrai>" killed "[DYS] Hosomi<55><STEAM_0:0:51357353><NSF>" with "zr68s"
L 01/13/2024 - 19:48:25: "[DYS] bauxite<53><STEAM_0:0:5757747><NSF>" say_team "Enemy in Front"
L 01/13/2024 - 19:48:26: "[DYS] Infrequent<48><STEAM_0:1:6384081><NSF>" killed "[BONK] 草<38><STEAM_0:1:39165168><Jinrai>" with "zr68s"
L 01/13/2024 - 19:48:33: "[BONK] Muffin-Dono<45><STEAM_0:1:42031632><Jinrai>" killed "[DYS] Infrequent<48><STEAM_0:1:6384081><NSF>" with "zr68s"
L 01/13/2024 - 19:48:40: "[BONK] Persica<49><STEAM_0:1:19015690><Jinrai>" killed "[DYS] bauxite<53><STEAM_0:0:5757747><NSF>" with "zr68s"
L 01/13/2024 - 19:48:40: "[BONK] jef<50><STEAM_0:1:42399966><Jinrai>" killed "[DYS] Shazam<52><STEAM_0:1:59236187><NSF>" with "srm"
L 01/13/2024 - 19:48:41: "[DYS] You're Pissed Off<43><STEAM_0:1:44658357><NSF>" killed "[BONK] jef<50><STEAM_0:1:42399966><Jinrai>" with "zr68s"
L 01/13/2024 - 19:48:41: "[DYS] bauxite<53><STEAM_0:0:5757747><NSF>" triggered "kill_assist"
L 01/13/2024 - 19:48:46: "[BONK] kinoko /a/<35><STEAM_0:0:83067719><Jinrai>" killed "[DYS] You're Pissed Off<43><STEAM_0:1:44658357><NSF>" with "mx"
L 01/13/2024 - 19:48:59: "[DYS] bauxite<53><STEAM_0:0:5757747><NSF>" say_team "im going assault"
L 01/13/2024 - 19:49:54: "[BONK] Persica<49><STEAM_0:1:19015690><Jinrai>" killed "[DYS] Shazam<52><STEAM_0:1:59236187><NSF>" with "mx"
L 01/13/2024 - 19:49:55: "[DYS] You're Pissed Off<43><STEAM_0:1:44658357><NSF>" killed "[BONK] Persica<49><STEAM_0:1:19015690><Jinrai>" with "zr68s"
L 01/13/2024 - 19:50:13: "[BONK] jef<50><STEAM_0:1:42399966><Jinrai>" killed "[DYS] You're Pissed Off<43><STEAM_0:1:44658357><NSF>" with "zr68s"
L 01/13/2024 - 19:50:16: "[BONK] Muffin-Dono<45><STEAM_0:1:42031632><Jinrai>" killed "[DYS] Hosomi<55><STEAM_0:0:51357353><NSF>" with "zr68s"
L 01/13/2024 - 19:50:27: "[BONK] jef<50><STEAM_0:1:42399966><Jinrai>" killed "[DYS] Infrequent<48><STEAM_0:1:6384081><NSF>" with "zr68s"
L 01/13/2024 - 19:51:00: "[BONK] jef<50><STEAM_0:1:42399966><Jinrai>" killed "[DYS] bauxite<53><STEAM_0:0:5757747><NSF>" with "zr68s"
L 01/13/2024 - 19:51:00: "[BONK] 草<38><STEAM_0:1:39165168><Jinrai>" triggered "kill_assist"
L 01/13/2024 - 19:52:08: "[DYS] Infrequent<48><STEAM_0:1:6384081><NSF>" killed "[BONK] Muffin-Dono<45><STEAM_0:1:42031632><Jinrai>" with "zr68s"
L 01/13/2024 - 19:52:09: "[BONK] Persica<49><STEAM_0:1:19015690><Jinrai>" say_team "cloak recharge"
L 01/13/2024 - 19:52:13: "[BONK] jef<50><STEAM_0:1:42399966><Jinrai>" killed "[DYS] You're Pissed Off<43><STEAM_0:1:44658357><NSF>" with "mx"
L 01/13/2024 - 19:52:36: "[BONK] kinoko /a/<35><STEAM_0:0:83067719><Jinrai>" killed "[DYS] bauxite<53><STEAM_0:0:5757747><NSF>" with "srm"
L 01/13/2024 - 19:52:39: "[DYS] bauxite<53><STEAM_0:0:5757747><NSF>" say_team "23 "
L 01/13/2024 - 19:52:43: "[BONK] Persica<49><STEAM_0:1:19015690><Jinrai>" killed "[DYS] Hosomi<55><STEAM_0:0:51357353><NSF>" with "mx"
L 01/13/2024 - 19:52:59: "[DYS] Shazam<52><STEAM_0:1:59236187><NSF>" killed "[BONK] 草<38><STEAM_0:1:39165168><Jinrai>" with "srm"
L 01/13/2024 - 19:53:24: "[DYS] Shazam<52><STEAM_0:1:59236187><NSF>" killed "[BONK] Persica<49><STEAM_0:1:19015690><Jinrai>" with "srm"
L 01/13/2024 - 19:53:26: "[DYS] Infrequent<48><STEAM_0:1:6384081><NSF>" killed "[BONK] jef<50><STEAM_0:1:42399966><Jinrai>" with "zr68s"
L 01/13/2024 - 19:53:26: "[DYS] Shazam<52><STEAM_0:1:59236187><NSF>" triggered "kill_assist"
L 01/13/2024 - 19:53:30: "[DYS] bauxite<53><STEAM_0:0:5757747><NSF>" say_team "last was kino low hp"
L 01/13/2024 - 19:53:32: "[DYS] Infrequent<48><STEAM_0:1:6384081><NSF>" killed "[BONK] kinoko /a/<35><STEAM_0:0:83067719><Jinrai>" with "zr68s"
L 01/13/2024 - 19:53:32: "[DYS] bauxite<53><STEAM_0:0:5757747><NSF>" triggered "kill_assist"
L 01/13/2024 - 19:53:53: "[DYS] bauxite<53><STEAM_0:0:5757747><NSF>" say_team "are the fatting"
L 01/13/2024 - 19:54:00: "[DYS] bauxite<53><STEAM_0:0:5757747><NSF>" say_team "maybe we cud as well if needed"
L 01/13/2024 - 19:54:49: "[DYS] bauxite<53><STEAM_0:0:5757747><NSF>" say_team "Enemy in Front"
L 01/13/2024 - 19:54:58: "[DYS] bauxite<53><STEAM_0:0:5757747><NSF>" say_team "1 office"
L 01/13/2024 - 19:54:59: "[DYS] bauxite<53><STEAM_0:0:5757747><NSF>" say_team "maybe more"
L 01/13/2024 - 19:55:06: "[DYS] You're Pissed Off<43><STEAM_0:1:44658357><NSF>" killed "[BONK] jef<50><STEAM_0:1:42399966><Jinrai>" with "zr68s"
L 01/13/2024 - 19:55:13: "[DYS] You're Pissed Off<43><STEAM_0:1:44658357><NSF>" killed "[BONK] Persica<49><STEAM_0:1:19015690><Jinrai>" with "zr68s"
L 01/13/2024 - 19:55:16: "[BONK] Muffin-Dono<45><STEAM_0:1:42031632><Jinrai>" killed "[DYS] You're Pissed Off<43><STEAM_0:1:44658357><NSF>" with "mx"
L 01/13/2024 - 19:55:16: "[BONK] Persica<49><STEAM_0:1:19015690><Jinrai>" triggered "kill_assist"
L 01/13/2024 - 19:55:17: "[DYS] Infrequent<48><STEAM_0:1:6384081><NSF>" killed "[BONK] Muffin-Dono<45><STEAM_0:1:42031632><Jinrai>" with "zr68s"
L 01/13/2024 - 19:55:24: "[DYS] Shazam<52><STEAM_0:1:59236187><NSF>" killed "[BONK] 草<38><STEAM_0:1:39165168><Jinrai>" with "srm"
L 01/13/2024 - 19:55:40: "[DYS] Shazam<52><STEAM_0:1:59236187><NSF>" killed "[BONK] kinoko /a/<35><STEAM_0:0:83067719><Jinrai>" with "mx"
L 01/13/2024 - 19:55:40: "[DYS] Hosomi<55><STEAM_0:0:51357353><NSF>" triggered "kill_assist"
L 01/13/2024 - 19:55:50: "[DYS] bauxite<53><STEAM_0:0:5757747><NSF>" say_team "time to mx"
L 01/13/2024 - 19:56:27: "[BONK] Persica<49><STEAM_0:1:19015690><Jinrai>" killed "[DYS] You're Pissed Off<43><STEAM_0:1:44658357><NSF>" with "mx"
L 01/13/2024 - 19:57:23: "[DYS] bauxite<53><STEAM_0:0:5757747><NSF>" killed "[BONK] Persica<49><STEAM_0:1:19015690><Jinrai>" with "mx"
L 01/13/2024 - 19:57:39: "[BONK] 草<38><STEAM_0:1:39165168><Jinrai>" killed "[DYS] Hosomi<55><STEAM_0:0:51357353><NSF>" with "zr68s"
L 01/13/2024 - 19:57:39: "[BONK] Muffin-Dono<45><STEAM_0:1:42031632><Jinrai>" triggered "kill_assist"
L 01/13/2024 - 19:57:46: "[BONK] 草<38><STEAM_0:1:39165168><Jinrai>" killed "[DYS] Shazam<52><STEAM_0:1:59236187><NSF>" with "grenade_projectile"
L 01/13/2024 - 19:57:51: "[DYS] Infrequent<48><STEAM_0:1:6384081><NSF>" killed "[BONK] 草<38><STEAM_0:1:39165168><Jinrai>" with "zr68s"
L 01/13/2024 - 19:57:57: "[DYS] bauxite<53><STEAM_0:0:5757747><NSF>" say_team "can u watch other cap i got bridge"
L 01/13/2024 - 19:57:58: "[DYS] Infrequent<48><STEAM_0:1:6384081><NSF>" killed "[BONK] Muffin-Dono<45><STEAM_0:1:42031632><Jinrai>" with "zr68s"
L 01/13/2024 - 19:58:19: "[BONK] jef<50><STEAM_0:1:42399966><Jinrai>" killed "[DYS] Infrequent<48><STEAM_0:1:6384081><NSF>" with "mx"
L 01/13/2024 - 19:59:02: "[DYS] Infrequent<48><STEAM_0:1:6384081><NSF>" killed "[BONK] Muffin-Dono<45><STEAM_0:1:42031632><Jinrai>" with "mx"
L 01/13/2024 - 19:59:07: "[BONK] Persica<49><STEAM_0:1:19015690><Jinrai>" killed "[DYS] Infrequent<48><STEAM_0:1:6384081><NSF>" with "mx"
L 01/13/2024 - 19:59:07: "[BONK] Muffin-Dono<45><STEAM_0:1:42031632><Jinrai>" triggered "kill_assist"
L 01/13/2024 - 19:59:12: "[BONK] Muffin-Dono<45><STEAM_0:1:42031632><Jinrai>" say "damn it infreq"
L 01/13/2024 - 19:59:12: "[BONK] Persica<49><STEAM_0:1:19015690><Jinrai>" killed "[DYS] You're Pissed Off<43><STEAM_0:1:44658357><NSF>" with "mx"
L 01/13/2024 - 19:59:13: "[DYS] Shazam<52><STEAM_0:1:59236187><NSF>" killed "[BONK] Persica<49><STEAM_0:1:19015690><Jinrai>" with "srm"
L 01/13/2024 - 19:59:16: "[BONK] Muffin-Dono<45><STEAM_0:1:42031632><Jinrai>" say "stop styling me up"
L 01/13/2024 - 19:59:20: "[BONK] Muffin-Dono<45><STEAM_0:1:42031632><Jinrai>" say "we're from the same country"
L 01/13/2024 - 19:59:31: "[DYS] Infrequent<48><STEAM_0:1:6384081><NSF>" say "britbong on britbong violence"
L 01/13/2024 - 19:59:37: "[DYS] Shazam<52><STEAM_0:1:59236187><NSF>" killed "[BONK] jef<50><STEAM_0:1:42399966><Jinrai>" with "mx"
L 01/13/2024 - 19:59:37: "[BONK] Muffin-Dono<45><STEAM_0:1:42031632><Jinrai>" say ":pensive:"
L 01/13/2024 - 19:59:37: "[BONK] 草<38><STEAM_0:1:39165168><Jinrai>" killed "[DYS] bauxite<53><STEAM_0:0:5757747><NSF>" with "zr68s"
L 01/13/2024 - 19:59:37: "[DYS] bauxite<53><STEAM_0:0:5757747><NSF>" say_team "100 Assault zr68s"
L 01/13/2024 - 19:59:37: "[BONK] kinoko /a/<35><STEAM_0:0:83067719><Jinrai>" killed "[DYS] Shazam<52><STEAM_0:1:59236187><NSF>" with "mx"
L 01/13/2024 - 19:59:38: "[BONK] jef<50><STEAM_0:1:42399966><Jinrai>" triggered "kill_assist"
L 01/13/2024 - 19:59:41: "[DYS] bauxite<53><STEAM_0:0:5757747><NSF>" say_team "office somewhere"
L 01/13/2024 - 20:00:23: "[BONK] 草<38><STEAM_0:1:39165168><Jinrai>" killed "[DYS] Hosomi<55><STEAM_0:0:51357353><NSF>" with "zr68s"
L 01/13/2024 - 20:00:23: "[BONK] kinoko /a/<35><STEAM_0:0:83067719><Jinrai>" triggered "kill_assist"
L 01/13/2024 - 20:00:36: "[DYS] bauxite<53><STEAM_0:0:5757747><NSF>" say_team "lets try fat"
L 01/13/2024 - 20:00:49: "[DYS] bauxite<53><STEAM_0:0:5757747><NSF>" say_team "shaz cd go sup"
L 01/13/2024 - 20:01:06: "[BONK] Persica<49><STEAM_0:1:19015690><Jinrai>" killed "[DYS] Hosomi<55><STEAM_0:0:51357353><NSF>" with "mx"
L 01/13/2024 - 20:01:07: "[DYS] Infrequent<48><STEAM_0:1:6384081><NSF>" killed "[BONK] Persica<49><STEAM_0:1:19015690><Jinrai>" with "mx"
L 01/13/2024 - 20:01:12: "[DYS] Shazam<52><STEAM_0:1:59236187><NSF>" killed "[BONK] 草<38><STEAM_0:1:39165168><Jinrai>" with "zr68c"
L 01/13/2024 - 20:01:13: "[BONK] jef<50><STEAM_0:1:42399966><Jinrai>" killed "[DYS] Shazam<52><STEAM_0:1:59236187><NSF>" with "mx"
L 01/13/2024 - 20:01:13: "[BONK] 草<38><STEAM_0:1:39165168><Jinrai>" triggered "kill_assist"
L 01/13/2024 - 20:01:13: "[DYS] Infrequent<48><STEAM_0:1:6384081><NSF>" killed "[BONK] jef<50><STEAM_0:1:42399966><Jinrai>" with "mx"
L 01/13/2024 - 20:01:25: "[DYS] bauxite<53><STEAM_0:0:5757747><NSF>" say_team "Enemy in Front"
L 01/13/2024 - 20:01:30: "[DYS] Infrequent<48><STEAM_0:1:6384081><NSF>" killed "[BONK] Muffin-Dono<45><STEAM_0:1:42031632><Jinrai>" with "mx"
L 01/13/2024 - 20:01:33: "[BONK] Persica<49><STEAM_0:1:19015690><Jinrai>" say_team "i do feel like im having funny with this server registration"
L 01/13/2024 - 20:01:43: "[BONK] Persica<49><STEAM_0:1:19015690><Jinrai>" say_team "because i held that mx on a dissociating recon for five businessa years"
L 01/13/2024 - 20:01:46: "[BONK] Persica<49><STEAM_0:1:19015690><Jinrai>" say_team "but i might just be coping"
L 01/13/2024 - 20:02:12: "[BONK] kinoko /a/<35><STEAM_0:0:83067719><Jinrai>" killed "[DYS] bauxite<53><STEAM_0:0:5757747><NSF>" with "mx"
L 01/13/2024 - 20:02:12: "[DYS] bauxite<53><STEAM_0:0:5757747><NSF>" say_team "87 Support mx"
L 01/13/2024 - 20:02:16: "[DYS] Infrequent<48><STEAM_0:1:6384081><NSF>" killed "[BONK] kinoko /a/<35><STEAM_0:0:83067719><Jinrai>" with "mx"
L 01/13/2024 - 20:02:58: "[DYS] Hosomi<55><STEAM_0:0:51357353><NSF>" committed suicide with "world"
L 01/13/2024 - 20:03:13: "[BONK] Persica<49><STEAM_0:1:19015690><Jinrai>" killed "[DYS] Shazam<52><STEAM_0:1:59236187><NSF>" with "mx"
L 01/13/2024 - 20:03:25: "[DYS] bauxite<53><STEAM_0:0:5757747><NSF>" say_team "Enemy in Front"
L 01/13/2024 - 20:03:34: "[DYS] Infrequent<48><STEAM_0:1:6384081><NSF>" killed "[BONK] Muffin-Dono<45><STEAM_0:1:42031632><Jinrai>" with "mx"
L 01/13/2024 - 20:03:36: "[DYS] You're Pissed Off<43><STEAM_0:1:44658357><NSF>" killed "[BONK] 草<38><STEAM_0:1:39165168><Jinrai>" with "zr68s"
L 01/13/2024 - 20:03:50: "[DYS] Infrequent<48><STEAM_0:1:6384081><NSF>" killed "[BONK] kinoko /a/<35><STEAM_0:0:83067719><Jinrai>" with "mx"
L 01/13/2024 - 20:04:01: "[DYS] bauxite<53><STEAM_0:0:5757747><NSF>" say_team "Enemy in Front"
L 01/13/2024 - 20:04:02: "[BONK] Persica<49><STEAM_0:1:19015690><Jinrai>" killed "[DYS] bauxite<53><STEAM_0:0:5757747><NSF>" with "mx"
L 01/13/2024 - 20:04:02: "[DYS] bauxite<53><STEAM_0:0:5757747><NSF>" say_team "54 Recon mx"
L 01/13/2024 - 20:04:04: "[DYS] You're Pissed Off<43><STEAM_0:1:44658357><NSF>" killed "[BONK] Persica<49><STEAM_0:1:19015690><Jinrai>" with "zr68s"
L 01/13/2024 - 20:04:05: "[DYS] Infrequent<48><STEAM_0:1:6384081><NSF>" killed "[BONK] jef<50><STEAM_0:1:42399966><Jinrai>" with "mx"
L 01/13/2024 - 20:04:15: "[DYS] bauxite<53><STEAM_0:0:5757747><NSF>" say_team "oh shit"
L 01/13/2024 - 20:04:51: "[BONK] Persica<49><STEAM_0:1:19015690><Jinrai>" killed "[DYS] bauxite<53><STEAM_0:0:5757747><NSF>" with "mx"
L 01/13/2024 - 20:04:51: "[DYS] bauxite<53><STEAM_0:0:5757747><NSF>" say_team "93 Recon mx"
L 01/13/2024 - 20:04:53: "[DYS] bauxite<53><STEAM_0:0:5757747><NSF>" say_team "Enemy is Behind"
L 01/13/2024 - 20:04:57: "[DYS] bauxite<53><STEAM_0:0:5757747><NSF>" say_team "2 behind"
L 01/13/2024 - 20:05:00: "[DYS] bauxite<53><STEAM_0:0:5757747><NSF>" say_team "droped"
L 01/13/2024 - 20:05:06: "[DYS] Shazam<52><STEAM_0:1:59236187><NSF>" killed "[BONK] Muffin-Dono<45><STEAM_0:1:42031632><Jinrai>" with "zr68c"
L 01/13/2024 - 20:05:15: "[DYS] Hosomi<55><STEAM_0:0:51357353><NSF>" killed "[BONK] Persica<49><STEAM_0:1:19015690><Jinrai>" with "mx"
L 01/13/2024 - 20:05:31: "[BONK] 草<38><STEAM_0:1:39165168><Jinrai>" killed "[DYS] You're Pissed Off<43><STEAM_0:1:44658357><NSF>" with "mx"
L 01/13/2024 - 20:05:46: "[DYS] Infrequent<48><STEAM_0:1:6384081><NSF>" killed "[BONK] 草<38><STEAM_0:1:39165168><Jinrai>" with "mx"
L 01/13/2024 - 20:06:40: "[DYS] Infrequent<48><STEAM_0:1:6384081><NSF>" killed "[BONK] jef<50><STEAM_0:1:42399966><Jinrai>" with "mx"
L 01/13/2024 - 20:06:51: "[DYS] bauxite<53><STEAM_0:0:5757747><NSF>" say_team "last 1"
L 01/13/2024 - 20:07:09: "[DYS] Shazam<52><STEAM_0:1:59236187><NSF>" killed "[BONK] kinoko /a/<35><STEAM_0:0:83067719><Jinrai>" with "mx"
L 01/13/2024 - 20:07:09: "[DYS] Hosomi<55><STEAM_0:0:51357353><NSF>" triggered "kill_assist"
L 01/13/2024 - 20:07:21: "[DYS] bauxite<53><STEAM_0:0:5757747><NSF>" say_team "they had 2 drop and i got pincered"
L 01/13/2024 - 20:07:29: "[DYS] Hosomi<55><STEAM_0:0:51357353><NSF>" disconnected (reason "Disconnect by user.")
L 01/13/2024 - 20:07:29: "[DYS] Hosomi<56><STEAM_ID_PENDING><>" connected, address "86.188.13.80:27005"
L 01/13/2024 - 20:07:29: "[DYS] Hosomi<56><STEAM_0:0:51357353><>" STEAM USERID validated
L 01/13/2024 - 20:07:31: "[DYS] Hosomi<56><STEAM_0:0:51357353><>" entered the game
L 01/13/2024 - 20:07:33: "[DYS] Hosomi<56><STEAM_0:0:51357353><Unassigned>" joined team "NSF"
L 01/13/2024 - 20:07:35: "[DYS] bauxite<53><STEAM_0:0:5757747><NSF>" say_team "Enemy in Front"
L 01/13/2024 - 20:08:18: "[DYS] bauxite<53><STEAM_0:0:5757747><NSF>" say_team "Enemy in Front"
L 01/13/2024 - 20:08:20: "[DYS] bauxite<53><STEAM_0:0:5757747><NSF>" say_team "Enemy in Front"
L 01/13/2024 - 20:08:25: "[DYS] Shazam<52><STEAM_0:1:59236187><NSF>" killed "[BONK] kinoko /a/<35><STEAM_0:0:83067719><Jinrai>" with "zr68c"
L 01/13/2024 - 20:08:34: "[DYS] bauxite<53><STEAM_0:0:5757747><NSF>" killed "[BONK] Persica<49><STEAM_0:1:19015690><Jinrai>" with "aa13"
L 01/13/2024 - 20:08:46: "[BONK] 草<38><STEAM_0:1:39165168><Jinrai>" killed "[DYS] bauxite<53><STEAM_0:0:5757747><NSF>" with "mx"
L 01/13/2024 - 20:08:46: "[DYS] bauxite<53><STEAM_0:0:5757747><NSF>" say_team "13 Support mx"
L 01/13/2024 - 20:08:49: "[BONK] 草<38><STEAM_0:1:39165168><Jinrai>" killed "[DYS] Hosomi<56><STEAM_0:0:51357353><NSF>" with "mx"
L 01/13/2024 - 20:08:49: "[BONK] Muffin-Dono<45><STEAM_0:1:42031632><Jinrai>" triggered "kill_assist"
L 01/13/2024 - 20:08:50: "[BONK] Muffin-Dono<45><STEAM_0:1:42031632><Jinrai>" killed "[DYS] Shazam<52><STEAM_0:1:59236187><NSF>" with "jittescoped"
L 01/13/2024 - 20:08:50: "[BONK] kinoko /a/<35><STEAM_0:0:83067719><Jinrai>" triggered "kill_assist"
L 01/13/2024 - 20:08:51: "[DYS] Infrequent<48><STEAM_0:1:6384081><NSF>" killed "[BONK] 草<38><STEAM_0:1:39165168><Jinrai>" with "mx"
L 01/13/2024 - 20:08:51: "[DYS] bauxite<53><STEAM_0:0:5757747><NSF>" triggered "kill_assist"
L 01/13/2024 - 20:08:54: "[BONK] jef<50><STEAM_0:1:42399966><Jinrai>" killed "[DYS] You're Pissed Off<43><STEAM_0:1:44658357><NSF>" with "mx"
L 01/13/2024 - 20:08:57: "[DYS] Infrequent<48><STEAM_0:1:6384081><NSF>" killed "[BONK] Muffin-Dono<45><STEAM_0:1:42031632><Jinrai>" with "mx"
L 01/13/2024 - 20:09:00: "[BONK] jef<50><STEAM_0:1:42399966><Jinrai>" killed "[DYS] Infrequent<48><STEAM_0:1:6384081><NSF>" with "mx"
L 01/13/2024 - 20:09:00: "[BONK] Muffin-Dono<45><STEAM_0:1:42031632><Jinrai>" triggered "kill_assist"
L 01/13/2024 - 20:09:03: "[DYS] bauxite<53><STEAM_0:0:5757747><NSF>" say_team "nt"
L 01/13/2024 - 20:09:20: "[DYS] Infrequent<48><STEAM_0:1:6384081><NSF>" disconnected (reason "Disconnect by user.")
L 01/13/2024 - 20:09:20: "[DYS] Infrequent<57><STEAM_ID_PENDING><>" connected, address "86.169.55.78:27005"
L 01/13/2024 - 20:09:20: "[DYS] Infrequent<57><STEAM_0:1:6384081><>" STEAM USERID validated
L 01/13/2024 - 20:09:21: "[DYS] Infrequent<57><STEAM_0:1:6384081><>" entered the game
L 01/13/2024 - 20:09:23: "[DYS] Infrequent<57><STEAM_0:1:6384081><Unassigned>" joined team "NSF"
L 01/13/2024 - 20:09:28: "[DYS] bauxite<53><STEAM_0:0:5757747><NSF>" say_team "they just had fat mx"
L 01/13/2024 - 20:09:41: "[DYS] bauxite<53><STEAM_0:0:5757747><NSF>" say_team "Enemy is Behind"
L 01/13/2024 - 20:09:48: "[DYS] You're Pissed Off<43><STEAM_0:1:44658357><NSF>" killed "[BONK] Muffin-Dono<45><STEAM_0:1:42031632><Jinrai>" with "mx"
L 01/13/2024 - 20:10:00: "[BONK] kinoko /a/<35><STEAM_0:0:83067719><Jinrai>" killed "[DYS] Shazam<52><STEAM_0:1:59236187><NSF>" with "supa7"
L 01/13/2024 - 20:10:41: "[DYS] You're Pissed Off<43><STEAM_0:1:44658357><NSF>" killed "[BONK] Persica<49><STEAM_0:1:19015690><Jinrai>" with "mx"
L 01/13/2024 - 20:10:44: "[DYS] You're Pissed Off<43><STEAM_0:1:44658357><NSF>" killed "[BONK] jef<50><STEAM_0:1:42399966><Jinrai>" with "mx"
L 01/13/2024 - 20:11:09: "[DYS] bauxite<53><STEAM_0:0:5757747><NSF>" say_team "20s"
L 01/13/2024 - 20:12:12: "[BONK] 草<38><STEAM_0:1:39165168><Jinrai>" killed "[DYS] bauxite<53><STEAM_0:0:5757747><NSF>" with "mx"
L 01/13/2024 - 20:12:12: "[BONK] kinoko /a/<35><STEAM_0:0:83067719><Jinrai>" triggered "kill_assist"
L 01/13/2024 - 20:12:12: "[DYS] bauxite<53><STEAM_0:0:5757747><NSF>" say_team "97 Support mx"
L 01/13/2024 - 20:12:13: "[BONK] kinoko /a/<35><STEAM_0:0:83067719><Jinrai>" killed "[DYS] You're Pissed Off<43><STEAM_0:1:44658357><NSF>" with "supa7"
L 01/13/2024 - 20:12:21: "[DYS] Infrequent<57><STEAM_0:1:6384081><NSF>" killed "[BONK] kinoko /a/<35><STEAM_0:0:83067719><Jinrai>" with "tachi"
L 01/13/2024 - 20:12:22: "[BONK] Muffin-Dono<45><STEAM_0:1:42031632><Jinrai>" say "that was nice what you did in long pissed"
L 01/13/2024 - 20:12:22: "[DYS] bauxite<53><STEAM_0:0:5757747><NSF>" say_team "my screen blacked out"
L 01/13/2024 - 20:12:26: "[BONK] 草<38><STEAM_0:1:39165168><Jinrai>" killed "[DYS] Infrequent<57><STEAM_0:1:6384081><NSF>" with "mx"
L 01/13/2024 - 20:12:27: "[DYS] bauxite<53><STEAM_0:0:5757747><NSF>" say_team "wtf"
L 01/13/2024 - 20:12:31: "[DYS] You're Pissed Off<43><STEAM_0:1:44658357><NSF>" say "ty"
L 01/13/2024 - 20:12:37: "[DYS] bauxite<53><STEAM_0:0:5757747><NSF>" say_team "no technical issue"
L 01/13/2024 - 20:12:37: "[DYS] You're Pissed Off<43><STEAM_0:1:44658357><NSF>" say "didnt call me out?"
L 01/13/2024 - 20:12:42: "[DYS] bauxite<53><STEAM_0:0:5757747><NSF>" say_team "my display is dying"
L 01/13/2024 - 20:13:00: "[BONK] Persica<49><STEAM_0:1:19015690><Jinrai>" killed "[DYS] You're Pissed Off<43><STEAM_0:1:44658357><NSF>" with "zr68c"
L 01/13/2024 - 20:13:07: "[BONK] jef<50><STEAM_0:1:42399966><Jinrai>" killed "[DYS] Shazam<52><STEAM_0:1:59236187><NSF>" with "mx"
L 01/13/2024 - 20:13:14: "[DYS] Infrequent<57><STEAM_0:1:6384081><NSF>" killed "[BONK] kinoko /a/<35><STEAM_0:0:83067719><Jinrai>" with "mx"
L 01/13/2024 - 20:13:16: "[DYS] Hosomi<56><STEAM_0:0:51357353><NSF>" killed "[BONK] Persica<49><STEAM_0:1:19015690><Jinrai>" with "mx"
L 01/13/2024 - 20:13:23: "[DYS] bauxite<53><STEAM_0:0:5757747><NSF>" killed "[BONK] Muffin-Dono<45><STEAM_0:1:42031632><Jinrai>" with "aa13"
L 01/13/2024 - 20:13:42: "[DYS] Infrequent<57><STEAM_0:1:6384081><NSF>" killed "[BONK] 草<38><STEAM_0:1:39165168><Jinrai>" with "mx"
L 01/13/2024 - 20:13:42: "[DYS] Hosomi<56><STEAM_0:0:51357353><NSF>" triggered "kill_assist"
L 01/13/2024 - 20:13:57: "[DYS] bauxite<53><STEAM_0:0:5757747><NSF>" say_team "Enemy in Front"
L 01/13/2024 - 20:14:02: "[BONK] jef<50><STEAM_0:1:42399966><Jinrai>" killed "[DYS] Infrequent<57><STEAM_0:1:6384081><NSF>" with "mx"
L 01/13/2024 - 20:14:02: "[BONK] Muffin-Dono<45><STEAM_0:1:42031632><Jinrai>" triggered "kill_assist"
L 01/13/2024 - 20:14:05: "[DYS] bauxite<53><STEAM_0:0:5757747><NSF>" killed "[BONK] jef<50><STEAM_0:1:42399966><Jinrai>" with "aa13"
L 01/13/2024 - 20:14:25: "[DYS] bauxite<53><STEAM_0:0:5757747><NSF>" say_team "watch drops"
L 01/13/2024 - 20:14:58: "[DYS] bauxite<53><STEAM_0:0:5757747><NSF>" say_team "Enemy is Behind"
L 01/13/2024 - 20:15:00: "[BONK] Persica<49><STEAM_0:1:19015690><Jinrai>" killed "[DYS] Infrequent<57><STEAM_0:1:6384081><NSF>" with "aa13"
L 01/13/2024 - 20:15:01: "[DYS] bauxite<53><STEAM_0:0:5757747><NSF>" killed "[BONK] kinoko /a/<35><STEAM_0:0:83067719><Jinrai>" with "aa13"
L 01/13/2024 - 20:15:01: "[DYS] You're Pissed Off<43><STEAM_0:1:44658357><NSF>" triggered "kill_assist"
L 01/13/2024 - 20:15:10: "[DYS] bauxite<53><STEAM_0:0:5757747><NSF>" killed "[BONK] Persica<49><STEAM_0:1:19015690><Jinrai>" with "aa13"
L 01/13/2024 - 20:15:12: "[DYS] Infrequent<57><STEAM_0:1:6384081><NSF>" say "i got the funny lean bug :("
L 01/13/2024 - 20:15:15: "[BONK] Persica<49><STEAM_0:1:19015690><Jinrai>" say_team "f"
L 01/13/2024 - 20:15:15: "[DYS] Hosomi<56><STEAM_0:0:51357353><NSF>" killed "[BONK] Muffin-Dono<45><STEAM_0:1:42031632><Jinrai>" with "mx"
L 01/13/2024 - 20:15:26: "[BONK] Persica<49><STEAM_0:1:19015690><Jinrai>" say "i got the funny first shot didnt damage bug"
L 01/13/2024 - 20:15:33: "[BONK] Persica<49><STEAM_0:1:19015690><Jinrai>" say ";("
L 01/13/2024 - 20:15:45: "[BONK] jef<50><STEAM_0:1:42399966><Jinrai>" killed "[DYS] Shazam<52><STEAM_0:1:59236187><NSF>" with "zr68c"
L 01/13/2024 - 20:16:29: "[DYS] bauxite<53><STEAM_0:0:5757747><NSF>" say_team "Enemy in Front"
L 01/13/2024 - 20:16:40: "[BONK] jef<50><STEAM_0:1:42399966><Jinrai>" killed "[DYS] bauxite<53><STEAM_0:0:5757747><NSF>" with "zr68c"
L 01/13/2024 - 20:16:40: "[DYS] bauxite<53><STEAM_0:0:5757747><NSF>" say_team "33 Assault zr68c"
L 01/13/2024 - 20:16:45: "[DYS] bauxite<53><STEAM_0:0:5757747><NSF>" say_team "office soemwhere and const"
L 01/13/2024 - 20:16:49: "[DYS] You're Pissed Off<43><STEAM_0:1:44658357><NSF>" killed "[BONK] jef<50><STEAM_0:1:42399966><Jinrai>" with "mx"
L 01/13/2024 - 20:16:49: "[DYS] Hosomi<56><STEAM_0:0:51357353><NSF>" triggered "kill_assist"
L 01/13/2024 - 20:16:51: "[BONK] 草<38><STEAM_0:1:39165168><Jinrai>" killed "[DYS] You're Pissed Off<43><STEAM_0:1:44658357><NSF>" with "mx"
L 01/13/2024 - 20:17:13: "[DYS] bauxite<53><STEAM_0:0:5757747><NSF>" say_team "Enemy in Front"
L 01/13/2024 - 20:17:33: "[DYS] bauxite<53><STEAM_0:0:5757747><NSF>" say_team "Enemy in Front"
L 01/13/2024 - 20:17:47: "[DYS] bauxite<53><STEAM_0:0:5757747><NSF>" say_team "det small const"
L 01/13/2024 - 20:17:49: "[DYS] bauxite<53><STEAM_0:0:5757747><NSF>" say_team "or ghost"
L 01/13/2024 - 20:18:15: "[DYS] Infrequent<57><STEAM_0:1:6384081><NSF>" killed "[BONK] kinoko /a/<35><STEAM_0:0:83067719><Jinrai>" with "mx"
L 01/13/2024 - 20:18:16: "[DYS] bauxite<53><STEAM_0:0:5757747><NSF>" say_team "Enemy in Front"
L 01/13/2024 - 20:18:17: "[DYS] Infrequent<57><STEAM_0:1:6384081><NSF>" killed "[BONK] Persica<49><STEAM_0:1:19015690><Jinrai>" with "tachi"
L 01/13/2024 - 20:18:21: "[BONK] Persica<49><STEAM_0:1:19015690><Jinrai>" say "77??????????"
L 01/13/2024 - 20:18:22: "[DYS] Infrequent<57><STEAM_0:1:6384081><NSF>" killed "[BONK] 草<38><STEAM_0:1:39165168><Jinrai>" with "mx"
