L 01/21/2024 - 20:07:19: Log file started (file "logs\L0121063.log") (game "z:\home\steam\steam\steamapps\common\nt\NeotokyoSource") (version "4044")
L 01/21/2024 - 20:07:19: server_cvar: "sv_pausable" "0"
L 01/21/2024 - 20:07:19: server_cvar: "sv_contact" "baux.site"
L 01/21/2024 - 20:07:19: server_cvar: "sv_gravity" "800"
L 01/21/2024 - 20:07:19: server_cvar: "mp_friendlyfire" "1"
L 01/21/2024 - 20:07:22: "[MXican] Ghost Lizard<14><STEAM_0:1:20336729><>" entered the game
L 01/21/2024 - 20:07:23: "[MXican] MaJesTiC<7><STEAM_0:1:84048595><>" entered the game
L 01/21/2024 - 20:07:25: "[TagsR4Nerds] Average<15><STEAM_0:1:57251237><>" entered the game
L 01/21/2024 - 20:07:25: "[MXican] Ghost Lizard<14><STEAM_0:1:20336729><Unassigned>" joined team "NSF"
L 01/21/2024 - 20:07:25: "[FEET] Serbian Guy<17><STEAM_0:1:91548287><>" entered the game
L 01/21/2024 - 20:07:26: "[CAST] Infrequent<6><STEAM_0:1:6384081><>" entered the game
L 01/21/2024 - 20:07:26: "[MXican] MaJesTiC<7><STEAM_0:1:84048595><Unassigned>" joined team "NSF"
L 01/21/2024 - 20:07:26: "[MXican] bauxite<10><STEAM_0:1:17526508><>" entered the game
L 01/21/2024 - 20:07:28: "[CAST] Infrequent<6><STEAM_0:1:6384081><Unassigned>" joined team "Spectator"
L 01/21/2024 - 20:07:30: "[MXican] bauxite<10><STEAM_0:1:17526508><Unassigned>" joined team "Spectator"
L 01/21/2024 - 20:07:30: "[MXican] Halcyon<9><STEAM_0:1:2864524><>" entered the game
L 01/21/2024 - 20:07:32: "[=]neotokyosnood<12><STEAM_0:1:47222322><>" entered the game
L 01/21/2024 - 20:07:35: "[=]neotokyosnood<12><STEAM_0:1:47222322><Unassigned>" joined team "Jinrai"
L 01/21/2024 - 20:07:35: "[MXican] Halcyon<9><STEAM_0:1:2864524><Unassigned>" joined team "NSF"
L 01/21/2024 - 20:07:35: "[MXican] Nevra<16><STEAM_0:1:87689215><>" entered the game
L 01/21/2024 - 20:07:39: "[GB] Agiel<5><STEAM_0:1:25025><>" entered the game
L 01/21/2024 - 20:08:04: "[=]PyromaniacG<13><STEAM_0:1:25398391><>" disconnected (reason "Disconnect by user.")
L 01/21/2024 - 20:08:08: "[MXican] Nevra<16><STEAM_0:1:87689215><Unassigned>" joined team "NSF"
L 01/21/2024 - 20:08:11: "[=]PyromaniacG<20><STEAM_ID_PENDING><>" connected, address "67.173.109.245:27005"
L 01/21/2024 - 20:08:11: "[=]PyromaniacG<20><STEAM_0:1:25398391><>" STEAM USERID validated
L 01/21/2024 - 20:08:12: "[TagsR4Nerds] Average<15><STEAM_0:1:57251237><Unassigned>" joined team "Jinrai"
L 01/21/2024 - 20:08:28: "[=]PyromaniacG<20><STEAM_0:1:25398391><>" disconnected (reason "Disconnect by user.")
L 01/21/2024 - 20:08:31: "[CAST] syncer<18><STEAM_0:0:88962302><>" disconnected (reason "Disconnect by user.")
L 01/21/2024 - 20:08:58: "[=] wakfuck<21><STEAM_ID_PENDING><>" connected, address "86.127.231.253:27005"
L 01/21/2024 - 20:08:58: "[=] wakfuck<21><STEAM_0:0:62638797><>" STEAM USERID validated
L 01/21/2024 - 20:09:18: "[GB] Agiel<5><STEAM_0:1:25025><Unassigned>" joined team "Spectator"
L 01/21/2024 - 20:10:05: "[=] wakfuck<21><STEAM_0:0:62638797><>" entered the game
L 01/21/2024 - 20:10:11: "[=] wakfuck<21><STEAM_0:0:62638797><Unassigned>" joined team "Spectator"
L 01/21/2024 - 20:10:13: "[=] wakfuck<21><STEAM_0:0:62638797><Spectator>" say "!j"
L 01/21/2024 - 20:10:13: "[=] wakfuck<21><STEAM_0:0:62638797><Spectator>" joined team "Jinrai"
L 01/21/2024 - 20:10:31: "[MXican] MaJesTiC<7><STEAM_0:1:84048595><NSF>" say_team "some wallbangs"
L 01/21/2024 - 20:10:38: "[FEET] Serbian Guy<17><STEAM_0:1:91548287><Unassigned>" joined team "Spectator"
L 01/21/2024 - 20:10:51: "[TagsR4Nerds] Average<15><STEAM_0:1:57251237><Jinrai>" say "what luck i just got holy shit"
L 01/21/2024 - 20:10:58: "[=]PyromaniacG<22><STEAM_ID_PENDING><>" connected, address "67.173.109.245:27005"
L 01/21/2024 - 20:10:58: "[=]PyromaniacG<22><STEAM_0:1:25398391><>" STEAM USERID validated
L 01/21/2024 - 20:11:06: "[=]neotokyosnood<12><STEAM_0:1:47222322><Jinrai>" say "what luck"
L 01/21/2024 - 20:11:11: "[=] wakfuck<21><STEAM_0:0:62638797><Jinrai>" say_team "alright snood"
L 01/21/2024 - 20:11:14: "[=] wakfuck<21><STEAM_0:0:62638797><Jinrai>" say_team "u gotta show us the spots"
L 01/21/2024 - 20:11:22: "[=] wakfuck<21><STEAM_0:0:62638797><Jinrai>" say_team "some cool ones"
L 01/21/2024 - 20:11:24: "[=]PyromaniacG<22><STEAM_0:1:25398391><>" entered the game
L 01/21/2024 - 20:11:26: "TakaVerosa<23><STEAM_ID_PENDING><>" connected, address "94.5.91.47:27005"
L 01/21/2024 - 20:11:26: "TakaVerosa<23><STEAM_0:0:79516516><>" STEAM USERID validated
L 01/21/2024 - 20:11:34: "[=]PyromaniacG<22><STEAM_0:1:25398391><Unassigned>" joined team "Jinrai"
L 01/21/2024 - 20:11:37: "[MXican] bauxite<10><STEAM_0:1:17526508><Spectator>" joined team "NSF"
L 01/21/2024 - 20:11:53: "[=] wakfuck<21><STEAM_0:0:62638797><Jinrai>" say "server is gud"
L 01/21/2024 - 20:11:57: "[=] wakfuck<21><STEAM_0:0:62638797><Jinrai>" say "no net graph drops"
L 01/21/2024 - 20:12:09: "TakaVerosa<23><STEAM_0:0:79516516><>" disconnected (reason "Disconnect by user.")
L 01/21/2024 - 20:12:15: "[=]PyromaniacG<22><STEAM_0:1:25398391><Jinrai>" say "rip baux ping TT"
L 01/21/2024 - 20:12:19: "TakaVerosa<24><STEAM_ID_PENDING><>" connected, address "94.5.91.47:27005"
L 01/21/2024 - 20:12:19: "TakaVerosa<24><STEAM_0:0:79516516><>" STEAM USERID validated
L 01/21/2024 - 20:12:22: "[TagsR4Nerds] Average<15><STEAM_0:1:57251237><Jinrai>" say "my condolences"
L 01/21/2024 - 20:12:26: "[MXican] Halcyon<9><STEAM_0:1:2864524><NSF>" say "he's got the sakhan lag armor"
L 01/21/2024 - 20:13:01: "TakaVerosa<24><STEAM_0:0:79516516><>" disconnected (reason "Disconnect by user.")
L 01/21/2024 - 20:13:02: "[MXican] MaJesTiC<7><STEAM_0:1:84048595><NSF>" say "hi bauxite"
L 01/21/2024 - 20:13:05: "[MXican] MaJesTiC<7><STEAM_0:1:84048595><NSF>" say "can i carry you again"
L 01/21/2024 - 20:13:16: "[MXican] Ghost Lizard<14><STEAM_0:1:20336729><NSF>" say "don't break your back"
L 01/21/2024 - 20:13:17: "[MXican] Ghost Lizard<14><STEAM_0:1:20336729><NSF>" say "he heavy"
L 01/21/2024 - 20:13:23: "[MXican] Halcyon<9><STEAM_0:1:2864524><NSF>" changed name to "[MXican] Fairly Frequent"
L 01/21/2024 - 20:13:30: "TakaVerosa<25><STEAM_ID_PENDING><>" connected, address "94.5.91.47:27005"
L 01/21/2024 - 20:13:30: "TakaVerosa<25><STEAM_0:0:79516516><>" STEAM USERID validated
L 01/21/2024 - 20:13:35: "[MXican] bauxite<10><STEAM_0:1:17526508><NSF>" changed name to "[MXican] Wajaja-"
L 01/21/2024 - 20:14:04: "[MXican] MaJesTiC<7><STEAM_0:1:84048595><NSF>" say "jump once"
L 01/21/2024 - 20:14:09: "[MXican] MaJesTiC<7><STEAM_0:1:84048595><NSF>" say "gj"
L 01/21/2024 - 20:14:12: "TakaVerosa<25><STEAM_0:0:79516516><>" disconnected (reason "Disconnect by user.")
L 01/21/2024 - 20:14:14: "[=]PyromaniacG<22><STEAM_0:1:25398391><Jinrai>" say "<3"
L 01/21/2024 - 20:14:19: "[FEET] Serbian Guy<17><STEAM_0:1:91548287><Spectator>" disconnected (reason "Disconnect by user.")
L 01/21/2024 - 20:15:05: "[MXican] MaJesTiC<7><STEAM_0:1:84048595><NSF>" say_team "marter is not subbin"
L 01/21/2024 - 20:15:31: "[MXican] MaJesTiC<7><STEAM_0:1:84048595><NSF>" say "sleepinggg"
L 01/21/2024 - 20:15:32: "[MXican] MaJesTiC<7><STEAM_0:1:84048595><NSF>" say "zzzz"
L 01/21/2024 - 20:15:37: "[TagsR4Nerds] Average<15><STEAM_0:1:57251237><Jinrai>" say "good night"
L 01/21/2024 - 20:15:44: "[FEET] Serbian Guy<26><STEAM_ID_PENDING><>" connected, address "31.5.202.161:27005"
L 01/21/2024 - 20:15:44: "[FEET] Serbian Guy<26><STEAM_0:1:91548287><>" STEAM USERID validated
L 01/21/2024 - 20:15:47: "[FEET] Serbian Guy<26><STEAM_0:1:91548287><>" entered the game
L 01/21/2024 - 20:15:51: "[FEET] Serbian Guy<26><STEAM_0:1:91548287><Unassigned>" joined team "Spectator"
L 01/21/2024 - 20:15:59: "[=] wakfuck<21><STEAM_0:0:62638797><Jinrai>" committed suicide with "player"
L 01/21/2024 - 20:16:15: "[MXican] Wajaja-<10><STEAM_0:1:17526508><NSF>" say "he sure is taka'ing his time getting here"
L 01/21/2024 - 20:16:18: "[=] wakfuck<21><STEAM_0:0:62638797><Jinrai>" say "downloading the map"
L 01/21/2024 - 20:16:20: "[=]PyromaniacG<22><STEAM_0:1:25398391><Jinrai>" say "he downloading map"
L 01/21/2024 - 20:16:23: "[MXican] MaJesTiC<7><STEAM_0:1:84048595><NSF>" say "downloading map???"
L 01/21/2024 - 20:16:24: "[MXican] MaJesTiC<7><STEAM_0:1:84048595><NSF>" say "Rofl"
L 01/21/2024 - 20:16:31: "[TagsR4Nerds] Average<15><STEAM_0:1:57251237><Jinrai>" say "yea"
L 01/21/2024 - 20:16:36: "[TagsR4Nerds] Average<15><STEAM_0:1:57251237><Jinrai>" say "no"
L 01/21/2024 - 20:16:37: "[=] wakfuck<21><STEAM_0:0:62638797><Jinrai>" say "we sent it"
L 01/21/2024 - 20:16:38: "[=]PyromaniacG<22><STEAM_0:1:25398391><Jinrai>" say "no he putting it in file path"
L 01/21/2024 - 20:16:38: "[TagsR4Nerds] Average<15><STEAM_0:1:57251237><Jinrai>" say "i sent him the bsp "
L 01/21/2024 - 20:16:38: "[=] wakfuck<21><STEAM_0:0:62638797><Jinrai>" say "oh"
L 01/21/2024 - 20:16:41: "[=] wakfuck<21><STEAM_0:0:62638797><Jinrai>" say "the zip with all maps"
L 01/21/2024 - 20:16:47: "[=] wakfuck<21><STEAM_0:0:62638797><Jinrai>" say "thatd be good"
L 01/21/2024 - 20:16:55: "[MXican] Wajaja-<10><STEAM_0:1:17526508><NSF>" say "WITH THAT ILL BE GOD"
L 01/21/2024 - 20:17:13: "[=]PyromaniacG<22><STEAM_0:1:25398391><Jinrai>" say "its so damn bright down here"
L 01/21/2024 - 20:17:13: "[=] wakfuck<21><STEAM_0:0:62638797><Jinrai>" say "where"
L 01/21/2024 - 20:17:14: "[=] wakfuck<21><STEAM_0:0:62638797><Jinrai>" say "what channel"
L 01/21/2024 - 20:17:40: "[MXican] MaJesTiC<7><STEAM_0:1:84048595><NSF>" say "zzzz"
L 01/21/2024 - 20:17:49: "[MXican] Wajaja-<10><STEAM_0:1:17526508><NSF>" say "russian nationalist spotted"
L 01/21/2024 - 20:17:51: "[MXican] MaJesTiC<7><STEAM_0:1:84048595><NSF>" say "just get marter"
L 01/21/2024 - 20:17:55: "[=] wakfuck<21><STEAM_0:0:62638797><Jinrai>" say "what channel has the"
L 01/21/2024 - 20:17:57: "[=] wakfuck<21><STEAM_0:0:62638797><Jinrai>" say "zip with all maps"
L 01/21/2024 - 20:18:00: "TakaVerosa<27><STEAM_ID_PENDING><>" connected, address "94.5.91.47:27005"
L 01/21/2024 - 20:18:00: "TakaVerosa<27><STEAM_0:0:79516516><>" STEAM USERID validated
L 01/21/2024 - 20:18:00: "[=] wakfuck<21><STEAM_0:0:62638797><Jinrai>" say "cant find it"
L 01/21/2024 - 20:18:16: "[TagsR4Nerds] Average<15><STEAM_0:1:57251237><Jinrai>" say "my brotheer in christ i literally talked in twitch chat last match about how i would rather want team members rather than mercs"
L 01/21/2024 - 20:18:21: "[MXican] Ghost Lizard<14><STEAM_0:1:20336729><NSF>" say "I could go with a siesta right now actually"
L 01/21/2024 - 20:18:27: "[MXican] Wajaja-<10><STEAM_0:1:17526508><NSF>" say "just sign martz onto your team"
L 01/21/2024 - 20:18:28: "[MXican] Wajaja-<10><STEAM_0:1:17526508><NSF>" say "ez"
L 01/21/2024 - 20:18:32: "[MXican] MaJesTiC<7><STEAM_0:1:84048595><NSF>" say "ez"
L 01/21/2024 - 20:19:23: "TakaVerosa<27><STEAM_0:0:79516516><>" entered the game
L 01/21/2024 - 20:19:40: "TakaVerosa<27><STEAM_0:0:79516516><Unassigned>" joined team "Jinrai"
L 01/21/2024 - 20:19:51: "TakaVerosa<27><STEAM_0:0:79516516><Jinrai>" say "!ready"
L 01/21/2024 - 20:19:53: "[=]neotokyosnood<12><STEAM_0:1:47222322><Jinrai>" say "goonrai"
L 01/21/2024 - 20:19:55: "[TagsR4Nerds] Average<15><STEAM_0:1:57251237><Jinrai>" say "oh splendid "
L 01/21/2024 - 20:19:55: "[=]neotokyosnood<12><STEAM_0:1:47222322><Jinrai>" say "!ready"
L 01/21/2024 - 20:19:57: "[MXican] Ghost Lizard<14><STEAM_0:1:20336729><NSF>" say "!ready"
L 01/21/2024 - 20:19:59: "[=] wakfuck<21><STEAM_0:0:62638797><Jinrai>" say "!ready"
L 01/21/2024 - 20:19:59: "[MXican] Fairly Frequent<9><STEAM_0:1:2864524><NSF>" say "!ready"
L 01/21/2024 - 20:20:00: "[MXican] MaJesTiC<7><STEAM_0:1:84048595><NSF>" say "!ready"
L 01/21/2024 - 20:20:01: "[MXican] Wajaja-<10><STEAM_0:1:17526508><NSF>" say "!ready"
L 01/21/2024 - 20:20:10: "[MXican] MaJesTiC<7><STEAM_0:1:84048595><NSF>" say "THIS MATCH IS SPONSORED BY UWU LEADER ONIIIIII SAMAAAAAA"
L 01/21/2024 - 20:20:14: "[MXican] Fairly Frequent<9><STEAM_0:1:2864524><NSF>" changed name to "[MXican] Halcyo"
L 01/21/2024 - 20:20:31: "[=] wakfuck<21><STEAM_0:0:62638797><Jinrai>" say "why do I have"
L 01/21/2024 - 20:20:32: "[MXican] Nevra<16><STEAM_0:1:87689215><NSF>" say "!ready"
L 01/21/2024 - 20:20:33: "[=] wakfuck<21><STEAM_0:0:62638797><Jinrai>" say "only MPN"
L 01/21/2024 - 20:20:34: "[=] wakfuck<21><STEAM_0:0:62638797><Jinrai>" say "oh nvm"
L 01/21/2024 - 20:20:39: "[MXican] MaJesTiC<7><STEAM_0:1:84048595><NSF>" say "!readylist"
L 01/21/2024 - 20:20:44: "[MXican] Halcyo<9><STEAM_0:1:2864524><NSF>" say "!ready"
L 01/21/2024 - 20:20:44: "[MXican] Wajaja-<10><STEAM_0:1:17526508><NSF>" say "!ready"
L 01/21/2024 - 20:20:46: "[MXican] MaJesTiC<7><STEAM_0:1:84048595><NSF>" say "tye !ready"
L 01/21/2024 - 20:20:48: "[MXican] MaJesTiC<7><STEAM_0:1:84048595><NSF>" say "type"
L 01/21/2024 - 20:20:48: "[=]PyromaniacG<22><STEAM_0:1:25398391><Jinrai>" say "!ready"
L 01/21/2024 - 20:20:50: "[=]neotokyosnood<12><STEAM_0:1:47222322><Jinrai>" say "!ready"
L 01/21/2024 - 20:20:51: "[MXican] MaJesTiC<7><STEAM_0:1:84048595><NSF>" say "everyone avg"
L 01/21/2024 - 20:20:54: "[MXican] MaJesTiC<7><STEAM_0:1:84048595><NSF>" say "avg type !ready"
L 01/21/2024 - 20:21:00: "[TagsR4Nerds] Average<15><STEAM_0:1:57251237><Jinrai>" say "!raedy"
L 01/21/2024 - 20:21:00: "[=] wakfuck<21><STEAM_0:0:62638797><Jinrai>" say "!ready"
L 01/21/2024 - 20:21:02: "[TagsR4Nerds] Average<15><STEAM_0:1:57251237><Jinrai>" say "!ready"
L 01/21/2024 - 20:21:04: "[=]PyromaniacG<22><STEAM_0:1:25398391><Jinrai>" say "type !equals wins"
L 01/21/2024 - 20:21:04: "[TagsR4Nerds] Average<15><STEAM_0:1:57251237><Jinrai>" say_team "snoods support?"
L 01/21/2024 - 20:21:05: "[MXican] MaJesTiC<7><STEAM_0:1:84048595><NSF>" say "gl hf"
L 01/21/2024 - 20:21:12: "[GB] Agiel<5><STEAM_0:1:25025><Spectator>" say "gl hf"
L 01/21/2024 - 20:21:14: "[MXican] MaJesTiC<7><STEAM_0:1:84048595><NSF>" say_team "ill go lobby"
L 01/21/2024 - 20:21:18: "[MXican] MaJesTiC<7><STEAM_0:1:84048595><NSF>" say_team "ill go lobby"
L 01/21/2024 - 20:21:38: "[TagsR4Nerds] Average<15><STEAM_0:1:57251237><Jinrai>" killed "[=] wakfuck<21><STEAM_0:0:62638797><Jinrai>" with "supa7"
L 01/21/2024 - 20:21:40: "[MXican] MaJesTiC<7><STEAM_0:1:84048595><NSF>" killed "[TagsR4Nerds] Average<15><STEAM_0:1:57251237><Jinrai>" with "srm"
L 01/21/2024 - 20:21:48: "[MXican] MaJesTiC<7><STEAM_0:1:84048595><NSF>" killed "[=]PyromaniacG<22><STEAM_0:1:25398391><Jinrai>" with "srm"
L 01/21/2024 - 20:21:58: "[=]neotokyosnood<12><STEAM_0:1:47222322><Jinrai>" killed "[MXican] MaJesTiC<7><STEAM_0:1:84048595><NSF>" with "zr68s"
L 01/21/2024 - 20:21:58: "[MXican] MaJesTiC<7><STEAM_0:1:84048595><NSF>" say_team "89 Assault zr68s"
L 01/21/2024 - 20:22:00: "[MXican] MaJesTiC<7><STEAM_0:1:84048595><NSF>" say_team "lobby"
L 01/21/2024 - 20:22:01: "[MXican] MaJesTiC<7><STEAM_0:1:84048595><NSF>" say_team "lobby 1"
L 01/21/2024 - 20:22:06: "[=]neotokyosnood<12><STEAM_0:1:47222322><Jinrai>" killed "[MXican] Wajaja-<10><STEAM_0:1:17526508><NSF>" with "zr68s"
L 01/21/2024 - 20:22:07: "[MXican] Wajaja-<10><STEAM_0:1:17526508><NSF>" say_team "73 Assault zr68s"
L 01/21/2024 - 20:22:09: "[MXican] Ghost Lizard<14><STEAM_0:1:20336729><NSF>" killed "[=]neotokyosnood<12><STEAM_0:1:47222322><Jinrai>" with "supa7"
L 01/21/2024 - 20:22:12: "[MXican] MaJesTiC<7><STEAM_0:1:84048595><NSF>" say_team "last lobby"
L 01/21/2024 - 20:22:18: Team "NSF" triggered "ghost_capture_team"
L 01/21/2024 - 20:22:18: "[MXican] Nevra<16><STEAM_0:1:87689215><NSF>" triggered "ghost_capture"
L 01/21/2024 - 20:22:28: "[MXican] Ghost Lizard<14><STEAM_0:1:20336729><NSF>" killed "TakaVerosa<27><STEAM_0:0:79516516><Jinrai>" with "supa7"
L 01/21/2024 - 20:22:28: "[MXican] Halcyo<9><STEAM_0:1:2864524><NSF>" triggered "kill_assist"
L 01/21/2024 - 20:22:37: "[MXican] Wajaja-<10><STEAM_0:1:17526508><NSF>" say "YOU KNOW WHAT!? IM GETTING A BIT 'ONGRAY, AND A LITTLE HEUVON SOUNDS LIKE EET WILL HIT THE SPOT!!"
L 01/21/2024 - 20:23:13: "[MXican] Wajaja-<10><STEAM_0:1:17526508><NSF>" killed "[TagsR4Nerds] Average<15><STEAM_0:1:57251237><Jinrai>" with "mx"
L 01/21/2024 - 20:23:16: "[MXican] Wajaja-<10><STEAM_0:1:17526508><NSF>" killed "[=]neotokyosnood<12><STEAM_0:1:47222322><Jinrai>" with "mx"
L 01/21/2024 - 20:23:16: "[=]PyromaniacG<22><STEAM_0:1:25398391><Jinrai>" killed "[MXican] Ghost Lizard<14><STEAM_0:1:20336729><NSF>" with "supa7"
L 01/21/2024 - 20:23:16: "TakaVerosa<27><STEAM_0:0:79516516><Jinrai>" triggered "kill_assist"
L 01/21/2024 - 20:23:16: "[MXican] Ghost Lizard<14><STEAM_0:1:20336729><NSF>" say_team "77 Support supa7"
L 01/21/2024 - 20:23:22: "[MXican] Nevra<16><STEAM_0:1:87689215><NSF>" killed "[=]PyromaniacG<22><STEAM_0:1:25398391><Jinrai>" with "srm"
L 01/21/2024 - 20:23:22: "[MXican] Halcyo<9><STEAM_0:1:2864524><NSF>" triggered "kill_assist"
L 01/21/2024 - 20:23:23: "[MXican] Nevra<16><STEAM_0:1:87689215><NSF>" killed "TakaVerosa<27><STEAM_0:0:79516516><Jinrai>" with "srm"
L 01/21/2024 - 20:23:27: "[=] wakfuck<21><STEAM_0:0:62638797><Jinrai>" killed "[MXican] Nevra<16><STEAM_0:1:87689215><NSF>" with "srm"
L 01/21/2024 - 20:23:27: "[MXican] Nevra<16><STEAM_0:1:87689215><NSF>" say_team "29 Recon srm"
L 01/21/2024 - 20:23:33: Team "NSF" triggered "ghost_capture_team"
L 01/21/2024 - 20:23:33: "[MXican] MaJesTiC<7><STEAM_0:1:84048595><NSF>" triggered "ghost_capture"
L 01/21/2024 - 20:23:38: "[MXican] Wajaja-<10><STEAM_0:1:17526508><NSF>" killed "[=] wakfuck<21><STEAM_0:0:62638797><Jinrai>" with "mx"
L 01/21/2024 - 20:23:38: "[MXican] Nevra<16><STEAM_0:1:87689215><NSF>" triggered "kill_assist"
L 01/21/2024 - 20:23:57: "[MXican] MaJesTiC<7><STEAM_0:1:84048595><NSF>" say_team "ill go conf"
L 01/21/2024 - 20:24:32: "[MXican] MaJesTiC<7><STEAM_0:1:84048595><NSF>" killed "[=]PyromaniacG<22><STEAM_0:1:25398391><Jinrai>" with "jittescoped"
L 01/21/2024 - 20:24:32: "[MXican] Wajaja-<10><STEAM_0:1:17526508><NSF>" triggered "kill_assist"
L 01/21/2024 - 20:24:50: "[MXican] Nevra<16><STEAM_0:1:87689215><NSF>" killed "TakaVerosa<27><STEAM_0:0:79516516><Jinrai>" with "srm"
L 01/21/2024 - 20:25:00: "[MXican] Halcyo<9><STEAM_0:1:2864524><NSF>" killed "[TagsR4Nerds] Average<15><STEAM_0:1:57251237><Jinrai>" with "jittescoped"
L 01/21/2024 - 20:25:08: "[=] wakfuck<21><STEAM_0:0:62638797><Jinrai>" killed "[MXican] Nevra<16><STEAM_0:1:87689215><NSF>" with "supa7"
L 01/21/2024 - 20:25:08: "[MXican] Nevra<16><STEAM_0:1:87689215><NSF>" say_team "24 Recon supa7"
L 01/21/2024 - 20:25:10: "[=] wakfuck<21><STEAM_0:0:62638797><Jinrai>" killed "[MXican] Ghost Lizard<14><STEAM_0:1:20336729><NSF>" with "supa7"
L 01/21/2024 - 20:25:10: "[=]neotokyosnood<12><STEAM_0:1:47222322><Jinrai>" triggered "kill_assist"
L 01/21/2024 - 20:25:10: "[MXican] Ghost Lizard<14><STEAM_0:1:20336729><NSF>" say_team "24 Recon supa7"
L 01/21/2024 - 20:25:12: "[MXican] Halcyo<9><STEAM_0:1:2864524><NSF>" killed "[=]neotokyosnood<12><STEAM_0:1:47222322><Jinrai>" with "jittescoped"
L 01/21/2024 - 20:25:12: "[MXican] Ghost Lizard<14><STEAM_0:1:20336729><NSF>" triggered "kill_assist"
L 01/21/2024 - 20:25:13: "[MXican] Halcyo<9><STEAM_0:1:2864524><NSF>" killed "[=] wakfuck<21><STEAM_0:0:62638797><Jinrai>" with "jittescoped"
L 01/21/2024 - 20:25:13: "[MXican] Nevra<16><STEAM_0:1:87689215><NSF>" triggered "kill_assist"
L 01/21/2024 - 20:26:05: "[=]PyromaniacG<22><STEAM_0:1:25398391><Jinrai>" killed "[MXican] MaJesTiC<7><STEAM_0:1:84048595><NSF>" with "zr68s"
L 01/21/2024 - 20:26:05: "[MXican] MaJesTiC<7><STEAM_0:1:84048595><NSF>" say_team "100 Assault zr68s"
L 01/21/2024 - 20:26:07: "[MXican] Ghost Lizard<14><STEAM_0:1:20336729><NSF>" killed "[TagsR4Nerds] Average<15><STEAM_0:1:57251237><Jinrai>" with "zr68c"
L 01/21/2024 - 20:26:09: "[MXican] MaJesTiC<7><STEAM_0:1:84048595><NSF>" say_team "con 1"
L 01/21/2024 - 20:26:13: "[MXican] MaJesTiC<7><STEAM_0:1:84048595><NSF>" say_team "wahah construction 1"
L 01/21/2024 - 20:26:18: "[MXican] Wajaja-<10><STEAM_0:1:17526508><NSF>" killed "[=]PyromaniacG<22><STEAM_0:1:25398391><Jinrai>" with "zr68s"
L 01/21/2024 - 20:26:46: "[=] wakfuck<21><STEAM_0:0:62638797><Jinrai>" killed "[MXican] Ghost Lizard<14><STEAM_0:1:20336729><NSF>" with "srm"
L 01/21/2024 - 20:26:46: "[TagsR4Nerds] Average<15><STEAM_0:1:57251237><Jinrai>" triggered "kill_assist"
L 01/21/2024 - 20:26:46: "[MXican] Ghost Lizard<14><STEAM_0:1:20336729><NSF>" say_team "100 Recon srm"
L 01/21/2024 - 20:26:48: "[MXican] Nevra<16><STEAM_0:1:87689215><NSF>" killed "[=] wakfuck<21><STEAM_0:0:62638797><Jinrai>" with "mx"
L 01/21/2024 - 20:27:05: "[=] wakfuck<21><STEAM_0:0:62638797><Jinrai>" say_team "100 recon with mx"
L 01/21/2024 - 20:27:07: "[MXican] Halcyo<9><STEAM_0:1:2864524><NSF>" killed "[=]neotokyosnood<12><STEAM_0:1:47222322><Jinrai>" with "jittescoped"
L 01/21/2024 - 20:27:11: "[MXican] Nevra<16><STEAM_0:1:87689215><NSF>" killed "TakaVerosa<27><STEAM_0:0:79516516><Jinrai>" with "mx"
L 01/21/2024 - 20:27:21: "[MXican] MaJesTiC<7><STEAM_0:1:84048595><NSF>" say_team "can I get mx?"
L 01/21/2024 - 20:27:54: "[MXican] Halcyo<9><STEAM_0:1:2864524><NSF>" killed "[=]PyromaniacG<22><STEAM_0:1:25398391><Jinrai>" with "jittescoped"
L 01/21/2024 - 20:28:02: "[MXican] Nevra<16><STEAM_0:1:87689215><NSF>" killed "[TagsR4Nerds] Average<15><STEAM_0:1:57251237><Jinrai>" with "zr68c"
L 01/21/2024 - 20:28:02: "[MXican] Wajaja-<10><STEAM_0:1:17526508><NSF>" triggered "kill_assist"
L 01/21/2024 - 20:28:04: "[MXican] Wajaja-<10><STEAM_0:1:17526508><NSF>" killed "TakaVerosa<27><STEAM_0:0:79516516><Jinrai>" with "mx"
L 01/21/2024 - 20:28:07: "[MXican] Halcyo<9><STEAM_0:1:2864524><NSF>" killed "[=]neotokyosnood<12><STEAM_0:1:47222322><Jinrai>" with "grenade_detapack"
L 01/21/2024 - 20:28:12: "[MXican] Nevra<16><STEAM_0:1:87689215><NSF>" killed "[=] wakfuck<21><STEAM_0:0:62638797><Jinrai>" with "zr68c"
L 01/21/2024 - 20:29:02: "[MXican] Wajaja-<10><STEAM_0:1:17526508><NSF>" killed "[TagsR4Nerds] Average<15><STEAM_0:1:57251237><Jinrai>" with "mx"
L 01/21/2024 - 20:29:04: "[MXican] MaJesTiC<7><STEAM_0:1:84048595><NSF>" killed "TakaVerosa<27><STEAM_0:0:79516516><Jinrai>" with "jittescoped"
L 01/21/2024 - 20:29:13: "[=]neotokyosnood<12><STEAM_0:1:47222322><Jinrai>" killed "[MXican] Wajaja-<10><STEAM_0:1:17526508><NSF>" with "zr68s"
L 01/21/2024 - 20:29:13: "[MXican] Wajaja-<10><STEAM_0:1:17526508><NSF>" say_team "100 Assault zr68s"
L 01/21/2024 - 20:29:14: "[MXican] Ghost Lizard<14><STEAM_0:1:20336729><NSF>" killed "[=]PyromaniacG<22><STEAM_0:1:25398391><Jinrai>" with "mx"
L 01/21/2024 - 20:29:27: "[MXican] Ghost Lizard<14><STEAM_0:1:20336729><NSF>" killed "[=] wakfuck<21><STEAM_0:0:62638797><Jinrai>" with "mx"
L 01/21/2024 - 20:29:27: "[MXican] Wajaja-<10><STEAM_0:1:17526508><NSF>" triggered "kill_assist"
L 01/21/2024 - 20:29:32: "[MXican] Ghost Lizard<14><STEAM_0:1:20336729><NSF>" killed "[=]neotokyosnood<12><STEAM_0:1:47222322><Jinrai>" with "mx"
L 01/21/2024 - 20:30:17: "[MXican] MaJesTiC<7><STEAM_0:1:84048595><NSF>" killed "[TagsR4Nerds] Average<15><STEAM_0:1:57251237><Jinrai>" with "mx"
L 01/21/2024 - 20:30:20: "[MXican] Wajaja-<10><STEAM_0:1:17526508><NSF>" killed "[=] wakfuck<21><STEAM_0:0:62638797><Jinrai>" with "mx"
L 01/21/2024 - 20:30:25: "[MXican] Halcyo<9><STEAM_0:1:2864524><NSF>" killed "[=]PyromaniacG<22><STEAM_0:1:25398391><Jinrai>" with "supa7"
L 01/21/2024 - 20:30:27: "[=]neotokyosnood<12><STEAM_0:1:47222322><Jinrai>" killed "[MXican] Wajaja-<10><STEAM_0:1:17526508><NSF>" with "mx"
L 01/21/2024 - 20:30:27: "[MXican] Wajaja-<10><STEAM_0:1:17526508><NSF>" say_team "54 Support mx"
L 01/21/2024 - 20:30:36: "[MXican] Halcyo<9><STEAM_0:1:2864524><NSF>" killed "TakaVerosa<27><STEAM_0:0:79516516><Jinrai>" with "supa7"
L 01/21/2024 - 20:30:51: "[MXican] MaJesTiC<7><STEAM_0:1:84048595><NSF>" killed "[=]neotokyosnood<12><STEAM_0:1:47222322><Jinrai>" with "mx"
L 01/21/2024 - 20:31:39: "[MXican] Wajaja-<10><STEAM_0:1:17526508><NSF>" killed "[TagsR4Nerds] Average<15><STEAM_0:1:57251237><Jinrai>" with "aa13"
L 01/21/2024 - 20:31:43: "[MXican] Nevra<16><STEAM_0:1:87689215><NSF>" killed "TakaVerosa<27><STEAM_0:0:79516516><Jinrai>" with "aa13"
L 01/21/2024 - 20:31:52: "[=] wakfuck<21><STEAM_0:0:62638797><Jinrai>" killed "[MXican] Wajaja-<10><STEAM_0:1:17526508><NSF>" with "zr68s"
L 01/21/2024 - 20:31:52: "[MXican] Wajaja-<10><STEAM_0:1:17526508><NSF>" say_team "18 Support zr68s"
L 01/21/2024 - 20:31:53: "[=]neotokyosnood<12><STEAM_0:1:47222322><Jinrai>" killed "[MXican] MaJesTiC<7><STEAM_0:1:84048595><NSF>" with "mx"
L 01/21/2024 - 20:31:53: "[=] wakfuck<21><STEAM_0:0:62638797><Jinrai>" triggered "kill_assist"
L 01/21/2024 - 20:31:53: "[MXican] MaJesTiC<7><STEAM_0:1:84048595><NSF>" say_team "85 Support mx"
L 01/21/2024 - 20:32:04: "[=]PyromaniacG<22><STEAM_0:1:25398391><Jinrai>" killed "[MXican] Halcyo<9><STEAM_0:1:2864524><NSF>" with "zr68s"
L 01/21/2024 - 20:32:04: "[MXican] Halcyo<9><STEAM_0:1:2864524><NSF>" say_team "99 Assault zr68s"
L 01/21/2024 - 20:32:11: "[MXican] MaJesTiC<7><STEAM_0:1:84048595><NSF>" say_team "office stairs"
L 01/21/2024 - 20:32:18: "[TagsR4Nerds] Average<15><STEAM_0:1:57251237><Jinrai>" say_team "cant fucking speak today grrrrr"
L 01/21/2024 - 20:32:26: "[MXican] Nevra<16><STEAM_0:1:87689215><NSF>" killed "[=]PyromaniacG<22><STEAM_0:1:25398391><Jinrai>" with "aa13"
L 01/21/2024 - 20:33:26: "[=] wakfuck<21><STEAM_0:0:62638797><Jinrai>" killed "[MXican] Ghost Lizard<14><STEAM_0:1:20336729><NSF>" with "zr68s"
L 01/21/2024 - 20:33:26: "[MXican] Ghost Lizard<14><STEAM_0:1:20336729><NSF>" say_team "10 Support zr68s"
L 01/21/2024 - 20:33:28: "[MXican] Nevra<16><STEAM_0:1:87689215><NSF>" killed "[=] wakfuck<21><STEAM_0:0:62638797><Jinrai>" with "tachi"
L 01/21/2024 - 20:33:28: "[MXican] Wajaja-<10><STEAM_0:1:17526508><NSF>" triggered "kill_assist"
L 01/21/2024 - 20:33:32: "[MXican] Wajaja-<10><STEAM_0:1:17526508><NSF>" say "not like this bros..."
L 01/21/2024 - 20:33:34: Team "NSF" triggered "ghost_capture_team"
L 01/21/2024 - 20:33:34: "[MXican] Nevra<16><STEAM_0:1:87689215><NSF>" triggered "ghost_capture"
L 01/21/2024 - 20:33:36: "[MXican] Wajaja-<10><STEAM_0:1:17526508><NSF>" say "wait no"
L 01/21/2024 - 20:33:38: "[=]PyromaniacG<22><STEAM_0:1:25398391><Jinrai>" say "joewari"
L 01/21/2024 - 20:33:38: "[TagsR4Nerds] Average<15><STEAM_0:1:57251237><Jinrai>" say ",MAN WHAT THE FUCK DO OYU MEAN "
L 01/21/2024 - 20:33:39: "[=]neotokyosnood<12><STEAM_0:1:47222322><Jinrai>" killed "[MXican] Nevra<16><STEAM_0:1:87689215><NSF>" with "mx"
L 01/21/2024 - 20:33:39: "[MXican] Nevra<16><STEAM_0:1:87689215><NSF>" say_team "15 Support mx"
L 01/21/2024 - 20:33:55: "[MXican] Wajaja-<10><STEAM_0:1:17526508><NSF>" say "it was nevra going to cap"
L 01/21/2024 - 20:34:00: "[MXican] Wajaja-<10><STEAM_0:1:17526508><NSF>" say "i just assumed hed fuck it up"
L 01/21/2024 - 20:34:03: "[MXican] Wajaja-<10><STEAM_0:1:17526508><NSF>" say ":#"
L 01/21/2024 - 20:34:38: "[MXican] MaJesTiC<7><STEAM_0:1:84048595><NSF>" say_team "wait who is leaving now?"
L 01/21/2024 - 20:35:01: "[MXican] MaJesTiC<7><STEAM_0:1:84048595><NSF>" say_team "is he in server/"
L 01/21/2024 - 20:35:03: "[MXican] MaJesTiC<7><STEAM_0:1:84048595><NSF>" say_team "?"
L 01/21/2024 - 20:36:09: "[CAST] Infrequent<6><STEAM_0:1:6384081><Spectator>" say "!sm_admin"
L 01/21/2024 - 20:36:22: [META] Loaded 0 plugins (1 already loaded)
L 01/21/2024 - 20:36:22: [META] Loaded 0 plugins (1 already loaded)
L 01/21/2024 - 20:36:22: Log file closed
