L 01/14/2024 - 21:12:21: Log file started (file "logs\L0114064.log") (game "z:\home\steam\steam\steamapps\common\nt\NeotokyoSource") (version "4044")
L 01/14/2024 - 21:12:21: server_cvar: "sv_pausable" "0"
L 01/14/2024 - 21:12:21: server_cvar: "sv_contact" "baux.site"
L 01/14/2024 - 21:12:21: server_cvar: "sv_gravity" "800"
L 01/14/2024 - 21:12:21: server_cvar: "mp_friendlyfire" "1"
L 01/14/2024 - 21:12:23: "soft as HELL<12><STEAM_0:1:14747705><>" entered the game
L 01/14/2024 - 21:12:23: "[MXican] NeoTokyoScrub<9><STEAM_0:1:95715175><>" entered the game
L 01/14/2024 - 21:12:23: "[GB] Puddy<11><STEAM_0:1:19453780><>" entered the game
L 01/14/2024 - 21:12:23: "[GB] Rain ☆彡<6><STEAM_0:0:15075092><>" entered the game
L 01/14/2024 - 21:12:23: "[MXican] Ghost Lizard<17><STEAM_0:1:20336729><>" entered the game
L 01/14/2024 - 21:12:24: "[Hacked Camera] Oni<14><STEAM_0:1:10174276><>" entered the game
L 01/14/2024 - 21:12:24: "suna<8><STEAM_0:1:29157668><>" entered the game
L 01/14/2024 - 21:12:24: "[MXican] Boltronics<15><STEAM_0:1:84048595><>" entered the game
L 01/14/2024 - 21:12:25: "[CAST] Infrequent<24><STEAM_0:1:6384081><>" entered the game
L 01/14/2024 - 21:12:25: "[MXican] Wahaha-<25><STEAM_0:1:17526508><>" entered the game
L 01/14/2024 - 21:12:25: "suna<8><STEAM_0:1:29157668><Unassigned>" joined team "NSF"
L 01/14/2024 - 21:12:26: "[MXican] Halcyon<5><STEAM_0:1:2864524><>" entered the game
L 01/14/2024 - 21:12:28: "[MXican] Wahaha-<25><STEAM_0:1:17526508><Unassigned>" joined team "Jinrai"
L 01/14/2024 - 21:12:28: "[MXican] NeoTokyoScrub<9><STEAM_0:1:95715175><Unassigned>" joined team "Jinrai"
L 01/14/2024 - 21:12:29: "[GB] Rain ☆彡<6><STEAM_0:0:15075092><Unassigned>" joined team "Spectator"
L 01/14/2024 - 21:12:29: "[MXican] Boltronics<15><STEAM_0:1:84048595><Unassigned>" joined team "Jinrai"
L 01/14/2024 - 21:12:29: "[GB] Agiel<10><STEAM_0:1:25025><>" entered the game
L 01/14/2024 - 21:12:30: "[MXican] Halcyon<5><STEAM_0:1:2864524><Unassigned>" joined team "Jinrai"
L 01/14/2024 - 21:12:31: "[CAST] Infrequent<24><STEAM_0:1:6384081><Unassigned>" joined team "Spectator"
L 01/14/2024 - 21:12:31: "[Hacked Camera] Oni<14><STEAM_0:1:10174276><Unassigned>" joined team "Spectator"
L 01/14/2024 - 21:12:34: "soft as HELL<12><STEAM_0:1:14747705><Unassigned>" joined team "NSF"
L 01/14/2024 - 21:12:35: "[GB] Puddy<11><STEAM_0:1:19453780><Unassigned>" joined team "NSF"
L 01/14/2024 - 21:12:40: "[DYS] You're Pissed Off<20><STEAM_0:1:44658357><>" entered the game
L 01/14/2024 - 21:12:44: "[GB] Agiel<10><STEAM_0:1:25025><Unassigned>" joined team "NSF"
L 01/14/2024 - 21:12:46: "[MXican] Boltronics<15><STEAM_0:1:84048595><Jinrai>" say_team "get nevra in maybe?"
L 01/14/2024 - 21:13:00: "[MXican] Boltronics<15><STEAM_0:1:84048595><Jinrai>" say_team "ask nevra"
L 01/14/2024 - 21:13:24: "[DYS] You're Pissed Off<20><STEAM_0:1:44658357><>" disconnected (reason "Connection closing")
L 01/14/2024 - 21:13:24: "[DYS] You're Pissed Off<26><STEAM_ID_PENDING><>" connected, address "146.199.251.7:27005"
L 01/14/2024 - 21:13:24: "[DYS] You're Pissed Off<26><STEAM_0:1:44658357><>" STEAM USERID validated
L 01/14/2024 - 21:13:26: "[DYS] You're Pissed Off<26><STEAM_0:1:44658357><>" entered the game
L 01/14/2024 - 21:13:30: "[DYS] You're Pissed Off<26><STEAM_0:1:44658357><Unassigned>" joined team "Spectator"
L 01/14/2024 - 21:13:43: "[MXican] Ghost Lizard<17><STEAM_0:1:20336729><Unassigned>" joined team "Jinrai"
L 01/14/2024 - 21:13:53: "[MXican] Boltronics<15><STEAM_0:1:84048595><Jinrai>" say "!ready"
L 01/14/2024 - 21:14:06: "[GB] Puddy<11><STEAM_0:1:19453780><NSF>" say "!ready"
L 01/14/2024 - 21:14:13: "[MXican] Halcyon<5><STEAM_0:1:2864524><Jinrai>" say "!ready"
L 01/14/2024 - 21:14:17: "[MXican] NeoTokyoScrub<9><STEAM_0:1:95715175><Jinrai>" say "!s"
L 01/14/2024 - 21:14:17: "[MXican] NeoTokyoScrub<9><STEAM_0:1:95715175><Jinrai>" committed suicide with "player"
L 01/14/2024 - 21:14:17: "[MXican] NeoTokyoScrub<9><STEAM_0:1:95715175><Jinrai>" joined team "Spectator"
L 01/14/2024 - 21:14:20: "[MXican] Halcyon<5><STEAM_0:1:2864524><Jinrai>" say "!unready"
L 01/14/2024 - 21:14:25: "[MXican] NeoTokyoScrub<9><STEAM_0:1:95715175><Spectator>" disconnected (reason "Disconnect by user.")
L 01/14/2024 - 21:14:34: "[MXican] Nevra<27><STEAM_ID_PENDING><>" connected, address "91.160.146.84:11698"
L 01/14/2024 - 21:14:34: "[MXican] Nevra<27><STEAM_0:1:87689215><>" STEAM USERID validated
L 01/14/2024 - 21:14:37: "[MXican] Nevra<27><STEAM_0:1:87689215><>" entered the game
L 01/14/2024 - 21:14:44: "[MXican] Nevra<27><STEAM_0:1:87689215><Unassigned>" joined team "Jinrai"
L 01/14/2024 - 21:14:56: "[GB] Rain ☆彡<6><STEAM_0:0:15075092><Spectator>" joined team "NSF"
L 01/14/2024 - 21:15:25: "[MXican] Wahaha-<25><STEAM_0:1:17526508><Jinrai>" say "!ready"
L 01/14/2024 - 21:15:30: "[MXican] Halcyon<5><STEAM_0:1:2864524><Jinrai>" say "!ready"
L 01/14/2024 - 21:15:37: "[MXican] Wahaha-<25><STEAM_0:1:17526508><Jinrai>" say "nevra pissin"
L 01/14/2024 - 21:15:56: "[MXican] Boltronics<15><STEAM_0:1:84048595><Jinrai>" say_team "ill go recon or assault"
L 01/14/2024 - 21:16:57: "[MXican] Ghost Lizard<17><STEAM_0:1:20336729><Jinrai>" say "!ready"
L 01/14/2024 - 21:16:57: "[MXican] Wahaha-<25><STEAM_0:1:17526508><Jinrai>" say "!ready"
L 01/14/2024 - 21:16:59: "[MXican] Wahaha-<25><STEAM_0:1:17526508><Jinrai>" say "!readylist"
L 01/14/2024 - 21:17:00: "[MXican] Halcyon<5><STEAM_0:1:2864524><Jinrai>" say "!ready"
L 01/14/2024 - 21:17:01: "[MXican] Nevra<27><STEAM_0:1:87689215><Jinrai>" say "!ready*"
L 01/14/2024 - 21:17:03: "[MXican] Nevra<27><STEAM_0:1:87689215><Jinrai>" say "!ready"
L 01/14/2024 - 21:17:40: "[MXican] Wahaha-<25><STEAM_0:1:17526508><Jinrai>" say "!readylist"
L 01/14/2024 - 21:17:41: "[GB] Agiel<10><STEAM_0:1:25025><NSF>" say "!ready"
L 01/14/2024 - 21:17:45: "[GB] Rain ☆彡<6><STEAM_0:0:15075092><NSF>" say "!ready"
L 01/14/2024 - 21:17:46: "[MXican] Nevra<27><STEAM_0:1:87689215><Jinrai>" say "!readylist"
L 01/14/2024 - 21:17:57: "suna<8><STEAM_0:1:29157668><NSF>" say "!ready"
L 01/14/2024 - 21:18:01: "[GB] Agiel<10><STEAM_0:1:25025><NSF>" say "gl hf!!!"
L 01/14/2024 - 21:18:05: "suna<8><STEAM_0:1:29157668><NSF>" say "glhf"
L 01/14/2024 - 21:18:08: "[MXican] Boltronics<15><STEAM_0:1:84048595><Jinrai>" say_team "buddha"
L 01/14/2024 - 21:18:09: "[GB] Rain ☆彡<6><STEAM_0:0:15075092><NSF>" say "glhf"
L 01/14/2024 - 21:18:16: "[GB] Puddy<11><STEAM_0:1:19453780><NSF>" say "glhf"
L 01/14/2024 - 21:18:33: "suna<8><STEAM_0:1:29157668><NSF>" killed "[MXican] Wahaha-<25><STEAM_0:1:17526508><Jinrai>" with "srm"
L 01/14/2024 - 21:18:33: "[MXican] Wahaha-<25><STEAM_0:1:17526508><Jinrai>" say_team "100 Recon srm"
L 01/14/2024 - 21:18:38: "[MXican] Boltronics<15><STEAM_0:1:84048595><Jinrai>" killed "suna<8><STEAM_0:1:29157668><NSF>" with "zr68s"
L 01/14/2024 - 21:18:38: "suna<8><STEAM_0:1:29157668><NSF>" say_team "83 Assault zr68s"
L 01/14/2024 - 21:18:52: "[GB] Agiel<10><STEAM_0:1:25025><NSF>" killed "[MXican] Boltronics<15><STEAM_0:1:84048595><Jinrai>" with "zr68s"
L 01/14/2024 - 21:18:52: "[MXican] Boltronics<15><STEAM_0:1:84048595><Jinrai>" say_team "100 Assault zr68s"
L 01/14/2024 - 21:18:56: "[MXican] Boltronics<15><STEAM_0:1:84048595><Jinrai>" say_team "in the short area"
L 01/14/2024 - 21:18:58: "[MXican] Boltronics<15><STEAM_0:1:84048595><Jinrai>" say_team "assault"
L 01/14/2024 - 21:19:06: "[MXican] Nevra<27><STEAM_0:1:87689215><Jinrai>" killed "[GB] Puddy<11><STEAM_0:1:19453780><NSF>" with "srm"
L 01/14/2024 - 21:19:06: "[GB] Puddy<11><STEAM_0:1:19453780><NSF>" say_team "2 Recon srm"
L 01/14/2024 - 21:19:08: "[GB] Rain ☆彡<6><STEAM_0:0:15075092><NSF>" killed "[MXican] Nevra<27><STEAM_0:1:87689215><Jinrai>" with "zr68s"
L 01/14/2024 - 21:19:08: "[GB] Puddy<11><STEAM_0:1:19453780><NSF>" triggered "kill_assist"
L 01/14/2024 - 21:19:08: "[MXican] Nevra<27><STEAM_0:1:87689215><Jinrai>" say_team "98 Assault zr68s"
L 01/14/2024 - 21:19:10: "[MXican] Boltronics<15><STEAM_0:1:84048595><Jinrai>" say_team "1 tree"
L 01/14/2024 - 21:19:13: "[GB] Agiel<10><STEAM_0:1:25025><NSF>" killed "[MXican] Halcyon<5><STEAM_0:1:2864524><Jinrai>" with "zr68s"
L 01/14/2024 - 21:19:14: "[MXican] Halcyon<5><STEAM_0:1:2864524><Jinrai>" say_team "100 Assault zr68s"
L 01/14/2024 - 21:19:17: "[MXican] Boltronics<15><STEAM_0:1:84048595><Jinrai>" say_team "play defensive"
L 01/14/2024 - 21:19:18: "[MXican] Ghost Lizard<17><STEAM_0:1:20336729><Jinrai>" killed "[GB] Rain ☆彡<6><STEAM_0:0:15075092><NSF>" with "srm"
L 01/14/2024 - 21:19:18: "[GB] Rain ☆彡<6><STEAM_0:0:15075092><NSF>" say_team "64 Support srm"
L 01/14/2024 - 21:19:39: Team "NSF" triggered "ghost_capture_team"
L 01/14/2024 - 21:19:39: "soft as HELL<12><STEAM_0:1:14747705><NSF>" triggered "ghost_capture"
L 01/14/2024 - 21:19:41: "[MXican] Halcyon<5><STEAM_0:1:2864524><Jinrai>" say_team "bad luck on that supa shot :( "
L 01/14/2024 - 21:19:44: "soft as HELL<12><STEAM_0:1:14747705><NSF>" killed "[MXican] Ghost Lizard<17><STEAM_0:1:20336729><Jinrai>" with "kyla"
L 01/14/2024 - 21:19:45: "[MXican] Ghost Lizard<17><STEAM_0:1:20336729><Jinrai>" say_team "9 Support kyla"
L 01/14/2024 - 21:21:22: "[MXican] Wahaha-<25><STEAM_0:1:17526508><Jinrai>" killed "[GB] Agiel<10><STEAM_0:1:25025><NSF>" with "zr68s"
L 01/14/2024 - 21:21:22: "[GB] Agiel<10><STEAM_0:1:25025><NSF>" say_team "88 Assault zr68s"
L 01/14/2024 - 21:21:24: "[MXican] Ghost Lizard<17><STEAM_0:1:20336729><Jinrai>" killed "[GB] Puddy<11><STEAM_0:1:19453780><NSF>" with "supa7"
L 01/14/2024 - 21:21:24: "[GB] Puddy<11><STEAM_0:1:19453780><NSF>" say_team "100 Support supa7"
L 01/14/2024 - 21:21:27: "[GB] Rain ☆彡<6><STEAM_0:0:15075092><NSF>" killed "[MXican] Ghost Lizard<17><STEAM_0:1:20336729><Jinrai>" with "zr68s"
L 01/14/2024 - 21:21:27: "[MXican] Ghost Lizard<17><STEAM_0:1:20336729><Jinrai>" say_team "100 Assault zr68s"
L 01/14/2024 - 21:21:33: "[MXican] Boltronics<15><STEAM_0:1:84048595><Jinrai>" killed "suna<8><STEAM_0:1:29157668><NSF>" with "zr68s"
L 01/14/2024 - 21:21:33: "[MXican] Nevra<27><STEAM_0:1:87689215><Jinrai>" triggered "kill_assist"
L 01/14/2024 - 21:21:33: "suna<8><STEAM_0:1:29157668><NSF>" say_team "100 Assault zr68s"
L 01/14/2024 - 21:21:37: "[GB] Rain ☆彡<6><STEAM_0:0:15075092><NSF>" killed "[MXican] Boltronics<15><STEAM_0:1:84048595><Jinrai>" with "zr68s"
L 01/14/2024 - 21:21:38: "[MXican] Boltronics<15><STEAM_0:1:84048595><Jinrai>" say_team "38 Assault zr68s"
L 01/14/2024 - 21:21:38: "[MXican] Wahaha-<25><STEAM_0:1:17526508><Jinrai>" killed "[GB] Rain ☆彡<6><STEAM_0:0:15075092><NSF>" with "zr68s"
L 01/14/2024 - 21:21:38: "[MXican] Boltronics<15><STEAM_0:1:84048595><Jinrai>" triggered "kill_assist"
L 01/14/2024 - 21:21:38: "[GB] Rain ☆彡<6><STEAM_0:0:15075092><NSF>" say_team "88 Assault zr68s"
L 01/14/2024 - 21:21:42: "[MXican] Boltronics<15><STEAM_0:1:84048595><Jinrai>" say_team "last was pipes"
L 01/14/2024 - 21:21:51: "soft as HELL<12><STEAM_0:1:14747705><NSF>" killed "[MXican] Halcyon<5><STEAM_0:1:2864524><Jinrai>" with "mx"
L 01/14/2024 - 21:21:51: "[GB] Agiel<10><STEAM_0:1:25025><NSF>" triggered "kill_assist"
L 01/14/2024 - 21:21:51: "[MXican] Halcyon<5><STEAM_0:1:2864524><Jinrai>" say_team "29 Support mx"
L 01/14/2024 - 21:21:55: Team "Jinrai" triggered "ghost_capture_team"
L 01/14/2024 - 21:21:55: "[MXican] Wahaha-<25><STEAM_0:1:17526508><Jinrai>" triggered "ghost_capture"
L 01/14/2024 - 21:22:20: "[MXican] Boltronics<15><STEAM_0:1:84048595><Jinrai>" say_team "dont push too far"
L 01/14/2024 - 21:23:01: "[MXican] Wahaha-<25><STEAM_0:1:17526508><Jinrai>" killed "[GB] Agiel<10><STEAM_0:1:25025><NSF>" with "zr68s"
L 01/14/2024 - 21:23:01: "[GB] Agiel<10><STEAM_0:1:25025><NSF>" say_team "92 Assault zr68s"
L 01/14/2024 - 21:23:30: "[GB] Puddy<11><STEAM_0:1:19453780><NSF>" killed "[MXican] Wahaha-<25><STEAM_0:1:17526508><Jinrai>" with "zr68s"
L 01/14/2024 - 21:23:30: "soft as HELL<12><STEAM_0:1:14747705><NSF>" triggered "kill_assist"
L 01/14/2024 - 21:23:31: "[MXican] Wahaha-<25><STEAM_0:1:17526508><Jinrai>" say_team "100 Assault zr68s"
L 01/14/2024 - 21:23:37: "[MXican] Ghost Lizard<17><STEAM_0:1:20336729><Jinrai>" killed "[GB] Rain ☆彡<6><STEAM_0:0:15075092><NSF>" with "supa7"
L 01/14/2024 - 21:23:37: "[GB] Rain ☆彡<6><STEAM_0:0:15075092><NSF>" say_team "10 Support supa7"
L 01/14/2024 - 21:23:45: "suna<8><STEAM_0:1:29157668><NSF>" killed "[MXican] Boltronics<15><STEAM_0:1:84048595><Jinrai>" with "srm"
L 01/14/2024 - 21:23:45: "[MXican] Boltronics<15><STEAM_0:1:84048595><Jinrai>" say_team "32 Recon srm"
L 01/14/2024 - 21:23:47: "[GB] Puddy<11><STEAM_0:1:19453780><NSF>" killed "[MXican] Halcyon<5><STEAM_0:1:2864524><Jinrai>" with "zr68s"
L 01/14/2024 - 21:23:47: "[MXican] Halcyon<5><STEAM_0:1:2864524><Jinrai>" say_team "25 Assault zr68s"
L 01/14/2024 - 21:23:48: "[MXican] Boltronics<15><STEAM_0:1:84048595><Jinrai>" say_team "in their spawn"
L 01/14/2024 - 21:23:50: "[MXican] Boltronics<15><STEAM_0:1:84048595><Jinrai>" say_team "push back"
L 01/14/2024 - 21:23:51: "[MXican] Boltronics<15><STEAM_0:1:84048595><Jinrai>" say_team "dont push"
L 01/14/2024 - 21:23:51: "suna<8><STEAM_0:1:29157668><NSF>" killed "[MXican] Ghost Lizard<17><STEAM_0:1:20336729><Jinrai>" with "zr68s"
L 01/14/2024 - 21:23:52: "[GB] Rain ☆彡<6><STEAM_0:0:15075092><NSF>" triggered "kill_assist"
L 01/14/2024 - 21:23:52: "[MXican] Ghost Lizard<17><STEAM_0:1:20336729><Jinrai>" say_team "32 Recon zr68s"
L 01/14/2024 - 21:23:53: "[MXican] Boltronics<15><STEAM_0:1:84048595><Jinrai>" say_team "go defensive"
L 01/14/2024 - 21:23:55: "[MXican] Nevra<27><STEAM_0:1:87689215><Jinrai>" killed "soft as HELL<12><STEAM_0:1:14747705><NSF>" with "mx"
L 01/14/2024 - 21:23:55: "soft as HELL<12><STEAM_0:1:14747705><NSF>" say_team "37 Support mx"
L 01/14/2024 - 21:23:56: "[MXican] Nevra<27><STEAM_0:1:87689215><Jinrai>" killed "[GB] Puddy<11><STEAM_0:1:19453780><NSF>" with "mx"
L 01/14/2024 - 21:23:56: "[MXican] Halcyon<5><STEAM_0:1:2864524><Jinrai>" triggered "kill_assist"
L 01/14/2024 - 21:23:56: "[GB] Puddy<11><STEAM_0:1:19453780><NSF>" say_team "23 Support mx"
L 01/14/2024 - 21:23:59: "[MXican] Boltronics<15><STEAM_0:1:84048595><Jinrai>" say_team "last recon"
L 01/14/2024 - 21:24:00: "[MXican] Boltronics<15><STEAM_0:1:84048595><Jinrai>" say_team "low hp"
L 01/14/2024 - 21:24:00: "[MXican] Ghost Lizard<17><STEAM_0:1:20336729><Jinrai>" say_team "ELBOW "
L 01/14/2024 - 21:24:01: "[MXican] Boltronics<15><STEAM_0:1:84048595><Jinrai>" say_team "go hide"
L 01/14/2024 - 21:24:02: "[MXican] Ghost Lizard<17><STEAM_0:1:20336729><Jinrai>" say_team "OR VENT"
L 01/14/2024 - 21:24:04: "suna<8><STEAM_0:1:29157668><NSF>" killed "[MXican] Nevra<27><STEAM_0:1:87689215><Jinrai>" with "zr68s"
L 01/14/2024 - 21:24:04: "soft as HELL<12><STEAM_0:1:14747705><NSF>" triggered "kill_assist"
L 01/14/2024 - 21:24:05: "[MXican] Nevra<27><STEAM_0:1:87689215><Jinrai>" say_team "2 Recon zr68s"
L 01/14/2024 - 21:24:45: "[MXican] Wahaha-<25><STEAM_0:1:17526508><Jinrai>" killed "soft as HELL<12><STEAM_0:1:14747705><NSF>" with "grenade_projectile"
L 01/14/2024 - 21:24:45: "soft as HELL<12><STEAM_0:1:14747705><NSF>" say_team "100 Assault grenade_projectile"
L 01/14/2024 - 21:24:50: "[GB] Rain ☆彡<6><STEAM_0:0:15075092><NSF>" killed "[MXican] Nevra<27><STEAM_0:1:87689215><Jinrai>" with "grenade_projectile"
L 01/14/2024 - 21:24:50: "[MXican] Nevra<27><STEAM_0:1:87689215><Jinrai>" say_team "100 Assault grenade_projectile"
L 01/14/2024 - 21:24:53: "[GB] Puddy<11><STEAM_0:1:19453780><NSF>" killed "[MXican] Wahaha-<25><STEAM_0:1:17526508><Jinrai>" with "zr68s"
L 01/14/2024 - 21:24:53: "[MXican] Wahaha-<25><STEAM_0:1:17526508><Jinrai>" say_team "75 Assault zr68s"
L 01/14/2024 - 21:24:55: "[MXican] Ghost Lizard<17><STEAM_0:1:20336729><Jinrai>" killed "suna<8><STEAM_0:1:29157668><NSF>" with "mx"
L 01/14/2024 - 21:24:55: "[MXican] Halcyon<5><STEAM_0:1:2864524><Jinrai>" triggered "kill_assist"
L 01/14/2024 - 21:24:55: "suna<8><STEAM_0:1:29157668><NSF>" say_team "90 Support mx"
L 01/14/2024 - 21:24:57: "[MXican] Boltronics<15><STEAM_0:1:84048595><Jinrai>" killed "[GB] Puddy<11><STEAM_0:1:19453780><NSF>" with "zr68s"
L 01/14/2024 - 21:24:57: "[GB] Puddy<11><STEAM_0:1:19453780><NSF>" say_team "72 Assault zr68s"
L 01/14/2024 - 21:25:42: "[MXican] Ghost Lizard<17><STEAM_0:1:20336729><Jinrai>" killed "[GB] Rain ☆彡<6><STEAM_0:0:15075092><NSF>" with "mx"
L 01/14/2024 - 21:25:42: "[MXican] Boltronics<15><STEAM_0:1:84048595><Jinrai>" triggered "kill_assist"
L 01/14/2024 - 21:25:42: "[GB] Rain ☆彡<6><STEAM_0:0:15075092><NSF>" say_team "51 Support mx"
L 01/14/2024 - 21:26:02: Team "Jinrai" triggered "ghost_capture_team"
L 01/14/2024 - 21:26:02: "[MXican] Halcyon<5><STEAM_0:1:2864524><Jinrai>" triggered "ghost_capture"
L 01/14/2024 - 21:26:04: "[MXican] Boltronics<15><STEAM_0:1:84048595><Jinrai>" killed "[GB] Agiel<10><STEAM_0:1:25025><NSF>" with "zr68s"
L 01/14/2024 - 21:26:04: "[GB] Agiel<10><STEAM_0:1:25025><NSF>" say_team "37 Assault zr68s"
L 01/14/2024 - 21:26:13: "[MXican] Boltronics<15><STEAM_0:1:84048595><Jinrai>" say_team "get mx wahahha"
L 01/14/2024 - 21:26:16: "[MXican] Boltronics<15><STEAM_0:1:84048595><Jinrai>" say_team "ill give"
L 01/14/2024 - 21:26:22: "[MXican] Boltronics<15><STEAM_0:1:84048595><Jinrai>" say_team "ill give"
L 01/14/2024 - 21:26:28: "[MXican] Boltronics<15><STEAM_0:1:84048595><Jinrai>" say_team "take it"
L 01/14/2024 - 21:26:29: "[MXican] Boltronics<15><STEAM_0:1:84048595><Jinrai>" say_team "wahah"
L 01/14/2024 - 21:26:51: "[GB] Agiel<10><STEAM_0:1:25025><NSF>" killed "[MXican] Wahaha-<25><STEAM_0:1:17526508><Jinrai>" with "zr68s"
L 01/14/2024 - 21:26:51: "[MXican] Wahaha-<25><STEAM_0:1:17526508><Jinrai>" say_team "58 Assault zr68s"
L 01/14/2024 - 21:26:52: "[MXican] Boltronics<15><STEAM_0:1:84048595><Jinrai>" killed "[GB] Rain ☆彡<6><STEAM_0:0:15075092><NSF>" with "mx"
L 01/14/2024 - 21:26:53: "[GB] Rain ☆彡<6><STEAM_0:0:15075092><NSF>" say_team "49 Assault mx"
L 01/14/2024 - 21:26:56: "[MXican] Nevra<27><STEAM_0:1:87689215><Jinrai>" killed "[GB] Puddy<11><STEAM_0:1:19453780><NSF>" with "zr68s"
L 01/14/2024 - 21:26:56: "[GB] Puddy<11><STEAM_0:1:19453780><NSF>" say_team "53 Support zr68s"
L 01/14/2024 - 21:26:57: "suna<8><STEAM_0:1:29157668><NSF>" killed "[MXican] Boltronics<15><STEAM_0:1:84048595><Jinrai>" with "zr68s"
L 01/14/2024 - 21:26:57: "[GB] Rain ☆彡<6><STEAM_0:0:15075092><NSF>" triggered "kill_assist"
L 01/14/2024 - 21:26:57: "[MXican] Boltronics<15><STEAM_0:1:84048595><Jinrai>" say_team "72 Recon zr68s"
L 01/14/2024 - 21:26:59: "[MXican] Boltronics<15><STEAM_0:1:84048595><Jinrai>" say_team "short"
L 01/14/2024 - 21:27:00: "suna<8><STEAM_0:1:29157668><NSF>" killed "[MXican] Nevra<27><STEAM_0:1:87689215><Jinrai>" with "zr68s"
L 01/14/2024 - 21:27:00: "[MXican] Nevra<27><STEAM_0:1:87689215><Jinrai>" say_team "40 Recon zr68s"
L 01/14/2024 - 21:27:04: "[MXican] Boltronics<15><STEAM_0:1:84048595><Jinrai>" say_team "blue recon"
L 01/14/2024 - 21:27:19: "[MXican] Ghost Lizard<17><STEAM_0:1:20336729><Jinrai>" killed "suna<8><STEAM_0:1:29157668><NSF>" with "mx"
L 01/14/2024 - 21:27:19: "suna<8><STEAM_0:1:29157668><NSF>" say_team "100 Support mx"
L 01/14/2024 - 21:27:44: "soft as HELL<12><STEAM_0:1:14747705><NSF>" killed "[MXican] Ghost Lizard<17><STEAM_0:1:20336729><Jinrai>" with "mx"
L 01/14/2024 - 21:27:44: "[MXican] Ghost Lizard<17><STEAM_0:1:20336729><Jinrai>" say_team "73 Support mx"
L 01/14/2024 - 21:27:49: "[MXican] Boltronics<15><STEAM_0:1:84048595><Jinrai>" say_team "shouldnt have pushed"
L 01/14/2024 - 21:27:51: "[MXican] Boltronics<15><STEAM_0:1:84048595><Jinrai>" say_team "its fine"
L 01/14/2024 - 21:28:31: Team "NSF" triggered "ghost_capture_team"
L 01/14/2024 - 21:28:31: "[GB] Agiel<10><STEAM_0:1:25025><NSF>" triggered "ghost_capture"
L 01/14/2024 - 21:28:31: "soft as HELL<12><STEAM_0:1:14747705><NSF>" killed "[MXican] Halcyon<5><STEAM_0:1:2864524><Jinrai>" with "mx"
L 01/14/2024 - 21:28:31: "[MXican] Halcyon<5><STEAM_0:1:2864524><Jinrai>" say_team "73 Support mx"
L 01/14/2024 - 21:28:53: "[MXican] Wahaha-<25><STEAM_0:1:17526508><Jinrai>" say "heli cap still way too fast"
L 01/14/2024 - 21:28:56: "[GB] Rain ☆彡<6><STEAM_0:0:15075092><NSF>" joined team "Unassigned"
L 01/14/2024 - 21:28:56: "[MXican] Wahaha-<25><STEAM_0:1:17526508><Jinrai>" say "kino bls"
L 01/14/2024 - 21:28:57: "suna<8><STEAM_0:1:29157668><NSF>" say "YEP"
L 01/14/2024 - 21:28:58: "[GB] Rain ☆彡<6><STEAM_0:0:15075092><Unassigned>" joined team "NSF"
L 01/14/2024 - 21:29:44: "[GB] Rain ☆彡<6><STEAM_0:0:15075092><NSF>" killed "[MXican] Wahaha-<25><STEAM_0:1:17526508><Jinrai>" with "mx"
L 01/14/2024 - 21:29:44: "[MXican] Wahaha-<25><STEAM_0:1:17526508><Jinrai>" say_team "100 Support mx"
L 01/14/2024 - 21:29:57: "[MXican] Halcyon<5><STEAM_0:1:2864524><Jinrai>" killed "[GB] Rain ☆彡<6><STEAM_0:0:15075092><NSF>" with "mx"
L 01/14/2024 - 21:29:57: "[GB] Rain ☆彡<6><STEAM_0:0:15075092><NSF>" say_team "79 Support mx"
L 01/14/2024 - 21:31:09: "[GB] Agiel<10><STEAM_0:1:25025><NSF>" committed suicide with "world"
L 01/14/2024 - 21:31:09: "[MXican] Boltronics<15><STEAM_0:1:84048595><Jinrai>" triggered "kill_assist"
L 01/14/2024 - 21:31:12: "[MXican] Boltronics<15><STEAM_0:1:84048595><Jinrai>" killed "soft as HELL<12><STEAM_0:1:14747705><NSF>" with "mx"
L 01/14/2024 - 21:31:12: "soft as HELL<12><STEAM_0:1:14747705><NSF>" say_team "42 Assault mx"
L 01/14/2024 - 21:31:13: "suna<8><STEAM_0:1:29157668><NSF>" killed "[MXican] Boltronics<15><STEAM_0:1:84048595><Jinrai>" with "zr68c"
L 01/14/2024 - 21:31:13: "[MXican] Boltronics<15><STEAM_0:1:84048595><Jinrai>" say_team "100 Recon zr68c"
L 01/14/2024 - 21:31:14: "[MXican] Halcyon<5><STEAM_0:1:2864524><Jinrai>" killed "[GB] Puddy<11><STEAM_0:1:19453780><NSF>" with "mx"
L 01/14/2024 - 21:31:14: "[MXican] Wahaha-<25><STEAM_0:1:17526508><Jinrai>" triggered "kill_assist"
L 01/14/2024 - 21:31:14: "[GB] Puddy<11><STEAM_0:1:19453780><NSF>" say_team "17 Support mx"
L 01/14/2024 - 21:31:15: "suna<8><STEAM_0:1:29157668><NSF>" killed "[MXican] Ghost Lizard<17><STEAM_0:1:20336729><Jinrai>" with "zr68c"
L 01/14/2024 - 21:31:16: "[MXican] Ghost Lizard<17><STEAM_0:1:20336729><Jinrai>" say_team "37 Recon zr68c"
L 01/14/2024 - 21:31:20: "suna<8><STEAM_0:1:29157668><NSF>" killed "[MXican] Nevra<27><STEAM_0:1:87689215><Jinrai>" with "zr68c"
L 01/14/2024 - 21:31:20: "[MXican] Nevra<27><STEAM_0:1:87689215><Jinrai>" say_team "37 Recon zr68c"
L 01/14/2024 - 21:31:31: "[MXican] Boltronics<15><STEAM_0:1:84048595><Jinrai>" say_team "keep holding doors on pipe pls"
L 01/14/2024 - 21:31:54: "[GB] Puddy<11><STEAM_0:1:19453780><NSF>" killed "[MXican] Wahaha-<25><STEAM_0:1:17526508><Jinrai>" with "grenade_projectile"
L 01/14/2024 - 21:31:54: "[MXican] Wahaha-<25><STEAM_0:1:17526508><Jinrai>" say_team "95 Assault grenade_projectile"
L 01/14/2024 - 21:32:04: "[MXican] Nevra<27><STEAM_0:1:87689215><Jinrai>" killed "[GB] Puddy<11><STEAM_0:1:19453780><NSF>" with "mx"
L 01/14/2024 - 21:32:04: "[GB] Puddy<11><STEAM_0:1:19453780><NSF>" say_team "100 Support mx"
L 01/14/2024 - 21:32:08: "[MXican] Wahaha-<25><STEAM_0:1:17526508><Jinrai>" say "i fucking LOVE sticky feet right as im throwing a grenade"
L 01/14/2024 - 21:32:12: "[GB] Puddy<11><STEAM_0:1:19453780><NSF>" say "mood"
L 01/14/2024 - 21:32:17: "[MXican] Ghost Lizard<17><STEAM_0:1:20336729><Jinrai>" killed "soft as HELL<12><STEAM_0:1:14747705><NSF>" with "mx"
L 01/14/2024 - 21:32:17: "[MXican] Nevra<27><STEAM_0:1:87689215><Jinrai>" triggered "kill_assist"
L 01/14/2024 - 21:32:17: "soft as HELL<12><STEAM_0:1:14747705><NSF>" say_team "100 Support mx"
L 01/14/2024 - 21:32:21: "[GB] Agiel<10><STEAM_0:1:25025><NSF>" killed "[MXican] Nevra<27><STEAM_0:1:87689215><Jinrai>" with "mx"
L 01/14/2024 - 21:32:21: "soft as HELL<12><STEAM_0:1:14747705><NSF>" triggered "kill_assist"
L 01/14/2024 - 21:32:21: "[MXican] Nevra<27><STEAM_0:1:87689215><Jinrai>" say_team "78 Assault mx"
L 01/14/2024 - 21:32:24: "[MXican] Ghost Lizard<17><STEAM_0:1:20336729><Jinrai>" killed "[GB] Agiel<10><STEAM_0:1:25025><NSF>" with "mx"
L 01/14/2024 - 21:32:24: "[GB] Agiel<10><STEAM_0:1:25025><NSF>" say_team "22 Support mx"
L 01/14/2024 - 21:32:24: "[GB] Puddy<11><STEAM_0:1:19453780><NSF>" say "That's my good karma for getting noshoot bug last map"
L 01/14/2024 - 21:33:07: "[MXican] Halcyon<5><STEAM_0:1:2864524><Jinrai>" killed "suna<8><STEAM_0:1:29157668><NSF>" with "mx"
L 01/14/2024 - 21:33:07: "suna<8><STEAM_0:1:29157668><NSF>" say_team "48 Support mx"
L 01/14/2024 - 21:33:18: "[MXican] Wahaha-<25><STEAM_0:1:17526508><Jinrai>" say "im laming so hard lamo"
L 01/14/2024 - 21:33:20: "[MXican] Boltronics<15><STEAM_0:1:84048595><Jinrai>" killed "[GB] Rain ☆彡<6><STEAM_0:0:15075092><NSF>" with "mx"
L 01/14/2024 - 21:33:20: "[MXican] Halcyon<5><STEAM_0:1:2864524><Jinrai>" triggered "kill_assist"
L 01/14/2024 - 21:33:20: "[GB] Rain ☆彡<6><STEAM_0:0:15075092><NSF>" say_team "100 Assault mx"
L 01/14/2024 - 21:33:24: "[MXican] Wahaha-<25><STEAM_0:1:17526508><Jinrai>" say "getting pissy"
L 01/14/2024 - 21:33:28: "[MXican] Wahaha-<25><STEAM_0:1:17526508><Jinrai>" say "yall are playing well"
L 01/14/2024 - 21:33:39: "[MXican] Wahaha-<25><STEAM_0:1:17526508><Jinrai>" say "frustratingly so"
L 01/14/2024 - 21:33:50: "[MXican] Boltronics<15><STEAM_0:1:84048595><Jinrai>" say_team "close gthost"
L 01/14/2024 - 21:34:05: "[GB] Agiel<10><STEAM_0:1:25025><NSF>" killed "[MXican] Boltronics<15><STEAM_0:1:84048595><Jinrai>" with "mx"
L 01/14/2024 - 21:34:05: "[MXican] Boltronics<15><STEAM_0:1:84048595><Jinrai>" say_team "100 Assault mx"
L 01/14/2024 - 21:34:08: "[MXican] Boltronics<15><STEAM_0:1:84048595><Jinrai>" say_team "i need 1 more tree"
L 01/14/2024 - 21:34:09: "[MXican] Boltronics<15><STEAM_0:1:84048595><Jinrai>" say_team "pls"
L 01/14/2024 - 21:34:16: "suna<8><STEAM_0:1:29157668><NSF>" killed "[MXican] Halcyon<5><STEAM_0:1:2864524><Jinrai>" with "mx"
L 01/14/2024 - 21:34:16: "[MXican] Halcyon<5><STEAM_0:1:2864524><Jinrai>" say_team "59 Recon mx"
L 01/14/2024 - 21:34:19: "[GB] Rain ☆彡<6><STEAM_0:0:15075092><NSF>" killed "[MXican] Wahaha-<25><STEAM_0:1:17526508><Jinrai>" with "zr68c"
L 01/14/2024 - 21:34:19: "[MXican] Wahaha-<25><STEAM_0:1:17526508><Jinrai>" killed "suna<8><STEAM_0:1:29157668><NSF>" with "grenade_projectile"
L 01/14/2024 - 21:34:19: "suna<8><STEAM_0:1:29157668><NSF>" say_team "1 Assault grenade_projectile"
L 01/14/2024 - 21:34:19: "[MXican] Nevra<27><STEAM_0:1:87689215><Jinrai>" killed "[GB] Rain ☆彡<6><STEAM_0:0:15075092><NSF>" with "mx"
L 01/14/2024 - 21:34:20: "[MXican] Wahaha-<25><STEAM_0:1:17526508><Jinrai>" say_team "64 Assault zr68c"
L 01/14/2024 - 21:34:20: "[GB] Rain ☆彡<6><STEAM_0:0:15075092><NSF>" say_team "100 Recon mx"
L 01/14/2024 - 21:34:21: "[GB] Agiel<10><STEAM_0:1:25025><NSF>" killed "[MXican] Nevra<27><STEAM_0:1:87689215><Jinrai>" with "mx"
L 01/14/2024 - 21:34:21: "[MXican] Nevra<27><STEAM_0:1:87689215><Jinrai>" say_team "100 Assault mx"
L 01/14/2024 - 21:34:29: "[MXican] Ghost Lizard<17><STEAM_0:1:20336729><Jinrai>" killed "[GB] Agiel<10><STEAM_0:1:25025><NSF>" with "zr68c"
L 01/14/2024 - 21:34:29: "[GB] Agiel<10><STEAM_0:1:25025><NSF>" say_team "93 Support zr68c"
L 01/14/2024 - 21:34:35: "[GB] Puddy<11><STEAM_0:1:19453780><NSF>" killed "[MXican] Ghost Lizard<17><STEAM_0:1:20336729><Jinrai>" with "mx"
L 01/14/2024 - 21:34:35: "[MXican] Ghost Lizard<17><STEAM_0:1:20336729><Jinrai>" say_team "27 Assault mx"
L 01/14/2024 - 21:34:38: "[MXican] Boltronics<15><STEAM_0:1:84048595><Jinrai>" say_team "need atlesat 2 to hold tree"
L 01/14/2024 - 21:34:44: "[MXican] Boltronics<15><STEAM_0:1:84048595><Jinrai>" say_team "i held vs 2 alone"
L 01/14/2024 - 21:35:18: "suna<8><STEAM_0:1:29157668><NSF>" killed "[MXican] Wahaha-<25><STEAM_0:1:17526508><Jinrai>" with "mx"
L 01/14/2024 - 21:35:18: "[MXican] Wahaha-<25><STEAM_0:1:17526508><Jinrai>" say_team "59 Recon mx"
L 01/14/2024 - 21:35:28: "suna<8><STEAM_0:1:29157668><NSF>" killed "[MXican] Nevra<27><STEAM_0:1:87689215><Jinrai>" with "mx"
L 01/14/2024 - 21:35:28: "[MXican] Nevra<27><STEAM_0:1:87689215><Jinrai>" say_team "59 Recon mx"
L 01/14/2024 - 21:35:29: "soft as HELL<12><STEAM_0:1:14747705><NSF>" killed "[MXican] Ghost Lizard<17><STEAM_0:1:20336729><Jinrai>" with "mx"
L 01/14/2024 - 21:35:29: "[GB] Puddy<11><STEAM_0:1:19453780><NSF>" triggered "kill_assist"
L 01/14/2024 - 21:35:29: "[MXican] Ghost Lizard<17><STEAM_0:1:20336729><Jinrai>" say_team "100 Support mx"
L 01/14/2024 - 21:35:54: "[MXican] Boltronics<15><STEAM_0:1:84048595><Jinrai>" killed "[GB] Agiel<10><STEAM_0:1:25025><NSF>" with "mx"
L 01/14/2024 - 21:35:54: "[GB] Agiel<10><STEAM_0:1:25025><NSF>" say_team "100 Assault mx"
L 01/14/2024 - 21:35:57: "[MXican] Boltronics<15><STEAM_0:1:84048595><Jinrai>" killed "soft as HELL<12><STEAM_0:1:14747705><NSF>" with "mx"
L 01/14/2024 - 21:35:57: "soft as HELL<12><STEAM_0:1:14747705><NSF>" say_team "100 Assault mx"
L 01/14/2024 - 21:35:59: "suna<8><STEAM_0:1:29157668><NSF>" killed "[MXican] Boltronics<15><STEAM_0:1:84048595><Jinrai>" with "mx"
L 01/14/2024 - 21:35:59: "[MXican] Boltronics<15><STEAM_0:1:84048595><Jinrai>" say_team "59 Recon mx"
L 01/14/2024 - 21:36:01: "[MXican] Boltronics<15><STEAM_0:1:84048595><Jinrai>" say_team "fuckkk"
L 01/14/2024 - 21:36:07: "[MXican] Boltronics<15><STEAM_0:1:84048595><Jinrai>" say_team "1 blue"
L 01/14/2024 - 21:36:09: "[MXican] Boltronics<15><STEAM_0:1:84048595><Jinrai>" say_team "1 blue"
L 01/14/2024 - 21:36:13: "[MXican] Ghost Lizard<17><STEAM_0:1:20336729><Jinrai>" say_team "assault half"
L 01/14/2024 - 21:36:17: "suna<8><STEAM_0:1:29157668><NSF>" killed "[MXican] Halcyon<5><STEAM_0:1:2864524><Jinrai>" with "mx"
L 01/14/2024 - 21:36:17: "[MXican] Halcyon<5><STEAM_0:1:2864524><Jinrai>" say_team "34 Recon mx"
L 01/14/2024 - 21:37:02: "[GB] Agiel<10><STEAM_0:1:25025><NSF>" killed "[MXican] Wahaha-<25><STEAM_0:1:17526508><Jinrai>" with "mx"
L 01/14/2024 - 21:37:03: "[MXican] Wahaha-<25><STEAM_0:1:17526508><Jinrai>" say_team "39 Assault mx"
L 01/14/2024 - 21:37:03: "[MXican] Boltronics<15><STEAM_0:1:84048595><Jinrai>" killed "[GB] Agiel<10><STEAM_0:1:25025><NSF>" with "grenade_projectile"
L 01/14/2024 - 21:37:03: "[MXican] Wahaha-<25><STEAM_0:1:17526508><Jinrai>" triggered "kill_assist"
L 01/14/2024 - 21:37:04: "[GB] Agiel<10><STEAM_0:1:25025><NSF>" say_team "100 Assault grenade_projectile"
L 01/14/2024 - 21:37:10: "[MXican] Nevra<27><STEAM_0:1:87689215><Jinrai>" killed "suna<8><STEAM_0:1:29157668><NSF>" with "mx"
L 01/14/2024 - 21:37:10: "suna<8><STEAM_0:1:29157668><NSF>" say_team "100 Assault mx"
L 01/14/2024 - 21:37:20: "[MXican] Nevra<27><STEAM_0:1:87689215><Jinrai>" killed "[GB] Rain ☆彡<6><STEAM_0:0:15075092><NSF>" with "mx"
L 01/14/2024 - 21:37:20: "[MXican] Halcyon<5><STEAM_0:1:2864524><Jinrai>" triggered "kill_assist"
L 01/14/2024 - 21:37:20: "[MXican] Halcyon<5><STEAM_0:1:2864524><Jinrai>" killed "[MXican] Nevra<27><STEAM_0:1:87689215><Jinrai>" with "mx"
L 01/14/2024 - 21:37:20: "[GB] Rain ☆彡<6><STEAM_0:0:15075092><NSF>" triggered "kill_assist"
L 01/14/2024 - 21:37:20: "[GB] Rain ☆彡<6><STEAM_0:0:15075092><NSF>" say_team "23 Assault mx"
L 01/14/2024 - 21:37:20: "[MXican] Nevra<27><STEAM_0:1:87689215><Jinrai>" say_team "25 Support mx"
L 01/14/2024 - 21:37:22: "[MXican] Boltronics<15><STEAM_0:1:84048595><Jinrai>" killed "soft as HELL<12><STEAM_0:1:14747705><NSF>" with "mx"
L 01/14/2024 - 21:37:23: "soft as HELL<12><STEAM_0:1:14747705><NSF>" say_team "100 Assault mx"
L 01/14/2024 - 21:37:38: "[MXican] Boltronics<15><STEAM_0:1:84048595><Jinrai>" killed "[GB] Puddy<11><STEAM_0:1:19453780><NSF>" with "mx"
L 01/14/2024 - 21:37:38: "[GB] Puddy<11><STEAM_0:1:19453780><NSF>" say_team "18 Assault mx"
L 01/14/2024 - 21:37:56: "[GB] Agiel<10><STEAM_0:1:25025><NSF>" say "that was a disgusting grenade"
L 01/14/2024 - 21:38:00: "[MXican] Boltronics<15><STEAM_0:1:84048595><Jinrai>" say "ty"
L 01/14/2024 - 21:38:16: "[MXican] Nevra<27><STEAM_0:1:87689215><Jinrai>" killed "[GB] Rain ☆彡<6><STEAM_0:0:15075092><NSF>" with "grenade_projectile"
L 01/14/2024 - 21:38:16: "[GB] Rain ☆彡<6><STEAM_0:0:15075092><NSF>" say_team "100 Assault grenade_projectile"
L 01/14/2024 - 21:38:32: "[MXican] Nevra<27><STEAM_0:1:87689215><Jinrai>" killed "suna<8><STEAM_0:1:29157668><NSF>" with "mx"
L 01/14/2024 - 21:38:32: "suna<8><STEAM_0:1:29157668><NSF>" say_team "18 Assault mx"
L 01/14/2024 - 21:38:36: "[MXican] Wahaha-<25><STEAM_0:1:17526508><Jinrai>" killed "[GB] Agiel<10><STEAM_0:1:25025><NSF>" with "mx"
L 01/14/2024 - 21:38:36: "[GB] Agiel<10><STEAM_0:1:25025><NSF>" say_team "54 Assault mx"
L 01/14/2024 - 21:38:38: "[MXican] Halcyon<5><STEAM_0:1:2864524><Jinrai>" killed "[GB] Puddy<11><STEAM_0:1:19453780><NSF>" with "mx"
L 01/14/2024 - 21:38:38: "[GB] Puddy<11><STEAM_0:1:19453780><NSF>" say_team "81 Support mx"
L 01/14/2024 - 21:38:44: "[MXican] Boltronics<15><STEAM_0:1:84048595><Jinrai>" killed "soft as HELL<12><STEAM_0:1:14747705><NSF>" with "aa13"
L 01/14/2024 - 21:38:45: "soft as HELL<12><STEAM_0:1:14747705><NSF>" say_team "17 Assault aa13"
L 01/14/2024 - 21:38:53: "[MXican] Boltronics<15><STEAM_0:1:84048595><Jinrai>" say_team "focus now guys"
L 01/14/2024 - 21:39:11: "[MXican] Boltronics<15><STEAM_0:1:84048595><Jinrai>" say_team "atleast 2 tree"
L 01/14/2024 - 21:39:22: "[GB] Agiel<10><STEAM_0:1:25025><NSF>" killed "[MXican] Wahaha-<25><STEAM_0:1:17526508><Jinrai>" with "grenade_projectile"
L 01/14/2024 - 21:39:22: "[GB] Agiel<10><STEAM_0:1:25025><NSF>" killed "[MXican] Nevra<27><STEAM_0:1:87689215><Jinrai>" with "grenade_projectile"
L 01/14/2024 - 21:39:22: "[MXican] Nevra<27><STEAM_0:1:87689215><Jinrai>" say_team "100 Assault grenade_projectile"
L 01/14/2024 - 21:39:23: "[MXican] Wahaha-<25><STEAM_0:1:17526508><Jinrai>" say_team "100 Assault grenade_projectile"
L 01/14/2024 - 21:40:03: "[MXican] Boltronics<15><STEAM_0:1:84048595><Jinrai>" killed "[GB] Agiel<10><STEAM_0:1:25025><NSF>" with "mx"
L 01/14/2024 - 21:40:03: "[GB] Agiel<10><STEAM_0:1:25025><NSF>" say_team "68 Assault mx"
L 01/14/2024 - 21:40:03: "[GB] Rain ☆彡<6><STEAM_0:0:15075092><NSF>" killed "[MXican] Boltronics<15><STEAM_0:1:84048595><Jinrai>" with "zr68c"
L 01/14/2024 - 21:40:03: "[MXican] Boltronics<15><STEAM_0:1:84048595><Jinrai>" say_team "30 Assault zr68c"
L 01/14/2024 - 21:40:04: "suna<8><STEAM_0:1:29157668><NSF>" killed "[MXican] Ghost Lizard<17><STEAM_0:1:20336729><Jinrai>" with "milso"
L 01/14/2024 - 21:40:04: "[MXican] Ghost Lizard<17><STEAM_0:1:20336729><Jinrai>" say_team "59 Recon milso"
L 01/14/2024 - 21:40:07: "suna<8><STEAM_0:1:29157668><NSF>" say_team "11gAd"
L 01/14/2024 - 21:40:07: "[MXican] Boltronics<15><STEAM_0:1:84048595><Jinrai>" say_team "low hp ghost"
L 01/14/2024 - 21:40:09: "[MXican] Halcyon<5><STEAM_0:1:2864524><Jinrai>" killed "suna<8><STEAM_0:1:29157668><NSF>" with "mx"
L 01/14/2024 - 21:40:09: "suna<8><STEAM_0:1:29157668><NSF>" say_team "89 Support mx"
L 01/14/2024 - 21:40:11: "[MXican] Halcyon<5><STEAM_0:1:2864524><Jinrai>" killed "[GB] Puddy<11><STEAM_0:1:19453780><NSF>" with "mx"
L 01/14/2024 - 21:40:11: "[GB] Puddy<11><STEAM_0:1:19453780><NSF>" say_team "66 Support mx"
L 01/14/2024 - 21:40:13: "[MXican] Halcyon<5><STEAM_0:1:2864524><Jinrai>" killed "[GB] Rain ☆彡<6><STEAM_0:0:15075092><NSF>" with "mx"
L 01/14/2024 - 21:40:13: "[MXican] Boltronics<15><STEAM_0:1:84048595><Jinrai>" triggered "kill_assist"
L 01/14/2024 - 21:40:13: "[GB] Rain ☆彡<6><STEAM_0:0:15075092><NSF>" say_team "37 Support mx"
L 01/14/2024 - 21:40:17: "soft as HELL<12><STEAM_0:1:14747705><NSF>" killed "[MXican] Halcyon<5><STEAM_0:1:2864524><Jinrai>" with "mx"
L 01/14/2024 - 21:40:17: "[MXican] Halcyon<5><STEAM_0:1:2864524><Jinrai>" say_team "100 Support mx"
L 01/14/2024 - 21:40:19: "[MXican] Boltronics<15><STEAM_0:1:84048595><Jinrai>" say_team "nt"
L 01/14/2024 - 21:40:21: "suna<8><STEAM_0:1:29157668><NSF>" say "JE4SUS CHRIST"
L 01/14/2024 - 21:40:23: "suna<8><STEAM_0:1:29157668><NSF>" say "I STARTED TYPING"
L 01/14/2024 - 21:40:28: "soft as HELL<12><STEAM_0:1:14747705><NSF>" committed suicide with "world"
L 01/14/2024 - 21:40:31: "[MXican] Boltronics<15><STEAM_0:1:84048595><Jinrai>" say "focus focus"
L 01/14/2024 - 21:40:32: "[MXican] Wahaha-<25><STEAM_0:1:17526508><Jinrai>" say "i hope in the next revision kino can make the map good"
L 01/14/2024 - 21:41:17: "[MXican] Wahaha-<25><STEAM_0:1:17526508><Jinrai>" killed "soft as HELL<12><STEAM_0:1:14747705><NSF>" with "mx"
L 01/14/2024 - 21:41:17: "soft as HELL<12><STEAM_0:1:14747705><NSF>" say_team "100 Assault mx"
L 01/14/2024 - 21:41:39: "[MXican] Nevra<27><STEAM_0:1:87689215><Jinrai>" killed "[GB] Puddy<11><STEAM_0:1:19453780><NSF>" with "mx"
L 01/14/2024 - 21:41:39: "[GB] Puddy<11><STEAM_0:1:19453780><NSF>" say_team "65 Assault mx"
L 01/14/2024 - 21:41:43: "suna<8><STEAM_0:1:29157668><NSF>" killed "[MXican] Wahaha-<25><STEAM_0:1:17526508><Jinrai>" with "supa7"
L 01/14/2024 - 21:41:43: "[MXican] Wahaha-<25><STEAM_0:1:17526508><Jinrai>" say_team "100 Recon supa7"
L 01/14/2024 - 21:41:50: "[GB] Rain ☆彡<6><STEAM_0:0:15075092><NSF>" killed "[MXican] Boltronics<15><STEAM_0:1:84048595><Jinrai>" with "mx"
L 01/14/2024 - 21:41:50: "[MXican] Boltronics<15><STEAM_0:1:84048595><Jinrai>" say_team "69 Assault mx"
L 01/14/2024 - 21:41:54: "[MXican] Boltronics<15><STEAM_0:1:84048595><Jinrai>" say_team "fking timing"
L 01/14/2024 - 21:42:59: "[GB] Agiel<10><STEAM_0:1:25025><NSF>" killed "[MXican] Nevra<27><STEAM_0:1:87689215><Jinrai>" with "mx"
L 01/14/2024 - 21:42:59: "[MXican] Nevra<27><STEAM_0:1:87689215><Jinrai>" say_team "45 Assault mx"
L 01/14/2024 - 21:43:04: "[MXican] Halcyon<5><STEAM_0:1:2864524><Jinrai>" killed "suna<8><STEAM_0:1:29157668><NSF>" with "mx"
L 01/14/2024 - 21:43:04: "suna<8><STEAM_0:1:29157668><NSF>" say_team "56 Support mx"
L 01/14/2024 - 21:43:18: "[MXican] Halcyon<5><STEAM_0:1:2864524><Jinrai>" killed "[GB] Rain ☆彡<6><STEAM_0:0:15075092><NSF>" with "mx"
L 01/14/2024 - 21:43:19: "[GB] Rain ☆彡<6><STEAM_0:0:15075092><NSF>" say_team "56 Support mx"
L 01/14/2024 - 21:43:23: "[MXican] Boltronics<15><STEAM_0:1:84048595><Jinrai>" say_team "push"
L 01/14/2024 - 21:43:24: "[MXican] Boltronics<15><STEAM_0:1:84048595><Jinrai>" say_team "go for cap"
L 01/14/2024 - 21:43:30: Team "Jinrai" triggered "ghost_capture_team"
L 01/14/2024 - 21:43:30: "[MXican] Ghost Lizard<17><STEAM_0:1:20336729><Jinrai>" triggered "ghost_capture"
L 01/14/2024 - 21:43:32: "[MXican] Ghost Lizard<17><STEAM_0:1:20336729><Jinrai>" killed "[GB] Agiel<10><STEAM_0:1:25025><NSF>" with "kyla"
L 01/14/2024 - 21:43:32: "[MXican] Nevra<27><STEAM_0:1:87689215><Jinrai>" triggered "kill_assist"
L 01/14/2024 - 21:43:32: "[GB] Agiel<10><STEAM_0:1:25025><NSF>" say_team "80 Support kyla"
L 01/14/2024 - 21:43:33: "[MXican] Boltronics<15><STEAM_0:1:84048595><Jinrai>" say_team "lets fking go"
L 01/14/2024 - 21:43:38: "[MXican] Wahaha-<25><STEAM_0:1:17526508><Jinrai>" say "LETS FUCKING GO"
L 01/14/2024 - 21:43:38: "[MXican] Boltronics<15><STEAM_0:1:84048595><Jinrai>" say_team "wait for the nade on tree now pls"
L 01/14/2024 - 21:43:40: "[MXican] Boltronics<15><STEAM_0:1:84048595><Jinrai>" say_team "dont rush tree"
L 01/14/2024 - 21:43:43: "[MXican] Boltronics<15><STEAM_0:1:84048595><Jinrai>" say_team "wait for nade on tree"
L 01/14/2024 - 21:43:54: "[MXican] Boltronics<15><STEAM_0:1:84048595><Jinrai>" say_team "dont push tree to fast for nade"
L 01/14/2024 - 21:44:00: "[GB] Agiel<10><STEAM_0:1:25025><NSF>" say "note to self. the rabbitfrog isnt penetrable"
L 01/14/2024 - 21:44:18: "[MXican] Boltronics<15><STEAM_0:1:84048595><Jinrai>" killed "[GB] Agiel<10><STEAM_0:1:25025><NSF>" with "mx"
L 01/14/2024 - 21:44:18: "[GB] Agiel<10><STEAM_0:1:25025><NSF>" say_team "100 Assault mx"
L 01/14/2024 - 21:44:30: "[GB] Rain ☆彡<6><STEAM_0:0:15075092><NSF>" killed "[MXican] Nevra<27><STEAM_0:1:87689215><Jinrai>" with "mx"
L 01/14/2024 - 21:44:30: "[MXican] Nevra<27><STEAM_0:1:87689215><Jinrai>" say_team "100 Assault mx"
L 01/14/2024 - 21:45:01: "[MXican] Wahaha-<25><STEAM_0:1:17526508><Jinrai>" killed "[GB] Puddy<11><STEAM_0:1:19453780><NSF>" with "grenade_projectile"
L 01/14/2024 - 21:45:02: "[GB] Puddy<11><STEAM_0:1:19453780><NSF>" say_team "100 Assault grenade_projectile"
L 01/14/2024 - 21:45:20: "[MXican] Wahaha-<25><STEAM_0:1:17526508><Jinrai>" committed suicide with "world"
L 01/14/2024 - 21:45:20: "[GB] Rain ☆彡<6><STEAM_0:0:15075092><NSF>" triggered "kill_assist"
L 01/14/2024 - 21:45:27: "suna<8><STEAM_0:1:29157668><NSF>" killed "[MXican] Halcyon<5><STEAM_0:1:2864524><Jinrai>" with "supa7"
L 01/14/2024 - 21:45:27: "[MXican] Halcyon<5><STEAM_0:1:2864524><Jinrai>" say_team "2 Recon supa7"
L 01/14/2024 - 21:45:27: "[MXican] Wahaha-<25><STEAM_0:1:17526508><Jinrai>" say "fuck that stupid fucking helipad"
L 01/14/2024 - 21:45:29: "suna<8><STEAM_0:1:29157668><NSF>" killed "[MXican] Ghost Lizard<17><STEAM_0:1:20336729><Jinrai>" with "supa7"
L 01/14/2024 - 21:45:29: "[MXican] Ghost Lizard<17><STEAM_0:1:20336729><Jinrai>" say_team "2 Recon supa7"
L 01/14/2024 - 21:45:38: Team "NSF" triggered "ghost_capture_team"
L 01/14/2024 - 21:45:38: "suna<8><STEAM_0:1:29157668><NSF>" triggered "ghost_capture"
L 01/14/2024 - 21:45:41: "[MXican] Boltronics<15><STEAM_0:1:84048595><Jinrai>" say_team "ffs"
L 01/14/2024 - 21:45:52: "[MXican] Boltronics<15><STEAM_0:1:84048595><Jinrai>" killed "soft as HELL<12><STEAM_0:1:14747705><NSF>" with "mx"
L 01/14/2024 - 21:45:53: "soft as HELL<12><STEAM_0:1:14747705><NSF>" say_team "48 Assault mx"
L 01/14/2024 - 21:46:33: "[MXican] Nevra<27><STEAM_0:1:87689215><Jinrai>" killed "[GB] Puddy<11><STEAM_0:1:19453780><NSF>" with "mx"
L 01/14/2024 - 21:46:33: "[GB] Puddy<11><STEAM_0:1:19453780><NSF>" say_team "4 Support mx"
L 01/14/2024 - 21:47:04: "[MXican] Wahaha-<25><STEAM_0:1:17526508><Jinrai>" killed "soft as HELL<12><STEAM_0:1:14747705><NSF>" with "mx"
L 01/14/2024 - 21:47:04: "soft as HELL<12><STEAM_0:1:14747705><NSF>" say_team "100 Assault mx"
L 01/14/2024 - 21:47:05: "suna<8><STEAM_0:1:29157668><NSF>" killed "[MXican] Wahaha-<25><STEAM_0:1:17526508><Jinrai>" with "supa7"
L 01/14/2024 - 21:47:05: "[MXican] Wahaha-<25><STEAM_0:1:17526508><Jinrai>" say_team "100 Recon supa7"
L 01/14/2024 - 21:47:07: "[MXican] Ghost Lizard<17><STEAM_0:1:20336729><Jinrai>" killed "suna<8><STEAM_0:1:29157668><NSF>" with "kyla"
L 01/14/2024 - 21:47:07: "[MXican] Halcyon<5><STEAM_0:1:2864524><Jinrai>" triggered "kill_assist"
L 01/14/2024 - 21:47:07: "suna<8><STEAM_0:1:29157668><NSF>" say_team "100 Support kyla"
L 01/14/2024 - 21:47:26: "[MXican] Halcyon<5><STEAM_0:1:2864524><Jinrai>" killed "[GB] Agiel<10><STEAM_0:1:25025><NSF>" with "mx"
L 01/14/2024 - 21:47:26: "[MXican] Boltronics<15><STEAM_0:1:84048595><Jinrai>" triggered "kill_assist"
L 01/14/2024 - 21:47:26: "[GB] Agiel<10><STEAM_0:1:25025><NSF>" say_team "66 Support mx"
L 01/14/2024 - 21:47:31: "[MXican] Boltronics<15><STEAM_0:1:84048595><Jinrai>" killed "[GB] Rain ☆彡<6><STEAM_0:0:15075092><NSF>" with "mx"
L 01/14/2024 - 21:47:31: "[GB] Rain ☆彡<6><STEAM_0:0:15075092><NSF>" say_team "82 Assault mx"
L 01/14/2024 - 21:47:35: "[MXican] Wahaha-<25><STEAM_0:1:17526508><Jinrai>" say "im starting to think one spawn is a bit better than the other"
L 01/14/2024 - 21:47:41: "[MXican] Boltronics<15><STEAM_0:1:84048595><Jinrai>" say_team "play defensive"
L 01/14/2024 - 21:47:45: "suna<8><STEAM_0:1:29157668><NSF>" say "why did u have ghost"
L 01/14/2024 - 21:47:49: "suna<8><STEAM_0:1:29157668><NSF>" say "5 rounds in a row"
L 01/14/2024 - 21:47:51: "suna<8><STEAM_0:1:29157668><NSF>" say "6"
L 01/14/2024 - 21:47:53: "[MXican] Halcyon<5><STEAM_0:1:2864524><Jinrai>" say ":d"
L 01/14/2024 - 21:47:55: "[MXican] Wahaha-<25><STEAM_0:1:17526508><Jinrai>" say "threadplate tactics"
L 01/14/2024 - 21:47:55: "[MXican] Boltronics<15><STEAM_0:1:84048595><Jinrai>" say "yeah "
L 01/14/2024 - 21:48:11: "[GB] Agiel<10><STEAM_0:1:25025><NSF>" killed "[MXican] Nevra<27><STEAM_0:1:87689215><Jinrai>" with "grenade_projectile"
L 01/14/2024 - 21:48:11: "[MXican] Nevra<27><STEAM_0:1:87689215><Jinrai>" say_team "100 Assault grenade_projectile"
L 01/14/2024 - 21:48:22: "[GB] Rain ☆彡<6><STEAM_0:0:15075092><NSF>" killed "[MXican] Halcyon<5><STEAM_0:1:2864524><Jinrai>" with "mx"
L 01/14/2024 - 21:48:22: "[MXican] Halcyon<5><STEAM_0:1:2864524><Jinrai>" say_team "6 Assault mx"
L 01/14/2024 - 21:49:20: "suna<8><STEAM_0:1:29157668><NSF>" killed "[MXican] Boltronics<15><STEAM_0:1:84048595><Jinrai>" with "supa7"
L 01/14/2024 - 21:49:20: "[GB] Agiel<10><STEAM_0:1:25025><NSF>" triggered "kill_assist"
L 01/14/2024 - 21:49:20: "[MXican] Boltronics<15><STEAM_0:1:84048595><Jinrai>" say_team "69 Recon supa7"
L 01/14/2024 - 21:49:24: "[GB] Puddy<11><STEAM_0:1:19453780><NSF>" killed "[MXican] Wahaha-<25><STEAM_0:1:17526508><Jinrai>" with "mx"
L 01/14/2024 - 21:49:24: "soft as HELL<12><STEAM_0:1:14747705><NSF>" triggered "kill_assist"
L 01/14/2024 - 21:49:24: "[MXican] Wahaha-<25><STEAM_0:1:17526508><Jinrai>" say_team "95 Support mx"
L 01/14/2024 - 21:49:28: "suna<8><STEAM_0:1:29157668><NSF>" killed "[MXican] Ghost Lizard<17><STEAM_0:1:20336729><Jinrai>" with "supa7"
L 01/14/2024 - 21:49:28: "[MXican] Ghost Lizard<17><STEAM_0:1:20336729><Jinrai>" say_team "69 Recon supa7"
L 01/14/2024 - 21:49:30: "[MXican] Boltronics<15><STEAM_0:1:84048595><Jinrai>" say "gg"
L 01/14/2024 - 21:49:30: "[MXican] Halcyon<5><STEAM_0:1:2864524><Jinrai>" say "gg"
L 01/14/2024 - 21:49:32: "[MXican] Nevra<27><STEAM_0:1:87689215><Jinrai>" say "gg "
L 01/14/2024 - 21:49:33: "[MXican] Wahaha-<25><STEAM_0:1:17526508><Jinrai>" say "gg"
L 01/14/2024 - 21:49:33: "suna<8><STEAM_0:1:29157668><NSF>" say "GG"
L 01/14/2024 - 21:49:33: "[MXican] Ghost Lizard<17><STEAM_0:1:20336729><Jinrai>" say "gg"
L 01/14/2024 - 21:49:36: "[Hacked Camera] Oni<14><STEAM_0:1:10174276><Spectator>" say "what a fucking match"
L 01/14/2024 - 21:49:37: "[GB] Puddy<11><STEAM_0:1:19453780><NSF>" say "GG"
L 01/14/2024 - 21:49:40: "[GB] Rain ☆彡<6><STEAM_0:0:15075092><NSF>" committed suicide with "world"
L 01/14/2024 - 21:49:40: "[MXican] Halcyon<5><STEAM_0:1:2864524><Jinrai>" triggered "kill_assist"
L 01/14/2024 - 21:49:42: "[GB] Agiel<10><STEAM_0:1:25025><NSF>" say "GG WP"
L 01/14/2024 - 21:49:43: "[GB] Puddy<11><STEAM_0:1:19453780><NSF>" committed suicide with "world"
L 01/14/2024 - 21:49:47: "[MXican] Boltronics<15><STEAM_0:1:84048595><Jinrai>" say_team " you play the ghost too much"
L 01/14/2024 - 21:49:50: "[MXican] Boltronics<15><STEAM_0:1:84048595><Jinrai>" say_team "everytime u play ghost"
L 01/14/2024 - 21:50:09: "[MXican] Nevra<27><STEAM_0:1:87689215><Jinrai>" disconnected (reason "Disconnect by user.")
L 01/14/2024 - 21:50:32: "[MXican] Boltronics<15><STEAM_0:1:84048595><Jinrai>" say_team "we lost everytime u went ghostcapping"
L 01/14/2024 - 21:50:36: "[MXican] Boltronics<15><STEAM_0:1:84048595><Jinrai>" say_team "ghostcalling"
L 01/14/2024 - 21:50:47: "[MXican] Boltronics<15><STEAM_0:1:84048595><Jinrai>" say_team "shouldnt ghostcall everytime"
L 01/14/2024 - 21:51:09: "[MXican] Boltronics<15><STEAM_0:1:84048595><Jinrai>" say_team "saitama isnt our map"
L 01/14/2024 - 21:51:15: "[MXican] Boltronics<15><STEAM_0:1:84048595><Jinrai>" say_team "i think"
L 01/14/2024 - 21:51:47: "[DYS] You're Pissed Off<26><STEAM_0:1:44658357><Spectator>" disconnected (reason "Disconnect by user.")
L 01/14/2024 - 21:58:23: "[MXican] Boltronics<15><STEAM_0:1:84048595><Jinrai>" say "ggs"
L 01/14/2024 - 21:58:26: "[MXican] Boltronics<15><STEAM_0:1:84048595><Jinrai>" say "was fun"
L 01/14/2024 - 21:58:30: "[GB] Rain ☆彡<6><STEAM_0:0:15075092><NSF>" say "ggwp"
L 01/14/2024 - 21:58:31: "suna<8><STEAM_0:1:29157668><NSF>" say "ggs"
L 01/14/2024 - 21:58:33: "[MXican] Boltronics<15><STEAM_0:1:84048595><Jinrai>" say "suna totally"
L 01/14/2024 - 21:58:35: "[MXican] Boltronics<15><STEAM_0:1:84048595><Jinrai>" say "outplayed me"
L 01/14/2024 - 21:58:39: "[MXican] Boltronics<15><STEAM_0:1:84048595><Jinrai>" say "gj xD"
L 01/14/2024 - 21:58:39: "suna<8><STEAM_0:1:29157668><NSF>" say "u played well"
L 01/14/2024 - 21:58:42: "[MXican] Boltronics<15><STEAM_0:1:84048595><Jinrai>" say "u 2 agiel"
L 01/14/2024 - 21:58:46: "[MXican] Boltronics<15><STEAM_0:1:84048595><Jinrai>" say "nah i was terrible"
L 01/14/2024 - 21:58:48: "suna<8><STEAM_0:1:29157668><NSF>" say "i dont hate u majestic"
L 01/14/2024 - 21:58:50: "[MXican] Halcyon<5><STEAM_0:1:2864524><Jinrai>" say "a hard match"
L 01/14/2024 - 21:58:54: "[MXican] Halcyon<5><STEAM_0:1:2864524><Jinrai>" say "was to be expected"
L 01/14/2024 - 21:58:54: "[MXican] Boltronics<15><STEAM_0:1:84048595><Jinrai>" say "it was fun"
L 01/14/2024 - 21:59:02: "[MXican] Boltronics<15><STEAM_0:1:84048595><Jinrai>" say "time to learn from mistakes now"
L 01/14/2024 - 21:59:02: "[GB] Agiel<10><STEAM_0:1:25025><NSF>" say "you got some nice multikills though"
L 01/14/2024 - 21:59:11: "[MXican] Boltronics<15><STEAM_0:1:84048595><Jinrai>" say "i was awful on saitama"
L 01/14/2024 - 21:59:12: "[MXican] Boltronics<15><STEAM_0:1:84048595><Jinrai>" say "xd"
L 01/14/2024 - 21:59:19: "[MXican] Halcyon<5><STEAM_0:1:2864524><Jinrai>" say "I saw one huge error :D "
L 01/14/2024 - 21:59:23: "[MXican] Halcyon<5><STEAM_0:1:2864524><Jinrai>" say "the rest idk what happened"
L 01/14/2024 - 21:59:56: "[MXican] Boltronics<15><STEAM_0:1:84048595><Jinrai>" say "u had some sick pre shots rain"
L 01/14/2024 - 22:00:03: "[MXican] Boltronics<15><STEAM_0:1:84048595><Jinrai>" say "defo will study that xD"
L 01/14/2024 - 22:00:11: "[GB] Puddy<11><STEAM_0:1:19453780><NSF>" say "getting wahaha from dropping down the vent was"
L 01/14/2024 - 22:00:14: "[GB] Puddy<11><STEAM_0:1:19453780><NSF>" say "so satisfying"
L 01/14/2024 - 22:00:19: "[GB] Rain ☆彡<6><STEAM_0:0:15075092><NSF>" say "just jittery from the despair and adrenalin "
L 01/14/2024 - 22:00:19: "[MXican] Boltronics<15><STEAM_0:1:84048595><Jinrai>" say "that nade on agiel"
L 01/14/2024 - 22:00:22: "[GB] Rain ☆彡<6><STEAM_0:0:15075092><NSF>" say "accidentally pressing m1"
L 01/14/2024 - 22:00:25: "[MXican] Wahaha-<25><STEAM_0:1:17526508><Jinrai>" say "that was so annoying"
L 01/14/2024 - 22:00:26: "[MXican] Boltronics<15><STEAM_0:1:84048595><Jinrai>" say "truly was majestic"
L 01/14/2024 - 22:00:28: "[GB] Puddy<11><STEAM_0:1:19453780><NSF>" say "LMAO"
L 01/14/2024 - 22:00:32: "[GB] Puddy<11><STEAM_0:1:19453780><NSF>" say "Vent gremlin"
L 01/14/2024 - 22:00:32: "[MXican] Wahaha-<25><STEAM_0:1:17526508><Jinrai>" say "pushing upper spawn is so annoying"
L 01/14/2024 - 22:00:42: "[MXican] Wahaha-<25><STEAM_0:1:17526508><Jinrai>" say "spawns def seem pretty imba"
L 01/14/2024 - 22:00:43: "[MXican] Wahaha-<25><STEAM_0:1:17526508><Jinrai>" say "imo"
L 01/14/2024 - 22:00:52: "[MXican] Wahaha-<25><STEAM_0:1:17526508><Jinrai>" say "upper's only weakness is heli spawn"
L 01/14/2024 - 22:01:00: "[MXican] Wahaha-<25><STEAM_0:1:17526508><Jinrai>" say "it has the advantage everywhere else i think"
L 01/14/2024 - 22:01:10: "[MXican] Boltronics<15><STEAM_0:1:84048595><Jinrai>" say_team "lizard"
L 01/14/2024 - 22:01:11: "[MXican] Boltronics<15><STEAM_0:1:84048595><Jinrai>" say_team "also"
L 01/14/2024 - 22:01:20: "[MXican] Boltronics<15><STEAM_0:1:84048595><Jinrai>" say_team "dont play too many ghostcalling here every round"
L 01/14/2024 - 22:01:23: "[MXican] Boltronics<15><STEAM_0:1:84048595><Jinrai>" say_team "we miss ur firepower"
L 01/14/2024 - 22:01:24: "[MXican] Wahaha-<25><STEAM_0:1:17526508><Jinrai>" say "scores i think sorta show that, i get the feeling we traded wins off almost every round based on who got top spawn"
L 01/14/2024 - 22:01:44: "[MXican] Boltronics<15><STEAM_0:1:84048595><Jinrai>" say_team "our synergy"
L 01/14/2024 - 22:01:46: "[MXican] Boltronics<15><STEAM_0:1:84048595><Jinrai>" say_team "isnt there yet"
L 01/14/2024 - 22:01:59: "suna<8><STEAM_0:1:29157668><NSF>" say "yeah"
L 01/14/2024 - 22:04:03: "[MXican] Wahaha-<25><STEAM_0:1:17526508><Jinrai>" disconnected (reason "Disconnect by user.")
L 01/14/2024 - 22:04:06: "[MXican] Boltronics<15><STEAM_0:1:84048595><Jinrai>" say_team "i know"
L 01/14/2024 - 22:04:07: "[MXican] Ghost Lizard<17><STEAM_0:1:20336729><Jinrai>" disconnected (reason "Disconnect by user.")
L 01/14/2024 - 22:04:09: "[MXican] Boltronics<15><STEAM_0:1:84048595><Jinrai>" say_team "i agree"
L 01/14/2024 - 22:04:57: "[MXican] Boltronics<15><STEAM_0:1:84048595><Jinrai>" say_team "u did great nevra u carried on snowfall"
L 01/14/2024 - 22:05:01: "[MXican] Boltronics<15><STEAM_0:1:84048595><Jinrai>" say_team "yes we can"
L 01/14/2024 - 22:05:03: "[MXican] Halcyon<5><STEAM_0:1:2864524><Jinrai>" disconnected (reason "Disconnect by user.")
L 01/14/2024 - 22:05:06: "[MXican] Boltronics<15><STEAM_0:1:84048595><Jinrai>" disconnected (reason "Disconnect by user.")
L 01/14/2024 - 22:05:50: "soft as HELL<12><STEAM_0:1:14747705><NSF>" disconnected (reason "Disconnect by user.")
L 01/14/2024 - 22:07:48: "suna<8><STEAM_0:1:29157668><NSF>" committed suicide with "player"
L 01/14/2024 - 22:11:37: "[GB] Rain ☆彡<6><STEAM_0:0:15075092><NSF>" disconnected (reason "Disconnect by user.")
L 01/14/2024 - 22:11:40: "suna<8><STEAM_0:1:29157668><NSF>" disconnected (reason "Disconnect by user.")
L 01/14/2024 - 22:16:37: "[Hacked Camera] Oni<14><STEAM_0:1:10174276><Spectator>" disconnected (reason "Disconnect by user.")
L 01/14/2024 - 22:29:53: "[CAST] Infrequent<24><STEAM_0:1:6384081><Spectator>" disconnected (reason "Disconnect by user.")
L 01/15/2024 - 02:19:19: "[DYS] bauxite<28><STEAM_ID_PENDING><>" connected, address "86.13.114.58:27005"
L 01/15/2024 - 02:19:19: "[DYS] bauxite<28><STEAM_0:0:5757747><>" STEAM USERID validated
L 01/15/2024 - 02:19:21: "[DYS] bauxite<28><STEAM_0:0:5757747><>" entered the game
L 01/15/2024 - 02:19:23: "[DYS] bauxite<28><STEAM_0:0:5757747><Unassigned>" joined team "Jinrai"
L 01/15/2024 - 02:19:36: "[DYS] bauxite<28><STEAM_0:0:5757747><Jinrai>" say "!map nt_threadplate_ctg"
L 01/15/2024 - 02:19:39: [META] Loaded 0 plugins (1 already loaded)
L 01/15/2024 - 02:19:39: [META] Loaded 0 plugins (1 already loaded)
L 01/15/2024 - 02:19:39: Log file closed
