L 01/14/2024 - 20:39:36: Log file started (file "logs\L0114062.log") (game "z:\home\steam\steam\steamapps\common\nt\NeotokyoSource") (version "4044")
L 01/14/2024 - 20:39:36: server_cvar: "sv_pausable" "0"
L 01/14/2024 - 20:39:36: server_cvar: "sv_contact" "baux.site"
L 01/14/2024 - 20:39:36: server_cvar: "sv_gravity" "800"
L 01/14/2024 - 20:39:36: server_cvar: "mp_friendlyfire" "1"
L 01/14/2024 - 20:39:38: "soft as HELL<12><STEAM_0:1:14747705><>" entered the game
L 01/14/2024 - 20:39:38: "suna<8><STEAM_0:1:29157668><>" entered the game
L 01/14/2024 - 20:39:38: "[MXican] NeoTokyoScrub<9><STEAM_0:1:95715175><>" entered the game
L 01/14/2024 - 20:39:39: "[GB] Rain ☆彡<6><STEAM_0:0:15075092><>" entered the game
L 01/14/2024 - 20:39:39: "[Hacked Camera] Oni<14><STEAM_0:1:10174276><>" entered the game
L 01/14/2024 - 20:39:39: "[MXican] Nevra<16><STEAM_0:1:87689215><>" entered the game
L 01/14/2024 - 20:39:39: "[MXican] Ghost Lizard<17><STEAM_0:1:20336729><>" entered the game
L 01/14/2024 - 20:39:40: "[MXican] Boltronics<15><STEAM_0:1:84048595><>" entered the game
L 01/14/2024 - 20:39:43: "[Hacked Camera] Oni<14><STEAM_0:1:10174276><Unassigned>" joined team "Spectator"
L 01/14/2024 - 20:39:43: "[MXican] NeoTokyoScrub<9><STEAM_0:1:95715175><Unassigned>" joined team "Jinrai"
L 01/14/2024 - 20:39:43: "[CAST] Infrequent<24><STEAM_0:1:6384081><>" entered the game
L 01/14/2024 - 20:39:43: "[MXican] Halcyon<5><STEAM_0:1:2864524><>" entered the game
L 01/14/2024 - 20:39:44: "suna<8><STEAM_0:1:29157668><Unassigned>" joined team "NSF"
L 01/14/2024 - 20:39:45: "[CAST] Infrequent<24><STEAM_0:1:6384081><Unassigned>" joined team "Spectator"
L 01/14/2024 - 20:39:45: "[GB] Rain ☆彡<6><STEAM_0:0:15075092><Unassigned>" joined team "Spectator"
L 01/14/2024 - 20:39:46: "[MXican] Halcyon<5><STEAM_0:1:2864524><Unassigned>" joined team "Jinrai"
L 01/14/2024 - 20:39:46: "soft as HELL<12><STEAM_0:1:14747705><Unassigned>" joined team "NSF"
L 01/14/2024 - 20:39:47: "[GB] Rain ☆彡<6><STEAM_0:0:15075092><Spectator>" joined team "NSF"
L 01/14/2024 - 20:39:49: "[GB] Agiel<10><STEAM_0:1:25025><>" entered the game
L 01/14/2024 - 20:39:50: "[GB] Puddy<11><STEAM_0:1:19453780><>" entered the game
L 01/14/2024 - 20:39:52: "[MXican] Boltronics<15><STEAM_0:1:84048595><Unassigned>" joined team "Jinrai"
L 01/14/2024 - 20:39:57: "[GB] Puddy<11><STEAM_0:1:19453780><Unassigned>" joined team "NSF"
L 01/14/2024 - 20:39:59: "[GB] Agiel<10><STEAM_0:1:25025><Unassigned>" joined team "NSF"
L 01/14/2024 - 20:40:01: "[MXican] Halcyon<5><STEAM_0:1:2864524><Jinrai>" say "Where is spray plugin"
L 01/14/2024 - 20:40:01: "[DYS] You're Pissed Off<20><STEAM_0:1:44658357><>" entered the game
L 01/14/2024 - 20:40:04: "[DYS] You're Pissed Off<20><STEAM_0:1:44658357><Unassigned>" joined team "Spectator"
L 01/14/2024 - 20:40:06: "[MXican] Halcyon<5><STEAM_0:1:2864524><Jinrai>" say "I want to vandalise"
L 01/14/2024 - 20:40:20: "[GB] Rain ☆彡<6><STEAM_0:0:15075092><NSF>" say "!ready"
L 01/14/2024 - 20:40:30: "[GB] Puddy<11><STEAM_0:1:19453780><NSF>" say "!settings"
L 01/14/2024 - 20:40:30: "suna<8><STEAM_0:1:29157668><NSF>" say "!settings"
L 01/14/2024 - 20:40:36: "[MXican] Boltronics<15><STEAM_0:1:84048595><Jinrai>" say "!s"
L 01/14/2024 - 20:40:36: "[MXican] Boltronics<15><STEAM_0:1:84048595><Jinrai>" committed suicide with "player"
L 01/14/2024 - 20:40:36: "[MXican] Boltronics<15><STEAM_0:1:84048595><Jinrai>" joined team "Spectator"
L 01/14/2024 - 20:40:36: "[GB] Rain ☆彡<6><STEAM_0:0:15075092><NSF>" say_team "!settings"
L 01/14/2024 - 20:40:46: "[MXican] Boltronics<15><STEAM_0:1:84048595><Spectator>" say "get wahaha"
L 01/14/2024 - 20:40:47: "[MXican] Boltronics<15><STEAM_0:1:84048595><Spectator>" say "?"
L 01/14/2024 - 20:40:56: "[MXican] Nevra<16><STEAM_0:1:87689215><Unassigned>" joined team "Spectator"
L 01/14/2024 - 20:41:01: "[MXican] Ghost Lizard<17><STEAM_0:1:20336729><Unassigned>" joined team "Jinrai"
L 01/14/2024 - 20:41:08: "[MXican] Boltronics<15><STEAM_0:1:84048595><Spectator>" say_team "!j"
L 01/14/2024 - 20:41:08: "[MXican] Boltronics<15><STEAM_0:1:84048595><Spectator>" joined team "Jinrai"
L 01/14/2024 - 20:41:12: "[MXican] Boltronics<15><STEAM_0:1:84048595><Jinrai>" say_team "who will sit out?"
L 01/14/2024 - 20:41:29: "[MXican] Halcyon<5><STEAM_0:1:2864524><Jinrai>" say "Waiting for the american"
L 01/14/2024 - 20:41:33: "[MXican] Halcyon<5><STEAM_0:1:2864524><Jinrai>" say "We're switching roster"
L 01/14/2024 - 20:41:49: "[MXican] Nevra<16><STEAM_0:1:87689215><Spectator>" disconnected (reason "Disconnect by user.")
L 01/14/2024 - 20:41:55: "[MXican] Wahaha-<25><STEAM_ID_PENDING><>" connected, address "76.133.237.17:27005"
L 01/14/2024 - 20:41:56: "[MXican] Wahaha-<25><STEAM_0:1:17526508><>" STEAM USERID validated
L 01/14/2024 - 20:42:02: "[MXican] Boltronics<15><STEAM_0:1:84048595><Jinrai>" say_team "its fine lizard"
L 01/14/2024 - 20:42:03: "[MXican] Wahaha-<25><STEAM_0:1:17526508><>" entered the game
L 01/14/2024 - 20:42:05: "[MXican] Wahaha-<25><STEAM_0:1:17526508><Unassigned>" joined team "Spectator"
L 01/14/2024 - 20:42:07: "[MXican] Boltronics<15><STEAM_0:1:84048595><Jinrai>" say_team "we all did good as a team"
L 01/14/2024 - 20:42:07: "[MXican] Wahaha-<25><STEAM_0:1:17526508><Spectator>" joined team "Jinrai"
L 01/14/2024 - 20:42:08: "[MXican] Boltronics<15><STEAM_0:1:84048595><Jinrai>" say_team "tbh"
L 01/14/2024 - 20:42:17: "[MXican] Ghost Lizard<17><STEAM_0:1:20336729><Jinrai>" say "the pz on this server can't swing around"
L 01/14/2024 - 20:42:19: "[MXican] Ghost Lizard<17><STEAM_0:1:20336729><Jinrai>" say "if not ads"
L 01/14/2024 - 20:42:33: "[MXican] Wahaha-<25><STEAM_0:1:17526508><Jinrai>" say "!ready"
L 01/14/2024 - 20:42:36: "[MXican] Halcyon<5><STEAM_0:1:2864524><Jinrai>" say "!ready"
L 01/14/2024 - 20:42:36: "[GB] Puddy<11><STEAM_0:1:19453780><NSF>" say "!ready"
L 01/14/2024 - 20:42:38: "[MXican] Ghost Lizard<17><STEAM_0:1:20336729><Jinrai>" say "!ready"
L 01/14/2024 - 20:42:40: "[MXican] NeoTokyoScrub<9><STEAM_0:1:95715175><Jinrai>" say "!ready"
L 01/14/2024 - 20:42:49: "[GB] Agiel<10><STEAM_0:1:25025><NSF>" say "!ready"
L 01/14/2024 - 20:42:50: "suna<8><STEAM_0:1:29157668><NSF>" say "!ready"
L 01/14/2024 - 20:42:54: "suna<8><STEAM_0:1:29157668><NSF>" say "!readylist"
L 01/14/2024 - 20:42:57: "[MXican] Boltronics<15><STEAM_0:1:84048595><Jinrai>" say "!ready"
L 01/14/2024 - 20:43:01: "[GB] Agiel<10><STEAM_0:1:25025><NSF>" say "gl hf"
L 01/14/2024 - 20:43:06: "[GB] Rain ☆彡<6><STEAM_0:0:15075092><NSF>" say "glhf"
L 01/14/2024 - 20:43:31: "[GB] Agiel<10><STEAM_0:1:25025><NSF>" killed "[MXican] NeoTokyoScrub<9><STEAM_0:1:95715175><Jinrai>" with "zr68s"
L 01/14/2024 - 20:43:32: "[MXican] Halcyon<5><STEAM_0:1:2864524><Jinrai>" killed "suna<8><STEAM_0:1:29157668><NSF>" with "zr68s"
L 01/14/2024 - 20:43:32: "suna<8><STEAM_0:1:29157668><NSF>" say_team "100 Assault zr68s"
L 01/14/2024 - 20:43:33: "[GB] Rain ☆彡<6><STEAM_0:0:15075092><NSF>" killed "[MXican] Ghost Lizard<17><STEAM_0:1:20336729><Jinrai>" with "srm"
L 01/14/2024 - 20:43:33: "[MXican] Ghost Lizard<17><STEAM_0:1:20336729><Jinrai>" say_team "46 Recon srm"
L 01/14/2024 - 20:43:33: "[MXican] Halcyon<5><STEAM_0:1:2864524><Jinrai>" killed "[GB] Rain ☆彡<6><STEAM_0:0:15075092><NSF>" with "zr68s"
L 01/14/2024 - 20:43:33: "[GB] Rain ☆彡<6><STEAM_0:0:15075092><NSF>" say_team "100 Assault zr68s"
L 01/14/2024 - 20:43:33: "[GB] Agiel<10><STEAM_0:1:25025><NSF>" killed "[MXican] Boltronics<15><STEAM_0:1:84048595><Jinrai>" with "zr68s"
L 01/14/2024 - 20:43:33: "[GB] Puddy<11><STEAM_0:1:19453780><NSF>" triggered "kill_assist"
L 01/14/2024 - 20:43:34: "[MXican] Boltronics<15><STEAM_0:1:84048595><Jinrai>" say_team "80 Assault zr68s"
L 01/14/2024 - 20:43:36: "[MXican] Boltronics<15><STEAM_0:1:84048595><Jinrai>" say "2 in midd"
L 01/14/2024 - 20:43:45: "[MXican] Boltronics<15><STEAM_0:1:84048595><Jinrai>" say_team "2 pushing forklift"
L 01/14/2024 - 20:43:47: "[MXican] Boltronics<15><STEAM_0:1:84048595><Jinrai>" say_team "from mid"
L 01/14/2024 - 20:43:53: "[MXican] Wahaha-<25><STEAM_0:1:17526508><Jinrai>" killed "[GB] Agiel<10><STEAM_0:1:25025><NSF>" with "zr68s"
L 01/14/2024 - 20:43:53: "[GB] Agiel<10><STEAM_0:1:25025><NSF>" say_team "46 Assault zr68s"
L 01/14/2024 - 20:43:56: "[MXican] Boltronics<15><STEAM_0:1:84048595><Jinrai>" say_team "1 more"
L 01/14/2024 - 20:43:57: "[MXican] Boltronics<15><STEAM_0:1:84048595><Jinrai>" say_team "whaha"
L 01/14/2024 - 20:44:00: "[GB] Puddy<11><STEAM_0:1:19453780><NSF>" killed "[MXican] Wahaha-<25><STEAM_0:1:17526508><Jinrai>" with "grenade_projectile"
L 01/14/2024 - 20:44:00: "[GB] Agiel<10><STEAM_0:1:25025><NSF>" triggered "kill_assist"
L 01/14/2024 - 20:44:00: "[MXican] Wahaha-<25><STEAM_0:1:17526508><Jinrai>" say_team "68 Assault grenade_projectile"
L 01/14/2024 - 20:44:08: "[GB] Puddy<11><STEAM_0:1:19453780><NSF>" killed "[MXican] Halcyon<5><STEAM_0:1:2864524><Jinrai>" with "zr68s"
L 01/14/2024 - 20:44:08: "soft as HELL<12><STEAM_0:1:14747705><NSF>" triggered "kill_assist"
L 01/14/2024 - 20:44:08: "[MXican] Halcyon<5><STEAM_0:1:2864524><Jinrai>" say_team "68 Assault zr68s"
L 01/14/2024 - 20:44:33: "[MXican] Boltronics<15><STEAM_0:1:84048595><Jinrai>" say_team "can somebody come fork with me"
L 01/14/2024 - 20:44:35: "[MXican] Boltronics<15><STEAM_0:1:84048595><Jinrai>" say_team "they came blue"
L 01/14/2024 - 20:44:53: "[MXican] Boltronics<15><STEAM_0:1:84048595><Jinrai>" killed "suna<8><STEAM_0:1:29157668><NSF>" with "srm"
L 01/14/2024 - 20:44:53: "suna<8><STEAM_0:1:29157668><NSF>" say_team "100 Recon srm"
L 01/14/2024 - 20:44:54: "[GB] Puddy<11><STEAM_0:1:19453780><NSF>" killed "[MXican] Wahaha-<25><STEAM_0:1:17526508><Jinrai>" with "zr68s"
L 01/14/2024 - 20:44:55: "[MXican] Wahaha-<25><STEAM_0:1:17526508><Jinrai>" say_team "80 Assault zr68s"
L 01/14/2024 - 20:44:56: "[GB] Rain ☆彡<6><STEAM_0:0:15075092><NSF>" killed "[MXican] Boltronics<15><STEAM_0:1:84048595><Jinrai>" with "srm"
L 01/14/2024 - 20:44:56: "[MXican] Boltronics<15><STEAM_0:1:84048595><Jinrai>" say_team "90 Recon srm"
L 01/14/2024 - 20:44:58: "[MXican] Boltronics<15><STEAM_0:1:84048595><Jinrai>" say_team "on"
L 01/14/2024 - 20:44:59: "[MXican] Boltronics<15><STEAM_0:1:84048595><Jinrai>" say_team "long"
L 01/14/2024 - 20:45:01: "[MXican] NeoTokyoScrub<9><STEAM_0:1:95715175><Jinrai>" killed "[GB] Puddy<11><STEAM_0:1:19453780><NSF>" with "srm"
L 01/14/2024 - 20:45:01: "[GB] Puddy<11><STEAM_0:1:19453780><NSF>" say_team "22 Recon srm"
L 01/14/2024 - 20:45:02: "[MXican] Boltronics<15><STEAM_0:1:84048595><Jinrai>" say_team "long stairs"
L 01/14/2024 - 20:45:06: "[GB] Agiel<10><STEAM_0:1:25025><NSF>" killed "[MXican] Ghost Lizard<17><STEAM_0:1:20336729><Jinrai>" with "zr68s"
L 01/14/2024 - 20:45:06: "[MXican] Ghost Lizard<17><STEAM_0:1:20336729><Jinrai>" say_team "56 Assault zr68s"
L 01/14/2024 - 20:45:06: "[MXican] Boltronics<15><STEAM_0:1:84048595><Jinrai>" say_team "maybe forklift now"
L 01/14/2024 - 20:45:12: "soft as HELL<12><STEAM_0:1:14747705><NSF>" killed "[MXican] NeoTokyoScrub<9><STEAM_0:1:95715175><Jinrai>" with "zr68s"
L 01/14/2024 - 20:45:12: "[GB] Puddy<11><STEAM_0:1:19453780><NSF>" triggered "kill_assist"
L 01/14/2024 - 20:45:16: "[MXican] Boltronics<15><STEAM_0:1:84048595><Jinrai>" say_team "hold spawn"
L 01/14/2024 - 20:45:30: "[MXican] Ghost Lizard<17><STEAM_0:1:20336729><Jinrai>" say "2 half hp assaults"
L 01/14/2024 - 20:45:32: "[MXican] Ghost Lizard<17><STEAM_0:1:20336729><Jinrai>" say_team "plus caller"
L 01/14/2024 - 20:45:45: "[MXican] Wahaha-<25><STEAM_0:1:17526508><Jinrai>" say_team "more defensive?"
L 01/14/2024 - 20:45:46: "[GB] Agiel<10><STEAM_0:1:25025><NSF>" killed "[MXican] Halcyon<5><STEAM_0:1:2864524><Jinrai>" with "zr68s"
L 01/14/2024 - 20:45:46: "[MXican] Halcyon<5><STEAM_0:1:2864524><Jinrai>" say_team "56 Assault zr68s"
L 01/14/2024 - 20:45:55: "[MXican] Boltronics<15><STEAM_0:1:84048595><Jinrai>" say_team "yeah not push too much"
L 01/14/2024 - 20:45:56: "[MXican] Boltronics<15><STEAM_0:1:84048595><Jinrai>" say_team "i guess"
L 01/14/2024 - 20:46:34: "[MXican] NeoTokyoScrub<9><STEAM_0:1:95715175><Jinrai>" killed "soft as HELL<12><STEAM_0:1:14747705><NSF>" with "srm"
L 01/14/2024 - 20:46:34: "soft as HELL<12><STEAM_0:1:14747705><NSF>" say_team "100 Recon srm"
L 01/14/2024 - 20:46:49: "[GB] Agiel<10><STEAM_0:1:25025><NSF>" killed "[MXican] NeoTokyoScrub<9><STEAM_0:1:95715175><Jinrai>" with "zr68s"
L 01/14/2024 - 20:46:52: "[GB] Puddy<11><STEAM_0:1:19453780><NSF>" killed "[MXican] Ghost Lizard<17><STEAM_0:1:20336729><Jinrai>" with "zr68s"
L 01/14/2024 - 20:46:52: "[GB] Rain ☆彡<6><STEAM_0:0:15075092><NSF>" triggered "kill_assist"
L 01/14/2024 - 20:46:53: "[MXican] Ghost Lizard<17><STEAM_0:1:20336729><Jinrai>" say_team "15 Assault zr68s"
L 01/14/2024 - 20:46:54: "[MXican] Boltronics<15><STEAM_0:1:84048595><Jinrai>" killed "[GB] Puddy<11><STEAM_0:1:19453780><NSF>" with "zr68s"
L 01/14/2024 - 20:46:54: "[GB] Puddy<11><STEAM_0:1:19453780><NSF>" say_team "100 Assault zr68s"
L 01/14/2024 - 20:46:57: "[MXican] Boltronics<15><STEAM_0:1:84048595><Jinrai>" killed "[GB] Agiel<10><STEAM_0:1:25025><NSF>" with "zr68s"
L 01/14/2024 - 20:46:57: "[GB] Agiel<10><STEAM_0:1:25025><NSF>" say_team "56 Assault zr68s"
L 01/14/2024 - 20:47:00: "[MXican] Halcyon<5><STEAM_0:1:2864524><Jinrai>" killed "suna<8><STEAM_0:1:29157668><NSF>" with "zr68s"
L 01/14/2024 - 20:47:00: "suna<8><STEAM_0:1:29157668><NSF>" say_team "19 Assault zr68s"
L 01/14/2024 - 20:47:06: "[GB] Rain ☆彡<6><STEAM_0:0:15075092><NSF>" killed "[MXican] Halcyon<5><STEAM_0:1:2864524><Jinrai>" with "mx"
L 01/14/2024 - 20:47:06: "suna<8><STEAM_0:1:29157668><NSF>" triggered "kill_assist"
L 01/14/2024 - 20:47:06: "[MXican] Halcyon<5><STEAM_0:1:2864524><Jinrai>" say_team "34 Support mx"
L 01/14/2024 - 20:47:07: "[GB] Rain ☆彡<6><STEAM_0:0:15075092><NSF>" killed "[MXican] Boltronics<15><STEAM_0:1:84048595><Jinrai>" with "mx"
L 01/14/2024 - 20:47:07: "[MXican] Boltronics<15><STEAM_0:1:84048595><Jinrai>" say_team "34 Support mx"
L 01/14/2024 - 20:47:10: "[MXican] Boltronics<15><STEAM_0:1:84048595><Jinrai>" say_team "fk me"
L 01/14/2024 - 20:47:13: "[MXican] Boltronics<15><STEAM_0:1:84048595><Jinrai>" say_team "34 support"
L 01/14/2024 - 20:48:00: "[MXican] Boltronics<15><STEAM_0:1:84048595><Jinrai>" say_team "gotta win this orund"
L 01/14/2024 - 20:48:02: "[MXican] Boltronics<15><STEAM_0:1:84048595><Jinrai>" say_team "he is low"
L 01/14/2024 - 20:48:23: "[GB] Rain ☆彡<6><STEAM_0:0:15075092><NSF>" killed "[MXican] Wahaha-<25><STEAM_0:1:17526508><Jinrai>" with "mx"
L 01/14/2024 - 20:48:23: "[MXican] Wahaha-<25><STEAM_0:1:17526508><Jinrai>" say_team "34 Support mx"
L 01/14/2024 - 20:49:20: "soft as HELL<12><STEAM_0:1:14747705><NSF>" killed "[MXican] Wahaha-<25><STEAM_0:1:17526508><Jinrai>" with "zr68s"
L 01/14/2024 - 20:49:20: "[MXican] Wahaha-<25><STEAM_0:1:17526508><Jinrai>" say_team "100 Assault zr68s"
L 01/14/2024 - 20:49:31: "suna<8><STEAM_0:1:29157668><NSF>" killed "[MXican] Boltronics<15><STEAM_0:1:84048595><Jinrai>" with "srm"
L 01/14/2024 - 20:49:31: "[MXican] Boltronics<15><STEAM_0:1:84048595><Jinrai>" say_team "100 Recon srm"
L 01/14/2024 - 20:49:33: "[MXican] Boltronics<15><STEAM_0:1:84048595><Jinrai>" say_team "in our spawn"
L 01/14/2024 - 20:49:35: "[MXican] Halcyon<5><STEAM_0:1:2864524><Jinrai>" killed "soft as HELL<12><STEAM_0:1:14747705><NSF>" with "zr68s"
L 01/14/2024 - 20:49:35: "soft as HELL<12><STEAM_0:1:14747705><NSF>" say_team "63 Assault zr68s"
L 01/14/2024 - 20:49:35: "[MXican] Boltronics<15><STEAM_0:1:84048595><Jinrai>" say_team "1"
L 01/14/2024 - 20:49:36: "[GB] Puddy<11><STEAM_0:1:19453780><NSF>" killed "[MXican] NeoTokyoScrub<9><STEAM_0:1:95715175><Jinrai>" with "zr68s"
L 01/14/2024 - 20:49:39: "[MXican] Boltronics<15><STEAM_0:1:84048595><Jinrai>" say_team "in our spawn 1"
L 01/14/2024 - 20:49:44: "suna<8><STEAM_0:1:29157668><NSF>" killed "[MXican] Halcyon<5><STEAM_0:1:2864524><Jinrai>" with "srm"
L 01/14/2024 - 20:49:44: "[MXican] Halcyon<5><STEAM_0:1:2864524><Jinrai>" say_team "24 Recon srm"
L 01/14/2024 - 20:50:03: "[MXican] NeoTokyoScrub<9><STEAM_0:1:95715175><Jinrai>" say_team "can someone drop me supa next round"
L 01/14/2024 - 20:50:06: "[GB] Rain ☆彡<6><STEAM_0:0:15075092><NSF>" killed "[MXican] Ghost Lizard<17><STEAM_0:1:20336729><Jinrai>" with "mx"
L 01/14/2024 - 20:50:06: "[MXican] Ghost Lizard<17><STEAM_0:1:20336729><Jinrai>" say_team "52 Assault mx"
L 01/14/2024 - 20:50:53: "[GB] Agiel<10><STEAM_0:1:25025><NSF>" killed "[MXican] NeoTokyoScrub<9><STEAM_0:1:95715175><Jinrai>" with "mx"
L 01/14/2024 - 20:51:32: "[GB] Puddy<11><STEAM_0:1:19453780><NSF>" killed "[MXican] Wahaha-<25><STEAM_0:1:17526508><Jinrai>" with "mx"
L 01/14/2024 - 20:51:32: "[MXican] Wahaha-<25><STEAM_0:1:17526508><Jinrai>" say_team "100 Assault mx"
L 01/14/2024 - 20:51:48: "[GB] Puddy<11><STEAM_0:1:19453780><NSF>" killed "[MXican] Boltronics<15><STEAM_0:1:84048595><Jinrai>" with "mx"
L 01/14/2024 - 20:51:48: "[MXican] Boltronics<15><STEAM_0:1:84048595><Jinrai>" say_team "2 Assault mx"
L 01/14/2024 - 20:51:50: "[MXican] Boltronics<15><STEAM_0:1:84048595><Jinrai>" say_team "2 hp"
L 01/14/2024 - 20:51:52: "[GB] Agiel<10><STEAM_0:1:25025><NSF>" killed "[MXican] Ghost Lizard<17><STEAM_0:1:20336729><Jinrai>" with "mx"
L 01/14/2024 - 20:51:52: "[MXican] Ghost Lizard<17><STEAM_0:1:20336729><Jinrai>" say_team "67 Support mx"
L 01/14/2024 - 20:51:54: "[MXican] Boltronics<15><STEAM_0:1:84048595><Jinrai>" say "-98 in spawn"
L 01/14/2024 - 20:51:55: "[MXican] Halcyon<5><STEAM_0:1:2864524><Jinrai>" killed "[GB] Puddy<11><STEAM_0:1:19453780><NSF>" with "jittescoped"
L 01/14/2024 - 20:51:55: "[MXican] Boltronics<15><STEAM_0:1:84048595><Jinrai>" triggered "kill_assist"
L 01/14/2024 - 20:51:55: "[GB] Puddy<11><STEAM_0:1:19453780><NSF>" say_team "100 Recon jittescoped"
L 01/14/2024 - 20:51:58: "[MXican] Halcyon<5><STEAM_0:1:2864524><Jinrai>" killed "soft as HELL<12><STEAM_0:1:14747705><NSF>" with "jittescoped"
L 01/14/2024 - 20:51:58: "[MXican] Wahaha-<25><STEAM_0:1:17526508><Jinrai>" triggered "kill_assist"
L 01/14/2024 - 20:51:58: "soft as HELL<12><STEAM_0:1:14747705><NSF>" say_team "100 Recon jittescoped"
L 01/14/2024 - 20:52:26: "[GB] Rain ☆彡<6><STEAM_0:0:15075092><NSF>" killed "[MXican] Halcyon<5><STEAM_0:1:2864524><Jinrai>" with "grenade_projectile"
L 01/14/2024 - 20:52:26: "[MXican] Halcyon<5><STEAM_0:1:2864524><Jinrai>" say_team "100 Assault grenade_projectile"
L 01/14/2024 - 20:52:34: "[MXican] Boltronics<15><STEAM_0:1:84048595><Jinrai>" say_team "we need to team up more"
L 01/14/2024 - 20:52:46: "[MXican] Boltronics<15><STEAM_0:1:84048595><Jinrai>" say_team "ill go with halcy"
L 01/14/2024 - 20:53:25: "[GB] Rain ☆彡<6><STEAM_0:0:15075092><NSF>" killed "[MXican] Wahaha-<25><STEAM_0:1:17526508><Jinrai>" with "mx"
L 01/14/2024 - 20:53:25: "[MXican] Wahaha-<25><STEAM_0:1:17526508><Jinrai>" say_team "86 Assault mx"
L 01/14/2024 - 20:53:30: "[MXican] Ghost Lizard<17><STEAM_0:1:20336729><Jinrai>" killed "[GB] Puddy<11><STEAM_0:1:19453780><NSF>" with "zr68s"
L 01/14/2024 - 20:53:30: "[MXican] Wahaha-<25><STEAM_0:1:17526508><Jinrai>" triggered "kill_assist"
L 01/14/2024 - 20:53:30: "[GB] Puddy<11><STEAM_0:1:19453780><NSF>" say_team "100 Assault zr68s"
L 01/14/2024 - 20:54:04: "soft as HELL<12><STEAM_0:1:14747705><NSF>" killed "[MXican] NeoTokyoScrub<9><STEAM_0:1:95715175><Jinrai>" with "zr68s"
L 01/14/2024 - 20:54:19: "[GB] Agiel<10><STEAM_0:1:25025><NSF>" killed "[MXican] Boltronics<15><STEAM_0:1:84048595><Jinrai>" with "mx"
L 01/14/2024 - 20:54:19: "[MXican] Boltronics<15><STEAM_0:1:84048595><Jinrai>" say_team "88 Support mx"
L 01/14/2024 - 20:54:22: "[MXican] Boltronics<15><STEAM_0:1:84048595><Jinrai>" say_team "ffs"
L 01/14/2024 - 20:54:23: "soft as HELL<12><STEAM_0:1:14747705><NSF>" killed "[MXican] Ghost Lizard<17><STEAM_0:1:20336729><Jinrai>" with "zr68s"
L 01/14/2024 - 20:54:23: "[GB] Rain ☆彡<6><STEAM_0:0:15075092><NSF>" triggered "kill_assist"
L 01/14/2024 - 20:54:23: "[MXican] Ghost Lizard<17><STEAM_0:1:20336729><Jinrai>" say_team "31 Assault zr68s"
L 01/14/2024 - 20:54:37: "[MXican] Boltronics<15><STEAM_0:1:84048595><Jinrai>" say_team "yeah "
L 01/14/2024 - 20:54:47: "[MXican] Halcyon<5><STEAM_0:1:2864524><Jinrai>" killed "soft as HELL<12><STEAM_0:1:14747705><NSF>" with "zr68s"
L 01/14/2024 - 20:54:47: "[MXican] Wahaha-<25><STEAM_0:1:17526508><Jinrai>" triggered "kill_assist"
L 01/14/2024 - 20:54:47: "soft as HELL<12><STEAM_0:1:14747705><NSF>" say_team "100 Recon zr68s"
L 01/14/2024 - 20:54:51: Team "NSF" triggered "ghost_capture_team"
L 01/14/2024 - 20:54:51: "suna<8><STEAM_0:1:29157668><NSF>" triggered "ghost_capture"
L 01/14/2024 - 20:55:00: "[MXican] Halcyon<5><STEAM_0:1:2864524><Jinrai>" killed "suna<8><STEAM_0:1:29157668><NSF>" with "zr68s"
L 01/14/2024 - 20:55:00: "suna<8><STEAM_0:1:29157668><NSF>" say_team "10 Recon zr68s"
L 01/14/2024 - 20:55:03: "[MXican] Boltronics<15><STEAM_0:1:84048595><Jinrai>" say_team "ill play sup"
L 01/14/2024 - 20:55:32: "suna<8><STEAM_0:1:29157668><NSF>" killed "[MXican] NeoTokyoScrub<9><STEAM_0:1:95715175><Jinrai>" with "supa7"
L 01/14/2024 - 20:55:49: "[MXican] Wahaha-<25><STEAM_0:1:17526508><Jinrai>" killed "[GB] Agiel<10><STEAM_0:1:25025><NSF>" with "mx"
L 01/14/2024 - 20:55:49: "[GB] Agiel<10><STEAM_0:1:25025><NSF>" say_team "40 Support mx"
L 01/14/2024 - 20:55:50: "[GB] Puddy<11><STEAM_0:1:19453780><NSF>" killed "[MXican] Wahaha-<25><STEAM_0:1:17526508><Jinrai>" with "mx"
L 01/14/2024 - 20:55:50: "[GB] Agiel<10><STEAM_0:1:25025><NSF>" triggered "kill_assist"
L 01/14/2024 - 20:55:51: "[MXican] Wahaha-<25><STEAM_0:1:17526508><Jinrai>" say_team "22 Assault mx"
L 01/14/2024 - 20:56:23: "soft as HELL<12><STEAM_0:1:14747705><NSF>" killed "[MXican] Boltronics<15><STEAM_0:1:84048595><Jinrai>" with "mx"
L 01/14/2024 - 20:56:23: "[MXican] Boltronics<15><STEAM_0:1:84048595><Jinrai>" say_team "75 Assault mx"
L 01/14/2024 - 20:56:29: "[MXican] Boltronics<15><STEAM_0:1:84048595><Jinrai>" say_team "3 in server"
L 01/14/2024 - 20:56:32: "[MXican] Boltronics<15><STEAM_0:1:84048595><Jinrai>" say_team "2 suicide"
L 01/14/2024 - 20:56:57: "[GB] Rain ☆彡<6><STEAM_0:0:15075092><NSF>" killed "[MXican] Ghost Lizard<17><STEAM_0:1:20336729><Jinrai>" with "tachi"
L 01/14/2024 - 20:56:57: "[MXican] Ghost Lizard<17><STEAM_0:1:20336729><Jinrai>" say_team "65 Assault tachi"
L 01/14/2024 - 20:57:00: "[GB] Puddy<11><STEAM_0:1:19453780><NSF>" killed "soft as HELL<12><STEAM_0:1:14747705><NSF>" with "mx"
L 01/14/2024 - 20:57:00: "soft as HELL<12><STEAM_0:1:14747705><NSF>" say_team "22 Assault mx"
L 01/14/2024 - 20:57:13: "[MXican] Halcyon<5><STEAM_0:1:2864524><Jinrai>" killed "[GB] Rain ☆彡<6><STEAM_0:0:15075092><NSF>" with "mx"
L 01/14/2024 - 20:57:13: "[GB] Rain ☆彡<6><STEAM_0:0:15075092><NSF>" say_team "30 Support mx"
L 01/14/2024 - 20:57:14: "[MXican] Halcyon<5><STEAM_0:1:2864524><Jinrai>" killed "[GB] Puddy<11><STEAM_0:1:19453780><NSF>" with "mx"
L 01/14/2024 - 20:57:14: "[MXican] Wahaha-<25><STEAM_0:1:17526508><Jinrai>" triggered "kill_assist"
L 01/14/2024 - 20:57:14: "[GB] Puddy<11><STEAM_0:1:19453780><NSF>" say_team "30 Support mx"
L 01/14/2024 - 20:57:18: "[MXican] Halcyon<5><STEAM_0:1:2864524><Jinrai>" killed "suna<8><STEAM_0:1:29157668><NSF>" with "mx"
L 01/14/2024 - 20:57:18: "suna<8><STEAM_0:1:29157668><NSF>" say_team "22 Support mx"
L 01/14/2024 - 20:57:20: "[MXican] Wahaha-<25><STEAM_0:1:17526508><Jinrai>" say "BIG"
L 01/14/2024 - 20:57:21: "[MXican] Boltronics<15><STEAM_0:1:84048595><Jinrai>" say_team "gj"
L 01/14/2024 - 20:57:31: "[GB] Puddy<11><STEAM_0:1:19453780><NSF>" say "Noshoot bug pain"
L 01/14/2024 - 20:57:43: "[GB] Agiel<10><STEAM_0:1:25025><NSF>" say "the perfect score dream -_-"
L 01/14/2024 - 20:57:49: "soft as HELL<12><STEAM_0:1:14747705><NSF>" say "[VGS] Shazbot!"
L 01/14/2024 - 20:57:50: "[MXican] Halcyon<5><STEAM_0:1:2864524><Jinrai>" say "SOWWY"
L 01/14/2024 - 20:58:00: "[MXican] NeoTokyoScrub<9><STEAM_0:1:95715175><Jinrai>" killed "soft as HELL<12><STEAM_0:1:14747705><NSF>" with "srm"
L 01/14/2024 - 20:58:00: "soft as HELL<12><STEAM_0:1:14747705><NSF>" say_team "59 Recon srm"
L 01/14/2024 - 20:58:01: "[GB] Rain ☆彡<6><STEAM_0:0:15075092><NSF>" killed "[MXican] NeoTokyoScrub<9><STEAM_0:1:95715175><Jinrai>" with "mx"
L 01/14/2024 - 20:58:01: "[MXican] Ghost Lizard<17><STEAM_0:1:20336729><Jinrai>" killed "suna<8><STEAM_0:1:29157668><NSF>" with "zr68s"
L 01/14/2024 - 20:58:01: "suna<8><STEAM_0:1:29157668><NSF>" say_team "7 Assault zr68s"
L 01/14/2024 - 20:58:42: "[GB] Puddy<11><STEAM_0:1:19453780><NSF>" killed "[MXican] Boltronics<15><STEAM_0:1:84048595><Jinrai>" with "mx"
L 01/14/2024 - 20:58:42: "[GB] Agiel<10><STEAM_0:1:25025><NSF>" triggered "kill_assist"
L 01/14/2024 - 20:58:43: "[MXican] Boltronics<15><STEAM_0:1:84048595><Jinrai>" say_team "100 Assault mx"
L 01/14/2024 - 20:58:48: "[MXican] Boltronics<15><STEAM_0:1:84048595><Jinrai>" say "-87 in 5"
L 01/14/2024 - 20:58:53: "[MXican] Boltronics<15><STEAM_0:1:84048595><Jinrai>" say_team "both on spawn"
L 01/14/2024 - 20:58:55: "[MXican] Boltronics<15><STEAM_0:1:84048595><Jinrai>" say_team "2 supports"
L 01/14/2024 - 20:58:58: "soft as HELL<12><STEAM_0:1:14747705><NSF>" say "lies"
L 01/14/2024 - 20:59:17: "[MXican] Boltronics<15><STEAM_0:1:84048595><Jinrai>" say "-87 in 5 -98 in 6 -99 in 5 baux????"
L 01/14/2024 - 20:59:30: "[MXican] Halcyon<5><STEAM_0:1:2864524><Jinrai>" killed "[GB] Agiel<10><STEAM_0:1:25025><NSF>" with "mx"
L 01/14/2024 - 20:59:30: "[MXican] Boltronics<15><STEAM_0:1:84048595><Jinrai>" triggered "kill_assist"
L 01/14/2024 - 20:59:30: "[GB] Agiel<10><STEAM_0:1:25025><NSF>" say_team "100 Support mx"
L 01/14/2024 - 20:59:40: "[MXican] Halcyon<5><STEAM_0:1:2864524><Jinrai>" killed "[GB] Rain ☆彡<6><STEAM_0:0:15075092><NSF>" with "mx"
L 01/14/2024 - 20:59:40: "[GB] Rain ☆彡<6><STEAM_0:0:15075092><NSF>" say_team "100 Support mx"
L 01/14/2024 - 20:59:51: "[MXican] Wahaha-<25><STEAM_0:1:17526508><Jinrai>" killed "[GB] Puddy<11><STEAM_0:1:19453780><NSF>" with "mx"
L 01/14/2024 - 20:59:52: "[GB] Puddy<11><STEAM_0:1:19453780><NSF>" say_team "1 Support mx"
L 01/14/2024 - 20:59:54: "[MXican] Boltronics<15><STEAM_0:1:84048595><Jinrai>" say_team "gjjjj"
L 01/14/2024 - 21:00:50: "[MXican] Wahaha-<25><STEAM_0:1:17526508><Jinrai>" killed "soft as HELL<12><STEAM_0:1:14747705><NSF>" with "mx"
L 01/14/2024 - 21:00:50: "soft as HELL<12><STEAM_0:1:14747705><NSF>" say_team "82 Support mx"
L 01/14/2024 - 21:00:50: "[GB] Puddy<11><STEAM_0:1:19453780><NSF>" killed "[MXican] NeoTokyoScrub<9><STEAM_0:1:95715175><Jinrai>" with "mx"
L 01/14/2024 - 21:01:49: "[GB] Agiel<10><STEAM_0:1:25025><NSF>" killed "[MXican] Boltronics<15><STEAM_0:1:84048595><Jinrai>" with "mx"
L 01/14/2024 - 21:01:49: "[MXican] Boltronics<15><STEAM_0:1:84048595><Jinrai>" say_team "91 Support mx"
L 01/14/2024 - 21:01:53: "[MXican] Halcyon<5><STEAM_0:1:2864524><Jinrai>" killed "[GB] Agiel<10><STEAM_0:1:25025><NSF>" with "mx"
L 01/14/2024 - 21:01:53: "[GB] Agiel<10><STEAM_0:1:25025><NSF>" say_team "100 Support mx"
L 01/14/2024 - 21:02:08: "[GB] Puddy<11><STEAM_0:1:19453780><NSF>" killed "[MXican] Ghost Lizard<17><STEAM_0:1:20336729><Jinrai>" with "mx"
L 01/14/2024 - 21:02:08: "[MXican] Ghost Lizard<17><STEAM_0:1:20336729><Jinrai>" say_team "100 Assault mx"
L 01/14/2024 - 21:02:46: "[GB] Rain ☆彡<6><STEAM_0:0:15075092><NSF>" killed "[MXican] Halcyon<5><STEAM_0:1:2864524><Jinrai>" with "mx"
L 01/14/2024 - 21:02:46: "[MXican] Halcyon<5><STEAM_0:1:2864524><Jinrai>" say_team "25 Assault mx"
L 01/14/2024 - 21:02:49: "[GB] Rain ☆彡<6><STEAM_0:0:15075092><NSF>" killed "[MXican] Wahaha-<25><STEAM_0:1:17526508><Jinrai>" with "mx"
L 01/14/2024 - 21:02:49: "[GB] Puddy<11><STEAM_0:1:19453780><NSF>" triggered "kill_assist"
L 01/14/2024 - 21:02:49: "[MXican] Wahaha-<25><STEAM_0:1:17526508><Jinrai>" say_team "25 Assault mx"
L 01/14/2024 - 21:03:08: "[MXican] Boltronics<15><STEAM_0:1:84048595><Jinrai>" say_team "yes"
L 01/14/2024 - 21:03:11: "[MXican] Boltronics<15><STEAM_0:1:84048595><Jinrai>" say_team "im assault"
L 01/14/2024 - 21:03:31: "[GB] Rain ☆彡<6><STEAM_0:0:15075092><NSF>" killed "[MXican] NeoTokyoScrub<9><STEAM_0:1:95715175><Jinrai>" with "mx"
L 01/14/2024 - 21:03:39: "suna<8><STEAM_0:1:29157668><NSF>" killed "[MXican] Boltronics<15><STEAM_0:1:84048595><Jinrai>" with "supa7"
L 01/14/2024 - 21:03:39: "[MXican] Boltronics<15><STEAM_0:1:84048595><Jinrai>" say_team "100 Recon supa7"
L 01/14/2024 - 21:03:40: "suna<8><STEAM_0:1:29157668><NSF>" killed "[MXican] Wahaha-<25><STEAM_0:1:17526508><Jinrai>" with "supa7"
L 01/14/2024 - 21:03:41: "[MXican] Wahaha-<25><STEAM_0:1:17526508><Jinrai>" say_team "37 Recon supa7"
L 01/14/2024 - 21:03:46: "[MXican] Boltronics<15><STEAM_0:1:84048595><Jinrai>" say_team "blue"
L 01/14/2024 - 21:03:48: "[MXican] Boltronics<15><STEAM_0:1:84048595><Jinrai>" say_team "recon"
L 01/14/2024 - 21:04:30: "[MXican] Ghost Lizard<17><STEAM_0:1:20336729><Jinrai>" killed "[GB] Agiel<10><STEAM_0:1:25025><NSF>" with "mx"
L 01/14/2024 - 21:04:31: "[GB] Agiel<10><STEAM_0:1:25025><NSF>" say_team "51 Support mx"
L 01/14/2024 - 21:04:32: "[MXican] Halcyon<5><STEAM_0:1:2864524><Jinrai>" killed "[MXican] Ghost Lizard<17><STEAM_0:1:20336729><Jinrai>" with "mx"
L 01/14/2024 - 21:04:32: "[MXican] Ghost Lizard<17><STEAM_0:1:20336729><Jinrai>" say_team "100 Support mx"
L 01/14/2024 - 21:04:34: "[MXican] Halcyon<5><STEAM_0:1:2864524><Jinrai>" killed "[GB] Rain ☆彡<6><STEAM_0:0:15075092><NSF>" with "mx"
L 01/14/2024 - 21:04:34: "[GB] Rain ☆彡<6><STEAM_0:0:15075092><NSF>" say_team "86 Support mx"
L 01/14/2024 - 21:04:39: "[GB] Puddy<11><STEAM_0:1:19453780><NSF>" killed "[MXican] Halcyon<5><STEAM_0:1:2864524><Jinrai>" with "mx"
L 01/14/2024 - 21:04:39: "[MXican] Halcyon<5><STEAM_0:1:2864524><Jinrai>" say_team "100 Assault mx"
L 01/14/2024 - 21:04:42: "[MXican] Boltronics<15><STEAM_0:1:84048595><Jinrai>" say "gg"
L 01/14/2024 - 21:05:24: "[MXican] Wahaha-<25><STEAM_0:1:17526508><Jinrai>" killed "soft as HELL<12><STEAM_0:1:14747705><NSF>" with "mx"
L 01/14/2024 - 21:05:24: "soft as HELL<12><STEAM_0:1:14747705><NSF>" say_team "1 Assault mx"
L 01/14/2024 - 21:05:41: "[MXican] Boltronics<15><STEAM_0:1:84048595><Jinrai>" killed "[GB] Agiel<10><STEAM_0:1:25025><NSF>" with "mx"
L 01/14/2024 - 21:05:41: "[GB] Agiel<10><STEAM_0:1:25025><NSF>" say_team "100 Recon mx"
L 01/14/2024 - 21:05:42: "[MXican] Wahaha-<25><STEAM_0:1:17526508><Jinrai>" killed "[GB] Rain ☆彡<6><STEAM_0:0:15075092><NSF>" with "grenade_projectile"
L 01/14/2024 - 21:05:42: "[MXican] Boltronics<15><STEAM_0:1:84048595><Jinrai>" triggered "kill_assist"
L 01/14/2024 - 21:05:42: "[GB] Rain ☆彡<6><STEAM_0:0:15075092><NSF>" say_team "1 Assault grenade_projectile"
L 01/14/2024 - 21:05:46: "[GB] Puddy<11><STEAM_0:1:19453780><NSF>" killed "[MXican] Boltronics<15><STEAM_0:1:84048595><Jinrai>" with "mx"
L 01/14/2024 - 21:05:46: "[GB] Rain ☆彡<6><STEAM_0:0:15075092><NSF>" triggered "kill_assist"
L 01/14/2024 - 21:05:46: "[MXican] Boltronics<15><STEAM_0:1:84048595><Jinrai>" say_team "74 Assault mx"
L 01/14/2024 - 21:05:47: "soft as HELL<12><STEAM_0:1:14747705><NSF>" say "Damage dealt to [MXican] Wahaha- [Assault]: 99 in 4 hits"
L 01/14/2024 - 21:05:48: "[MXican] Boltronics<15><STEAM_0:1:84048595><Jinrai>" say_team "1 more"
L 01/14/2024 - 21:05:49: "[MXican] Boltronics<15><STEAM_0:1:84048595><Jinrai>" say_team "whahaha"
L 01/14/2024 - 21:05:50: "[MXican] Boltronics<15><STEAM_0:1:84048595><Jinrai>" say_team "1 more"
L 01/14/2024 - 21:05:50: "soft as HELL<12><STEAM_0:1:14747705><NSF>" say "wtf"
L 01/14/2024 - 21:05:52: "[MXican] Boltronics<15><STEAM_0:1:84048595><Jinrai>" say_team "pushing "
L 01/14/2024 - 21:05:57: "[MXican] Boltronics<15><STEAM_0:1:84048595><Jinrai>" say_team "pushing office"
L 01/14/2024 - 21:06:13: "[MXican] Ghost Lizard<17><STEAM_0:1:20336729><Jinrai>" killed "[GB] Puddy<11><STEAM_0:1:19453780><NSF>" with "mx"
L 01/14/2024 - 21:06:13: "[GB] Puddy<11><STEAM_0:1:19453780><NSF>" say_team "64 Support mx"
L 01/14/2024 - 21:06:15: "suna<8><STEAM_0:1:29157668><NSF>" killed "[MXican] NeoTokyoScrub<9><STEAM_0:1:95715175><Jinrai>" with "grenade_detapack"
L 01/14/2024 - 21:06:18: "suna<8><STEAM_0:1:29157668><NSF>" killed "[MXican] Wahaha-<25><STEAM_0:1:17526508><Jinrai>" with "mx"
L 01/14/2024 - 21:06:18: "soft as HELL<12><STEAM_0:1:14747705><NSF>" triggered "kill_assist"
L 01/14/2024 - 21:06:19: "[MXican] Wahaha-<25><STEAM_0:1:17526508><Jinrai>" say_team "100 Recon mx"
L 01/14/2024 - 21:06:21: "[MXican] Ghost Lizard<17><STEAM_0:1:20336729><Jinrai>" killed "suna<8><STEAM_0:1:29157668><NSF>" with "mx"
L 01/14/2024 - 21:06:22: "suna<8><STEAM_0:1:29157668><NSF>" say_team "64 Support mx"
L 01/14/2024 - 21:07:00: "suna<8><STEAM_0:1:29157668><NSF>" killed "[MXican] NeoTokyoScrub<9><STEAM_0:1:95715175><Jinrai>" with "supa7"
L 01/14/2024 - 21:07:06: "[MXican] Wahaha-<25><STEAM_0:1:17526508><Jinrai>" killed "[GB] Puddy<11><STEAM_0:1:19453780><NSF>" with "mx"
L 01/14/2024 - 21:07:06: "[GB] Puddy<11><STEAM_0:1:19453780><NSF>" say_team "1 Assault mx"
L 01/14/2024 - 21:07:07: "soft as HELL<12><STEAM_0:1:14747705><NSF>" killed "[MXican] Wahaha-<25><STEAM_0:1:17526508><Jinrai>" with "mx"
L 01/14/2024 - 21:07:07: "[GB] Puddy<11><STEAM_0:1:19453780><NSF>" triggered "kill_assist"
L 01/14/2024 - 21:07:07: "[MXican] Wahaha-<25><STEAM_0:1:17526508><Jinrai>" say_team "79 Assault mx"
L 01/14/2024 - 21:07:24: "[MXican] Boltronics<15><STEAM_0:1:84048595><Jinrai>" killed "suna<8><STEAM_0:1:29157668><NSF>" with "jittescoped"
L 01/14/2024 - 21:07:24: "suna<8><STEAM_0:1:29157668><NSF>" say_team "94 Recon jittescoped"
L 01/14/2024 - 21:07:26: "[MXican] Boltronics<15><STEAM_0:1:84048595><Jinrai>" killed "soft as HELL<12><STEAM_0:1:14747705><NSF>" with "jittescoped"
L 01/14/2024 - 21:07:26: "soft as HELL<12><STEAM_0:1:14747705><NSF>" say_team "52 Recon jittescoped"
L 01/14/2024 - 21:07:30: "[MXican] Ghost Lizard<17><STEAM_0:1:20336729><Jinrai>" killed "[GB] Rain ☆彡<6><STEAM_0:0:15075092><NSF>" with "mx"
L 01/14/2024 - 21:07:30: "[GB] Rain ☆彡<6><STEAM_0:0:15075092><NSF>" say_team "100 Support mx"
L 01/14/2024 - 21:07:51: "[GB] Agiel<10><STEAM_0:1:25025><NSF>" killed "[MXican] Boltronics<15><STEAM_0:1:84048595><Jinrai>" with "mx"
L 01/14/2024 - 21:07:52: "[MXican] Boltronics<15><STEAM_0:1:84048595><Jinrai>" say_team "82 Support mx"
L 01/14/2024 - 21:07:55: "[MXican] Boltronics<15><STEAM_0:1:84048595><Jinrai>" say_team "forklift"
L 01/14/2024 - 21:07:57: "[MXican] Boltronics<15><STEAM_0:1:84048595><Jinrai>" say_team "going stairsn ow"
L 01/14/2024 - 21:08:00: "[MXican] Boltronics<15><STEAM_0:1:84048595><Jinrai>" say_team "82 hp going stars"
L 01/14/2024 - 21:08:02: "[MXican] Boltronics<15><STEAM_0:1:84048595><Jinrai>" say_team "stairs forklift"
L 01/14/2024 - 21:08:04: "[MXican] Boltronics<15><STEAM_0:1:84048595><Jinrai>" say_team "stairs"
L 01/14/2024 - 21:08:05: "[MXican] Boltronics<15><STEAM_0:1:84048595><Jinrai>" say_team "stairs"
L 01/14/2024 - 21:09:03: "[MXican] Ghost Lizard<17><STEAM_0:1:20336729><Jinrai>" killed "[GB] Agiel<10><STEAM_0:1:25025><NSF>" with "kyla"
L 01/14/2024 - 21:09:03: "[MXican] Halcyon<5><STEAM_0:1:2864524><Jinrai>" triggered "kill_assist"
L 01/14/2024 - 21:09:03: "[GB] Agiel<10><STEAM_0:1:25025><NSF>" say_team "100 Support kyla"
L 01/14/2024 - 21:10:07: "[GB] Agiel<10><STEAM_0:1:25025><NSF>" killed "[MXican] Boltronics<15><STEAM_0:1:84048595><Jinrai>" with "mx"
L 01/14/2024 - 21:10:07: "[MXican] Boltronics<15><STEAM_0:1:84048595><Jinrai>" say_team "100 Support mx"
L 01/14/2024 - 21:10:10: "[MXican] Boltronics<15><STEAM_0:1:84048595><Jinrai>" say_team "ffs"
L 01/14/2024 - 21:10:12: "[MXican] Boltronics<15><STEAM_0:1:84048595><Jinrai>" say_team "im so dumb"
L 01/14/2024 - 21:10:20: "[MXican] Boltronics<15><STEAM_0:1:84048595><Jinrai>" say_team "i thought I saw wahaha on the st airs there"
L 01/14/2024 - 21:10:43: "[MXican] Wahaha-<25><STEAM_0:1:17526508><Jinrai>" killed "[GB] Agiel<10><STEAM_0:1:25025><NSF>" with "mx"
L 01/14/2024 - 21:10:43: "[GB] Agiel<10><STEAM_0:1:25025><NSF>" say_team "100 Assault mx"
L 01/14/2024 - 21:10:47: "[MXican] Wahaha-<25><STEAM_0:1:17526508><Jinrai>" killed "[GB] Puddy<11><STEAM_0:1:19453780><NSF>" with "mx"
L 01/14/2024 - 21:10:47: "[GB] Puddy<11><STEAM_0:1:19453780><NSF>" say_team "16 Assault mx"
L 01/14/2024 - 21:11:24: "[MXican] Wahaha-<25><STEAM_0:1:17526508><Jinrai>" killed "soft as HELL<12><STEAM_0:1:14747705><NSF>" with "mx"
L 01/14/2024 - 21:11:24: "soft as HELL<12><STEAM_0:1:14747705><NSF>" say_team "11 Assault mx"
L 01/14/2024 - 21:11:27: "suna<8><STEAM_0:1:29157668><NSF>" killed "[MXican] Wahaha-<25><STEAM_0:1:17526508><Jinrai>" with "mx"
L 01/14/2024 - 21:11:27: "[GB] Puddy<11><STEAM_0:1:19453780><NSF>" triggered "kill_assist"
L 01/14/2024 - 21:11:27: "[MXican] Wahaha-<25><STEAM_0:1:17526508><Jinrai>" say_team "100 Recon mx"
L 01/14/2024 - 21:11:33: "suna<8><STEAM_0:1:29157668><NSF>" killed "[MXican] NeoTokyoScrub<9><STEAM_0:1:95715175><Jinrai>" with "mx"
L 01/14/2024 - 21:11:35: "suna<8><STEAM_0:1:29157668><NSF>" killed "[MXican] Ghost Lizard<17><STEAM_0:1:20336729><Jinrai>" with "mx"
L 01/14/2024 - 21:11:35: "[MXican] Ghost Lizard<17><STEAM_0:1:20336729><Jinrai>" say_team "86 Recon mx"
L 01/14/2024 - 21:11:42: "[MXican] Boltronics<15><STEAM_0:1:84048595><Jinrai>" say_team "no we acnt"
L 01/14/2024 - 21:11:44: "[MXican] Boltronics<15><STEAM_0:1:84048595><Jinrai>" say_team "we cant tie"
L 01/14/2024 - 21:11:48: "[MXican] Wahaha-<25><STEAM_0:1:17526508><Jinrai>" say "gg?"
L 01/14/2024 - 21:11:48: "[MXican] Boltronics<15><STEAM_0:1:84048595><Jinrai>" say "gh"
L 01/14/2024 - 21:11:51: "suna<8><STEAM_0:1:29157668><NSF>" say "gg"
L 01/14/2024 - 21:11:51: "[MXican] NeoTokyoScrub<9><STEAM_0:1:95715175><Jinrai>" say "gr"
L 01/14/2024 - 21:11:53: "[GB] Puddy<11><STEAM_0:1:19453780><NSF>" say "gr"
L 01/14/2024 - 21:11:54: "[MXican] Halcyon<5><STEAM_0:1:2864524><Jinrai>" say "gg"
L 01/14/2024 - 21:11:55: "[MXican] Ghost Lizard<17><STEAM_0:1:20336729><Jinrai>" say "gr"
L 01/14/2024 - 21:12:04: "[GB] Rain ☆彡<6><STEAM_0:0:15075092><NSF>" say "gg"
L 01/14/2024 - 21:12:19: [META] Loaded 0 plugins (1 already loaded)
L 01/14/2024 - 21:12:19: [META] Loaded 0 plugins (1 already loaded)
L 01/14/2024 - 21:12:19: Log file closed
