L 01/19/2024 - 19:43:57: Log file started (file "logs\L0119011.log") (game "c:\servers\bonahnsap\NeotokyoSource") (version "4044")
L 01/19/2024 - 19:43:57: server_cvar: "sv_password" "***PROTECTED***"
L 01/19/2024 - 19:43:57: server_cvar: "sv_specaccelerate" "5"
L 01/19/2024 - 19:43:57: server_cvar: "sv_specspeed" "3"
L 01/19/2024 - 19:43:57: server_cvar: "tv_password" "***PROTECTED***"
L 01/19/2024 - 19:43:57: server_cvar: "tv_relaypassword" "***PROTECTED***"
L 01/19/2024 - 19:43:59: "[AUX-] Oni<20><STEAM_0:1:10174276><>" entered the game
L 01/19/2024 - 19:43:59: "[AUX-] [*RO*]Phorce_Phed<21><STEAM_0:1:9863507><>" entered the game
L 01/19/2024 - 19:43:59: "soft as HELL<17><STEAM_0:1:14747705><>" entered the game
L 01/19/2024 - 19:44:00: "[AUX-] Blåberry<3><STEAM_0:1:20365268><>" entered the game
L 01/19/2024 - 19:44:00: "suna<5><STEAM_0:1:29157668><>" entered the game
L 01/19/2024 - 19:44:00: "[CAST] Infrequent<9><STEAM_0:1:6384081><>" entered the game
L 01/19/2024 - 19:44:01: "[BONK] kinoko<8><STEAM_0:0:83067719><>" entered the game
L 01/19/2024 - 19:44:01: "[GB] Agiel<10><STEAM_0:1:25025><>" entered the game
L 01/19/2024 - 19:44:01: "[MXican] Nevra<11><STEAM_0:1:87689215><>" entered the game
L 01/19/2024 - 19:44:02: "[AUX-] Oni<20><STEAM_0:1:10174276><Unassigned>" joined team "Jinrai"
L 01/19/2024 - 19:44:02: "suna<5><STEAM_0:1:29157668><Unassigned>" joined team "NSF"
L 01/19/2024 - 19:44:02: "[CAST] Infrequent<9><STEAM_0:1:6384081><Unassigned>" joined team "Spectator"
L 01/19/2024 - 19:44:02: "[AUX-] Blåberry<3><STEAM_0:1:20365268><Unassigned>" joined team "Spectator"
L 01/19/2024 - 19:44:03: "[BONK] kinoko<8><STEAM_0:0:83067719><Unassigned>" joined team "Spectator"
L 01/19/2024 - 19:44:03: "[AUX-] Kudi<4><STEAM_0:0:25729551><>" entered the game
L 01/19/2024 - 19:44:03: "[AUX-] [*RO*]Phorce_Phed<21><STEAM_0:1:9863507><Unassigned>" joined team "Spectator"
L 01/19/2024 - 19:44:04: "[AUX-] Nutnoze<22><STEAM_ID_PENDING><>" connected, address "38.49.79.50:17540"
L 01/19/2024 - 19:44:04: "[AUX-] Nutnoze<22><STEAM_0:1:9530793><>" STEAM USERID validated
L 01/19/2024 - 19:44:05: "soft as HELL<17><STEAM_0:1:14747705><Unassigned>" joined team "Spectator"
L 01/19/2024 - 19:44:08: "[AUX-] Nutnoze<22><STEAM_0:1:9530793><>" entered the game
L 01/19/2024 - 19:44:08: "[AUX-] Kudi<4><STEAM_0:0:25729551><Unassigned>" joined team "Spectator"
L 01/19/2024 - 19:44:09: "[AUX-] Nutnoze<22><STEAM_0:1:9530793><Unassigned>" joined team "Spectator"
L 01/19/2024 - 19:44:11: "Rain ☆彡<15><STEAM_0:0:15075092><>" entered the game
L 01/19/2024 - 19:44:11: "[GB] Agiel<10><STEAM_0:1:25025><Unassigned>" joined team "NSF"
L 01/19/2024 - 19:44:18: "Rain ☆彡<15><STEAM_0:0:15075092><Unassigned>" joined team "NSF"
L 01/19/2024 - 19:44:41: "soft as HELL<17><STEAM_0:1:14747705><Spectator>" joined team "NSF"
L 01/19/2024 - 19:44:44: "[MXican] Nevra<11><STEAM_0:1:87689215><Unassigned>" joined team "Spectator"
L 01/19/2024 - 19:44:56: "[GB] BK201<18><STEAM_0:0:60256268><>" disconnected (reason "Connection closing")
L 01/19/2024 - 19:44:56: "[GB] BK201<23><STEAM_ID_PENDING><>" connected, address "80.220.64.250:27005"
L 01/19/2024 - 19:44:56: "[GB] BK201<23><STEAM_0:0:60256268><>" STEAM USERID validated
L 01/19/2024 - 19:45:06: "[GB] BK201<23><STEAM_0:0:60256268><>" entered the game
L 01/19/2024 - 19:45:09: "[GB] BK201<23><STEAM_0:0:60256268><Unassigned>" joined team "NSF"
L 01/19/2024 - 19:45:30: "[MXican] Nevra<11><STEAM_0:1:87689215><Spectator>" say "Lets end this fast boys and girls. I need to sleep my cat is meowing in my bed i need to pet him and sleep."
L 01/19/2024 - 19:45:41: "[AUX-] Nutnoze<22><STEAM_0:1:9530793><Spectator>" say "blessed reason"
L 01/19/2024 - 19:45:41: "[CAST] Infrequent<9><STEAM_0:1:6384081><Spectator>" say "put cat on lap"
L 01/19/2024 - 19:45:44: "[CAST] Infrequent<9><STEAM_0:1:6384081><Spectator>" say "they can watch nt"
L 01/19/2024 - 19:45:45: "[AUX-] Kudi<4><STEAM_0:0:25729551><Spectator>" say "15 ties"
L 01/19/2024 - 19:45:55: "[MXican] Nevra<11><STEAM_0:1:87689215><Spectator>" say ":("
L 01/19/2024 - 19:45:56: "[AUX-] Kudi<4><STEAM_0:0:25729551><Spectator>" say "put the cat on mic, VIP caster"
L 01/19/2024 - 19:46:31: "[GB] BK201<23><STEAM_0:0:60256268><NSF>" say "!ready"
L 01/19/2024 - 19:46:47: "[AUX-] Blåberry<3><STEAM_0:1:20365268><Spectator>" say "!ready"
L 01/19/2024 - 19:46:52: "[AUX-] Kudi<4><STEAM_0:0:25729551><Spectator>" joined team "Jinrai"
L 01/19/2024 - 19:46:53: "[AUX-] Nutnoze<22><STEAM_0:1:9530793><Spectator>" joined team "Jinrai"
L 01/19/2024 - 19:46:57: "[AUX-] [*RO*]Phorce_Phed<21><STEAM_0:1:9863507><Spectator>" joined team "Jinrai"
L 01/19/2024 - 19:46:59: "[AUX-] Nutnoze<22><STEAM_0:1:9530793><Jinrai>" say "!ready"
L 01/19/2024 - 19:47:07: "[AUX-] [*RO*]Phorce_Phed<21><STEAM_0:1:9863507><Jinrai>" say "!ready"
L 01/19/2024 - 19:47:51: "[GB] Agiel<10><STEAM_0:1:25025><NSF>" say "!ready"
L 01/19/2024 - 19:47:55: "suna<5><STEAM_0:1:29157668><NSF>" say "!ready"
L 01/19/2024 - 19:48:02: "suna<5><STEAM_0:1:29157668><NSF>" say "!readylist"
L 01/19/2024 - 19:48:49: "[AUX-] Nutnoze<22><STEAM_0:1:9530793><Jinrai>" say "!ready"
L 01/19/2024 - 19:48:52: "[AUX-] Oni<20><STEAM_0:1:10174276><Jinrai>" say "!ready"
L 01/19/2024 - 19:49:12: "[AUX-] Blåberry<3><STEAM_0:1:20365268><Spectator>" say "!j"
L 01/19/2024 - 19:49:12: "[AUX-] Blåberry<3><STEAM_0:1:20365268><Spectator>" joined team "Jinrai"
L 01/19/2024 - 19:49:16: "suna<5><STEAM_0:1:29157668><NSF>" say "!unready"
L 01/19/2024 - 19:49:17: "[AUX-] Kudi<4><STEAM_0:0:25729551><Jinrai>" say "!ready"
L 01/19/2024 - 19:49:20: "[AUX-] Nutnoze<22><STEAM_0:1:9530793><Jinrai>" say "!readylist"
L 01/19/2024 - 19:49:24: "[MXican] Nevra<11><STEAM_0:1:87689215><Spectator>" say "ready ?? "
L 01/19/2024 - 19:49:26: "[AUX-] Oni<20><STEAM_0:1:10174276><Jinrai>" say "suna's bladder can't take it"
L 01/19/2024 - 19:49:26: "[AUX-] Kudi<4><STEAM_0:0:25729551><Jinrai>" say "PEE BOY"
L 01/19/2024 - 19:49:30: "[MXican] Nevra<11><STEAM_0:1:87689215><Spectator>" say "my car is ringing"
L 01/19/2024 - 19:49:33: "[MXican] Nevra<11><STEAM_0:1:87689215><Spectator>" say "cat*"
L 01/19/2024 - 19:49:36: "[CAST] Infrequent<9><STEAM_0:1:6384081><Spectator>" say "lmao"
L 01/19/2024 - 19:49:43: "[AUX-] Kudi<4><STEAM_0:0:25729551><Jinrai>" say "hang him up"
L 01/19/2024 - 19:49:46: "[CAST] Infrequent<9><STEAM_0:1:6384081><Spectator>" say "my car is purring"
L 01/19/2024 - 19:49:56: "[MXican] Nevra<11><STEAM_0:1:87689215><Spectator>" say "prrrr"
L 01/19/2024 - 19:49:58: "[BONK] kinoko<8><STEAM_0:0:83067719><Spectator>" say "!readylist"
L 01/19/2024 - 19:50:03: "[MXican] Nevra<11><STEAM_0:1:87689215><Spectator>" say "!readylist"
L 01/19/2024 - 19:50:12: "suna<5><STEAM_0:1:29157668><NSF>" say "!ready"
L 01/19/2024 - 19:50:17: "[AUX-] Oni<20><STEAM_0:1:10174276><Jinrai>" say "!readylist"
L 01/19/2024 - 19:50:21: "suna<5><STEAM_0:1:29157668><NSF>" say "!readylist"
L 01/19/2024 - 19:50:27: "[AUX-] Oni<20><STEAM_0:1:10174276><Jinrai>" killed "suna<5><STEAM_0:1:29157668><NSF>" with "knife"
L 01/19/2024 - 19:50:29: "[AUX-] Blåberry<3><STEAM_0:1:20365268><Jinrai>" say "!ready"
L 01/19/2024 - 19:50:30: "[AUX-] Oni<20><STEAM_0:1:10174276><Jinrai>" killed "Rain ☆彡<15><STEAM_0:0:15075092><NSF>" with "knife"
L 01/19/2024 - 19:50:58: "Rain ☆彡<15><STEAM_0:0:15075092><NSF>" say "!ready"
L 01/19/2024 - 19:51:02: "[GB] Agiel<10><STEAM_0:1:25025><NSF>" say "Friday, Friday, gotta play NT on Friday!"
L 01/19/2024 - 19:51:04: "[GB] BK201<23><STEAM_0:0:60256268><NSF>" killed "[AUX-] Oni<20><STEAM_0:1:10174276><Jinrai>" with "milso"
L 01/19/2024 - 19:51:07: "Rain ☆彡<15><STEAM_0:0:15075092><NSF>" say "Friday, Friday, Gotta Play NT on Friday!"
L 01/19/2024 - 19:51:08: "[GB] Agiel<10><STEAM_0:1:25025><NSF>" say "gl hf"
L 01/19/2024 - 19:51:08: "suna<5><STEAM_0:1:29157668><NSF>" say "glhf"
L 01/19/2024 - 19:51:11: "[AUX-] Oni<20><STEAM_0:1:10174276><Jinrai>" say "glhf"
L 01/19/2024 - 19:51:12: "[AUX-] Kudi<4><STEAM_0:0:25729551><Jinrai>" say "glhf"
L 01/19/2024 - 19:51:19: "Rain ☆彡<15><STEAM_0:0:15075092><NSF>" say "glhf"
L 01/19/2024 - 19:51:36: "suna<5><STEAM_0:1:29157668><NSF>" killed "[AUX-] Nutnoze<22><STEAM_0:1:9530793><Jinrai>" with "srm"
L 01/19/2024 - 19:51:40: "suna<5><STEAM_0:1:29157668><NSF>" killed "[AUX-] Blåberry<3><STEAM_0:1:20365268><Jinrai>" with "srm"
L 01/19/2024 - 19:51:41: "[AUX-] Oni<20><STEAM_0:1:10174276><Jinrai>" killed "suna<5><STEAM_0:1:29157668><NSF>" with "srm"
L 01/19/2024 - 19:51:57: "[AUX-] Kudi<4><STEAM_0:0:25729551><Jinrai>" killed "[GB] Agiel<10><STEAM_0:1:25025><NSF>" with "zr68s"
L 01/19/2024 - 19:52:08: "[AUX-] Kudi<4><STEAM_0:0:25729551><Jinrai>" killed "[GB] BK201<23><STEAM_0:0:60256268><NSF>" with "zr68s"
L 01/19/2024 - 19:52:13: "[AUX-] Oni<20><STEAM_0:1:10174276><Jinrai>" killed "soft as HELL<17><STEAM_0:1:14747705><NSF>" with "srm"
L 01/19/2024 - 19:52:28: "Rain ☆彡<15><STEAM_0:0:15075092><NSF>" killed "[AUX-] Kudi<4><STEAM_0:0:25729551><Jinrai>" with "zr68s"
L 01/19/2024 - 19:52:32: "[AUX-] [*RO*]Phorce_Phed<21><STEAM_0:1:9863507><Jinrai>" killed "Rain ☆彡<15><STEAM_0:0:15075092><NSF>" with "zr68s"
L 01/19/2024 - 19:53:16: "suna<5><STEAM_0:1:29157668><NSF>" killed "[AUX-] Nutnoze<22><STEAM_0:1:9530793><Jinrai>" with "srm"
L 01/19/2024 - 19:53:33: "soft as HELL<17><STEAM_0:1:14747705><NSF>" killed "[AUX-] Blåberry<3><STEAM_0:1:20365268><Jinrai>" with "zr68s"
L 01/19/2024 - 19:53:33: "[GB] Agiel<10><STEAM_0:1:25025><NSF>" triggered "kill_assist"
L 01/19/2024 - 19:53:54: "[AUX-] Blåberry<3><STEAM_0:1:20365268><Jinrai>" say_team "Damage dealt to [GB] Agiel [Support]: 73 in 5 hits Damage dealt to soft as HELL [Assault]: 73 in 3 hits"
L 01/19/2024 - 19:53:56: "suna<5><STEAM_0:1:29157668><NSF>" killed "[AUX-] Kudi<4><STEAM_0:0:25729551><Jinrai>" with "srm"
L 01/19/2024 - 19:53:56: "soft as HELL<17><STEAM_0:1:14747705><NSF>" triggered "kill_assist"
L 01/19/2024 - 19:54:10: "[AUX-] Oni<20><STEAM_0:1:10174276><Jinrai>" killed "suna<5><STEAM_0:1:29157668><NSF>" with "srm"
L 01/19/2024 - 19:54:19: "[AUX-] Kudi<4><STEAM_0:0:25729551><Jinrai>" say "I hit everyone 1 time with the srm B^)"
L 01/19/2024 - 19:54:32: "Rain ☆彡<15><STEAM_0:0:15075092><NSF>" killed "[AUX-] [*RO*]Phorce_Phed<21><STEAM_0:1:9863507><Jinrai>" with "zr68s"
L 01/19/2024 - 19:54:59: "[AUX-] Oni<20><STEAM_0:1:10174276><Jinrai>" killed "[GB] Agiel<10><STEAM_0:1:25025><NSF>" with "zr68s"
L 01/19/2024 - 19:54:59: "[AUX-] Blåberry<3><STEAM_0:1:20365268><Jinrai>" triggered "kill_assist"
L 01/19/2024 - 19:55:03: "Rain ☆彡<15><STEAM_0:0:15075092><NSF>" killed "[AUX-] Oni<20><STEAM_0:1:10174276><Jinrai>" with "zr68s"
L 01/19/2024 - 19:55:03: "suna<5><STEAM_0:1:29157668><NSF>" triggered "kill_assist"
L 01/19/2024 - 19:56:05: "[GB] Agiel<10><STEAM_0:1:25025><NSF>" killed "[AUX-] Nutnoze<22><STEAM_0:1:9530793><Jinrai>" with "zr68c"
L 01/19/2024 - 19:56:18: "[AUX-] Kudi<4><STEAM_0:0:25729551><Jinrai>" killed "[GB] Agiel<10><STEAM_0:1:25025><NSF>" with "srm"
L 01/19/2024 - 19:56:18: "[AUX-] Nutnoze<22><STEAM_0:1:9530793><Jinrai>" triggered "kill_assist"
L 01/19/2024 - 19:56:19: "Rain ☆彡<15><STEAM_0:0:15075092><NSF>" killed "[AUX-] Kudi<4><STEAM_0:0:25729551><Jinrai>" with "jittescoped"
L 01/19/2024 - 19:56:51: "[GB] BK201<23><STEAM_0:0:60256268><NSF>" killed "[AUX-] [*RO*]Phorce_Phed<21><STEAM_0:1:9863507><Jinrai>" with "zr68c"
L 01/19/2024 - 19:56:57: "[AUX-] Blåberry<3><STEAM_0:1:20365268><Jinrai>" killed "[GB] BK201<23><STEAM_0:0:60256268><NSF>" with "mx"
L 01/19/2024 - 19:56:57: "[AUX-] [*RO*]Phorce_Phed<21><STEAM_0:1:9863507><Jinrai>" triggered "kill_assist"
L 01/19/2024 - 19:57:01: "soft as HELL<17><STEAM_0:1:14747705><NSF>" killed "[AUX-] Oni<20><STEAM_0:1:10174276><Jinrai>" with "zr68s"
L 01/19/2024 - 19:57:28: "[AUX-] Blåberry<3><STEAM_0:1:20365268><Jinrai>" killed "Rain ☆彡<15><STEAM_0:0:15075092><NSF>" with "mx"
L 01/19/2024 - 19:57:29: "[AUX-] Blåberry<3><STEAM_0:1:20365268><Jinrai>" killed "soft as HELL<17><STEAM_0:1:14747705><NSF>" with "mx"
L 01/19/2024 - 19:57:29: "[AUX-] [*RO*]Phorce_Phed<21><STEAM_0:1:9863507><Jinrai>" triggered "kill_assist"
L 01/19/2024 - 19:57:41: "[AUX-] Blåberry<3><STEAM_0:1:20365268><Jinrai>" killed "suna<5><STEAM_0:1:29157668><NSF>" with "mx"
L 01/19/2024 - 19:57:41: "[AUX-] Kudi<4><STEAM_0:0:25729551><Jinrai>" triggered "kill_assist"
L 01/19/2024 - 19:57:45: "[MXican] Nevra<11><STEAM_0:1:87689215><Spectator>" say "tic tic tic "
L 01/19/2024 - 19:57:48: "[MXican] Nevra<11><STEAM_0:1:87689215><Spectator>" say ":o"
L 01/19/2024 - 19:58:22: "suna<5><STEAM_0:1:29157668><NSF>" killed "[AUX-] Kudi<4><STEAM_0:0:25729551><Jinrai>" with "jittescoped"
L 01/19/2024 - 19:59:13: "Rain ☆彡<15><STEAM_0:0:15075092><NSF>" killed "[AUX-] [*RO*]Phorce_Phed<21><STEAM_0:1:9863507><Jinrai>" with "zr68s"
L 01/19/2024 - 19:59:13: "[AUX-] Blåberry<3><STEAM_0:1:20365268><Jinrai>" killed "[GB] Agiel<10><STEAM_0:1:25025><NSF>" with "mx"
L 01/19/2024 - 19:59:22: "[AUX-] Nutnoze<22><STEAM_0:1:9530793><Jinrai>" killed "[GB] BK201<23><STEAM_0:0:60256268><NSF>" with "supa7"
L 01/19/2024 - 19:59:24: "[AUX-] Blåberry<3><STEAM_0:1:20365268><Jinrai>" killed "suna<5><STEAM_0:1:29157668><NSF>" with "mx"
L 01/19/2024 - 19:59:28: "[AUX-] Oni<20><STEAM_0:1:10174276><Jinrai>" killed "Rain ☆彡<15><STEAM_0:0:15075092><NSF>" with "srm"
L 01/19/2024 - 19:59:37: "soft as HELL<17><STEAM_0:1:14747705><NSF>" killed "[AUX-] Oni<20><STEAM_0:1:10174276><Jinrai>" with "zr68s"
L 01/19/2024 - 19:59:43: "Rain ☆彡<15><STEAM_0:0:15075092><NSF>" say "why are we not running physics anti stuck plugins on comp servers"
L 01/19/2024 - 19:59:47: "Rain ☆彡<15><STEAM_0:0:15075092><NSF>" say "fucking joke"
L 01/19/2024 - 20:00:01: "[AUX-] Nutnoze<22><STEAM_0:1:9530793><Jinrai>" killed "soft as HELL<17><STEAM_0:1:14747705><NSF>" with "mx"
L 01/19/2024 - 20:00:01: "[AUX-] Oni<20><STEAM_0:1:10174276><Jinrai>" triggered "kill_assist"
L 01/19/2024 - 20:00:42: "[AUX-] Kudi<4><STEAM_0:0:25729551><Jinrai>" killed "suna<5><STEAM_0:1:29157668><NSF>" with "srm"
L 01/19/2024 - 20:00:53: "[GB] Agiel<10><STEAM_0:1:25025><NSF>" killed "[AUX-] Kudi<4><STEAM_0:0:25729551><Jinrai>" with "zr68s"
L 01/19/2024 - 20:00:59: "[GB] Agiel<10><STEAM_0:1:25025><NSF>" killed "[AUX-] Nutnoze<22><STEAM_0:1:9530793><Jinrai>" with "zr68s"
L 01/19/2024 - 20:00:59: "Rain ☆彡<15><STEAM_0:0:15075092><NSF>" triggered "kill_assist"
L 01/19/2024 - 20:01:12: "[AUX-] [*RO*]Phorce_Phed<21><STEAM_0:1:9863507><Jinrai>" killed "[GB] Agiel<10><STEAM_0:1:25025><NSF>" with "zr68s"
L 01/19/2024 - 20:02:40: "[GB] BK201<23><STEAM_0:0:60256268><NSF>" killed "[AUX-] Oni<20><STEAM_0:1:10174276><Jinrai>" with "mx"
L 01/19/2024 - 20:03:23: "Rain ☆彡<15><STEAM_0:0:15075092><NSF>" killed "[AUX-] Kudi<4><STEAM_0:0:25729551><Jinrai>" with "zr68s"
L 01/19/2024 - 20:03:23: "[GB] Agiel<10><STEAM_0:1:25025><NSF>" triggered "kill_assist"
L 01/19/2024 - 20:03:26: "[AUX-] Oni<20><STEAM_0:1:10174276><Jinrai>" killed "suna<5><STEAM_0:1:29157668><NSF>" with "srm"
L 01/19/2024 - 20:04:06: "[AUX-] Oni<20><STEAM_0:1:10174276><Jinrai>" killed "[GB] BK201<23><STEAM_0:0:60256268><NSF>" with "srm"
L 01/19/2024 - 20:04:13: "Rain ☆彡<15><STEAM_0:0:15075092><NSF>" killed "[AUX-] Oni<20><STEAM_0:1:10174276><Jinrai>" with "zr68s"
L 01/19/2024 - 20:04:13: "suna<5><STEAM_0:1:29157668><NSF>" triggered "kill_assist"
L 01/19/2024 - 20:04:17: "[AUX-] Blåberry<3><STEAM_0:1:20365268><Jinrai>" killed "soft as HELL<17><STEAM_0:1:14747705><NSF>" with "mx"
L 01/19/2024 - 20:04:18: "[AUX-] Blåberry<3><STEAM_0:1:20365268><Jinrai>" killed "[GB] Agiel<10><STEAM_0:1:25025><NSF>" with "mx"
L 01/19/2024 - 20:04:33: "[AUX-] Nutnoze<22><STEAM_0:1:9530793><Jinrai>" killed "Rain ☆彡<15><STEAM_0:0:15075092><NSF>" with "mx"
L 01/19/2024 - 20:04:41: "[GB] BK201<23><STEAM_0:0:60256268><NSF>" say_team "You said "he didn't shoot?""
L 01/19/2024 - 20:06:11: "suna<5><STEAM_0:1:29157668><NSF>" killed "[AUX-] Nutnoze<22><STEAM_0:1:9530793><Jinrai>" with "mx"
L 01/19/2024 - 20:06:11: "Rain ☆彡<15><STEAM_0:0:15075092><NSF>" triggered "kill_assist"
L 01/19/2024 - 20:06:14: "soft as HELL<17><STEAM_0:1:14747705><NSF>" killed "[AUX-] Blåberry<3><STEAM_0:1:20365268><Jinrai>" with "mx"
L 01/19/2024 - 20:06:22: "[AUX-] Oni<20><STEAM_0:1:10174276><Jinrai>" killed "[GB] Agiel<10><STEAM_0:1:25025><NSF>" with "srm"
L 01/19/2024 - 20:06:22: "[AUX-] [*RO*]Phorce_Phed<21><STEAM_0:1:9863507><Jinrai>" triggered "kill_assist"
L 01/19/2024 - 20:06:51: "[AUX-] Oni<20><STEAM_0:1:10174276><Jinrai>" killed "soft as HELL<17><STEAM_0:1:14747705><NSF>" with "zr68s"
L 01/19/2024 - 20:06:52: "[GB] BK201<23><STEAM_0:0:60256268><NSF>" killed "[AUX-] Oni<20><STEAM_0:1:10174276><Jinrai>" with "jittescoped"
L 01/19/2024 - 20:06:52: "soft as HELL<17><STEAM_0:1:14747705><NSF>" triggered "kill_assist"
L 01/19/2024 - 20:06:57: "suna<5><STEAM_0:1:29157668><NSF>" killed "[AUX-] Kudi<4><STEAM_0:0:25729551><Jinrai>" with "mx"
L 01/19/2024 - 20:07:35: "[AUX-] [*RO*]Phorce_Phed<21><STEAM_0:1:9863507><Jinrai>" killed "suna<5><STEAM_0:1:29157668><NSF>" with "mx"
L 01/19/2024 - 20:07:35: "[AUX-] Kudi<4><STEAM_0:0:25729551><Jinrai>" triggered "kill_assist"
L 01/19/2024 - 20:07:48: "Rain ☆彡<15><STEAM_0:0:15075092><NSF>" killed "[AUX-] [*RO*]Phorce_Phed<21><STEAM_0:1:9863507><Jinrai>" with "mx"
L 01/19/2024 - 20:08:23: "suna<5><STEAM_0:1:29157668><NSF>" killed "[AUX-] Kudi<4><STEAM_0:0:25729551><Jinrai>" with "zr68c"
L 01/19/2024 - 20:08:27: "[GB] Agiel<10><STEAM_0:1:25025><NSF>" killed "[AUX-] [*RO*]Phorce_Phed<21><STEAM_0:1:9863507><Jinrai>" with "zr68s"
L 01/19/2024 - 20:09:02: "suna<5><STEAM_0:1:29157668><NSF>" killed "[AUX-] Blåberry<3><STEAM_0:1:20365268><Jinrai>" with "mx"
L 01/19/2024 - 20:09:08: "[AUX-] Oni<20><STEAM_0:1:10174276><Jinrai>" killed "[GB] Agiel<10><STEAM_0:1:25025><NSF>" with "srm"
L 01/19/2024 - 20:09:08: "[AUX-] Blåberry<3><STEAM_0:1:20365268><Jinrai>" triggered "kill_assist"
L 01/19/2024 - 20:09:18: "[AUX-] Blåberry<3><STEAM_0:1:20365268><Jinrai>" say_team "Damage dealt to [GB] Agiel [Assault]: 73 in 3 hits Damage dealt to Rain ☆彡 [Assault]: 48 in 3 hits"
L 01/19/2024 - 20:09:22: "[AUX-] Oni<20><STEAM_0:1:10174276><Jinrai>" killed "[GB] BK201<23><STEAM_0:0:60256268><NSF>" with "mx"
L 01/19/2024 - 20:09:32: "suna<5><STEAM_0:1:29157668><NSF>" killed "[AUX-] Oni<20><STEAM_0:1:10174276><Jinrai>" with "mx"
L 01/19/2024 - 20:09:35: "suna<5><STEAM_0:1:29157668><NSF>" killed "[AUX-] Nutnoze<22><STEAM_0:1:9530793><Jinrai>" with "mx"
L 01/19/2024 - 20:10:41: "[GB] Agiel<10><STEAM_0:1:25025><NSF>" killed "[AUX-] Kudi<4><STEAM_0:0:25729551><Jinrai>" with "zr68s"
L 01/19/2024 - 20:11:02: "[AUX-] Oni<20><STEAM_0:1:10174276><Jinrai>" killed "Rain ☆彡<15><STEAM_0:0:15075092><NSF>" with "srm"
L 01/19/2024 - 20:11:04: "[AUX-] Oni<20><STEAM_0:1:10174276><Jinrai>" killed "soft as HELL<17><STEAM_0:1:14747705><NSF>" with "srm"
L 01/19/2024 - 20:11:11: "[AUX-] Blåberry<3><STEAM_0:1:20365268><Jinrai>" killed "[GB] BK201<23><STEAM_0:0:60256268><NSF>" with "mx"
L 01/19/2024 - 20:11:16: "suna<5><STEAM_0:1:29157668><NSF>" killed "[AUX-] Oni<20><STEAM_0:1:10174276><Jinrai>" with "mx"
L 01/19/2024 - 20:12:22: "[AUX-] Nutnoze<22><STEAM_0:1:9530793><Jinrai>" killed "suna<5><STEAM_0:1:29157668><NSF>" with "mx"
L 01/19/2024 - 20:12:22: "[AUX-] Oni<20><STEAM_0:1:10174276><Jinrai>" triggered "kill_assist"
L 01/19/2024 - 20:12:37: "[AUX-] [*RO*]Phorce_Phed<21><STEAM_0:1:9863507><Jinrai>" killed "[GB] Agiel<10><STEAM_0:1:25025><NSF>" with "mx"
L 01/19/2024 - 20:13:20: "[AUX-] Kudi<4><STEAM_0:0:25729551><Jinrai>" killed "Rain ☆彡<15><STEAM_0:0:15075092><NSF>" with "aa13"
L 01/19/2024 - 20:13:24: "[GB] Agiel<10><STEAM_0:1:25025><NSF>" killed "[AUX-] Oni<20><STEAM_0:1:10174276><Jinrai>" with "zr68s"
L 01/19/2024 - 20:13:24: "[GB] BK201<23><STEAM_0:0:60256268><NSF>" killed "[AUX-] Kudi<4><STEAM_0:0:25729551><Jinrai>" with "kyla"
L 01/19/2024 - 20:13:46: "[AUX-] [*RO*]Phorce_Phed<21><STEAM_0:1:9863507><Jinrai>" killed "[GB] Agiel<10><STEAM_0:1:25025><NSF>" with "mx"
L 01/19/2024 - 20:13:52: "suna<5><STEAM_0:1:29157668><NSF>" killed "[AUX-] Nutnoze<22><STEAM_0:1:9530793><Jinrai>" with "mx"
L 01/19/2024 - 20:13:53: "[AUX-] Blåberry<3><STEAM_0:1:20365268><Jinrai>" killed "[GB] BK201<23><STEAM_0:0:60256268><NSF>" with "mx"
L 01/19/2024 - 20:13:53: "[AUX-] Kudi<4><STEAM_0:0:25729551><Jinrai>" triggered "kill_assist"
L 01/19/2024 - 20:13:54: "[AUX-] Kudi<4><STEAM_0:0:25729551><Jinrai>" say "kyla two shot is real as fuck "
L 01/19/2024 - 20:14:12: "[GB] BK201<23><STEAM_0:0:60256268><NSF>" say "All i see is tears"
L 01/19/2024 - 20:14:16: "soft as HELL<17><STEAM_0:1:14747705><NSF>" killed "[AUX-] Blåberry<3><STEAM_0:1:20365268><Jinrai>" with "mx"
L 01/19/2024 - 20:14:20: "[AUX-] Kudi<4><STEAM_0:0:25729551><Jinrai>" say ":("
L 01/19/2024 - 20:14:23: "[AUX-] [*RO*]Phorce_Phed<21><STEAM_0:1:9863507><Jinrai>" killed "soft as HELL<17><STEAM_0:1:14747705><NSF>" with "mx"
L 01/19/2024 - 20:14:24: "suna<5><STEAM_0:1:29157668><NSF>" killed "[AUX-] [*RO*]Phorce_Phed<21><STEAM_0:1:9863507><Jinrai>" with "mx"
L 01/19/2024 - 20:14:28: "[AUX-] Kudi<4><STEAM_0:0:25729551><Jinrai>" say "I didnt think the cowboy gun would be so strong"
L 01/19/2024 - 20:15:08: "Rain ☆彡<15><STEAM_0:0:15075092><NSF>" killed "[AUX-] Kudi<4><STEAM_0:0:25729551><Jinrai>" with "mx"
L 01/19/2024 - 20:15:12: "suna<5><STEAM_0:1:29157668><NSF>" killed "[AUX-] Oni<20><STEAM_0:1:10174276><Jinrai>" with "supa7"
L 01/19/2024 - 20:15:17: "[AUX-] [*RO*]Phorce_Phed<21><STEAM_0:1:9863507><Jinrai>" killed "soft as HELL<17><STEAM_0:1:14747705><NSF>" with "mx"
L 01/19/2024 - 20:15:19: "[GB] BK201<23><STEAM_0:0:60256268><NSF>" killed "[AUX-] [*RO*]Phorce_Phed<21><STEAM_0:1:9863507><Jinrai>" with "mx_silenced"
L 01/19/2024 - 20:15:19: "soft as HELL<17><STEAM_0:1:14747705><NSF>" triggered "kill_assist"
L 01/19/2024 - 20:15:26: "[GB] Agiel<10><STEAM_0:1:25025><NSF>" killed "[AUX-] Nutnoze<22><STEAM_0:1:9530793><Jinrai>" with "mx"
L 01/19/2024 - 20:15:40: "[MXican] Nevra<11><STEAM_0:1:87689215><Spectator>" say "drip"
L 01/19/2024 - 20:15:45: "[AUX-] Blåberry<3><STEAM_0:1:20365268><Jinrai>" killed "[GB] Agiel<10><STEAM_0:1:25025><NSF>" with "mx"
L 01/19/2024 - 20:15:45: "[AUX-] Nutnoze<22><STEAM_0:1:9530793><Jinrai>" triggered "kill_assist"
L 01/19/2024 - 20:15:53: Team "NSF" triggered "ghost_capture_team"
L 01/19/2024 - 20:15:53: "suna<5><STEAM_0:1:29157668><NSF>" triggered "ghost_capture"
L 01/19/2024 - 20:15:56: "Rain ☆彡<15><STEAM_0:0:15075092><NSF>" killed "[AUX-] Blåberry<3><STEAM_0:1:20365268><Jinrai>" with "mx"
L 01/19/2024 - 20:17:12: "suna<5><STEAM_0:1:29157668><NSF>" killed "[AUX-] [*RO*]Phorce_Phed<21><STEAM_0:1:9863507><Jinrai>" with "supa7"
L 01/19/2024 - 20:17:16: "[AUX-] Blåberry<3><STEAM_0:1:20365268><Jinrai>" killed "[GB] Agiel<10><STEAM_0:1:25025><NSF>" with "mx"
L 01/19/2024 - 20:18:13: "suna<5><STEAM_0:1:29157668><NSF>" killed "[AUX-] Kudi<4><STEAM_0:0:25729551><Jinrai>" with "supa7"
L 01/19/2024 - 20:18:54: "[AUX-] Oni<20><STEAM_0:1:10174276><Jinrai>" killed "suna<5><STEAM_0:1:29157668><NSF>" with "mx"
L 01/19/2024 - 20:18:54: "[AUX-] Kudi<4><STEAM_0:0:25729551><Jinrai>" triggered "kill_assist"
L 01/19/2024 - 20:19:05: "Rain ☆彡<15><STEAM_0:0:15075092><NSF>" killed "[AUX-] Blåberry<3><STEAM_0:1:20365268><Jinrai>" with "mx"
L 01/19/2024 - 20:19:05: "[GB] Agiel<10><STEAM_0:1:25025><NSF>" triggered "kill_assist"
L 01/19/2024 - 20:19:07: "[AUX-] Nutnoze<22><STEAM_0:1:9530793><Jinrai>" killed "Rain ☆彡<15><STEAM_0:0:15075092><NSF>" with "mx"
L 01/19/2024 - 20:19:11: "[AUX-] Nutnoze<22><STEAM_0:1:9530793><Jinrai>" killed "[GB] BK201<23><STEAM_0:0:60256268><NSF>" with "mx"
L 01/19/2024 - 20:19:19: "[AUX-] Nutnoze<22><STEAM_0:1:9530793><Jinrai>" killed "soft as HELL<17><STEAM_0:1:14747705><NSF>" with "mx"
L 01/19/2024 - 20:19:52: "suna<5><STEAM_0:1:29157668><NSF>" killed "[AUX-] Kudi<4><STEAM_0:0:25729551><Jinrai>" with "supa7"
L 01/19/2024 - 20:20:35: "[AUX-] Nutnoze<22><STEAM_0:1:9530793><Jinrai>" killed "[GB] Agiel<10><STEAM_0:1:25025><NSF>" with "mx"
L 01/19/2024 - 20:20:50: "[AUX-] [*RO*]Phorce_Phed<21><STEAM_0:1:9863507><Jinrai>" killed "[GB] BK201<23><STEAM_0:0:60256268><NSF>" with "mx"
L 01/19/2024 - 20:20:52: "soft as HELL<17><STEAM_0:1:14747705><NSF>" killed "[AUX-] Oni<20><STEAM_0:1:10174276><Jinrai>" with "mx"
L 01/19/2024 - 20:20:55: "Rain ☆彡<15><STEAM_0:0:15075092><NSF>" killed "[AUX-] Nutnoze<22><STEAM_0:1:9530793><Jinrai>" with "mx"
L 01/19/2024 - 20:20:55: "[GB] Agiel<10><STEAM_0:1:25025><NSF>" triggered "kill_assist"
L 01/19/2024 - 20:20:55: "[AUX-] Blåberry<3><STEAM_0:1:20365268><Jinrai>" killed "suna<5><STEAM_0:1:29157668><NSF>" with "mx"
L 01/19/2024 - 20:20:55: "[AUX-] Kudi<4><STEAM_0:0:25729551><Jinrai>" triggered "kill_assist"
L 01/19/2024 - 20:20:58: "[AUX-] [*RO*]Phorce_Phed<21><STEAM_0:1:9863507><Jinrai>" killed "soft as HELL<17><STEAM_0:1:14747705><NSF>" with "mx"
L 01/19/2024 - 20:21:04: "[AUX-] Blåberry<3><STEAM_0:1:20365268><Jinrai>" killed "Rain ☆彡<15><STEAM_0:0:15075092><NSF>" with "mx"
L 01/19/2024 - 20:22:14: "[AUX-] Kudi<4><STEAM_0:0:25729551><Jinrai>" killed "Rain ☆彡<15><STEAM_0:0:15075092><NSF>" with "mx"
L 01/19/2024 - 20:22:16: "soft as HELL<17><STEAM_0:1:14747705><NSF>" killed "[AUX-] Blåberry<3><STEAM_0:1:20365268><Jinrai>" with "mx"
L 01/19/2024 - 20:22:17: "[AUX-] Oni<20><STEAM_0:1:10174276><Jinrai>" killed "soft as HELL<17><STEAM_0:1:14747705><NSF>" with "srm"
L 01/19/2024 - 20:22:20: "[AUX-] Oni<20><STEAM_0:1:10174276><Jinrai>" killed "[GB] BK201<23><STEAM_0:0:60256268><NSF>" with "srm"
L 01/19/2024 - 20:22:34: "suna<5><STEAM_0:1:29157668><NSF>" killed "[AUX-] Kudi<4><STEAM_0:0:25729551><Jinrai>" with "supa7"
L 01/19/2024 - 20:22:34: "Rain ☆彡<15><STEAM_0:0:15075092><NSF>" triggered "kill_assist"
L 01/19/2024 - 20:22:37: "suna<5><STEAM_0:1:29157668><NSF>" killed "[AUX-] Nutnoze<22><STEAM_0:1:9530793><Jinrai>" with "supa7"
L 01/19/2024 - 20:22:39: "[AUX-] [*RO*]Phorce_Phed<21><STEAM_0:1:9863507><Jinrai>" killed "suna<5><STEAM_0:1:29157668><NSF>" with "mx"
L 01/19/2024 - 20:23:50: "[AUX-] [*RO*]Phorce_Phed<21><STEAM_0:1:9863507><Jinrai>" killed "[GB] Agiel<10><STEAM_0:1:25025><NSF>" with "mx"
L 01/19/2024 - 20:23:50: "[AUX-] Oni<20><STEAM_0:1:10174276><Jinrai>" triggered "kill_assist"
L 01/19/2024 - 20:23:54: "suna<5><STEAM_0:1:29157668><NSF>" say "gg"
L 01/19/2024 - 20:23:57: "[MXican] Nevra<11><STEAM_0:1:87689215><Spectator>" say "gg wp "
L 01/19/2024 - 20:23:57: "[AUX-] Kudi<4><STEAM_0:0:25729551><Jinrai>" say "gg"
L 01/19/2024 - 20:23:58: "Rain ☆彡<15><STEAM_0:0:15075092><NSF>" say "gg"
L 01/19/2024 - 20:24:00: "[AUX-] Blåberry<3><STEAM_0:1:20365268><Jinrai>" say "ggwp"
L 01/19/2024 - 20:24:01: "[BONK] kinoko<8><STEAM_0:0:83067719><Spectator>" disconnected (reason "Disconnect by user.")
L 01/19/2024 - 20:24:02: "[AUX-] Oni<20><STEAM_0:1:10174276><Jinrai>" say "ggs"
L 01/19/2024 - 20:24:05: "[CAST] Infrequent<9><STEAM_0:1:6384081><Spectator>" say "ggwp"
L 01/19/2024 - 20:24:26: "[GB] Agiel<10><STEAM_0:1:25025><NSF>" say "gg wp"
L 01/19/2024 - 20:24:33: "[AUX-] Nutnoze<22><STEAM_0:1:9530793><Jinrai>" say "gg all"
L 01/19/2024 - 20:25:00: "[GB] Agiel<10><STEAM_0:1:25025><NSF>" say "did i even kill blåberry once?"
L 01/19/2024 - 20:25:05: "[AUX-] Oni<20><STEAM_0:1:10174276><Jinrai>" say "she was hiding from you"
L 01/19/2024 - 20:25:07: "[GB] Agiel<10><STEAM_0:1:25025><NSF>" say "really doubt it"
L 01/19/2024 - 20:25:15: "soft as HELL<17><STEAM_0:1:14747705><NSF>" disconnected (reason "Disconnect by user.")
L 01/19/2024 - 20:25:18: "[AUX-] Nutnoze<22><STEAM_0:1:9530793><Jinrai>" say "anti-agiel positioning"
L 01/19/2024 - 20:25:19: "[GB] Agiel<10><STEAM_0:1:25025><NSF>" say "absolutely impossible to hit"
L 01/19/2024 - 20:25:21: "[AUX-] Kudi<4><STEAM_0:0:25729551><Jinrai>" say "me but every time I shoot at suna"
L 01/19/2024 - 20:25:44: "Rain ☆彡<15><STEAM_0:0:15075092><NSF>" disconnected (reason "Rain ☆彡 timed out")
L 01/19/2024 - 20:25:52: "[AUX-] Kudi<4><STEAM_0:0:25729551><Jinrai>" disconnected (reason "Disconnect by user.")
L 01/19/2024 - 20:26:21: "[GB] BK201<23><STEAM_0:0:60256268><NSF>" say "HELLO"
L 01/19/2024 - 20:26:22: "[GB] BK201<23><STEAM_0:0:60256268><NSF>" disconnected (reason "Disconnect by user.")
L 01/19/2024 - 20:28:11: "[GB] Agiel<10><STEAM_0:1:25025><NSF>" disconnected (reason "Disconnect by user.")
L 01/19/2024 - 20:29:29: "[AUX-] Nutnoze<22><STEAM_0:1:9530793><Jinrai>" disconnected (reason "Disconnect by user.")
L 01/19/2024 - 20:31:45: "[AUX-] Oni<20><STEAM_0:1:10174276><Jinrai>" disconnected (reason "[AUX-] Oni timed out")
L 01/19/2024 - 20:36:46: "[AUX-] [*RO*]Phorce_Phed<21><STEAM_0:1:9863507><Jinrai>" disconnected (reason "Disconnect by user.")
L 01/19/2024 - 20:41:30: "[AUX-] Blåberry<3><STEAM_0:1:20365268><Jinrai>" disconnected (reason "Disconnect by user.")
L 01/19/2024 - 20:42:01: "[MXican] Nevra<11><STEAM_0:1:87689215><Spectator>" disconnected (reason "Disconnect by user.")
L 01/19/2024 - 20:45:09: "suna<5><STEAM_0:1:29157668><NSF>" disconnected (reason "Disconnect by user.")
L 01/19/2024 - 20:52:26: "[CAST] Infrequent<9><STEAM_0:1:6384081><Spectator>" disconnected (reason "Disconnect by user.")
L 01/19/2024 - 22:18:21: "[AUX-] Oni<24><STEAM_ID_PENDING><>" connected, address "71.195.46.232:27005"
L 01/19/2024 - 22:18:21: "[AUX-] Oni<24><STEAM_0:1:10174276><>" STEAM USERID validated
L 01/19/2024 - 22:18:25: "[AUX-] Oni<24><STEAM_0:1:10174276><>" entered the game
L 01/19/2024 - 22:18:27: "[AUX-] Oni<24><STEAM_0:1:10174276><Unassigned>" joined team "NSF"
L 01/19/2024 - 22:18:36: [META] Loaded 0 plugins (1 already loaded)
L 01/19/2024 - 22:18:36: [META] Loaded 0 plugins (1 already loaded)
L 01/19/2024 - 22:18:37: Log file closed
