L 01/19/2024 - 19:06:53: Log file started (file "logs\L0119007.log") (game "c:\servers\bonahnsap\NeotokyoSource") (version "4044")
L 01/19/2024 - 19:06:53: server_cvar: "sv_password" "***PROTECTED***"
L 01/19/2024 - 19:06:53: server_cvar: "sv_specaccelerate" "5"
L 01/19/2024 - 19:06:53: server_cvar: "sv_specspeed" "3"
L 01/19/2024 - 19:06:53: server_cvar: "tv_password" "***PROTECTED***"
L 01/19/2024 - 19:06:53: server_cvar: "tv_relaypassword" "***PROTECTED***"
L 01/19/2024 - 19:06:55: "[AUX-] Oni<12><STEAM_0:1:10174276><>" entered the game
L 01/19/2024 - 19:06:55: "[AUX-] Nutnoze<6><STEAM_0:1:9530793><>" entered the game
L 01/19/2024 - 19:06:57: "[AUX-] Oni<12><STEAM_0:1:10174276><Unassigned>" joined team "Jinrai"
L 01/19/2024 - 19:06:59: "suna<5><STEAM_0:1:29157668><>" entered the game
L 01/19/2024 - 19:06:59: "soft as HELL<17><STEAM_ID_PENDING><>" connected, address "94.30.149.189:27005"
L 01/19/2024 - 19:06:59: "soft as HELL<17><STEAM_0:1:14747705><>" STEAM USERID validated
L 01/19/2024 - 19:07:00: "suna<5><STEAM_0:1:29157668><Unassigned>" joined team "NSF"
L 01/19/2024 - 19:07:00: "[AUX-] Blåberry<3><STEAM_0:1:20365268><>" entered the game
L 01/19/2024 - 19:07:01: "[CAST] Infrequent<9><STEAM_0:1:6384081><>" entered the game
L 01/19/2024 - 19:07:03: "[CAST] Infrequent<9><STEAM_0:1:6384081><Unassigned>" joined team "Spectator"
L 01/19/2024 - 19:07:05: "[AUX-] Nutnoze<6><STEAM_0:1:9530793><Unassigned>" joined team "Jinrai"
L 01/19/2024 - 19:07:06: "[AUX-] SUPA SUPA BOON<13><STEAM_0:1:18247617><>" entered the game
L 01/19/2024 - 19:07:10: "[AUX-] Kudi<4><STEAM_0:0:25729551><>" entered the game
L 01/19/2024 - 19:07:13: "soft as HELL<17><STEAM_0:1:14747705><>" entered the game
L 01/19/2024 - 19:07:17: "soft as HELL<17><STEAM_0:1:14747705><Unassigned>" joined team "Spectator"
L 01/19/2024 - 19:07:19: "[MXican] Nevra<11><STEAM_0:1:87689215><>" entered the game
L 01/19/2024 - 19:07:20: "soft as HELL<17><STEAM_0:1:14747705><Spectator>" joined team "NSF"
L 01/19/2024 - 19:07:20: "[AUX-] SUPA SUPA BOON<13><STEAM_0:1:18247617><Unassigned>" joined team "Spectator"
L 01/19/2024 - 19:07:23: "[AUX-] SUPA SUPA BOON<13><STEAM_0:1:18247617><Spectator>" say "!j"
L 01/19/2024 - 19:07:23: "[AUX-] SUPA SUPA BOON<13><STEAM_0:1:18247617><Spectator>" joined team "Jinrai"
L 01/19/2024 - 19:07:25: "Rain ☆彡<15><STEAM_0:0:15075092><>" entered the game
L 01/19/2024 - 19:07:26: "[GB] Agiel<10><STEAM_0:1:25025><>" entered the game
L 01/19/2024 - 19:07:28: "Rain ☆彡<15><STEAM_0:0:15075092><Unassigned>" joined team "Spectator"
L 01/19/2024 - 19:07:29: "[GB] Agiel<10><STEAM_0:1:25025><Unassigned>" joined team "Spectator"
L 01/19/2024 - 19:07:33: "[GB] BK201<14><STEAM_0:0:60256268><>" disconnected (reason "Connection closing")
L 01/19/2024 - 19:07:33: "[GB] BK201<18><STEAM_ID_PENDING><>" connected, address "80.220.64.250:27005"
L 01/19/2024 - 19:07:33: "[GB] BK201<18><STEAM_0:0:60256268><>" STEAM USERID validated
L 01/19/2024 - 19:07:34: "[AUX-] Kudi<4><STEAM_0:0:25729551><Unassigned>" joined team "Jinrai"
L 01/19/2024 - 19:07:34: "Rain ☆彡<15><STEAM_0:0:15075092><Spectator>" joined team "NSF"
L 01/19/2024 - 19:07:36: "[GB] BK201<18><STEAM_0:0:60256268><>" entered the game
L 01/19/2024 - 19:07:36: "[GB] Agiel<10><STEAM_0:1:25025><Spectator>" say "bb"
L 01/19/2024 - 19:07:40: "[GB] BK201<18><STEAM_0:0:60256268><Unassigned>" joined team "Spectator"
L 01/19/2024 - 19:07:42: "[AUX-] Kudi<4><STEAM_0:0:25729551><Jinrai>" say "bb <3"
L 01/19/2024 - 19:07:59: "[MXican] Nevra<11><STEAM_0:1:87689215><Unassigned>" joined team "Spectator"
L 01/19/2024 - 19:08:04: "[BONK] kinoko<8><STEAM_0:0:83067719><>" entered the game
L 01/19/2024 - 19:08:04: "[AUX-] Blåberry<3><STEAM_0:1:20365268><Unassigned>" joined team "Spectator"
L 01/19/2024 - 19:08:05: "[MXican] Nevra<11><STEAM_0:1:87689215><Spectator>" say "!observer"
L 01/19/2024 - 19:08:07: "[AUX-] Blåberry<3><STEAM_0:1:20365268><Spectator>" say "!j"
L 01/19/2024 - 19:08:07: "[AUX-] Blåberry<3><STEAM_0:1:20365268><Spectator>" joined team "Jinrai"
L 01/19/2024 - 19:08:07: "[GB] BK201<18><STEAM_0:0:60256268><Spectator>" joined team "NSF"
L 01/19/2024 - 19:08:10: "[BONK] kinoko<8><STEAM_0:0:83067719><Unassigned>" joined team "Spectator"
L 01/19/2024 - 19:08:22: "[BONK] kinoko<8><STEAM_0:0:83067719><Spectator>" say "agiel leaving?"
L 01/19/2024 - 19:08:30: "[AUX-] Oni<12><STEAM_0:1:10174276><Jinrai>" say "he's here"
L 01/19/2024 - 19:08:30: "[GB] BK201<18><STEAM_0:0:60256268><NSF>" say "Wat"
L 01/19/2024 - 19:08:36: "[BONK] kinoko<8><STEAM_0:0:83067719><Spectator>" say "dunno"
L 01/19/2024 - 19:08:37: "[GB] BK201<18><STEAM_0:0:60256268><NSF>" say "He so sentimental"
L 01/19/2024 - 19:08:39: "[BONK] kinoko<8><STEAM_0:0:83067719><Spectator>" say "bk sign my profile"
L 01/19/2024 - 19:08:49: "[GB] Agiel<10><STEAM_0:1:25025><Spectator>" joined team "NSF"
L 01/19/2024 - 19:09:19: "[GB] Agiel<10><STEAM_0:1:25025><NSF>" say "!ready"
L 01/19/2024 - 19:09:23: "[GB] BK201<18><STEAM_0:0:60256268><NSF>" say "!ready"
L 01/19/2024 - 19:09:45: "[GB] BK201<18><STEAM_0:0:60256268><NSF>" joined team "Unassigned"
L 01/19/2024 - 19:09:48: "[GB] BK201<18><STEAM_0:0:60256268><Unassigned>" joined team "NSF"
L 01/19/2024 - 19:09:54: "[AUX-] Nutnoze<6><STEAM_0:1:9530793><Jinrai>" say "!ready"
L 01/19/2024 - 19:09:56: "[GB] BK201<18><STEAM_0:0:60256268><NSF>" say "!ready"
L 01/19/2024 - 19:10:54: "suna<5><STEAM_0:1:29157668><NSF>" say "!ready"
L 01/19/2024 - 19:10:58: "suna<5><STEAM_0:1:29157668><NSF>" say "!readylist"
L 01/19/2024 - 19:12:08: "[AUX-] Kudi<4><STEAM_0:0:25729551><Jinrai>" say "I like the new changes to snowfall its pretty cool"
L 01/19/2024 - 19:12:13: "[AUX-] Kudi<4><STEAM_0:0:25729551><Jinrai>" say "!ready"
L 01/19/2024 - 19:12:21: "[AUX-] Nutnoze<6><STEAM_0:1:9530793><Jinrai>" say "!readylist"
L 01/19/2024 - 19:12:27: "suna<5><STEAM_0:1:29157668><NSF>" say "!readylist"
L 01/19/2024 - 19:12:27: "[MXican] Nevra<11><STEAM_0:1:87689215><Spectator>" say "m ready guys less go "
L 01/19/2024 - 19:12:36: "[AUX-] SUPA SUPA BOON<13><STEAM_0:1:18247617><Jinrai>" say "!ready"
L 01/19/2024 - 19:12:54: "suna<5><STEAM_0:1:29157668><NSF>" say "!settings"
L 01/19/2024 - 19:13:00: "[AUX-] Oni<12><STEAM_0:1:10174276><Jinrai>" say "a few more min then we'll be reayd"
L 01/19/2024 - 19:13:46: "[GB] BK201<18><STEAM_0:0:60256268><NSF>" killed "[AUX-] Nutnoze<6><STEAM_0:1:9530793><Jinrai>" with "zr68c"
L 01/19/2024 - 19:15:00: "[BONK] kinoko<8><STEAM_0:0:83067719><Spectator>" say "!readylist"
L 01/19/2024 - 19:15:15: "[AUX-] Oni<12><STEAM_0:1:10174276><Jinrai>" say "!ready"
L 01/19/2024 - 19:15:19: "[GB] BK201<18><STEAM_0:0:60256268><NSF>" say "!ready"
L 01/19/2024 - 19:15:33: "Rain ☆彡<15><STEAM_0:0:15075092><NSF>" say "!ready"
L 01/19/2024 - 19:15:36: "[GB] BK201<18><STEAM_0:0:60256268><NSF>" killed "[AUX-] SUPA SUPA BOON<13><STEAM_0:1:18247617><Jinrai>" with "zr68c"
L 01/19/2024 - 19:15:43: "[AUX-] SUPA SUPA BOON<13><STEAM_0:1:18247617><Jinrai>" say "!unready"
L 01/19/2024 - 19:15:43: "[AUX-] Nutnoze<6><STEAM_0:1:9530793><Jinrai>" say "!readylist"
L 01/19/2024 - 19:15:46: "[AUX-] SUPA SUPA BOON<13><STEAM_0:1:18247617><Jinrai>" say "!ready"
L 01/19/2024 - 19:15:57: "[MXican] Nevra<11><STEAM_0:1:87689215><Spectator>" say "!readylist"
L 01/19/2024 - 19:16:04: "suna<5><STEAM_0:1:29157668><NSF>" say "!readylist"
L 01/19/2024 - 19:16:35: "[AUX-] Oni<12><STEAM_0:1:10174276><Jinrai>" say "!readylist"
L 01/19/2024 - 19:16:40: "[AUX-] Blåberry<3><STEAM_0:1:20365268><Jinrai>" say "!ready"
L 01/19/2024 - 19:16:44: "[GB] Agiel<10><STEAM_0:1:25025><NSF>" say "Friday, Friday, gotta play NT on Friday!"
L 01/19/2024 - 19:16:56: "[GB] BK201<18><STEAM_0:0:60256268><NSF>" say "Hello to you!"
L 01/19/2024 - 19:16:57: "[GB] BK201<18><STEAM_0:0:60256268><NSF>" say "(^._.^)~"
L 01/19/2024 - 19:17:00: "[AUX-] Kudi<4><STEAM_0:0:25729551><Jinrai>" say "hi hi hi "
L 01/19/2024 - 19:17:33: "[AUX-] Nutnoze<6><STEAM_0:1:9530793><Jinrai>" killed "[GB] Agiel<10><STEAM_0:1:25025><NSF>" with "grenade_projectile"
L 01/19/2024 - 19:17:40: "[AUX-] Nutnoze<6><STEAM_0:1:9530793><Jinrai>" killed "[GB] BK201<18><STEAM_0:0:60256268><NSF>" with "zr68s"
L 01/19/2024 - 19:17:48: "soft as HELL<17><STEAM_0:1:14747705><NSF>" killed "[AUX-] Nutnoze<6><STEAM_0:1:9530793><Jinrai>" with "zr68s"
L 01/19/2024 - 19:17:48: "[GB] BK201<18><STEAM_0:0:60256268><NSF>" triggered "kill_assist"
L 01/19/2024 - 19:17:52: "[AUX-] Kudi<4><STEAM_0:0:25729551><Jinrai>" killed "Rain ☆彡<15><STEAM_0:0:15075092><NSF>" with "srm"
L 01/19/2024 - 19:18:02: "[AUX-] Kudi<4><STEAM_0:0:25729551><Jinrai>" killed "suna<5><STEAM_0:1:29157668><NSF>" with "srm"
L 01/19/2024 - 19:18:13: "[AUX-] Blåberry<3><STEAM_0:1:20365268><Jinrai>" killed "soft as HELL<17><STEAM_0:1:14747705><NSF>" with "zr68s"
L 01/19/2024 - 19:18:13: "[AUX-] Nutnoze<6><STEAM_0:1:9530793><Jinrai>" triggered "kill_assist"
L 01/19/2024 - 19:20:18: "[GB] Agiel<10><STEAM_0:1:25025><NSF>" killed "[AUX-] Kudi<4><STEAM_0:0:25729551><Jinrai>" with "zr68s"
L 01/19/2024 - 19:20:18: "soft as HELL<17><STEAM_0:1:14747705><NSF>" triggered "kill_assist"
L 01/19/2024 - 19:20:20: "[AUX-] Blåberry<3><STEAM_0:1:20365268><Jinrai>" killed "[GB] Agiel<10><STEAM_0:1:25025><NSF>" with "srm"
L 01/19/2024 - 19:20:20: "[AUX-] SUPA SUPA BOON<13><STEAM_0:1:18247617><Jinrai>" triggered "kill_assist"
L 01/19/2024 - 19:20:23: "soft as HELL<17><STEAM_0:1:14747705><NSF>" killed "[AUX-] Blåberry<3><STEAM_0:1:20365268><Jinrai>" with "zr68s"
L 01/19/2024 - 19:20:28: "Rain ☆彡<15><STEAM_0:0:15075092><NSF>" killed "[AUX-] Oni<12><STEAM_0:1:10174276><Jinrai>" with "zr68s"
L 01/19/2024 - 19:20:35: "soft as HELL<17><STEAM_0:1:14747705><NSF>" killed "[AUX-] Nutnoze<6><STEAM_0:1:9530793><Jinrai>" with "zr68s"
L 01/19/2024 - 19:20:57: "suna<5><STEAM_0:1:29157668><NSF>" killed "[AUX-] SUPA SUPA BOON<13><STEAM_0:1:18247617><Jinrai>" with "zr68s"
L 01/19/2024 - 19:20:57: "[GB] Agiel<10><STEAM_0:1:25025><NSF>" triggered "kill_assist"
L 01/19/2024 - 19:21:55: "[AUX-] Oni<12><STEAM_0:1:10174276><Jinrai>" killed "Rain ☆彡<15><STEAM_0:0:15075092><NSF>" with "grenade_projectile"
L 01/19/2024 - 19:21:58: "[AUX-] Oni<12><STEAM_0:1:10174276><Jinrai>" killed "soft as HELL<17><STEAM_0:1:14747705><NSF>" with "zr68s"
L 01/19/2024 - 19:22:00: "[GB] Agiel<10><STEAM_0:1:25025><NSF>" killed "[AUX-] Oni<12><STEAM_0:1:10174276><Jinrai>" with "zr68s"
L 01/19/2024 - 19:22:00: "soft as HELL<17><STEAM_0:1:14747705><NSF>" triggered "kill_assist"
L 01/19/2024 - 19:22:08: "[AUX-] Nutnoze<6><STEAM_0:1:9530793><Jinrai>" killed "[GB] Agiel<10><STEAM_0:1:25025><NSF>" with "mx"
L 01/19/2024 - 19:22:09: "suna<5><STEAM_0:1:29157668><NSF>" killed "[AUX-] Kudi<4><STEAM_0:0:25729551><Jinrai>" with "mx"
L 01/19/2024 - 19:22:11: "suna<5><STEAM_0:1:29157668><NSF>" killed "[AUX-] SUPA SUPA BOON<13><STEAM_0:1:18247617><Jinrai>" with "mx"
L 01/19/2024 - 19:22:17: "suna<5><STEAM_0:1:29157668><NSF>" killed "[AUX-] Nutnoze<6><STEAM_0:1:9530793><Jinrai>" with "mx"
L 01/19/2024 - 19:22:17: "[GB] Agiel<10><STEAM_0:1:25025><NSF>" triggered "kill_assist"
L 01/19/2024 - 19:23:09: "suna<5><STEAM_0:1:29157668><NSF>" killed "[AUX-] Blåberry<3><STEAM_0:1:20365268><Jinrai>" with "mx"
L 01/19/2024 - 19:23:34: "[AUX-] Nutnoze<6><STEAM_0:1:9530793><Jinrai>" disconnected (reason "Disconnect by user.")
L 01/19/2024 - 19:23:34: "[AUX-] Nutnoze<19><STEAM_ID_PENDING><>" connected, address "38.49.79.50:17540"
L 01/19/2024 - 19:23:34: "[AUX-] Nutnoze<19><STEAM_0:1:9530793><>" STEAM USERID validated
L 01/19/2024 - 19:23:34: "[AUX-] Oni<12><STEAM_0:1:10174276><Jinrai>" disconnected (reason "Disconnect by user.")
L 01/19/2024 - 19:23:34: "[AUX-] Oni<20><STEAM_ID_PENDING><>" connected, address "71.195.46.232:27005"
L 01/19/2024 - 19:23:34: "[AUX-] Oni<20><STEAM_0:1:10174276><>" STEAM USERID validated
L 01/19/2024 - 19:23:35: "[AUX-] Nutnoze<19><STEAM_0:1:9530793><>" entered the game
L 01/19/2024 - 19:23:35: "[AUX-] Oni<20><STEAM_0:1:10174276><>" entered the game
L 01/19/2024 - 19:23:37: "[AUX-] Nutnoze<19><STEAM_0:1:9530793><Unassigned>" joined team "Jinrai"
L 01/19/2024 - 19:23:37: "[AUX-] Oni<20><STEAM_0:1:10174276><Unassigned>" joined team "Jinrai"
L 01/19/2024 - 19:23:39: "[AUX-] SUPA SUPA BOON<13><STEAM_0:1:18247617><Jinrai>" say "!pause"
L 01/19/2024 - 19:23:45: "[AUX-] SUPA SUPA BOON<13><STEAM_0:1:18247617><Jinrai>" say "!unpause"
L 01/19/2024 - 19:24:32: "Rain ☆彡<15><STEAM_0:0:15075092><NSF>" killed "[AUX-] SUPA SUPA BOON<13><STEAM_0:1:18247617><Jinrai>" with "zr68s"
L 01/19/2024 - 19:24:32: "soft as HELL<17><STEAM_0:1:14747705><NSF>" triggered "kill_assist"
L 01/19/2024 - 19:24:34: "[AUX-] Blåberry<3><STEAM_0:1:20365268><Jinrai>" killed "soft as HELL<17><STEAM_0:1:14747705><NSF>" with "mx"
L 01/19/2024 - 19:24:34: "Rain ☆彡<15><STEAM_0:0:15075092><NSF>" killed "[AUX-] Blåberry<3><STEAM_0:1:20365268><Jinrai>" with "zr68s"
L 01/19/2024 - 19:24:34: "soft as HELL<17><STEAM_0:1:14747705><NSF>" triggered "kill_assist"
L 01/19/2024 - 19:25:02: "[GB] BK201<18><STEAM_0:0:60256268><NSF>" killed "[AUX-] Kudi<4><STEAM_0:0:25729551><Jinrai>" with "jittescoped"
L 01/19/2024 - 19:25:02: "Rain ☆彡<15><STEAM_0:0:15075092><NSF>" triggered "kill_assist"
L 01/19/2024 - 19:25:30: "[AUX-] Oni<20><STEAM_0:1:10174276><Jinrai>" killed "[GB] BK201<18><STEAM_0:0:60256268><NSF>" with "zr68s"
L 01/19/2024 - 19:25:33: "Rain ☆彡<15><STEAM_0:0:15075092><NSF>" killed "[AUX-] Nutnoze<19><STEAM_0:1:9530793><Jinrai>" with "zr68s"
L 01/19/2024 - 19:25:33: "suna<5><STEAM_0:1:29157668><NSF>" triggered "kill_assist"
L 01/19/2024 - 19:25:40: "[GB] Agiel<10><STEAM_0:1:25025><NSF>" killed "[AUX-] Oni<20><STEAM_0:1:10174276><Jinrai>" with "mx"
L 01/19/2024 - 19:26:18: "[AUX-] Oni<20><STEAM_0:1:10174276><Jinrai>" killed "suna<5><STEAM_0:1:29157668><NSF>" with "zr68s"
L 01/19/2024 - 19:26:24: "[GB] Agiel<10><STEAM_0:1:25025><NSF>" killed "[AUX-] Blåberry<3><STEAM_0:1:20365268><Jinrai>" with "mx"
L 01/19/2024 - 19:26:24: "suna<5><STEAM_0:1:29157668><NSF>" triggered "kill_assist"
L 01/19/2024 - 19:26:25: "[AUX-] Oni<20><STEAM_0:1:10174276><Jinrai>" killed "[GB] Agiel<10><STEAM_0:1:25025><NSF>" with "grenade_projectile"
L 01/19/2024 - 19:26:25: "[AUX-] Oni<20><STEAM_0:1:10174276><Jinrai>" killed "[AUX-] Kudi<4><STEAM_0:0:25729551><Jinrai>" with "grenade_projectile"
L 01/19/2024 - 19:26:26: "[AUX-] SUPA SUPA BOON<13><STEAM_0:1:18247617><Jinrai>" killed "Rain ☆彡<15><STEAM_0:0:15075092><NSF>" with "zr68c"
L 01/19/2024 - 19:26:35: "soft as HELL<17><STEAM_0:1:14747705><NSF>" killed "[AUX-] SUPA SUPA BOON<13><STEAM_0:1:18247617><Jinrai>" with "mx"
L 01/19/2024 - 19:26:35: "Rain ☆彡<15><STEAM_0:0:15075092><NSF>" triggered "kill_assist"
L 01/19/2024 - 19:26:39: "[AUX-] Kudi<4><STEAM_0:0:25729551><Jinrai>" say "fetched it :)"
L 01/19/2024 - 19:28:16: "[AUX-] Oni<20><STEAM_0:1:10174276><Jinrai>" killed "soft as HELL<17><STEAM_0:1:14747705><NSF>" with "zr68s"
L 01/19/2024 - 19:28:47: "[AUX-] Nutnoze<19><STEAM_0:1:9530793><Jinrai>" killed "[GB] BK201<18><STEAM_0:0:60256268><NSF>" with "mx"
L 01/19/2024 - 19:29:57: "[GB] Agiel<10><STEAM_0:1:25025><NSF>" killed "[AUX-] Oni<20><STEAM_0:1:10174276><Jinrai>" with "mx"
L 01/19/2024 - 19:30:05: "[GB] Agiel<10><STEAM_0:1:25025><NSF>" killed "[AUX-] Blåberry<3><STEAM_0:1:20365268><Jinrai>" with "mx"
L 01/19/2024 - 19:30:21: "suna<5><STEAM_0:1:29157668><NSF>" killed "[AUX-] Nutnoze<19><STEAM_0:1:9530793><Jinrai>" with "mx"
L 01/19/2024 - 19:30:26: "[AUX-] Kudi<4><STEAM_0:0:25729551><Jinrai>" killed "[GB] BK201<18><STEAM_0:0:60256268><NSF>" with "mx"
L 01/19/2024 - 19:30:33: "soft as HELL<17><STEAM_0:1:14747705><NSF>" killed "[AUX-] Kudi<4><STEAM_0:0:25729551><Jinrai>" with "mx"
L 01/19/2024 - 19:30:33: "Rain ☆彡<15><STEAM_0:0:15075092><NSF>" triggered "kill_assist"
L 01/19/2024 - 19:31:05: Team "NSF" triggered "ghost_capture_team"
L 01/19/2024 - 19:31:05: "Rain ☆彡<15><STEAM_0:0:15075092><NSF>" triggered "ghost_capture"
L 01/19/2024 - 19:31:14: "[AUX-] SUPA SUPA BOON<13><STEAM_0:1:18247617><Jinrai>" killed "soft as HELL<17><STEAM_0:1:14747705><NSF>" with "mx"
L 01/19/2024 - 19:31:18: "Rain ☆彡<15><STEAM_0:0:15075092><NSF>" killed "[AUX-] SUPA SUPA BOON<13><STEAM_0:1:18247617><Jinrai>" with "mx"
L 01/19/2024 - 19:31:18: "soft as HELL<17><STEAM_0:1:14747705><NSF>" triggered "kill_assist"
L 01/19/2024 - 19:32:15: "[GB] Agiel<10><STEAM_0:1:25025><NSF>" killed "[AUX-] Oni<20><STEAM_0:1:10174276><Jinrai>" with "mx"
L 01/19/2024 - 19:32:24: "[AUX-] SUPA SUPA BOON<13><STEAM_0:1:18247617><Jinrai>" killed "[GB] BK201<18><STEAM_0:0:60256268><NSF>" with "mx"
L 01/19/2024 - 19:32:27: "[AUX-] Nutnoze<19><STEAM_0:1:9530793><Jinrai>" killed "Rain ☆彡<15><STEAM_0:0:15075092><NSF>" with "mx"
L 01/19/2024 - 19:32:46: "[GB] Agiel<10><STEAM_0:1:25025><NSF>" killed "[AUX-] SUPA SUPA BOON<13><STEAM_0:1:18247617><Jinrai>" with "mx"
L 01/19/2024 - 19:32:46: "[GB] BK201<18><STEAM_0:0:60256268><NSF>" triggered "kill_assist"
L 01/19/2024 - 19:32:53: "[AUX-] Blåberry<3><STEAM_0:1:20365268><Jinrai>" killed "suna<5><STEAM_0:1:29157668><NSF>" with "jittescoped"
L 01/19/2024 - 19:32:57: "[AUX-] Kudi<4><STEAM_0:0:25729551><Jinrai>" killed "soft as HELL<17><STEAM_0:1:14747705><NSF>" with "srm"
L 01/19/2024 - 19:33:07: "[AUX-] Nutnoze<19><STEAM_0:1:9530793><Jinrai>" killed "[GB] Agiel<10><STEAM_0:1:25025><NSF>" with "mx"
L 01/19/2024 - 19:33:52: "[AUX-] SUPA SUPA BOON<13><STEAM_0:1:18247617><Jinrai>" killed "soft as HELL<17><STEAM_0:1:14747705><NSF>" with "mx"
L 01/19/2024 - 19:34:05: "suna<5><STEAM_0:1:29157668><NSF>" killed "[AUX-] Blåberry<3><STEAM_0:1:20365268><Jinrai>" with "supa7"
L 01/19/2024 - 19:34:06: "[AUX-] SUPA SUPA BOON<13><STEAM_0:1:18247617><Jinrai>" killed "suna<5><STEAM_0:1:29157668><NSF>" with "mx"
L 01/19/2024 - 19:34:06: "[GB] Agiel<10><STEAM_0:1:25025><NSF>" killed "[AUX-] Nutnoze<19><STEAM_0:1:9530793><Jinrai>" with "mx"
L 01/19/2024 - 19:34:27: "[AUX-] Oni<20><STEAM_0:1:10174276><Jinrai>" killed "[GB] Agiel<10><STEAM_0:1:25025><NSF>" with "grenade_projectile"
L 01/19/2024 - 19:34:27: "[AUX-] Nutnoze<19><STEAM_0:1:9530793><Jinrai>" triggered "kill_assist"
L 01/19/2024 - 19:34:30: "[AUX-] Oni<20><STEAM_0:1:10174276><Jinrai>" killed "[GB] BK201<18><STEAM_0:0:60256268><NSF>" with "mx"
L 01/19/2024 - 19:34:44: "[AUX-] Oni<20><STEAM_0:1:10174276><Jinrai>" killed "Rain ☆彡<15><STEAM_0:0:15075092><NSF>" with "mx"
L 01/19/2024 - 19:35:28: "soft as HELL<17><STEAM_0:1:14747705><NSF>" killed "[AUX-] Blåberry<3><STEAM_0:1:20365268><Jinrai>" with "mx"
L 01/19/2024 - 19:35:32: "suna<5><STEAM_0:1:29157668><NSF>" killed "[AUX-] Kudi<4><STEAM_0:0:25729551><Jinrai>" with "supa7"
L 01/19/2024 - 19:35:33: "[GB] BK201<18><STEAM_0:0:60256268><NSF>" killed "[AUX-] Oni<20><STEAM_0:1:10174276><Jinrai>" with "mx_silenced"
L 01/19/2024 - 19:35:43: "Rain ☆彡<15><STEAM_0:0:15075092><NSF>" killed "[AUX-] Nutnoze<19><STEAM_0:1:9530793><Jinrai>" with "mx"
L 01/19/2024 - 19:35:52: "[AUX-] SUPA SUPA BOON<13><STEAM_0:1:18247617><Jinrai>" killed "[GB] BK201<18><STEAM_0:0:60256268><NSF>" with "mx"
L 01/19/2024 - 19:35:52: "[AUX-] Oni<20><STEAM_0:1:10174276><Jinrai>" triggered "kill_assist"
L 01/19/2024 - 19:35:55: "[AUX-] SUPA SUPA BOON<13><STEAM_0:1:18247617><Jinrai>" killed "suna<5><STEAM_0:1:29157668><NSF>" with "mx"
L 01/19/2024 - 19:35:56: "[GB] Agiel<10><STEAM_0:1:25025><NSF>" killed "[AUX-] SUPA SUPA BOON<13><STEAM_0:1:18247617><Jinrai>" with "mx"
L 01/19/2024 - 19:35:56: "[GB] BK201<18><STEAM_0:0:60256268><NSF>" triggered "kill_assist"
L 01/19/2024 - 19:36:41: "suna<5><STEAM_0:1:29157668><NSF>" killed "[AUX-] SUPA SUPA BOON<13><STEAM_0:1:18247617><Jinrai>" with "supa7"
L 01/19/2024 - 19:37:11: "Rain ☆彡<15><STEAM_0:0:15075092><NSF>" killed "[AUX-] Kudi<4><STEAM_0:0:25729551><Jinrai>" with "mx"
L 01/19/2024 - 19:37:25: "Rain ☆彡<15><STEAM_0:0:15075092><NSF>" killed "[AUX-] Oni<20><STEAM_0:1:10174276><Jinrai>" with "mx"
L 01/19/2024 - 19:37:29: "[AUX-] Blåberry<3><STEAM_0:1:20365268><Jinrai>" killed "soft as HELL<17><STEAM_0:1:14747705><NSF>" with "zr68c"
L 01/19/2024 - 19:37:38: "[AUX-] Nutnoze<19><STEAM_0:1:9530793><Jinrai>" killed "[GB] BK201<18><STEAM_0:0:60256268><NSF>" with "mx"
L 01/19/2024 - 19:37:48: "Rain ☆彡<15><STEAM_0:0:15075092><NSF>" killed "[AUX-] Nutnoze<19><STEAM_0:1:9530793><Jinrai>" with "mx"
L 01/19/2024 - 19:37:51: "Rain ☆彡<15><STEAM_0:0:15075092><NSF>" killed "[AUX-] Blåberry<3><STEAM_0:1:20365268><Jinrai>" with "mx"
L 01/19/2024 - 19:38:23: "[GB] BK201<18><STEAM_0:0:60256268><NSF>" say "don't talking please"
L 01/19/2024 - 19:38:28: "[AUX-] SUPA SUPA BOON<13><STEAM_0:1:18247617><Jinrai>" say "??"
L 01/19/2024 - 19:38:33: "suna<5><STEAM_0:1:29157668><NSF>" killed "[AUX-] Oni<20><STEAM_0:1:10174276><Jinrai>" with "supa7"
L 01/19/2024 - 19:38:35: "suna<5><STEAM_0:1:29157668><NSF>" killed "[AUX-] SUPA SUPA BOON<13><STEAM_0:1:18247617><Jinrai>" with "supa7"
L 01/19/2024 - 19:38:39: "suna<5><STEAM_0:1:29157668><NSF>" killed "[AUX-] Blåberry<3><STEAM_0:1:20365268><Jinrai>" with "supa7"
L 01/19/2024 - 19:38:47: "[AUX-] Nutnoze<19><STEAM_0:1:9530793><Jinrai>" killed "suna<5><STEAM_0:1:29157668><NSF>" with "mx"
L 01/19/2024 - 19:38:47: "[AUX-] Blåberry<3><STEAM_0:1:20365268><Jinrai>" triggered "kill_assist"
L 01/19/2024 - 19:38:49: "Rain ☆彡<15><STEAM_0:0:15075092><NSF>" killed "[AUX-] Nutnoze<19><STEAM_0:1:9530793><Jinrai>" with "mx"
L 01/19/2024 - 19:38:54: "Rain ☆彡<15><STEAM_0:0:15075092><NSF>" killed "[AUX-] Kudi<4><STEAM_0:0:25729551><Jinrai>" with "mx"
L 01/19/2024 - 19:38:54: "[GB] Agiel<10><STEAM_0:1:25025><NSF>" triggered "kill_assist"
L 01/19/2024 - 19:39:41: "[AUX-] Blåberry<3><STEAM_0:1:20365268><Jinrai>" killed "soft as HELL<17><STEAM_0:1:14747705><NSF>" with "zr68c"
L 01/19/2024 - 19:39:49: "[AUX-] Kudi<4><STEAM_0:0:25729551><Jinrai>" killed "[GB] BK201<18><STEAM_0:0:60256268><NSF>" with "mx"
L 01/19/2024 - 19:39:57: "suna<5><STEAM_0:1:29157668><NSF>" killed "[AUX-] Kudi<4><STEAM_0:0:25729551><Jinrai>" with "supa7"
L 01/19/2024 - 19:39:57: "[GB] BK201<18><STEAM_0:0:60256268><NSF>" triggered "kill_assist"
L 01/19/2024 - 19:40:14: "Rain ☆彡<15><STEAM_0:0:15075092><NSF>" killed "[AUX-] Blåberry<3><STEAM_0:1:20365268><Jinrai>" with "mx"
L 01/19/2024 - 19:40:30: "[GB] Agiel<10><STEAM_0:1:25025><NSF>" killed "[AUX-] Nutnoze<19><STEAM_0:1:9530793><Jinrai>" with "mx"
L 01/19/2024 - 19:40:33: "[AUX-] Oni<20><STEAM_0:1:10174276><Jinrai>" killed "suna<5><STEAM_0:1:29157668><NSF>" with "mx"
L 01/19/2024 - 19:40:34: "Rain ☆彡<15><STEAM_0:0:15075092><NSF>" killed "[AUX-] Oni<20><STEAM_0:1:10174276><Jinrai>" with "tachi"
L 01/19/2024 - 19:40:34: "suna<5><STEAM_0:1:29157668><NSF>" triggered "kill_assist"
L 01/19/2024 - 19:40:43: "[GB] Agiel<10><STEAM_0:1:25025><NSF>" killed "[AUX-] SUPA SUPA BOON<13><STEAM_0:1:18247617><Jinrai>" with "mx"
L 01/19/2024 - 19:40:46: "[AUX-] Oni<20><STEAM_0:1:10174276><Jinrai>" say "gr"
L 01/19/2024 - 19:40:46: "suna<5><STEAM_0:1:29157668><NSF>" say "gg"
L 01/19/2024 - 19:40:48: "[AUX-] Kudi<4><STEAM_0:0:25729551><Jinrai>" say "gr"
L 01/19/2024 - 19:40:49: "[AUX-] Blåberry<3><STEAM_0:1:20365268><Jinrai>" say "gg"
L 01/19/2024 - 19:40:51: "[AUX-] SUPA SUPA BOON<13><STEAM_0:1:18247617><Jinrai>" say "gg"
L 01/19/2024 - 19:41:01: "[GB] BK201<18><STEAM_0:0:60256268><NSF>" joined team "Unassigned"
L 01/19/2024 - 19:41:03: "[GB] BK201<18><STEAM_0:0:60256268><Unassigned>" joined team "NSF"
L 01/19/2024 - 19:41:12: "[CAST] Infrequent<9><STEAM_0:1:6384081><Spectator>" say "@which server"
L 01/19/2024 - 19:41:18: "[AUX-] Oni<20><STEAM_0:1:10174276><Jinrai>" say "coinflip I assume"
L 01/19/2024 - 19:41:20: "suna<5><STEAM_0:1:29157668><NSF>" say "oh yeah what happen now"
L 01/19/2024 - 19:41:22: "[GB] Agiel<10><STEAM_0:1:25025><NSF>" say "sure"
L 01/19/2024 - 19:41:22: "[CAST] Infrequent<9><STEAM_0:1:6384081><Spectator>" say "UI is bugged here btw"
L 01/19/2024 - 19:41:25: "[AUX-] Oni<20><STEAM_0:1:10174276><Jinrai>" say "heads bon tails sweaty?"
L 01/19/2024 - 19:41:30: "[MXican] Nevra<11><STEAM_0:1:87689215><Spectator>" say "idk why tho"
L 01/19/2024 - 19:41:31: "[CAST] Infrequent<9><STEAM_0:1:6384081><Spectator>" say "overlay doesn't work"
L 01/19/2024 - 19:41:32: "suna<5><STEAM_0:1:29157668><NSF>" say "thats fine"
L 01/19/2024 - 19:41:38: "Rain ☆彡<15><STEAM_0:0:15075092><NSF>" say "sydney server gogo"
L 01/19/2024 - 19:41:43: "Rain ☆彡<15><STEAM_0:0:15075092><NSF>" say "400 ping all"
L 01/19/2024 - 19:41:43: "[GB] BK201<18><STEAM_0:0:60256268><NSF>" killed "[AUX-] Oni<20><STEAM_0:1:10174276><Jinrai>" with "tachi"
L 01/19/2024 - 19:41:47: "[AUX-] SUPA SUPA BOON<13><STEAM_0:1:18247617><Jinrai>" killed "[GB] BK201<18><STEAM_0:0:60256268><NSF>" with "kyla"
L 01/19/2024 - 19:41:49: "[AUX-] SUPA SUPA BOON<13><STEAM_0:1:18247617><Jinrai>" killed "soft as HELL<17><STEAM_0:1:14747705><NSF>" with "mx"
L 01/19/2024 - 19:41:51: "[AUX-] Kudi<4><STEAM_0:0:25729551><Jinrai>" say "even playing field"
L 01/19/2024 - 19:41:56: "[AUX-] SUPA SUPA BOON<13><STEAM_0:1:18247617><Jinrai>" killed "Rain ☆彡<15><STEAM_0:0:15075092><NSF>" with "mx"
L 01/19/2024 - 19:41:57: "[AUX-] Kudi<4><STEAM_0:0:25729551><Jinrai>" say "everyone suffers"
L 01/19/2024 - 19:42:01: "[AUX-] Blåberry<3><STEAM_0:1:20365268><Jinrai>" killed "[GB] Agiel<10><STEAM_0:1:25025><NSF>" with "jittescoped"
L 01/19/2024 - 19:42:35: "[AUX-] SUPA SUPA BOON<13><STEAM_0:1:18247617><Jinrai>" disconnected (reason "Disconnect by user.")
L 01/19/2024 - 19:42:58: "suna<5><STEAM_0:1:29157668><NSF>" say "is it bon?"
L 01/19/2024 - 19:43:00: "[AUX-] Oni<20><STEAM_0:1:10174276><Jinrai>" say "yes"
L 01/19/2024 - 19:43:05: "[AUX-] Oni<20><STEAM_0:1:10174276><Jinrai>" say "heads on gb vs aux channel"
L 01/19/2024 - 19:43:26: "[AUX-] Nutnoze<19><STEAM_0:1:9530793><Jinrai>" committed suicide with "player"
L 01/19/2024 - 19:43:29: "[AUX-] [*RO*]Phorce_Phed<21><STEAM_ID_PENDING><>" connected, address "97.94.76.225:58502"
L 01/19/2024 - 19:43:29: "[AUX-] [*RO*]Phorce_Phed<21><STEAM_0:1:9863507><>" STEAM USERID validated
L 01/19/2024 - 19:43:32: "[AUX-] [*RO*]Phorce_Phed<21><STEAM_0:1:9863507><>" entered the game
L 01/19/2024 - 19:43:35: "[AUX-] [*RO*]Phorce_Phed<21><STEAM_0:1:9863507><Unassigned>" joined team "Spectator"
L 01/19/2024 - 19:43:36: "[AUX-] Oni<20><STEAM_0:1:10174276><Jinrai>" say "ad;sfhdiasolfhds"
L 01/19/2024 - 19:43:37: [META] Loaded 0 plugins (1 already loaded)
L 01/19/2024 - 19:43:37: [META] Loaded 0 plugins (1 already loaded)
L 01/19/2024 - 19:43:37: Log file closed
