L 02/11/2024 - 18:28:28: Log file started (file "logs\L0211057.log") (game "z:\home\steam\steam\steamapps\common\nt\NeotokyoSource") (version "4044")
L 02/11/2024 - 18:28:28: server_cvar: "sv_pausable" "0"
L 02/11/2024 - 18:28:28: server_cvar: "sv_contact" "baux.site"
L 02/11/2024 - 18:28:28: server_cvar: "sv_gravity" "800"
L 02/11/2024 - 18:28:28: server_cvar: "mp_friendlyfire" "1"
L 02/11/2024 - 18:28:32: "suna<4><STEAM_0:1:29157668><>" entered the game
L 02/11/2024 - 18:28:33: "[Cranky Camera] Oni<6><STEAM_0:1:10174276><>" entered the game
L 02/11/2024 - 18:28:34: "suna<4><STEAM_0:1:29157668><Unassigned>" joined team "NSF"
L 02/11/2024 - 18:28:35: "[Cranky Camera] Oni<6><STEAM_0:1:10174276><Unassigned>" joined team "Spectator"
L 02/11/2024 - 18:28:36: "Agiel<8><STEAM_0:1:25025><>" entered the game
L 02/11/2024 - 18:28:36: "soft as HELL<5><STEAM_0:1:14747705><>" entered the game
L 02/11/2024 - 18:28:41: "Agiel<8><STEAM_0:1:25025><Unassigned>" joined team "NSF"
L 02/11/2024 - 18:28:45: "soft as HELL<5><STEAM_0:1:14747705><Unassigned>" joined team "NSF"
L 02/11/2024 - 18:29:03: "Agiel<8><STEAM_0:1:25025><NSF>" say "wasnt my pick :D"
L 02/11/2024 - 18:29:16: "[Cranky Camera] Oni<6><STEAM_0:1:10174276><Spectator>" say "xD"
L 02/11/2024 - 18:29:18: "suna<4><STEAM_0:1:29157668><NSF>" say "!settings"
L 02/11/2024 - 18:29:39: "[GB] Puddy<9><STEAM_ID_PENDING><>" connected, address "188.192.131.75:27005"
L 02/11/2024 - 18:29:39: "[GB] Puddy<9><STEAM_0:1:19453780><>" STEAM USERID validated
L 02/11/2024 - 18:30:03: "[GB] Rain ☆彡<7><STEAM_0:0:15075092><>" entered the game
L 02/11/2024 - 18:30:12: "[GB] Rain ☆彡<7><STEAM_0:0:15075092><Unassigned>" joined team "Spectator"
L 02/11/2024 - 18:30:13: "[GB] Rain ☆彡<7><STEAM_0:0:15075092><Spectator>" joined team "NSF"
L 02/11/2024 - 18:30:21: "[Cranky Camera] Oni<6><STEAM_0:1:10174276><Spectator>" say "!setobserver"
L 02/11/2024 - 18:30:59: "[GB] Puddy<9><STEAM_0:1:19453780><>" entered the game
L 02/11/2024 - 18:31:03: "[GB] Puddy<9><STEAM_0:1:19453780><Unassigned>" joined team "NSF"
L 02/11/2024 - 18:31:34: "[DYS] Infrequent<10><STEAM_ID_PENDING><>" connected, address "86.169.55.78:27005"
L 02/11/2024 - 18:31:34: "[DYS] Infrequent<10><STEAM_0:1:6384081><>" STEAM USERID validated
L 02/11/2024 - 18:31:45: "[DYS] Infrequent<10><STEAM_0:1:6384081><>" entered the game
L 02/11/2024 - 18:31:47: "[DYS] Infrequent<10><STEAM_0:1:6384081><Unassigned>" joined team "Spectator"
L 02/11/2024 - 18:31:54: "[DYS] Infrequent<10><STEAM_0:1:6384081><Spectator>" changed name to "[CAST] Infrequent"
L 02/11/2024 - 18:31:58: "[CAST] Infrequent<10><STEAM_0:1:6384081><Spectator>" say "BEST BOSS"
L 02/11/2024 - 18:32:12: "[GB] Puddy<9><STEAM_0:1:19453780><NSF>" say "What"
L 02/11/2024 - 18:32:16: "Agiel<8><STEAM_0:1:25025><NSF>" changed name to "[GB] Agiel"
L 02/11/2024 - 18:32:19: "[CAST] Infrequent<10><STEAM_0:1:6384081><Spectator>" say "i saw your pfp and couldn't contain it"
L 02/11/2024 - 18:32:22: "[GB] Puddy<9><STEAM_0:1:19453780><NSF>" say "Oh yeah"
L 02/11/2024 - 18:32:24: "[GB] Puddy<9><STEAM_0:1:19453780><NSF>" say "I love dana"
L 02/11/2024 - 18:35:19: "suna<4><STEAM_0:1:29157668><NSF>" say "!settings"
L 02/11/2024 - 18:35:21: "[GB] Puddy<9><STEAM_0:1:19453780><NSF>" say "!settings"
L 02/11/2024 - 18:35:25: "[GB] Rain ☆彡<7><STEAM_0:0:15075092><NSF>" say "!settings"
L 02/11/2024 - 18:35:54: "[MXican] Halcyon<11><STEAM_ID_PENDING><>" connected, address "45.158.7.154:27005"
L 02/11/2024 - 18:35:54: "[MXican] Halcyon<11><STEAM_0:1:2864524><>" STEAM USERID validated
L 02/11/2024 - 18:35:58: "[MXican] Halcyon<11><STEAM_0:1:2864524><>" entered the game
L 02/11/2024 - 18:36:01: "[MXican] Halcyon<11><STEAM_0:1:2864524><Unassigned>" joined team "Jinrai"
L 02/11/2024 - 18:36:18: "[MXican] Halcyon<11><STEAM_0:1:2864524><Jinrai>" say "Hola pendejos"
L 02/11/2024 - 18:36:26: "[MXican] NeoTokyoScrub<12><STEAM_ID_PENDING><>" connected, address "75.183.0.206:27005"
L 02/11/2024 - 18:36:26: "[MXican] NeoTokyoScrub<12><STEAM_0:1:95715175><>" STEAM USERID validated
L 02/11/2024 - 18:36:27: "[MXican] Wahaha-<13><STEAM_ID_PENDING><>" connected, address "76.133.237.17:27005"
L 02/11/2024 - 18:36:27: "[MXican] Wahaha-<13><STEAM_0:1:17526508><>" STEAM USERID validated
L 02/11/2024 - 18:36:27: "[MXican] NeoTokyoScrub<12><STEAM_0:1:95715175><>" entered the game
L 02/11/2024 - 18:36:29: "[MXican] Wahaha-<13><STEAM_0:1:17526508><>" entered the game
L 02/11/2024 - 18:36:30: "[MXican] NeoTokyoScrub<12><STEAM_0:1:95715175><Unassigned>" joined team "Spectator"
L 02/11/2024 - 18:36:31: "[MXican] Wahaha-<13><STEAM_0:1:17526508><Unassigned>" joined team "Spectator"
L 02/11/2024 - 18:36:54: "talibus<14><STEAM_ID_PENDING><>" connected, address "83.28.173.138:17459"
L 02/11/2024 - 18:36:54: "talibus<14><STEAM_0:0:15980775><>" STEAM USERID validated
L 02/11/2024 - 18:36:58: "talibus<14><STEAM_0:0:15980775><>" entered the game
L 02/11/2024 - 18:37:03: "talibus<14><STEAM_0:0:15980775><Unassigned>" joined team "Spectator"
L 02/11/2024 - 18:37:34: "[MXican] Wahaha-<13><STEAM_0:1:17526508><Spectator>" joined team "Jinrai"
L 02/11/2024 - 18:37:46: "talibus<14><STEAM_0:0:15980775><Spectator>" changed name to "[MXican] talibus"
L 02/11/2024 - 18:38:23: "[MXican] Snotilian Lizard<15><STEAM_ID_PENDING><>" connected, address "87.2.131.118:27005"
L 02/11/2024 - 18:38:23: "[MXican] Snotilian Lizard<15><STEAM_0:1:20336729><>" STEAM USERID validated
L 02/11/2024 - 18:38:24: "[MXican] Snotilian Lizard<15><STEAM_0:1:20336729><>" entered the game
L 02/11/2024 - 18:38:29: "[MXican] Snotilian Lizard<15><STEAM_0:1:20336729><Unassigned>" joined team "Spectator"
L 02/11/2024 - 18:38:31: "[MXican] Snotilian Lizard<15><STEAM_0:1:20336729><Spectator>" disconnected (reason "Disconnect by user.")
L 02/11/2024 - 18:38:45: "[MXican] Snotilian Lizard<16><STEAM_ID_PENDING><>" connected, address "87.2.131.118:27005"
L 02/11/2024 - 18:38:45: "[MXican] Snotilian Lizard<16><STEAM_0:1:20336729><>" STEAM USERID validated
L 02/11/2024 - 18:38:49: "[MXican] Snotilian Lizard<16><STEAM_0:1:20336729><>" entered the game
L 02/11/2024 - 18:38:52: "[MXican] Snotilian Lizard<16><STEAM_0:1:20336729><Unassigned>" joined team "Spectator"
L 02/11/2024 - 18:38:55: "Boltronics<17><STEAM_ID_PENDING><>" connected, address "84.106.144.11:27005"
L 02/11/2024 - 18:38:55: "Boltronics<17><STEAM_0:1:84048595><>" STEAM USERID validated
L 02/11/2024 - 18:38:56: "[MXican] Snotilian Lizard<16><STEAM_0:1:20336729><Spectator>" changed name to "[MXican] Ghost Lizard"
L 02/11/2024 - 18:38:59: "[MXican] Ghost Lizard<16><STEAM_0:1:20336729><Spectator>" joined team "Jinrai"
L 02/11/2024 - 18:39:01: "Boltronics<17><STEAM_0:1:84048595><>" entered the game
L 02/11/2024 - 18:39:04: "[Cranky Camera] Oni<6><STEAM_0:1:10174276><Spectator>" say "restarting my game"
L 02/11/2024 - 18:39:06: "Boltronics<17><STEAM_0:1:84048595><Unassigned>" joined team "Jinrai"
L 02/11/2024 - 18:39:07: "[Cranky Camera] Oni<6><STEAM_0:1:10174276><Spectator>" disconnected (reason "Disconnect by user.")
L 02/11/2024 - 18:39:16: "Boltronics<17><STEAM_0:1:84048595><Jinrai>" changed name to "[MXican] Boltronics"
L 02/11/2024 - 18:39:51: "[MXican] Halcyon<11><STEAM_0:1:2864524><Jinrai>" say "!ready"
L 02/11/2024 - 18:40:04: "[MXican] NeoTokyoScrub<12><STEAM_0:1:95715175><Spectator>" joined team "Jinrai"
L 02/11/2024 - 18:40:07: "[GB] Puddy<9><STEAM_0:1:19453780><NSF>" say "!ready"
L 02/11/2024 - 18:40:20: "[MXican] talibus<14><STEAM_0:0:15980775><Spectator>" disconnected (reason "Disconnect by user.")
L 02/11/2024 - 18:40:26: "[MXican] Nevra<18><STEAM_ID_PENDING><>" connected, address "91.160.146.84:2939"
L 02/11/2024 - 18:40:26: "[MXican] Nevra<18><STEAM_0:1:87689215><>" STEAM USERID validated
L 02/11/2024 - 18:40:45: "[GB] Agiel<8><STEAM_0:1:25025><NSF>" say "guys you're only allowed 5 players"
L 02/11/2024 - 18:40:52: "suna<4><STEAM_0:1:29157668><NSF>" say "goddamn"
L 02/11/2024 - 18:40:56: "suna<4><STEAM_0:1:29157668><NSF>" say "putting in all the stops"
L 02/11/2024 - 18:41:03: "[MXican] Boltronics<17><STEAM_0:1:84048595><Jinrai>" say "gotta shut suna down"
L 02/11/2024 - 18:41:04: "[MXican] Nevra<18><STEAM_0:1:87689215><>" entered the game
L 02/11/2024 - 18:41:43: "[MXican] Nevra<18><STEAM_0:1:87689215><Unassigned>" joined team "Jinrai"
L 02/11/2024 - 18:42:05: "[MXican] Wahaha-<13><STEAM_0:1:17526508><Jinrai>" say "!ready"
L 02/11/2024 - 18:42:10: "suna<4><STEAM_0:1:29157668><NSF>" say "uh huh"
L 02/11/2024 - 18:42:12: "suna<4><STEAM_0:1:29157668><NSF>" say "can we have talibus"
L 02/11/2024 - 18:42:19: "[MXican] Wahaha-<13><STEAM_0:1:17526508><Jinrai>" say "me or nothing"
L 02/11/2024 - 18:42:21: "[MXican] Halcyon<11><STEAM_0:1:2864524><Jinrai>" say "We need 7 :("
L 02/11/2024 - 18:42:33: "[GB] Puddy<9><STEAM_0:1:19453780><NSF>" say "I mean we take any sixth"
L 02/11/2024 - 18:42:39: "[MXican] Boltronics<17><STEAM_0:1:84048595><Jinrai>" say "6v5 not ??"
L 02/11/2024 - 18:42:39: "[GB] Puddy<9><STEAM_0:1:19453780><NSF>" say "So it's 6v6"
L 02/11/2024 - 18:42:53: "[MXican] Wahaha-<13><STEAM_0:1:17526508><Jinrai>" say "infrequent is right there"
L 02/11/2024 - 18:42:58: "[MXican] Wahaha-<13><STEAM_0:1:17526508><Jinrai>" say "way to be rood"
L 02/11/2024 - 18:43:00: "(1)[GB] Rain ☆彡<19><STEAM_ID_PENDING><>" connected, address "77.223.33.68:27005"
L 02/11/2024 - 18:43:00: "(1)[GB] Rain ☆彡<19><STEAM_0:0:15075092><>" disconnected (reason "STEAM UserID STEAM_0:0:15075092 is already
in use on this server")
L 02/11/2024 - 18:43:01: "suna<4><STEAM_0:1:29157668><NSF>" say "we take oni too"
L 02/11/2024 - 18:43:01: "[MXican] Halcyon<11><STEAM_0:1:2864524><Jinrai>" say "You need to Wololo someone"
L 02/11/2024 - 18:43:02: "(1)[GB] Rain ☆彡<20><STEAM_ID_PENDING><>" connected, address "77.223.33.68:27005"
L 02/11/2024 - 18:43:02: "(1)[GB] Rain ☆彡<20><STEAM_0:0:15075092><>" disconnected (reason "STEAM UserID STEAM_0:0:15075092 is already
in use on this server")
L 02/11/2024 - 18:43:06: "[MXican] Boltronics<17><STEAM_0:1:84048595><Jinrai>" say "infreq wants revenge"
L 02/11/2024 - 18:43:07: "[MXican] Boltronics<17><STEAM_0:1:84048595><Jinrai>" say "for this map"
L 02/11/2024 - 18:43:14: "(1)[GB] Rain ☆彡<21><STEAM_ID_PENDING><>" connected, address "77.223.33.68:27005"
L 02/11/2024 - 18:43:14: "(1)[GB] Rain ☆彡<21><STEAM_0:0:15075092><>" disconnected (reason "STEAM UserID STEAM_0:0:15075092 is already
in use on this server")
L 02/11/2024 - 18:43:22: "[GB] Rain ☆彡<7><STEAM_0:0:15075092><NSF>" disconnected (reason "[GB] Rain ☆彡 timed out")
L 02/11/2024 - 18:43:22: "[GB] Rain ☆彡<22><STEAM_ID_PENDING><>" connected, address "77.223.33.68:27005"
L 02/11/2024 - 18:43:22: "[GB] Rain ☆彡<22><STEAM_0:0:15075092><>" STEAM USERID validated
L 02/11/2024 - 18:43:24: "[GB] Rain ☆彡<22><STEAM_0:0:15075092><>" entered the game
L 02/11/2024 - 18:43:30: "[GB] Rain ☆彡<22><STEAM_0:0:15075092><Unassigned>" joined team "Spectator"
L 02/11/2024 - 18:43:33: "[GB] Rain ☆彡<22><STEAM_0:0:15075092><Spectator>" joined team "NSF"
L 02/11/2024 - 18:43:40: "[MXican] Wahaha-<13><STEAM_0:1:17526508><Jinrai>" say "maj just called agiel "pawgiel" in vc"
L 02/11/2024 - 18:43:49: "[GB] Agiel<8><STEAM_0:1:25025><NSF>" say ":3"
L 02/11/2024 - 18:43:53: "[MXican] Boltronics<17><STEAM_0:1:84048595><Jinrai>" say "wtf?"
L 02/11/2024 - 18:43:54: "[MXican] Boltronics<17><STEAM_0:1:84048595><Jinrai>" say "i did not"
L 02/11/2024 - 18:43:55: "[MXican] Wahaha-<13><STEAM_0:1:17526508><Jinrai>" say "LILI"
L 02/11/2024 - 18:43:58: "[MXican] Wahaha-<13><STEAM_0:1:17526508><Jinrai>" say "SCREENSHOT"
L 02/11/2024 - 18:44:06: "[MXican] Ghost Lizard<16><STEAM_0:1:20336729><Jinrai>" say "forget catgirls, we've got tgrfuelgirls"
L 02/11/2024 - 18:44:11: "[MXican] Halcyon<11><STEAM_0:1:2864524><Jinrai>" say "lol"
L 02/11/2024 - 18:44:13: "[MXican] Boltronics<17><STEAM_0:1:84048595><Jinrai>" say "can somebody kick nevra"
L 02/11/2024 - 18:44:15: "[MXican] Boltronics<17><STEAM_0:1:84048595><Jinrai>" say "?"
L 02/11/2024 - 18:44:19: "soft as HELL<5><STEAM_0:1:14747705><NSF>" say "!votekick"
L 02/11/2024 - 18:44:22: "[MXican] Boltronics<17><STEAM_0:1:84048595><Jinrai>" say "!votekick"
L 02/11/2024 - 18:44:26: "suna<4><STEAM_0:1:29157668><NSF>" say "why wont he leave"
L 02/11/2024 - 18:44:32: "[MXican] Boltronics<17><STEAM_0:1:84048595><Jinrai>" say "talking to his gf"
L 02/11/2024 - 18:44:33: "[MXican] Wahaha-<13><STEAM_0:1:17526508><Jinrai>" say "hes french"
L 02/11/2024 - 18:44:38: "[MXican] Wahaha-<13><STEAM_0:1:17526508><Jinrai>" say "colonial mindset"
L 02/11/2024 - 18:45:30: "soft as HELL<5><STEAM_0:1:14747705><NSF>" say "kick nevra"
L 02/11/2024 - 18:45:38: "[MXican] Boltronics<17><STEAM_0:1:84048595><Jinrai>" say "infreq"
L 02/11/2024 - 18:45:40: "[MXican] Boltronics<17><STEAM_0:1:84048595><Jinrai>" say "you have admin?"
L 02/11/2024 - 18:45:40: "[MXican] NeoTokyoScrub<12><STEAM_0:1:95715175><Jinrai>" say "Hey GB a ndrangheta  girl has a crush on me"
L 02/11/2024 - 18:45:44: "[Cranky Camera] Oni<23><STEAM_ID_PENDING><>" connected, address "71.195.46.232:27005"
L 02/11/2024 - 18:45:44: "[Cranky Camera] Oni<23><STEAM_0:1:10174276><>" STEAM USERID validated
L 02/11/2024 - 18:45:45: "[MXican] Halcyon<11><STEAM_0:1:2864524><Jinrai>" say "Where's Onii-chan?"
L 02/11/2024 - 18:45:47: "[MXican] Halcyon<11><STEAM_0:1:2864524><Jinrai>" say "ah there he is"
L 02/11/2024 - 18:45:48: "[CAST] Infrequent<10><STEAM_0:1:6384081><Spectator>" say "!kick nevra"
L 02/11/2024 - 18:45:48: "[MXican] Nevra<18><STEAM_0:1:87689215><Jinrai>" disconnected (reason "Kicked by administrator")
L 02/11/2024 - 18:45:49: "[Cranky Camera] Oni<23><STEAM_0:1:10174276><>" entered the game
L 02/11/2024 - 18:45:51: "[Cranky Camera] Oni<23><STEAM_0:1:10174276><Unassigned>" joined team "Spectator"
L 02/11/2024 - 18:45:54: "[MXican] Boltronics<17><STEAM_0:1:84048595><Jinrai>" say "!ready"
L 02/11/2024 - 18:45:56: "[MXican] Ghost Lizard<16><STEAM_0:1:20336729><Jinrai>" say "!ready"
L 02/11/2024 - 18:45:57: "[MXican] Halcyon<11><STEAM_0:1:2864524><Jinrai>" say "!ready"
L 02/11/2024 - 18:45:59: "[MXican] NeoTokyoScrub<12><STEAM_0:1:95715175><Jinrai>" say "!ready"
L 02/11/2024 - 18:45:59: "[Cranky Camera] Oni<23><STEAM_0:1:10174276><Spectator>" say "!setobserver"
L 02/11/2024 - 18:46:04: "[MXican] Boltronics<17><STEAM_0:1:84048595><Jinrai>" say "!readylist"
L 02/11/2024 - 18:46:05: "[GB] Agiel<8><STEAM_0:1:25025><NSF>" say "stream ready?"
L 02/11/2024 - 18:46:06: "[MXican] Wahaha-<13><STEAM_0:1:17526508><Jinrai>" say "!smooch nevra"
L 02/11/2024 - 18:46:31: "suna<4><STEAM_0:1:29157668><NSF>" say "tell them to get out of vc too"
L 02/11/2024 - 18:46:38: "[GB] Rain ☆彡<22><STEAM_0:0:15075092><NSF>" say "!ready"
L 02/11/2024 - 18:46:44: "[GB] Agiel<8><STEAM_0:1:25025><NSF>" say "!ready"
L 02/11/2024 - 18:46:55: "[MXican] Halcyon<11><STEAM_0:1:2864524><Jinrai>" say "DONE"
L 02/11/2024 - 18:46:55: "[MXican] NeoTokyoScrub<12><STEAM_0:1:95715175><Jinrai>" say_team "I've spent to much time in the south to say ndrangheta properly"
L 02/11/2024 - 18:46:57: "suna<4><STEAM_0:1:29157668><NSF>" say "!ready"
L 02/11/2024 - 18:46:59: "[MXican] Wahaha-<13><STEAM_0:1:17526508><Jinrai>" say "!ready"
L 02/11/2024 - 18:47:02: "[GB] Rain ☆彡<22><STEAM_0:0:15075092><NSF>" say "gl hf"
L 02/11/2024 - 18:47:03: "[GB] Agiel<8><STEAM_0:1:25025><NSF>" say "gl hf"
L 02/11/2024 - 18:47:07: "[GB] Puddy<9><STEAM_0:1:19453780><NSF>" say "GLHF"
L 02/11/2024 - 18:48:38: "[MXican] Boltronics<17><STEAM_0:1:84048595><Jinrai>" killed "[GB] Rain ☆彡<22><STEAM_0:0:15075092><NSF>" with "zr68s"
L 02/11/2024 - 18:48:38: "[GB] Rain ☆彡<22><STEAM_0:0:15075092><NSF>" say_team "100 Assault zr68s"
L 02/11/2024 - 18:48:41: "[MXican] Wahaha-<13><STEAM_0:1:17526508><Jinrai>" killed "[GB] Agiel<8><STEAM_0:1:25025><NSF>" with "zr68s"
L 02/11/2024 - 18:48:41: "[GB] Agiel<8><STEAM_0:1:25025><NSF>" say_team "74 Assault zr68s"
L 02/11/2024 - 18:48:48: "[GB] Puddy<9><STEAM_0:1:19453780><NSF>" killed "[MXican] Wahaha-<13><STEAM_0:1:17526508><Jinrai>" with "zr68s"
L 02/11/2024 - 18:48:49: "[MXican] Wahaha-<13><STEAM_0:1:17526508><Jinrai>" say_team "100 Assault zr68s"
L 02/11/2024 - 18:48:50: "soft as HELL<5><STEAM_0:1:14747705><NSF>" killed "[MXican] Ghost Lizard<16><STEAM_0:1:20336729><Jinrai>" with "zr68s"
L 02/11/2024 - 18:48:50: "[MXican] Ghost Lizard<16><STEAM_0:1:20336729><Jinrai>" say_team "22 Assault zr68s"
L 02/11/2024 - 18:49:07: "[MXican] NeoTokyoScrub<12><STEAM_0:1:95715175><Jinrai>" killed "soft as HELL<5><STEAM_0:1:14747705><NSF>" with "zr68s"
L 02/11/2024 - 18:49:07: "[MXican] Boltronics<17><STEAM_0:1:84048595><Jinrai>" triggered "kill_assist"
L 02/11/2024 - 18:49:07: "soft as HELL<5><STEAM_0:1:14747705><NSF>" say_team "29 Assault zr68s"
L 02/11/2024 - 18:49:11: "[MXican] Ghost Lizard<16><STEAM_0:1:20336729><Jinrai>" say_team "suna 80hp"
L 02/11/2024 - 18:49:12: "[MXican] Boltronics<17><STEAM_0:1:84048595><Jinrai>" killed "[GB] Puddy<9><STEAM_0:1:19453780><NSF>" with "zr68s"
L 02/11/2024 - 18:49:12: "[GB] Puddy<9><STEAM_0:1:19453780><NSF>" say_team "53 Assault zr68s"
L 02/11/2024 - 18:49:15: "[MXican] Ghost Lizard<16><STEAM_0:1:20336729><Jinrai>" say_team "recon"
L 02/11/2024 - 18:49:20: "[MXican] Boltronics<17><STEAM_0:1:84048595><Jinrai>" killed "suna<4><STEAM_0:1:29157668><NSF>" with "zr68s"
L 02/11/2024 - 18:49:20: "suna<4><STEAM_0:1:29157668><NSF>" say_team "53 Assault zr68s"
L 02/11/2024 - 18:49:33: "[MXican] NeoTokyoScrub<12><STEAM_0:1:95715175><Jinrai>" say_team "so sweepy uwu"
L 02/11/2024 - 18:49:42: "suna<4><STEAM_0:1:29157668><NSF>" say "did u see the blod"
L 02/11/2024 - 18:49:43: "suna<4><STEAM_0:1:29157668><NSF>" say "smh"
L 02/11/2024 - 18:50:08: "[MXican] Boltronics<17><STEAM_0:1:84048595><Jinrai>" killed "soft as HELL<5><STEAM_0:1:14747705><NSF>" with "zr68s"
L 02/11/2024 - 18:50:08: "soft as HELL<5><STEAM_0:1:14747705><NSF>" say_team "84 Assault zr68s"
L 02/11/2024 - 18:50:12: "[MXican] Ghost Lizard<16><STEAM_0:1:20336729><Jinrai>" killed "suna<4><STEAM_0:1:29157668><NSF>" with "srm"
L 02/11/2024 - 18:50:12: "suna<4><STEAM_0:1:29157668><NSF>" say_team "85 Support srm"
L 02/11/2024 - 18:50:19: "[MXican] Boltronics<17><STEAM_0:1:84048595><Jinrai>" killed "[GB] Agiel<8><STEAM_0:1:25025><NSF>" with "grenade_projectile"
L 02/11/2024 - 18:50:20: "[GB] Agiel<8><STEAM_0:1:25025><NSF>" say_team "29 Assault grenade_projectile"
L 02/11/2024 - 18:50:22: "[MXican] Ghost Lizard<16><STEAM_0:1:20336729><Jinrai>" killed "[GB] Puddy<9><STEAM_0:1:19453780><NSF>" with "srm"
L 02/11/2024 - 18:50:22: "[GB] Puddy<9><STEAM_0:1:19453780><NSF>" say_team "85 Support srm"
L 02/11/2024 - 18:50:23: "[GB] Rain ☆彡<22><STEAM_0:0:15075092><NSF>" killed "[MXican] Wahaha-<13><STEAM_0:1:17526508><Jinrai>" with "srm"
L 02/11/2024 - 18:50:23: "[MXican] Wahaha-<13><STEAM_0:1:17526508><Jinrai>" say_team "15 Assault srm"
L 02/11/2024 - 18:50:49: "[MXican] Ghost Lizard<16><STEAM_0:1:20336729><Jinrai>" killed "[GB] Rain ☆彡<22><STEAM_0:0:15075092><NSF>" with "srm"
L 02/11/2024 - 18:50:49: "[MXican] Wahaha-<13><STEAM_0:1:17526508><Jinrai>" triggered "kill_assist"
L 02/11/2024 - 18:50:50: "[GB] Rain ☆彡<22><STEAM_0:0:15075092><NSF>" say_team "79 Support srm"
L 02/11/2024 - 18:52:28: "[MXican] Boltronics<17><STEAM_0:1:84048595><Jinrai>" killed "[GB] Rain ☆彡<22><STEAM_0:0:15075092><NSF>" with "mx"
L 02/11/2024 - 18:52:28: "[GB] Rain ☆彡<22><STEAM_0:0:15075092><NSF>" say_team "47 Assault mx"
L 02/11/2024 - 18:52:29: "soft as HELL<5><STEAM_0:1:14747705><NSF>" killed "[MXican] Boltronics<17><STEAM_0:1:84048595><Jinrai>" with "zr68s"
L 02/11/2024 - 18:52:29: "[GB] Rain ☆彡<22><STEAM_0:0:15075092><NSF>" triggered "kill_assist"
L 02/11/2024 - 18:52:29: "[MXican] Boltronics<17><STEAM_0:1:84048595><Jinrai>" say_team "65 Assault zr68s"
L 02/11/2024 - 18:52:32: "soft as HELL<5><STEAM_0:1:14747705><NSF>" killed "[MXican] Halcyon<11><STEAM_0:1:2864524><Jinrai>" with "zr68s"
L 02/11/2024 - 18:52:32: "suna<4><STEAM_0:1:29157668><NSF>" triggered "kill_assist"
L 02/11/2024 - 18:52:32: "[MXican] Halcyon<11><STEAM_0:1:2864524><Jinrai>" say_team "65 Assault zr68s"
L 02/11/2024 - 18:52:42: "[GB] Puddy<9><STEAM_0:1:19453780><NSF>" killed "[MXican] NeoTokyoScrub<12><STEAM_0:1:95715175><Jinrai>" with "zr68s"
L 02/11/2024 - 18:52:47: "suna<4><STEAM_0:1:29157668><NSF>" killed "[MXican] Wahaha-<13><STEAM_0:1:17526508><Jinrai>" with "supa7"
L 02/11/2024 - 18:52:47: "[MXican] Wahaha-<13><STEAM_0:1:17526508><Jinrai>" say_team "68 Recon supa7"
L 02/11/2024 - 18:52:50: "[MXican] Boltronics<17><STEAM_0:1:84048595><Jinrai>" say_team "halcyon just hold topstairs as asupport"
L 02/11/2024 - 18:52:53: "[MXican] Ghost Lizard<16><STEAM_0:1:20336729><Jinrai>" killed "[GB] Puddy<9><STEAM_0:1:19453780><NSF>" with "zr68s"
L 02/11/2024 - 18:52:53: "[GB] Puddy<9><STEAM_0:1:19453780><NSF>" say_team "88 Support zr68s"
L 02/11/2024 - 18:52:54: "[MXican] Boltronics<17><STEAM_0:1:84048595><Jinrai>" say_team "of our side"
L 02/11/2024 - 18:52:57: "[MXican] Halcyon<11><STEAM_0:1:2864524><Jinrai>" say_team "ye"
L 02/11/2024 - 18:53:16: "[MXican] Ghost Lizard<16><STEAM_0:1:20336729><Jinrai>" killed "[GB] Agiel<8><STEAM_0:1:25025><NSF>" with "zr68s"
L 02/11/2024 - 18:53:16: "[GB] Agiel<8><STEAM_0:1:25025><NSF>" say_team "67 Support zr68s"
L 02/11/2024 - 18:53:34: Team "NSF" triggered "ghost_capture_team"
L 02/11/2024 - 18:53:34: "soft as HELL<5><STEAM_0:1:14747705><NSF>" triggered "ghost_capture"
L 02/11/2024 - 18:53:34: "suna<4><STEAM_0:1:29157668><NSF>" killed "[MXican] Ghost Lizard<16><STEAM_0:1:20336729><Jinrai>" with "supa7"
L 02/11/2024 - 18:53:34: "[MXican] Ghost Lizard<16><STEAM_0:1:20336729><Jinrai>" say_team "18 Recon supa7"
L 02/11/2024 - 18:53:37: "[MXican] Boltronics<17><STEAM_0:1:84048595><Jinrai>" say_team "okay halcy"
L 02/11/2024 - 18:53:39: "[MXican] Boltronics<17><STEAM_0:1:84048595><Jinrai>" say_team "dont hero"
L 02/11/2024 - 18:53:41: "[MXican] Boltronics<17><STEAM_0:1:84048595><Jinrai>" say_team "play it slow there"
L 02/11/2024 - 18:54:23: "soft as HELL<5><STEAM_0:1:14747705><NSF>" killed "[MXican] Boltronics<17><STEAM_0:1:84048595><Jinrai>" with "zr68s"
L 02/11/2024 - 18:54:23: "[MXican] Boltronics<17><STEAM_0:1:84048595><Jinrai>" say_team "7 Assault zr68s"
L 02/11/2024 - 18:55:11: "[GB] Rain ☆彡<22><STEAM_0:0:15075092><NSF>" killed "[MXican] NeoTokyoScrub<12><STEAM_0:1:95715175><Jinrai>" with "zr68s"
L 02/11/2024 - 18:55:11: "suna<4><STEAM_0:1:29157668><NSF>" triggered "kill_assist"
L 02/11/2024 - 18:55:13: "[GB] Puddy<9><STEAM_0:1:19453780><NSF>" killed "[MXican] Ghost Lizard<16><STEAM_0:1:20336729><Jinrai>" with "mx"
L 02/11/2024 - 18:55:13: "[MXican] Ghost Lizard<16><STEAM_0:1:20336729><Jinrai>" say_team "14 Assault mx"
L 02/11/2024 - 18:55:17: "[MXican] Wahaha-<13><STEAM_0:1:17526508><Jinrai>" killed "suna<4><STEAM_0:1:29157668><NSF>" with "zr68s"
L 02/11/2024 - 18:55:17: "suna<4><STEAM_0:1:29157668><NSF>" say_team "73 Assault zr68s"
L 02/11/2024 - 18:55:20: "[GB] Agiel<8><STEAM_0:1:25025><NSF>" killed "[MXican] Wahaha-<13><STEAM_0:1:17526508><Jinrai>" with "supa7"
L 02/11/2024 - 18:55:20: "[MXican] Wahaha-<13><STEAM_0:1:17526508><Jinrai>" say_team "100 Support supa7"
L 02/11/2024 - 18:55:22: "[MXican] Halcyon<11><STEAM_0:1:2864524><Jinrai>" killed "[GB] Puddy<9><STEAM_0:1:19453780><NSF>" with "mx"
L 02/11/2024 - 18:55:22: "[MXican] Ghost Lizard<16><STEAM_0:1:20336729><Jinrai>" triggered "kill_assist"
L 02/11/2024 - 18:55:23: "[GB] Puddy<9><STEAM_0:1:19453780><NSF>" say_team "100 Support mx"
L 02/11/2024 - 18:55:26: "[GB] Rain ☆彡<22><STEAM_0:0:15075092><NSF>" killed "[MXican] Halcyon<11><STEAM_0:1:2864524><Jinrai>" with "zr68s"
L 02/11/2024 - 18:55:26: "[MXican] Halcyon<11><STEAM_0:1:2864524><Jinrai>" say_team "100 Support zr68s"
L 02/11/2024 - 18:55:47: "[MXican] Ghost Lizard<16><STEAM_0:1:20336729><Jinrai>" say_team "taking small"
L 02/11/2024 - 18:56:14: "[MXican] Boltronics<17><STEAM_0:1:84048595><Jinrai>" killed "[GB] Puddy<9><STEAM_0:1:19453780><NSF>" with "zr68c"
L 02/11/2024 - 18:56:14: "[GB] Puddy<9><STEAM_0:1:19453780><NSF>" say_team "1 Recon zr68c"
L 02/11/2024 - 18:56:26: "suna<4><STEAM_0:1:29157668><NSF>" killed "[MXican] Boltronics<17><STEAM_0:1:84048595><Jinrai>" with "srm"
L 02/11/2024 - 18:56:26: "[GB] Puddy<9><STEAM_0:1:19453780><NSF>" triggered "kill_assist"
L 02/11/2024 - 18:56:26: "[MXican] Boltronics<17><STEAM_0:1:84048595><Jinrai>" say_team "100 Recon srm"
L 02/11/2024 - 18:56:32: "[MXican] Ghost Lizard<16><STEAM_0:1:20336729><Jinrai>" killed "suna<4><STEAM_0:1:29157668><NSF>" with "mx"
L 02/11/2024 - 18:56:32: "suna<4><STEAM_0:1:29157668><NSF>" say_team "13 Support mx"
L 02/11/2024 - 18:56:38: "[GB] Agiel<8><STEAM_0:1:25025><NSF>" killed "[MXican] NeoTokyoScrub<12><STEAM_0:1:95715175><Jinrai>" with "mx"
L 02/11/2024 - 18:56:38: "soft as HELL<5><STEAM_0:1:14747705><NSF>" triggered "kill_assist"
L 02/11/2024 - 18:56:41: "[GB] Agiel<8><STEAM_0:1:25025><NSF>" killed "[MXican] Wahaha-<13><STEAM_0:1:17526508><Jinrai>" with "mx"
L 02/11/2024 - 18:56:41: "soft as HELL<5><STEAM_0:1:14747705><NSF>" triggered "kill_assist"
L 02/11/2024 - 18:56:42: "[MXican] Wahaha-<13><STEAM_0:1:17526508><Jinrai>" say_team "81 Support mx"
L 02/11/2024 - 18:56:50: "[MXican] Halcyon<11><STEAM_0:1:2864524><Jinrai>" killed "soft as HELL<5><STEAM_0:1:14747705><NSF>" with "mx"
L 02/11/2024 - 18:56:50: "soft as HELL<5><STEAM_0:1:14747705><NSF>" say_team "97 Support mx"
L 02/11/2024 - 18:57:01: "[MXican] Wahaha-<13><STEAM_0:1:17526508><Jinrai>" say_team "scrub, trade me zrs for mx"
L 02/11/2024 - 18:58:23: "[GB] Agiel<8><STEAM_0:1:25025><NSF>" killed "[MXican] Halcyon<11><STEAM_0:1:2864524><Jinrai>" with "mx"
L 02/11/2024 - 18:58:23: "[MXican] Halcyon<11><STEAM_0:1:2864524><Jinrai>" say_team "52 Support mx"
L 02/11/2024 - 18:58:29: "[GB] Agiel<8><STEAM_0:1:25025><NSF>" killed "[MXican] Ghost Lizard<16><STEAM_0:1:20336729><Jinrai>" with "mx"
L 02/11/2024 - 18:58:29: "suna<4><STEAM_0:1:29157668><NSF>" triggered "kill_assist"
L 02/11/2024 - 18:58:29: "[MXican] Ghost Lizard<16><STEAM_0:1:20336729><Jinrai>" say_team "29 Support mx"
L 02/11/2024 - 18:58:40: "[MXican] Wahaha-<13><STEAM_0:1:17526508><Jinrai>" say "wasnt overtime 45 seconds?"
L 02/11/2024 - 18:59:34: "[MXican] NeoTokyoScrub<12><STEAM_0:1:95715175><Jinrai>" say_team " "
L 02/11/2024 - 19:00:02: "[MXican] Boltronics<17><STEAM_0:1:84048595><Jinrai>" killed "[GB] Agiel<8><STEAM_0:1:25025><NSF>" with "jittescoped"
L 02/11/2024 - 19:00:02: "[GB] Agiel<8><STEAM_0:1:25025><NSF>" say_team "58 Recon jittescoped"
L 02/11/2024 - 19:00:10: "[MXican] Halcyon<11><STEAM_0:1:2864524><Jinrai>" killed "suna<4><STEAM_0:1:29157668><NSF>" with "mx"
L 02/11/2024 - 19:00:10: "suna<4><STEAM_0:1:29157668><NSF>" say_team "83 Support mx"
L 02/11/2024 - 19:00:16: "[GB] Puddy<9><STEAM_0:1:19453780><NSF>" killed "[MXican] Wahaha-<13><STEAM_0:1:17526508><Jinrai>" with "zr68s"
L 02/11/2024 - 19:00:16: "[GB] Agiel<8><STEAM_0:1:25025><NSF>" triggered "kill_assist"
L 02/11/2024 - 19:00:16: "[MXican] Wahaha-<13><STEAM_0:1:17526508><Jinrai>" say_team "75 Assault zr68s"
L 02/11/2024 - 19:00:18: "soft as HELL<5><STEAM_0:1:14747705><NSF>" killed "[MXican] NeoTokyoScrub<12><STEAM_0:1:95715175><Jinrai>" with "mx"
L 02/11/2024 - 19:00:18: "[GB] Rain ☆彡<22><STEAM_0:0:15075092><NSF>" triggered "kill_assist"
L 02/11/2024 - 19:00:36: "[MXican] Halcyon<11><STEAM_0:1:2864524><Jinrai>" killed "soft as HELL<5><STEAM_0:1:14747705><NSF>" with "mx"
L 02/11/2024 - 19:00:36: "soft as HELL<5><STEAM_0:1:14747705><NSF>" say_team "13 Support mx"
L 02/11/2024 - 19:00:43: "[GB] Rain ☆彡<22><STEAM_0:0:15075092><NSF>" killed "[MXican] Boltronics<17><STEAM_0:1:84048595><Jinrai>" with "mx"
L 02/11/2024 - 19:00:43: "[MXican] Boltronics<17><STEAM_0:1:84048595><Jinrai>" say_team "84 Support mx"
L 02/11/2024 - 19:00:46: "[MXican] Ghost Lizard<16><STEAM_0:1:20336729><Jinrai>" killed "[GB] Rain ☆彡<22><STEAM_0:0:15075092><NSF>" with "mx"
L 02/11/2024 - 19:00:46: "[GB] Rain ☆彡<22><STEAM_0:0:15075092><NSF>" say_team "43 Support mx"
L 02/11/2024 - 19:00:49: "[MXican] Halcyon<11><STEAM_0:1:2864524><Jinrai>" killed "[GB] Puddy<9><STEAM_0:1:19453780><NSF>" with "mx"
L 02/11/2024 - 19:00:49: "[MXican] Ghost Lizard<16><STEAM_0:1:20336729><Jinrai>" triggered "kill_assist"
L 02/11/2024 - 19:00:49: "[GB] Puddy<9><STEAM_0:1:19453780><NSF>" say_team "13 Support mx"
L 02/11/2024 - 19:00:51: "[MXican] Boltronics<17><STEAM_0:1:84048595><Jinrai>" say_team "gjjjj"
L 02/11/2024 - 19:01:11: "[MXican] Ghost Lizard<16><STEAM_0:1:20336729><Jinrai>" say_team "got small"
L 02/11/2024 - 19:02:06: "[GB] Rain ☆彡<22><STEAM_0:0:15075092><NSF>" killed "[MXican] Halcyon<11><STEAM_0:1:2864524><Jinrai>" with "zr68c"
L 02/11/2024 - 19:02:06: "[MXican] Halcyon<11><STEAM_0:1:2864524><Jinrai>" say_team "75 Support zr68c"
L 02/11/2024 - 19:02:07: "[GB] Agiel<8><STEAM_0:1:25025><NSF>" killed "[MXican] Boltronics<17><STEAM_0:1:84048595><Jinrai>" with "mx"
L 02/11/2024 - 19:02:07: "[MXican] Boltronics<17><STEAM_0:1:84048595><Jinrai>" say_team "27 Support mx"
L 02/11/2024 - 19:02:08: "soft as HELL<5><STEAM_0:1:14747705><NSF>" killed "[MXican] NeoTokyoScrub<12><STEAM_0:1:95715175><Jinrai>" with "mx"
L 02/11/2024 - 19:02:08: "suna<4><STEAM_0:1:29157668><NSF>" triggered "kill_assist"
L 02/11/2024 - 19:02:25: "[MXican] Boltronics<17><STEAM_0:1:84048595><Jinrai>" say_team "halcy u gotta stop pushing there"
L 02/11/2024 - 19:02:29: "[MXican] Boltronics<17><STEAM_0:1:84048595><Jinrai>" say_team "really"
L 02/11/2024 - 19:02:30: "[MXican] Boltronics<17><STEAM_0:1:84048595><Jinrai>" say_team "just hold it"
L 02/11/2024 - 19:02:47: "[MXican] Halcyon<11><STEAM_0:1:2864524><Jinrai>" say_team "didn't push there tbh. But I didn't expect such a collapse on us"
L 02/11/2024 - 19:02:48: "[MXican] Ghost Lizard<16><STEAM_0:1:20336729><Jinrai>" killed "[GB] Puddy<9><STEAM_0:1:19453780><NSF>" with "mx"
L 02/11/2024 - 19:02:48: "[GB] Puddy<9><STEAM_0:1:19453780><NSF>" say_team "100 Support mx"
L 02/11/2024 - 19:02:52: "[MXican] Wahaha-<13><STEAM_0:1:17526508><Jinrai>" killed "[GB] Rain ☆彡<22><STEAM_0:0:15075092><NSF>" with "zr68s"
L 02/11/2024 - 19:02:53: "[GB] Rain ☆彡<22><STEAM_0:0:15075092><NSF>" say_team "49 Support zr68s"
L 02/11/2024 - 19:02:54: "[GB] Agiel<8><STEAM_0:1:25025><NSF>" killed "[MXican] Wahaha-<13><STEAM_0:1:17526508><Jinrai>" with "mx"
L 02/11/2024 - 19:02:54: "[GB] Rain ☆彡<22><STEAM_0:0:15075092><NSF>" triggered "kill_assist"
L 02/11/2024 - 19:02:55: "[MXican] Wahaha-<13><STEAM_0:1:17526508><Jinrai>" say_team "12 Support mx"
L 02/11/2024 - 19:02:55: "[MXican] Boltronics<17><STEAM_0:1:84048595><Jinrai>" say_team "we wer e ready for them to push on us"
L 02/11/2024 - 19:02:56: "[MXican] NeoTokyoScrub<12><STEAM_0:1:95715175><Jinrai>" say_team "suna and soft are low"
L 02/11/2024 - 19:03:00: "[MXican] Halcyon<11><STEAM_0:1:2864524><Jinrai>" say_team "fiar enough"
L 02/11/2024 - 19:03:01: "[MXican] Ghost Lizard<16><STEAM_0:1:20336729><Jinrai>" killed "[GB] Agiel<8><STEAM_0:1:25025><NSF>" with "mx"
L 02/11/2024 - 19:03:01: "[MXican] Boltronics<17><STEAM_0:1:84048595><Jinrai>" triggered "kill_assist"
L 02/11/2024 - 19:03:01: "[GB] Agiel<8><STEAM_0:1:25025><NSF>" say_team "68 Support mx"
L 02/11/2024 - 19:03:15: "[MXican] Ghost Lizard<16><STEAM_0:1:20336729><Jinrai>" killed "suna<4><STEAM_0:1:29157668><NSF>" with "mx"
L 02/11/2024 - 19:03:15: "[MXican] NeoTokyoScrub<12><STEAM_0:1:95715175><Jinrai>" triggered "kill_assist"
L 02/11/2024 - 19:03:15: "suna<4><STEAM_0:1:29157668><NSF>" say_team "68 Support mx"
L 02/11/2024 - 19:03:22: "[MXican] Boltronics<17><STEAM_0:1:84048595><Jinrai>" say_team "nt"
L 02/11/2024 - 19:03:23: "[MXican] Ghost Lizard<16><STEAM_0:1:20336729><Jinrai>" killed "soft as HELL<5><STEAM_0:1:14747705><NSF>" with "kyla"
L 02/11/2024 - 19:03:23: "[MXican] NeoTokyoScrub<12><STEAM_0:1:95715175><Jinrai>" triggered "kill_assist"
L 02/11/2024 - 19:03:23: "soft as HELL<5><STEAM_0:1:14747705><NSF>" say_team "33 Support kyla"
L 02/11/2024 - 19:03:24: "[MXican] Boltronics<17><STEAM_0:1:84048595><Jinrai>" say_team "wp"
L 02/11/2024 - 19:04:05: "suna<4><STEAM_0:1:29157668><NSF>" killed "[MXican] Boltronics<17><STEAM_0:1:84048595><Jinrai>" with "mx"
L 02/11/2024 - 19:04:06: "[MXican] Boltronics<17><STEAM_0:1:84048595><Jinrai>" say_team "72 Recon mx"
L 02/11/2024 - 19:04:08: "[MXican] NeoTokyoScrub<12><STEAM_0:1:95715175><Jinrai>" killed "suna<4><STEAM_0:1:29157668><NSF>" with "mx"
L 02/11/2024 - 19:04:08: "suna<4><STEAM_0:1:29157668><NSF>" say_team "33 Assault mx"
L 02/11/2024 - 19:04:18: "[MXican] Halcyon<11><STEAM_0:1:2864524><Jinrai>" killed "soft as HELL<5><STEAM_0:1:14747705><NSF>" with "mx"
L 02/11/2024 - 19:04:18: "soft as HELL<5><STEAM_0:1:14747705><NSF>" say_team "54 Support mx"
L 02/11/2024 - 19:04:50: "[GB] Agiel<8><STEAM_0:1:25025><NSF>" killed "[MXican] Wahaha-<13><STEAM_0:1:17526508><Jinrai>" with "mx"
L 02/11/2024 - 19:04:50: "[MXican] Wahaha-<13><STEAM_0:1:17526508><Jinrai>" say_team "100 Support mx"
L 02/11/2024 - 19:04:53: "[GB] Agiel<8><STEAM_0:1:25025><NSF>" killed "[MXican] Halcyon<11><STEAM_0:1:2864524><Jinrai>" with "mx"
L 02/11/2024 - 19:04:53: "[MXican] Halcyon<11><STEAM_0:1:2864524><Jinrai>" say_team "100 Support mx"
L 02/11/2024 - 19:05:05: "[GB] Agiel<8><STEAM_0:1:25025><NSF>" killed "[MXican] NeoTokyoScrub<12><STEAM_0:1:95715175><Jinrai>" with "mx"
L 02/11/2024 - 19:05:05: "suna<4><STEAM_0:1:29157668><NSF>" triggered "kill_assist"
L 02/11/2024 - 19:05:13: "[GB] Agiel<8><STEAM_0:1:25025><NSF>" killed "[MXican] Ghost Lizard<16><STEAM_0:1:20336729><Jinrai>" with "mx"
L 02/11/2024 - 19:05:13: "[MXican] Ghost Lizard<16><STEAM_0:1:20336729><Jinrai>" say_team "71 Support mx"
L 02/11/2024 - 19:05:21: "[MXican] Boltronics<17><STEAM_0:1:84048595><Jinrai>" say_team "halcy dont rush too much pls"
L 02/11/2024 - 19:06:00: "[GB] Agiel<8><STEAM_0:1:25025><NSF>" killed "[MXican] Boltronics<17><STEAM_0:1:84048595><Jinrai>" with "mx"
L 02/11/2024 - 19:06:01: "[MXican] Boltronics<17><STEAM_0:1:84048595><Jinrai>" say_team "38 Support mx"
L 02/11/2024 - 19:06:08: "soft as HELL<5><STEAM_0:1:14747705><NSF>" killed "[MXican] Wahaha-<13><STEAM_0:1:17526508><Jinrai>" with "mx"
L 02/11/2024 - 19:06:09: "[MXican] Wahaha-<13><STEAM_0:1:17526508><Jinrai>" say_team "100 Assault mx"
L 02/11/2024 - 19:06:17: "[MXican] Boltronics<17><STEAM_0:1:84048595><Jinrai>" say_team "pillar stairs 3"
L 02/11/2024 - 19:06:17: "[MXican] Halcyon<11><STEAM_0:1:2864524><Jinrai>" killed "[GB] Agiel<8><STEAM_0:1:25025><NSF>" with "mx"
L 02/11/2024 - 19:06:18: "[MXican] Boltronics<17><STEAM_0:1:84048595><Jinrai>" triggered "kill_assist"
L 02/11/2024 - 19:06:18: "[GB] Agiel<8><STEAM_0:1:25025><NSF>" say_team "39 Support mx"
L 02/11/2024 - 19:06:31: "[MXican] NeoTokyoScrub<12><STEAM_0:1:95715175><Jinrai>" say_team "y"
L 02/11/2024 - 19:07:20: "[MXican] Ghost Lizard<16><STEAM_0:1:20336729><Jinrai>" killed "[GB] Rain ☆彡<22><STEAM_0:0:15075092><NSF>" with "mx"
L 02/11/2024 - 19:07:20: "[GB] Rain ☆彡<22><STEAM_0:0:15075092><NSF>" say_team "17 Support mx"
L 02/11/2024 - 19:07:29: "[GB] Puddy<9><STEAM_0:1:19453780><NSF>" killed "[MXican] NeoTokyoScrub<12><STEAM_0:1:95715175><Jinrai>" with "mx"
L 02/11/2024 - 19:07:30: "[MXican] Ghost Lizard<16><STEAM_0:1:20336729><Jinrai>" killed "[GB] Puddy<9><STEAM_0:1:19453780><NSF>" with "mx"
L 02/11/2024 - 19:07:30: "[MXican] NeoTokyoScrub<12><STEAM_0:1:95715175><Jinrai>" triggered "kill_assist"
L 02/11/2024 - 19:07:30: "[GB] Puddy<9><STEAM_0:1:19453780><NSF>" say_team "17 Support mx"
L 02/11/2024 - 19:07:32: "suna<4><STEAM_0:1:29157668><NSF>" killed "[MXican] Ghost Lizard<16><STEAM_0:1:20336729><Jinrai>" with "mx"
L 02/11/2024 - 19:07:32: "[GB] Rain ☆彡<22><STEAM_0:0:15075092><NSF>" triggered "kill_assist"
L 02/11/2024 - 19:07:32: "[MXican] Ghost Lizard<16><STEAM_0:1:20336729><Jinrai>" say_team "37 Recon mx"
L 02/11/2024 - 19:07:35: "[MXican] Halcyon<11><STEAM_0:1:2864524><Jinrai>" killed "soft as HELL<5><STEAM_0:1:14747705><NSF>" with "mx"
L 02/11/2024 - 19:07:35: "[MXican] NeoTokyoScrub<12><STEAM_0:1:95715175><Jinrai>" triggered "kill_assist"
L 02/11/2024 - 19:07:35: "soft as HELL<5><STEAM_0:1:14747705><NSF>" say_team "39 Support mx"
L 02/11/2024 - 19:09:10: "[MXican] Boltronics<17><STEAM_0:1:84048595><Jinrai>" killed "[GB] Agiel<8><STEAM_0:1:25025><NSF>" with "jittescoped"
L 02/11/2024 - 19:09:10: "[GB] Agiel<8><STEAM_0:1:25025><NSF>" say_team "6 Recon jittescoped"
L 02/11/2024 - 19:09:19: "[GB] Puddy<9><STEAM_0:1:19453780><NSF>" killed "[MXican] Boltronics<17><STEAM_0:1:84048595><Jinrai>" with "mx"
L 02/11/2024 - 19:09:19: "[GB] Agiel<8><STEAM_0:1:25025><NSF>" triggered "kill_assist"
L 02/11/2024 - 19:09:19: "[MXican] Boltronics<17><STEAM_0:1:84048595><Jinrai>" say_team "100 Assault mx"
L 02/11/2024 - 19:09:41: "[GB] Agiel<8><STEAM_0:1:25025><NSF>" say "amazed i did 64 dmg to you. just spraying blindly :D"
L 02/11/2024 - 19:10:03: "suna<4><STEAM_0:1:29157668><NSF>" killed "[MXican] Halcyon<11><STEAM_0:1:2864524><Jinrai>" with "mx"
L 02/11/2024 - 19:10:03: "[MXican] Halcyon<11><STEAM_0:1:2864524><Jinrai>" say_team "100 Recon mx"
L 02/11/2024 - 19:10:08: "soft as HELL<5><STEAM_0:1:14747705><NSF>" killed "[MXican] Wahaha-<13><STEAM_0:1:17526508><Jinrai>" with "mx"
L 02/11/2024 - 19:10:08: "[MXican] Wahaha-<13><STEAM_0:1:17526508><Jinrai>" say_team "100 Assault mx"
L 02/11/2024 - 19:10:09: "[MXican] NeoTokyoScrub<12><STEAM_0:1:95715175><Jinrai>" killed "suna<4><STEAM_0:1:29157668><NSF>" with "mx"
L 02/11/2024 - 19:10:10: "suna<4><STEAM_0:1:29157668><NSF>" say_team "84 Assault mx"
L 02/11/2024 - 19:10:16: "[GB] Puddy<9><STEAM_0:1:19453780><NSF>" killed "[MXican] NeoTokyoScrub<12><STEAM_0:1:95715175><Jinrai>" with "mx"
L 02/11/2024 - 19:10:17: "[MXican] Ghost Lizard<16><STEAM_0:1:20336729><Jinrai>" killed "[GB] Puddy<9><STEAM_0:1:19453780><NSF>" with "mx"
L 02/11/2024 - 19:10:17: "[GB] Puddy<9><STEAM_0:1:19453780><NSF>" say_team "36 Support mx"
L 02/11/2024 - 19:10:24: "[GB] Rain ☆彡<22><STEAM_0:0:15075092><NSF>" killed "[MXican] Ghost Lizard<16><STEAM_0:1:20336729><Jinrai>" with "mx"
L 02/11/2024 - 19:10:24: "[GB] Puddy<9><STEAM_0:1:19453780><NSF>" triggered "kill_assist"
L 02/11/2024 - 19:10:24: "[MXican] Ghost Lizard<16><STEAM_0:1:20336729><Jinrai>" say_team "34 Support mx"
L 02/11/2024 - 19:11:18: "suna<4><STEAM_0:1:29157668><NSF>" killed "[MXican] Wahaha-<13><STEAM_0:1:17526508><Jinrai>" with "mx"
L 02/11/2024 - 19:11:19: "[MXican] Wahaha-<13><STEAM_0:1:17526508><Jinrai>" say_team "100 Recon mx"
L 02/11/2024 - 19:11:39: "[MXican] Boltronics<17><STEAM_0:1:84048595><Jinrai>" killed "soft as HELL<5><STEAM_0:1:14747705><NSF>" with "mx"
L 02/11/2024 - 19:11:39: "soft as HELL<5><STEAM_0:1:14747705><NSF>" say_team "1 Assault mx"
L 02/11/2024 - 19:11:40: "[MXican] NeoTokyoScrub<12><STEAM_0:1:95715175><Jinrai>" killed "suna<4><STEAM_0:1:29157668><NSF>" with "mx"
L 02/11/2024 - 19:11:40: "suna<4><STEAM_0:1:29157668><NSF>" say_team "100 Assault mx"
L 02/11/2024 - 19:11:51: "soft as HELL<5><STEAM_0:1:14747705><NSF>" say ">1hp"
L 02/11/2024 - 19:12:27: "[GB] Rain ☆彡<22><STEAM_0:0:15075092><NSF>" killed "[MXican] NeoTokyoScrub<12><STEAM_0:1:95715175><Jinrai>" with "zr68c"
L 02/11/2024 - 19:12:40: "[MXican] Ghost Lizard<16><STEAM_0:1:20336729><Jinrai>" killed "[GB] Puddy<9><STEAM_0:1:19453780><NSF>" with "mx"
L 02/11/2024 - 19:12:40: "[GB] Puddy<9><STEAM_0:1:19453780><NSF>" say_team "44 Support mx"
L 02/11/2024 - 19:12:50: "[GB] Agiel<8><STEAM_0:1:25025><NSF>" killed "[MXican] Ghost Lizard<16><STEAM_0:1:20336729><Jinrai>" with "mx"
L 02/11/2024 - 19:12:50: "[GB] Puddy<9><STEAM_0:1:19453780><NSF>" triggered "kill_assist"
L 02/11/2024 - 19:12:50: "[MXican] Ghost Lizard<16><STEAM_0:1:20336729><Jinrai>" say_team "22 Support mx"
L 02/11/2024 - 19:12:50: "[MXican] Halcyon<11><STEAM_0:1:2864524><Jinrai>" killed "[GB] Agiel<8><STEAM_0:1:25025><NSF>" with "jittescoped"
L 02/11/2024 - 19:12:50: "[MXican] Ghost Lizard<16><STEAM_0:1:20336729><Jinrai>" triggered "kill_assist"
L 02/11/2024 - 19:12:51: "[GB] Agiel<8><STEAM_0:1:25025><NSF>" say_team "100 Recon jittescoped"
L 02/11/2024 - 19:13:13: Team "Jinrai" triggered "ghost_capture_team"
L 02/11/2024 - 19:13:13: "[MXican] Boltronics<17><STEAM_0:1:84048595><Jinrai>" triggered "ghost_capture"
L 02/11/2024 - 19:13:16: "[MXican] Halcyon<11><STEAM_0:1:2864524><Jinrai>" killed "[GB] Rain ☆彡<22><STEAM_0:0:15075092><NSF>" with "jittescoped"
L 02/11/2024 - 19:13:16: "[GB] Rain ☆彡<22><STEAM_0:0:15075092><NSF>" say_team "100 Recon jittescoped"
L 02/11/2024 - 19:13:59: "[MXican] Boltronics<17><STEAM_0:1:84048595><Jinrai>" killed "soft as HELL<5><STEAM_0:1:14747705><NSF>" with "mx"
L 02/11/2024 - 19:13:59: "[MXican] NeoTokyoScrub<12><STEAM_0:1:95715175><Jinrai>" triggered "kill_assist"
L 02/11/2024 - 19:13:59: "soft as HELL<5><STEAM_0:1:14747705><NSF>" say_team "100 Assault mx"
L 02/11/2024 - 19:14:04: "[GB] Puddy<9><STEAM_0:1:19453780><NSF>" killed "[MXican] Ghost Lizard<16><STEAM_0:1:20336729><Jinrai>" with "mx"
L 02/11/2024 - 19:14:04: "[MXican] Ghost Lizard<16><STEAM_0:1:20336729><Jinrai>" say_team "74 Assault mx"
L 02/11/2024 - 19:14:07: "[GB] Puddy<9><STEAM_0:1:19453780><NSF>" killed "[MXican] Halcyon<11><STEAM_0:1:2864524><Jinrai>" with "mx"
L 02/11/2024 - 19:14:08: "[MXican] Halcyon<11><STEAM_0:1:2864524><Jinrai>" say_team "35 Assault mx"
L 02/11/2024 - 19:14:10: "[MXican] Halcyon<11><STEAM_0:1:2864524><Jinrai>" say "LOL"
L 02/11/2024 - 19:14:16: "[GB] Agiel<8><STEAM_0:1:25025><NSF>" killed "[MXican] NeoTokyoScrub<12><STEAM_0:1:95715175><Jinrai>" with "mx"
L 02/11/2024 - 19:14:18: "[MXican] NeoTokyoScrub<12><STEAM_0:1:95715175><Jinrai>" killed "[GB] Agiel<8><STEAM_0:1:25025><NSF>" with "grenade_projectile"
L 02/11/2024 - 19:14:18: "[MXican] NeoTokyoScrub<12><STEAM_0:1:95715175><Jinrai>" killed "[GB] Puddy<9><STEAM_0:1:19453780><NSF>" with "grenade_projectile"
L 02/11/2024 - 19:14:18: "[MXican] Halcyon<11><STEAM_0:1:2864524><Jinrai>" triggered "kill_assist"
L 02/11/2024 - 19:14:18: "[GB] Puddy<9><STEAM_0:1:19453780><NSF>" say_team "1 Assault grenade_projectile"
L 02/11/2024 - 19:14:18: "[GB] Agiel<8><STEAM_0:1:25025><NSF>" say_team "1 Assault grenade_projectile"
L 02/11/2024 - 19:14:22: "[MXican] Boltronics<17><STEAM_0:1:84048595><Jinrai>" killed "suna<4><STEAM_0:1:29157668><NSF>" with "mx"
L 02/11/2024 - 19:14:23: "suna<4><STEAM_0:1:29157668><NSF>" say_team "62 Assault mx"
L 02/11/2024 - 19:14:30: "[GB] Rain ☆彡<22><STEAM_0:0:15075092><NSF>" killed "[MXican] Wahaha-<13><STEAM_0:1:17526508><Jinrai>" with "zr68c"
L 02/11/2024 - 19:14:30: "[MXican] Boltronics<17><STEAM_0:1:84048595><Jinrai>" killed "[GB] Rain ☆彡<22><STEAM_0:0:15075092><NSF>" with "tachi"
L 02/11/2024 - 19:14:30: "[MXican] Wahaha-<13><STEAM_0:1:17526508><Jinrai>" triggered "kill_assist"
L 02/11/2024 - 19:14:30: "[MXican] Wahaha-<13><STEAM_0:1:17526508><Jinrai>" say_team "23 Assault zr68c"
L 02/11/2024 - 19:14:30: "[GB] Rain ☆彡<22><STEAM_0:0:15075092><NSF>" say_team "62 Assault tachi"
L 02/11/2024 - 19:14:57: "[MXican] Wahaha-<13><STEAM_0:1:17526508><Jinrai>" say "the server seems quite disagreeable for me today"
L 02/11/2024 - 19:15:19: "[MXican] Boltronics<17><STEAM_0:1:84048595><Jinrai>" killed "[GB] Agiel<8><STEAM_0:1:25025><NSF>" with "grenade_projectile"
L 02/11/2024 - 19:15:19: "[GB] Agiel<8><STEAM_0:1:25025><NSF>" say_team "100 Assault grenade_projectile"
L 02/11/2024 - 19:15:25: "[MXican] Boltronics<17><STEAM_0:1:84048595><Jinrai>" killed "[GB] Rain ☆彡<22><STEAM_0:0:15075092><NSF>" with "mx"
L 02/11/2024 - 19:15:25: "[GB] Rain ☆彡<22><STEAM_0:0:15075092><NSF>" say_team "100 Assault mx"
L 02/11/2024 - 19:15:35: "[MXican] Halcyon<11><STEAM_0:1:2864524><Jinrai>" killed "soft as HELL<5><STEAM_0:1:14747705><NSF>" with "aa13"
L 02/11/2024 - 19:15:35: "[MXican] Boltronics<17><STEAM_0:1:84048595><Jinrai>" triggered "kill_assist"
L 02/11/2024 - 19:15:36: "soft as HELL<5><STEAM_0:1:14747705><NSF>" say_team "50 Recon aa13"
L 02/11/2024 - 19:15:36: "suna<4><STEAM_0:1:29157668><NSF>" killed "[MXican] Boltronics<17><STEAM_0:1:84048595><Jinrai>" with "aa13"
L 02/11/2024 - 19:15:37: "[MXican] Boltronics<17><STEAM_0:1:84048595><Jinrai>" say_team "69 Recon aa13"
L 02/11/2024 - 19:16:27: "[MXican] Halcyon<11><STEAM_0:1:2864524><Jinrai>" killed "[GB] Puddy<9><STEAM_0:1:19453780><NSF>" with "mx"
L 02/11/2024 - 19:16:27: "[GB] Puddy<9><STEAM_0:1:19453780><NSF>" say_team "50 Recon mx"
L 02/11/2024 - 19:16:30: "suna<4><STEAM_0:1:29157668><NSF>" killed "[MXican] Wahaha-<13><STEAM_0:1:17526508><Jinrai>" with "aa13"
L 02/11/2024 - 19:16:30: "[MXican] Wahaha-<13><STEAM_0:1:17526508><Jinrai>" say_team "53 Recon aa13"
L 02/11/2024 - 19:16:33: "suna<4><STEAM_0:1:29157668><NSF>" killed "[MXican] Halcyon<11><STEAM_0:1:2864524><Jinrai>" with "aa13"
L 02/11/2024 - 19:16:34: "[MXican] Halcyon<11><STEAM_0:1:2864524><Jinrai>" say_team "12 Recon aa13"
L 02/11/2024 - 19:16:34: "[MXican] Ghost Lizard<16><STEAM_0:1:20336729><Jinrai>" killed "suna<4><STEAM_0:1:29157668><NSF>" with "mx"
L 02/11/2024 - 19:16:34: "suna<4><STEAM_0:1:29157668><NSF>" say_team "72 Support mx"
L 02/11/2024 - 19:17:04: "[MXican] Wahaha-<13><STEAM_0:1:17526508><Jinrai>" say "its gonna be OVER when i get more xp than deaths"
L 02/11/2024 - 19:17:15: "[GB] Rain ☆彡<22><STEAM_0:0:15075092><NSF>" killed "[MXican] Halcyon<11><STEAM_0:1:2864524><Jinrai>" with "mx"
L 02/11/2024 - 19:17:15: "[MXican] Halcyon<11><STEAM_0:1:2864524><Jinrai>" say_team "61 Assault mx"
L 02/11/2024 - 19:17:43: "[GB] Puddy<9><STEAM_0:1:19453780><NSF>" killed "[MXican] Boltronics<17><STEAM_0:1:84048595><Jinrai>" with "mx"
L 02/11/2024 - 19:17:43: "suna<4><STEAM_0:1:29157668><NSF>" triggered "kill_assist"
L 02/11/2024 - 19:17:43: "[MXican] Boltronics<17><STEAM_0:1:84048595><Jinrai>" say_team "100 Assault mx"
L 02/11/2024 - 19:17:47: "suna<4><STEAM_0:1:29157668><NSF>" killed "[MXican] Wahaha-<13><STEAM_0:1:17526508><Jinrai>" with "supa7"
L 02/11/2024 - 19:17:47: "[GB] Puddy<9><STEAM_0:1:19453780><NSF>" triggered "kill_assist"
L 02/11/2024 - 19:17:47: "[MXican] Wahaha-<13><STEAM_0:1:17526508><Jinrai>" say_team "69 Recon supa7"
L 02/11/2024 - 19:17:51: "[MXican] Ghost Lizard<16><STEAM_0:1:20336729><Jinrai>" killed "[GB] Puddy<9><STEAM_0:1:19453780><NSF>" with "mx"
L 02/11/2024 - 19:17:51: "[GB] Puddy<9><STEAM_0:1:19453780><NSF>" say_team "100 Support mx"
L 02/11/2024 - 19:18:06: "[MXican] Ghost Lizard<16><STEAM_0:1:20336729><Jinrai>" killed "suna<4><STEAM_0:1:29157668><NSF>" with "mx"
L 02/11/2024 - 19:18:07: "suna<4><STEAM_0:1:29157668><NSF>" say_team "41 Support mx"
L 02/11/2024 - 19:18:10: "[GB] Rain ☆彡<22><STEAM_0:0:15075092><NSF>" killed "[MXican] Ghost Lizard<16><STEAM_0:1:20336729><Jinrai>" with "mx"
L 02/11/2024 - 19:18:10: "suna<4><STEAM_0:1:29157668><NSF>" triggered "kill_assist"
L 02/11/2024 - 19:18:10: "[MXican] Ghost Lizard<16><STEAM_0:1:20336729><Jinrai>" say_team "61 Assault mx"
L 02/11/2024 - 19:18:11: "[MXican] NeoTokyoScrub<12><STEAM_0:1:95715175><Jinrai>" killed "soft as HELL<5><STEAM_0:1:14747705><NSF>" with "mx"
L 02/11/2024 - 19:18:11: "soft as HELL<5><STEAM_0:1:14747705><NSF>" say_team "21 Assault mx"
L 02/11/2024 - 19:18:13: "[GB] Agiel<8><STEAM_0:1:25025><NSF>" killed "[MXican] NeoTokyoScrub<12><STEAM_0:1:95715175><Jinrai>" with "mx"
L 02/11/2024 - 19:18:13: "soft as HELL<5><STEAM_0:1:14747705><NSF>" triggered "kill_assist"
L 02/11/2024 - 19:19:57: "[MXican] NeoTokyoScrub<12><STEAM_0:1:95715175><Jinrai>" killed "[GB] Rain ☆彡<22><STEAM_0:0:15075092><NSF>" with "mx"
L 02/11/2024 - 19:19:57: "[MXican] Boltronics<17><STEAM_0:1:84048595><Jinrai>" triggered "kill_assist"
L 02/11/2024 - 19:19:57: "[GB] Rain ☆彡<22><STEAM_0:0:15075092><NSF>" say_team "100 Assault mx"
L 02/11/2024 - 19:20:05: "[GB] Puddy<9><STEAM_0:1:19453780><NSF>" killed "[MXican] Boltronics<17><STEAM_0:1:84048595><Jinrai>" with "mx"
L 02/11/2024 - 19:20:05: "[MXican] Boltronics<17><STEAM_0:1:84048595><Jinrai>" say_team "36 Assault mx"
L 02/11/2024 - 19:20:07: "[MXican] NeoTokyoScrub<12><STEAM_0:1:95715175><Jinrai>" killed "[GB] Puddy<9><STEAM_0:1:19453780><NSF>" with "mx"
L 02/11/2024 - 19:20:07: "[GB] Puddy<9><STEAM_0:1:19453780><NSF>" say_team "100 Assault mx"
L 02/11/2024 - 19:20:36: "[MXican] Wahaha-<13><STEAM_0:1:17526508><Jinrai>" killed "soft as HELL<5><STEAM_0:1:14747705><NSF>" with "grenade_projectile"
L 02/11/2024 - 19:20:36: "soft as HELL<5><STEAM_0:1:14747705><NSF>" say_team "77 Assault grenade_projectile"
L 02/11/2024 - 19:20:38: "[MXican] Wahaha-<13><STEAM_0:1:17526508><Jinrai>" killed "[GB] Agiel<8><STEAM_0:1:25025><NSF>" with "mx"
L 02/11/2024 - 19:20:38: "[GB] Agiel<8><STEAM_0:1:25025><NSF>" say_team "77 Assault mx"
L 02/11/2024 - 19:20:40: "[MXican] NeoTokyoScrub<12><STEAM_0:1:95715175><Jinrai>" killed "suna<4><STEAM_0:1:29157668><NSF>" with "mx"
L 02/11/2024 - 19:20:40: "[MXican] Halcyon<11><STEAM_0:1:2864524><Jinrai>" triggered "kill_assist"
L 02/11/2024 - 19:20:40: "suna<4><STEAM_0:1:29157668><NSF>" say_team "100 Assault mx"
L 02/11/2024 - 19:20:43: "[MXican] Wahaha-<13><STEAM_0:1:17526508><Jinrai>" say "BIG"
L 02/11/2024 - 19:20:44: "[MXican] Boltronics<17><STEAM_0:1:84048595><Jinrai>" say_team "LETS GO"
L 02/11/2024 - 19:20:46: "[MXican] Boltronics<17><STEAM_0:1:84048595><Jinrai>" say_team "NOW LETS DEFEND"
L 02/11/2024 - 19:20:46: "[GB] Puddy<9><STEAM_0:1:19453780><NSF>" say "gr"
L 02/11/2024 - 19:20:48: "[MXican] Boltronics<17><STEAM_0:1:84048595><Jinrai>" say_team "LETS DEFEND"
L 02/11/2024 - 19:20:54: "[MXican] Boltronics<17><STEAM_0:1:84048595><Jinrai>" say "gr"
L 02/11/2024 - 19:21:02: "[MXican] Halcyon<11><STEAM_0:1:2864524><Jinrai>" say "gr"
L 02/11/2024 - 19:21:12: "[MXican] Ghost Lizard<16><STEAM_0:1:20336729><Jinrai>" say "brb smoke"
L 02/11/2024 - 19:21:13: "[MXican] NeoTokyoScrub<12><STEAM_0:1:95715175><Jinrai>" say "gr"
L 02/11/2024 - 19:21:51: "[MXican] Wahaha-<13><STEAM_0:1:17526508><Jinrai>" say "hey wait i got more xp than deaths"
L 02/11/2024 - 19:21:54: "[MXican] Wahaha-<13><STEAM_0:1:17526508><Jinrai>" say "and it was over"
L 02/11/2024 - 19:21:59: "[MXican] Wahaha-<13><STEAM_0:1:17526508><Jinrai>" say "i was right"
L 02/11/2024 - 19:21:59: "[MXican] Halcyon<11><STEAM_0:1:2864524><Jinrai>" say "LOL"
L 02/11/2024 - 19:22:05: "[MXican] Halcyon<11><STEAM_0:1:2864524><Jinrai>" say "caps. sorry. I'm not that sporadic"
L 02/11/2024 - 19:22:16: "[MXican] Wahaha-<13><STEAM_0:1:17526508><Jinrai>" say "just proves you cant kill ME fifteen times in a row"
L 02/11/2024 - 19:22:19: "[MXican] Wahaha-<13><STEAM_0:1:17526508><Jinrai>" say ":smirk:"
L 02/11/2024 - 19:23:33: "[GB] Agiel<8><STEAM_0:1:25025><NSF>" say "who wants to change map?"
L 02/11/2024 - 19:23:38: "[MXican] Wahaha-<13><STEAM_0:1:17526508><Jinrai>" say "!nominate"
L 02/11/2024 - 19:23:41: "[MXican] Boltronics<17><STEAM_0:1:84048595><Jinrai>" say "agiel san"
L 02/11/2024 - 19:23:42: "[CAST] Infrequent<10><STEAM_0:1:6384081><Spectator>" say "!admin"
L 02/11/2024 - 19:23:42: "[GB] Puddy<9><STEAM_0:1:19453780><NSF>" say "!nominate olio"
L 02/11/2024 - 19:23:44: "[GB] Puddy<9><STEAM_0:1:19453780><NSF>" say "rtv"
L 02/11/2024 - 19:23:45: "[MXican] Boltronics<17><STEAM_0:1:84048595><Jinrai>" say "I had a nasty nade on u"
L 02/11/2024 - 19:23:49: [META] Loaded 0 plugins (1 already loaded)
L 02/11/2024 - 19:23:49: [META] Loaded 0 plugins (1 already loaded)
L 02/11/2024 - 19:23:49: Log file closed
