L 02/11/2024 - 19:30:09: Log file started (file "logs\L0211061.log") (game "z:\home\steam\steam\steamapps\common\nt\NeotokyoSource") (version "4044")
L 02/11/2024 - 19:30:09: server_cvar: "sv_pausable" "0"
L 02/11/2024 - 19:30:09: server_cvar: "sv_contact" "baux.site"
L 02/11/2024 - 19:30:09: server_cvar: "sv_gravity" "800"
L 02/11/2024 - 19:30:09: server_cvar: "mp_friendlyfire" "1"
L 02/11/2024 - 19:30:10: "soft as HELL<5><STEAM_0:1:14747705><>" entered the game
L 02/11/2024 - 19:30:10: "suna<4><STEAM_0:1:29157668><>" entered the game
L 02/11/2024 - 19:30:10: "[GB] Puddy<9><STEAM_0:1:19453780><>" entered the game
L 02/11/2024 - 19:30:10: "[MXican] Ghost Lizard<16><STEAM_0:1:20336729><>" entered the game
L 02/11/2024 - 19:30:10: "[GB] Agiel<8><STEAM_0:1:25025><>" entered the game
L 02/11/2024 - 19:30:10: "[Cranky Camera] Oni<24><STEAM_0:1:10174276><>" entered the game
L 02/11/2024 - 19:30:10: "[CAST] Infrequent<10><STEAM_0:1:6384081><>" entered the game
L 02/11/2024 - 19:30:10: "[MXican] NeoTokyoScrub<12><STEAM_0:1:95715175><>" entered the game
L 02/11/2024 - 19:30:10: "[GB] Rain ☆彡<22><STEAM_0:0:15075092><>" entered the game
L 02/11/2024 - 19:30:10: "[MXican] Halcyon<11><STEAM_0:1:2864524><>" entered the game
L 02/11/2024 - 19:30:11: "[MXican] Boltronics<17><STEAM_0:1:84048595><>" entered the game
L 02/11/2024 - 19:30:11: "[MXican] Wahaha-<13><STEAM_0:1:17526508><>" entered the game
L 02/11/2024 - 19:30:11: "suna<4><STEAM_0:1:29157668><Unassigned>" joined team "NSF"
L 02/11/2024 - 19:30:12: "[Cranky Camera] Oni<24><STEAM_0:1:10174276><Unassigned>" joined team "Spectator"
L 02/11/2024 - 19:30:13: "[GB] Agiel<8><STEAM_0:1:25025><Unassigned>" joined team "NSF"
L 02/11/2024 - 19:30:13: "[GB] Puddy<9><STEAM_0:1:19453780><Unassigned>" joined team "NSF"
L 02/11/2024 - 19:30:13: "[MXican] Ghost Lizard<16><STEAM_0:1:20336729><Unassigned>" joined team "Jinrai"
L 02/11/2024 - 19:30:13: "[MXican] NeoTokyoScrub<12><STEAM_0:1:95715175><Unassigned>" joined team "Jinrai"
L 02/11/2024 - 19:30:13: "[MXican] Halcyon<11><STEAM_0:1:2864524><Unassigned>" joined team "Jinrai"
L 02/11/2024 - 19:30:14: "[MXican] Wahaha-<13><STEAM_0:1:17526508><Unassigned>" joined team "Spectator"
L 02/11/2024 - 19:30:14: "[GB] Rain ☆彡<22><STEAM_0:0:15075092><Unassigned>" joined team "Spectator"
L 02/11/2024 - 19:30:15: "soft as HELL<5><STEAM_0:1:14747705><Unassigned>" joined team "NSF"
L 02/11/2024 - 19:30:16: "[Cranky Camera] Oni<24><STEAM_0:1:10174276><Spectator>" say "!setobserver"
L 02/11/2024 - 19:30:16: "[GB] Rain ☆彡<22><STEAM_0:0:15075092><Spectator>" joined team "NSF"
L 02/11/2024 - 19:30:18: "[MXican] Halcyon<11><STEAM_0:1:2864524><Jinrai>" say "!reaady"
L 02/11/2024 - 19:30:20: "[MXican] Halcyon<11><STEAM_0:1:2864524><Jinrai>" say "!ready"
L 02/11/2024 - 19:30:20: "[MXican] Boltronics<17><STEAM_0:1:84048595><Unassigned>" joined team "Jinrai"
L 02/11/2024 - 19:30:21: "[GB] Agiel<8><STEAM_0:1:25025><NSF>" say "thanks oni"
L 02/11/2024 - 19:30:24: "[Cranky Camera] Oni<24><STEAM_0:1:10174276><Spectator>" say "npnp"
L 02/11/2024 - 19:30:26: "[CAST] Infrequent<10><STEAM_0:1:6384081><Unassigned>" joined team "Spectator"
L 02/11/2024 - 19:30:32: "[MXican] Boltronics<17><STEAM_0:1:84048595><Jinrai>" say "Just tell him to leave pls"
L 02/11/2024 - 19:30:34: "[MXican] Boltronics<17><STEAM_0:1:84048595><Jinrai>" say "xD"
L 02/11/2024 - 19:30:41: "[GB] Puddy<9><STEAM_0:1:19453780><NSF>" say "!ready"
L 02/11/2024 - 19:30:42: "[GB] Rain ☆彡<22><STEAM_0:0:15075092><NSF>" say "!ready"
L 02/11/2024 - 19:30:43: "suna<4><STEAM_0:1:29157668><NSF>" say "!ready"
L 02/11/2024 - 19:30:44: "[MXican] NeoTokyoScrub<12><STEAM_0:1:95715175><Jinrai>" say "!ready"
L 02/11/2024 - 19:30:47: "[GB] Agiel<8><STEAM_0:1:25025><NSF>" say "!ready"
L 02/11/2024 - 19:30:53: "[MXican] Wahaha-<13><STEAM_0:1:17526508><Spectator>" say "is the stream delay not timed to avoid ghosting?"
L 02/11/2024 - 19:30:56: "[MXican] Wahaha-<13><STEAM_0:1:17526508><Spectator>" joined team "Jinrai"
L 02/11/2024 - 19:30:58: "[MXican] Wahaha-<13><STEAM_0:1:17526508><Jinrai>" say "!ready"
L 02/11/2024 - 19:30:59: "[Cranky Camera] Oni<24><STEAM_0:1:10174276><Spectator>" say "it's got a delay"
L 02/11/2024 - 19:31:02: "[MXican] Boltronics<17><STEAM_0:1:84048595><Jinrai>" say "!ready"
L 02/11/2024 - 19:31:06: "[MXican] Ghost Lizard<16><STEAM_0:1:20336729><Jinrai>" say "!ready"
L 02/11/2024 - 19:31:09: "[GB] Agiel<8><STEAM_0:1:25025><NSF>" say "gl hf"
L 02/11/2024 - 19:31:09: "[GB] Rain ☆彡<22><STEAM_0:0:15075092><NSF>" say "gl hf"
L 02/11/2024 - 19:31:11: "[MXican] Wahaha-<13><STEAM_0:1:17526508><Jinrai>" say "i mean i get the principle but it seems a bit much"
L 02/11/2024 - 19:31:12: "[GB] Puddy<9><STEAM_0:1:19453780><NSF>" say "glhf"
L 02/11/2024 - 19:31:12: "[GB] Rain ☆彡<22><STEAM_0:0:15075092><NSF>" say "Friday, Friday, Gotta Play NT on Friday!"
L 02/11/2024 - 19:31:59: "suna<4><STEAM_0:1:29157668><NSF>" killed "[MXican] Ghost Lizard<16><STEAM_0:1:20336729><Jinrai>" with "zr68s"
L 02/11/2024 - 19:31:59: "[MXican] Ghost Lizard<16><STEAM_0:1:20336729><Jinrai>" say_team "72 Recon zr68s"
L 02/11/2024 - 19:32:17: "[MXican] Ghost Lizard<16><STEAM_0:1:20336729><Jinrai>" say_team "suna recon zrs"
L 02/11/2024 - 19:32:39: "[GB] Puddy<9><STEAM_0:1:19453780><NSF>" killed "[MXican] NeoTokyoScrub<12><STEAM_0:1:95715175><Jinrai>" with "zr68s"
L 02/11/2024 - 19:32:46: "[MXican] Wahaha-<13><STEAM_0:1:17526508><Jinrai>" killed "[GB] Puddy<9><STEAM_0:1:19453780><NSF>" with "grenade_projectile"
L 02/11/2024 - 19:32:46: "[MXican] NeoTokyoScrub<12><STEAM_0:1:95715175><Jinrai>" triggered "kill_assist"
L 02/11/2024 - 19:32:46: "[MXican] Wahaha-<13><STEAM_0:1:17526508><Jinrai>" killed "suna<4><STEAM_0:1:29157668><NSF>" with "zr68s"
L 02/11/2024 - 19:32:46: "[GB] Puddy<9><STEAM_0:1:19453780><NSF>" say_team "64 Assault grenade_projectile"
L 02/11/2024 - 19:32:46: "suna<4><STEAM_0:1:29157668><NSF>" say_team "64 Assault zr68s"
L 02/11/2024 - 19:33:02: "soft as HELL<5><STEAM_0:1:14747705><NSF>" killed "[MXican] Wahaha-<13><STEAM_0:1:17526508><Jinrai>" with "zr68s"
L 02/11/2024 - 19:33:02: "[MXican] Wahaha-<13><STEAM_0:1:17526508><Jinrai>" say_team "31 Assault zr68s"
L 02/11/2024 - 19:33:06: "soft as HELL<5><STEAM_0:1:14747705><NSF>" killed "[MXican] Halcyon<11><STEAM_0:1:2864524><Jinrai>" with "zr68s"
L 02/11/2024 - 19:33:06: "[MXican] Halcyon<11><STEAM_0:1:2864524><Jinrai>" say_team "31 Assault zr68s"
L 02/11/2024 - 19:33:12: "[MXican] Boltronics<17><STEAM_0:1:84048595><Jinrai>" killed "soft as HELL<5><STEAM_0:1:14747705><NSF>" with "zr68s"
L 02/11/2024 - 19:33:12: "[MXican] Halcyon<11><STEAM_0:1:2864524><Jinrai>" triggered "kill_assist"
L 02/11/2024 - 19:33:12: "soft as HELL<5><STEAM_0:1:14747705><NSF>" say_team "100 Assault zr68s"
L 02/11/2024 - 19:33:23: "[MXican] Boltronics<17><STEAM_0:1:84048595><Jinrai>" killed "[GB] Agiel<8><STEAM_0:1:25025><NSF>" with "zr68s"
L 02/11/2024 - 19:33:23: "[MXican] Halcyon<11><STEAM_0:1:2864524><Jinrai>" triggered "kill_assist"
L 02/11/2024 - 19:33:23: "[GB] Agiel<8><STEAM_0:1:25025><NSF>" say_team "30 Assault zr68s"
L 02/11/2024 - 19:33:33: "[GB] Rain ☆彡<22><STEAM_0:0:15075092><NSF>" killed "[MXican] Boltronics<17><STEAM_0:1:84048595><Jinrai>" with "zr68s"
L 02/11/2024 - 19:33:33: "[MXican] Boltronics<17><STEAM_0:1:84048595><Jinrai>" say_team "15 Assault zr68s"
L 02/11/2024 - 19:33:37: "[MXican] Wahaha-<13><STEAM_0:1:17526508><Jinrai>" say "such terrible violence"
L 02/11/2024 - 19:33:47: "[MXican] Wahaha-<13><STEAM_0:1:17526508><Jinrai>" say "why do we have to fight"
L 02/11/2024 - 19:33:58: "[MXican] Halcyon<11><STEAM_0:1:2864524><Jinrai>" say_team "they were pushing me"
L 02/11/2024 - 19:34:09: "[GB] Rain ☆彡<22><STEAM_0:0:15075092><NSF>" killed "[MXican] Boltronics<17><STEAM_0:1:84048595><Jinrai>" with "grenade_projectile"
L 02/11/2024 - 19:34:10: "[MXican] Boltronics<17><STEAM_0:1:84048595><Jinrai>" say_team "100 Assault grenade_projectile"
L 02/11/2024 - 19:34:11: "[MXican] Wahaha-<13><STEAM_0:1:17526508><Jinrai>" killed "suna<4><STEAM_0:1:29157668><NSF>" with "zr68s"
L 02/11/2024 - 19:34:11: "[MXican] NeoTokyoScrub<12><STEAM_0:1:95715175><Jinrai>" triggered "kill_assist"
L 02/11/2024 - 19:34:11: "suna<4><STEAM_0:1:29157668><NSF>" say_team "74 Assault zr68s"
L 02/11/2024 - 19:34:14: "[MXican] NeoTokyoScrub<12><STEAM_0:1:95715175><Jinrai>" killed "[GB] Rain ☆彡<22><STEAM_0:0:15075092><NSF>" with "tachi"
L 02/11/2024 - 19:34:14: "[GB] Rain ☆彡<22><STEAM_0:0:15075092><NSF>" say_team "100 Assault tachi"
L 02/11/2024 - 19:34:18: "[MXican] Wahaha-<13><STEAM_0:1:17526508><Jinrai>" killed "[GB] Puddy<9><STEAM_0:1:19453780><NSF>" with "zr68s"
L 02/11/2024 - 19:34:18: "[GB] Puddy<9><STEAM_0:1:19453780><NSF>" say_team "74 Assault zr68s"
L 02/11/2024 - 19:34:33: "soft as HELL<5><STEAM_0:1:14747705><NSF>" killed "[MXican] Wahaha-<13><STEAM_0:1:17526508><Jinrai>" with "zr68s"
L 02/11/2024 - 19:34:33: "[MXican] Wahaha-<13><STEAM_0:1:17526508><Jinrai>" say_team "100 Assault zr68s"
L 02/11/2024 - 19:35:44: "[MXican] NeoTokyoScrub<12><STEAM_0:1:95715175><Jinrai>" killed "[GB] Agiel<8><STEAM_0:1:25025><NSF>" with "zr68s"
L 02/11/2024 - 19:35:44: "[GB] Agiel<8><STEAM_0:1:25025><NSF>" say_team "69 Assault zr68s"
L 02/11/2024 - 19:35:46: "[MXican] NeoTokyoScrub<12><STEAM_0:1:95715175><Jinrai>" killed "soft as HELL<5><STEAM_0:1:14747705><NSF>" with "zr68s"
L 02/11/2024 - 19:35:46: "soft as HELL<5><STEAM_0:1:14747705><NSF>" say_team "4 Assault zr68s"
L 02/11/2024 - 19:35:49: "[MXican] Boltronics<17><STEAM_0:1:84048595><Jinrai>" say_team "letsgo"
L 02/11/2024 - 19:35:50: "[MXican] Boltronics<17><STEAM_0:1:84048595><Jinrai>" say_team "gj"
L 02/11/2024 - 19:36:47: "[GB] Rain ☆彡<22><STEAM_0:0:15075092><NSF>" killed "[MXican] Boltronics<17><STEAM_0:1:84048595><Jinrai>" with "zr68s"
L 02/11/2024 - 19:36:47: "soft as HELL<5><STEAM_0:1:14747705><NSF>" triggered "kill_assist"
L 02/11/2024 - 19:36:47: "[MXican] Boltronics<17><STEAM_0:1:84048595><Jinrai>" say_team "100 Assault zr68s"
L 02/11/2024 - 19:37:10: "suna<4><STEAM_0:1:29157668><NSF>" killed "[MXican] NeoTokyoScrub<12><STEAM_0:1:95715175><Jinrai>" with "srm"
L 02/11/2024 - 19:37:33: "[MXican] Halcyon<11><STEAM_0:1:2864524><Jinrai>" killed "suna<4><STEAM_0:1:29157668><NSF>" with "mx"
L 02/11/2024 - 19:37:33: "suna<4><STEAM_0:1:29157668><NSF>" say_team "27 Support mx"
L 02/11/2024 - 19:37:35: "[MXican] Wahaha-<13><STEAM_0:1:17526508><Jinrai>" killed "[GB] Puddy<9><STEAM_0:1:19453780><NSF>" with "zr68s"
L 02/11/2024 - 19:37:35: "[GB] Puddy<9><STEAM_0:1:19453780><NSF>" say_team "100 Support zr68s"
L 02/11/2024 - 19:37:44: "[MXican] Wahaha-<13><STEAM_0:1:17526508><Jinrai>" killed "soft as HELL<5><STEAM_0:1:14747705><NSF>" with "zr68s"
L 02/11/2024 - 19:37:44: "[MXican] Ghost Lizard<16><STEAM_0:1:20336729><Jinrai>" triggered "kill_assist"
L 02/11/2024 - 19:37:44: "soft as HELL<5><STEAM_0:1:14747705><NSF>" say_team "100 Support zr68s"
L 02/11/2024 - 19:38:01: "[GB] Rain ☆彡<22><STEAM_0:0:15075092><NSF>" killed "[MXican] Wahaha-<13><STEAM_0:1:17526508><Jinrai>" with "zr68s"
L 02/11/2024 - 19:38:01: "[MXican] Wahaha-<13><STEAM_0:1:17526508><Jinrai>" say_team "100 Assault zr68s"
L 02/11/2024 - 19:39:02: "[MXican] NeoTokyoScrub<12><STEAM_0:1:95715175><Jinrai>" killed "suna<4><STEAM_0:1:29157668><NSF>" with "mx"
L 02/11/2024 - 19:39:02: "suna<4><STEAM_0:1:29157668><NSF>" say_team "100 Assault mx"
L 02/11/2024 - 19:39:17: "[MXican] Boltronics<17><STEAM_0:1:84048595><Jinrai>" killed "[GB] Puddy<9><STEAM_0:1:19453780><NSF>" with "zr68s"
L 02/11/2024 - 19:39:17: "[MXican] NeoTokyoScrub<12><STEAM_0:1:95715175><Jinrai>" triggered "kill_assist"
L 02/11/2024 - 19:39:17: "[GB] Puddy<9><STEAM_0:1:19453780><NSF>" say_team "100 Assault zr68s"
L 02/11/2024 - 19:39:31: "[GB] Agiel<8><STEAM_0:1:25025><NSF>" killed "[MXican] Halcyon<11><STEAM_0:1:2864524><Jinrai>" with "supa7"
L 02/11/2024 - 19:39:31: "[MXican] Halcyon<11><STEAM_0:1:2864524><Jinrai>" say_team "43 Support supa7"
L 02/11/2024 - 19:39:34: "[GB] Rain ☆彡<22><STEAM_0:0:15075092><NSF>" killed "[MXican] NeoTokyoScrub<12><STEAM_0:1:95715175><Jinrai>" with "zr68s"
L 02/11/2024 - 19:39:36: "[MXican] Ghost Lizard<16><STEAM_0:1:20336729><Jinrai>" killed "[GB] Agiel<8><STEAM_0:1:25025><NSF>" with "mx"
L 02/11/2024 - 19:39:36: "[MXican] Halcyon<11><STEAM_0:1:2864524><Jinrai>" triggered "kill_assist"
L 02/11/2024 - 19:39:36: "[GB] Agiel<8><STEAM_0:1:25025><NSF>" say_team "100 Support mx"
L 02/11/2024 - 19:39:38: "[MXican] Boltronics<17><STEAM_0:1:84048595><Jinrai>" killed "[GB] Rain ☆彡<22><STEAM_0:0:15075092><NSF>" with "zr68s"
L 02/11/2024 - 19:39:38: "[GB] Rain ☆彡<22><STEAM_0:0:15075092><NSF>" say_team "98 Assault zr68s"
L 02/11/2024 - 19:39:59: "[MXican] Ghost Lizard<16><STEAM_0:1:20336729><Jinrai>" killed "soft as HELL<5><STEAM_0:1:14747705><NSF>" with "mx"
L 02/11/2024 - 19:39:59: "soft as HELL<5><STEAM_0:1:14747705><NSF>" say_team "31 Support mx"
L 02/11/2024 - 19:40:23: "[GB] Rain ☆彡<22><STEAM_0:0:15075092><NSF>" say "!pause"
L 02/11/2024 - 19:40:31: "[GB] Puddy<9><STEAM_0:1:19453780><NSF>" say "nvm"
L 02/11/2024 - 19:40:38: "[MXican] Boltronics<17><STEAM_0:1:84048595><Jinrai>" killed "[GB] Rain ☆彡<22><STEAM_0:0:15075092><NSF>" with "mx"
L 02/11/2024 - 19:40:38: "[GB] Rain ☆彡<22><STEAM_0:0:15075092><NSF>" say_team "100 Assault mx"
L 02/11/2024 - 19:41:46: "[MXican] NeoTokyoScrub<12><STEAM_0:1:95715175><Jinrai>" say "YYYYYYYY"
L 02/11/2024 - 19:41:47: "soft as HELL<5><STEAM_0:1:14747705><NSF>" killed "[MXican] Ghost Lizard<16><STEAM_0:1:20336729><Jinrai>" with "mx"
L 02/11/2024 - 19:41:47: "[MXican] Ghost Lizard<16><STEAM_0:1:20336729><Jinrai>" say_team "31 Support mx"
L 02/11/2024 - 19:41:53: "[MXican] Wahaha-<13><STEAM_0:1:17526508><Jinrai>" killed "[GB] Puddy<9><STEAM_0:1:19453780><NSF>" with "mx"
L 02/11/2024 - 19:41:53: "[GB] Puddy<9><STEAM_0:1:19453780><NSF>" say_team "5 Support mx"
L 02/11/2024 - 19:42:12: "[MXican] Boltronics<17><STEAM_0:1:84048595><Jinrai>" killed "[GB] Agiel<8><STEAM_0:1:25025><NSF>" with "mx"
L 02/11/2024 - 19:42:12: "[GB] Agiel<8><STEAM_0:1:25025><NSF>" say_team "85 Assault mx"
L 02/11/2024 - 19:42:19: "[MXican] Ghost Lizard<16><STEAM_0:1:20336729><Jinrai>" say_team "soft support 30ish"
L 02/11/2024 - 19:42:20: "[MXican] Boltronics<17><STEAM_0:1:84048595><Jinrai>" killed "suna<4><STEAM_0:1:29157668><NSF>" with "tachi"
L 02/11/2024 - 19:42:20: "suna<4><STEAM_0:1:29157668><NSF>" say_team "85 Assault tachi"
L 02/11/2024 - 19:42:23: "[MXican] Boltronics<17><STEAM_0:1:84048595><Jinrai>" killed "soft as HELL<5><STEAM_0:1:14747705><NSF>" with "tachi"
L 02/11/2024 - 19:42:23: "[MXican] Ghost Lizard<16><STEAM_0:1:20336729><Jinrai>" triggered "kill_assist"
L 02/11/2024 - 19:42:23: "soft as HELL<5><STEAM_0:1:14747705><NSF>" say_team "85 Assault tachi"
L 02/11/2024 - 19:43:08: "[GB] Puddy<9><STEAM_0:1:19453780><NSF>" killed "[MXican] Boltronics<17><STEAM_0:1:84048595><Jinrai>" with "zr68s"
L 02/11/2024 - 19:43:08: "[MXican] Boltronics<17><STEAM_0:1:84048595><Jinrai>" say_team "100 Assault zr68s"
L 02/11/2024 - 19:43:18: "[MXican] NeoTokyoScrub<12><STEAM_0:1:95715175><Jinrai>" killed "[GB] Agiel<8><STEAM_0:1:25025><NSF>" with "mx"
L 02/11/2024 - 19:43:18: "[GB] Agiel<8><STEAM_0:1:25025><NSF>" say_team "30 Assault mx"
L 02/11/2024 - 19:43:28: "soft as HELL<5><STEAM_0:1:14747705><NSF>" killed "[MXican] Wahaha-<13><STEAM_0:1:17526508><Jinrai>" with "mx"
L 02/11/2024 - 19:43:28: "suna<4><STEAM_0:1:29157668><NSF>" triggered "kill_assist"
L 02/11/2024 - 19:43:28: "[MXican] Wahaha-<13><STEAM_0:1:17526508><Jinrai>" say_team "3 Support mx"
L 02/11/2024 - 19:43:29: "suna<4><STEAM_0:1:29157668><NSF>" killed "[MXican] NeoTokyoScrub<12><STEAM_0:1:95715175><Jinrai>" with "zr68s"
L 02/11/2024 - 19:43:29: "[GB] Agiel<8><STEAM_0:1:25025><NSF>" triggered "kill_assist"
L 02/11/2024 - 19:43:30: "[MXican] Halcyon<11><STEAM_0:1:2864524><Jinrai>" killed "soft as HELL<5><STEAM_0:1:14747705><NSF>" with "mx"
L 02/11/2024 - 19:43:30: "[MXican] Wahaha-<13><STEAM_0:1:17526508><Jinrai>" triggered "kill_assist"
L 02/11/2024 - 19:43:30: "soft as HELL<5><STEAM_0:1:14747705><NSF>" say_team "100 Support mx"
L 02/11/2024 - 19:44:17: "[MXican] NeoTokyoScrub<12><STEAM_0:1:95715175><Jinrai>" say_team "Sorry maj should've said he went dark cubby"
L 02/11/2024 - 19:44:20: "[MXican] Boltronics<17><STEAM_0:1:84048595><Jinrai>" say_team "its fine"
L 02/11/2024 - 19:44:38: "[MXican] Wahaha-<13><STEAM_0:1:17526508><Jinrai>" say "xXx_d4rk_cu88y_xXx"
L 02/11/2024 - 19:44:53: "suna<4><STEAM_0:1:29157668><NSF>" killed "[MXican] Ghost Lizard<16><STEAM_0:1:20336729><Jinrai>" with "zr68s"
L 02/11/2024 - 19:44:53: "[MXican] Ghost Lizard<16><STEAM_0:1:20336729><Jinrai>" say_team "77 Assault zr68s"
L 02/11/2024 - 19:44:56: "[GB] Rain ☆彡<22><STEAM_0:0:15075092><NSF>" killed "[MXican] Halcyon<11><STEAM_0:1:2864524><Jinrai>" with "mx"
L 02/11/2024 - 19:44:56: "suna<4><STEAM_0:1:29157668><NSF>" triggered "kill_assist"
L 02/11/2024 - 19:44:56: "[MXican] Halcyon<11><STEAM_0:1:2864524><Jinrai>" say_team "100 Support mx"
L 02/11/2024 - 19:46:12: "soft as HELL<5><STEAM_0:1:14747705><NSF>" killed "[MXican] Halcyon<11><STEAM_0:1:2864524><Jinrai>" with "mx"
L 02/11/2024 - 19:46:12: "[MXican] Halcyon<11><STEAM_0:1:2864524><Jinrai>" say_team "100 Support mx"
L 02/11/2024 - 19:46:13: "soft as HELL<5><STEAM_0:1:14747705><NSF>" killed "[MXican] Wahaha-<13><STEAM_0:1:17526508><Jinrai>" with "mx"
L 02/11/2024 - 19:46:13: "[MXican] Wahaha-<13><STEAM_0:1:17526508><Jinrai>" say_team "91 Support mx"
L 02/11/2024 - 19:46:19: "[MXican] Boltronics<17><STEAM_0:1:84048595><Jinrai>" killed "[GB] Agiel<8><STEAM_0:1:25025><NSF>" with "mx"
L 02/11/2024 - 19:46:19: "[GB] Agiel<8><STEAM_0:1:25025><NSF>" say_team "5 Assault mx"
L 02/11/2024 - 19:46:21: "[GB] Rain ☆彡<22><STEAM_0:0:15075092><NSF>" killed "[MXican] Boltronics<17><STEAM_0:1:84048595><Jinrai>" with "zr68s"
L 02/11/2024 - 19:46:21: "[MXican] Boltronics<17><STEAM_0:1:84048595><Jinrai>" say_team "81 Support zr68s"
L 02/11/2024 - 19:46:23: "[GB] Puddy<9><STEAM_0:1:19453780><NSF>" killed "[MXican] Ghost Lizard<16><STEAM_0:1:20336729><Jinrai>" with "mx"
L 02/11/2024 - 19:46:23: "[MXican] Ghost Lizard<16><STEAM_0:1:20336729><Jinrai>" say_team "26 Support mx"
L 02/11/2024 - 19:46:27: "soft as HELL<5><STEAM_0:1:14747705><NSF>" killed "[MXican] NeoTokyoScrub<12><STEAM_0:1:95715175><Jinrai>" with "mx"
L 02/11/2024 - 19:46:53: "[MXican] Halcyon<11><STEAM_0:1:2864524><Jinrai>" say_team "that was dumb yep"
L 02/11/2024 - 19:47:07: "[MXican] NeoTokyoScrub<12><STEAM_0:1:95715175><Jinrai>" killed "suna<4><STEAM_0:1:29157668><NSF>" with "mx"
L 02/11/2024 - 19:47:07: "suna<4><STEAM_0:1:29157668><NSF>" say_team "100 Assault mx"
L 02/11/2024 - 19:47:28: "[MXican] Boltronics<17><STEAM_0:1:84048595><Jinrai>" killed "soft as HELL<5><STEAM_0:1:14747705><NSF>" with "mx"
L 02/11/2024 - 19:47:28: "soft as HELL<5><STEAM_0:1:14747705><NSF>" say_team "100 Assault mx"
L 02/11/2024 - 19:47:57: "[MXican] Boltronics<17><STEAM_0:1:84048595><Jinrai>" killed "[GB] Puddy<9><STEAM_0:1:19453780><NSF>" with "mx"
L 02/11/2024 - 19:47:57: "[GB] Puddy<9><STEAM_0:1:19453780><NSF>" say_team "25 Assault mx"
L 02/11/2024 - 19:48:03: "[MXican] Wahaha-<13><STEAM_0:1:17526508><Jinrai>" killed "[GB] Agiel<8><STEAM_0:1:25025><NSF>" with "mx"
L 02/11/2024 - 19:48:03: "[GB] Agiel<8><STEAM_0:1:25025><NSF>" say_team "39 Support mx"
L 02/11/2024 - 19:48:33: "[GB] Rain ☆彡<22><STEAM_0:0:15075092><NSF>" killed "[MXican] Wahaha-<13><STEAM_0:1:17526508><Jinrai>" with "mx"
L 02/11/2024 - 19:48:33: "[GB] Agiel<8><STEAM_0:1:25025><NSF>" triggered "kill_assist"
L 02/11/2024 - 19:48:33: "[MXican] Wahaha-<13><STEAM_0:1:17526508><Jinrai>" say_team "100 Support mx"
L 02/11/2024 - 19:48:35: "[MXican] Ghost Lizard<16><STEAM_0:1:20336729><Jinrai>" killed "[GB] Rain ☆彡<22><STEAM_0:0:15075092><NSF>" with "mx"
L 02/11/2024 - 19:48:35: "[GB] Rain ☆彡<22><STEAM_0:0:15075092><NSF>" say_team "41 Support mx"
L 02/11/2024 - 19:48:43: "[MXican] Wahaha-<13><STEAM_0:1:17526508><Jinrai>" say "I HATE WINDOWS 11"
L 02/11/2024 - 19:48:45: "[MXican] Wahaha-<13><STEAM_0:1:17526508><Jinrai>" say "I HATE WINDOWS 11"
L 02/11/2024 - 19:48:46: "[MXican] Wahaha-<13><STEAM_0:1:17526508><Jinrai>" say "I HATE WINDOWS 11"
L 02/11/2024 - 19:49:13: "suna<4><STEAM_0:1:29157668><NSF>" committed suicide with "player"
L 02/11/2024 - 19:49:13: "suna<4><STEAM_0:1:29157668><NSF>" killed "[MXican] Boltronics<17><STEAM_0:1:84048595><Jinrai>" with "grenade_projectile"
L 02/11/2024 - 19:49:13: "[MXican] Boltronics<17><STEAM_0:1:84048595><Jinrai>" say_team "1 Assault grenade_projectile"
L 02/11/2024 - 19:49:16: "[MXican] Boltronics<17><STEAM_0:1:84048595><Jinrai>" say "lol"
L 02/11/2024 - 19:49:18: "[MXican] Wahaha-<13><STEAM_0:1:17526508><Jinrai>" killed "soft as HELL<5><STEAM_0:1:14747705><NSF>" with "mx"
L 02/11/2024 - 19:49:18: "soft as HELL<5><STEAM_0:1:14747705><NSF>" say_team "60 Support mx"
L 02/11/2024 - 19:49:29: "[GB] Agiel<8><STEAM_0:1:25025><NSF>" killed "[MXican] Wahaha-<13><STEAM_0:1:17526508><Jinrai>" with "mx"
L 02/11/2024 - 19:49:29: "[MXican] Wahaha-<13><STEAM_0:1:17526508><Jinrai>" say_team "29 Support mx"
L 02/11/2024 - 19:50:12: "[MXican] Wahaha-<13><STEAM_0:1:17526508><Jinrai>" say_team "we have hp advatange, if we get 1 more we should push"
L 02/11/2024 - 19:50:35: "[MXican] Ghost Lizard<16><STEAM_0:1:20336729><Jinrai>" killed "[GB] Puddy<9><STEAM_0:1:19453780><NSF>" with "mx"
L 02/11/2024 - 19:50:35: "[GB] Puddy<9><STEAM_0:1:19453780><NSF>" say_team "89 Support mx"
L 02/11/2024 - 19:50:36: "[GB] Rain ☆彡<22><STEAM_0:0:15075092><NSF>" killed "[MXican] NeoTokyoScrub<12><STEAM_0:1:95715175><Jinrai>" with "mx"
L 02/11/2024 - 19:50:59: "[MXican] NeoTokyoScrub<12><STEAM_0:1:95715175><Jinrai>" say_team "just 2 supports"
L 02/11/2024 - 19:51:06: "[MXican] Halcyon<11><STEAM_0:1:2864524><Jinrai>" killed "[GB] Rain ☆彡<22><STEAM_0:0:15075092><NSF>" with "mx"
L 02/11/2024 - 19:51:06: "[MXican] NeoTokyoScrub<12><STEAM_0:1:95715175><Jinrai>" triggered "kill_assist"
L 02/11/2024 - 19:51:07: "[GB] Rain ☆彡<22><STEAM_0:0:15075092><NSF>" say_team "58 Support mx"
L 02/11/2024 - 19:51:07: "[MXican] Halcyon<11><STEAM_0:1:2864524><Jinrai>" killed "[GB] Agiel<8><STEAM_0:1:25025><NSF>" with "mx"
L 02/11/2024 - 19:51:07: "[MXican] Wahaha-<13><STEAM_0:1:17526508><Jinrai>" triggered "kill_assist"
L 02/11/2024 - 19:51:07: "[GB] Agiel<8><STEAM_0:1:25025><NSF>" say_team "58 Support mx"
L 02/11/2024 - 19:51:10: "[MXican] Wahaha-<13><STEAM_0:1:17526508><Jinrai>" say "NICE"
L 02/11/2024 - 19:52:09: "[MXican] Halcyon<11><STEAM_0:1:2864524><Jinrai>" killed "suna<4><STEAM_0:1:29157668><NSF>" with "mx"
L 02/11/2024 - 19:52:09: "suna<4><STEAM_0:1:29157668><NSF>" say_team "53 Support mx"
L 02/11/2024 - 19:52:13: "[MXican] Halcyon<11><STEAM_0:1:2864524><Jinrai>" killed "[GB] Agiel<8><STEAM_0:1:25025><NSF>" with "mx"
L 02/11/2024 - 19:52:13: "[GB] Agiel<8><STEAM_0:1:25025><NSF>" say_team "53 Support mx"
L 02/11/2024 - 19:52:39: "soft as HELL<5><STEAM_0:1:14747705><NSF>" killed "[MXican] Boltronics<17><STEAM_0:1:84048595><Jinrai>" with "mx"
L 02/11/2024 - 19:52:39: "[GB] Rain ☆彡<22><STEAM_0:0:15075092><NSF>" triggered "kill_assist"
L 02/11/2024 - 19:52:39: "[MXican] Boltronics<17><STEAM_0:1:84048595><Jinrai>" say_team "13 Assault mx"
L 02/11/2024 - 19:52:43: "[GB] Puddy<9><STEAM_0:1:19453780><NSF>" killed "[MXican] NeoTokyoScrub<12><STEAM_0:1:95715175><Jinrai>" with "zr68s"
L 02/11/2024 - 19:52:49: "[MXican] Wahaha-<13><STEAM_0:1:17526508><Jinrai>" killed "soft as HELL<5><STEAM_0:1:14747705><NSF>" with "mx"
L 02/11/2024 - 19:52:49: "[MXican] Boltronics<17><STEAM_0:1:84048595><Jinrai>" triggered "kill_assist"
L 02/11/2024 - 19:52:49: "soft as HELL<5><STEAM_0:1:14747705><NSF>" say_team "53 Support mx"
L 02/11/2024 - 19:52:54: "[GB] Puddy<9><STEAM_0:1:19453780><NSF>" killed "[MXican] Wahaha-<13><STEAM_0:1:17526508><Jinrai>" with "zr68s"
L 02/11/2024 - 19:52:54: "[MXican] Wahaha-<13><STEAM_0:1:17526508><Jinrai>" say_team "53 Assault zr68s"
L 02/11/2024 - 19:53:01: "[MXican] Ghost Lizard<16><STEAM_0:1:20336729><Jinrai>" killed "[GB] Rain ☆彡<22><STEAM_0:0:15075092><NSF>" with "mx"
L 02/11/2024 - 19:53:01: "[MXican] Boltronics<17><STEAM_0:1:84048595><Jinrai>" triggered "kill_assist"
L 02/11/2024 - 19:53:01: "[GB] Rain ☆彡<22><STEAM_0:0:15075092><NSF>" say_team "45 Support mx"
L 02/11/2024 - 19:53:22: "[MXican] Ghost Lizard<16><STEAM_0:1:20336729><Jinrai>" killed "[GB] Puddy<9><STEAM_0:1:19453780><NSF>" with "mx"
L 02/11/2024 - 19:53:22: "[GB] Puddy<9><STEAM_0:1:19453780><NSF>" say_team "45 Support mx"
L 02/11/2024 - 19:53:24: "[MXican] Boltronics<17><STEAM_0:1:84048595><Jinrai>" say_team "LETS GO"
L 02/11/2024 - 19:53:27: "[MXican] Boltronics<17><STEAM_0:1:84048595><Jinrai>" say_team "LETS FKING GOOO"
L 02/11/2024 - 19:53:29: "[MXican] Boltronics<17><STEAM_0:1:84048595><Jinrai>" say_team "LETS FKING GOGOO"
L 02/11/2024 - 19:54:00: "[MXican] Boltronics<17><STEAM_0:1:84048595><Jinrai>" killed "[GB] Rain ☆彡<22><STEAM_0:0:15075092><NSF>" with "mx"
L 02/11/2024 - 19:54:00: "[GB] Rain ☆彡<22><STEAM_0:0:15075092><NSF>" say_team "100 Assault mx"
L 02/11/2024 - 19:54:14: "[MXican] Wahaha-<13><STEAM_0:1:17526508><Jinrai>" killed "soft as HELL<5><STEAM_0:1:14747705><NSF>" with "mx"
L 02/11/2024 - 19:54:14: "soft as HELL<5><STEAM_0:1:14747705><NSF>" say_team "14 Support mx"
L 02/11/2024 - 19:54:34: "suna<4><STEAM_0:1:29157668><NSF>" killed "[MXican] Wahaha-<13><STEAM_0:1:17526508><Jinrai>" with "zr68c"
L 02/11/2024 - 19:54:34: "soft as HELL<5><STEAM_0:1:14747705><NSF>" triggered "kill_assist"
L 02/11/2024 - 19:54:35: "[MXican] Wahaha-<13><STEAM_0:1:17526508><Jinrai>" say_team "100 Recon zr68c"
L 02/11/2024 - 19:54:38: "[GB] Puddy<9><STEAM_0:1:19453780><NSF>" killed "[MXican] NeoTokyoScrub<12><STEAM_0:1:95715175><Jinrai>" with "mx"
L 02/11/2024 - 19:54:45: "[MXican] Boltronics<17><STEAM_0:1:84048595><Jinrai>" killed "suna<4><STEAM_0:1:29157668><NSF>" with "mx"
L 02/11/2024 - 19:54:45: "suna<4><STEAM_0:1:29157668><NSF>" say_team "100 Assault mx"
L 02/11/2024 - 19:55:04: "[MXican] Ghost Lizard<16><STEAM_0:1:20336729><Jinrai>" killed "[GB] Agiel<8><STEAM_0:1:25025><NSF>" with "mx"
L 02/11/2024 - 19:55:04: "[GB] Agiel<8><STEAM_0:1:25025><NSF>" say_team "22 Support mx"
L 02/11/2024 - 19:55:29: "[MXican] Halcyon<11><STEAM_0:1:2864524><Jinrai>" killed "[GB] Puddy<9><STEAM_0:1:19453780><NSF>" with "mx"
L 02/11/2024 - 19:55:29: "[MXican] NeoTokyoScrub<12><STEAM_0:1:95715175><Jinrai>" triggered "kill_assist"
L 02/11/2024 - 19:55:29: "[GB] Puddy<9><STEAM_0:1:19453780><NSF>" say_team "52 Support mx"
L 02/11/2024 - 19:55:32: "suna<4><STEAM_0:1:29157668><NSF>" say "GG"
L 02/11/2024 - 19:55:32: "[MXican] Halcyon<11><STEAM_0:1:2864524><Jinrai>" say "GG WP"
L 02/11/2024 - 19:55:34: "[MXican] Boltronics<17><STEAM_0:1:84048595><Jinrai>" say "GG"
L 02/11/2024 - 19:55:34: "[GB] Rain ☆彡<22><STEAM_0:0:15075092><NSF>" say "gg"
L 02/11/2024 - 19:55:47: "[MXican] Ghost Lizard<16><STEAM_0:1:20336729><Jinrai>" say "gg wp"
L 02/11/2024 - 19:55:48: "[MXican] Wahaha-<13><STEAM_0:1:17526508><Jinrai>" say "gg"
L 02/11/2024 - 19:55:48: "[MXican] NeoTokyoScrub<12><STEAM_0:1:95715175><Jinrai>" say "gg"
L 02/11/2024 - 19:55:49: "[MXican] Boltronics<17><STEAM_0:1:84048595><Jinrai>" say "LETS FKING GO"
L 02/11/2024 - 19:55:50: "[GB] Puddy<9><STEAM_0:1:19453780><NSF>" say "ggwp"
L 02/11/2024 - 19:55:54: "[MXican] Wahaha-<13><STEAM_0:1:17526508><Jinrai>" say "i thought we had 1 more round"
L 02/11/2024 - 19:56:01: "[MXican] Boltronics<17><STEAM_0:1:84048595><Jinrai>" say ""REVENGE SWEET REVENGE""
L 02/11/2024 - 19:56:02: "[MXican] Wahaha-<13><STEAM_0:1:17526508><Jinrai>" say ":("
L 02/11/2024 - 19:56:06: "[MXican] Wahaha-<13><STEAM_0:1:17526508><Jinrai>" say "i wanted to play bonk"
L 02/11/2024 - 19:56:15: "[MXican] NeoTokyoScrub<12><STEAM_0:1:95715175><Jinrai>" say "gg"
L 02/11/2024 - 19:57:06: "soft as HELL<5><STEAM_0:1:14747705><NSF>" disconnected (reason "Disconnect by user.")
L 02/11/2024 - 19:58:04: "[MXican] NeoTokyoScrub<12><STEAM_0:1:95715175><Jinrai>" say_team "I thought we would do worse on olio"
L 02/11/2024 - 19:58:09: "[MXican] Wahaha-<13><STEAM_0:1:17526508><Jinrai>" say "^"
L 02/11/2024 - 19:58:18: "[MXican] Halcyon<11><STEAM_0:1:2864524><Jinrai>" disconnected (reason "Disconnect by user.")
L 02/11/2024 - 20:03:53: "[GB] Rain ☆彡<22><STEAM_0:0:15075092><NSF>" committed suicide with "player"
L 02/11/2024 - 20:04:00: "[GB] Agiel<8><STEAM_0:1:25025><NSF>" disconnected (reason "Disconnect by user.")
L 02/11/2024 - 20:07:19: "[GB] Puddy<9><STEAM_0:1:19453780><NSF>" disconnected (reason "Disconnect by user.")
L 02/11/2024 - 20:08:14: "[DYS] bauxite<25><STEAM_ID_PENDING><>" connected, address "86.13.114.58:27005"
L 02/11/2024 - 20:08:14: "[DYS] bauxite<25><STEAM_0:0:5757747><>" STEAM USERID validated
L 02/11/2024 - 20:08:30: "[DYS] bauxite<25><STEAM_0:0:5757747><>" disconnected (reason "Connection closing")
L 02/11/2024 - 20:08:30: "[DYS] bauxite<26><STEAM_ID_PENDING><>" connected, address "86.13.114.58:27005"
L 02/11/2024 - 20:08:30: "[DYS] bauxite<26><STEAM_0:0:5757747><>" STEAM USERID validated
L 02/11/2024 - 20:08:32: "[DYS] bauxite<26><STEAM_0:0:5757747><>" entered the game
L 02/11/2024 - 20:08:34: "[DYS] bauxite<26><STEAM_0:0:5757747><Unassigned>" joined team "Spectator"
L 02/11/2024 - 20:08:43: "[DYS] bauxite<26><STEAM_0:0:5757747><Spectator>" say "!ready"
L 02/11/2024 - 20:08:47: "[DYS] bauxite<26><STEAM_0:0:5757747><Spectator>" say "!n"
L 02/11/2024 - 20:08:47: "[DYS] bauxite<26><STEAM_0:0:5757747><Spectator>" joined team "NSF"
L 02/11/2024 - 20:08:50: "[DYS] bauxite<26><STEAM_0:0:5757747><NSF>" say "!ready"
L 02/11/2024 - 20:09:02: "[DYS] bauxite<26><STEAM_0:0:5757747><NSF>" say "!map nt_threadplate_ctg"
L 02/11/2024 - 20:09:05: [META] Loaded 0 plugins (1 already loaded)
L 02/11/2024 - 20:09:05: [META] Loaded 0 plugins (1 already loaded)
L 02/11/2024 - 20:09:05: Log file closed
