L 01/21/2024 - 17:31:16: Log file started (file "logs\L0121055.log") (game "z:\home\steam\steam\steamapps\common\nt\NeotokyoSource") (version "4044")
L 01/21/2024 - 17:31:16: server_cvar: "sv_pausable" "0"
L 01/21/2024 - 17:31:16: server_cvar: "sv_contact" "baux.site"
L 01/21/2024 - 17:31:16: server_cvar: "sv_gravity" "800"
L 01/21/2024 - 17:31:16: server_cvar: "mp_friendlyfire" "1"
L 01/21/2024 - 17:31:18: "[ikko] Dommy<5><STEAM_0:1:15299509><>" entered the game
L 01/21/2024 - 17:31:19: "[ikko] The_Legoracer<4><STEAM_0:1:38534131><>" entered the game
L 01/21/2024 - 17:31:19: "[Ikko] 3LOW<14><STEAM_0:0:67890711><>" entered the game
L 01/21/2024 - 17:31:19: "[Ikko] MISO<22><STEAM_0:1:23585170><>" entered the game
L 01/21/2024 - 17:31:19: "[Merc] Ghost Lizard<27><STEAM_0:1:20336729><>" entered the game
L 01/21/2024 - 17:31:19: "[CAST] syncer<26><STEAM_0:0:88962302><>" entered the game
L 01/21/2024 - 17:31:19: "[Ikko] The Undead Corpse<7><STEAM_0:1:32621880><>" entered the game
L 01/21/2024 - 17:31:22: "[Merc] Ghost Lizard<27><STEAM_0:1:20336729><Unassigned>" joined team "Jinrai"
L 01/21/2024 - 17:31:22: "[CAST] syncer<26><STEAM_0:0:88962302><Unassigned>" joined team "Spectator"
L 01/21/2024 - 17:31:23: "[Ikko] The Undead Corpse<7><STEAM_0:1:32621880><Unassigned>" joined team "Spectator"
L 01/21/2024 - 17:31:23: "[ikko] The_Legoracer<4><STEAM_0:1:38534131><Unassigned>" joined team "NSF"
L 01/21/2024 - 17:31:24: "[MNHR] Syz<28><STEAM_0:0:82019396><>" entered the game
L 01/21/2024 - 17:31:25: "[Ikko] MISO<22><STEAM_0:1:23585170><Unassigned>" joined team "NSF"
L 01/21/2024 - 17:31:25: "[Ikko] 3LOW<14><STEAM_0:0:67890711><Unassigned>" joined team "NSF"
L 01/21/2024 - 17:31:25: "[ikko] Dommy<5><STEAM_0:1:15299509><Unassigned>" joined team "NSF"
L 01/21/2024 - 17:31:27: "[MNHR] Syz<28><STEAM_0:0:82019396><Unassigned>" joined team "Spectator"
L 01/21/2024 - 17:31:29: "[GB] Agiel<2><STEAM_0:1:25025><>" entered the game
L 01/21/2024 - 17:31:36: "[Ikko] 3LOW<14><STEAM_0:0:67890711><NSF>" say_team "!ready"
L 01/21/2024 - 17:31:39: "[Ikko] MISO<22><STEAM_0:1:23585170><NSF>" say "!ready"
L 01/21/2024 - 17:31:42: "[Ikko] The Undead Corpse<7><STEAM_0:1:32621880><Spectator>" joined team "NSF"
L 01/21/2024 - 17:31:58: "[Merc] Ghost Lizard<27><STEAM_0:1:20336729><Jinrai>" say "Team quote of the day: NT is monkey see, monkey shoot, monkey say behind me."
L 01/21/2024 - 17:31:59: "[FEET] jav<20><STEAM_0:1:155763328><>" disconnected (reason "Disconnect by user.")
L 01/21/2024 - 17:31:59: "[FEET] Serbian Guy<24><STEAM_0:1:91548287><>" disconnected (reason "Disconnect by user.")
L 01/21/2024 - 17:31:59: "[FEET] Kasietti<19><STEAM_0:0:181630571><>" disconnected (reason "Disconnect by user.")
L 01/21/2024 - 17:32:00: "[FEET]Jinhai<21><STEAM_0:1:120740110><>" disconnected (reason "Disconnect by user.")
L 01/21/2024 - 17:32:02: "[GB] Agiel<2><STEAM_0:1:25025><Unassigned>" joined team "Spectator"
L 01/21/2024 - 17:32:29: "[ikko] Dommy<5><STEAM_0:1:15299509><NSF>" say "nt is the monke in your heart, that despite its flaws, always has a spot there"
L 01/21/2024 - 17:32:30: "[ikko] The_Legoracer<4><STEAM_0:1:38534131><NSF>" disconnected (reason "Disconnect by user.")
L 01/21/2024 - 17:32:30: "[ikko] The_Legoracer<29><STEAM_ID_PENDING><>" connected, address "212.251.230.238:27005"
L 01/21/2024 - 17:32:30: "[ikko] The_Legoracer<29><STEAM_0:1:38534131><>" STEAM USERID validated
L 01/21/2024 - 17:32:31: "[ikko] The_Legoracer<29><STEAM_0:1:38534131><>" entered the game
L 01/21/2024 - 17:32:34: "[ikko] The_Legoracer<29><STEAM_0:1:38534131><Unassigned>" joined team "NSF"
L 01/21/2024 - 17:32:44: "[Ikko] The Undead Corpse<7><STEAM_0:1:32621880><NSF>" say "sounds bananas"
L 01/21/2024 - 17:33:13: "[Merc] Ghost Lizard<27><STEAM_0:1:20336729><Jinrai>" say "The difference between a chimpanzee and a spider monkey is: the chimpanzee breaks the can, the spider monkey opens it."
L 01/21/2024 - 17:33:16: "[Merc] Ghost Lizard<27><STEAM_0:1:20336729><Jinrai>" say "BOTH drink."
L 01/21/2024 - 17:33:19: "[Merc] Ghost Lizard<27><STEAM_0:1:20336729><Jinrai>" say "But one drinks more!"
L 01/21/2024 - 17:33:34: "[ikko] Dommy<5><STEAM_0:1:15299509><NSF>" say "!readylist"
L 01/21/2024 - 17:33:35: "[Ikko] The Undead Corpse<7><STEAM_0:1:32621880><NSF>" say "Brain Happy"
L 01/21/2024 - 17:33:36: "[Merc] Ghost Lizard<27><STEAM_0:1:20336729><Jinrai>" say "Serbian Guy is my new spiritual mentor."
L 01/21/2024 - 17:33:39: "[Ikko] The Undead Corpse<7><STEAM_0:1:32621880><NSF>" say "!ready"
L 01/21/2024 - 17:33:55: "[Ikko] MISO<22><STEAM_0:1:23585170><NSF>" say "Lizard be honest are u high rn? :D "
L 01/21/2024 - 17:33:55: "[FEET]Jinhai<30><STEAM_ID_PENDING><>" connected, address "78.168.213.201:27005"
L 01/21/2024 - 17:33:55: "[FEET]Jinhai<30><STEAM_0:1:120740110><>" STEAM USERID validated
L 01/21/2024 - 17:33:59: "[FEET] Kasietti<31><STEAM_ID_PENDING><>" connected, address "88.235.169.212:27005"
L 01/21/2024 - 17:33:59: "[FEET] Kasietti<31><STEAM_0:0:181630571><>" STEAM USERID validated
L 01/21/2024 - 17:34:01: "[FEET]Jinhai<30><STEAM_0:1:120740110><>" entered the game
L 01/21/2024 - 17:34:01: "[Ikko] The Undead Corpse<7><STEAM_0:1:32621880><NSF>" say "press g for gravy!"
L 01/21/2024 - 17:34:04: "[FEET]Jinhai<30><STEAM_0:1:120740110><Unassigned>" joined team "Jinrai"
L 01/21/2024 - 17:34:05: "[Ikko] MISO<22><STEAM_0:1:23585170><NSF>" say "G"
L 01/21/2024 - 17:34:07: "[CAST] syncer<26><STEAM_0:0:88962302><Spectator>" say "import question lizard"
L 01/21/2024 - 17:34:08: "[FEET] Kasietti<31><STEAM_0:0:181630571><>" entered the game
L 01/21/2024 - 17:34:11: "[FEET] Kasietti<31><STEAM_0:0:181630571><Unassigned>" joined team "Jinrai"
L 01/21/2024 - 17:34:12: "[Ikko] The Undead Corpse<7><STEAM_0:1:32621880><NSF>" say "*pours a warm gravy*"
L 01/21/2024 - 17:34:13: "[Merc] Ghost Lizard<27><STEAM_0:1:20336729><Jinrai>" say "nope, just quoting actual team considerations"
L 01/21/2024 - 17:34:17: "[Ikko] The Undead Corpse<7><STEAM_0:1:32621880><NSF>" say "Tasty!"
L 01/21/2024 - 17:34:18: "[Ikko] MISO<22><STEAM_0:1:23585170><NSF>" say "ok i see "
L 01/21/2024 - 17:34:21: "[FEET] jav<32><STEAM_ID_PENDING><>" connected, address "176.42.128.20:10905"
L 01/21/2024 - 17:34:21: "[FEET] jav<32><STEAM_0:1:155763328><>" STEAM USERID validated
L 01/21/2024 - 17:34:35: "[FEET] jav<32><STEAM_0:1:155763328><>" entered the game
L 01/21/2024 - 17:34:38: "[FEET] jav<32><STEAM_0:1:155763328><Unassigned>" joined team "Jinrai"
L 01/21/2024 - 17:35:00: "[Ikko] MISO<22><STEAM_0:1:23585170><NSF>" say "kinda miss those joints tutorials after gaming :D "
L 01/21/2024 - 17:35:10: "[Merc] Ghost Lizard<27><STEAM_0:1:20336729><Jinrai>" say ":DDDD me too"
L 01/21/2024 - 17:35:22: "[Ikko] The Undead Corpse<7><STEAM_0:1:32621880><NSF>" say "able to still do it??"
L 01/21/2024 - 17:35:34: "[FEET] Serbian Guy<33><STEAM_ID_PENDING><>" connected, address "31.5.202.161:27005"
L 01/21/2024 - 17:35:34: "[FEET] Serbian Guy<33><STEAM_0:1:91548287><>" STEAM USERID validated
L 01/21/2024 - 17:35:42: "[FEET] Serbian Guy<33><STEAM_0:1:91548287><>" entered the game
L 01/21/2024 - 17:35:45: "[FEET] Serbian Guy<33><STEAM_0:1:91548287><Unassigned>" joined team "Jinrai"
L 01/21/2024 - 17:36:09: "[CAST] syncer<26><STEAM_0:0:88962302><Spectator>" say "!readylist"
L 01/21/2024 - 17:36:12: "[Ikko] MISO<22><STEAM_0:1:23585170><NSF>" say "!ready"
L 01/21/2024 - 17:36:15: "[Ikko] 3LOW<14><STEAM_0:0:67890711><NSF>" say_team "!ready"
L 01/21/2024 - 17:36:16: "[ikko] Dommy<5><STEAM_0:1:15299509><NSF>" say "!readylist"
L 01/21/2024 - 17:36:19: "[Merc] Ghost Lizard<27><STEAM_0:1:20336729><Jinrai>" say "!ready"
L 01/21/2024 - 17:36:38: "[FEET]Jinhai<30><STEAM_0:1:120740110><Jinrai>" say "!ready"
L 01/21/2024 - 17:36:41: "[FEET] Kasietti<31><STEAM_0:0:181630571><Jinrai>" disconnected (reason "Disconnect by user.")
L 01/21/2024 - 17:36:43: "[FEET] jav<32><STEAM_0:1:155763328><Jinrai>" say "!ready"
L 01/21/2024 - 17:37:23: "[FEET] Kasietti<34><STEAM_ID_PENDING><>" connected, address "88.235.169.212:27005"
L 01/21/2024 - 17:37:23: "[FEET] Kasietti<34><STEAM_0:0:181630571><>" STEAM USERID validated
L 01/21/2024 - 17:37:26: "[FEET] Kasietti<34><STEAM_0:0:181630571><>" entered the game
L 01/21/2024 - 17:37:29: "[FEET] Kasietti<34><STEAM_0:0:181630571><Unassigned>" joined team "Jinrai"
L 01/21/2024 - 17:37:36: "[FEET] Kasietti<34><STEAM_0:0:181630571><Jinrai>" say "!ready"
L 01/21/2024 - 17:37:45: "[FEET] Serbian Guy<33><STEAM_0:1:91548287><Jinrai>" say "!ready"
L 01/21/2024 - 17:37:47: "[ikko] The_Legoracer<29><STEAM_0:1:38534131><NSF>" say "!ready"
L 01/21/2024 - 17:37:49: "[Merc] Ghost Lizard<27><STEAM_0:1:20336729><Jinrai>" say "!readylist"
L 01/21/2024 - 17:37:49: "[ikko] Dommy<5><STEAM_0:1:15299509><NSF>" say "!ready"
L 01/21/2024 - 17:37:54: "[Ikko] The Undead Corpse<7><STEAM_0:1:32621880><NSF>" say "gl; hf"
L 01/21/2024 - 17:37:55: "[ikko] The_Legoracer<29><STEAM_0:1:38534131><NSF>" say "gl hf ^^"
L 01/21/2024 - 17:37:58: "[MNHR] Syz<28><STEAM_0:0:82019396><Spectator>" say "glhf"
L 01/21/2024 - 17:38:01: "[CAST] syncer<26><STEAM_0:0:88962302><Spectator>" say "glhf"
L 01/21/2024 - 17:38:01: "[FEET] Kasietti<34><STEAM_0:0:181630571><Jinrai>" say "glhf"
L 01/21/2024 - 17:38:05: "[Merc] Ghost Lizard<27><STEAM_0:1:20336729><Jinrai>" say "glhf"
L 01/21/2024 - 17:38:05: "[Ikko] MISO<22><STEAM_0:1:23585170><NSF>" say "glhf ^^"
L 01/21/2024 - 17:38:26: "[Ikko] The Undead Corpse<7><STEAM_0:1:32621880><NSF>" killed "[FEET] Kasietti<34><STEAM_0:0:181630571><Jinrai>" with "zr68c"
L 01/21/2024 - 17:38:38: "[Ikko] The Undead Corpse<7><STEAM_0:1:32621880><NSF>" killed "[FEET] Serbian Guy<33><STEAM_0:1:91548287><Jinrai>" with "zr68c"
L 01/21/2024 - 17:38:57: "[ikko] Dommy<5><STEAM_0:1:15299509><NSF>" killed "[Merc] Ghost Lizard<27><STEAM_0:1:20336729><Jinrai>" with "milso"
L 01/21/2024 - 17:38:57: "[Ikko] 3LOW<14><STEAM_0:0:67890711><NSF>" triggered "kill_assist"
L 01/21/2024 - 17:38:58: "[Merc] Ghost Lizard<27><STEAM_0:1:20336729><Jinrai>" say_team "100 Recon milso"
L 01/21/2024 - 17:39:03: "[Ikko] The Undead Corpse<7><STEAM_0:1:32621880><NSF>" killed "[FEET]Jinhai<30><STEAM_0:1:120740110><Jinrai>" with "zr68c"
L 01/21/2024 - 17:39:22: "[FEET] jav<32><STEAM_0:1:155763328><Jinrai>" killed "[Ikko] The Undead Corpse<7><STEAM_0:1:32621880><NSF>" with "zr68c"
L 01/21/2024 - 17:39:22: "[FEET] Kasietti<34><STEAM_0:0:181630571><Jinrai>" triggered "kill_assist"
L 01/21/2024 - 17:39:42: Team "NSF" triggered "ghost_capture_team"
L 01/21/2024 - 17:39:42: "[ikko] Dommy<5><STEAM_0:1:15299509><NSF>" triggered "ghost_capture"
L 01/21/2024 - 17:39:47: "[FEET] jav<32><STEAM_0:1:155763328><Jinrai>" killed "[Ikko] 3LOW<14><STEAM_0:0:67890711><NSF>" with "zr68c"
L 01/21/2024 - 17:39:47: "[Merc] Ghost Lizard<27><STEAM_0:1:20336729><Jinrai>" triggered "kill_assist"
L 01/21/2024 - 17:39:50: "[ikko] The_Legoracer<29><STEAM_0:1:38534131><NSF>" killed "[FEET] jav<32><STEAM_0:1:155763328><Jinrai>" with "zr68s"
L 01/21/2024 - 17:40:32: "[Ikko] 3LOW<14><STEAM_0:0:67890711><NSF>" killed "[FEET] Kasietti<34><STEAM_0:0:181630571><Jinrai>" with "mx"
L 01/21/2024 - 17:40:34: "[Merc] Ghost Lizard<27><STEAM_0:1:20336729><Jinrai>" killed "[ikko] Dommy<5><STEAM_0:1:15299509><NSF>" with "srm"
L 01/21/2024 - 17:40:37: "[Merc] Ghost Lizard<27><STEAM_0:1:20336729><Jinrai>" killed "[Ikko] 3LOW<14><STEAM_0:0:67890711><NSF>" with "srm"
L 01/21/2024 - 17:40:37: "[FEET] Kasietti<34><STEAM_0:0:181630571><Jinrai>" triggered "kill_assist"
L 01/21/2024 - 17:40:43: "[ikko] The_Legoracer<29><STEAM_0:1:38534131><NSF>" killed "[FEET]Jinhai<30><STEAM_0:1:120740110><Jinrai>" with "zr68s"
L 01/21/2024 - 17:40:52: "[Merc] Ghost Lizard<27><STEAM_0:1:20336729><Jinrai>" killed "[ikko] The_Legoracer<29><STEAM_0:1:38534131><NSF>" with "srm"
L 01/21/2024 - 17:40:52: "[ikko] The_Legoracer<29><STEAM_0:1:38534131><NSF>" say_team "100 Recon srm"
L 01/21/2024 - 17:40:59: "[Ikko] MISO<22><STEAM_0:1:23585170><NSF>" killed "[Merc] Ghost Lizard<27><STEAM_0:1:20336729><Jinrai>" with "srm"
L 01/21/2024 - 17:40:59: "[Merc] Ghost Lizard<27><STEAM_0:1:20336729><Jinrai>" say_team "45 Recon srm"
L 01/21/2024 - 17:41:11: "[Ikko] The Undead Corpse<7><STEAM_0:1:32621880><NSF>" killed "[FEET] jav<32><STEAM_0:1:155763328><Jinrai>" with "zr68c"
L 01/21/2024 - 17:41:11: "[Merc] Ghost Lizard<27><STEAM_0:1:20336729><Jinrai>" say_team "2v2"
L 01/21/2024 - 17:41:18: "[ikko] Dommy<5><STEAM_0:1:15299509><NSF>" say "my movement is way to jittery today"
L 01/21/2024 - 17:41:23: "[ikko] Dommy<5><STEAM_0:1:15299509><NSF>" say "propably too much coffee"
L 01/21/2024 - 17:41:24: "[Merc] Ghost Lizard<27><STEAM_0:1:20336729><Jinrai>" say_team "recon 45hp"
L 01/21/2024 - 17:41:26: "[ikko] Dommy<5><STEAM_0:1:15299509><NSF>" say "D:"
L 01/21/2024 - 17:41:37: "[CAST] syncer<26><STEAM_0:0:88962302><Spectator>" say "how much coffee"
L 01/21/2024 - 17:41:49: "[ikko] Dommy<5><STEAM_0:1:15299509><NSF>" say "one cup morning, one in the afternoon"
L 01/21/2024 - 17:41:55: "[Merc] Ghost Lizard<27><STEAM_0:1:20336729><Jinrai>" say "I'm supplementing my lack of caffeine through SPEED"
L 01/21/2024 - 17:41:55: "[FEET] jav<32><STEAM_0:1:155763328><Jinrai>" say "rookie numbers"
L 01/21/2024 - 17:41:55: "[ikko] Dommy<5><STEAM_0:1:15299509><NSF>" say "i am a sensitive one i guess"
L 01/21/2024 - 17:41:56: Team "NSF" triggered "ghost_capture_team"
L 01/21/2024 - 17:41:56: "[Ikko] The Undead Corpse<7><STEAM_0:1:32621880><NSF>" triggered "ghost_capture"
L 01/21/2024 - 17:42:07: "[Ikko] MISO<22><STEAM_0:1:23585170><NSF>" killed "[FEET] Serbian Guy<33><STEAM_0:1:91548287><Jinrai>" with "srm"
L 01/21/2024 - 17:42:11: "[MNHR] Syz<28><STEAM_0:0:82019396><Spectator>" say "i just had my first redbull today "
L 01/21/2024 - 17:42:16: "[ikko] Dommy<5><STEAM_0:1:15299509><NSF>" say "SPEED and POWER?"
L 01/21/2024 - 17:42:19: "[CAST] syncer<26><STEAM_0:0:88962302><Spectator>" say "drink more"
L 01/21/2024 - 17:42:25: "[Ikko] The Undead Corpse<7><STEAM_0:1:32621880><NSF>" say "TGR FUEL ONLY"
L 01/21/2024 - 17:42:36: "[CAST] syncer<26><STEAM_0:0:88962302><Spectator>" say "0.0001% caffine tgr fuel"
L 01/21/2024 - 17:42:47: "[Ikko] The Undead Corpse<7><STEAM_0:1:32621880><NSF>" killed "[FEET] Serbian Guy<33><STEAM_0:1:91548287><Jinrai>" with "grenade_projectile"
L 01/21/2024 - 17:43:15: "[Ikko] MISO<22><STEAM_0:1:23585170><NSF>" killed "[FEET] Kasietti<34><STEAM_0:0:181630571><Jinrai>" with "zr68c"
L 01/21/2024 - 17:43:15: "[Ikko] 3LOW<14><STEAM_0:0:67890711><NSF>" triggered "kill_assist"
L 01/21/2024 - 17:43:20: "[Ikko] 3LOW<14><STEAM_0:0:67890711><NSF>" killed "[FEET]Jinhai<30><STEAM_0:1:120740110><Jinrai>" with "mx"
L 01/21/2024 - 17:43:20: "[ikko] The_Legoracer<29><STEAM_0:1:38534131><NSF>" triggered "kill_assist"
L 01/21/2024 - 17:43:30: "[Merc] Ghost Lizard<27><STEAM_0:1:20336729><Jinrai>" killed "[ikko] Dommy<5><STEAM_0:1:15299509><NSF>" with "zr68c"
L 01/21/2024 - 17:43:34: "[FEET] jav<32><STEAM_0:1:155763328><Jinrai>" killed "[Ikko] 3LOW<14><STEAM_0:0:67890711><NSF>" with "mx"
L 01/21/2024 - 17:43:51: "[Merc] Ghost Lizard<27><STEAM_0:1:20336729><Jinrai>" killed "[ikko] The_Legoracer<29><STEAM_0:1:38534131><NSF>" with "zr68c"
L 01/21/2024 - 17:43:51: "[ikko] The_Legoracer<29><STEAM_0:1:38534131><NSF>" say_team "59 Support zr68c"
L 01/21/2024 - 17:43:56: "[Ikko] MISO<22><STEAM_0:1:23585170><NSF>" killed "[FEET] jav<32><STEAM_0:1:155763328><Jinrai>" with "zr68c"
L 01/21/2024 - 17:44:10: "[Ikko] MISO<22><STEAM_0:1:23585170><NSF>" killed "[Merc] Ghost Lizard<27><STEAM_0:1:20336729><Jinrai>" with "zr68c"
L 01/21/2024 - 17:44:10: "[Merc] Ghost Lizard<27><STEAM_0:1:20336729><Jinrai>" say_team "27 Recon zr68c"
L 01/21/2024 - 17:44:14: "[Merc] Ghost Lizard<27><STEAM_0:1:20336729><Jinrai>" say ":DD"
L 01/21/2024 - 17:44:15: "[Ikko] The Undead Corpse<7><STEAM_0:1:32621880><NSF>" say "scary!"
L 01/21/2024 - 17:44:57: "[ikko] Dommy<5><STEAM_0:1:15299509><NSF>" killed "[FEET] Serbian Guy<33><STEAM_0:1:91548287><Jinrai>" with "jittescoped"
L 01/21/2024 - 17:45:00: "[Ikko] MISO<22><STEAM_0:1:23585170><NSF>" killed "[FEET]Jinhai<30><STEAM_0:1:120740110><Jinrai>" with "zr68c"
L 01/21/2024 - 17:45:12: "[Merc] Ghost Lizard<27><STEAM_0:1:20336729><Jinrai>" killed "[Ikko] The Undead Corpse<7><STEAM_0:1:32621880><NSF>" with "srm"
L 01/21/2024 - 17:45:45: "[ikko] The_Legoracer<29><STEAM_0:1:38534131><NSF>" killed "[Merc] Ghost Lizard<27><STEAM_0:1:20336729><Jinrai>" with "zr68s"
L 01/21/2024 - 17:45:45: "[Ikko] The Undead Corpse<7><STEAM_0:1:32621880><NSF>" triggered "kill_assist"
L 01/21/2024 - 17:45:45: "[Merc] Ghost Lizard<27><STEAM_0:1:20336729><Jinrai>" say_team "100 Assault zr68s"
L 01/21/2024 - 17:45:46: "[FEET] Kasietti<34><STEAM_0:0:181630571><Jinrai>" killed "[ikko] Dommy<5><STEAM_0:1:15299509><NSF>" with "srm"
L 01/21/2024 - 17:45:51: "[Ikko] 3LOW<14><STEAM_0:0:67890711><NSF>" killed "[FEET] Kasietti<34><STEAM_0:0:181630571><Jinrai>" with "kyla"
L 01/21/2024 - 17:46:02: "[FEET] jav<32><STEAM_0:1:155763328><Jinrai>" killed "[Ikko] 3LOW<14><STEAM_0:0:67890711><NSF>" with "mx"
L 01/21/2024 - 17:46:02: "[FEET] Kasietti<34><STEAM_0:0:181630571><Jinrai>" triggered "kill_assist"
L 01/21/2024 - 17:46:09: "[FEET] jav<32><STEAM_0:1:155763328><Jinrai>" killed "[Ikko] MISO<22><STEAM_0:1:23585170><NSF>" with "mx"
L 01/21/2024 - 17:46:11: "[ikko] The_Legoracer<29><STEAM_0:1:38534131><NSF>" killed "[FEET] jav<32><STEAM_0:1:155763328><Jinrai>" with "zr68s"
L 01/21/2024 - 17:46:11: "[Ikko] MISO<22><STEAM_0:1:23585170><NSF>" triggered "kill_assist"
L 01/21/2024 - 17:47:17: "[ikko] The_Legoracer<29><STEAM_0:1:38534131><NSF>" killed "[FEET] Kasietti<34><STEAM_0:0:181630571><Jinrai>" with "zr68s"
L 01/21/2024 - 17:47:17: "[Ikko] MISO<22><STEAM_0:1:23585170><NSF>" triggered "kill_assist"
L 01/21/2024 - 17:47:19: "[Merc] Ghost Lizard<27><STEAM_0:1:20336729><Jinrai>" killed "[Ikko] MISO<22><STEAM_0:1:23585170><NSF>" with "zr68c"
L 01/21/2024 - 17:47:25: "[FEET]Jinhai<30><STEAM_0:1:120740110><Jinrai>" killed "[Ikko] The Undead Corpse<7><STEAM_0:1:32621880><NSF>" with "zr68s"
L 01/21/2024 - 17:47:41: "[FEET] jav<32><STEAM_0:1:155763328><Jinrai>" killed "[Ikko] 3LOW<14><STEAM_0:0:67890711><NSF>" with "mx"
L 01/21/2024 - 17:47:56: "[FEET] Serbian Guy<33><STEAM_0:1:91548287><Jinrai>" killed "[ikko] Dommy<5><STEAM_0:1:15299509><NSF>" with "mx"
L 01/21/2024 - 17:47:56: "[ikko] The_Legoracer<29><STEAM_0:1:38534131><NSF>" killed "[Merc] Ghost Lizard<27><STEAM_0:1:20336729><Jinrai>" with "zr68s"
L 01/21/2024 - 17:47:56: "[Merc] Ghost Lizard<27><STEAM_0:1:20336729><Jinrai>" say_team "19 Assault zr68s"
L 01/21/2024 - 17:48:02: "[FEET]Jinhai<30><STEAM_0:1:120740110><Jinrai>" killed "[ikko] The_Legoracer<29><STEAM_0:1:38534131><NSF>" with "zr68s"
L 01/21/2024 - 17:48:02: "[FEET] Kasietti<34><STEAM_0:0:181630571><Jinrai>" triggered "kill_assist"
L 01/21/2024 - 17:48:02: "[ikko] The_Legoracer<29><STEAM_0:1:38534131><NSF>" say_team "33 Assault zr68s"
L 01/21/2024 - 17:48:58: "[FEET] Kasietti<34><STEAM_0:0:181630571><Jinrai>" killed "[ikko] Dommy<5><STEAM_0:1:15299509><NSF>" with "mx"
L 01/21/2024 - 17:49:00: "[Ikko] MISO<22><STEAM_0:1:23585170><NSF>" killed "[FEET] Kasietti<34><STEAM_0:0:181630571><Jinrai>" with "supa7"
L 01/21/2024 - 17:49:28: "[FEET] jav<32><STEAM_0:1:155763328><Jinrai>" killed "[Ikko] MISO<22><STEAM_0:1:23585170><NSF>" with "mx"
L 01/21/2024 - 17:49:28: "[FEET]Jinhai<30><STEAM_0:1:120740110><Jinrai>" triggered "kill_assist"
L 01/21/2024 - 17:49:38: "[FEET] jav<32><STEAM_0:1:155763328><Jinrai>" killed "[Ikko] The Undead Corpse<7><STEAM_0:1:32621880><NSF>" with "mx"
L 01/21/2024 - 17:49:51: "[Ikko] 3LOW<14><STEAM_0:0:67890711><NSF>" killed "[Merc] Ghost Lizard<27><STEAM_0:1:20336729><Jinrai>" with "mx"
L 01/21/2024 - 17:49:51: "[Merc] Ghost Lizard<27><STEAM_0:1:20336729><Jinrai>" say_team "100 Support mx"
L 01/21/2024 - 17:49:56: "[Ikko] 3LOW<14><STEAM_0:0:67890711><NSF>" killed "[FEET] jav<32><STEAM_0:1:155763328><Jinrai>" with "mx"
L 01/21/2024 - 17:49:56: "[ikko] The_Legoracer<29><STEAM_0:1:38534131><NSF>" triggered "kill_assist"
L 01/21/2024 - 17:50:10: "[ikko] The_Legoracer<29><STEAM_0:1:38534131><NSF>" killed "[FEET] Serbian Guy<33><STEAM_0:1:91548287><Jinrai>" with "zr68s"
L 01/21/2024 - 17:50:47: "[ikko] The_Legoracer<29><STEAM_0:1:38534131><NSF>" killed "[FEET]Jinhai<30><STEAM_0:1:120740110><Jinrai>" with "zr68s"
L 01/21/2024 - 17:50:54: "[Merc] Ghost Lizard<27><STEAM_0:1:20336729><Jinrai>" say "I thought it was 4v1, misread oops"
L 01/21/2024 - 17:51:24: "[ikko] Dommy<5><STEAM_0:1:15299509><NSF>" say "!pause"
L 01/21/2024 - 17:51:35: "[ikko] The_Legoracer<29><STEAM_0:1:38534131><NSF>" killed "[FEET]Jinhai<30><STEAM_0:1:120740110><Jinrai>" with "zr68s"
L 01/21/2024 - 17:52:23: "[Merc] Ghost Lizard<27><STEAM_0:1:20336729><Jinrai>" killed "[Ikko] 3LOW<14><STEAM_0:0:67890711><NSF>" with "mx"
L 01/21/2024 - 17:52:28: "[ikko] The_Legoracer<29><STEAM_0:1:38534131><NSF>" killed "[FEET] Kasietti<34><STEAM_0:0:181630571><Jinrai>" with "zr68s"
L 01/21/2024 - 17:52:35: "[FEET] Serbian Guy<33><STEAM_0:1:91548287><Jinrai>" killed "[ikko] The_Legoracer<29><STEAM_0:1:38534131><NSF>" with "supa7"
L 01/21/2024 - 17:52:35: "[ikko] The_Legoracer<29><STEAM_0:1:38534131><NSF>" say_team "76 Support supa7"
L 01/21/2024 - 17:52:37: "[Ikko] The Undead Corpse<7><STEAM_0:1:32621880><NSF>" killed "[FEET] Serbian Guy<33><STEAM_0:1:91548287><Jinrai>" with "mx"
L 01/21/2024 - 17:52:52: "[ikko] Dommy<5><STEAM_0:1:15299509><NSF>" killed "[FEET] jav<32><STEAM_0:1:155763328><Jinrai>" with "mx"
L 01/21/2024 - 17:53:10: "[Merc] Ghost Lizard<27><STEAM_0:1:20336729><Jinrai>" killed "[Ikko] MISO<22><STEAM_0:1:23585170><NSF>" with "kyla"
L 01/21/2024 - 17:53:14: "[Ikko] The Undead Corpse<7><STEAM_0:1:32621880><NSF>" killed "[Merc] Ghost Lizard<27><STEAM_0:1:20336729><Jinrai>" with "mx"
L 01/21/2024 - 17:53:14: "[Ikko] 3LOW<14><STEAM_0:0:67890711><NSF>" triggered "kill_assist"
L 01/21/2024 - 17:53:14: "[Merc] Ghost Lizard<27><STEAM_0:1:20336729><Jinrai>" say_team "21 Assault mx"
L 01/21/2024 - 17:53:16: "[FEET] Serbian Guy<33><STEAM_0:1:91548287><Jinrai>" say "tough times never last,only tough people do "
L 01/21/2024 - 17:53:35: "[ikko] Dommy<5><STEAM_0:1:15299509><NSF>" say "!start"
L 01/21/2024 - 17:53:35: "[Ikko] MISO<22><STEAM_0:1:23585170><NSF>" say "!unpause "
L 01/21/2024 - 17:53:43: "[ikko] Dommy<5><STEAM_0:1:15299509><NSF>" say "sorry, miso had input issues"
L 01/21/2024 - 17:53:46: "[Merc] Ghost Lizard<27><STEAM_0:1:20336729><Jinrai>" say "!unpause"
L 01/21/2024 - 17:53:47: "[FEET]Jinhai<30><STEAM_0:1:120740110><Jinrai>" say "!unpause"
L 01/21/2024 - 17:53:49: "[Ikko] The Undead Corpse<7><STEAM_0:1:32621880><NSF>" say "all fixed now"
L 01/21/2024 - 17:53:50: "[ikko] Dommy<5><STEAM_0:1:15299509><NSF>" say "!unpause"
L 01/21/2024 - 17:53:52: "[CAST] syncer<26><STEAM_0:0:88962302><Spectator>" say "janktokyo"
L 01/21/2024 - 17:53:52: "[FEET] Serbian Guy<33><STEAM_0:1:91548287><Jinrai>" say "we getting beat even with those"
L 01/21/2024 - 17:53:57: "[FEET] jav<32><STEAM_0:1:155763328><Jinrai>" say "!unpase"
L 01/21/2024 - 17:54:00: "[FEET] jav<32><STEAM_0:1:155763328><Jinrai>" say "!unpause"
L 01/21/2024 - 17:54:31: "[ikko] The_Legoracer<29><STEAM_0:1:38534131><NSF>" killed "[FEET] Kasietti<34><STEAM_0:0:181630571><Jinrai>" with "zr68s"
L 01/21/2024 - 17:54:33: "[Ikko] MISO<22><STEAM_0:1:23585170><NSF>" killed "[FEET]Jinhai<30><STEAM_0:1:120740110><Jinrai>" with "supa7"
L 01/21/2024 - 17:54:45: "[FEET] jav<32><STEAM_0:1:155763328><Jinrai>" killed "[Ikko] MISO<22><STEAM_0:1:23585170><NSF>" with "mx"
L 01/21/2024 - 17:54:45: "[FEET]Jinhai<30><STEAM_0:1:120740110><Jinrai>" triggered "kill_assist"
L 01/21/2024 - 17:54:54: "[Merc] Ghost Lizard<27><STEAM_0:1:20336729><Jinrai>" killed "[Ikko] The Undead Corpse<7><STEAM_0:1:32621880><NSF>" with "mx"
L 01/21/2024 - 17:54:56: "[Merc] Ghost Lizard<27><STEAM_0:1:20336729><Jinrai>" killed "[ikko] The_Legoracer<29><STEAM_0:1:38534131><NSF>" with "mx"
L 01/21/2024 - 17:54:56: "[ikko] The_Legoracer<29><STEAM_0:1:38534131><NSF>" say_team "11 Support mx"
L 01/21/2024 - 17:54:59: "[FEET] Serbian Guy<33><STEAM_0:1:91548287><Jinrai>" killed "[ikko] Dommy<5><STEAM_0:1:15299509><NSF>" with "mx"
L 01/21/2024 - 17:55:02: "[Ikko] 3LOW<14><STEAM_0:0:67890711><NSF>" killed "[FEET] Serbian Guy<33><STEAM_0:1:91548287><Jinrai>" with "mx"
L 01/21/2024 - 17:55:58: "[FEET] jav<32><STEAM_0:1:155763328><Jinrai>" killed "[Ikko] 3LOW<14><STEAM_0:0:67890711><NSF>" with "mx"
L 01/21/2024 - 17:57:10: "[ikko] Dommy<5><STEAM_0:1:15299509><NSF>" killed "[FEET] Kasietti<34><STEAM_0:0:181630571><Jinrai>" with "jittescoped"
L 01/21/2024 - 17:57:29: "[Ikko] MISO<22><STEAM_0:1:23585170><NSF>" killed "[FEET] jav<32><STEAM_0:1:155763328><Jinrai>" with "grenade_detapack"
L 01/21/2024 - 17:57:29: "[Merc] Ghost Lizard<27><STEAM_0:1:20336729><Jinrai>" killed "[Ikko] MISO<22><STEAM_0:1:23585170><NSF>" with "mx"
L 01/21/2024 - 17:57:29: "[FEET] jav<32><STEAM_0:1:155763328><Jinrai>" triggered "kill_assist"
L 01/21/2024 - 17:57:30: "[ikko] The_Legoracer<29><STEAM_0:1:38534131><NSF>" killed "[FEET] Serbian Guy<33><STEAM_0:1:91548287><Jinrai>" with "zr68s"
L 01/21/2024 - 17:57:35: "[FEET]Jinhai<30><STEAM_0:1:120740110><Jinrai>" killed "[Ikko] 3LOW<14><STEAM_0:0:67890711><NSF>" with "zr68s"
L 01/21/2024 - 17:57:53: "[ikko] Dommy<5><STEAM_0:1:15299509><NSF>" killed "[Merc] Ghost Lizard<27><STEAM_0:1:20336729><Jinrai>" with "jittescoped"
L 01/21/2024 - 17:57:53: "[Merc] Ghost Lizard<27><STEAM_0:1:20336729><Jinrai>" say_team "70 Recon jittescoped"
L 01/21/2024 - 17:58:01: "[FEET]Jinhai<30><STEAM_0:1:120740110><Jinrai>" killed "[Ikko] The Undead Corpse<7><STEAM_0:1:32621880><NSF>" with "zr68s"
L 01/21/2024 - 17:58:16: "[FEET]Jinhai<30><STEAM_0:1:120740110><Jinrai>" killed "[ikko] Dommy<5><STEAM_0:1:15299509><NSF>" with "zr68s"
L 01/21/2024 - 17:59:01: "[Ikko] MISO<22><STEAM_0:1:23585170><NSF>" say "cheesus jav i thought u had someone with you XD"
L 01/21/2024 - 17:59:21: "[FEET] Kasietti<34><STEAM_0:0:181630571><Jinrai>" killed "[Ikko] The Undead Corpse<7><STEAM_0:1:32621880><NSF>" with "jittescoped"
L 01/21/2024 - 17:59:29: "[FEET] jav<32><STEAM_0:1:155763328><Jinrai>" killed "[ikko] Dommy<5><STEAM_0:1:15299509><NSF>" with "mx_silenced"
L 01/21/2024 - 17:59:29: "[FEET]Jinhai<30><STEAM_0:1:120740110><Jinrai>" triggered "kill_assist"
L 01/21/2024 - 17:59:38: "[Ikko] 3LOW<14><STEAM_0:0:67890711><NSF>" killed "[FEET] Serbian Guy<33><STEAM_0:1:91548287><Jinrai>" with "aa13"
L 01/21/2024 - 17:59:49: "[Ikko] 3LOW<14><STEAM_0:0:67890711><NSF>" killed "[FEET] Kasietti<34><STEAM_0:0:181630571><Jinrai>" with "aa13"
L 01/21/2024 - 17:59:52: "[Merc] Ghost Lizard<27><STEAM_0:1:20336729><Jinrai>" killed "[Ikko] MISO<22><STEAM_0:1:23585170><NSF>" with "mx"
L 01/21/2024 - 17:59:59: "[ikko] The_Legoracer<29><STEAM_0:1:38534131><NSF>" killed "[Merc] Ghost Lizard<27><STEAM_0:1:20336729><Jinrai>" with "zr68s"
L 01/21/2024 - 18:00:00: "[Merc] Ghost Lizard<27><STEAM_0:1:20336729><Jinrai>" say_team "60 Assault zr68s"
L 01/21/2024 - 18:00:00: "[FEET]Jinhai<30><STEAM_0:1:120740110><Jinrai>" killed "[ikko] The_Legoracer<29><STEAM_0:1:38534131><NSF>" with "mx"
L 01/21/2024 - 18:00:01: "[ikko] The_Legoracer<29><STEAM_0:1:38534131><NSF>" say_team "18 Assault mx"
L 01/21/2024 - 18:00:13: "[FEET] Kasietti<34><STEAM_0:0:181630571><Jinrai>" say_team "8 hp support"
L 01/21/2024 - 18:00:47: "[Merc] Ghost Lizard<27><STEAM_0:1:20336729><Jinrai>" say_team "window"
L 01/21/2024 - 18:01:00: "[FEET] jav<32><STEAM_0:1:155763328><Jinrai>" killed "[Ikko] 3LOW<14><STEAM_0:0:67890711><NSF>" with "mx_silenced"
L 01/21/2024 - 18:01:00: "[FEET] Kasietti<34><STEAM_0:0:181630571><Jinrai>" triggered "kill_assist"
L 01/21/2024 - 18:02:06: "[FEET] Serbian Guy<33><STEAM_0:1:91548287><Jinrai>" killed "[Ikko] 3LOW<14><STEAM_0:0:67890711><NSF>" with "mx"
L 01/21/2024 - 18:02:07: "[Ikko] MISO<22><STEAM_0:1:23585170><NSF>" killed "[FEET] Serbian Guy<33><STEAM_0:1:91548287><Jinrai>" with "supa7"
L 01/21/2024 - 18:02:07: "[Ikko] 3LOW<14><STEAM_0:0:67890711><NSF>" triggered "kill_assist"
L 01/21/2024 - 18:02:10: "[ikko] Dommy<5><STEAM_0:1:15299509><NSF>" killed "[Merc] Ghost Lizard<27><STEAM_0:1:20336729><Jinrai>" with "mx"
L 01/21/2024 - 18:02:10: "[Merc] Ghost Lizard<27><STEAM_0:1:20336729><Jinrai>" say_team "100 Support mx"
L 01/21/2024 - 18:02:18: "[FEET] Kasietti<34><STEAM_0:0:181630571><Jinrai>" killed "[ikko] Dommy<5><STEAM_0:1:15299509><NSF>" with "jittescoped"
L 01/21/2024 - 18:02:20: "[ikko] The_Legoracer<29><STEAM_0:1:38534131><NSF>" killed "[FEET]Jinhai<30><STEAM_0:1:120740110><Jinrai>" with "zr68s"
L 01/21/2024 - 18:02:26: "[FEET] Kasietti<34><STEAM_0:0:181630571><Jinrai>" killed "[Ikko] MISO<22><STEAM_0:1:23585170><NSF>" with "jittescoped"
L 01/21/2024 - 18:02:26: "[FEET] Serbian Guy<33><STEAM_0:1:91548287><Jinrai>" triggered "kill_assist"
L 01/21/2024 - 18:02:31: "[Ikko] The Undead Corpse<7><STEAM_0:1:32621880><NSF>" killed "[FEET] Kasietti<34><STEAM_0:0:181630571><Jinrai>" with "grenade_projectile"
L 01/21/2024 - 18:02:50: "[FEET] jav<32><STEAM_0:1:155763328><Jinrai>" killed "[ikko] The_Legoracer<29><STEAM_0:1:38534131><NSF>" with "mx"
L 01/21/2024 - 18:02:50: "[ikko] The_Legoracer<29><STEAM_0:1:38534131><NSF>" say_team "43 Support mx"
L 01/21/2024 - 18:02:51: "[Ikko] The Undead Corpse<7><STEAM_0:1:32621880><NSF>" killed "[FEET] jav<32><STEAM_0:1:155763328><Jinrai>" with "mx"
L 01/21/2024 - 18:03:43: "[Ikko] MISO<22><STEAM_0:1:23585170><NSF>" killed "[FEET]Jinhai<30><STEAM_0:1:120740110><Jinrai>" with "supa7"
L 01/21/2024 - 18:04:01: "[Ikko] The Undead Corpse<7><STEAM_0:1:32621880><NSF>" killed "[FEET] Kasietti<34><STEAM_0:0:181630571><Jinrai>" with "mx"
L 01/21/2024 - 18:04:01: "[ikko] The_Legoracer<29><STEAM_0:1:38534131><NSF>" triggered "kill_assist"
L 01/21/2024 - 18:04:37: "[ikko] Dommy<5><STEAM_0:1:15299509><NSF>" killed "[Merc] Ghost Lizard<27><STEAM_0:1:20336729><Jinrai>" with "mx"
L 01/21/2024 - 18:04:37: "[Merc] Ghost Lizard<27><STEAM_0:1:20336729><Jinrai>" say_team "100 Support mx"
L 01/21/2024 - 18:04:39: "[FEET] Serbian Guy<33><STEAM_0:1:91548287><Jinrai>" killed "[ikko] The_Legoracer<29><STEAM_0:1:38534131><NSF>" with "mx"
L 01/21/2024 - 18:04:40: "[ikko] The_Legoracer<29><STEAM_0:1:38534131><NSF>" say_team "67 Support mx"
L 01/21/2024 - 18:04:42: "[Ikko] The Undead Corpse<7><STEAM_0:1:32621880><NSF>" killed "[FEET] jav<32><STEAM_0:1:155763328><Jinrai>" with "mx"
L 01/21/2024 - 18:05:01: "[Ikko] MISO<22><STEAM_0:1:23585170><NSF>" killed "[FEET] Serbian Guy<33><STEAM_0:1:91548287><Jinrai>" with "supa7"
L 01/21/2024 - 18:05:05: "[FEET] Serbian Guy<33><STEAM_0:1:91548287><Jinrai>" say "gg"
L 01/21/2024 - 18:05:06: "[FEET] jav<32><STEAM_0:1:155763328><Jinrai>" say_team "gg"
L 01/21/2024 - 18:05:07: "[Merc] Ghost Lizard<27><STEAM_0:1:20336729><Jinrai>" say "gg"
L 01/21/2024 - 18:05:08: "[FEET] Kasietti<34><STEAM_0:0:181630571><Jinrai>" say "gg"
L 01/21/2024 - 18:05:10: "[ikko] The_Legoracer<29><STEAM_0:1:38534131><NSF>" say "ggs wp ^^"
L 01/21/2024 - 18:05:12: "[MNHR] Syz<28><STEAM_0:0:82019396><Spectator>" say "ggwp"
L 01/21/2024 - 18:05:12: "[ikko] Dommy<5><STEAM_0:1:15299509><NSF>" say "too fat?"
L 01/21/2024 - 18:05:12: "[Ikko] The Undead Corpse<7><STEAM_0:1:32621880><NSF>" say "gg wp"
L 01/21/2024 - 18:05:14: "[CAST] syncer<26><STEAM_0:0:88962302><Spectator>" say "ggwp"
L 01/21/2024 - 18:05:16: "[ikko] Dommy<5><STEAM_0:1:15299509><NSF>" say "gg wp"
L 01/21/2024 - 18:05:22: "[Ikko] MISO<22><STEAM_0:1:23585170><NSF>" say "ggs well played guys"
L 01/21/2024 - 18:05:26: "[Ikko] The Undead Corpse<7><STEAM_0:1:32621880><NSF>" say "gg well played all"
L 01/21/2024 - 18:05:43: "[MNHR] Syz<28><STEAM_0:0:82019396><Spectator>" say "interview"
L 01/21/2024 - 18:05:48: "[Ikko] The Undead Corpse<7><STEAM_0:1:32621880><NSF>" say "yeah "
L 01/21/2024 - 18:05:48: "[FEET] Serbian Guy<33><STEAM_0:1:91548287><Jinrai>" say "yee"
L 01/21/2024 - 18:05:58: "[FEET]Jinhai<30><STEAM_0:1:120740110><Jinrai>" disconnected (reason "Disconnect by user.")
L 01/21/2024 - 18:06:04: "[FEET] jav<32><STEAM_0:1:155763328><Jinrai>" disconnected (reason "Disconnect by user.")
L 01/21/2024 - 18:06:08: "[FEET] Kasietti<34><STEAM_0:0:181630571><Jinrai>" disconnected (reason "Disconnect by user.")
L 01/21/2024 - 18:06:12: "[FEET] Serbian Guy<33><STEAM_0:1:91548287><Jinrai>" disconnected (reason "Disconnect by user.")
L 01/21/2024 - 18:06:50: "[Merc] Ghost Lizard<27><STEAM_0:1:20336729><Jinrai>" say ":DDDD"
L 01/21/2024 - 18:06:53: "[Ikko] The Undead Corpse<7><STEAM_0:1:32621880><NSF>" say ":3"
L 01/21/2024 - 18:07:00: "[Ikko] MISO<22><STEAM_0:1:23585170><NSF>" say ":) "
L 01/21/2024 - 18:07:20: "[CAST] syncer<26><STEAM_0:0:88962302><Spectator>" disconnected (reason "Disconnect by user.")
L 01/21/2024 - 18:07:43: "[ikko] Dommy<5><STEAM_0:1:15299509><NSF>" say "NSF BINS xddd"
L 01/21/2024 - 18:07:59: "[Ikko] 3LOW<14><STEAM_0:0:67890711><NSF>" disconnected (reason "Disconnect by user.")
L 01/21/2024 - 18:08:04: "[Merc] Ghost Lizard<27><STEAM_0:1:20336729><Jinrai>" say "take care guys"
L 01/21/2024 - 18:08:06: "[Merc] Ghost Lizard<27><STEAM_0:1:20336729><Jinrai>" say "it was fun"
L 01/21/2024 - 18:08:07: "[Ikko] MISO<22><STEAM_0:1:23585170><NSF>" say "cya "
L 01/21/2024 - 18:08:09: "[Merc] Ghost Lizard<27><STEAM_0:1:20336729><Jinrai>" say "wp"
L 01/21/2024 - 18:08:11: "[Ikko] MISO<22><STEAM_0:1:23585170><NSF>" say "same "
L 01/21/2024 - 18:08:11: "[ikko] Dommy<5><STEAM_0:1:15299509><NSF>" say "bye lizard"
L 01/21/2024 - 18:08:12: "[Ikko] The Undead Corpse<7><STEAM_0:1:32621880><NSF>" say "gg"
L 01/21/2024 - 18:08:13: "[Merc] Ghost Lizard<27><STEAM_0:1:20336729><Jinrai>" disconnected (reason "Disconnect by user.")
L 01/21/2024 - 18:08:15: "[Ikko] The Undead Corpse<7><STEAM_0:1:32621880><NSF>" say "bye lizard"
L 01/21/2024 - 18:13:18: "[Ikko] The Undead Corpse<7><STEAM_0:1:32621880><NSF>" say "detpack life"
L 01/21/2024 - 18:13:32: "[Ikko] The Undead Corpse<7><STEAM_0:1:32621880><NSF>" say "proximity mine "
L 01/21/2024 - 18:13:33: "[ikko] Dommy<5><STEAM_0:1:15299509><NSF>" say "*detapack"
L 01/21/2024 - 18:14:00: "[Ikko] The Undead Corpse<7><STEAM_0:1:32621880><NSF>" say "and if it played muisic it would be Devapack"
L 01/21/2024 - 18:15:25: "[Ikko] The Undead Corpse<7><STEAM_0:1:32621880><NSF>" say "engineer class"
L 01/21/2024 - 18:17:10: "[Ikko] The Undead Corpse<7><STEAM_0:1:32621880><NSF>" disconnected (reason "Disconnect by user.")
L 01/21/2024 - 18:17:21: "[Ikko] MISO<22><STEAM_0:1:23585170><NSF>" disconnected (reason "Disconnect by user.")
L 01/21/2024 - 18:18:16: "[GB] Agiel<2><STEAM_0:1:25025><Spectator>" disconnected (reason "Disconnect by user.")
L 01/21/2024 - 18:20:00: "[ikko] Dommy<5><STEAM_0:1:15299509><NSF>" disconnected (reason "Disconnect by user.")
L 01/21/2024 - 18:28:09: "[MNHR] Syz<28><STEAM_0:0:82019396><Spectator>" disconnected (reason "Disconnect by user.")
L 01/21/2024 - 18:33:04: "[ikko] The_Legoracer<29><STEAM_0:1:38534131><NSF>" disconnected (reason "Disconnect by user.")
L 01/21/2024 - 19:00:33: [META] Loaded 0 plugins (1 already loaded)
L 01/21/2024 - 19:00:33: [META] Loaded 0 plugins (1 already loaded)
L 01/21/2024 - 19:00:33: Log file closed
