L 02/25/2024 - 21:00:30: Log file started (file "logs\L0225058.log") (game "z:\home\steam\steam\steamapps\common\nt\NeotokyoSource") (version "4044")
L 02/25/2024 - 21:00:30: server_cvar: "sv_pausable" "0"
L 02/25/2024 - 21:00:30: server_cvar: "sv_contact" "baux.site"
L 02/25/2024 - 21:00:30: server_cvar: "sv_gravity" "800"
L 02/25/2024 - 21:00:30: server_cvar: "mp_friendlyfire" "1"
L 02/25/2024 - 21:00:33: "[ikko] Dommy<8><STEAM_0:1:15299509><>" entered the game
L 02/25/2024 - 21:00:33: "[someikko] somerusher<9><STEAM_0:1:57157309><>" entered the game
L 02/25/2024 - 21:00:34: "[AUX-] Phorce_Phed<7><STEAM_0:1:9863507><>" entered the game
L 02/25/2024 - 21:00:34: "[ikko] The_Legoracer<6><STEAM_0:1:38534131><>" entered the game
L 02/25/2024 - 21:00:34: "[AUX-] Oni<3><STEAM_0:1:10174276><>" entered the game
L 02/25/2024 - 21:00:35: "Shinra (Unluk)<5><STEAM_0:0:17487274><>" entered the game
L 02/25/2024 - 21:00:35: "[Vodka Force] just MISO<12><STEAM_0:1:23585170><>" entered the game
L 02/25/2024 - 21:00:37: "[AUX-] Oni<3><STEAM_0:1:10174276><Unassigned>" joined team "Jinrai"
L 02/25/2024 - 21:00:38: "[AUX-] Phorce_Phed<7><STEAM_0:1:9863507><Unassigned>" joined team "Jinrai"
L 02/25/2024 - 21:00:38: "[stream] DESTROYGIRL<11><STEAM_0:0:82737074><>" entered the game
L 02/25/2024 - 21:00:39: "[AUX-] Blåberry<4><STEAM_0:1:20365268><>" entered the game
L 02/25/2024 - 21:00:39: "[Vodka Force] just MISO<12><STEAM_0:1:23585170><Unassigned>" joined team "Spectator"
L 02/25/2024 - 21:00:39: "Shinra (Unluk)<5><STEAM_0:0:17487274><Unassigned>" joined team "NSF"
L 02/25/2024 - 21:00:40: "[Cast] Syz<10><STEAM_0:0:82019396><>" entered the game
L 02/25/2024 - 21:00:40: "[someikko] somerusher<9><STEAM_0:1:57157309><Unassigned>" joined team "NSF"
L 02/25/2024 - 21:00:40: "[ikko] The_Legoracer<6><STEAM_0:1:38534131><Unassigned>" joined team "NSF"
L 02/25/2024 - 21:00:40: "[AUX-] Oni<3><STEAM_0:1:10174276><Jinrai>" disconnected (reason "Disconnect by user.")
L 02/25/2024 - 21:00:46: "[ikko] Dommy<8><STEAM_0:1:15299509><Unassigned>" joined team "Spectator"
L 02/25/2024 - 21:00:56: "[Vodka Force] just MISO<12><STEAM_0:1:23585170><Spectator>" changed name to "[Ikko] just MISO"
L 02/25/2024 - 21:00:58: "[stream] DESTROYGIRL<11><STEAM_0:0:82737074><Unassigned>" joined team "Spectator"
L 02/25/2024 - 21:01:06: "[ikko] Dommy<8><STEAM_0:1:15299509><Spectator>" say "gotta pee"
L 02/25/2024 - 21:01:35: "[AUX-] Oni<13><STEAM_ID_PENDING><>" connected, address "71.195.46.232:27005"
L 02/25/2024 - 21:01:35: "[AUX-] Oni<13><STEAM_0:1:10174276><>" STEAM USERID validated
L 02/25/2024 - 21:01:39: "[AUX-] Oni<13><STEAM_0:1:10174276><>" entered the game
L 02/25/2024 - 21:01:40: "[AUX-] Oni<13><STEAM_0:1:10174276><Unassigned>" joined team "Jinrai"
L 02/25/2024 - 21:02:39: "[AUX-] Blåberry<4><STEAM_0:1:20365268><Unassigned>" joined team "Jinrai"
L 02/25/2024 - 21:03:23: "[Ikko] just MISO<12><STEAM_0:1:23585170><Spectator>" disconnected (reason "Disconnect by user.")
L 02/25/2024 - 21:03:27: "[ikko] Dommy<8><STEAM_0:1:15299509><Spectator>" joined team "NSF"
L 02/25/2024 - 21:04:34: "[AUX-] Oni<13><STEAM_0:1:10174276><Jinrai>" say "nutnoze says he'll be a few min late zz"
L 02/25/2024 - 21:04:47: "[MXican] Wahaha-<14><STEAM_ID_PENDING><>" connected, address "76.133.237.17:27005"
L 02/25/2024 - 21:04:47: "[MXican] Wahaha-<14><STEAM_0:1:17526508><>" STEAM USERID validated
L 02/25/2024 - 21:04:56: "[MXican] Wahaha-<14><STEAM_0:1:17526508><>" entered the game
L 02/25/2024 - 21:05:01: "[MXican] Wahaha-<14><STEAM_0:1:17526508><Unassigned>" joined team "Spectator"
L 02/25/2024 - 21:05:03: "[MXican] Wahaha-<14><STEAM_0:1:17526508><Spectator>" joined team "Jinrai"
L 02/25/2024 - 21:05:51: "[Ikko] 3LOW<15><STEAM_ID_PENDING><>" connected, address "67.181.173.131:27005"
L 02/25/2024 - 21:05:51: "[Ikko] 3LOW<15><STEAM_0:0:67890711><>" STEAM USERID validated
L 02/25/2024 - 21:06:09: "[Ikko] 3LOW<15><STEAM_0:0:67890711><>" entered the game
L 02/25/2024 - 21:06:10: "[MXican] Wahaha-<14><STEAM_0:1:17526508><Jinrai>" changed name to "[MERCxican] Wahaha-"
L 02/25/2024 - 21:06:14: "[Ikko] 3LOW<15><STEAM_0:0:67890711><Unassigned>" joined team "NSF"
L 02/25/2024 - 21:06:20: "[ikko] Dommy<8><STEAM_0:1:15299509><NSF>" say "that ones good"
L 02/25/2024 - 21:06:21: "[Ikko] 3LOW<15><STEAM_0:0:67890711><NSF>" say_team "!ready"
L 02/25/2024 - 21:06:42: "[Cast] Syz<10><STEAM_0:0:82019396><Unassigned>" joined team "Spectator"
L 02/25/2024 - 21:06:43: "Shinra (Unluk)<5><STEAM_0:0:17487274><NSF>" say "kino was going to represent the tiniest bit of bonk vs ikko rematch"
L 02/25/2024 - 21:06:56: "Shinra (Unluk)<5><STEAM_0:0:17487274><NSF>" say "like, 0.1%"
L 02/25/2024 - 21:07:03: "[AUX-] Oni<13><STEAM_0:1:10174276><Jinrai>" say "shots fired"
L 02/25/2024 - 21:07:07: "[MERCxican] Wahaha-<14><STEAM_0:1:17526508><Jinrai>" say "IM REPPING AHNS"
L 02/25/2024 - 21:07:09: "[MERCxican] Wahaha-<14><STEAM_0:1:17526508><Jinrai>" say "200"
L 02/25/2024 - 21:07:12: "[MERCxican] Wahaha-<14><STEAM_0:1:17526508><Jinrai>" say "%"
L 02/25/2024 - 21:07:19: "[MERCxican] Wahaha-<14><STEAM_0:1:17526508><Jinrai>" say "AUX IS MERCING FOR ME"
L 02/25/2024 - 21:07:20: "[MERCxican] Wahaha-<14><STEAM_0:1:17526508><Jinrai>" say "EVEN ONI"
L 02/25/2024 - 21:07:35: "Shinra (Unluk)<5><STEAM_0:0:17487274><NSF>" say "ah, we can get revenge for summer 2022"
L 02/25/2024 - 21:07:59: "Shinra (Unluk)<5><STEAM_0:0:17487274><NSF>" changed name to "[Ikko] Shinra (Ikki)"
L 02/25/2024 - 21:08:34: "[Ikko] Shinra (Ikki)<5><STEAM_0:0:17487274><NSF>" changed name to "[kko] Shinra (Ikki)"
L 02/25/2024 - 21:08:42: "[kko] Shinra (Ikki)<5><STEAM_0:0:17487274><NSF>" changed name to "[ikko] Shinra (Ikki)"
L 02/25/2024 - 21:09:32: "[MERCxican] Wahaha-<14><STEAM_0:1:17526508><Jinrai>" say "!ready"
L 02/25/2024 - 21:09:42: "[ikko] Shinra (Ikki)<5><STEAM_0:0:17487274><NSF>" say "!ready"
L 02/25/2024 - 21:09:55: "[Cast] Syz<10><STEAM_0:0:82019396><Spectator>" say "we havent started the stream btw "
L 02/25/2024 - 21:10:01: "[ikko] Shinra (Ikki)<5><STEAM_0:0:17487274><NSF>" say "tough"
L 02/25/2024 - 21:10:21: "[AUX-] Phorce_Phed<7><STEAM_0:1:9863507><Jinrai>" say "!ready"
L 02/25/2024 - 21:10:39: "[AUX-] Nutnoze<16><STEAM_ID_PENDING><>" connected, address "38.49.79.50:17495"
L 02/25/2024 - 21:10:39: "[AUX-] Nutnoze<16><STEAM_0:1:9530793><>" STEAM USERID validated
L 02/25/2024 - 21:10:46: "[AUX-] Nutnoze<16><STEAM_0:1:9530793><>" entered the game
L 02/25/2024 - 21:10:57: "[AUX-] Nutnoze<16><STEAM_0:1:9530793><Unassigned>" joined team "Jinrai"
L 02/25/2024 - 21:11:15: "[AUX-] Nutnoze<16><STEAM_0:1:9530793><Jinrai>" say "!ready"
L 02/25/2024 - 21:11:19: "[AUX-] Oni<13><STEAM_0:1:10174276><Jinrai>" say "!ready"
L 02/25/2024 - 21:11:22: "[ikko] Dommy<8><STEAM_0:1:15299509><NSF>" say "!ready"
L 02/25/2024 - 21:11:23: "[AUX-] Nutnoze<16><STEAM_0:1:9530793><Jinrai>" say "Sorry for the wait, got stuck in traffic"
L 02/25/2024 - 21:11:29: "[ikko] Dommy<8><STEAM_0:1:15299509><NSF>" say "np"
L 02/25/2024 - 21:11:30: "[ikko] The_Legoracer<6><STEAM_0:1:38534131><NSF>" say "rip -_-"
L 02/25/2024 - 21:11:36: "[ikko] Dommy<8><STEAM_0:1:15299509><NSF>" say "at least you made it home safe"
L 02/25/2024 - 21:11:38: "[someikko] somerusher<9><STEAM_0:1:57157309><NSF>" say "!ready"
L 02/25/2024 - 21:11:42: "[ikko] Dommy<8><STEAM_0:1:15299509><NSF>" say "thats important"
L 02/25/2024 - 21:11:48: "[ikko] The_Legoracer<6><STEAM_0:1:38534131><NSF>" say "!ready"
L 02/25/2024 - 21:11:52: "[AUX-] Oni<13><STEAM_0:1:10174276><Jinrai>" say "!readylist"
L 02/25/2024 - 21:11:59: "[AUX-] Blåberry<4><STEAM_0:1:20365268><Jinrai>" say "!ready"
L 02/25/2024 - 21:11:59: "[ikko] Shinra (Ikki)<5><STEAM_0:0:17487274><NSF>" say "STREamers let us know when ready"
L 02/25/2024 - 21:12:01: "[Cast] Syz<10><STEAM_0:0:82019396><Spectator>" say "we're live"
L 02/25/2024 - 21:12:03: "[ikko] Shinra (Ikki)<5><STEAM_0:0:17487274><NSF>" say ":0"
L 02/25/2024 - 21:12:05: "[ikko] The_Legoracer<6><STEAM_0:1:38534131><NSF>" say "gl hf ^^"
L 02/25/2024 - 21:12:40: "[AUX-] Blåberry<4><STEAM_0:1:20365268><Jinrai>" killed "[ikko] Dommy<8><STEAM_0:1:15299509><NSF>" with "zr68s"
L 02/25/2024 - 21:12:40: "[ikko] Dommy<8><STEAM_0:1:15299509><NSF>" say_team "29 Recon zr68s"
L 02/25/2024 - 21:12:47: "[ikko] The_Legoracer<6><STEAM_0:1:38534131><NSF>" killed "[AUX-] Phorce_Phed<7><STEAM_0:1:9863507><Jinrai>" with "zr68s"
L 02/25/2024 - 21:12:49: "[MERCxican] Wahaha-<14><STEAM_0:1:17526508><Jinrai>" killed "[Ikko] 3LOW<15><STEAM_0:0:67890711><NSF>" with "zr68s"
L 02/25/2024 - 21:12:50: "[Ikko] 3LOW<15><STEAM_0:0:67890711><NSF>" say_team "100 Assault zr68s"
L 02/25/2024 - 21:13:01: "[MERCxican] Wahaha-<14><STEAM_0:1:17526508><Jinrai>" killed "[ikko] The_Legoracer<6><STEAM_0:1:38534131><NSF>" with "zr68s"
L 02/25/2024 - 21:13:01: "[AUX-] Blåberry<4><STEAM_0:1:20365268><Jinrai>" triggered "kill_assist"
L 02/25/2024 - 21:13:01: "[ikko] The_Legoracer<6><STEAM_0:1:38534131><NSF>" say_team "60 Assault zr68s"
L 02/25/2024 - 21:13:11: "[ikko] Shinra (Ikki)<5><STEAM_0:0:17487274><NSF>" killed "[AUX-] Nutnoze<16><STEAM_0:1:9530793><Jinrai>" with "supa7"
L 02/25/2024 - 21:13:19: "[someikko] somerusher<9><STEAM_0:1:57157309><NSF>" killed "[MERCxican] Wahaha-<14><STEAM_0:1:17526508><Jinrai>" with "zr68s"
L 02/25/2024 - 21:13:20: "[MERCxican] Wahaha-<14><STEAM_0:1:17526508><Jinrai>" say_team "53 Assault zr68s"
L 02/25/2024 - 21:13:22: "[AUX-] Oni<13><STEAM_0:1:10174276><Jinrai>" killed "[someikko] somerusher<9><STEAM_0:1:57157309><NSF>" with "zr68s"
L 02/25/2024 - 21:13:22: "[someikko] somerusher<9><STEAM_0:1:57157309><NSF>" say_team "84 Assault zr68s"
L 02/25/2024 - 21:13:26: "[AUX-] Blåberry<4><STEAM_0:1:20365268><Jinrai>" killed "[ikko] Shinra (Ikki)<5><STEAM_0:0:17487274><NSF>" with "zr68s"
L 02/25/2024 - 21:13:26: "[AUX-] Oni<13><STEAM_0:1:10174276><Jinrai>" triggered "kill_assist"
L 02/25/2024 - 21:13:27: "[ikko] Shinra (Ikki)<5><STEAM_0:0:17487274><NSF>" say_team "29 Recon zr68s"
L 02/25/2024 - 21:14:32: "[AUX-] Oni<13><STEAM_0:1:10174276><Jinrai>" killed "[ikko] Dommy<8><STEAM_0:1:15299509><NSF>" with "zr68s"
L 02/25/2024 - 21:14:32: "[ikko] Dommy<8><STEAM_0:1:15299509><NSF>" say_team "100 Support zr68s"
L 02/25/2024 - 21:14:55: "[AUX-] Nutnoze<16><STEAM_0:1:9530793><Jinrai>" killed "[ikko] Shinra (Ikki)<5><STEAM_0:0:17487274><NSF>" with "zr68s"
L 02/25/2024 - 21:14:55: "[ikko] Shinra (Ikki)<5><STEAM_0:0:17487274><NSF>" say_team "15 Assault zr68s"
L 02/25/2024 - 21:14:59: "[ikko] The_Legoracer<6><STEAM_0:1:38534131><NSF>" killed "[AUX-] Blåberry<4><STEAM_0:1:20365268><Jinrai>" with "zr68s"
L 02/25/2024 - 21:15:00: "[MERCxican] Wahaha-<14><STEAM_0:1:17526508><Jinrai>" killed "[ikko] The_Legoracer<6><STEAM_0:1:38534131><NSF>" with "grenade_projectile"
L 02/25/2024 - 21:15:00: "[ikko] The_Legoracer<6><STEAM_0:1:38534131><NSF>" say_team "100 Assault grenade_projectile"
L 02/25/2024 - 21:15:02: "[someikko] somerusher<9><STEAM_0:1:57157309><NSF>" killed "[MERCxican] Wahaha-<14><STEAM_0:1:17526508><Jinrai>" with "zr68s"
L 02/25/2024 - 21:15:02: "[Ikko] 3LOW<15><STEAM_0:0:67890711><NSF>" triggered "kill_assist"
L 02/25/2024 - 21:15:03: "[MERCxican] Wahaha-<14><STEAM_0:1:17526508><Jinrai>" say_team "100 Assault zr68s"
L 02/25/2024 - 21:15:11: "[ikko] Shinra (Ikki)<5><STEAM_0:0:17487274><NSF>" say_team "lets go for ghost next time"
L 02/25/2024 - 21:15:15: "[AUX-] Oni<13><STEAM_0:1:10174276><Jinrai>" killed "[Ikko] 3LOW<15><STEAM_0:0:67890711><NSF>" with "zr68s"
L 02/25/2024 - 21:15:15: "[Ikko] 3LOW<15><STEAM_0:0:67890711><NSF>" say_team "29 Support zr68s"
L 02/25/2024 - 21:15:23: "[someikko] somerusher<9><STEAM_0:1:57157309><NSF>" killed "[AUX-] Phorce_Phed<7><STEAM_0:1:9863507><Jinrai>" with "zr68s"
L 02/25/2024 - 21:15:27: "[AUX-] Nutnoze<16><STEAM_0:1:9530793><Jinrai>" killed "[someikko] somerusher<9><STEAM_0:1:57157309><NSF>" with "zr68s"
L 02/25/2024 - 21:15:27: "[AUX-] Phorce_Phed<7><STEAM_0:1:9863507><Jinrai>" triggered "kill_assist"
L 02/25/2024 - 21:15:27: "[someikko] somerusher<9><STEAM_0:1:57157309><NSF>" say_team "15 Assault zr68s"
L 02/25/2024 - 21:16:12: "[AUX-] Blåberry<4><STEAM_0:1:20365268><Jinrai>" killed "[ikko] Shinra (Ikki)<5><STEAM_0:0:17487274><NSF>" with "mx"
L 02/25/2024 - 21:16:12: "[ikko] Shinra (Ikki)<5><STEAM_0:0:17487274><NSF>" say_team "87 Recon mx"
L 02/25/2024 - 21:16:13: "[ikko] Dommy<8><STEAM_0:1:15299509><NSF>" killed "[MERCxican] Wahaha-<14><STEAM_0:1:17526508><Jinrai>" with "srm"
L 02/25/2024 - 21:16:14: "[MERCxican] Wahaha-<14><STEAM_0:1:17526508><Jinrai>" say_team "67 Recon srm"
L 02/25/2024 - 21:16:28: "[AUX-] Oni<13><STEAM_0:1:10174276><Jinrai>" killed "[Ikko] 3LOW<15><STEAM_0:0:67890711><NSF>" with "srm"
L 02/25/2024 - 21:16:29: "[Ikko] 3LOW<15><STEAM_0:0:67890711><NSF>" say_team "100 Support srm"
L 02/25/2024 - 21:16:34: "[AUX-] Oni<13><STEAM_0:1:10174276><Jinrai>" killed "[ikko] Dommy<8><STEAM_0:1:15299509><NSF>" with "kyla"
L 02/25/2024 - 21:16:34: "[ikko] Dommy<8><STEAM_0:1:15299509><NSF>" say_team "68 Support kyla"
L 02/25/2024 - 21:16:43: "[AUX-] Blåberry<4><STEAM_0:1:20365268><Jinrai>" killed "[ikko] The_Legoracer<6><STEAM_0:1:38534131><NSF>" with "mx"
L 02/25/2024 - 21:16:43: "[ikko] The_Legoracer<6><STEAM_0:1:38534131><NSF>" say_team "87 Recon mx"
L 02/25/2024 - 21:16:48: "[someikko] somerusher<9><STEAM_0:1:57157309><NSF>" killed "[AUX-] Phorce_Phed<7><STEAM_0:1:9863507><Jinrai>" with "zr68s"
L 02/25/2024 - 21:16:49: "[AUX-] Nutnoze<16><STEAM_0:1:9530793><Jinrai>" killed "[someikko] somerusher<9><STEAM_0:1:57157309><NSF>" with "zr68s"
L 02/25/2024 - 21:16:49: "[someikko] somerusher<9><STEAM_0:1:57157309><NSF>" say_team "4 Assault zr68s"
L 02/25/2024 - 21:17:36: "[AUX-] Blåberry<4><STEAM_0:1:20365268><Jinrai>" killed "[ikko] Dommy<8><STEAM_0:1:15299509><NSF>" with "mx"
L 02/25/2024 - 21:17:36: "[ikko] Dommy<8><STEAM_0:1:15299509><NSF>" say_team "100 Recon mx"
L 02/25/2024 - 21:17:59: "[someikko] somerusher<9><STEAM_0:1:57157309><NSF>" killed "[AUX-] Nutnoze<16><STEAM_0:1:9530793><Jinrai>" with "zr68s"
L 02/25/2024 - 21:18:12: "[someikko] somerusher<9><STEAM_0:1:57157309><NSF>" killed "[AUX-] Oni<13><STEAM_0:1:10174276><Jinrai>" with "zr68s"
L 02/25/2024 - 21:18:17: "[someikko] somerusher<9><STEAM_0:1:57157309><NSF>" killed "[AUX-] Blåberry<4><STEAM_0:1:20365268><Jinrai>" with "zr68s"
L 02/25/2024 - 21:18:22: "[MERCxican] Wahaha-<14><STEAM_0:1:17526508><Jinrai>" killed "[ikko] The_Legoracer<6><STEAM_0:1:38534131><NSF>" with "zr68s"
L 02/25/2024 - 21:18:23: "[ikko] The_Legoracer<6><STEAM_0:1:38534131><NSF>" say_team "91 Assault zr68s"
L 02/25/2024 - 21:18:34: "[AUX-] Phorce_Phed<7><STEAM_0:1:9863507><Jinrai>" killed "[someikko] somerusher<9><STEAM_0:1:57157309><NSF>" with "zr68s"
L 02/25/2024 - 21:18:34: "[someikko] somerusher<9><STEAM_0:1:57157309><NSF>" say_team "63 Assault zr68s"
L 02/25/2024 - 21:18:37: "[Ikko] 3LOW<15><STEAM_0:0:67890711><NSF>" killed "[AUX-] Phorce_Phed<7><STEAM_0:1:9863507><Jinrai>" with "zr68s"
L 02/25/2024 - 21:18:38: "[MERCxican] Wahaha-<14><STEAM_0:1:17526508><Jinrai>" killed "[Ikko] 3LOW<15><STEAM_0:0:67890711><NSF>" with "zr68s"
L 02/25/2024 - 21:18:38: "[Ikko] 3LOW<15><STEAM_0:0:67890711><NSF>" say_team "91 Assault zr68s"
L 02/25/2024 - 21:18:45: "[MERCxican] Wahaha-<14><STEAM_0:1:17526508><Jinrai>" killed "[ikko] Shinra (Ikki)<5><STEAM_0:0:17487274><NSF>" with "zr68s"
L 02/25/2024 - 21:18:45: "[ikko] Shinra (Ikki)<5><STEAM_0:0:17487274><NSF>" say_team "47 Assault zr68s"
L 02/25/2024 - 21:18:58: "[MERCxican] Wahaha-<14><STEAM_0:1:17526508><Jinrai>" say "@[BONK] [BONK] [BONK] [BONK] [BONK] [BONK] [BONK] [BONK]"
L 02/25/2024 - 21:19:41: "[ikko] The_Legoracer<6><STEAM_0:1:38534131><NSF>" killed "[AUX-] Oni<13><STEAM_0:1:10174276><Jinrai>" with "zr68s"
L 02/25/2024 - 21:19:55: "[someikko] somerusher<9><STEAM_0:1:57157309><NSF>" killed "[AUX-] Nutnoze<16><STEAM_0:1:9530793><Jinrai>" with "grenade_projectile"
L 02/25/2024 - 21:19:57: "[ikko] Shinra (Ikki)<5><STEAM_0:0:17487274><NSF>" killed "[MERCxican] Wahaha-<14><STEAM_0:1:17526508><Jinrai>" with "supa7"
L 02/25/2024 - 21:19:57: "[MERCxican] Wahaha-<14><STEAM_0:1:17526508><Jinrai>" say_team "100 Support supa7"
L 02/25/2024 - 21:20:03: "[AUX-] Phorce_Phed<7><STEAM_0:1:9863507><Jinrai>" killed "[ikko] Shinra (Ikki)<5><STEAM_0:0:17487274><NSF>" with "grenade_projectile"
L 02/25/2024 - 21:20:03: "[ikko] Shinra (Ikki)<5><STEAM_0:0:17487274><NSF>" say_team "22 Assault grenade_projectile"
L 02/25/2024 - 21:20:14: "[Ikko] 3LOW<15><STEAM_0:0:67890711><NSF>" killed "[AUX-] Phorce_Phed<7><STEAM_0:1:9863507><Jinrai>" with "zr68s"
L 02/25/2024 - 21:20:15: "[MERCxican] Wahaha-<14><STEAM_0:1:17526508><Jinrai>" say "jesus shinra spare my heart"
L 02/25/2024 - 21:20:18: "[AUX-] Blåberry<4><STEAM_0:1:20365268><Jinrai>" killed "[ikko] Dommy<8><STEAM_0:1:15299509><NSF>" with "mx"
L 02/25/2024 - 21:20:18: "[ikko] Dommy<8><STEAM_0:1:15299509><NSF>" say_team "100 Recon mx"
L 02/25/2024 - 21:20:19: "[AUX-] Oni<13><STEAM_0:1:10174276><Jinrai>" say_team "I'll take support back nut"
L 02/25/2024 - 21:20:25: "[AUX-] Oni<13><STEAM_0:1:10174276><Jinrai>" say_team "so you do you friend"
L 02/25/2024 - 21:20:30: "[AUX-] Nutnoze<16><STEAM_0:1:9530793><Jinrai>" say_team "k"
L 02/25/2024 - 21:20:32: "[ikko] Shinra (Ikki)<5><STEAM_0:0:17487274><NSF>" say "didnt shoot at first b/c of teammate icon"
L 02/25/2024 - 21:20:33: "[AUX-] Blåberry<4><STEAM_0:1:20365268><Jinrai>" killed "[Ikko] 3LOW<15><STEAM_0:0:67890711><NSF>" with "mx"
L 02/25/2024 - 21:20:33: "[Ikko] 3LOW<15><STEAM_0:0:67890711><NSF>" say_team "61 Recon mx"
L 02/25/2024 - 21:20:34: "[ikko] The_Legoracer<6><STEAM_0:1:38534131><NSF>" killed "[AUX-] Blåberry<4><STEAM_0:1:20365268><Jinrai>" with "zr68s"
L 02/25/2024 - 21:21:17: "[MERCxican] Wahaha-<14><STEAM_0:1:17526508><Jinrai>" killed "[ikko] Dommy<8><STEAM_0:1:15299509><NSF>" with "mx"
L 02/25/2024 - 21:21:17: "[ikko] Dommy<8><STEAM_0:1:15299509><NSF>" say_team "45 Assault mx"
L 02/25/2024 - 21:21:20: "[Ikko] 3LOW<15><STEAM_0:0:67890711><NSF>" killed "[MERCxican] Wahaha-<14><STEAM_0:1:17526508><Jinrai>" with "zr68s"
L 02/25/2024 - 21:21:20: "[ikko] Dommy<8><STEAM_0:1:15299509><NSF>" triggered "kill_assist"
L 02/25/2024 - 21:21:20: "[MERCxican] Wahaha-<14><STEAM_0:1:17526508><Jinrai>" say_team "79 Assault zr68s"
L 02/25/2024 - 21:21:26: "[someikko] somerusher<9><STEAM_0:1:57157309><NSF>" killed "[AUX-] Phorce_Phed<7><STEAM_0:1:9863507><Jinrai>" with "mx"
L 02/25/2024 - 21:21:31: "[AUX-] Nutnoze<16><STEAM_0:1:9530793><Jinrai>" killed "[someikko] somerusher<9><STEAM_0:1:57157309><NSF>" with "zr68s"
L 02/25/2024 - 21:21:31: "[AUX-] Phorce_Phed<7><STEAM_0:1:9863507><Jinrai>" triggered "kill_assist"
L 02/25/2024 - 21:21:31: "[someikko] somerusher<9><STEAM_0:1:57157309><NSF>" say_team "98 Assault zr68s"
L 02/25/2024 - 21:21:52: "[ikko] The_Legoracer<6><STEAM_0:1:38534131><NSF>" killed "[AUX-] Blåberry<4><STEAM_0:1:20365268><Jinrai>" with "zr68s"
L 02/25/2024 - 21:21:52: "[someikko] somerusher<9><STEAM_0:1:57157309><NSF>" triggered "kill_assist"
L 02/25/2024 - 21:22:57: "[AUX-] Nutnoze<16><STEAM_0:1:9530793><Jinrai>" killed "[ikko] Shinra (Ikki)<5><STEAM_0:0:17487274><NSF>" with "grenade_projectile"
L 02/25/2024 - 21:22:57: "[ikko] Shinra (Ikki)<5><STEAM_0:0:17487274><NSF>" say_team "24 Assault grenade_projectile"
L 02/25/2024 - 21:23:06: "[AUX-] Nutnoze<16><STEAM_0:1:9530793><Jinrai>" killed "[Ikko] 3LOW<15><STEAM_0:0:67890711><NSF>" with "zr68s"
L 02/25/2024 - 21:23:06: "[Ikko] 3LOW<15><STEAM_0:0:67890711><NSF>" say_team "24 Assault zr68s"
L 02/25/2024 - 21:23:47: "[ikko] The_Legoracer<6><STEAM_0:1:38534131><NSF>" committed suicide with "world"
L 02/25/2024 - 21:23:47: "[AUX-] Oni<13><STEAM_0:1:10174276><Jinrai>" triggered "kill_assist"
L 02/25/2024 - 21:23:57: "[ikko] The_Legoracer<6><STEAM_0:1:38534131><NSF>" say "xD"
L 02/25/2024 - 21:24:06: "[ikko] Shinra (Ikki)<5><STEAM_0:0:17487274><NSF>" say "!pause"
L 02/25/2024 - 21:26:22: "[ikko] The_Legoracer<6><STEAM_0:1:38534131><NSF>" killed "[AUX-] Oni<13><STEAM_0:1:10174276><Jinrai>" with "zr68s"
L 02/25/2024 - 21:26:22: "[ikko] Shinra (Ikki)<5><STEAM_0:0:17487274><NSF>" triggered "kill_assist"
L 02/25/2024 - 21:26:26: "[ikko] The_Legoracer<6><STEAM_0:1:38534131><NSF>" killed "[MERCxican] Wahaha-<14><STEAM_0:1:17526508><Jinrai>" with "zr68s"
L 02/25/2024 - 21:26:27: "[MERCxican] Wahaha-<14><STEAM_0:1:17526508><Jinrai>" say_team "100 Assault zr68s"
L 02/25/2024 - 21:26:31: "[AUX-] Phorce_Phed<7><STEAM_0:1:9863507><Jinrai>" killed "[ikko] The_Legoracer<6><STEAM_0:1:38534131><NSF>" with "zr68s"
L 02/25/2024 - 21:26:31: "[ikko] The_Legoracer<6><STEAM_0:1:38534131><NSF>" say_team "32 Assault zr68s"
L 02/25/2024 - 21:26:33: "[ikko] Shinra (Ikki)<5><STEAM_0:0:17487274><NSF>" killed "[AUX-] Phorce_Phed<7><STEAM_0:1:9863507><Jinrai>" with "srm"
L 02/25/2024 - 21:26:33: "[ikko] The_Legoracer<6><STEAM_0:1:38534131><NSF>" triggered "kill_assist"
L 02/25/2024 - 21:26:56: "[AUX-] Blåberry<4><STEAM_0:1:20365268><Jinrai>" killed "[someikko] somerusher<9><STEAM_0:1:57157309><NSF>" with "mx"
L 02/25/2024 - 21:26:56: "[someikko] somerusher<9><STEAM_0:1:57157309><NSF>" say_team "6 Recon mx"
L 02/25/2024 - 21:26:58: "[ikko] Dommy<8><STEAM_0:1:15299509><NSF>" killed "[AUX-] Blåberry<4><STEAM_0:1:20365268><Jinrai>" with "milso"
L 02/25/2024 - 21:26:58: "[someikko] somerusher<9><STEAM_0:1:57157309><NSF>" triggered "kill_assist"
L 02/25/2024 - 21:27:12: Team "NSF" triggered "ghost_capture_team"
L 02/25/2024 - 21:27:12: "[ikko] Dommy<8><STEAM_0:1:15299509><NSF>" triggered "ghost_capture"
L 02/25/2024 - 21:27:12: "[AUX-] Nutnoze<16><STEAM_0:1:9530793><Jinrai>" killed "[ikko] Dommy<8><STEAM_0:1:15299509><NSF>" with "mx"
L 02/25/2024 - 21:27:12: "[ikko] Dommy<8><STEAM_0:1:15299509><NSF>" say_team "100 Assault mx"
L 02/25/2024 - 21:27:14: "[ikko] Shinra (Ikki)<5><STEAM_0:0:17487274><NSF>" killed "[AUX-] Nutnoze<16><STEAM_0:1:9530793><Jinrai>" with "srm"
L 02/25/2024 - 21:27:14: "[Ikko] 3LOW<15><STEAM_0:0:67890711><NSF>" triggered "kill_assist"
L 02/25/2024 - 21:28:02: "[AUX-] Oni<13><STEAM_0:1:10174276><Jinrai>" killed "[Ikko] 3LOW<15><STEAM_0:0:67890711><NSF>" with "zr68c"
L 02/25/2024 - 21:28:02: "[MERCxican] Wahaha-<14><STEAM_0:1:17526508><Jinrai>" triggered "kill_assist"
L 02/25/2024 - 21:28:03: "[Ikko] 3LOW<15><STEAM_0:0:67890711><NSF>" say_team "100 Support zr68c"
L 02/25/2024 - 21:28:22: "[ikko] Dommy<8><STEAM_0:1:15299509><NSF>" killed "[MERCxican] Wahaha-<14><STEAM_0:1:17526508><Jinrai>" with "mx"
L 02/25/2024 - 21:28:22: "[MERCxican] Wahaha-<14><STEAM_0:1:17526508><Jinrai>" say_team "100 Support mx"
L 02/25/2024 - 21:28:43: "[AUX-] Nutnoze<16><STEAM_0:1:9530793><Jinrai>" killed "[someikko] somerusher<9><STEAM_0:1:57157309><NSF>" with "mx"
L 02/25/2024 - 21:28:43: "[someikko] somerusher<9><STEAM_0:1:57157309><NSF>" say_team "80 Assault mx"
L 02/25/2024 - 21:28:48: "[AUX-] Oni<13><STEAM_0:1:10174276><Jinrai>" killed "[ikko] Shinra (Ikki)<5><STEAM_0:0:17487274><NSF>" with "zr68c"
L 02/25/2024 - 21:28:48: "[AUX-] Phorce_Phed<7><STEAM_0:1:9863507><Jinrai>" triggered "kill_assist"
L 02/25/2024 - 21:28:48: "[ikko] Shinra (Ikki)<5><STEAM_0:0:17487274><NSF>" say_team "90 Support zr68c"
L 02/25/2024 - 21:28:54: "[ikko] The_Legoracer<6><STEAM_0:1:38534131><NSF>" killed "[AUX-] Oni<13><STEAM_0:1:10174276><Jinrai>" with "mx"
L 02/25/2024 - 21:29:07: "[AUX-] Blåberry<4><STEAM_0:1:20365268><Jinrai>" killed "[ikko] Dommy<8><STEAM_0:1:15299509><NSF>" with "mx"
L 02/25/2024 - 21:29:07: "[ikko] Dommy<8><STEAM_0:1:15299509><NSF>" say_team "59 Recon mx"
L 02/25/2024 - 21:29:09: "[ikko] The_Legoracer<6><STEAM_0:1:38534131><NSF>" killed "[AUX-] Blåberry<4><STEAM_0:1:20365268><Jinrai>" with "mx"
L 02/25/2024 - 21:29:52: "[ikko] The_Legoracer<6><STEAM_0:1:38534131><NSF>" killed "[AUX-] Nutnoze<16><STEAM_0:1:9530793><Jinrai>" with "mx"
L 02/25/2024 - 21:30:54: "[Ikko] 3LOW<15><STEAM_0:0:67890711><NSF>" killed "[MERCxican] Wahaha-<14><STEAM_0:1:17526508><Jinrai>" with "grenade_projectile"
L 02/25/2024 - 21:30:54: "[MERCxican] Wahaha-<14><STEAM_0:1:17526508><Jinrai>" say_team "100 Assault grenade_projectile"
L 02/25/2024 - 21:31:28: "[ikko] Shinra (Ikki)<5><STEAM_0:0:17487274><NSF>" killed "[AUX-] Blåberry<4><STEAM_0:1:20365268><Jinrai>" with "mx"
L 02/25/2024 - 21:31:31: "[someikko] somerusher<9><STEAM_0:1:57157309><NSF>" killed "[AUX-] Nutnoze<16><STEAM_0:1:9530793><Jinrai>" with "mx"
L 02/25/2024 - 21:31:34: "[AUX-] Oni<13><STEAM_0:1:10174276><Jinrai>" killed "[ikko] Shinra (Ikki)<5><STEAM_0:0:17487274><NSF>" with "zr68c"
L 02/25/2024 - 21:31:34: "[ikko] Shinra (Ikki)<5><STEAM_0:0:17487274><NSF>" say_team "37 Support zr68c"
L 02/25/2024 - 21:31:38: "[Ikko] 3LOW<15><STEAM_0:0:67890711><NSF>" committed suicide with "world"
L 02/25/2024 - 21:31:38: "[AUX-] Phorce_Phed<7><STEAM_0:1:9863507><Jinrai>" triggered "kill_assist"
L 02/25/2024 - 21:31:53: "[AUX-] Phorce_Phed<7><STEAM_0:1:9863507><Jinrai>" killed "[someikko] somerusher<9><STEAM_0:1:57157309><NSF>" with "mx"
L 02/25/2024 - 21:31:53: "[AUX-] Nutnoze<16><STEAM_0:1:9530793><Jinrai>" triggered "kill_assist"
L 02/25/2024 - 21:31:53: "[someikko] somerusher<9><STEAM_0:1:57157309><NSF>" say_team "100 Assault mx"
L 02/25/2024 - 21:31:55: "[AUX-] Phorce_Phed<7><STEAM_0:1:9863507><Jinrai>" killed "[ikko] The_Legoracer<6><STEAM_0:1:38534131><NSF>" with "mx"
L 02/25/2024 - 21:31:55: "[ikko] The_Legoracer<6><STEAM_0:1:38534131><NSF>" say_team "59 Assault mx"
L 02/25/2024 - 21:32:26: "[ikko] Dommy<8><STEAM_0:1:15299509><NSF>" killed "[AUX-] Oni<13><STEAM_0:1:10174276><Jinrai>" with "mx"
L 02/25/2024 - 21:32:26: "[ikko] Shinra (Ikki)<5><STEAM_0:0:17487274><NSF>" triggered "kill_assist"
L 02/25/2024 - 21:32:44: "[ikko] Dommy<8><STEAM_0:1:15299509><NSF>" killed "[AUX-] Phorce_Phed<7><STEAM_0:1:9863507><Jinrai>" with "mx"
L 02/25/2024 - 21:33:16: "[someikko] somerusher<9><STEAM_0:1:57157309><NSF>" killed "[MERCxican] Wahaha-<14><STEAM_0:1:17526508><Jinrai>" with "mx"
L 02/25/2024 - 21:33:16: "[MERCxican] Wahaha-<14><STEAM_0:1:17526508><Jinrai>" say_team "100 Assault mx"
L 02/25/2024 - 21:33:18: "[someikko] somerusher<9><STEAM_0:1:57157309><NSF>" killed "[AUX-] Phorce_Phed<7><STEAM_0:1:9863507><Jinrai>" with "mx"
L 02/25/2024 - 21:33:19: "[AUX-] Blåberry<4><STEAM_0:1:20365268><Jinrai>" killed "[ikko] Shinra (Ikki)<5><STEAM_0:0:17487274><NSF>" with "mx"
L 02/25/2024 - 21:33:20: "[ikko] Shinra (Ikki)<5><STEAM_0:0:17487274><NSF>" say_team "69 Recon mx"
L 02/25/2024 - 21:33:40: "[AUX-] Nutnoze<16><STEAM_0:1:9530793><Jinrai>" killed "[ikko] Dommy<8><STEAM_0:1:15299509><NSF>" with "mx"
L 02/25/2024 - 21:33:40: "[ikko] Dommy<8><STEAM_0:1:15299509><NSF>" say_team "100 Assault mx"
L 02/25/2024 - 21:35:04: "[Ikko] 3LOW<15><STEAM_0:0:67890711><NSF>" killed "[AUX-] Blåberry<4><STEAM_0:1:20365268><Jinrai>" with "mx"
L 02/25/2024 - 21:35:05: "[AUX-] Nutnoze<16><STEAM_0:1:9530793><Jinrai>" killed "[someikko] somerusher<9><STEAM_0:1:57157309><NSF>" with "mx"
L 02/25/2024 - 21:35:05: "[someikko] somerusher<9><STEAM_0:1:57157309><NSF>" say_team "100 Assault mx"
L 02/25/2024 - 21:35:07: "[AUX-] Oni<13><STEAM_0:1:10174276><Jinrai>" killed "[Ikko] 3LOW<15><STEAM_0:0:67890711><NSF>" with "mx"
L 02/25/2024 - 21:35:07: "[AUX-] Blåberry<4><STEAM_0:1:20365268><Jinrai>" triggered "kill_assist"
L 02/25/2024 - 21:35:08: "[Ikko] 3LOW<15><STEAM_0:0:67890711><NSF>" say_team "72 Support mx"
L 02/25/2024 - 21:35:58: "[ikko] The_Legoracer<6><STEAM_0:1:38534131><NSF>" killed "[AUX-] Phorce_Phed<7><STEAM_0:1:9863507><Jinrai>" with "mx"
L 02/25/2024 - 21:36:21: "[ikko] Shinra (Ikki)<5><STEAM_0:0:17487274><NSF>" killed "[AUX-] Blåberry<4><STEAM_0:1:20365268><Jinrai>" with "mx"
L 02/25/2024 - 21:36:21: "[someikko] somerusher<9><STEAM_0:1:57157309><NSF>" triggered "kill_assist"
L 02/25/2024 - 21:36:23: "[ikko] Shinra (Ikki)<5><STEAM_0:0:17487274><NSF>" killed "[AUX-] Oni<13><STEAM_0:1:10174276><Jinrai>" with "mx"
L 02/25/2024 - 21:36:23: "[someikko] somerusher<9><STEAM_0:1:57157309><NSF>" triggered "kill_assist"
L 02/25/2024 - 21:36:35: "[Ikko] 3LOW<15><STEAM_0:0:67890711><NSF>" killed "[MERCxican] Wahaha-<14><STEAM_0:1:17526508><Jinrai>" with "mx"
L 02/25/2024 - 21:36:36: "[MERCxican] Wahaha-<14><STEAM_0:1:17526508><Jinrai>" say_team "100 Assault mx"
L 02/25/2024 - 21:36:38: "[AUX-] Nutnoze<16><STEAM_0:1:9530793><Jinrai>" killed "[ikko] Dommy<8><STEAM_0:1:15299509><NSF>" with "mx"
L 02/25/2024 - 21:36:38: "[ikko] Dommy<8><STEAM_0:1:15299509><NSF>" say_team "100 Assault mx"
L 02/25/2024 - 21:36:41: "[AUX-] Nutnoze<16><STEAM_0:1:9530793><Jinrai>" killed "[ikko] Shinra (Ikki)<5><STEAM_0:0:17487274><NSF>" with "mx"
L 02/25/2024 - 21:36:41: "[ikko] Shinra (Ikki)<5><STEAM_0:0:17487274><NSF>" say_team "93 Assault mx"
L 02/25/2024 - 21:36:42: "[ikko] The_Legoracer<6><STEAM_0:1:38534131><NSF>" killed "[AUX-] Nutnoze<16><STEAM_0:1:9530793><Jinrai>" with "mx"
L 02/25/2024 - 21:37:36: "[ikko] The_Legoracer<6><STEAM_0:1:38534131><NSF>" killed "[AUX-] Nutnoze<16><STEAM_0:1:9530793><Jinrai>" with "mx"
L 02/25/2024 - 21:37:41: "[AUX-] Oni<13><STEAM_0:1:10174276><Jinrai>" killed "[someikko] somerusher<9><STEAM_0:1:57157309><NSF>" with "zr68c"
L 02/25/2024 - 21:37:41: "[someikko] somerusher<9><STEAM_0:1:57157309><NSF>" say_team "50 Support zr68c"
L 02/25/2024 - 21:37:41: "[ikko] The_Legoracer<6><STEAM_0:1:38534131><NSF>" killed "[AUX-] Oni<13><STEAM_0:1:10174276><Jinrai>" with "mx"
L 02/25/2024 - 21:37:52: "[MERCxican] Wahaha-<14><STEAM_0:1:17526508><Jinrai>" killed "[ikko] The_Legoracer<6><STEAM_0:1:38534131><NSF>" with "mx"
L 02/25/2024 - 21:37:52: "[ikko] The_Legoracer<6><STEAM_0:1:38534131><NSF>" say_team "74 Assault mx"
L 02/25/2024 - 21:37:54: "[AUX-] Blåberry<4><STEAM_0:1:20365268><Jinrai>" killed "[ikko] Shinra (Ikki)<5><STEAM_0:0:17487274><NSF>" with "mx"
L 02/25/2024 - 21:37:54: "[ikko] Shinra (Ikki)<5><STEAM_0:0:17487274><NSF>" say_team "100 Recon mx"
L 02/25/2024 - 21:37:59: "[AUX-] Blåberry<4><STEAM_0:1:20365268><Jinrai>" killed "[Ikko] 3LOW<15><STEAM_0:0:67890711><NSF>" with "mx"
L 02/25/2024 - 21:37:59: "[Ikko] 3LOW<15><STEAM_0:0:67890711><NSF>" say_team "100 Recon mx"
L 02/25/2024 - 21:39:36: "[AUX-] Blåberry<4><STEAM_0:1:20365268><Jinrai>" killed "[ikko] Dommy<8><STEAM_0:1:15299509><NSF>" with "mx"
L 02/25/2024 - 21:39:36: "[AUX-] Nutnoze<16><STEAM_0:1:9530793><Jinrai>" triggered "kill_assist"
L 02/25/2024 - 21:39:36: "[ikko] Dommy<8><STEAM_0:1:15299509><NSF>" say_team "78 Recon mx"
L 02/25/2024 - 21:40:18: "[ikko] The_Legoracer<6><STEAM_0:1:38534131><NSF>" killed "[AUX-] Nutnoze<16><STEAM_0:1:9530793><Jinrai>" with "mx"
L 02/25/2024 - 21:40:20: "[AUX-] Oni<13><STEAM_0:1:10174276><Jinrai>" killed "[Ikko] 3LOW<15><STEAM_0:0:67890711><NSF>" with "zr68c"
L 02/25/2024 - 21:40:20: "[Ikko] 3LOW<15><STEAM_0:0:67890711><NSF>" say_team "19 Support zr68c"
L 02/25/2024 - 21:40:20: "[MERCxican] Wahaha-<14><STEAM_0:1:17526508><Jinrai>" killed "[someikko] somerusher<9><STEAM_0:1:57157309><NSF>" with "mx"
L 02/25/2024 - 21:40:20: "[AUX-] Nutnoze<16><STEAM_0:1:9530793><Jinrai>" triggered "kill_assist"
L 02/25/2024 - 21:40:21: "[someikko] somerusher<9><STEAM_0:1:57157309><NSF>" say_team "100 Assault mx"
L 02/25/2024 - 21:41:24: "[MERCxican] Wahaha-<14><STEAM_0:1:17526508><Jinrai>" killed "[ikko] Dommy<8><STEAM_0:1:15299509><NSF>" with "mx"
L 02/25/2024 - 21:41:24: "[AUX-] Oni<13><STEAM_0:1:10174276><Jinrai>" triggered "kill_assist"
L 02/25/2024 - 21:41:24: "[ikko] Dommy<8><STEAM_0:1:15299509><NSF>" say_team "23 Assault mx"
L 02/25/2024 - 21:41:25: "[ikko] The_Legoracer<6><STEAM_0:1:38534131><NSF>" killed "[MERCxican] Wahaha-<14><STEAM_0:1:17526508><Jinrai>" with "mx"
L 02/25/2024 - 21:41:26: "[MERCxican] Wahaha-<14><STEAM_0:1:17526508><Jinrai>" say_team "91 Assault mx"
L 02/25/2024 - 21:41:32: "[AUX-] Blåberry<4><STEAM_0:1:20365268><Jinrai>" killed "[ikko] The_Legoracer<6><STEAM_0:1:38534131><NSF>" with "mx"
L 02/25/2024 - 21:41:32: "[ikko] The_Legoracer<6><STEAM_0:1:38534131><NSF>" say_team "58 Recon mx"
L 02/25/2024 - 21:41:33: "[ikko] Shinra (Ikki)<5><STEAM_0:0:17487274><NSF>" killed "[AUX-] Blåberry<4><STEAM_0:1:20365268><Jinrai>" with "mx"
L 02/25/2024 - 21:42:34: "[AUX-] Phorce_Phed<7><STEAM_0:1:9863507><Jinrai>" killed "[ikko] Shinra (Ikki)<5><STEAM_0:0:17487274><NSF>" with "mx"
L 02/25/2024 - 21:42:34: "[ikko] Shinra (Ikki)<5><STEAM_0:0:17487274><NSF>" say_team "52 Assault mx"
L 02/25/2024 - 21:42:38: "[AUX-] Oni<13><STEAM_0:1:10174276><Jinrai>" say "gr"
L 02/25/2024 - 21:42:41: "[AUX-] Blåberry<4><STEAM_0:1:20365268><Jinrai>" say "gg"
L 02/25/2024 - 21:42:42: "[ikko] The_Legoracer<6><STEAM_0:1:38534131><NSF>" say "ggs ^^"
L 02/25/2024 - 21:42:43: "[ikko] Dommy<8><STEAM_0:1:15299509><NSF>" say "gg"
L 02/25/2024 - 21:42:54: "[AUX-] Oni<13><STEAM_0:1:10174276><Jinrai>" say "moving to bon"
L 02/25/2024 - 21:42:57: "[ikko] Dommy<8><STEAM_0:1:15299509><NSF>" say "yeag"
L 02/25/2024 - 21:42:57: "[AUX-] Oni<13><STEAM_0:1:10174276><Jinrai>" disconnected (reason "Disconnect by user.")
L 02/25/2024 - 21:42:59: "[ikko] Dommy<8><STEAM_0:1:15299509><NSF>" disconnected (reason "Disconnect by user.")
L 02/25/2024 - 21:43:02: "[Cast] Syz<10><STEAM_0:0:82019396><Spectator>" disconnected (reason "Disconnect by user.")
L 02/25/2024 - 21:43:04: "[someikko] somerusher<9><STEAM_0:1:57157309><NSF>" disconnected (reason "Disconnect by user.")
L 02/25/2024 - 21:43:05: "[ikko] Shinra (Ikki)<5><STEAM_0:0:17487274><NSF>" disconnected (reason "Disconnect by user.")
L 02/25/2024 - 21:43:11: "[AUX-] Phorce_Phed<7><STEAM_0:1:9863507><Jinrai>" disconnected (reason "Disconnect by user.")
L 02/25/2024 - 21:43:18: "[AUX-] Nutnoze<16><STEAM_0:1:9530793><Jinrai>" disconnected (reason "Disconnect by user.")
L 02/25/2024 - 21:43:18: "[AUX-] Blåberry<4><STEAM_0:1:20365268><Jinrai>" disconnected (reason "Disconnect by user.")
L 02/25/2024 - 21:43:20: "[MERCxican] Wahaha-<14><STEAM_0:1:17526508><Jinrai>" disconnected (reason "Disconnect by user.")
L 02/25/2024 - 21:43:33: "[Ikko] 3LOW<15><STEAM_0:0:67890711><NSF>" disconnected (reason "Disconnect by user.")
L 02/25/2024 - 21:43:43: "[ikko] The_Legoracer<6><STEAM_0:1:38534131><NSF>" disconnected (reason "Disconnect by user.")
L 02/25/2024 - 21:44:03: "[stream] DESTROYGIRL<11><STEAM_0:0:82737074><Spectator>" disconnected (reason "Disconnect by user.")
L 02/25/2024 - 21:44:14: "kino<17><STEAM_ID_PENDING><>" connected, address "213.219.122.223:27005"
L 02/25/2024 - 21:44:14: "kino<17><STEAM_0:0:83067719><>" STEAM USERID validated
L 02/25/2024 - 21:44:41: "kino<17><STEAM_0:0:83067719><>" entered the game
L 02/25/2024 - 21:44:44: "kino<17><STEAM_0:0:83067719><Unassigned>" joined team "Spectator"
L 02/25/2024 - 21:44:49: "[MERCxican] Wahaha-<18><STEAM_ID_PENDING><>" connected, address "76.133.237.17:27005"
L 02/25/2024 - 21:44:49: "[MERCxican] Wahaha-<18><STEAM_0:1:17526508><>" STEAM USERID validated
L 02/25/2024 - 21:44:51: "[MERCxican] Wahaha-<18><STEAM_0:1:17526508><>" entered the game
L 02/25/2024 - 21:44:57: "kino<17><STEAM_0:0:83067719><Spectator>" disconnected (reason "Disconnect by user.")
L 02/25/2024 - 21:45:07: "[MERCxican] Wahaha-<18><STEAM_0:1:17526508><Unassigned>" joined team "Spectator"
L 02/25/2024 - 21:45:22: "[MERCxican] Wahaha-<18><STEAM_0:1:17526508><>" disconnected (reason "Connection closing")
L 02/25/2024 - 21:45:22: "[MERCxican] Wahaha-<19><STEAM_ID_PENDING><>" connected, address "76.133.237.17:27005"
L 02/25/2024 - 21:45:22: "[MERCxican] Wahaha-<19><STEAM_0:1:17526508><>" STEAM USERID validated
L 02/25/2024 - 21:45:34: "[MERCxican] Wahaha-<19><STEAM_0:1:17526508><>" entered the game
L 02/25/2024 - 21:45:36: "[MERCxican] Wahaha-<19><STEAM_0:1:17526508><Unassigned>" joined team "Spectator"
L 02/25/2024 - 21:45:43: "[MERCxican] Wahaha-<19><STEAM_0:1:17526508><Spectator>" changed name to "[MXican] Wahaha-"
L 02/25/2024 - 21:45:50: "[MXican] Wahaha-<19><STEAM_0:1:17526508><Spectator>" disconnected (reason "Disconnect by user.")
L 02/25/2024 - 21:46:10: "[MXican] Wahaha-<20><STEAM_ID_PENDING><>" connected, address "76.133.237.17:27005"
L 02/25/2024 - 21:46:10: "[MXican] Wahaha-<20><STEAM_0:1:17526508><>" STEAM USERID validated
L 02/25/2024 - 21:46:13: "[MXican] Wahaha-<20><STEAM_0:1:17526508><>" entered the game
L 02/25/2024 - 21:46:15: "[MXican] Wahaha-<20><STEAM_0:1:17526508><Unassigned>" joined team "Spectator"
L 02/25/2024 - 21:46:21: "[MXican] Wahaha-<20><STEAM_0:1:17526508><Spectator>" changed name to "[MXican] Wahaha- AFK"
L 02/25/2024 - 21:46:54: "[ZRS] Infrequent<21><STEAM_ID_PENDING><>" connected, address "86.169.55.78:27005"
L 02/25/2024 - 21:46:54: "[ZRS] Infrequent<21><STEAM_0:1:6384081><>" STEAM USERID validated
L 02/25/2024 - 21:47:08: "[AWZ] Hosomi<22><STEAM_ID_PENDING><>" connected, address "51.14.135.38:27005"
L 02/25/2024 - 21:47:08: "[AWZ] Hosomi<22><STEAM_0:0:51357353><>" STEAM USERID validated
L 02/25/2024 - 21:47:12: "[ZRS] Infrequent<21><STEAM_0:1:6384081><>" entered the game
L 02/25/2024 - 21:47:14: "[ZRS] Infrequent<21><STEAM_0:1:6384081><Unassigned>" joined team "Spectator"
L 02/25/2024 - 21:47:22: "[DYS] You're Pissed Off<23><STEAM_ID_PENDING><>" connected, address "146.199.224.165:27005"
L 02/25/2024 - 21:47:22: "[DYS] You're Pissed Off<23><STEAM_0:1:44658357><>" STEAM USERID validated
L 02/25/2024 - 21:47:25: "[ZRS] Infrequent<21><STEAM_0:1:6384081><Spectator>" changed name to "[DYS] Infrequent"
L 02/25/2024 - 21:47:40: "[DYS] bauxite<24><STEAM_ID_PENDING><>" connected, address "86.13.114.58:27005"
L 02/25/2024 - 21:47:40: "[DYS] bauxite<24><STEAM_0:0:5757747><>" STEAM USERID validated
L 02/25/2024 - 21:47:44: "[DYS] bauxite<24><STEAM_0:0:5757747><>" entered the game
L 02/25/2024 - 21:47:46: "[DYS] bauxite<24><STEAM_0:0:5757747><Unassigned>" joined team "Spectator"
L 02/25/2024 - 21:47:51: "[AWZ] Hosomi<22><STEAM_0:0:51357353><>" disconnected (reason "Disconnect by user.")
L 02/25/2024 - 21:48:02: "[DYS] bauxite<24><STEAM_0:0:5757747><Spectator>" say "!rcon _restart"
L 02/25/2024 - 21:48:02: [META] Loaded 0 plugins (1 already loaded)
L 02/25/2024 - 21:48:02: "[DYS] bauxite<24><STEAM_0:0:5757747><>" disconnected (reason "Server shutting down")
L 02/25/2024 - 21:48:02: "[DYS] You're Pissed Off<23><STEAM_0:1:44658357><>" disconnected (reason "Server shutting down")
L 02/25/2024 - 21:48:02: "[DYS] Infrequent<21><STEAM_0:1:6384081><>" disconnected (reason "Server shutting down")
L 02/25/2024 - 21:48:02: "[MXican] Wahaha- AFK<20><STEAM_0:1:17526508><>" disconnected (reason "Server shutting down")
L 02/25/2024 - 21:48:02: "STV<2><BOT><>" disconnected (reason "Server shutting down")
L 02/25/2024 - 21:48:03: server_message: "quit"
L 02/25/2024 - 21:48:03: Log file closed
