L 02/04/2024 - 19:11:02: Log file started (file "logs\L0204053.log") (game "z:\home\steam\steam\steamapps\common\nt\NeotokyoSource") (version "4044")
L 02/04/2024 - 19:11:02: server_cvar: "sv_pausable" "0"
L 02/04/2024 - 19:11:02: server_cvar: "sv_contact" "baux.site"
L 02/04/2024 - 19:11:02: server_cvar: "sv_gravity" "800"
L 02/04/2024 - 19:11:02: server_cvar: "mp_friendlyfire" "1"
L 02/04/2024 - 19:11:03: "[someikko] somerusher<6><STEAM_0:1:57157309><>" entered the game
L 02/04/2024 - 19:11:03: "[ikko] Dommy<7><STEAM_0:1:15299509><>" entered the game
L 02/04/2024 - 19:11:03: "suna<11><STEAM_0:1:29157668><>" entered the game
L 02/04/2024 - 19:11:03: "Agiel<12><STEAM_0:1:25025><>" entered the game
L 02/04/2024 - 19:11:04: "soft as HELL<4><STEAM_0:1:14747705><>" entered the game
L 02/04/2024 - 19:11:04: "[GB] Puddy<13><STEAM_0:1:19453780><>" entered the game
L 02/04/2024 - 19:11:04: "[ikko] The_Legoracer<10><STEAM_0:1:38534131><>" entered the game
L 02/04/2024 - 19:11:04: "[GB] Rain ☆彡<8><STEAM_0:0:15075092><>" entered the game
L 02/04/2024 - 19:11:04: "[Ikko] Shinra (Ikki)<14><STEAM_0:0:17487274><>" entered the game
L 02/04/2024 - 19:11:04: "[Disembodied Camera] Oni<16><STEAM_ID_PENDING><>" connected, address "71.195.46.232:27005"
L 02/04/2024 - 19:11:04: "[Disembodied Camera] Oni<16><STEAM_0:1:10174276><>" STEAM USERID validated
L 02/04/2024 - 19:11:05: "suna<11><STEAM_0:1:29157668><Unassigned>" joined team "Jinrai"
L 02/04/2024 - 19:11:06: "[someikko] somerusher<6><STEAM_0:1:57157309><Unassigned>" joined team "NSF"
L 02/04/2024 - 19:11:06: "[Ikko] 3LOW<15><STEAM_0:0:67890711><>" entered the game
L 02/04/2024 - 19:11:07: "[GB] Rain ☆彡<8><STEAM_0:0:15075092><Unassigned>" joined team "Jinrai"
L 02/04/2024 - 19:11:07: "casternoko<9><STEAM_0:0:83067719><>" entered the game
L 02/04/2024 - 19:11:07: "soft as HELL<4><STEAM_0:1:14747705><Unassigned>" joined team "Jinrai"
L 02/04/2024 - 19:11:07: "[GB] Puddy<13><STEAM_0:1:19453780><Unassigned>" joined team "Jinrai"
L 02/04/2024 - 19:11:07: "[Disembodied Camera] Oni<16><STEAM_0:1:10174276><>" entered the game
L 02/04/2024 - 19:11:07: "[ikko] The_Legoracer<10><STEAM_0:1:38534131><Unassigned>" joined team "NSF"
L 02/04/2024 - 19:11:08: "[Ikko] Shinra (Ikki)<14><STEAM_0:0:17487274><Unassigned>" joined team "NSF"
L 02/04/2024 - 19:11:08: "[Ikko] 3LOW<15><STEAM_0:0:67890711><Unassigned>" joined team "NSF"
L 02/04/2024 - 19:11:09: "[ikko] Dommy<7><STEAM_0:1:15299509><Unassigned>" joined team "NSF"
L 02/04/2024 - 19:11:09: "Agiel<12><STEAM_0:1:25025><Unassigned>" joined team "Jinrai"
L 02/04/2024 - 19:11:10: "[Disembodied Camera] Oni<16><STEAM_0:1:10174276><Unassigned>" joined team "Spectator"
L 02/04/2024 - 19:11:13: "[Disembodied Camera] Oni<16><STEAM_0:1:10174276><Spectator>" say "!setobserver"
L 02/04/2024 - 19:11:19: "[GB] Puddy<13><STEAM_0:1:19453780><Jinrai>" say "!ready"
L 02/04/2024 - 19:11:21: "[GB] Rain ☆彡<8><STEAM_0:0:15075092><Jinrai>" say_team "!ready"
L 02/04/2024 - 19:11:22: "[Ikko] 3LOW<15><STEAM_0:0:67890711><NSF>" say_team "!ready"
L 02/04/2024 - 19:11:23: "[someikko] somerusher<6><STEAM_0:1:57157309><NSF>" say "!ready"
L 02/04/2024 - 19:11:23: "casternoko<9><STEAM_0:0:83067719><Unassigned>" joined team "Spectator"
L 02/04/2024 - 19:11:24: "Agiel<12><STEAM_0:1:25025><Jinrai>" say "!ready"
L 02/04/2024 - 19:11:29: "[ikko] Dommy<7><STEAM_0:1:15299509><NSF>" say "!ready"
L 02/04/2024 - 19:11:32: "[Ikko] Shinra (Ikki)<14><STEAM_0:0:17487274><NSF>" say "!ready"
L 02/04/2024 - 19:11:33: "suna<11><STEAM_0:1:29157668><Jinrai>" say "!ready"
L 02/04/2024 - 19:11:47: "[Ikko] Shinra (Ikki)<14><STEAM_0:0:17487274><NSF>" say "1st ddos of the tournament"
L 02/04/2024 - 19:11:52: "[Disembodied Camera] Oni<16><STEAM_0:1:10174276><Spectator>" say "please don't mention that"
L 02/04/2024 - 19:12:03: "[GB] Puddy<13><STEAM_0:1:19453780><Jinrai>" say "!ready"
L 02/04/2024 - 19:12:03: "[CASTHARA] Syz (free ts2)<17><STEAM_ID_PENDING><>" connected, address "90.213.209.147:27005"
L 02/04/2024 - 19:12:03: "[CASTHARA] Syz (free ts2)<17><STEAM_0:0:82019396><>" STEAM USERID validated
L 02/04/2024 - 19:12:05: "[CASTHARA] Syz (free ts2)<17><STEAM_0:0:82019396><>" entered the game
L 02/04/2024 - 19:12:07: "[CASTHARA] Syz (free ts2)<17><STEAM_0:0:82019396><Unassigned>" joined team "Spectator"
L 02/04/2024 - 19:12:10: "[ikko] Dommy<7><STEAM_0:1:15299509><NSF>" say "!ready"
L 02/04/2024 - 19:12:16: "[ikko] The_Legoracer<10><STEAM_0:1:38534131><NSF>" say "!ready"
L 02/04/2024 - 19:12:20: "[GB] Rain ☆彡<8><STEAM_0:0:15075092><Jinrai>" say "glhf"
L 02/04/2024 - 19:12:21: "Agiel<12><STEAM_0:1:25025><Jinrai>" say "gl hf"
L 02/04/2024 - 19:12:22: "[ikko] The_Legoracer<10><STEAM_0:1:38534131><NSF>" say "gl hf <3"
L 02/04/2024 - 19:12:24: "suna<11><STEAM_0:1:29157668><Jinrai>" say "glhf"
L 02/04/2024 - 19:12:27: "[GB] Puddy<13><STEAM_0:1:19453780><Jinrai>" say "glhf"
L 02/04/2024 - 19:12:35: "[ikko] Dommy<7><STEAM_0:1:15299509><NSF>" say "GL HF"
L 02/04/2024 - 19:13:09: "[Ikko] Shinra (Ikki)<14><STEAM_0:0:17487274><NSF>" killed "soft as HELL<4><STEAM_0:1:14747705><Jinrai>" with "srm"
L 02/04/2024 - 19:13:09: "soft as HELL<4><STEAM_0:1:14747705><Jinrai>" say_team "100 Support srm"
L 02/04/2024 - 19:13:17: "[Ikko] 3LOW<15><STEAM_0:0:67890711><NSF>" killed "[GB] Puddy<13><STEAM_0:1:19453780><Jinrai>" with "zr68s"
L 02/04/2024 - 19:13:17: "[GB] Puddy<13><STEAM_0:1:19453780><Jinrai>" say_team "100 Assault zr68s"
L 02/04/2024 - 19:13:25: Team "Jinrai" triggered "ghost_capture_team"
L 02/04/2024 - 19:13:25: "suna<11><STEAM_0:1:29157668><Jinrai>" triggered "ghost_capture"
L 02/04/2024 - 19:13:28: "suna<11><STEAM_0:1:29157668><Jinrai>" killed "[ikko] Dommy<7><STEAM_0:1:15299509><NSF>" with "milso"
L 02/04/2024 - 19:13:33: "suna<11><STEAM_0:1:29157668><Jinrai>" killed "[Ikko] 3LOW<15><STEAM_0:0:67890711><NSF>" with "milso"
L 02/04/2024 - 19:13:33: "[ikko] The_Legoracer<10><STEAM_0:1:38534131><NSF>" killed "suna<11><STEAM_0:1:29157668><Jinrai>" with "zr68s"
L 02/04/2024 - 19:13:33: "suna<11><STEAM_0:1:29157668><Jinrai>" say_team "84 Assault zr68s"
L 02/04/2024 - 19:13:39: "[someikko] somerusher<6><STEAM_0:1:57157309><NSF>" killed "Agiel<12><STEAM_0:1:25025><Jinrai>" with "zr68s"
L 02/04/2024 - 19:13:39: "Agiel<12><STEAM_0:1:25025><Jinrai>" say_team "100 Assault zr68s"
L 02/04/2024 - 19:14:07: "[Ikko] 3LOW<15><STEAM_0:0:67890711><NSF>" killed "[GB] Rain ☆彡<8><STEAM_0:0:15075092><Jinrai>" with "zr68s"
L 02/04/2024 - 19:14:07: "[GB] Rain ☆彡<8><STEAM_0:0:15075092><Jinrai>" say_team "100 Assault zr68s"
L 02/04/2024 - 19:14:08: "[GB] Puddy<13><STEAM_0:1:19453780><Jinrai>" killed "[ikko] Dommy<7><STEAM_0:1:15299509><NSF>" with "zr68s"
L 02/04/2024 - 19:14:20: "[someikko] somerusher<6><STEAM_0:1:57157309><NSF>" killed "soft as HELL<4><STEAM_0:1:14747705><Jinrai>" with "zr68s"
L 02/04/2024 - 19:14:20: "soft as HELL<4><STEAM_0:1:14747705><Jinrai>" say_team "52 Assault zr68s"
L 02/04/2024 - 19:14:26: "[GB] Puddy<13><STEAM_0:1:19453780><Jinrai>" killed "[Ikko] Shinra (Ikki)<14><STEAM_0:0:17487274><NSF>" with "zr68s"
L 02/04/2024 - 19:14:47: "[someikko] somerusher<6><STEAM_0:1:57157309><NSF>" killed "suna<11><STEAM_0:1:29157668><Jinrai>" with "zr68s"
L 02/04/2024 - 19:14:47: "suna<11><STEAM_0:1:29157668><Jinrai>" say_team "52 Assault zr68s"
L 02/04/2024 - 19:14:49: "[someikko] somerusher<6><STEAM_0:1:57157309><NSF>" killed "[GB] Puddy<13><STEAM_0:1:19453780><Jinrai>" with "zr68s"
L 02/04/2024 - 19:14:49: "[ikko] Dommy<7><STEAM_0:1:15299509><NSF>" triggered "kill_assist"
L 02/04/2024 - 19:14:49: "[GB] Puddy<13><STEAM_0:1:19453780><Jinrai>" say_team "52 Assault zr68s"
L 02/04/2024 - 19:14:51: "Agiel<12><STEAM_0:1:25025><Jinrai>" killed "[someikko] somerusher<6><STEAM_0:1:57157309><NSF>" with "mx"
L 02/04/2024 - 19:14:53: "[ikko] The_Legoracer<10><STEAM_0:1:38534131><NSF>" killed "Agiel<12><STEAM_0:1:25025><Jinrai>" with "zr68s"
L 02/04/2024 - 19:14:53: "Agiel<12><STEAM_0:1:25025><Jinrai>" say_team "48 Assault zr68s"
L 02/04/2024 - 19:14:59: "[GB] Rain ☆彡<8><STEAM_0:0:15075092><Jinrai>" say_team "!settings"
L 02/04/2024 - 19:15:21: "suna<11><STEAM_0:1:29157668><Jinrai>" say "!settings"
L 02/04/2024 - 19:15:45: "[someikko] somerusher<6><STEAM_0:1:57157309><NSF>" killed "soft as HELL<4><STEAM_0:1:14747705><Jinrai>" with "zr68s"
L 02/04/2024 - 19:15:45: "soft as HELL<4><STEAM_0:1:14747705><Jinrai>" say_team "100 Assault zr68s"
L 02/04/2024 - 19:16:00: "[Ikko] Shinra (Ikki)<14><STEAM_0:0:17487274><NSF>" killed "[GB] Puddy<13><STEAM_0:1:19453780><Jinrai>" with "srm"
L 02/04/2024 - 19:16:00: "[GB] Puddy<13><STEAM_0:1:19453780><Jinrai>" say_team "100 Support srm"
L 02/04/2024 - 19:16:06: "Agiel<12><STEAM_0:1:25025><Jinrai>" killed "[ikko] Dommy<7><STEAM_0:1:15299509><NSF>" with "mx"
L 02/04/2024 - 19:16:09: "[ikko] The_Legoracer<10><STEAM_0:1:38534131><NSF>" killed "[GB] Rain ☆彡<8><STEAM_0:0:15075092><Jinrai>" with "srm"
L 02/04/2024 - 19:16:09: "[GB] Rain ☆彡<8><STEAM_0:0:15075092><Jinrai>" say_team "46 Assault srm"
L 02/04/2024 - 19:16:10: "suna<11><STEAM_0:1:29157668><Jinrai>" killed "[Ikko] 3LOW<15><STEAM_0:0:67890711><NSF>" with "jittescoped"
L 02/04/2024 - 19:16:20: "[ikko] The_Legoracer<10><STEAM_0:1:38534131><NSF>" killed "Agiel<12><STEAM_0:1:25025><Jinrai>" with "srm"
L 02/04/2024 - 19:16:20: "Agiel<12><STEAM_0:1:25025><Jinrai>" say_team "46 Assault srm"
L 02/04/2024 - 19:16:26: "suna<11><STEAM_0:1:29157668><Jinrai>" killed "[someikko] somerusher<6><STEAM_0:1:57157309><NSF>" with "jittescoped"
L 02/04/2024 - 19:16:47: "[ikko] The_Legoracer<10><STEAM_0:1:38534131><NSF>" killed "suna<11><STEAM_0:1:29157668><Jinrai>" with "srm"
L 02/04/2024 - 19:16:47: "[someikko] somerusher<6><STEAM_0:1:57157309><NSF>" triggered "kill_assist"
L 02/04/2024 - 19:16:47: "suna<11><STEAM_0:1:29157668><Jinrai>" say_team "46 Assault srm"
L 02/04/2024 - 19:17:25: "[Ikko] 3LOW<15><STEAM_0:0:67890711><NSF>" killed "[GB] Rain ☆彡<8><STEAM_0:0:15075092><Jinrai>" with "zr68s"
L 02/04/2024 - 19:17:25: "[GB] Rain ☆彡<8><STEAM_0:0:15075092><Jinrai>" say_team "100 Assault zr68s"
L 02/04/2024 - 19:17:32: "suna<11><STEAM_0:1:29157668><Jinrai>" committed suicide with "world"
L 02/04/2024 - 19:17:32: "[Ikko] Shinra (Ikki)<14><STEAM_0:0:17487274><NSF>" triggered "kill_assist"
L 02/04/2024 - 19:17:39: "soft as HELL<4><STEAM_0:1:14747705><Jinrai>" killed "[someikko] somerusher<6><STEAM_0:1:57157309><NSF>" with "zr68s"
L 02/04/2024 - 19:17:45: "Agiel<12><STEAM_0:1:25025><Jinrai>" killed "soft as HELL<4><STEAM_0:1:14747705><Jinrai>" with "mx"
L 02/04/2024 - 19:17:45: "[someikko] somerusher<6><STEAM_0:1:57157309><NSF>" triggered "kill_assist"
L 02/04/2024 - 19:17:45: "soft as HELL<4><STEAM_0:1:14747705><Jinrai>" say_team "24 Support mx"
L 02/04/2024 - 19:17:48: "[GB] Puddy<13><STEAM_0:1:19453780><Jinrai>" killed "[ikko] The_Legoracer<10><STEAM_0:1:38534131><NSF>" with "zr68s"
L 02/04/2024 - 19:17:48: "[ikko] The_Legoracer<10><STEAM_0:1:38534131><NSF>" say_team "100 Assault zr68s"
L 02/04/2024 - 19:17:54: "[GB] Puddy<13><STEAM_0:1:19453780><Jinrai>" killed "[ikko] Dommy<7><STEAM_0:1:15299509><NSF>" with "zr68s"
L 02/04/2024 - 19:17:54: "Agiel<12><STEAM_0:1:25025><Jinrai>" triggered "kill_assist"
L 02/04/2024 - 19:18:00: "[Ikko] Shinra (Ikki)<14><STEAM_0:0:17487274><NSF>" killed "[GB] Puddy<13><STEAM_0:1:19453780><Jinrai>" with "mx"
L 02/04/2024 - 19:18:00: "[ikko] Dommy<7><STEAM_0:1:15299509><NSF>" triggered "kill_assist"
L 02/04/2024 - 19:18:00: "[GB] Puddy<13><STEAM_0:1:19453780><Jinrai>" say_team "100 Support mx"
L 02/04/2024 - 19:18:08: "[Ikko] Shinra (Ikki)<14><STEAM_0:0:17487274><NSF>" killed "Agiel<12><STEAM_0:1:25025><Jinrai>" with "mx"
L 02/04/2024 - 19:18:08: "[Ikko] 3LOW<15><STEAM_0:0:67890711><NSF>" triggered "kill_assist"
L 02/04/2024 - 19:18:08: "Agiel<12><STEAM_0:1:25025><Jinrai>" say_team "100 Support mx"
L 02/04/2024 - 19:18:13: "[someikko] somerusher<6><STEAM_0:1:57157309><NSF>" say "thanks for support"
L 02/04/2024 - 19:18:54: "suna<11><STEAM_0:1:29157668><Jinrai>" killed "[ikko] The_Legoracer<10><STEAM_0:1:38534131><NSF>" with "jittescoped"
L 02/04/2024 - 19:18:54: "[ikko] The_Legoracer<10><STEAM_0:1:38534131><NSF>" say_team "75 Recon jittescoped"
L 02/04/2024 - 19:19:00: "[Ikko] 3LOW<15><STEAM_0:0:67890711><NSF>" killed "Agiel<12><STEAM_0:1:25025><Jinrai>" with "mx"
L 02/04/2024 - 19:19:00: "Agiel<12><STEAM_0:1:25025><Jinrai>" say_team "9 Assault mx"
L 02/04/2024 - 19:19:02: "suna<11><STEAM_0:1:29157668><Jinrai>" killed "[Ikko] 3LOW<15><STEAM_0:0:67890711><NSF>" with "jittescoped"
L 02/04/2024 - 19:19:02: "Agiel<12><STEAM_0:1:25025><Jinrai>" triggered "kill_assist"
L 02/04/2024 - 19:19:07: "[Ikko] Shinra (Ikki)<14><STEAM_0:0:17487274><NSF>" killed "[GB] Puddy<13><STEAM_0:1:19453780><Jinrai>" with "mx"
L 02/04/2024 - 19:19:07: "[GB] Puddy<13><STEAM_0:1:19453780><Jinrai>" say_team "98 Support mx"
L 02/04/2024 - 19:19:27: "[someikko] somerusher<6><STEAM_0:1:57157309><NSF>" killed "[GB] Rain ☆彡<8><STEAM_0:0:15075092><Jinrai>" with "mx"
L 02/04/2024 - 19:19:28: "[GB] Rain ☆彡<8><STEAM_0:0:15075092><Jinrai>" say_team "100 Assault mx"
L 02/04/2024 - 19:19:36: "suna<11><STEAM_0:1:29157668><Jinrai>" killed "[Ikko] Shinra (Ikki)<14><STEAM_0:0:17487274><NSF>" with "jittescoped"
L 02/04/2024 - 19:19:45: "[ikko] Dommy<7><STEAM_0:1:15299509><NSF>" killed "suna<11><STEAM_0:1:29157668><Jinrai>" with "kyla"
L 02/04/2024 - 19:19:45: "suna<11><STEAM_0:1:29157668><Jinrai>" say_team "100 Support kyla"
L 02/04/2024 - 19:19:50: "[someikko] somerusher<6><STEAM_0:1:57157309><NSF>" killed "soft as HELL<4><STEAM_0:1:14747705><Jinrai>" with "mx"
L 02/04/2024 - 19:19:50: "soft as HELL<4><STEAM_0:1:14747705><Jinrai>" say_team "66 Assault mx"
L 02/04/2024 - 19:20:29: "[Ikko] 3LOW<15><STEAM_0:0:67890711><NSF>" killed "[GB] Rain ☆彡<8><STEAM_0:0:15075092><Jinrai>" with "mx"
L 02/04/2024 - 19:20:30: "[GB] Rain ☆彡<8><STEAM_0:0:15075092><Jinrai>" say_team "100 Assault mx"
L 02/04/2024 - 19:21:09: "[Ikko] Shinra (Ikki)<14><STEAM_0:0:17487274><NSF>" killed "[GB] Puddy<13><STEAM_0:1:19453780><Jinrai>" with "mx"
L 02/04/2024 - 19:21:09: "[GB] Puddy<13><STEAM_0:1:19453780><Jinrai>" say_team "85 Support mx"
L 02/04/2024 - 19:21:11: "suna<11><STEAM_0:1:29157668><Jinrai>" killed "[ikko] The_Legoracer<10><STEAM_0:1:38534131><NSF>" with "mx"
L 02/04/2024 - 19:21:11: "[ikko] The_Legoracer<10><STEAM_0:1:38534131><NSF>" say_team "43 Assault mx"
L 02/04/2024 - 19:21:11: "[Ikko] Shinra (Ikki)<14><STEAM_0:0:17487274><NSF>" killed "Agiel<12><STEAM_0:1:25025><Jinrai>" with "mx"
L 02/04/2024 - 19:21:11: "[Ikko] 3LOW<15><STEAM_0:0:67890711><NSF>" triggered "kill_assist"
L 02/04/2024 - 19:21:11: "Agiel<12><STEAM_0:1:25025><Jinrai>" say_team "85 Support mx"
L 02/04/2024 - 19:21:13: "soft as HELL<4><STEAM_0:1:14747705><Jinrai>" killed "[Ikko] Shinra (Ikki)<14><STEAM_0:0:17487274><NSF>" with "supa7"
L 02/04/2024 - 19:21:17: Team "NSF" triggered "ghost_capture_team"
L 02/04/2024 - 19:21:17: "[ikko] Dommy<7><STEAM_0:1:15299509><NSF>" triggered "ghost_capture"
L 02/04/2024 - 19:21:21: "soft as HELL<4><STEAM_0:1:14747705><Jinrai>" killed "[Ikko] 3LOW<15><STEAM_0:0:67890711><NSF>" with "mx"
L 02/04/2024 - 19:21:26: "[ikko] Dommy<7><STEAM_0:1:15299509><NSF>" killed "soft as HELL<4><STEAM_0:1:14747705><Jinrai>" with "milso"
L 02/04/2024 - 19:21:26: "[Ikko] 3LOW<15><STEAM_0:0:67890711><NSF>" triggered "kill_assist"
L 02/04/2024 - 19:21:26: "soft as HELL<4><STEAM_0:1:14747705><Jinrai>" say_team "100 Recon milso"
L 02/04/2024 - 19:21:32: "[ikko] Dommy<7><STEAM_0:1:15299509><NSF>" killed "suna<11><STEAM_0:1:29157668><Jinrai>" with "milso"
L 02/04/2024 - 19:21:32: "[ikko] The_Legoracer<10><STEAM_0:1:38534131><NSF>" triggered "kill_assist"
L 02/04/2024 - 19:21:32: "suna<11><STEAM_0:1:29157668><Jinrai>" say_team "100 Recon milso"
L 02/04/2024 - 19:22:04: "[GB] Rain ☆彡<8><STEAM_0:0:15075092><Jinrai>" killed "[ikko] Dommy<7><STEAM_0:1:15299509><NSF>" with "zr68s"
L 02/04/2024 - 19:22:13: "[someikko] somerusher<6><STEAM_0:1:57157309><NSF>" killed "Agiel<12><STEAM_0:1:25025><Jinrai>" with "mx"
L 02/04/2024 - 19:22:13: "Agiel<12><STEAM_0:1:25025><Jinrai>" say_team "39 Assault mx"
L 02/04/2024 - 19:22:16: "[GB] Rain ☆彡<8><STEAM_0:0:15075092><Jinrai>" killed "[someikko] somerusher<6><STEAM_0:1:57157309><NSF>" with "zr68s"
L 02/04/2024 - 19:22:16: "Agiel<12><STEAM_0:1:25025><Jinrai>" triggered "kill_assist"
L 02/04/2024 - 19:22:27: "[Ikko] 3LOW<15><STEAM_0:0:67890711><NSF>" killed "[GB] Rain ☆彡<8><STEAM_0:0:15075092><Jinrai>" with "mx"
L 02/04/2024 - 19:22:27: "[GB] Rain ☆彡<8><STEAM_0:0:15075092><Jinrai>" say_team "56 Assault mx"
L 02/04/2024 - 19:22:34: "[Ikko] 3LOW<15><STEAM_0:0:67890711><NSF>" killed "[GB] Puddy<13><STEAM_0:1:19453780><Jinrai>" with "mx"
L 02/04/2024 - 19:22:34: "[ikko] The_Legoracer<10><STEAM_0:1:38534131><NSF>" triggered "kill_assist"
L 02/04/2024 - 19:22:34: "[GB] Puddy<13><STEAM_0:1:19453780><Jinrai>" say_team "8 Assault mx"
L 02/04/2024 - 19:22:36: "[Ikko] Shinra (Ikki)<14><STEAM_0:0:17487274><NSF>" killed "soft as HELL<4><STEAM_0:1:14747705><Jinrai>" with "mx"
L 02/04/2024 - 19:22:36: "suna<11><STEAM_0:1:29157668><Jinrai>" killed "[Ikko] Shinra (Ikki)<14><STEAM_0:0:17487274><NSF>" with "mx"
L 02/04/2024 - 19:22:36: "soft as HELL<4><STEAM_0:1:14747705><Jinrai>" say_team "26 Support mx"
L 02/04/2024 - 19:22:42: "[ikko] The_Legoracer<10><STEAM_0:1:38534131><NSF>" killed "suna<11><STEAM_0:1:29157668><Jinrai>" with "mx"
L 02/04/2024 - 19:22:42: "suna<11><STEAM_0:1:29157668><Jinrai>" say_team "100 Assault mx"
L 02/04/2024 - 19:23:31: "[Ikko] Shinra (Ikki)<14><STEAM_0:0:17487274><NSF>" killed "suna<11><STEAM_0:1:29157668><Jinrai>" with "mx"
L 02/04/2024 - 19:23:31: "[Ikko] 3LOW<15><STEAM_0:0:67890711><NSF>" triggered "kill_assist"
L 02/04/2024 - 19:23:31: "suna<11><STEAM_0:1:29157668><Jinrai>" say_team "100 Support mx"
L 02/04/2024 - 19:23:34: "Agiel<12><STEAM_0:1:25025><Jinrai>" killed "[Ikko] Shinra (Ikki)<14><STEAM_0:0:17487274><NSF>" with "mx"
L 02/04/2024 - 19:23:42: "[someikko] somerusher<6><STEAM_0:1:57157309><NSF>" killed "[GB] Puddy<13><STEAM_0:1:19453780><Jinrai>" with "grenade_projectile"
L 02/04/2024 - 19:23:42: "[GB] Puddy<13><STEAM_0:1:19453780><Jinrai>" say_team "100 Assault grenade_projectile"
L 02/04/2024 - 19:23:49: "Agiel<12><STEAM_0:1:25025><Jinrai>" killed "[Ikko] 3LOW<15><STEAM_0:0:67890711><NSF>" with "mx"
L 02/04/2024 - 19:23:49: "suna<11><STEAM_0:1:29157668><Jinrai>" triggered "kill_assist"
L 02/04/2024 - 19:24:02: "Agiel<12><STEAM_0:1:25025><Jinrai>" killed "[ikko] The_Legoracer<10><STEAM_0:1:38534131><NSF>" with "mx"
L 02/04/2024 - 19:24:02: "[ikko] The_Legoracer<10><STEAM_0:1:38534131><NSF>" say_team "38 Support mx"
L 02/04/2024 - 19:24:36: "[ikko] Dommy<7><STEAM_0:1:15299509><NSF>" killed "soft as HELL<4><STEAM_0:1:14747705><Jinrai>" with "mx"
L 02/04/2024 - 19:24:36: "[someikko] somerusher<6><STEAM_0:1:57157309><NSF>" triggered "kill_assist"
L 02/04/2024 - 19:24:36: "soft as HELL<4><STEAM_0:1:14747705><Jinrai>" say_team "50 Support mx"
L 02/04/2024 - 19:24:39: "[GB] Rain ☆彡<8><STEAM_0:0:15075092><Jinrai>" killed "[ikko] Dommy<7><STEAM_0:1:15299509><NSF>" with "zr68s"
L 02/04/2024 - 19:24:40: "[someikko] somerusher<6><STEAM_0:1:57157309><NSF>" killed "[GB] Rain ☆彡<8><STEAM_0:0:15075092><Jinrai>" with "mx"
L 02/04/2024 - 19:24:40: "[GB] Rain ☆彡<8><STEAM_0:0:15075092><Jinrai>" say_team "36 Assault mx"
L 02/04/2024 - 19:24:59: "[someikko] somerusher<6><STEAM_0:1:57157309><NSF>" killed "Agiel<12><STEAM_0:1:25025><Jinrai>" with "mx"
L 02/04/2024 - 19:24:59: "Agiel<12><STEAM_0:1:25025><Jinrai>" say_team "36 Assault mx"
L 02/04/2024 - 19:25:23: "[Ikko] Shinra (Ikki)<14><STEAM_0:0:17487274><NSF>" say "again"
L 02/04/2024 - 19:25:44: "[Ikko] 3LOW<15><STEAM_0:0:67890711><NSF>" killed "[GB] Puddy<13><STEAM_0:1:19453780><Jinrai>" with "mx"
L 02/04/2024 - 19:25:44: "[GB] Puddy<13><STEAM_0:1:19453780><Jinrai>" say_team "13 Assault mx"
L 02/04/2024 - 19:25:49: "[someikko] somerusher<6><STEAM_0:1:57157309><NSF>" killed "Agiel<12><STEAM_0:1:25025><Jinrai>" with "mx"
L 02/04/2024 - 19:25:49: "Agiel<12><STEAM_0:1:25025><Jinrai>" say_team "74 Assault mx"
L 02/04/2024 - 19:25:51: "[ikko] The_Legoracer<10><STEAM_0:1:38534131><NSF>" killed "suna<11><STEAM_0:1:29157668><Jinrai>" with "mx"
L 02/04/2024 - 19:25:51: "suna<11><STEAM_0:1:29157668><Jinrai>" say_team "80 Assault mx"
L 02/04/2024 - 19:25:52: "soft as HELL<4><STEAM_0:1:14747705><Jinrai>" killed "[Ikko] 3LOW<15><STEAM_0:0:67890711><NSF>" with "mx"
L 02/04/2024 - 19:25:52: "[GB] Puddy<13><STEAM_0:1:19453780><Jinrai>" triggered "kill_assist"
L 02/04/2024 - 19:26:08: "soft as HELL<4><STEAM_0:1:14747705><Jinrai>" killed "[ikko] The_Legoracer<10><STEAM_0:1:38534131><NSF>" with "mx"
L 02/04/2024 - 19:26:08: "[ikko] The_Legoracer<10><STEAM_0:1:38534131><NSF>" say_team "11 Support mx"
L 02/04/2024 - 19:26:09: "[someikko] somerusher<6><STEAM_0:1:57157309><NSF>" killed "[GB] Rain ☆彡<8><STEAM_0:0:15075092><Jinrai>" with "mx"
L 02/04/2024 - 19:26:09: "[Ikko] Shinra (Ikki)<14><STEAM_0:0:17487274><NSF>" triggered "kill_assist"
L 02/04/2024 - 19:26:09: "[GB] Rain ☆彡<8><STEAM_0:0:15075092><Jinrai>" say_team "74 Assault mx"
L 02/04/2024 - 19:26:14: "[someikko] somerusher<6><STEAM_0:1:57157309><NSF>" killed "soft as HELL<4><STEAM_0:1:14747705><Jinrai>" with "mx"
L 02/04/2024 - 19:26:14: "[ikko] The_Legoracer<10><STEAM_0:1:38534131><NSF>" triggered "kill_assist"
L 02/04/2024 - 19:26:14: "soft as HELL<4><STEAM_0:1:14747705><Jinrai>" say_team "74 Assault mx"
L 02/04/2024 - 19:26:18: "[GB] Rain ☆彡<8><STEAM_0:0:15075092><Jinrai>" say "gg"
L 02/04/2024 - 19:26:18: "[GB] Puddy<13><STEAM_0:1:19453780><Jinrai>" say "ggs"
L 02/04/2024 - 19:26:19: "Agiel<12><STEAM_0:1:25025><Jinrai>" say "gg wp"
L 02/04/2024 - 19:26:20: "[CASTHARA] Syz (free ts2)<17><STEAM_0:0:82019396><Spectator>" say "ggwp"
L 02/04/2024 - 19:26:23: "[Ikko] 3LOW<15><STEAM_0:0:67890711><NSF>" say "gg"
L 02/04/2024 - 19:26:26: "[CASTHARA] Syz (free ts2)<17><STEAM_0:0:82019396><Spectator>" say "for both team"
L 02/04/2024 - 19:26:28: "[ikko] The_Legoracer<10><STEAM_0:1:38534131><NSF>" say "GG WWP "
L 02/04/2024 - 19:26:31: "suna<11><STEAM_0:1:29157668><Jinrai>" say "gg"
L 02/04/2024 - 19:26:32: "[ikko] Dommy<7><STEAM_0:1:15299509><NSF>" say "ggwp"
L 02/04/2024 - 19:26:34: "soft as HELL<4><STEAM_0:1:14747705><Jinrai>" disconnected (reason "Disconnect by user.")
L 02/04/2024 - 19:26:35: "[Ikko] Shinra (Ikki)<14><STEAM_0:0:17487274><NSF>" say "ggwp"
L 02/04/2024 - 19:26:42: "[CASTHARA] Syz (free ts2)<17><STEAM_0:0:82019396><Spectator>" say "interview"
L 02/04/2024 - 19:26:43: "casternoko<9><STEAM_0:0:83067719><Spectator>" disconnected (reason "Disconnect by user.")
L 02/04/2024 - 19:26:48: "[CASTHARA] Syz (free ts2)<17><STEAM_0:0:82019396><Spectator>" disconnected (reason "Disconnect by user.")
L 02/04/2024 - 19:27:25: "suna<11><STEAM_0:1:29157668><Jinrai>" disconnected (reason "Disconnect by user.")
L 02/04/2024 - 19:27:29: "[someikko] somerusher<6><STEAM_0:1:57157309><NSF>" disconnected (reason "Disconnect by user.")
L 02/04/2024 - 19:27:49: "Agiel<12><STEAM_0:1:25025><Jinrai>" disconnected (reason "Disconnect by user.")
L 02/04/2024 - 19:28:34: "[DYS] bauxite<18><STEAM_ID_PENDING><>" connected, address "86.13.114.58:27005"
L 02/04/2024 - 19:28:35: "[DYS] bauxite<18><STEAM_0:0:5757747><>" STEAM USERID validated
L 02/04/2024 - 19:28:37: "[DYS] bauxite<18><STEAM_0:0:5757747><>" entered the game
L 02/04/2024 - 19:28:39: "[DYS] bauxite<18><STEAM_0:0:5757747><Unassigned>" joined team "Spectator"
L 02/04/2024 - 19:28:54: "[DYS] bauxite<18><STEAM_0:0:5757747><Spectator>" say "!n"
L 02/04/2024 - 19:28:54: "[DYS] bauxite<18><STEAM_0:0:5757747><Spectator>" joined team "NSF"
L 02/04/2024 - 19:28:56: "[DYS] bauxite<18><STEAM_0:0:5757747><NSF>" say "!ready"
L 02/04/2024 - 19:29:03: "[ikko] The_Legoracer<10><STEAM_0:1:38534131><NSF>" joined team "Unassigned"
L 02/04/2024 - 19:29:05: "[ikko] The_Legoracer<10><STEAM_0:1:38534131><Unassigned>" joined team "Spectator"
L 02/04/2024 - 19:29:06: "[DYS] bauxite<18><STEAM_0:0:5757747><NSF>" say "!map nt_ghost_ctg"
L 02/04/2024 - 19:29:08: "[Ikko] 3LOW<15><STEAM_0:0:67890711><NSF>" disconnected (reason "Disconnect by user.")
L 02/04/2024 - 19:29:10: [META] Loaded 0 plugins (1 already loaded)
L 02/04/2024 - 19:29:10: [META] Loaded 0 plugins (1 already loaded)
L 02/04/2024 - 19:29:10: Log file closed
