L 01/14/2024 - 20:32:48: Log file started (file "logs\L0114064.log") (game "z:\home\steam\steam\steamapps\common\nt\NeotokyoSource") (version "4044")
L 01/14/2024 - 20:32:48: server_cvar: "sv_pausable" "0"
L 01/14/2024 - 20:32:48: server_cvar: "sv_contact" "baux.site"
L 01/14/2024 - 20:32:48: server_cvar: "sv_gravity" "800"
L 01/14/2024 - 20:32:48: server_cvar: "mp_friendlyfire" "1"
L 01/14/2024 - 20:32:50: "[=]PyromaniacG<19><STEAM_0:1:25398391><>" disconnected (reason "Disconnect by user.")
L 01/14/2024 - 20:32:51: "[DYS] bauxite<21><STEAM_0:0:5757747><>" entered the game
L 01/14/2024 - 20:32:51: "Shinra (Ikko)<13><STEAM_0:0:17487274><>" entered the game
L 01/14/2024 - 20:32:51: "[Ikko] Dommy<6><STEAM_0:1:15299509><>" entered the game
L 01/14/2024 - 20:32:53: "[DYS] bauxite<21><STEAM_0:0:5757747><Unassigned>" joined team "Spectator"
L 01/14/2024 - 20:32:54: "[TagsR4Nerds] Average<16><STEAM_0:1:57251237><>" entered the game
L 01/14/2024 - 20:32:54: "[Casterhr] Syz<10><STEAM_0:0:82019396><>" entered the game
L 01/14/2024 - 20:32:54: "[Ikko] Dommy<6><STEAM_0:1:15299509><Unassigned>" joined team "NSF"
L 01/14/2024 - 20:32:55: "[Casterazu] kinoko<7><STEAM_0:0:83067719><>" entered the game
L 01/14/2024 - 20:32:58: "[Casterhr] Syz<10><STEAM_0:0:82019396><Unassigned>" joined team "Spectator"
L 01/14/2024 - 20:33:00: "[Ikko] 3LOW<12><STEAM_0:0:67890711><>" entered the game
L 01/14/2024 - 20:33:01: "[ikko] The_Legoracer<11><STEAM_0:1:38534131><>" entered the game
L 01/14/2024 - 20:33:01: "[=]neotokyosnood<20><STEAM_0:1:47222322><>" entered the game
L 01/14/2024 - 20:33:03: "[Ikko] MISO<9><STEAM_0:1:23585170><>" entered the game
L 01/14/2024 - 20:33:03: "Shinra (Ikko)<13><STEAM_0:0:17487274><Unassigned>" joined team "Spectator"
L 01/14/2024 - 20:33:04: "[Casterazu] kinoko<7><STEAM_0:0:83067719><Unassigned>" joined team "Spectator"
L 01/14/2024 - 20:33:04: "[TagsR4Nerds] Average<16><STEAM_0:1:57251237><Unassigned>" joined team "Jinrai"
L 01/14/2024 - 20:33:06: "[=] wakfu<17><STEAM_0:0:62638797><>" entered the game
L 01/14/2024 - 20:33:07: "[=]neotokyosnood<20><STEAM_0:1:47222322><Unassigned>" joined team "Spectator"
L 01/14/2024 - 20:33:10: "[Ikko] 3LOW<12><STEAM_0:0:67890711><Unassigned>" joined team "NSF"
L 01/14/2024 - 20:33:10: "[Ikko] MISO<9><STEAM_0:1:23585170><Unassigned>" joined team "NSF"
L 01/14/2024 - 20:33:11: "[ikko] The_Legoracer<11><STEAM_0:1:38534131><Unassigned>" joined team "NSF"
L 01/14/2024 - 20:33:20: "[=]PyromaniacG<22><STEAM_ID_PENDING><>" connected, address "67.173.109.245:27005"
L 01/14/2024 - 20:33:20: "[=]PyromaniacG<22><STEAM_0:1:25398391><>" STEAM USERID validated
L 01/14/2024 - 20:33:21: "[=]PyromaniacG<22><STEAM_0:1:25398391><>" disconnected (reason "Disconnect by user.")
L 01/14/2024 - 20:33:25: "TakaVerosa<18><STEAM_0:0:79516516><>" entered the game
L 01/14/2024 - 20:33:42: "[Ikko] The Undead Corpse<23><STEAM_ID_PENDING><>" connected, address "81.129.171.129:27005"
L 01/14/2024 - 20:33:42: "[Ikko] The Undead Corpse<23><STEAM_0:1:32621880><>" STEAM USERID validated
L 01/14/2024 - 20:33:43: "[Ikko] The Undead Corpse<23><STEAM_0:1:32621880><>" disconnected (reason "Disconnect by user.")
L 01/14/2024 - 20:33:48: "Shinra (Ikko)<13><STEAM_0:0:17487274><Spectator>" disconnected (reason "Disconnect by user.")
L 01/14/2024 - 20:33:50: "[Ikko] The Undead Corpse<24><STEAM_ID_PENDING><>" connected, address "81.129.171.129:27005"
L 01/14/2024 - 20:33:50: "[Ikko] The Undead Corpse<24><STEAM_0:1:32621880><>" STEAM USERID validated
L 01/14/2024 - 20:33:50: "[Ikko] The Undead Corpse<24><STEAM_0:1:32621880><>" disconnected (reason "Disconnect by user.")
L 01/14/2024 - 20:34:21: "TakaVerosa<18><STEAM_0:0:79516516><Unassigned>" joined team "Jinrai"
L 01/14/2024 - 20:34:27: "[=]neotokyosnood<20><STEAM_0:1:47222322><Spectator>" joined team "Jinrai"
L 01/14/2024 - 20:34:32: "[Ikko] MISO<9><STEAM_0:1:23585170><NSF>" disconnected (reason "Disconnect by user.")
L 01/14/2024 - 20:35:11: "[Ikko] Dommy<6><STEAM_0:1:15299509><NSF>" say "i got three kyla kills, thats propably more than in the last two years together"
L 01/14/2024 - 20:35:19: "[Casterazu] kinoko<7><STEAM_0:0:83067719><Spectator>" say ":D"
L 01/14/2024 - 20:35:20: "[=] wakfu<17><STEAM_0:0:62638797><Unassigned>" joined team "Spectator"
L 01/14/2024 - 20:35:23: "[=] wakfu<17><STEAM_0:0:62638797><Spectator>" say "!j"
L 01/14/2024 - 20:35:23: "[=] wakfu<17><STEAM_0:0:62638797><Spectator>" joined team "Jinrai"
L 01/14/2024 - 20:36:03: "[=] wakfu<17><STEAM_0:0:62638797><Jinrai>" say_team "yes"
L 01/14/2024 - 20:36:07: "[=] wakfu<17><STEAM_0:0:62638797><Jinrai>" say_team "wait"
L 01/14/2024 - 20:36:17: "[=] wakfu<17><STEAM_0:0:62638797><Jinrai>" say_team "I think when you use supa as recon"
L 01/14/2024 - 20:36:18: "[=]PyromaniacG<25><STEAM_ID_PENDING><>" connected, address "67.173.109.245:27005"
L 01/14/2024 - 20:36:18: "[=]PyromaniacG<25><STEAM_0:1:25398391><>" STEAM USERID validated
L 01/14/2024 - 20:36:23: "[=] wakfu<17><STEAM_0:0:62638797><Jinrai>" say_team "its slower than normal guns he got"
L 01/14/2024 - 20:36:49: "[=]PyromaniacG<25><STEAM_0:1:25398391><>" entered the game
L 01/14/2024 - 20:37:20: "[=]PyromaniacG<25><STEAM_0:1:25398391><Unassigned>" joined team "Jinrai"
L 01/14/2024 - 20:37:21: "[Ikko] The Undead Corpse<26><STEAM_ID_PENDING><>" connected, address "81.129.171.129:27005"
L 01/14/2024 - 20:37:21: "[Ikko] The Undead Corpse<26><STEAM_0:1:32621880><>" STEAM USERID validated
L 01/14/2024 - 20:37:29: "[Ikko] The Undead Corpse<26><STEAM_0:1:32621880><>" entered the game
L 01/14/2024 - 20:37:32: "[Ikko] The Undead Corpse<26><STEAM_0:1:32621880><Unassigned>" joined team "Spectator"
L 01/14/2024 - 20:37:46: "[someteam] somerusher<27><STEAM_ID_PENDING><>" connected, address "79.164.24.233:27005"
L 01/14/2024 - 20:37:46: "[someteam] somerusher<27><STEAM_0:1:57157309><>" STEAM USERID validated
L 01/14/2024 - 20:37:48: "[someteam] somerusher<27><STEAM_0:1:57157309><>" entered the game
L 01/14/2024 - 20:37:51: "[someteam] somerusher<27><STEAM_0:1:57157309><Unassigned>" joined team "Spectator"
L 01/14/2024 - 20:37:53: "[someteam] somerusher<27><STEAM_0:1:57157309><Spectator>" joined team "NSF"
L 01/14/2024 - 20:38:01: "[someteam] somerusher<27><STEAM_0:1:57157309><NSF>" changed name to "[IKKO] somerusher"
L 01/14/2024 - 20:38:03: "[Ikko] The Undead Corpse<26><STEAM_0:1:32621880><Spectator>" joined team "NSF"
L 01/14/2024 - 20:38:07: "TakaVerosa<18><STEAM_0:0:79516516><Jinrai>" say "!ready"
L 01/14/2024 - 20:38:08: "[Ikko] The Undead Corpse<26><STEAM_0:1:32621880><NSF>" say "sorry had map issues"
L 01/14/2024 - 20:38:16: "[Ikko] The Undead Corpse<26><STEAM_0:1:32621880><NSF>" say "!readylist"
L 01/14/2024 - 20:38:17: "[Ikko] 3LOW<12><STEAM_0:0:67890711><NSF>" say_team "!ready"
L 01/14/2024 - 20:38:18: "[Ikko] Dommy<6><STEAM_0:1:15299509><NSF>" say "rusher and undead will be playing with us now"
L 01/14/2024 - 20:38:27: "[=] wakfu<17><STEAM_0:0:62638797><Jinrai>" say_team "whos gonnab e which class?"
L 01/14/2024 - 20:38:28: "[Ikko] The Undead Corpse<26><STEAM_0:1:32621880><NSF>" say ":3"
L 01/14/2024 - 20:38:32: "[Ikko] The Undead Corpse<26><STEAM_0:1:32621880><NSF>" say "evening y'all"
L 01/14/2024 - 20:38:32: "[Casterazu] kinoko<7><STEAM_0:0:83067719><Spectator>" say "check legs!"
L 01/14/2024 - 20:38:36: "[Ikko] The Undead Corpse<26><STEAM_0:1:32621880><NSF>" say "^^"
L 01/14/2024 - 20:38:40: "[Ikko] The Undead Corpse<26><STEAM_0:1:32621880><NSF>" say "hello twitch chat"
L 01/14/2024 - 20:38:42: "[=] wakfu<17><STEAM_0:0:62638797><Jinrai>" say_team "gonna be recon"
L 01/14/2024 - 20:38:50: "[Ikko] The Undead Corpse<26><STEAM_0:1:32621880><NSF>" say "comfytokyo gaming"
L 01/14/2024 - 20:38:57: "[=] wakfu<17><STEAM_0:0:62638797><Jinrai>" say "NPuBET, SQ4!!!!!"
L 01/14/2024 - 20:38:59: "[TagsR4Nerds] Average<16><STEAM_0:1:57251237><Jinrai>" say_team "ill probably go assault this time"
L 01/14/2024 - 20:39:24: "[Casterazu] kinoko<7><STEAM_0:0:83067719><Spectator>" say "ready when you guys are"
L 01/14/2024 - 20:39:32: "[TagsR4Nerds] Average<16><STEAM_0:1:57251237><Jinrai>" say_team "you guys ready"
L 01/14/2024 - 20:39:40: "[=] wakfu<17><STEAM_0:0:62638797><Jinrai>" say "NPuBET, CKBADuCH!!!!"
L 01/14/2024 - 20:39:43: "[=] wakfu<17><STEAM_0:0:62638797><Jinrai>" say "!ready"
L 01/14/2024 - 20:39:46: "[TagsR4Nerds] Average<16><STEAM_0:1:57251237><Jinrai>" say "!ready"
L 01/14/2024 - 20:40:09: "[=] wakfu<17><STEAM_0:0:62638797><Jinrai>" say_team "two recons?"
L 01/14/2024 - 20:40:17: "[TagsR4Nerds] Average<16><STEAM_0:1:57251237><Jinrai>" say "!ready"
L 01/14/2024 - 20:40:42: "[=] wakfu<17><STEAM_0:0:62638797><Jinrai>" say "can i shoutout to my friends"
L 01/14/2024 - 20:40:44: "[=] wakfu<17><STEAM_0:0:62638797><Jinrai>" say "watching the stream"
L 01/14/2024 - 20:40:46: "[Casterazu] kinoko<7><STEAM_0:0:83067719><Spectator>" say "sure"
L 01/14/2024 - 20:40:57: "[=]neotokyosnood<20><STEAM_0:1:47222322><Jinrai>" say "!readylist"
L 01/14/2024 - 20:41:01: "[=]PyromaniacG<25><STEAM_0:1:25398391><Jinrai>" say "!ready"
L 01/14/2024 - 20:41:04: "[=]neotokyosnood<20><STEAM_0:1:47222322><Jinrai>" say_team "!ready"
L 01/14/2024 - 20:41:04: "[TagsR4Nerds] Average<16><STEAM_0:1:57251237><Jinrai>" say "!readylist"
L 01/14/2024 - 20:41:05: "[DYS] bauxite<21><STEAM_0:0:5757747><Spectator>" say "shoutout to gabeN"
L 01/14/2024 - 20:41:05: "[Ikko] The Undead Corpse<26><STEAM_0:1:32621880><NSF>" say "!ready"
L 01/14/2024 - 20:41:18: "[=] wakfu<17><STEAM_0:0:62638797><Jinrai>" say "nEPEDAy nPuBeT: BADuM nETPEHKO, HukuTA u nASHA BEKK!!"
L 01/14/2024 - 20:41:23: "[=] wakfu<17><STEAM_0:0:62638797><Jinrai>" say "!ready"
L 01/14/2024 - 20:41:33: "[IKKO] somerusher<27><STEAM_0:1:57157309><NSF>" say "!ready"
L 01/14/2024 - 20:41:36: "[=] wakfu<17><STEAM_0:0:62638797><Jinrai>" say_team "russian"
L 01/14/2024 - 20:41:39: "[Ikko] Dommy<6><STEAM_0:1:15299509><NSF>" say "!ready"
L 01/14/2024 - 20:41:41: "[TagsR4Nerds] Average<16><STEAM_0:1:57251237><Jinrai>" say "uzasne"
L 01/14/2024 - 20:41:45: "[ikko] The_Legoracer<11><STEAM_0:1:38534131><NSF>" say "!ready"
L 01/14/2024 - 20:41:48: "[DYS] bauxite<21><STEAM_0:0:5757747><Spectator>" say_team "how did they win 6-1"
L 01/14/2024 - 20:41:50: "[DYS] bauxite<21><STEAM_0:0:5757747><Spectator>" say_team "ties?"
L 01/14/2024 - 20:41:56: "[ikko] The_Legoracer<11><STEAM_0:1:38534131><NSF>" say "gl hf ^^"
L 01/14/2024 - 20:42:27: "[IKKO] somerusher<27><STEAM_0:1:57157309><NSF>" killed "[TagsR4Nerds] Average<16><STEAM_0:1:57251237><Jinrai>" with "zr68s"
L 01/14/2024 - 20:42:44: "TakaVerosa<18><STEAM_0:0:79516516><Jinrai>" killed "[Ikko] 3LOW<12><STEAM_0:0:67890711><NSF>" with "zr68c"
L 01/14/2024 - 20:42:59: "[=] wakfu<17><STEAM_0:0:62638797><Jinrai>" killed "[Ikko] The Undead Corpse<26><STEAM_0:1:32621880><NSF>" with "zr68s"
L 01/14/2024 - 20:42:59: "[Ikko] Dommy<6><STEAM_0:1:15299509><NSF>" killed "TakaVerosa<18><STEAM_0:0:79516516><Jinrai>" with "srm"
L 01/14/2024 - 20:42:59: "[Ikko] 3LOW<12><STEAM_0:0:67890711><NSF>" triggered "kill_assist"
L 01/14/2024 - 20:43:12: "[Ikko] Dommy<6><STEAM_0:1:15299509><NSF>" killed "[=]PyromaniacG<25><STEAM_0:1:25398391><Jinrai>" with "srm"
L 01/14/2024 - 20:43:26: "[=] wakfu<17><STEAM_0:0:62638797><Jinrai>" say_team "no one in sewer"
L 01/14/2024 - 20:43:53: "[=] wakfu<17><STEAM_0:0:62638797><Jinrai>" killed "[IKKO] somerusher<27><STEAM_0:1:57157309><NSF>" with "zr68s"
L 01/14/2024 - 20:43:55: "[ikko] The_Legoracer<11><STEAM_0:1:38534131><NSF>" killed "[=] wakfu<17><STEAM_0:0:62638797><Jinrai>" with "zr68s"
L 01/14/2024 - 20:43:55: "[IKKO] somerusher<27><STEAM_0:1:57157309><NSF>" triggered "kill_assist"
L 01/14/2024 - 20:43:58: "[=] wakfu<17><STEAM_0:0:62638797><Jinrai>" say_team "on the left"
L 01/14/2024 - 20:44:00: "[ikko] The_Legoracer<11><STEAM_0:1:38534131><NSF>" killed "[=]neotokyosnood<20><STEAM_0:1:47222322><Jinrai>" with "zr68s"
L 01/14/2024 - 20:44:04: "[=] wakfu<17><STEAM_0:0:62638797><Jinrai>" say_team "damn"
L 01/14/2024 - 20:44:08: "[=] wakfu<17><STEAM_0:0:62638797><Jinrai>" say_team "sry for bad callout"
L 01/14/2024 - 20:44:52: "[ikko] The_Legoracer<11><STEAM_0:1:38534131><NSF>" killed "[TagsR4Nerds] Average<16><STEAM_0:1:57251237><Jinrai>" with "zr68s"
L 01/14/2024 - 20:45:01: "[=]PyromaniacG<25><STEAM_0:1:25398391><Jinrai>" killed "[Ikko] The Undead Corpse<26><STEAM_0:1:32621880><NSF>" with "srm"
L 01/14/2024 - 20:45:06: "[ikko] The_Legoracer<11><STEAM_0:1:38534131><NSF>" killed "TakaVerosa<18><STEAM_0:0:79516516><Jinrai>" with "grenade_projectile"
L 01/14/2024 - 20:45:19: "[=]PyromaniacG<25><STEAM_0:1:25398391><Jinrai>" killed "[Ikko] 3LOW<12><STEAM_0:0:67890711><NSF>" with "srm"
L 01/14/2024 - 20:45:44: "[IKKO] somerusher<27><STEAM_0:1:57157309><NSF>" killed "[=]neotokyosnood<20><STEAM_0:1:47222322><Jinrai>" with "zr68s"
L 01/14/2024 - 20:45:44: "[Ikko] Dommy<6><STEAM_0:1:15299509><NSF>" triggered "kill_assist"
L 01/14/2024 - 20:45:47: "[ikko] The_Legoracer<11><STEAM_0:1:38534131><NSF>" killed "[=] wakfu<17><STEAM_0:0:62638797><Jinrai>" with "zr68s"
L 01/14/2024 - 20:45:47: "[IKKO] somerusher<27><STEAM_0:1:57157309><NSF>" triggered "kill_assist"
L 01/14/2024 - 20:45:47: "[ikko] The_Legoracer<11><STEAM_0:1:38534131><NSF>" killed "[=]PyromaniacG<25><STEAM_0:1:25398391><Jinrai>" with "zr68s"
L 01/14/2024 - 20:45:47: "[Ikko] 3LOW<12><STEAM_0:0:67890711><NSF>" triggered "kill_assist"
L 01/14/2024 - 20:46:39: "[IKKO] somerusher<27><STEAM_0:1:57157309><NSF>" killed "[TagsR4Nerds] Average<16><STEAM_0:1:57251237><Jinrai>" with "zr68s"
L 01/14/2024 - 20:46:43: "[=]PyromaniacG<25><STEAM_0:1:25398391><Jinrai>" killed "[IKKO] somerusher<27><STEAM_0:1:57157309><NSF>" with "srm"
L 01/14/2024 - 20:46:49: "[ikko] The_Legoracer<11><STEAM_0:1:38534131><NSF>" killed "TakaVerosa<18><STEAM_0:0:79516516><Jinrai>" with "zr68s"
L 01/14/2024 - 20:46:51: "[Ikko] The Undead Corpse<26><STEAM_0:1:32621880><NSF>" killed "[=] wakfu<17><STEAM_0:0:62638797><Jinrai>" with "zr68c"
L 01/14/2024 - 20:46:56: "[=]neotokyosnood<20><STEAM_0:1:47222322><Jinrai>" killed "[Ikko] 3LOW<12><STEAM_0:0:67890711><NSF>" with "srm"
L 01/14/2024 - 20:47:12: "[ikko] The_Legoracer<11><STEAM_0:1:38534131><NSF>" killed "[=]PyromaniacG<25><STEAM_0:1:25398391><Jinrai>" with "zr68s"
L 01/14/2024 - 20:47:12: "[IKKO] somerusher<27><STEAM_0:1:57157309><NSF>" triggered "kill_assist"
L 01/14/2024 - 20:47:28: "[=]neotokyosnood<20><STEAM_0:1:47222322><Jinrai>" killed "[Ikko] The Undead Corpse<26><STEAM_0:1:32621880><NSF>" with "zr68s"
L 01/14/2024 - 20:47:28: "[=] wakfu<17><STEAM_0:0:62638797><Jinrai>" triggered "kill_assist"
L 01/14/2024 - 20:47:33: "[ikko] The_Legoracer<11><STEAM_0:1:38534131><NSF>" killed "[=]neotokyosnood<20><STEAM_0:1:47222322><Jinrai>" with "zr68s"
L 01/14/2024 - 20:48:19: "[Ikko] The Undead Corpse<26><STEAM_0:1:32621880><NSF>" killed "[TagsR4Nerds] Average<16><STEAM_0:1:57251237><Jinrai>" with "grenade_projectile"
L 01/14/2024 - 20:48:20: "[=]PyromaniacG<25><STEAM_0:1:25398391><Jinrai>" killed "[IKKO] somerusher<27><STEAM_0:1:57157309><NSF>" with "zr68s"
L 01/14/2024 - 20:48:38: "TakaVerosa<18><STEAM_0:0:79516516><Jinrai>" killed "[Ikko] The Undead Corpse<26><STEAM_0:1:32621880><NSF>" with "zr68c"
L 01/14/2024 - 20:48:49: "[ikko] The_Legoracer<11><STEAM_0:1:38534131><NSF>" killed "TakaVerosa<18><STEAM_0:0:79516516><Jinrai>" with "zr68s"
L 01/14/2024 - 20:49:01: "[=] wakfu<17><STEAM_0:0:62638797><Jinrai>" killed "[ikko] The_Legoracer<11><STEAM_0:1:38534131><NSF>" with "mx"
L 01/14/2024 - 20:49:17: "[=] wakfu<17><STEAM_0:0:62638797><Jinrai>" killed "[Ikko] 3LOW<12><STEAM_0:0:67890711><NSF>" with "mx"
L 01/14/2024 - 20:49:17: "[=]PyromaniacG<25><STEAM_0:1:25398391><Jinrai>" triggered "kill_assist"
L 01/14/2024 - 20:49:20: "[=] wakfu<17><STEAM_0:0:62638797><Jinrai>" say_team "killed in window"
L 01/14/2024 - 20:49:56: "[Ikko] Dommy<6><STEAM_0:1:15299509><NSF>" killed "[=]neotokyosnood<20><STEAM_0:1:47222322><Jinrai>" with "jittescoped"
L 01/14/2024 - 20:50:18: "[=] wakfu<17><STEAM_0:0:62638797><Jinrai>" killed "[Ikko] Dommy<6><STEAM_0:1:15299509><NSF>" with "mx"
L 01/14/2024 - 20:50:29: "[=] wakfu<17><STEAM_0:0:62638797><Jinrai>" say_team "damn"
L 01/14/2024 - 20:50:41: "[=] wakfu<17><STEAM_0:0:62638797><Jinrai>" say_team "I think so"
L 01/14/2024 - 20:51:30: "[=] wakfu<17><STEAM_0:0:62638797><Jinrai>" say_team "dont see anyone in sewers"
L 01/14/2024 - 20:51:35: "[IKKO] somerusher<27><STEAM_0:1:57157309><NSF>" killed "[TagsR4Nerds] Average<16><STEAM_0:1:57251237><Jinrai>" with "mx"
L 01/14/2024 - 20:51:54: "[Ikko] Dommy<6><STEAM_0:1:15299509><NSF>" killed "TakaVerosa<18><STEAM_0:0:79516516><Jinrai>" with "jittescoped"
L 01/14/2024 - 20:52:06: "[Ikko] 3LOW<12><STEAM_0:0:67890711><NSF>" killed "[=]PyromaniacG<25><STEAM_0:1:25398391><Jinrai>" with "mx"
L 01/14/2024 - 20:52:06: "[IKKO] somerusher<27><STEAM_0:1:57157309><NSF>" killed "[=]neotokyosnood<20><STEAM_0:1:47222322><Jinrai>" with "mx"
L 01/14/2024 - 20:52:30: Team "NSF" triggered "ghost_capture_team"
L 01/14/2024 - 20:52:30: "[Ikko] Dommy<6><STEAM_0:1:15299509><NSF>" triggered "ghost_capture"
L 01/14/2024 - 20:52:32: "[IKKO] somerusher<27><STEAM_0:1:57157309><NSF>" killed "[=] wakfu<17><STEAM_0:0:62638797><Jinrai>" with "mx"
L 01/14/2024 - 20:52:38: "[Ikko] The Undead Corpse<26><STEAM_0:1:32621880><NSF>" say "captokyo confirmed"
L 01/14/2024 - 20:52:43: "[Ikko] The Undead Corpse<26><STEAM_0:1:32621880><NSF>" say "best legs"
L 01/14/2024 - 20:53:29: "[IKKO] somerusher<27><STEAM_0:1:57157309><NSF>" killed "[=] wakfu<17><STEAM_0:0:62638797><Jinrai>" with "zr68s"
L 01/14/2024 - 20:53:31: "TakaVerosa<18><STEAM_0:0:79516516><Jinrai>" killed "[ikko] The_Legoracer<11><STEAM_0:1:38534131><NSF>" with "zr68c"
L 01/14/2024 - 20:53:44: "[TagsR4Nerds] Average<16><STEAM_0:1:57251237><Jinrai>" killed "[Ikko] Dommy<6><STEAM_0:1:15299509><NSF>" with "grenade_projectile"
L 01/14/2024 - 20:53:44: "[=]PyromaniacG<25><STEAM_0:1:25398391><Jinrai>" triggered "kill_assist"
L 01/14/2024 - 20:53:52: "[IKKO] somerusher<27><STEAM_0:1:57157309><NSF>" killed "[TagsR4Nerds] Average<16><STEAM_0:1:57251237><Jinrai>" with "zr68s"
L 01/14/2024 - 20:53:52: "TakaVerosa<18><STEAM_0:0:79516516><Jinrai>" killed "[Ikko] The Undead Corpse<26><STEAM_0:1:32621880><NSF>" with "zr68c"
L 01/14/2024 - 20:54:44: "TakaVerosa<18><STEAM_0:0:79516516><Jinrai>" killed "[Ikko] 3LOW<12><STEAM_0:0:67890711><NSF>" with "mx"
L 01/14/2024 - 20:54:50: "[=]PyromaniacG<25><STEAM_0:1:25398391><Jinrai>" killed "[IKKO] somerusher<27><STEAM_0:1:57157309><NSF>" with "zr68s"
L 01/14/2024 - 20:54:50: "[TagsR4Nerds] Average<16><STEAM_0:1:57251237><Jinrai>" triggered "kill_assist"
L 01/14/2024 - 20:56:06: "[IKKO] somerusher<27><STEAM_0:1:57157309><NSF>" killed "[=] wakfu<17><STEAM_0:0:62638797><Jinrai>" with "zr68s"
L 01/14/2024 - 20:56:09: "[=] wakfu<17><STEAM_0:0:62638797><Jinrai>" say_team "11 on stairs"
L 01/14/2024 - 20:56:10: "[IKKO] somerusher<27><STEAM_0:1:57157309><NSF>" killed "[=]PyromaniacG<25><STEAM_0:1:25398391><Jinrai>" with "zr68s"
L 01/14/2024 - 20:56:10: "[Ikko] The Undead Corpse<26><STEAM_0:1:32621880><NSF>" triggered "kill_assist"
L 01/14/2024 - 20:56:12: "[=]PyromaniacG<25><STEAM_0:1:25398391><Jinrai>" killed "[Ikko] The Undead Corpse<26><STEAM_0:1:32621880><NSF>" with "grenade_projectile"
L 01/14/2024 - 20:56:22: "[Ikko] 3LOW<12><STEAM_0:0:67890711><NSF>" killed "[TagsR4Nerds] Average<16><STEAM_0:1:57251237><Jinrai>" with "aa13"
L 01/14/2024 - 20:56:24: "[=]neotokyosnood<20><STEAM_0:1:47222322><Jinrai>" killed "[Ikko] 3LOW<12><STEAM_0:0:67890711><NSF>" with "mx"
L 01/14/2024 - 20:56:24: "[TagsR4Nerds] Average<16><STEAM_0:1:57251237><Jinrai>" triggered "kill_assist"
L 01/14/2024 - 20:56:28: "[=]neotokyosnood<20><STEAM_0:1:47222322><Jinrai>" killed "[Ikko] Dommy<6><STEAM_0:1:15299509><NSF>" with "mx"
L 01/14/2024 - 20:56:35: "[ikko] The_Legoracer<11><STEAM_0:1:38534131><NSF>" killed "[=]neotokyosnood<20><STEAM_0:1:47222322><Jinrai>" with "mx"
L 01/14/2024 - 20:56:35: "[Ikko] Dommy<6><STEAM_0:1:15299509><NSF>" triggered "kill_assist"
L 01/14/2024 - 20:56:57: "[IKKO] somerusher<27><STEAM_0:1:57157309><NSF>" killed "TakaVerosa<18><STEAM_0:0:79516516><Jinrai>" with "mx_silenced"
L 01/14/2024 - 20:57:52: "[Ikko] Dommy<6><STEAM_0:1:15299509><NSF>" killed "[TagsR4Nerds] Average<16><STEAM_0:1:57251237><Jinrai>" with "supa7"
L 01/14/2024 - 20:57:54: "[Ikko] Dommy<6><STEAM_0:1:15299509><NSF>" killed "TakaVerosa<18><STEAM_0:0:79516516><Jinrai>" with "supa7"
L 01/14/2024 - 20:57:59: "[Ikko] Dommy<6><STEAM_0:1:15299509><NSF>" killed "[=]neotokyosnood<20><STEAM_0:1:47222322><Jinrai>" with "supa7"
L 01/14/2024 - 20:58:03: "[ikko] The_Legoracer<11><STEAM_0:1:38534131><NSF>" killed "[=]PyromaniacG<25><STEAM_0:1:25398391><Jinrai>" with "mx"
L 01/14/2024 - 20:58:24: "[Ikko] 3LOW<12><STEAM_0:0:67890711><NSF>" killed "[=] wakfu<17><STEAM_0:0:62638797><Jinrai>" with "aa13"
L 01/14/2024 - 20:59:15: "[ikko] The_Legoracer<11><STEAM_0:1:38534131><NSF>" killed "TakaVerosa<18><STEAM_0:0:79516516><Jinrai>" with "mx"
L 01/14/2024 - 20:59:20: "[=] wakfu<17><STEAM_0:0:62638797><Jinrai>" say_team "in sewers guy"
L 01/14/2024 - 20:59:29: "[=] wakfu<17><STEAM_0:0:62638797><Jinrai>" killed "[Ikko] Dommy<6><STEAM_0:1:15299509><NSF>" with "jittescoped"
L 01/14/2024 - 20:59:31: "[Ikko] 3LOW<12><STEAM_0:0:67890711><NSF>" killed "[=]neotokyosnood<20><STEAM_0:1:47222322><Jinrai>" with "aa13"
L 01/14/2024 - 20:59:32: "[Ikko] 3LOW<12><STEAM_0:0:67890711><NSF>" killed "[TagsR4Nerds] Average<16><STEAM_0:1:57251237><Jinrai>" with "aa13"
L 01/14/2024 - 20:59:32: "[ikko] The_Legoracer<11><STEAM_0:1:38534131><NSF>" killed "[=] wakfu<17><STEAM_0:0:62638797><Jinrai>" with "mx"
L 01/14/2024 - 20:59:32: "[Ikko] Dommy<6><STEAM_0:1:15299509><NSF>" triggered "kill_assist"
L 01/14/2024 - 20:59:35: "[=] wakfu<17><STEAM_0:0:62638797><Jinrai>" say_team "on stairs"
L 01/14/2024 - 20:59:37: "[=]PyromaniacG<25><STEAM_0:1:25398391><Jinrai>" killed "[ikko] The_Legoracer<11><STEAM_0:1:38534131><NSF>" with "mx_silenced"
L 01/14/2024 - 20:59:38: "[IKKO] somerusher<27><STEAM_0:1:57157309><NSF>" killed "[=]PyromaniacG<25><STEAM_0:1:25398391><Jinrai>" with "mx_silenced"
L 01/14/2024 - 20:59:38: "[ikko] The_Legoracer<11><STEAM_0:1:38534131><NSF>" triggered "kill_assist"
L 01/14/2024 - 20:59:41: "[=]neotokyosnood<20><STEAM_0:1:47222322><Jinrai>" say "GG"
L 01/14/2024 - 21:00:31: "[IKKO] somerusher<27><STEAM_0:1:57157309><NSF>" killed "[=] wakfu<17><STEAM_0:0:62638797><Jinrai>" with "zr68s"
L 01/14/2024 - 21:00:31: "TakaVerosa<18><STEAM_0:0:79516516><Jinrai>" killed "[Ikko] The Undead Corpse<26><STEAM_0:1:32621880><NSF>" with "mx"
L 01/14/2024 - 21:00:35: "[Ikko] Dommy<6><STEAM_0:1:15299509><NSF>" killed "TakaVerosa<18><STEAM_0:0:79516516><Jinrai>" with "supa7"
L 01/14/2024 - 21:00:36: "[=] wakfu<17><STEAM_0:0:62638797><Jinrai>" say_team "in connector to containers"
L 01/14/2024 - 21:00:39: "[Ikko] Dommy<6><STEAM_0:1:15299509><NSF>" killed "[=]PyromaniacG<25><STEAM_0:1:25398391><Jinrai>" with "supa7"
L 01/14/2024 - 21:00:50: "[Ikko] 3LOW<12><STEAM_0:0:67890711><NSF>" killed "[TagsR4Nerds] Average<16><STEAM_0:1:57251237><Jinrai>" with "aa13"
L 01/14/2024 - 21:00:52: "[IKKO] somerusher<27><STEAM_0:1:57157309><NSF>" killed "[=]neotokyosnood<20><STEAM_0:1:47222322><Jinrai>" with "zr68s"
L 01/14/2024 - 21:01:01: "[Ikko] Dommy<6><STEAM_0:1:15299509><NSF>" say "gg"
L 01/14/2024 - 21:01:02: "[=]PyromaniacG<25><STEAM_0:1:25398391><Jinrai>" say "gg"
L 01/14/2024 - 21:01:03: "[Ikko] The Undead Corpse<26><STEAM_0:1:32621880><NSF>" say "gg wp"
L 01/14/2024 - 21:01:05: "[=] wakfu<17><STEAM_0:0:62638797><Jinrai>" say "gg"
L 01/14/2024 - 21:01:05: "[ikko] The_Legoracer<11><STEAM_0:1:38534131><NSF>" say "ggs wp"
L 01/14/2024 - 21:01:05: "[Casterhr] Syz<10><STEAM_0:0:82019396><Spectator>" say "ggwp"
L 01/14/2024 - 21:01:12: "TakaVerosa<18><STEAM_0:0:79516516><Jinrai>" joined team "Unassigned"
L 01/14/2024 - 21:01:13: "TakaVerosa<18><STEAM_0:0:79516516><Unassigned>" joined team "NSF"
L 01/14/2024 - 21:01:16: "[Casterhr] Syz<10><STEAM_0:0:82019396><Spectator>" say "interview"
L 01/14/2024 - 21:01:28: "TakaVerosa<18><STEAM_0:0:79516516><NSF>" disconnected (reason "Disconnect by user.")
L 01/14/2024 - 21:01:30: "[Ikko] Dommy<6><STEAM_0:1:15299509><NSF>" say "equals first, right="
L 01/14/2024 - 21:01:31: "[Ikko] Dommy<6><STEAM_0:1:15299509><NSF>" say "?"
L 01/14/2024 - 21:01:32: "[DYS] bauxite<21><STEAM_0:0:5757747><Spectator>" say_team "ye"
L 01/14/2024 - 21:01:34: "[DYS] bauxite<21><STEAM_0:0:5757747><Spectator>" say "ye"
L 01/14/2024 - 21:01:34: "[IKKO] somerusher<27><STEAM_0:1:57157309><NSF>" changed name to "[someteam] somerusher"
L 01/14/2024 - 21:01:56: "[Ikko] Dommy<6><STEAM_0:1:15299509><NSF>" say "1"
L 01/14/2024 - 21:01:58: "[Ikko] Dommy<6><STEAM_0:1:15299509><NSF>" say "2"
L 01/14/2024 - 21:01:59: "[Ikko] Dommy<6><STEAM_0:1:15299509><NSF>" say "3"
L 01/14/2024 - 21:02:30: "[=] wakfu<17><STEAM_0:0:62638797><Jinrai>" say "I would get a mic"
L 01/14/2024 - 21:04:38: "[=] wakfu<17><STEAM_0:0:62638797><Jinrai>" say_team "you mean sticky feet?"
L 01/14/2024 - 21:04:45: "[=] wakfu<17><STEAM_0:0:62638797><Jinrai>" say_team "yeah I got that too"
L 01/14/2024 - 21:04:50: "[=] wakfu<17><STEAM_0:0:62638797><Jinrai>" say_team "from what i see on net graph"
L 01/14/2024 - 21:04:54: "[=] wakfu<17><STEAM_0:0:62638797><Jinrai>" say_team "its like the server is lagging or sth"
L 01/14/2024 - 21:05:23: "[TagsR4Nerds] Average<16><STEAM_0:1:57251237><Jinrai>" disconnected (reason "Disconnect by user.")
L 01/14/2024 - 21:05:32: "[=] wakfu<17><STEAM_0:0:62638797><Jinrai>" say_team "was fun playing with you guys"
L 01/14/2024 - 21:05:35: "[=] wakfu<17><STEAM_0:0:62638797><Jinrai>" say_team "we'll get them enxt time"
L 01/14/2024 - 21:05:36: "[=] wakfu<17><STEAM_0:0:62638797><Jinrai>" say_team "cya"
L 01/14/2024 - 21:05:44: "[=] wakfu<17><STEAM_0:0:62638797><Jinrai>" disconnected (reason "Disconnect by user.")
L 01/14/2024 - 21:07:50: "[Ikko] The Undead Corpse<26><STEAM_0:1:32621880><NSF>" disconnected (reason "Disconnect by user.")
L 01/14/2024 - 21:10:11: "[DYS] bauxite<21><STEAM_0:0:5757747><Spectator>" say "gg guys"
L 01/14/2024 - 21:10:18: "[someteam] somerusher<27><STEAM_0:1:57157309><NSF>" disconnected (reason "Disconnect by user.")
L 01/14/2024 - 21:11:15: "[DYS] bauxite<21><STEAM_0:0:5757747><Spectator>" disconnected (reason "Disconnect by user.")
L 01/14/2024 - 21:11:55: "[Ikko] 3LOW<12><STEAM_0:0:67890711><NSF>" disconnected (reason "Disconnect by user.")
L 01/14/2024 - 21:13:16: "[Casterazu] kinoko<7><STEAM_0:0:83067719><Spectator>" disconnected (reason "Disconnect by user.")
L 01/14/2024 - 21:13:17: "[Casterazu] kinoko<28><STEAM_ID_PENDING><>" connected, address "213.219.122.223:27005"
L 01/14/2024 - 21:13:17: "[Casterazu] kinoko<28><STEAM_0:0:83067719><>" STEAM USERID validated
L 01/14/2024 - 21:13:18: "[Casterazu] kinoko<28><STEAM_0:0:83067719><>" entered the game
L 01/14/2024 - 21:13:20: "[Casterazu] kinoko<28><STEAM_0:0:83067719><Unassigned>" joined team "Spectator"
L 01/14/2024 - 21:13:32: "[Casterazu] kinoko<28><STEAM_0:0:83067719><Spectator>" disconnected (reason "Disconnect by user.")
L 01/14/2024 - 21:17:09: "[ikko] The_Legoracer<11><STEAM_0:1:38534131><NSF>" disconnected (reason "Disconnect by user.")
L 01/14/2024 - 21:17:41: "[Casterhr] Syz<10><STEAM_0:0:82019396><Spectator>" disconnected (reason "Disconnect by user.")
L 01/14/2024 - 21:19:15: "[Ikko] Dommy<6><STEAM_0:1:15299509><NSF>" disconnected (reason "Disconnect by user.")
L 01/14/2024 - 21:45:03: "[=]neotokyosnood<20><STEAM_0:1:47222322><Jinrai>" disconnected (reason "Disconnect by user.")
L 01/14/2024 - 22:27:12: "[=]PyromaniacG<25><STEAM_0:1:25398391><Jinrai>" disconnected (reason "Disconnect by user.")
L 01/14/2024 - 22:53:23: [META] Loaded 0 plugins (1 already loaded)
L 01/14/2024 - 22:53:23: [META] Loaded 0 plugins (1 already loaded)
L 01/14/2024 - 22:53:23: Log file closed
