L 02/18/2024 - 21:06:07: Log file started (file "logs\L0218063.log") (game "z:\home\steam\steam\steamapps\common\nt\NeotokyoSource") (version "4044")
L 02/18/2024 - 21:06:07: server_cvar: "sv_pausable" "0"
L 02/18/2024 - 21:06:07: server_cvar: "sv_contact" "baux.site"
L 02/18/2024 - 21:06:07: server_cvar: "sv_gravity" "800"
L 02/18/2024 - 21:06:07: server_cvar: "mp_friendlyfire" "1"
L 02/18/2024 - 21:06:10: "[someikko] somerusher<5><STEAM_0:1:57157309><>" entered the game
L 02/18/2024 - 21:06:10: "[MXican] Wahaha-<4><STEAM_0:1:17526508><>" entered the game
L 02/18/2024 - 21:06:10: "[MXican] Ghost Lizard<14><STEAM_0:1:20336729><>" entered the game
L 02/18/2024 - 21:06:12: "[Ikko] Shinra (Ikki)<7><STEAM_0:0:17487274><>" entered the game
L 02/18/2024 - 21:06:12: "[Disembodied Camera] Oni<23><STEAM_0:1:10174276><>" entered the game
L 02/18/2024 - 21:06:13: "[MXican] Boltronics<19><STEAM_0:1:84048595><>" entered the game
L 02/18/2024 - 21:06:13: "[MXican] Halcyon<2><STEAM_0:1:2864524><>" entered the game
L 02/18/2024 - 21:06:14: "[Ikko] Dommy<10><STEAM_0:1:15299509><>" entered the game
L 02/18/2024 - 21:06:15: "[Disembodied Camera] Oni<23><STEAM_0:1:10174276><Unassigned>" joined team "Spectator"
L 02/18/2024 - 21:06:17: "[CAST] Infrequent<22><STEAM_0:1:6384081><>" entered the game
L 02/18/2024 - 21:06:18: "[someikko] somerusher<5><STEAM_0:1:57157309><Unassigned>" joined team "NSF"
L 02/18/2024 - 21:06:19: "[MXican] Halcyon<2><STEAM_0:1:2864524><Unassigned>" joined team "Jinrai"
L 02/18/2024 - 21:06:19: "[CAST] Infrequent<22><STEAM_0:1:6384081><Unassigned>" joined team "Spectator"
L 02/18/2024 - 21:06:21: "[Ikko] Shinra (Ikki)<7><STEAM_0:0:17487274><Unassigned>" joined team "NSF"
L 02/18/2024 - 21:06:22: "[MXican] Nevra<21><STEAM_0:1:87689215><>" entered the game
L 02/18/2024 - 21:06:29: "[Ikko] 3LOW<6><STEAM_0:0:67890711><>" entered the game
L 02/18/2024 - 21:06:30: "[ikko] The_Legoracer<11><STEAM_0:1:38534131><>" entered the game
L 02/18/2024 - 21:06:32: "[Ikko] 3LOW<6><STEAM_0:0:67890711><Unassigned>" joined team "NSF"
L 02/18/2024 - 21:06:33: "[ikko] The_Legoracer<11><STEAM_0:1:38534131><Unassigned>" joined team "NSF"
L 02/18/2024 - 21:06:37: "[Ikko] 3LOW<6><STEAM_0:0:67890711><NSF>" say_team "!ready"
L 02/18/2024 - 21:06:45: "[someikko] somerusher<5><STEAM_0:1:57157309><NSF>" say "!ready"
L 02/18/2024 - 21:06:59: "[Ikko] 3LOW<6><STEAM_0:0:67890711><NSF>" say_team "!unready"
L 02/18/2024 - 21:07:08: "[MXican] Boltronics<19><STEAM_0:1:84048595><Unassigned>" joined team "Jinrai"
L 02/18/2024 - 21:07:09: "[MXican] Wahaha-<4><STEAM_0:1:17526508><Unassigned>" joined team "Spectator"
L 02/18/2024 - 21:07:13: "[MXican] Boltronics<19><STEAM_0:1:84048595><Jinrai>" disconnected (reason "Disconnect by user.")
L 02/18/2024 - 21:07:40: "Boltronics<24><STEAM_ID_PENDING><>" connected, address "84.106.144.11:27005"
L 02/18/2024 - 21:07:40: "Boltronics<24><STEAM_0:1:84048595><>" STEAM USERID validated
L 02/18/2024 - 21:07:45: "Boltronics<24><STEAM_0:1:84048595><>" entered the game
L 02/18/2024 - 21:07:48: "Boltronics<24><STEAM_0:1:84048595><Unassigned>" joined team "Jinrai"
L 02/18/2024 - 21:07:55: "Boltronics<24><STEAM_0:1:84048595><Jinrai>" changed name to "[MXican] Boltronics"
L 02/18/2024 - 21:08:00: "[MXican] Ghost Lizard<14><STEAM_0:1:20336729><Unassigned>" joined team "Jinrai"
L 02/18/2024 - 21:08:03: "[Ikko] Dommy<10><STEAM_0:1:15299509><Unassigned>" joined team "NSF"
L 02/18/2024 - 21:08:15: "[Ikko] 3LOW<6><STEAM_0:0:67890711><NSF>" say_team "!ready"
L 02/18/2024 - 21:08:37: "[MXican] Wahaha-<4><STEAM_0:1:17526508><Spectator>" joined team "Jinrai"
L 02/18/2024 - 21:08:46: "[MXican] Nevra<21><STEAM_0:1:87689215><Unassigned>" joined team "Jinrai"
L 02/18/2024 - 21:08:59: "[MXican] Ghost Lizard<14><STEAM_0:1:20336729><Jinrai>" say "!ready"
L 02/18/2024 - 21:09:14: "[MXican] Ghost Lizard<14><STEAM_0:1:20336729><Jinrai>" say "!unready"
L 02/18/2024 - 21:10:00: "[MXican] Ghost Lizard<14><STEAM_0:1:20336729><Jinrai>" say "halcy, the server is baux's"
L 02/18/2024 - 21:10:39: "[MXican] Ghost Lizard<14><STEAM_0:1:20336729><Jinrai>" say "waiting on nevra"
L 02/18/2024 - 21:11:21: "[someikko] somerusher<5><STEAM_0:1:57157309><NSF>" say "NOOOOOOOOOOOOOOOOOO"
L 02/18/2024 - 21:11:27: "[Ikko] Shinra (Ikki)<7><STEAM_0:0:17487274><NSF>" say "!ready"
L 02/18/2024 - 21:11:29: "[MXican] Ghost Lizard<14><STEAM_0:1:20336729><Jinrai>" say "brat (("
L 02/18/2024 - 21:11:30: "[Ikko] Dommy<10><STEAM_0:1:15299509><NSF>" say "!ready"
L 02/18/2024 - 21:11:38: "[MXican] Boltronics<24><STEAM_0:1:84048595><Jinrai>" say_team "?"
L 02/18/2024 - 21:11:48: "[MXican] Ghost Lizard<14><STEAM_0:1:20336729><Jinrai>" say "still waiting on nevra, sry guys"
L 02/18/2024 - 21:11:58: "[MXican] Wahaha-<4><STEAM_0:1:17526508><Jinrai>" say "!ready"
L 02/18/2024 - 21:11:59: "[Ikko] Shinra (Ikki)<7><STEAM_0:0:17487274><NSF>" say "fire him, replace him with scrub"
L 02/18/2024 - 21:12:14: "[MXican] Ghost Lizard<14><STEAM_0:1:20336729><Jinrai>" say "scrub had technical issues alas"
L 02/18/2024 - 21:12:20: "[Ikko] Shinra (Ikki)<7><STEAM_0:0:17487274><NSF>" say "aware"
L 02/18/2024 - 21:12:27: "[MXican] Wahaha-<4><STEAM_0:1:17526508><Jinrai>" say "scrub is having a wonderful time with the power and majesty of american internet infrastructure"
L 02/18/2024 - 21:12:27: "[Ikko] Shinra (Ikki)<7><STEAM_0:0:17487274><NSF>" say "it was an ironic suggestion"
L 02/18/2024 - 21:12:33: "[MXican] Boltronics<24><STEAM_0:1:84048595><Jinrai>" say "!ready"
L 02/18/2024 - 21:12:35: "[MXican] Nevra<21><STEAM_0:1:87689215><Jinrai>" say "!ready "
L 02/18/2024 - 21:12:36: "[MXican] Ghost Lizard<14><STEAM_0:1:20336729><Jinrai>" say "!ready"
L 02/18/2024 - 21:12:38: "[MXican] Halcyon<2><STEAM_0:1:2864524><Jinrai>" say "!ready"
L 02/18/2024 - 21:12:47: "[ikko] The_Legoracer<11><STEAM_0:1:38534131><NSF>" say "!ready"
L 02/18/2024 - 21:12:52: "[ikko] The_Legoracer<11><STEAM_0:1:38534131><NSF>" say "gl hf <3"
L 02/18/2024 - 21:14:51: "[MXican] Wahaha-<4><STEAM_0:1:17526508><Jinrai>" killed "[someikko] somerusher<5><STEAM_0:1:57157309><NSF>" with "zr68s"
L 02/18/2024 - 21:14:57: "[ikko] The_Legoracer<11><STEAM_0:1:38534131><NSF>" killed "[MXican] Boltronics<24><STEAM_0:1:84048595><Jinrai>" with "zr68s"
L 02/18/2024 - 21:14:57: "[MXican] Boltronics<24><STEAM_0:1:84048595><Jinrai>" say_team "5 Assault zr68s"
L 02/18/2024 - 21:15:20: "[MXican] Halcyon<2><STEAM_0:1:2864524><Jinrai>" killed "[Ikko] 3LOW<6><STEAM_0:0:67890711><NSF>" with "supa7"
L 02/18/2024 - 21:15:23: "[MXican] Halcyon<2><STEAM_0:1:2864524><Jinrai>" killed "[ikko] The_Legoracer<11><STEAM_0:1:38534131><NSF>" with "supa7"
L 02/18/2024 - 21:15:23: "[ikko] The_Legoracer<11><STEAM_0:1:38534131><NSF>" say_team "2 Support supa7"
L 02/18/2024 - 21:15:24: "[MXican] Nevra<21><STEAM_0:1:87689215><Jinrai>" killed "[Ikko] Shinra (Ikki)<7><STEAM_0:0:17487274><NSF>" with "zr68s"
L 02/18/2024 - 21:15:25: "[Ikko] Shinra (Ikki)<7><STEAM_0:0:17487274><NSF>" say_team "94 Assault zr68s"
L 02/18/2024 - 21:15:31: "[Ikko] Dommy<10><STEAM_0:1:15299509><NSF>" killed "[MXican] Halcyon<2><STEAM_0:1:2864524><Jinrai>" with "srm"
L 02/18/2024 - 21:15:31: "[Ikko] 3LOW<6><STEAM_0:0:67890711><NSF>" triggered "kill_assist"
L 02/18/2024 - 21:15:31: "[MXican] Halcyon<2><STEAM_0:1:2864524><Jinrai>" say_team "100 Recon srm"
L 02/18/2024 - 21:15:34: "[Ikko] Dommy<10><STEAM_0:1:15299509><NSF>" killed "[MXican] Nevra<21><STEAM_0:1:87689215><Jinrai>" with "srm"
L 02/18/2024 - 21:15:34: "[MXican] Nevra<21><STEAM_0:1:87689215><Jinrai>" say_team "87 Recon srm"
L 02/18/2024 - 21:16:21: "[Ikko] Dommy<10><STEAM_0:1:15299509><NSF>" killed "[MXican] Ghost Lizard<14><STEAM_0:1:20336729><Jinrai>" with "srm"
L 02/18/2024 - 21:16:22: "[MXican] Ghost Lizard<14><STEAM_0:1:20336729><Jinrai>" say_team "36 Recon srm"
L 02/18/2024 - 21:16:22: "[MXican] Boltronics<24><STEAM_0:1:84048595><Jinrai>" killed "[Ikko] Dommy<10><STEAM_0:1:15299509><NSF>" with "zr68s"
L 02/18/2024 - 21:16:22: "[MXican] Ghost Lizard<14><STEAM_0:1:20336729><Jinrai>" triggered "kill_assist"
L 02/18/2024 - 21:16:25: "[MXican] Wahaha-<4><STEAM_0:1:17526508><Jinrai>" killed "[Ikko] 3LOW<6><STEAM_0:0:67890711><NSF>" with "zr68s"
L 02/18/2024 - 21:16:32: "[someikko] somerusher<5><STEAM_0:1:57157309><NSF>" killed "[MXican] Wahaha-<4><STEAM_0:1:17526508><Jinrai>" with "zr68s"
L 02/18/2024 - 21:16:32: "[Ikko] 3LOW<6><STEAM_0:0:67890711><NSF>" triggered "kill_assist"
L 02/18/2024 - 21:16:33: "[MXican] Wahaha-<4><STEAM_0:1:17526508><Jinrai>" say_team "100 Assault zr68s"
L 02/18/2024 - 21:16:36: "[MXican] Ghost Lizard<14><STEAM_0:1:20336729><Jinrai>" say_team "possibly server"
L 02/18/2024 - 21:16:38: "[MXican] Ghost Lizard<14><STEAM_0:1:20336729><Jinrai>" say_team "possibly long"
L 02/18/2024 - 21:17:08: "[MXican] Halcyon<2><STEAM_0:1:2864524><Jinrai>" killed "[Ikko] Shinra (Ikki)<7><STEAM_0:0:17487274><NSF>" with "srm"
L 02/18/2024 - 21:17:08: "[Ikko] Shinra (Ikki)<7><STEAM_0:0:17487274><NSF>" say_team "100 Support srm"
L 02/18/2024 - 21:17:11: "[someikko] somerusher<5><STEAM_0:1:57157309><NSF>" killed "[MXican] Halcyon<2><STEAM_0:1:2864524><Jinrai>" with "zr68s"
L 02/18/2024 - 21:17:11: "[MXican] Halcyon<2><STEAM_0:1:2864524><Jinrai>" say_team "84 Assault zr68s"
L 02/18/2024 - 21:17:11: "[MXican] Boltronics<24><STEAM_0:1:84048595><Jinrai>" killed "[someikko] somerusher<5><STEAM_0:1:57157309><NSF>" with "zr68s"
L 02/18/2024 - 21:17:14: "[Ikko] 3LOW<6><STEAM_0:0:67890711><NSF>" say_team "do you still need me short server rusher?"
L 02/18/2024 - 21:17:24: "[MXican] Ghost Lizard<14><STEAM_0:1:20336729><Jinrai>" say_team "last might be lego"
L 02/18/2024 - 21:17:27: "[Ikko] Shinra (Ikki)<7><STEAM_0:0:17487274><NSF>" say "nt hitreg moment again"
L 02/18/2024 - 21:17:43: "[MXican] Halcyon<2><STEAM_0:1:2864524><Jinrai>" say "SC2 immortal shield activated"
L 02/18/2024 - 21:17:50: "[MXican] Halcyon<2><STEAM_0:1:2864524><Jinrai>" say "until I got shot in THE BACK"
L 02/18/2024 - 21:17:57: "[MXican] Halcyon<2><STEAM_0:1:2864524><Jinrai>" say "thieves"
L 02/18/2024 - 21:17:58: "[Ikko] Shinra (Ikki)<7><STEAM_0:0:17487274><NSF>" say "more like immoral shield"
L 02/18/2024 - 21:18:08: "[someikko] somerusher<5><STEAM_0:1:57157309><NSF>" say "you were clearly facing front to me"
L 02/18/2024 - 21:18:17: "[MXican] Boltronics<24><STEAM_0:1:84048595><Jinrai>" killed "[ikko] The_Legoracer<11><STEAM_0:1:38534131><NSF>" with "milso"
L 02/18/2024 - 21:18:17: "[MXican] Nevra<21><STEAM_0:1:87689215><Jinrai>" triggered "kill_assist"
L 02/18/2024 - 21:18:17: "[ikko] The_Legoracer<11><STEAM_0:1:38534131><NSF>" say_team "100 Recon milso"
L 02/18/2024 - 21:19:04: "[Ikko] 3LOW<6><STEAM_0:0:67890711><NSF>" killed "[MXican] Nevra<21><STEAM_0:1:87689215><Jinrai>" with "zr68s"
L 02/18/2024 - 21:19:04: "[MXican] Nevra<21><STEAM_0:1:87689215><Jinrai>" say_team "100 Assault zr68s"
L 02/18/2024 - 21:19:39: "[Ikko] Shinra (Ikki)<7><STEAM_0:0:17487274><NSF>" killed "[MXican] Wahaha-<4><STEAM_0:1:17526508><Jinrai>" with "srm"
L 02/18/2024 - 21:19:40: "[MXican] Wahaha-<4><STEAM_0:1:17526508><Jinrai>" say_team "20 Support srm"
L 02/18/2024 - 21:19:40: "[Ikko] 3LOW<6><STEAM_0:0:67890711><NSF>" killed "[MXican] Ghost Lizard<14><STEAM_0:1:20336729><Jinrai>" with "zr68s"
L 02/18/2024 - 21:19:40: "[MXican] Ghost Lizard<14><STEAM_0:1:20336729><Jinrai>" say_team "39 Assault zr68s"
L 02/18/2024 - 21:20:13: "[Ikko] 3LOW<6><STEAM_0:0:67890711><NSF>" killed "[MXican] Halcyon<2><STEAM_0:1:2864524><Jinrai>" with "zr68s"
L 02/18/2024 - 21:20:13: "[MXican] Halcyon<2><STEAM_0:1:2864524><Jinrai>" say_team "39 Assault zr68s"
L 02/18/2024 - 21:20:21: "[MXican] Boltronics<24><STEAM_0:1:84048595><Jinrai>" killed "[Ikko] Shinra (Ikki)<7><STEAM_0:0:17487274><NSF>" with "mx"
L 02/18/2024 - 21:20:21: "[MXican] Wahaha-<4><STEAM_0:1:17526508><Jinrai>" triggered "kill_assist"
L 02/18/2024 - 21:20:21: "[Ikko] Shinra (Ikki)<7><STEAM_0:0:17487274><NSF>" say_team "100 Assault mx"
L 02/18/2024 - 21:20:26: "[MXican] Boltronics<24><STEAM_0:1:84048595><Jinrai>" killed "[Ikko] 3LOW<6><STEAM_0:0:67890711><NSF>" with "mx"
L 02/18/2024 - 21:20:26: "[MXican] Ghost Lizard<14><STEAM_0:1:20336729><Jinrai>" triggered "kill_assist"
L 02/18/2024 - 21:20:32: "[ikko] The_Legoracer<11><STEAM_0:1:38534131><NSF>" killed "[MXican] Boltronics<24><STEAM_0:1:84048595><Jinrai>" with "srm"
L 02/18/2024 - 21:20:32: "[MXican] Boltronics<24><STEAM_0:1:84048595><Jinrai>" say_team "53 Assault srm"
L 02/18/2024 - 21:21:37: "[someikko] somerusher<5><STEAM_0:1:57157309><NSF>" killed "[MXican] Nevra<21><STEAM_0:1:87689215><Jinrai>" with "zr68s"
L 02/18/2024 - 21:21:37: "[MXican] Nevra<21><STEAM_0:1:87689215><Jinrai>" say_team "80 Assault zr68s"
L 02/18/2024 - 21:21:42: "[MXican] Halcyon<2><STEAM_0:1:2864524><Jinrai>" killed "[Ikko] Shinra (Ikki)<7><STEAM_0:0:17487274><NSF>" with "mx"
L 02/18/2024 - 21:21:42: "[Ikko] Shinra (Ikki)<7><STEAM_0:0:17487274><NSF>" say_team "100 Support mx"
L 02/18/2024 - 21:21:54: "[ikko] The_Legoracer<11><STEAM_0:1:38534131><NSF>" killed "[MXican] Wahaha-<4><STEAM_0:1:17526508><Jinrai>" with "mx"
L 02/18/2024 - 21:21:54: "[MXican] Wahaha-<4><STEAM_0:1:17526508><Jinrai>" say_team "100 Assault mx"
L 02/18/2024 - 21:22:35: "[MXican] Boltronics<24><STEAM_0:1:84048595><Jinrai>" killed "[someikko] somerusher<5><STEAM_0:1:57157309><NSF>" with "mx"
L 02/18/2024 - 21:22:45: "[ikko] The_Legoracer<11><STEAM_0:1:38534131><NSF>" killed "[MXican] Ghost Lizard<14><STEAM_0:1:20336729><Jinrai>" with "mx"
L 02/18/2024 - 21:22:46: "[MXican] Ghost Lizard<14><STEAM_0:1:20336729><Jinrai>" say_team "100 Assault mx"
L 02/18/2024 - 21:23:19: "[Ikko] Shinra (Ikki)<7><STEAM_0:0:17487274><NSF>" say_team "time"
L 02/18/2024 - 21:23:32: "[MXican] Halcyon<2><STEAM_0:1:2864524><Jinrai>" killed "[Ikko] 3LOW<6><STEAM_0:0:67890711><NSF>" with "mx"
L 02/18/2024 - 21:23:32: "[ikko] The_Legoracer<11><STEAM_0:1:38534131><NSF>" killed "[MXican] Halcyon<2><STEAM_0:1:2864524><Jinrai>" with "mx"
L 02/18/2024 - 21:23:32: "[MXican] Halcyon<2><STEAM_0:1:2864524><Jinrai>" say_team "100 Assault mx"
L 02/18/2024 - 21:23:42: "[MXican] Boltronics<24><STEAM_0:1:84048595><Jinrai>" killed "[ikko] The_Legoracer<11><STEAM_0:1:38534131><NSF>" with "srm"
L 02/18/2024 - 21:23:42: "[ikko] The_Legoracer<11><STEAM_0:1:38534131><NSF>" say_team "100 Assault srm"
L 02/18/2024 - 21:23:46: "[Ikko] Dommy<10><STEAM_0:1:15299509><NSF>" killed "[MXican] Boltronics<24><STEAM_0:1:84048595><Jinrai>" with "kyla"
L 02/18/2024 - 21:23:46: "[MXican] Boltronics<24><STEAM_0:1:84048595><Jinrai>" say_team "58 Support kyla"
L 02/18/2024 - 21:23:51: "[MXican] Halcyon<2><STEAM_0:1:2864524><Jinrai>" say "jesus"
L 02/18/2024 - 21:23:54: "[MXican] Wahaha-<4><STEAM_0:1:17526508><Jinrai>" say ""dont push""
L 02/18/2024 - 21:24:03: "[MXican] Halcyon<2><STEAM_0:1:2864524><Jinrai>" say "that 1v1 was ok idea"
L 02/18/2024 - 21:24:10: "[Ikko] Dommy<10><STEAM_0:1:15299509><NSF>" say "that should count XD"
L 02/18/2024 - 21:24:11: "[MXican] Halcyon<2><STEAM_0:1:2864524><Jinrai>" say "kyla love tap"
L 02/18/2024 - 21:24:32: "[Ikko] 3LOW<6><STEAM_0:0:67890711><NSF>" killed "[MXican] Wahaha-<4><STEAM_0:1:17526508><Jinrai>" with "zr68s"
L 02/18/2024 - 21:24:33: "[MXican] Wahaha-<4><STEAM_0:1:17526508><Jinrai>" say_team "68 Assault zr68s"
L 02/18/2024 - 21:25:22: "[MXican] Boltronics<24><STEAM_0:1:84048595><Jinrai>" killed "[Ikko] 3LOW<6><STEAM_0:0:67890711><NSF>" with "zr68s"
L 02/18/2024 - 21:26:01: "[MXican] Boltronics<24><STEAM_0:1:84048595><Jinrai>" killed "[someikko] somerusher<5><STEAM_0:1:57157309><NSF>" with "zr68s"
L 02/18/2024 - 21:26:04: "[ikko] The_Legoracer<11><STEAM_0:1:38534131><NSF>" killed "[MXican] Boltronics<24><STEAM_0:1:84048595><Jinrai>" with "mx"
L 02/18/2024 - 21:26:04: "[MXican] Boltronics<24><STEAM_0:1:84048595><Jinrai>" say_team "100 Assault mx"
L 02/18/2024 - 21:27:00: "[MXican] Halcyon<2><STEAM_0:1:2864524><Jinrai>" killed "[ikko] The_Legoracer<11><STEAM_0:1:38534131><NSF>" with "mx"
L 02/18/2024 - 21:27:00: "[ikko] The_Legoracer<11><STEAM_0:1:38534131><NSF>" say_team "100 Support mx"
L 02/18/2024 - 21:27:57: "[someikko] somerusher<5><STEAM_0:1:57157309><NSF>" killed "[MXican] Nevra<21><STEAM_0:1:87689215><Jinrai>" with "zr68s"
L 02/18/2024 - 21:27:57: "[MXican] Nevra<21><STEAM_0:1:87689215><Jinrai>" say_team "85 Assault zr68s"
L 02/18/2024 - 21:27:59: "[MXican] Boltronics<24><STEAM_0:1:84048595><Jinrai>" killed "[someikko] somerusher<5><STEAM_0:1:57157309><NSF>" with "jittescoped"
L 02/18/2024 - 21:28:54: "[MXican] Boltronics<24><STEAM_0:1:84048595><Jinrai>" killed "[Ikko] 3LOW<6><STEAM_0:0:67890711><NSF>" with "jittescoped"
L 02/18/2024 - 21:29:02: "[Ikko] Shinra (Ikki)<7><STEAM_0:0:17487274><NSF>" killed "[MXican] Boltronics<24><STEAM_0:1:84048595><Jinrai>" with "srm"
L 02/18/2024 - 21:29:02: "[MXican] Boltronics<24><STEAM_0:1:84048595><Jinrai>" say_team "100 Recon srm"
L 02/18/2024 - 21:29:42: "[ikko] The_Legoracer<11><STEAM_0:1:38534131><NSF>" killed "[MXican] Halcyon<2><STEAM_0:1:2864524><Jinrai>" with "mx"
L 02/18/2024 - 21:29:42: "[MXican] Halcyon<2><STEAM_0:1:2864524><Jinrai>" say_team "100 Assault mx"
L 02/18/2024 - 21:29:50: "[Ikko] Shinra (Ikki)<7><STEAM_0:0:17487274><NSF>" killed "[MXican] Wahaha-<4><STEAM_0:1:17526508><Jinrai>" with "srm"
L 02/18/2024 - 21:29:51: "[MXican] Wahaha-<4><STEAM_0:1:17526508><Jinrai>" say_team "100 Recon srm"
L 02/18/2024 - 21:30:05: "[MXican] Ghost Lizard<14><STEAM_0:1:20336729><Jinrai>" killed "[ikko] The_Legoracer<11><STEAM_0:1:38534131><NSF>" with "mx"
L 02/18/2024 - 21:30:05: "[ikko] The_Legoracer<11><STEAM_0:1:38534131><NSF>" say_team "44 Support mx"
L 02/18/2024 - 21:30:07: "[MXican] Ghost Lizard<14><STEAM_0:1:20336729><Jinrai>" killed "[Ikko] Shinra (Ikki)<7><STEAM_0:0:17487274><NSF>" with "kyla"
L 02/18/2024 - 21:30:07: "[Ikko] Dommy<10><STEAM_0:1:15299509><NSF>" killed "[MXican] Ghost Lizard<14><STEAM_0:1:20336729><Jinrai>" with "kyla"
L 02/18/2024 - 21:30:07: "[MXican] Ghost Lizard<14><STEAM_0:1:20336729><Jinrai>" say_team "94 Support kyla"
L 02/18/2024 - 21:30:08: "[Ikko] Shinra (Ikki)<7><STEAM_0:0:17487274><NSF>" say_team "23 Support kyla"
L 02/18/2024 - 21:30:28: "[someikko] somerusher<5><STEAM_0:1:57157309><NSF>" say "!settings"
L 02/18/2024 - 21:30:30: "[Ikko] Shinra (Ikki)<7><STEAM_0:0:17487274><NSF>" say ""!settings""
L 02/18/2024 - 21:31:02: "[someikko] somerusher<5><STEAM_0:1:57157309><NSF>" killed "[MXican] Halcyon<2><STEAM_0:1:2864524><Jinrai>" with "zr68s"
L 02/18/2024 - 21:31:03: "[MXican] Halcyon<2><STEAM_0:1:2864524><Jinrai>" say_team "100 Assault zr68s"
L 02/18/2024 - 21:31:03: "[Ikko] 3LOW<6><STEAM_0:0:67890711><NSF>" killed "[MXican] Wahaha-<4><STEAM_0:1:17526508><Jinrai>" with "zr68s"
L 02/18/2024 - 21:31:04: "[MXican] Wahaha-<4><STEAM_0:1:17526508><Jinrai>" say_team "100 Assault zr68s"
L 02/18/2024 - 21:31:08: "[MXican] Ghost Lizard<14><STEAM_0:1:20336729><Jinrai>" killed "[Ikko] 3LOW<6><STEAM_0:0:67890711><NSF>" with "mx"
L 02/18/2024 - 21:31:25: "[MXican] Boltronics<24><STEAM_0:1:84048595><Jinrai>" killed "[Ikko] Shinra (Ikki)<7><STEAM_0:0:17487274><NSF>" with "mx"
L 02/18/2024 - 21:31:25: "[Ikko] Shinra (Ikki)<7><STEAM_0:0:17487274><NSF>" say_team "88 Assault mx"
L 02/18/2024 - 21:31:31: "[MXican] Halcyon<2><STEAM_0:1:2864524><Jinrai>" say "mx rng finally caught me for once"
L 02/18/2024 - 21:31:56: "[Ikko] Shinra (Ikki)<7><STEAM_0:0:17487274><NSF>" say_team "ULTRA DEFENSE"
L 02/18/2024 - 21:32:55: "[MXican] Boltronics<24><STEAM_0:1:84048595><Jinrai>" killed "[Ikko] Dommy<10><STEAM_0:1:15299509><NSF>" with "mx"
L 02/18/2024 - 21:32:58: "[ikko] The_Legoracer<11><STEAM_0:1:38534131><NSF>" killed "[MXican] Nevra<21><STEAM_0:1:87689215><Jinrai>" with "mx"
L 02/18/2024 - 21:32:58: "[MXican] Nevra<21><STEAM_0:1:87689215><Jinrai>" say_team "100 Assault mx"
L 02/18/2024 - 21:33:17: "[MXican] Ghost Lizard<14><STEAM_0:1:20336729><Jinrai>" killed "[someikko] somerusher<5><STEAM_0:1:57157309><NSF>" with "mx"
L 02/18/2024 - 21:33:17: "[someikko] somerusher<5><STEAM_0:1:57157309><NSF>" say_team "13 Support mx"
L 02/18/2024 - 21:33:55: "[MXican] Boltronics<24><STEAM_0:1:84048595><Jinrai>" killed "[someikko] somerusher<5><STEAM_0:1:57157309><NSF>" with "jittescoped"
L 02/18/2024 - 21:33:56: "[someikko] somerusher<5><STEAM_0:1:57157309><NSF>" say_team "100 Recon jittescoped"
L 02/18/2024 - 21:34:47: "[MXican] Boltronics<24><STEAM_0:1:84048595><Jinrai>" killed "[ikko] The_Legoracer<11><STEAM_0:1:38534131><NSF>" with "mx"
L 02/18/2024 - 21:34:47: "[MXican] Nevra<21><STEAM_0:1:87689215><Jinrai>" triggered "kill_assist"
L 02/18/2024 - 21:34:47: "[ikko] The_Legoracer<11><STEAM_0:1:38534131><NSF>" say_team "44 Recon mx"
L 02/18/2024 - 21:34:58: "[MXican] Boltronics<24><STEAM_0:1:84048595><Jinrai>" killed "[Ikko] Shinra (Ikki)<7><STEAM_0:0:17487274><NSF>" with "mx"
L 02/18/2024 - 21:34:58: "[Ikko] Shinra (Ikki)<7><STEAM_0:0:17487274><NSF>" say_team "19 Recon mx"
L 02/18/2024 - 21:35:10: "[MXican] Nevra<21><STEAM_0:1:87689215><Jinrai>" killed "[Ikko] Dommy<10><STEAM_0:1:15299509><NSF>" with "zr68s"
L 02/18/2024 - 21:35:10: "[MXican] Ghost Lizard<14><STEAM_0:1:20336729><Jinrai>" triggered "kill_assist"
L 02/18/2024 - 21:35:21: "[Ikko] 3LOW<6><STEAM_0:0:67890711><NSF>" killed "[MXican] Boltronics<24><STEAM_0:1:84048595><Jinrai>" with "zr68s"
L 02/18/2024 - 21:35:21: "[ikko] The_Legoracer<11><STEAM_0:1:38534131><NSF>" triggered "kill_assist"
L 02/18/2024 - 21:35:21: "[MXican] Boltronics<24><STEAM_0:1:84048595><Jinrai>" say_team "74 Assault zr68s"
L 02/18/2024 - 21:35:24: "[Ikko] 3LOW<6><STEAM_0:0:67890711><NSF>" killed "[MXican] Halcyon<2><STEAM_0:1:2864524><Jinrai>" with "zr68s"
L 02/18/2024 - 21:35:24: "[MXican] Halcyon<2><STEAM_0:1:2864524><Jinrai>" say_team "39 Assault zr68s"
L 02/18/2024 - 21:35:55: "[Ikko] 3LOW<6><STEAM_0:0:67890711><NSF>" killed "[MXican] Ghost Lizard<14><STEAM_0:1:20336729><Jinrai>" with "zr68s"
L 02/18/2024 - 21:35:55: "[Ikko] Dommy<10><STEAM_0:1:15299509><NSF>" triggered "kill_assist"
L 02/18/2024 - 21:35:55: "[MXican] Ghost Lizard<14><STEAM_0:1:20336729><Jinrai>" say_team "18 Assault zr68s"
L 02/18/2024 - 21:35:59: "[MXican] Wahaha-<4><STEAM_0:1:17526508><Jinrai>" killed "[Ikko] 3LOW<6><STEAM_0:0:67890711><NSF>" with "zr68s"
L 02/18/2024 - 21:36:01: "[MXican] Boltronics<24><STEAM_0:1:84048595><Jinrai>" say_team "gjjj"
L 02/18/2024 - 21:36:43: "[someikko] somerusher<5><STEAM_0:1:57157309><NSF>" killed "[MXican] Nevra<21><STEAM_0:1:87689215><Jinrai>" with "zr68s"
L 02/18/2024 - 21:36:43: "[MXican] Nevra<21><STEAM_0:1:87689215><Jinrai>" say_team "79 Assault zr68s"
L 02/18/2024 - 21:36:51: "[ikko] The_Legoracer<11><STEAM_0:1:38534131><NSF>" killed "[MXican] Boltronics<24><STEAM_0:1:84048595><Jinrai>" with "mx"
L 02/18/2024 - 21:36:51: "[someikko] somerusher<5><STEAM_0:1:57157309><NSF>" triggered "kill_assist"
L 02/18/2024 - 21:36:51: "[MXican] Boltronics<24><STEAM_0:1:84048595><Jinrai>" say_team "100 Assault mx"
L 02/18/2024 - 21:37:02: "[MXican] Boltronics<24><STEAM_0:1:84048595><Jinrai>" say_team "dont push long pls"
L 02/18/2024 - 21:37:04: "[MXican] Boltronics<24><STEAM_0:1:84048595><Jinrai>" say_team "next time"
L 02/18/2024 - 21:37:04: "[MXican] Boltronics<24><STEAM_0:1:84048595><Jinrai>" say_team "nevra"
L 02/18/2024 - 21:38:03: "[Ikko] Shinra (Ikki)<7><STEAM_0:0:17487274><NSF>" killed "[MXican] Ghost Lizard<14><STEAM_0:1:20336729><Jinrai>" with "mx"
L 02/18/2024 - 21:38:03: "[Ikko] 3LOW<6><STEAM_0:0:67890711><NSF>" triggered "kill_assist"
L 02/18/2024 - 21:38:03: "[MXican] Ghost Lizard<14><STEAM_0:1:20336729><Jinrai>" say_team "100 Support mx"
L 02/18/2024 - 21:38:08: "[MXican] Wahaha-<4><STEAM_0:1:17526508><Jinrai>" killed "[Ikko] Shinra (Ikki)<7><STEAM_0:0:17487274><NSF>" with "zr68s"
L 02/18/2024 - 21:38:08: "[Ikko] Shinra (Ikki)<7><STEAM_0:0:17487274><NSF>" say_team "65 Assault zr68s"
L 02/18/2024 - 21:38:13: "[someikko] somerusher<5><STEAM_0:1:57157309><NSF>" killed "[MXican] Wahaha-<4><STEAM_0:1:17526508><Jinrai>" with "mx"
L 02/18/2024 - 21:38:13: "[MXican] Wahaha-<4><STEAM_0:1:17526508><Jinrai>" say_team "51 Assault mx"
L 02/18/2024 - 21:38:34: "[MXican] Halcyon<2><STEAM_0:1:2864524><Jinrai>" killed "[someikko] somerusher<5><STEAM_0:1:57157309><NSF>" with "mx"
L 02/18/2024 - 21:38:34: "[someikko] somerusher<5><STEAM_0:1:57157309><NSF>" say_team "37 Support mx"
L 02/18/2024 - 21:38:35: "[Ikko] 3LOW<6><STEAM_0:0:67890711><NSF>" killed "[MXican] Halcyon<2><STEAM_0:1:2864524><Jinrai>" with "mx"
L 02/18/2024 - 21:38:35: "[someikko] somerusher<5><STEAM_0:1:57157309><NSF>" triggered "kill_assist"
L 02/18/2024 - 21:38:35: "[MXican] Halcyon<2><STEAM_0:1:2864524><Jinrai>" say_team "100 Assault mx"
L 02/18/2024 - 21:39:30: "[Ikko] 3LOW<6><STEAM_0:0:67890711><NSF>" killed "[MXican] Wahaha-<4><STEAM_0:1:17526508><Jinrai>" with "mx"
L 02/18/2024 - 21:39:30: "[MXican] Wahaha-<4><STEAM_0:1:17526508><Jinrai>" say_team "65 Assault mx"
L 02/18/2024 - 21:40:32: "[Ikko] Shinra (Ikki)<7><STEAM_0:0:17487274><NSF>" killed "[MXican] Boltronics<24><STEAM_0:1:84048595><Jinrai>" with "jittescoped"
L 02/18/2024 - 21:40:32: "[MXican] Boltronics<24><STEAM_0:1:84048595><Jinrai>" say_team "100 Recon jittescoped"
L 02/18/2024 - 21:40:47: "[Ikko] Dommy<10><STEAM_0:1:15299509><NSF>" killed "[MXican] Halcyon<2><STEAM_0:1:2864524><Jinrai>" with "mx"
L 02/18/2024 - 21:40:47: "[MXican] Halcyon<2><STEAM_0:1:2864524><Jinrai>" say_team "24 Support mx"
L 02/18/2024 - 21:40:50: "[MXican] Nevra<21><STEAM_0:1:87689215><Jinrai>" killed "[someikko] somerusher<5><STEAM_0:1:57157309><NSF>" with "mx"
L 02/18/2024 - 21:40:50: "[someikko] somerusher<5><STEAM_0:1:57157309><NSF>" say_team "100 Assault mx"
L 02/18/2024 - 21:40:50: "[MXican] Ghost Lizard<14><STEAM_0:1:20336729><Jinrai>" killed "[Ikko] Dommy<10><STEAM_0:1:15299509><NSF>" with "mx"
L 02/18/2024 - 21:40:50: "[MXican] Halcyon<2><STEAM_0:1:2864524><Jinrai>" triggered "kill_assist"
L 02/18/2024 - 21:40:53: "[MXican] Nevra<21><STEAM_0:1:87689215><Jinrai>" killed "[Ikko] Shinra (Ikki)<7><STEAM_0:0:17487274><NSF>" with "mx"
L 02/18/2024 - 21:40:53: "[Ikko] Shinra (Ikki)<7><STEAM_0:0:17487274><NSF>" say_team "100 Assault mx"
L 02/18/2024 - 21:40:54: "[ikko] The_Legoracer<11><STEAM_0:1:38534131><NSF>" killed "[MXican] Nevra<21><STEAM_0:1:87689215><Jinrai>" with "mx"
L 02/18/2024 - 21:40:54: "[MXican] Nevra<21><STEAM_0:1:87689215><Jinrai>" say_team "74 Assault mx"
L 02/18/2024 - 21:41:03: "[Ikko] 3LOW<6><STEAM_0:0:67890711><NSF>" killed "[MXican] Ghost Lizard<14><STEAM_0:1:20336729><Jinrai>" with "mx"
L 02/18/2024 - 21:41:03: "[MXican] Ghost Lizard<14><STEAM_0:1:20336729><Jinrai>" say_team "65 Assault mx"
L 02/18/2024 - 21:41:58: "[MXican] Boltronics<24><STEAM_0:1:84048595><Jinrai>" killed "[someikko] somerusher<5><STEAM_0:1:57157309><NSF>" with "mx"
L 02/18/2024 - 21:41:58: "[Ikko] Dommy<10><STEAM_0:1:15299509><NSF>" killed "[MXican] Boltronics<24><STEAM_0:1:84048595><Jinrai>" with "jittescoped"
L 02/18/2024 - 21:41:58: "[someikko] somerusher<5><STEAM_0:1:57157309><NSF>" triggered "kill_assist"
L 02/18/2024 - 21:41:58: "[someikko] somerusher<5><STEAM_0:1:57157309><NSF>" say_team "5 Assault mx"
L 02/18/2024 - 21:41:58: "[MXican] Boltronics<24><STEAM_0:1:84048595><Jinrai>" say_team "100 Recon jittescoped"
L 02/18/2024 - 21:43:09: "[MXican] Ghost Lizard<14><STEAM_0:1:20336729><Jinrai>" killed "[Ikko] Shinra (Ikki)<7><STEAM_0:0:17487274><NSF>" with "mx"
L 02/18/2024 - 21:43:09: "[Ikko] Shinra (Ikki)<7><STEAM_0:0:17487274><NSF>" say_team "78 Support mx"
L 02/18/2024 - 21:43:12: "[ikko] The_Legoracer<11><STEAM_0:1:38534131><NSF>" killed "[MXican] Ghost Lizard<14><STEAM_0:1:20336729><Jinrai>" with "mx"
L 02/18/2024 - 21:43:12: "[MXican] Ghost Lizard<14><STEAM_0:1:20336729><Jinrai>" say_team "100 Assault mx"
L 02/18/2024 - 21:43:42: "[MXican] Wahaha-<4><STEAM_0:1:17526508><Jinrai>" killed "[Ikko] Dommy<10><STEAM_0:1:15299509><NSF>" with "zr68s"
L 02/18/2024 - 21:43:45: "[MXican] Wahaha-<4><STEAM_0:1:17526508><Jinrai>" killed "[Ikko] 3LOW<6><STEAM_0:0:67890711><NSF>" with "zr68s"
L 02/18/2024 - 21:44:26: "[Ikko] 3LOW<6><STEAM_0:0:67890711><NSF>" killed "[MXican] Wahaha-<4><STEAM_0:1:17526508><Jinrai>" with "grenade_projectile"
L 02/18/2024 - 21:44:27: "[MXican] Wahaha-<4><STEAM_0:1:17526508><Jinrai>" say_team "74 Assault grenade_projectile"
L 02/18/2024 - 21:44:27: "[MXican] Boltronics<24><STEAM_0:1:84048595><Jinrai>" killed "[Ikko] 3LOW<6><STEAM_0:0:67890711><NSF>" with "grenade_projectile"
L 02/18/2024 - 21:44:31: "[MXican] Boltronics<24><STEAM_0:1:84048595><Jinrai>" killed "[Ikko] Dommy<10><STEAM_0:1:15299509><NSF>" with "aa13"
L 02/18/2024 - 21:44:33: "[someikko] somerusher<5><STEAM_0:1:57157309><NSF>" killed "[MXican] Boltronics<24><STEAM_0:1:84048595><Jinrai>" with "mx"
L 02/18/2024 - 21:44:33: "[MXican] Boltronics<24><STEAM_0:1:84048595><Jinrai>" say_team "30 Assault mx"
L 02/18/2024 - 21:44:58: "[ikko] The_Legoracer<11><STEAM_0:1:38534131><NSF>" killed "[MXican] Ghost Lizard<14><STEAM_0:1:20336729><Jinrai>" with "mx"
L 02/18/2024 - 21:44:58: "[MXican] Ghost Lizard<14><STEAM_0:1:20336729><Jinrai>" say_team "54 Assault mx"
L 02/18/2024 - 21:45:02: "[Ikko] Shinra (Ikki)<7><STEAM_0:0:17487274><NSF>" killed "[MXican] Nevra<21><STEAM_0:1:87689215><Jinrai>" with "mx"
L 02/18/2024 - 21:45:03: "[MXican] Nevra<21><STEAM_0:1:87689215><Jinrai>" say_team "81 Support mx"
L 02/18/2024 - 21:45:15: "[Ikko] Shinra (Ikki)<7><STEAM_0:0:17487274><NSF>" killed "[MXican] Halcyon<2><STEAM_0:1:2864524><Jinrai>" with "mx"
L 02/18/2024 - 21:45:15: "[MXican] Halcyon<2><STEAM_0:1:2864524><Jinrai>" say_team "81 Support mx"
L 02/18/2024 - 21:46:03: "[MXican] Wahaha-<4><STEAM_0:1:17526508><Jinrai>" killed "[ikko] The_Legoracer<11><STEAM_0:1:38534131><NSF>" with "mx"
L 02/18/2024 - 21:46:03: "[ikko] The_Legoracer<11><STEAM_0:1:38534131><NSF>" say_team "48 Assault mx"
L 02/18/2024 - 21:46:07: "[Ikko] Shinra (Ikki)<7><STEAM_0:0:17487274><NSF>" killed "[MXican] Wahaha-<4><STEAM_0:1:17526508><Jinrai>" with "mx"
L 02/18/2024 - 21:46:07: "[ikko] The_Legoracer<11><STEAM_0:1:38534131><NSF>" triggered "kill_assist"
L 02/18/2024 - 21:46:08: "[MXican] Wahaha-<4><STEAM_0:1:17526508><Jinrai>" say_team "3 Support mx"
L 02/18/2024 - 21:46:08: "[MXican] Nevra<21><STEAM_0:1:87689215><Jinrai>" killed "[Ikko] Shinra (Ikki)<7><STEAM_0:0:17487274><NSF>" with "mx"
L 02/18/2024 - 21:46:08: "[MXican] Wahaha-<4><STEAM_0:1:17526508><Jinrai>" triggered "kill_assist"
L 02/18/2024 - 21:46:08: "[Ikko] Shinra (Ikki)<7><STEAM_0:0:17487274><NSF>" say_team "100 Assault mx"
L 02/18/2024 - 21:46:20: "[someikko] somerusher<5><STEAM_0:1:57157309><NSF>" killed "[MXican] Nevra<21><STEAM_0:1:87689215><Jinrai>" with "mx"
L 02/18/2024 - 21:46:20: "[MXican] Nevra<21><STEAM_0:1:87689215><Jinrai>" say_team "48 Assault mx"
L 02/18/2024 - 21:46:31: "[Ikko] Shinra (Ikki)<7><STEAM_0:0:17487274><NSF>" say_team "maj still up"
L 02/18/2024 - 21:46:35: "[Ikko] Shinra (Ikki)<7><STEAM_0:0:17487274><NSF>" say_team "retreat if you have to"
L 02/18/2024 - 21:46:57: "[someikko] somerusher<5><STEAM_0:1:57157309><NSF>" killed "[MXican] Boltronics<24><STEAM_0:1:84048595><Jinrai>" with "mx"
L 02/18/2024 - 21:46:57: "[MXican] Boltronics<24><STEAM_0:1:84048595><Jinrai>" say_team "48 Assault mx"
L 02/18/2024 - 21:47:16: "[MXican] Halcyon<2><STEAM_0:1:2864524><Jinrai>" killed "[Ikko] 3LOW<6><STEAM_0:0:67890711><NSF>" with "jittescoped"
L 02/18/2024 - 21:47:18: "[MXican] Halcyon<2><STEAM_0:1:2864524><Jinrai>" killed "[Ikko] Dommy<10><STEAM_0:1:15299509><NSF>" with "jittescoped"
L 02/18/2024 - 21:47:20: "[someikko] somerusher<5><STEAM_0:1:57157309><NSF>" killed "[MXican] Halcyon<2><STEAM_0:1:2864524><Jinrai>" with "mx"
L 02/18/2024 - 21:47:20: "[MXican] Halcyon<2><STEAM_0:1:2864524><Jinrai>" say_team "48 Assault mx"
L 02/18/2024 - 21:47:49: "[MXican] Boltronics<24><STEAM_0:1:84048595><Jinrai>" say "gg"
L 02/18/2024 - 21:47:51: "[Ikko] Shinra (Ikki)<7><STEAM_0:0:17487274><NSF>" say "gg"
L 02/18/2024 - 21:47:55: "[Ikko] Shinra (Ikki)<7><STEAM_0:0:17487274><NSF>" say "wait"
L 02/18/2024 - 21:47:57: "[Ikko] Shinra (Ikki)<7><STEAM_0:0:17487274><NSF>" say "no"
L 02/18/2024 - 21:47:58: "[Ikko] Shinra (Ikki)<7><STEAM_0:0:17487274><NSF>" say "stop"
L 02/18/2024 - 21:48:01: "[Ikko] Shinra (Ikki)<7><STEAM_0:0:17487274><NSF>" say "your heresy"
L 02/18/2024 - 21:48:11: "[Ikko] Shinra (Ikki)<7><STEAM_0:0:17487274><NSF>" say "nvm, i slandered the prophet"
L 02/18/2024 - 21:48:15: "[ikko] The_Legoracer<11><STEAM_0:1:38534131><NSF>" say "ggs wp ^^"
L 02/18/2024 - 21:48:18: "[Disembodied Camera] Oni<23><STEAM_0:1:10174276><Spectator>" say "!admin"
L 02/18/2024 - 21:48:18: "[Ikko] Shinra (Ikki)<7><STEAM_0:0:17487274><NSF>" say "turns out I was the the pharasee"
L 02/18/2024 - 21:48:31: [META] Loaded 0 plugins (1 already loaded)
L 02/18/2024 - 21:48:31: [META] Loaded 0 plugins (1 already loaded)
L 02/18/2024 - 21:48:31: Log file closed
