L 02/18/2024 - 21:48:34: Log file started (file "logs\L0218065.log") (game "z:\home\steam\steam\steamapps\common\nt\NeotokyoSource") (version "4044")
L 02/18/2024 - 21:48:34: server_cvar: "sv_pausable" "0"
L 02/18/2024 - 21:48:34: server_cvar: "sv_contact" "baux.site"
L 02/18/2024 - 21:48:34: server_cvar: "sv_gravity" "800"
L 02/18/2024 - 21:48:34: server_cvar: "mp_friendlyfire" "1"
L 02/18/2024 - 21:48:36: "[someikko] somerusher<5><STEAM_0:1:57157309><>" entered the game
L 02/18/2024 - 21:48:37: "[MXican] Ghost Lizard<14><STEAM_0:1:20336729><>" entered the game
L 02/18/2024 - 21:48:37: "[MXican] Wahaha-<4><STEAM_0:1:17526508><>" entered the game
L 02/18/2024 - 21:48:38: "[MXican] Halcyon<2><STEAM_0:1:2864524><>" entered the game
L 02/18/2024 - 21:48:38: "[Disembodied Camera] Oni<23><STEAM_0:1:10174276><>" entered the game
L 02/18/2024 - 21:48:38: "[Ikko] Shinra (Ikki)<7><STEAM_0:0:17487274><>" entered the game
L 02/18/2024 - 21:48:39: "[MXican] Boltronics<24><STEAM_0:1:84048595><>" entered the game
L 02/18/2024 - 21:48:40: "[Ikko] Dommy<10><STEAM_0:1:15299509><>" entered the game
L 02/18/2024 - 21:48:40: "[Disembodied Camera] Oni<23><STEAM_0:1:10174276><Unassigned>" joined team "Spectator"
L 02/18/2024 - 21:48:41: "[MXican] Wahaha-<4><STEAM_0:1:17526508><Unassigned>" joined team "Jinrai"
L 02/18/2024 - 21:48:41: "[MXican] Halcyon<2><STEAM_0:1:2864524><Unassigned>" joined team "Jinrai"
L 02/18/2024 - 21:48:41: "[CAST] Infrequent<22><STEAM_0:1:6384081><>" entered the game
L 02/18/2024 - 21:48:43: "[Ikko] Shinra (Ikki)<7><STEAM_0:0:17487274><Unassigned>" joined team "NSF"
L 02/18/2024 - 21:48:44: "[MXican] Nevra<21><STEAM_0:1:87689215><>" entered the game
L 02/18/2024 - 21:48:44: "[CAST] Infrequent<22><STEAM_0:1:6384081><Unassigned>" joined team "Spectator"
L 02/18/2024 - 21:48:44: "[someikko] somerusher<5><STEAM_0:1:57157309><Unassigned>" joined team "NSF"
L 02/18/2024 - 21:48:47: "[MXican] Ghost Lizard<14><STEAM_0:1:20336729><Unassigned>" joined team "Jinrai"
L 02/18/2024 - 21:48:49: "[Ikko] 3LOW<6><STEAM_0:0:67890711><>" entered the game
L 02/18/2024 - 21:48:49: "[Ikko] Shinra (Ikki)<7><STEAM_0:0:17487274><NSF>" say "bio break"
L 02/18/2024 - 21:48:51: "[ikko] The_Legoracer<11><STEAM_0:1:38534131><>" entered the game
L 02/18/2024 - 21:48:53: "[Ikko] 3LOW<6><STEAM_0:0:67890711><Unassigned>" joined team "NSF"
L 02/18/2024 - 21:48:54: "[Ikko] Shinra (Ikki)<7><STEAM_0:0:17487274><NSF>" say "one second"
L 02/18/2024 - 21:48:55: "[MXican] Boltronics<24><STEAM_0:1:84048595><Unassigned>" joined team "Jinrai"
L 02/18/2024 - 21:48:58: "[ikko] The_Legoracer<11><STEAM_0:1:38534131><Unassigned>" joined team "NSF"
L 02/18/2024 - 21:49:01: "[MXican] Wahaha-<4><STEAM_0:1:17526508><Jinrai>" say "SHITRA"
L 02/18/2024 - 21:49:04: "[MXican] Wahaha-<4><STEAM_0:1:17526508><Jinrai>" say "HES SHITTIN"
L 02/18/2024 - 21:49:09: "[MXican] Wahaha-<4><STEAM_0:1:17526508><Jinrai>" say "MOM GET THE CAMERA"
L 02/18/2024 - 21:49:12: "[MXican] Wahaha-<4><STEAM_0:1:17526508><Jinrai>" say "STREAM"
L 02/18/2024 - 21:49:14: "[MXican] Nevra<21><STEAM_0:1:87689215><Unassigned>" joined team "Jinrai"
L 02/18/2024 - 21:49:16: "[MXican] Wahaha-<4><STEAM_0:1:17526508><Jinrai>" say "POOP EMOKI"
L 02/18/2024 - 21:49:17: "[someikko] somerusher<5><STEAM_0:1:57157309><NSF>" say "rude"
L 02/18/2024 - 21:49:34: "[MXican] Wahaha-<4><STEAM_0:1:17526508><Jinrai>" say "bio is just a dumb term"
L 02/18/2024 - 21:49:46: "[Ikko] 3LOW<6><STEAM_0:0:67890711><NSF>" say_team "!ready"
L 02/18/2024 - 21:49:50: "[MXican] Wahaha-<4><STEAM_0:1:17526508><Jinrai>" say "get the euphemism treadmill shit outta my life"
L 02/18/2024 - 21:49:52: "[MXican] Halcyon<2><STEAM_0:1:2864524><Jinrai>" say "Yeah, "Just one second I'll start biological warfare in Middle East""
L 02/18/2024 - 21:50:06: "[Ikko] Shinra (Ikki)<7><STEAM_0:0:17487274><NSF>" say "on it"
L 02/18/2024 - 21:50:15: "[Ikko] Shinra (Ikki)<7><STEAM_0:0:17487274><NSF>" say "assad and i are buddies"
L 02/18/2024 - 21:50:26: "[someikko] somerusher<5><STEAM_0:1:57157309><NSF>" say "assad based"
L 02/18/2024 - 21:50:27: "[Ikko] Shinra (Ikki)<7><STEAM_0:0:17487274><NSF>" say "jk"
L 02/18/2024 - 21:50:29: "[MXican] Wahaha-<4><STEAM_0:1:17526508><Jinrai>" say "putting the ass is assad"
L 02/18/2024 - 21:50:36: "[MXican] Wahaha-<4><STEAM_0:1:17526508><Jinrai>" say "got the dumpy to dump sarin"
L 02/18/2024 - 21:50:37: "[Ikko] Dommy<10><STEAM_0:1:15299509><Unassigned>" joined team "Spectator"
L 02/18/2024 - 21:50:40: "[Ikko] Shinra (Ikki)<7><STEAM_0:0:17487274><NSF>" say "more like the sad"
L 02/18/2024 - 21:50:41: "[Ikko] Dommy<10><STEAM_0:1:15299509><Spectator>" say "!n"
L 02/18/2024 - 21:50:41: "[Ikko] Dommy<10><STEAM_0:1:15299509><Spectator>" joined team "NSF"
L 02/18/2024 - 21:50:52: "[Ikko] Dommy<10><STEAM_0:1:15299509><NSF>" say "hard times daddy! hard times!"
L 02/18/2024 - 21:50:55: "[MXican] Nevra<21><STEAM_0:1:87689215><Jinrai>" say "!ready "
L 02/18/2024 - 21:51:00: "[MXican] Ghost Lizard<14><STEAM_0:1:20336729><Jinrai>" say "!ready"
L 02/18/2024 - 21:51:02: "[Ikko] Dommy<10><STEAM_0:1:15299509><NSF>" say "when a computa replaces you, thats hard times!"
L 02/18/2024 - 21:51:29: "[someikko] somerusher<5><STEAM_0:1:57157309><NSF>" say_team "!settings"
L 02/18/2024 - 21:51:29: "[Ikko] Dommy<10><STEAM_0:1:15299509><NSF>" say "when halcyon survives with 1hp left, that is hard times daddy!"
L 02/18/2024 - 21:51:35: "[Ikko] Dommy<10><STEAM_0:1:15299509><NSF>" say "!settings"
L 02/18/2024 - 21:51:43: "[Ikko] Shinra (Ikki)<7><STEAM_0:0:17487274><NSF>" say "!settings"
L 02/18/2024 - 21:51:44: "[Ikko] 3LOW<6><STEAM_0:0:67890711><NSF>" say_team "!settings"
L 02/18/2024 - 21:51:50: "[MXican] Halcyon<2><STEAM_0:1:2864524><Jinrai>" say "Help me stepbro I'm stuck on 1hp"
L 02/18/2024 - 21:52:03: "[Ikko] Dommy<10><STEAM_0:1:15299509><NSF>" say "if lizard survives kyla duel, than that is hard times daddy"
L 02/18/2024 - 21:52:42: "[Ikko] Dommy<10><STEAM_0:1:15299509><NSF>" say "when there is no one to stream your match, thats hard times!"
L 02/18/2024 - 21:52:54: "[Ikko] Shinra (Ikki)<7><STEAM_0:0:17487274><NSF>" say "this fucking place again"
L 02/18/2024 - 21:52:55: "[Ikko] Dommy<10><STEAM_0:1:15299509><NSF>" say "daddy"
L 02/18/2024 - 21:52:56: "[MXican] Boltronics<24><STEAM_0:1:84048595><Jinrai>" say "!ready"
L 02/18/2024 - 21:52:56: "[MXican] Halcyon<2><STEAM_0:1:2864524><Jinrai>" say "!ready"
L 02/18/2024 - 21:52:57: "[MXican] Nevra<21><STEAM_0:1:87689215><Jinrai>" say "!ready"
L 02/18/2024 - 21:52:58: "[MXican] Wahaha-<4><STEAM_0:1:17526508><Jinrai>" say "!ready"
L 02/18/2024 - 21:53:02: "[someikko] somerusher<5><STEAM_0:1:57157309><NSF>" say "!ready"
L 02/18/2024 - 21:53:14: "[Ikko] Shinra (Ikki)<7><STEAM_0:0:17487274><NSF>" say "one more second :/"
L 02/18/2024 - 21:53:17: "[Ikko] Dommy<10><STEAM_0:1:15299509><NSF>" say "when someone is not readyd up yet, that is hard times daddy"
L 02/18/2024 - 21:53:41: "[Ikko] Dommy<10><STEAM_0:1:15299509><NSF>" say "!ready"
L 02/18/2024 - 21:53:46: "[MXican] Nevra<21><STEAM_0:1:87689215><Jinrai>" say "!readyq"
L 02/18/2024 - 21:53:56: "[MXican] Nevra<21><STEAM_0:1:87689215><Jinrai>" say "!readylist"
L 02/18/2024 - 21:53:57: "[MXican] Ghost Lizard<14><STEAM_0:1:20336729><Jinrai>" say "!readylist"
L 02/18/2024 - 21:54:00: "[MXican] Wahaha-<4><STEAM_0:1:17526508><Jinrai>" say "!ready"
L 02/18/2024 - 21:54:01: "[MXican] Wahaha-<4><STEAM_0:1:17526508><Jinrai>" say "!readylist"
L 02/18/2024 - 21:54:04: "[MXican] Ghost Lizard<14><STEAM_0:1:20336729><Jinrai>" say "shinra and lego"
L 02/18/2024 - 21:54:09: "[MXican] Ghost Lizard<14><STEAM_0:1:20336729><Jinrai>" say "whenever you feel like it"
L 02/18/2024 - 21:54:16: "[Ikko] Dommy<10><STEAM_0:1:15299509><NSF>" say "shinra and lego have hard times"
L 02/18/2024 - 21:54:21: "[MXican] Wahaha-<4><STEAM_0:1:17526508><Jinrai>" say "uwu"
L 02/18/2024 - 21:54:22: "[Ikko] Dommy<10><STEAM_0:1:15299509><NSF>" say "replaced by the computa"
L 02/18/2024 - 21:54:25: "[MXican] Halcyon<2><STEAM_0:1:2864524><Jinrai>" say "they fuckin?"
L 02/18/2024 - 21:54:25: "[MXican] Nevra<21><STEAM_0:1:87689215><Jinrai>" say "go pls"
L 02/18/2024 - 21:54:27: "[MXican] Ghost Lizard<14><STEAM_0:1:20336729><Jinrai>" say "lewd"
L 02/18/2024 - 21:54:31: "[MXican] Ghost Lizard<14><STEAM_0:1:20336729><Jinrai>" say "but"
L 02/18/2024 - 21:54:33: "[MXican] Ghost Lizard<14><STEAM_0:1:20336729><Jinrai>" say "not unexpected"
L 02/18/2024 - 21:54:41: "[Ikko] Dommy<10><STEAM_0:1:15299509><NSF>" say "thats right daddy"
L 02/18/2024 - 21:55:26: "[MXican] Wahaha-<4><STEAM_0:1:17526508><Jinrai>" say "im really regretting not paying off ikko to lose the first TWO maps"
L 02/18/2024 - 21:55:28: "[Ikko] Dommy<10><STEAM_0:1:15299509><NSF>" say "subbort having no knife, thats hard times daddy"
L 02/18/2024 - 21:55:37: "[MXican] Ghost Lizard<14><STEAM_0:1:20336729><Jinrai>" say "all I need is a belt"
L 02/18/2024 - 21:55:49: "[MXican] Wahaha-<4><STEAM_0:1:17526508><Jinrai>" say "you get a cardboard one"
L 02/18/2024 - 21:55:52: "[MXican] Ghost Lizard<14><STEAM_0:1:20336729><Jinrai>" say "and jump cables"
L 02/18/2024 - 21:55:53: "[MXican] Halcyon<2><STEAM_0:1:2864524><Jinrai>" say "i'm the type to wear a codpiece under my jeans"
L 02/18/2024 - 21:55:55: "[MXican] Halcyon<2><STEAM_0:1:2864524><Jinrai>" say "Because I can"
L 02/18/2024 - 21:56:04: "[MXican] Wahaha-<4><STEAM_0:1:17526508><Jinrai>" say "my codpiece smells a bit fishy"
L 02/18/2024 - 21:56:05: "[Ikko] Dommy<10><STEAM_0:1:15299509><NSF>" say "having no belt, and having to use a cord, thats hard times!"
L 02/18/2024 - 21:56:08: "[ikko] The_Legoracer<11><STEAM_0:1:38534131><NSF>" say "!ready"
L 02/18/2024 - 21:56:18: "[Ikko] Shinra (Ikki)<7><STEAM_0:0:17487274><NSF>" say "!ready"
L 02/18/2024 - 21:56:29: "[ikko] The_Legoracer<11><STEAM_0:1:38534131><NSF>" say "gl hf ^^"
L 02/18/2024 - 21:56:53: "[MXican] Halcyon<2><STEAM_0:1:2864524><Jinrai>" killed "[someikko] somerusher<5><STEAM_0:1:57157309><NSF>" with "supa7"
L 02/18/2024 - 21:56:53: "[someikko] somerusher<5><STEAM_0:1:57157309><NSF>" say_team "100 Recon supa7"
L 02/18/2024 - 21:56:55: "[ikko] The_Legoracer<11><STEAM_0:1:38534131><NSF>" killed "[MXican] Halcyon<2><STEAM_0:1:2864524><Jinrai>" with "zr68s"
L 02/18/2024 - 21:56:55: "[MXican] Halcyon<2><STEAM_0:1:2864524><Jinrai>" say_team "100 Assault zr68s"
L 02/18/2024 - 21:58:17: "[Ikko] 3LOW<6><STEAM_0:0:67890711><NSF>" killed "[MXican] Nevra<21><STEAM_0:1:87689215><Jinrai>" with "zr68s"
L 02/18/2024 - 21:58:17: "[MXican] Nevra<21><STEAM_0:1:87689215><Jinrai>" say_team "11 Assault zr68s"
L 02/18/2024 - 21:58:44: "[ikko] The_Legoracer<11><STEAM_0:1:38534131><NSF>" killed "[MXican] Boltronics<24><STEAM_0:1:84048595><Jinrai>" with "zr68s"
L 02/18/2024 - 21:58:44: "[MXican] Boltronics<24><STEAM_0:1:84048595><Jinrai>" say_team "75 Assault zr68s"
L 02/18/2024 - 21:58:49: "[Ikko] Dommy<10><STEAM_0:1:15299509><NSF>" killed "[MXican] Ghost Lizard<14><STEAM_0:1:20336729><Jinrai>" with "supa7"
L 02/18/2024 - 21:58:49: "[MXican] Ghost Lizard<14><STEAM_0:1:20336729><Jinrai>" say_team "68 Support supa7"
L 02/18/2024 - 21:58:50: "[MXican] Wahaha-<4><STEAM_0:1:17526508><Jinrai>" killed "[ikko] The_Legoracer<11><STEAM_0:1:38534131><NSF>" with "zr68s"
L 02/18/2024 - 21:58:50: "[ikko] The_Legoracer<11><STEAM_0:1:38534131><NSF>" say_team "100 Assault zr68s"
L 02/18/2024 - 21:58:52: "[Ikko] Dommy<10><STEAM_0:1:15299509><NSF>" killed "[MXican] Wahaha-<4><STEAM_0:1:17526508><Jinrai>" with "supa7"
L 02/18/2024 - 21:58:53: "[MXican] Wahaha-<4><STEAM_0:1:17526508><Jinrai>" say_team "20 Support supa7"
L 02/18/2024 - 21:59:49: "[Ikko] Dommy<10><STEAM_0:1:15299509><NSF>" killed "[MXican] Boltronics<24><STEAM_0:1:84048595><Jinrai>" with "mx"
L 02/18/2024 - 21:59:49: "[MXican] Boltronics<24><STEAM_0:1:84048595><Jinrai>" say_team "48 Support mx"
L 02/18/2024 - 22:01:28: "[MXican] Halcyon<2><STEAM_0:1:2864524><Jinrai>" killed "[Ikko] 3LOW<6><STEAM_0:0:67890711><NSF>" with "supa7"
L 02/18/2024 - 22:01:28: "[Ikko] 3LOW<6><STEAM_0:0:67890711><NSF>" say_team "100 Recon supa7"
L 02/18/2024 - 22:02:16: "[MXican] Ghost Lizard<14><STEAM_0:1:20336729><Jinrai>" killed "[Ikko] 3LOW<6><STEAM_0:0:67890711><NSF>" with "srm"
L 02/18/2024 - 22:02:16: "[Ikko] 3LOW<6><STEAM_0:0:67890711><NSF>" say_team "84 Support srm"
L 02/18/2024 - 22:02:50: "[MXican] Wahaha-<4><STEAM_0:1:17526508><Jinrai>" killed "[someikko] somerusher<5><STEAM_0:1:57157309><NSF>" with "zr68s"
L 02/18/2024 - 22:02:50: "[someikko] somerusher<5><STEAM_0:1:57157309><NSF>" say_team "45 Assault zr68s"
L 02/18/2024 - 22:02:57: "[MXican] Wahaha-<4><STEAM_0:1:17526508><Jinrai>" killed "[ikko] The_Legoracer<11><STEAM_0:1:38534131><NSF>" with "zr68s"
L 02/18/2024 - 22:02:57: "[MXican] Nevra<21><STEAM_0:1:87689215><Jinrai>" triggered "kill_assist"
L 02/18/2024 - 22:02:57: "[ikko] The_Legoracer<11><STEAM_0:1:38534131><NSF>" say_team "29 Assault zr68s"
L 02/18/2024 - 22:03:11: "[MXican] Halcyon<2><STEAM_0:1:2864524><Jinrai>" killed "[Ikko] Shinra (Ikki)<7><STEAM_0:0:17487274><NSF>" with "supa7"
L 02/18/2024 - 22:03:11: "[Ikko] Shinra (Ikki)<7><STEAM_0:0:17487274><NSF>" say_team "65 Recon supa7"
L 02/18/2024 - 22:03:27: "[Ikko] Dommy<10><STEAM_0:1:15299509><NSF>" killed "[MXican] Wahaha-<4><STEAM_0:1:17526508><Jinrai>" with "kyla"
L 02/18/2024 - 22:03:27: "[someikko] somerusher<5><STEAM_0:1:57157309><NSF>" triggered "kill_assist"
L 02/18/2024 - 22:03:27: "[MXican] Boltronics<24><STEAM_0:1:84048595><Jinrai>" killed "[Ikko] Dommy<10><STEAM_0:1:15299509><NSF>" with "zr68s"
L 02/18/2024 - 22:03:27: "[Ikko] Dommy<10><STEAM_0:1:15299509><NSF>" say_team "43 Assault zr68s"
L 02/18/2024 - 22:03:27: "[MXican] Wahaha-<4><STEAM_0:1:17526508><Jinrai>" say_team "19 Support kyla"
L 02/18/2024 - 22:03:40: "[MXican] Wahaha-<4><STEAM_0:1:17526508><Jinrai>" say "holy shit i hit you 4 times?"
L 02/18/2024 - 22:03:51: "[MXican] Wahaha-<4><STEAM_0:1:17526508><Jinrai>" say "i was just blindfiring and waving my mouse about"
L 02/18/2024 - 22:04:00: "[Ikko] Dommy<10><STEAM_0:1:15299509><NSF>" say "SUS?"
L 02/18/2024 - 22:04:14: "[someikko] somerusher<5><STEAM_0:1:57157309><NSF>" killed "[MXican] Boltronics<24><STEAM_0:1:84048595><Jinrai>" with "zr68s"
L 02/18/2024 - 22:04:14: "[MXican] Boltronics<24><STEAM_0:1:84048595><Jinrai>" say_team "52 Assault zr68s"
L 02/18/2024 - 22:04:15: "[MXican] Halcyon<2><STEAM_0:1:2864524><Jinrai>" killed "[ikko] The_Legoracer<11><STEAM_0:1:38534131><NSF>" with "jittescoped"
L 02/18/2024 - 22:04:15: "[ikko] The_Legoracer<11><STEAM_0:1:38534131><NSF>" say_team "56 Recon jittescoped"
L 02/18/2024 - 22:06:34: "[Ikko] Shinra (Ikki)<7><STEAM_0:0:17487274><NSF>" say "bum round"
L 02/18/2024 - 22:06:35: "[someikko] somerusher<5><STEAM_0:1:57157309><NSF>" killed "[MXican] Ghost Lizard<14><STEAM_0:1:20336729><Jinrai>" with "mx"
L 02/18/2024 - 22:06:35: "[MXican] Ghost Lizard<14><STEAM_0:1:20336729><Jinrai>" say_team "52 Assault mx"
L 02/18/2024 - 22:06:40: "[MXican] Wahaha-<4><STEAM_0:1:17526508><Jinrai>" killed "[MXican] Nevra<21><STEAM_0:1:87689215><Jinrai>" with "zr68s"
L 02/18/2024 - 22:06:40: "[MXican] Nevra<21><STEAM_0:1:87689215><Jinrai>" say_team "100 Assault zr68s"
L 02/18/2024 - 22:06:41: "[MXican] Wahaha-<4><STEAM_0:1:17526508><Jinrai>" killed "[Ikko] Dommy<10><STEAM_0:1:15299509><NSF>" with "zr68s"
L 02/18/2024 - 22:06:41: "[Ikko] Dommy<10><STEAM_0:1:15299509><NSF>" say_team "100 Assault zr68s"
L 02/18/2024 - 22:06:43: "[Ikko] Shinra (Ikki)<7><STEAM_0:0:17487274><NSF>" killed "[MXican] Wahaha-<4><STEAM_0:1:17526508><Jinrai>" with "supa7"
L 02/18/2024 - 22:06:43: "[MXican] Wahaha-<4><STEAM_0:1:17526508><Jinrai>" say_team "100 Support supa7"
L 02/18/2024 - 22:07:08: "[MXican] Boltronics<24><STEAM_0:1:84048595><Jinrai>" killed "[Ikko] 3LOW<6><STEAM_0:0:67890711><NSF>" with "zr68s"
L 02/18/2024 - 22:07:09: "[Ikko] 3LOW<6><STEAM_0:0:67890711><NSF>" say_team "100 Assault zr68s"
L 02/18/2024 - 22:08:06: "[someikko] somerusher<5><STEAM_0:1:57157309><NSF>" killed "[MXican] Nevra<21><STEAM_0:1:87689215><Jinrai>" with "zr68s"
L 02/18/2024 - 22:08:06: "[MXican] Nevra<21><STEAM_0:1:87689215><Jinrai>" say_team "100 Assault zr68s"
L 02/18/2024 - 22:08:53: "[MXican] Wahaha-<4><STEAM_0:1:17526508><Jinrai>" killed "[someikko] somerusher<5><STEAM_0:1:57157309><NSF>" with "zr68c"
L 02/18/2024 - 22:08:53: "[MXican] Boltronics<24><STEAM_0:1:84048595><Jinrai>" triggered "kill_assist"
L 02/18/2024 - 22:08:54: "[someikko] somerusher<5><STEAM_0:1:57157309><NSF>" say_team "100 Assault zr68c"
L 02/18/2024 - 22:08:57: "[MXican] Boltronics<24><STEAM_0:1:84048595><Jinrai>" killed "[Ikko] Dommy<10><STEAM_0:1:15299509><NSF>" with "zr68s"
L 02/18/2024 - 22:08:57: "[Ikko] Dommy<10><STEAM_0:1:15299509><NSF>" say_team "51 Assault zr68s"
L 02/18/2024 - 22:09:13: "[MXican] Wahaha-<4><STEAM_0:1:17526508><Jinrai>" killed "[Ikko] Shinra (Ikki)<7><STEAM_0:0:17487274><NSF>" with "zr68c"
L 02/18/2024 - 22:09:13: "[Ikko] Shinra (Ikki)<7><STEAM_0:0:17487274><NSF>" say_team "6 Assault zr68c"
L 02/18/2024 - 22:09:15: "[ikko] The_Legoracer<11><STEAM_0:1:38534131><NSF>" killed "[MXican] Wahaha-<4><STEAM_0:1:17526508><Jinrai>" with "zr68s"
L 02/18/2024 - 22:09:15: "[Ikko] Shinra (Ikki)<7><STEAM_0:0:17487274><NSF>" triggered "kill_assist"
L 02/18/2024 - 22:09:15: "[MXican] Wahaha-<4><STEAM_0:1:17526508><Jinrai>" say_team "100 Assault zr68s"
L 02/18/2024 - 22:12:40: "[MXican] Boltronics<24><STEAM_0:1:84048595><Jinrai>" killed "[Ikko] 3LOW<6><STEAM_0:0:67890711><NSF>" with "grenade_projectile"
L 02/18/2024 - 22:12:40: "[Ikko] 3LOW<6><STEAM_0:0:67890711><NSF>" say_team "100 Assault grenade_projectile"
L 02/18/2024 - 22:14:20: "[MXican] Boltronics<24><STEAM_0:1:84048595><Jinrai>" killed "[ikko] The_Legoracer<11><STEAM_0:1:38534131><NSF>" with "zr68s"
L 02/18/2024 - 22:14:20: "[ikko] The_Legoracer<11><STEAM_0:1:38534131><NSF>" say_team "45 Assault zr68s"
L 02/18/2024 - 22:14:33: "[MXican] Ghost Lizard<14><STEAM_0:1:20336729><Jinrai>" killed "[someikko] somerusher<5><STEAM_0:1:57157309><NSF>" with "jittescoped"
L 02/18/2024 - 22:14:33: "[someikko] somerusher<5><STEAM_0:1:57157309><NSF>" say_team "50 Support jittescoped"
L 02/18/2024 - 22:14:35: "[someikko] somerusher<5><STEAM_0:1:57157309><NSF>" killed "[MXican] Boltronics<24><STEAM_0:1:84048595><Jinrai>" with "grenade_projectile"
L 02/18/2024 - 22:14:35: "[ikko] The_Legoracer<11><STEAM_0:1:38534131><NSF>" triggered "kill_assist"
L 02/18/2024 - 22:14:35: "[Ikko] Dommy<10><STEAM_0:1:15299509><NSF>" killed "[MXican] Halcyon<2><STEAM_0:1:2864524><Jinrai>" with "mx"
L 02/18/2024 - 22:14:35: "[MXican] Boltronics<24><STEAM_0:1:84048595><Jinrai>" say_team "1 Assault grenade_projectile"
L 02/18/2024 - 22:14:36: "[MXican] Halcyon<2><STEAM_0:1:2864524><Jinrai>" say_team "22 Support mx"
L 02/18/2024 - 22:14:45: "[Ikko] Shinra (Ikki)<7><STEAM_0:0:17487274><NSF>" killed "[MXican] Nevra<21><STEAM_0:1:87689215><Jinrai>" with "mx"
L 02/18/2024 - 22:14:45: "[MXican] Nevra<21><STEAM_0:1:87689215><Jinrai>" say_team "56 Support mx"
L 02/18/2024 - 22:14:45: "[MXican] Ghost Lizard<14><STEAM_0:1:20336729><Jinrai>" killed "[Ikko] Shinra (Ikki)<7><STEAM_0:0:17487274><NSF>" with "jittescoped"
L 02/18/2024 - 22:14:45: "[Ikko] Dommy<10><STEAM_0:1:15299509><NSF>" killed "[MXican] Wahaha-<4><STEAM_0:1:17526508><Jinrai>" with "mx"
L 02/18/2024 - 22:14:45: "[someikko] somerusher<5><STEAM_0:1:57157309><NSF>" triggered "kill_assist"
L 02/18/2024 - 22:14:46: "[Ikko] Shinra (Ikki)<7><STEAM_0:0:17487274><NSF>" say_team "39 Support jittescoped"
L 02/18/2024 - 22:14:46: "[MXican] Wahaha-<4><STEAM_0:1:17526508><Jinrai>" say_team "22 Support mx"
L 02/18/2024 - 22:17:29: "[MXican] Nevra<21><STEAM_0:1:87689215><Jinrai>" killed "[Ikko] 3LOW<6><STEAM_0:0:67890711><NSF>" with "zr68s"
L 02/18/2024 - 22:17:29: "[Ikko] 3LOW<6><STEAM_0:0:67890711><NSF>" say_team "84 Assault zr68s"
L 02/18/2024 - 22:17:39: "[MXican] Nevra<21><STEAM_0:1:87689215><Jinrai>" killed "[ikko] The_Legoracer<11><STEAM_0:1:38534131><NSF>" with "zr68s"
L 02/18/2024 - 22:17:39: "[MXican] Boltronics<24><STEAM_0:1:84048595><Jinrai>" triggered "kill_assist"
L 02/18/2024 - 22:17:39: "[ikko] The_Legoracer<11><STEAM_0:1:38534131><NSF>" say_team "68 Assault zr68s"
L 02/18/2024 - 22:17:43: "[someikko] somerusher<5><STEAM_0:1:57157309><NSF>" killed "[MXican] Nevra<21><STEAM_0:1:87689215><Jinrai>" with "zr68s"
L 02/18/2024 - 22:17:43: "[MXican] Nevra<21><STEAM_0:1:87689215><Jinrai>" say_team "43 Assault zr68s"
L 02/18/2024 - 22:17:54: "[MXican] Wahaha-<4><STEAM_0:1:17526508><Jinrai>" killed "[Ikko] Shinra (Ikki)<7><STEAM_0:0:17487274><NSF>" with "grenade_projectile"
L 02/18/2024 - 22:17:54: "[MXican] Halcyon<2><STEAM_0:1:2864524><Jinrai>" triggered "kill_assist"
L 02/18/2024 - 22:17:54: "[Ikko] Shinra (Ikki)<7><STEAM_0:0:17487274><NSF>" say_team "48 Assault grenade_projectile"
L 02/18/2024 - 22:17:55: "[Ikko] Dommy<10><STEAM_0:1:15299509><NSF>" killed "[MXican] Boltronics<24><STEAM_0:1:84048595><Jinrai>" with "mx"
L 02/18/2024 - 22:17:55: "[MXican] Boltronics<24><STEAM_0:1:84048595><Jinrai>" say_team "60 Support mx"
L 02/18/2024 - 22:18:04: "[Ikko] Dommy<10><STEAM_0:1:15299509><NSF>" killed "[MXican] Ghost Lizard<14><STEAM_0:1:20336729><Jinrai>" with "mx"
L 02/18/2024 - 22:18:04: "[MXican] Ghost Lizard<14><STEAM_0:1:20336729><Jinrai>" say_team "22 Support mx"
L 02/18/2024 - 22:18:07: "[MXican] Wahaha-<4><STEAM_0:1:17526508><Jinrai>" killed "[Ikko] Dommy<10><STEAM_0:1:15299509><NSF>" with "tachi"
L 02/18/2024 - 22:18:08: "[Ikko] Dommy<10><STEAM_0:1:15299509><NSF>" say_team "48 Assault tachi"
L 02/18/2024 - 22:18:09: "[Ikko] Shinra (Ikki)<7><STEAM_0:0:17487274><NSF>" say "i am sorry stream"
L 02/18/2024 - 22:18:59: "[MXican] Halcyon<2><STEAM_0:1:2864524><Jinrai>" killed "[Ikko] Dommy<10><STEAM_0:1:15299509><NSF>" with "grenade_detapack"
L 02/18/2024 - 22:18:59: "[Ikko] Dommy<10><STEAM_0:1:15299509><NSF>" say_team "39 Recon grenade_detapack"
L 02/18/2024 - 22:19:19: "[Ikko] 3LOW<6><STEAM_0:0:67890711><NSF>" killed "[MXican] Ghost Lizard<14><STEAM_0:1:20336729><Jinrai>" with "zr68s"
L 02/18/2024 - 22:19:19: "[MXican] Ghost Lizard<14><STEAM_0:1:20336729><Jinrai>" say_team "13 Assault zr68s"
L 02/18/2024 - 22:19:25: "[Ikko] Dommy<10><STEAM_0:1:15299509><NSF>" say "fantastic detapack, ngl"
L 02/18/2024 - 22:19:34: "[Ikko] Dommy<10><STEAM_0:1:15299509><NSF>" say "good detapacks make for hard times, daddy"
L 02/18/2024 - 22:19:45: "[MXican] Ghost Lizard<14><STEAM_0:1:20336729><Jinrai>" say_team "1 assault very low"
L 02/18/2024 - 22:19:47: "[MXican] Ghost Lizard<14><STEAM_0:1:20336729><Jinrai>" say_team "elow"
L 02/18/2024 - 22:20:03: "[MXican] Ghost Lizard<14><STEAM_0:1:20336729><Jinrai>" say_team "he's 1-2 shots"
L 02/18/2024 - 22:20:08: "[MXican] Boltronics<24><STEAM_0:1:84048595><Jinrai>" killed "[someikko] somerusher<5><STEAM_0:1:57157309><NSF>" with "mx"
L 02/18/2024 - 22:20:08: "[someikko] somerusher<5><STEAM_0:1:57157309><NSF>" say_team "100 Assault mx"
L 02/18/2024 - 22:20:29: "[MXican] Wahaha-<4><STEAM_0:1:17526508><Jinrai>" killed "[ikko] The_Legoracer<11><STEAM_0:1:38534131><NSF>" with "grenade_projectile"
L 02/18/2024 - 22:20:29: "[ikko] The_Legoracer<11><STEAM_0:1:38534131><NSF>" say_team "100 Assault grenade_projectile"
L 02/18/2024 - 22:20:33: "[Ikko] Shinra (Ikki)<7><STEAM_0:0:17487274><NSF>" killed "[MXican] Halcyon<2><STEAM_0:1:2864524><Jinrai>" with "kyla"
L 02/18/2024 - 22:20:33: "[ikko] The_Legoracer<11><STEAM_0:1:38534131><NSF>" triggered "kill_assist"
L 02/18/2024 - 22:20:33: "[MXican] Halcyon<2><STEAM_0:1:2864524><Jinrai>" say_team "35 Support kyla"
L 02/18/2024 - 22:20:37: "[MXican] Nevra<21><STEAM_0:1:87689215><Jinrai>" killed "[Ikko] Shinra (Ikki)<7><STEAM_0:0:17487274><NSF>" with "zr68s"
L 02/18/2024 - 22:20:38: "[Ikko] Shinra (Ikki)<7><STEAM_0:0:17487274><NSF>" say_team "100 Assault zr68s"
L 02/18/2024 - 22:20:41: "[MXican] Nevra<21><STEAM_0:1:87689215><Jinrai>" killed "[Ikko] 3LOW<6><STEAM_0:0:67890711><NSF>" with "zr68s"
L 02/18/2024 - 22:20:41: "[MXican] Ghost Lizard<14><STEAM_0:1:20336729><Jinrai>" triggered "kill_assist"
L 02/18/2024 - 22:20:41: "[Ikko] 3LOW<6><STEAM_0:0:67890711><NSF>" say_team "80 Assault zr68s"
L 02/18/2024 - 22:22:14: "[MXican] Wahaha-<4><STEAM_0:1:17526508><Jinrai>" killed "[Ikko] 3LOW<6><STEAM_0:0:67890711><NSF>" with "mx"
L 02/18/2024 - 22:22:15: "[Ikko] 3LOW<6><STEAM_0:0:67890711><NSF>" say_team "24 Assault mx"
L 02/18/2024 - 22:22:19: "[someikko] somerusher<5><STEAM_0:1:57157309><NSF>" killed "[MXican] Wahaha-<4><STEAM_0:1:17526508><Jinrai>" with "zr68s"
L 02/18/2024 - 22:22:19: "[Ikko] 3LOW<6><STEAM_0:0:67890711><NSF>" triggered "kill_assist"
L 02/18/2024 - 22:22:19: "[MXican] Wahaha-<4><STEAM_0:1:17526508><Jinrai>" say_team "61 Assault zr68s"
L 02/18/2024 - 22:22:20: "[MXican] Boltronics<24><STEAM_0:1:84048595><Jinrai>" killed "[Ikko] Shinra (Ikki)<7><STEAM_0:0:17487274><NSF>" with "mx"
L 02/18/2024 - 22:22:21: "[Ikko] Shinra (Ikki)<7><STEAM_0:0:17487274><NSF>" say_team "100 Assault mx"
L 02/18/2024 - 22:22:21: "[MXican] Halcyon<2><STEAM_0:1:2864524><Jinrai>" killed "[ikko] The_Legoracer<11><STEAM_0:1:38534131><NSF>" with "mx"
L 02/18/2024 - 22:22:21: "[ikko] The_Legoracer<11><STEAM_0:1:38534131><NSF>" say_team "31 Recon mx"
L 02/18/2024 - 22:22:25: "[MXican] Boltronics<24><STEAM_0:1:84048595><Jinrai>" killed "[Ikko] Dommy<10><STEAM_0:1:15299509><NSF>" with "mx"
L 02/18/2024 - 22:22:25: "[Ikko] Dommy<10><STEAM_0:1:15299509><NSF>" say_team "100 Assault mx"
L 02/18/2024 - 22:22:26: "[someikko] somerusher<5><STEAM_0:1:57157309><NSF>" killed "[MXican] Nevra<21><STEAM_0:1:87689215><Jinrai>" with "zr68s"
L 02/18/2024 - 22:22:26: "[MXican] Nevra<21><STEAM_0:1:87689215><Jinrai>" say_team "34 Assault zr68s"
L 02/18/2024 - 22:22:50: "[MXican] Halcyon<2><STEAM_0:1:2864524><Jinrai>" killed "[someikko] somerusher<5><STEAM_0:1:57157309><NSF>" with "mx"
L 02/18/2024 - 22:22:51: "[MXican] Nevra<21><STEAM_0:1:87689215><Jinrai>" triggered "kill_assist"
L 02/18/2024 - 22:22:51: "[someikko] somerusher<5><STEAM_0:1:57157309><NSF>" say_team "31 Recon mx"
L 02/18/2024 - 22:24:44: "[MXican] Wahaha-<4><STEAM_0:1:17526508><Jinrai>" killed "[someikko] somerusher<5><STEAM_0:1:57157309><NSF>" with "mx"
L 02/18/2024 - 22:24:45: "[someikko] somerusher<5><STEAM_0:1:57157309><NSF>" say_team "18 Assault mx"
L 02/18/2024 - 22:24:51: "[ikko] The_Legoracer<11><STEAM_0:1:38534131><NSF>" killed "[MXican] Ghost Lizard<14><STEAM_0:1:20336729><Jinrai>" with "zr68s"
L 02/18/2024 - 22:24:52: "[MXican] Ghost Lizard<14><STEAM_0:1:20336729><Jinrai>" say_team "100 Assault zr68s"
L 02/18/2024 - 22:24:52: "[MXican] Boltronics<24><STEAM_0:1:84048595><Jinrai>" killed "[ikko] The_Legoracer<11><STEAM_0:1:38534131><NSF>" with "mx"
L 02/18/2024 - 22:24:52: "[ikko] The_Legoracer<11><STEAM_0:1:38534131><NSF>" say_team "80 Assault mx"
L 02/18/2024 - 22:24:57: "[Ikko] Dommy<10><STEAM_0:1:15299509><NSF>" killed "[MXican] Nevra<21><STEAM_0:1:87689215><Jinrai>" with "jittescoped"
L 02/18/2024 - 22:24:57: "[MXican] Nevra<21><STEAM_0:1:87689215><Jinrai>" say_team "100 Recon jittescoped"
L 02/18/2024 - 22:25:08: "[MXican] Boltronics<24><STEAM_0:1:84048595><Jinrai>" killed "[Ikko] Dommy<10><STEAM_0:1:15299509><NSF>" with "mx"
L 02/18/2024 - 22:25:08: "[MXican] Wahaha-<4><STEAM_0:1:17526508><Jinrai>" triggered "kill_assist"
L 02/18/2024 - 22:25:08: "[Ikko] Dommy<10><STEAM_0:1:15299509><NSF>" say_team "80 Assault mx"
L 02/18/2024 - 22:25:14: "[MXican] Ghost Lizard<14><STEAM_0:1:20336729><Jinrai>" say_team "shinra alive"
L 02/18/2024 - 22:25:17: "[MXican] Ghost Lizard<14><STEAM_0:1:20336729><Jinrai>" say_team "lego dead"
L 02/18/2024 - 22:25:19: "[Ikko] 3LOW<6><STEAM_0:0:67890711><NSF>" killed "[MXican] Halcyon<2><STEAM_0:1:2864524><Jinrai>" with "zr68s"
L 02/18/2024 - 22:25:19: "[MXican] Halcyon<2><STEAM_0:1:2864524><Jinrai>" say_team "11 Assault zr68s"
L 02/18/2024 - 22:25:22: "[MXican] Boltronics<24><STEAM_0:1:84048595><Jinrai>" killed "[Ikko] 3LOW<6><STEAM_0:0:67890711><NSF>" with "mx"
L 02/18/2024 - 22:25:22: "[MXican] Nevra<21><STEAM_0:1:87689215><Jinrai>" triggered "kill_assist"
L 02/18/2024 - 22:25:22: "[Ikko] 3LOW<6><STEAM_0:0:67890711><NSF>" say_team "80 Assault mx"
L 02/18/2024 - 22:25:46: "[MXican] Ghost Lizard<14><STEAM_0:1:20336729><Jinrai>" say_team "consider switching"
L 02/18/2024 - 22:25:47: "[MXican] Ghost Lizard<14><STEAM_0:1:20336729><Jinrai>" say "hp"
L 02/18/2024 - 22:28:18: "[MXican] Wahaha-<4><STEAM_0:1:17526508><Jinrai>" killed "[Ikko] Dommy<10><STEAM_0:1:15299509><NSF>" with "mx"
L 02/18/2024 - 22:28:18: "[Ikko] Dommy<10><STEAM_0:1:15299509><NSF>" say_team "100 Assault mx"
L 02/18/2024 - 22:28:23: "[MXican] Boltronics<24><STEAM_0:1:84048595><Jinrai>" killed "[someikko] somerusher<5><STEAM_0:1:57157309><NSF>" with "mx"
L 02/18/2024 - 22:28:23: "[someikko] somerusher<5><STEAM_0:1:57157309><NSF>" say_team "96 Assault mx"
L 02/18/2024 - 22:28:25: "[MXican] Halcyon<2><STEAM_0:1:2864524><Jinrai>" killed "[Ikko] Shinra (Ikki)<7><STEAM_0:0:17487274><NSF>" with "jittescoped"
L 02/18/2024 - 22:28:26: "[Ikko] Shinra (Ikki)<7><STEAM_0:0:17487274><NSF>" say_team "75 Recon jittescoped"
L 02/18/2024 - 22:28:28: "[MXican] Boltronics<24><STEAM_0:1:84048595><Jinrai>" killed "[ikko] The_Legoracer<11><STEAM_0:1:38534131><NSF>" with "mx"
L 02/18/2024 - 22:28:28: "[ikko] The_Legoracer<11><STEAM_0:1:38534131><NSF>" say_team "71 Assault mx"
L 02/18/2024 - 22:28:39: "[Ikko] Shinra (Ikki)<7><STEAM_0:0:17487274><NSF>" say_team "literal no fire glitch"
L 02/18/2024 - 22:28:45: "[MXican] Wahaha-<4><STEAM_0:1:17526508><Jinrai>" killed "[Ikko] 3LOW<6><STEAM_0:0:67890711><NSF>" with "mx"
L 02/18/2024 - 22:28:45: "[Ikko] 3LOW<6><STEAM_0:0:67890711><NSF>" say_team "34 Assault mx"
L 02/18/2024 - 22:29:53: "[MXican] Boltronics<24><STEAM_0:1:84048595><Jinrai>" killed "[Ikko] 3LOW<6><STEAM_0:0:67890711><NSF>" with "mx"
L 02/18/2024 - 22:29:54: "[Ikko] 3LOW<6><STEAM_0:0:67890711><NSF>" say_team "100 Assault mx"
L 02/18/2024 - 22:30:22: "[someikko] somerusher<5><STEAM_0:1:57157309><NSF>" killed "[MXican] Wahaha-<4><STEAM_0:1:17526508><Jinrai>" with "grenade_projectile"
L 02/18/2024 - 22:30:22: "[MXican] Wahaha-<4><STEAM_0:1:17526508><Jinrai>" say_team "100 Assault grenade_projectile"
L 02/18/2024 - 22:30:25: "[MXican] Boltronics<24><STEAM_0:1:84048595><Jinrai>" killed "[someikko] somerusher<5><STEAM_0:1:57157309><NSF>" with "mx"
L 02/18/2024 - 22:30:25: "[someikko] somerusher<5><STEAM_0:1:57157309><NSF>" say_team "13 Assault mx"
L 02/18/2024 - 22:31:41: "[MXican] Halcyon<2><STEAM_0:1:2864524><Jinrai>" killed "[Ikko] Shinra (Ikki)<7><STEAM_0:0:17487274><NSF>" with "grenade_detapack"
L 02/18/2024 - 22:31:41: "[Ikko] Shinra (Ikki)<7><STEAM_0:0:17487274><NSF>" say_team "100 Recon grenade_detapack"
L 02/18/2024 - 22:31:50: "[MXican] Boltronics<24><STEAM_0:1:84048595><Jinrai>" killed "[ikko] The_Legoracer<11><STEAM_0:1:38534131><NSF>" with "mx"
L 02/18/2024 - 22:31:50: "[ikko] The_Legoracer<11><STEAM_0:1:38534131><NSF>" say_team "13 Assault mx"
L 02/18/2024 - 22:31:55: "[Ikko] Dommy<10><STEAM_0:1:15299509><NSF>" killed "[MXican] Boltronics<24><STEAM_0:1:84048595><Jinrai>" with "milso"
L 02/18/2024 - 22:31:55: "[someikko] somerusher<5><STEAM_0:1:57157309><NSF>" triggered "kill_assist"
L 02/18/2024 - 22:31:55: "[MXican] Boltronics<24><STEAM_0:1:84048595><Jinrai>" say_team "100 Recon milso"
L 02/18/2024 - 22:32:00: "[MXican] Nevra<21><STEAM_0:1:87689215><Jinrai>" killed "[Ikko] Dommy<10><STEAM_0:1:15299509><NSF>" with "tachi"
L 02/18/2024 - 22:32:00: "[Ikko] Dommy<10><STEAM_0:1:15299509><NSF>" say_team "4 Assault tachi"
L 02/18/2024 - 22:32:05: "[MXican] Wahaha-<4><STEAM_0:1:17526508><Jinrai>" say "gud save dommy"
L 02/18/2024 - 22:32:51: "[MXican] Boltronics<24><STEAM_0:1:84048595><Jinrai>" killed "[someikko] somerusher<5><STEAM_0:1:57157309><NSF>" with "mx"
L 02/18/2024 - 22:32:51: "[someikko] somerusher<5><STEAM_0:1:57157309><NSF>" say_team "36 Assault mx"
L 02/18/2024 - 22:32:53: "[MXican] Boltronics<24><STEAM_0:1:84048595><Jinrai>" killed "[Ikko] 3LOW<6><STEAM_0:0:67890711><NSF>" with "mx"
L 02/18/2024 - 22:32:53: "[MXican] Halcyon<2><STEAM_0:1:2864524><Jinrai>" triggered "kill_assist"
L 02/18/2024 - 22:32:53: "[Ikko] 3LOW<6><STEAM_0:0:67890711><NSF>" say_team "36 Assault mx"
L 02/18/2024 - 22:33:14: "[MXican] Wahaha-<4><STEAM_0:1:17526508><Jinrai>" killed "[Ikko] Dommy<10><STEAM_0:1:15299509><NSF>" with "grenade_projectile"
L 02/18/2024 - 22:33:14: "[MXican] Wahaha-<4><STEAM_0:1:17526508><Jinrai>" killed "[ikko] The_Legoracer<11><STEAM_0:1:38534131><NSF>" with "grenade_projectile"
L 02/18/2024 - 22:33:15: "[Ikko] Dommy<10><STEAM_0:1:15299509><NSF>" say_team "100 Assault grenade_projectile"
L 02/18/2024 - 22:33:15: "[ikko] The_Legoracer<11><STEAM_0:1:38534131><NSF>" say_team "100 Assault grenade_projectile"
L 02/18/2024 - 22:33:20: "[MXican] Wahaha-<4><STEAM_0:1:17526508><Jinrai>" killed "[Ikko] Shinra (Ikki)<7><STEAM_0:0:17487274><NSF>" with "mx"
L 02/18/2024 - 22:33:21: "[Ikko] Shinra (Ikki)<7><STEAM_0:0:17487274><NSF>" say_team "100 Assault mx"
L 02/18/2024 - 22:33:22: "[MXican] Halcyon<2><STEAM_0:1:2864524><Jinrai>" say "gg"
L 02/18/2024 - 22:33:23: "[MXican] Boltronics<24><STEAM_0:1:84048595><Jinrai>" say "GG"
L 02/18/2024 - 22:33:24: "[MXican] Nevra<21><STEAM_0:1:87689215><Jinrai>" say "gg "
L 02/18/2024 - 22:33:24: "[Ikko] 3LOW<6><STEAM_0:0:67890711><NSF>" say "gg"
L 02/18/2024 - 22:33:24: "[MXican] Ghost Lizard<14><STEAM_0:1:20336729><Jinrai>" say "gg wp"
L 02/18/2024 - 22:33:25: "[Ikko] Dommy<10><STEAM_0:1:15299509><NSF>" say "ggs"
L 02/18/2024 - 22:33:26: "[ikko] The_Legoracer<11><STEAM_0:1:38534131><NSF>" say "ggs wp ^^"
L 02/18/2024 - 22:33:26: "[MXican] Wahaha-<4><STEAM_0:1:17526508><Jinrai>" say "gg"
L 02/18/2024 - 22:33:29: "[MXican] Ghost Lizard<14><STEAM_0:1:20336729><Jinrai>" say "that was sweaty"
L 02/18/2024 - 22:33:31: "[someikko] somerusher<5><STEAM_0:1:57157309><NSF>" disconnected (reason "Disconnect by user.")
L 02/18/2024 - 22:33:44: "[MXican] Boltronics<24><STEAM_0:1:84048595><Jinrai>" say "WHAT A GAME"
L 02/18/2024 - 22:33:50: "[MXican] Wahaha-<4><STEAM_0:1:17526508><Jinrai>" say "my ass still hurts from rise"
L 02/18/2024 - 22:33:54: "[MXican] Boltronics<24><STEAM_0:1:84048595><Jinrai>" say "yeah"
L 02/18/2024 - 22:33:56: "[ikko] The_Legoracer<11><STEAM_0:1:38534131><NSF>" say "was good shit ^^"
L 02/18/2024 - 22:33:56: "[MXican] Wahaha-<4><STEAM_0:1:17526508><Jinrai>" say "that was a blow to the pride"
L 02/18/2024 - 22:33:57: "[MXican] Boltronics<24><STEAM_0:1:84048595><Jinrai>" say "u guys outplayed"
L 02/18/2024 - 22:34:05: "[MXican] Ghost Lizard<14><STEAM_0:1:20336729><Jinrai>" say "too tight"
L 02/18/2024 - 22:34:05: "[MXican] Halcyon<2><STEAM_0:1:2864524><Jinrai>" say "Yeah our Rise is still a bit wonky"
L 02/18/2024 - 22:34:08: "[MXican] Ghost Lizard<14><STEAM_0:1:20336729><Jinrai>" say "very tense"
L 02/18/2024 - 22:37:52: "[MXican] Wahaha-<4><STEAM_0:1:17526508><Jinrai>" committed suicide with "player"
L 02/18/2024 - 22:40:57: "[Ikko] 3LOW<6><STEAM_0:0:67890711><NSF>" disconnected (reason "Disconnect by user.")
L 02/18/2024 - 22:41:03: "[Ikko] Shinra (Ikki)<7><STEAM_0:0:17487274><NSF>" disconnected (reason "Disconnect by user.")
L 02/18/2024 - 22:41:23: "[MXican] Nevra<21><STEAM_0:1:87689215><Jinrai>" disconnected (reason "Disconnect by user.")
L 02/18/2024 - 22:43:56: "[MXican] Ghost Lizard<14><STEAM_0:1:20336729><Jinrai>" say "WP WP"
L 02/18/2024 - 22:44:01: "[MXican] Ghost Lizard<14><STEAM_0:1:20336729><Jinrai>" disconnected (reason "Disconnect by user.")
L 02/18/2024 - 22:44:02: "[Ikko] Dommy<10><STEAM_0:1:15299509><NSF>" say "thanks, you too"
L 02/18/2024 - 22:44:05: "[ikko] The_Legoracer<11><STEAM_0:1:38534131><NSF>" say "wp wp <3"
L 02/18/2024 - 22:44:51: "[Ikko] Dommy<10><STEAM_0:1:15299509><NSF>" disconnected (reason "Disconnect by user.")
L 02/18/2024 - 22:47:12: "[MXican] Boltronics<24><STEAM_0:1:84048595><Jinrai>" disconnected (reason "Disconnect by user.")
L 02/18/2024 - 22:47:26: "[ikko] The_Legoracer<11><STEAM_0:1:38534131><NSF>" disconnected (reason "Disconnect by user.")
L 02/18/2024 - 22:48:31: "[Disembodied Camera] Oni<23><STEAM_0:1:10174276><Spectator>" disconnected (reason "Disconnect by user.")
L 02/18/2024 - 22:48:47: "[DYS] bauxite<25><STEAM_ID_PENDING><>" connected, address "86.13.114.58:27005"
L 02/18/2024 - 22:48:47: "[DYS] bauxite<25><STEAM_0:0:5757747><>" STEAM USERID validated
L 02/18/2024 - 22:48:50: "[DYS] bauxite<25><STEAM_0:0:5757747><>" entered the game
L 02/18/2024 - 22:49:02: "[DYS] bauxite<25><STEAM_0:0:5757747><Unassigned>" joined team "Spectator"
L 02/18/2024 - 22:49:09: "[DYS] bauxite<25><STEAM_0:0:5757747><Spectator>" say "!map nt_threadplate_ctg"
L 02/18/2024 - 22:49:12: [META] Loaded 0 plugins (1 already loaded)
L 02/18/2024 - 22:49:12: [META] Loaded 0 plugins (1 already loaded)
L 02/18/2024 - 22:49:12: Log file closed
