L 01/28/2024 - 19:40:12: Log file started (file "logs\L0128064.log") (game "z:\home\steam\steam\steamapps\common\nt\NeotokyoSource") (version "4044")
L 01/28/2024 - 19:40:12: server_cvar: "sv_pausable" "0"
L 01/28/2024 - 19:40:12: server_cvar: "sv_contact" "baux.site"
L 01/28/2024 - 19:40:12: server_cvar: "sv_gravity" "800"
L 01/28/2024 - 19:40:12: server_cvar: "mp_friendlyfire" "1"
L 01/28/2024 - 19:40:12: "[AUX-] Nutnoze<16><STEAM_0:1:9530793><>" disconnected (reason "Disconnect by user.")
L 01/28/2024 - 19:40:13: "[someikko] somerusher<6><STEAM_0:1:57157309><>" entered the game
L 01/28/2024 - 19:40:13: "Dommy<3><STEAM_0:1:15299509><>" entered the game
L 01/28/2024 - 19:40:14: "[AUX-] [*RO*]Phorce_Phed<14><STEAM_0:1:9863507><>" entered the game
L 01/28/2024 - 19:40:14: "[ikko] The_Legoracer<4><STEAM_0:1:38534131><>" entered the game
L 01/28/2024 - 19:40:14: "[IkkoIkki] just MISO<5><STEAM_0:1:23585170><>" entered the game
L 01/28/2024 - 19:40:14: "[Ikko] 3LOW<9><STEAM_0:0:67890711><>" entered the game
L 01/28/2024 - 19:40:14: "[Ikko] Shinra (Ikki)<7><STEAM_0:0:17487274><>" entered the game
L 01/28/2024 - 19:40:14: "[Ikko] The Undead Corpse<8><STEAM_0:1:32621880><>" entered the game
L 01/28/2024 - 19:40:15: "Oni<12><STEAM_0:1:10174276><>" entered the game
L 01/28/2024 - 19:40:16: "Dommy<3><STEAM_0:1:15299509><Unassigned>" joined team "NSF"
L 01/28/2024 - 19:40:17: "[AUX-] Blåberry<13><STEAM_0:1:20365268><>" entered the game
L 01/28/2024 - 19:40:17: "[AUX-] [*RO*]Phorce_Phed<14><STEAM_0:1:9863507><Unassigned>" joined team "Spectator"
L 01/28/2024 - 19:40:17: "[auX-]Zero<15><STEAM_0:1:31124469><>" entered the game
L 01/28/2024 - 19:40:18: "[CAST] Puddy<11><STEAM_0:1:19453780><>" entered the game
L 01/28/2024 - 19:40:18: "[IkkoIkki] just MISO<5><STEAM_0:1:23585170><Unassigned>" joined team "Spectator"
L 01/28/2024 - 19:40:18: "Oni<12><STEAM_0:1:10174276><Unassigned>" joined team "Spectator"
L 01/28/2024 - 19:40:20: "[Ikko] The Undead Corpse<8><STEAM_0:1:32621880><Unassigned>" joined team "Spectator"
L 01/28/2024 - 19:40:21: "[AUX-] Blåberry<13><STEAM_0:1:20365268><Unassigned>" joined team "NSF"
L 01/28/2024 - 19:40:22: "[Ikko] 3LOW<9><STEAM_0:0:67890711><Unassigned>" joined team "Jinrai"
L 01/28/2024 - 19:40:24: "[auX-]Zero<15><STEAM_0:1:31124469><Unassigned>" joined team "Jinrai"
L 01/28/2024 - 19:40:26: "[OBS] Agiel<10><STEAM_0:1:25025><>" entered the game
L 01/28/2024 - 19:40:29: "[someikko] somerusher<6><STEAM_0:1:57157309><Unassigned>" joined team "Spectator"
L 01/28/2024 - 19:40:30: "[ikko] The_Legoracer<4><STEAM_0:1:38534131><Unassigned>" joined team "Spectator"
L 01/28/2024 - 19:40:32: "[Ikko] Shinra (Ikki)<7><STEAM_0:0:17487274><Unassigned>" joined team "Spectator"
L 01/28/2024 - 19:40:37: "[someikko] somerusher<6><STEAM_0:1:57157309><Spectator>" joined team "NSF"
L 01/28/2024 - 19:40:39: "[AUX-] Nutnoze<17><STEAM_ID_PENDING><>" connected, address "38.49.79.50:17525"
L 01/28/2024 - 19:40:39: "[AUX-] Nutnoze<17><STEAM_0:1:9530793><>" STEAM USERID validated
L 01/28/2024 - 19:40:40: "[CAST] Puddy<11><STEAM_0:1:19453780><Unassigned>" joined team "Spectator"
L 01/28/2024 - 19:40:41: "Oni<12><STEAM_0:1:10174276><Spectator>" changed name to "[AUX-] Oni"
L 01/28/2024 - 19:40:41: "[auX-]Zero<15><STEAM_0:1:31124469><Jinrai>" disconnected (reason "Disconnect by user.")
L 01/28/2024 - 19:40:44: "[AUX-] Nutnoze<17><STEAM_0:1:9530793><>" entered the game
L 01/28/2024 - 19:40:45: "[Ikko] Shinra (Ikki)<7><STEAM_0:0:17487274><Spectator>" joined team "Jinrai"
L 01/28/2024 - 19:40:45: "Dommy<3><STEAM_0:1:15299509><NSF>" say "!j"
L 01/28/2024 - 19:40:45: "Dommy<3><STEAM_0:1:15299509><NSF>" committed suicide with "player"
L 01/28/2024 - 19:40:45: "Dommy<3><STEAM_0:1:15299509><NSF>" joined team "Jinrai"
L 01/28/2024 - 19:40:47: "[AUX-] Nutnoze<17><STEAM_0:1:9530793><Unassigned>" joined team "Spectator"
L 01/28/2024 - 19:40:53: "[AUX-] Nutnoze<17><STEAM_0:1:9530793><Spectator>" joined team "NSF"
L 01/28/2024 - 19:40:58: "[auX-]Zero<18><STEAM_ID_PENDING><>" connected, address "73.228.212.117:27005"
L 01/28/2024 - 19:40:58: "[auX-]Zero<18><STEAM_0:1:31124469><>" STEAM USERID validated
L 01/28/2024 - 19:41:00: "[auX-]Zero<18><STEAM_0:1:31124469><>" entered the game
L 01/28/2024 - 19:41:09: "[auX-]Zero<18><STEAM_0:1:31124469><Unassigned>" joined team "NSF"
L 01/28/2024 - 19:41:10: "[AUX-] Oni<12><STEAM_0:1:10174276><Spectator>" joined team "NSF"
L 01/28/2024 - 19:41:17: "[AUX-] [*RO*]Phorce_Phed<14><STEAM_0:1:9863507><Spectator>" joined team "NSF"
L 01/28/2024 - 19:41:38: "[auX-]Zero<18><STEAM_0:1:31124469><NSF>" changed name to "[AUX-] Zero"
L 01/28/2024 - 19:41:41: "[Ikko] The Undead Corpse<8><STEAM_0:1:32621880><Spectator>" say "ikko out in force"
L 01/28/2024 - 19:41:46: "[Ikko] The Undead Corpse<8><STEAM_0:1:32621880><Spectator>" say "7 bleyers ready"
L 01/28/2024 - 19:41:51: "[AUX-] Blåberry<13><STEAM_0:1:20365268><NSF>" say "!ready"
L 01/28/2024 - 19:42:01: "[AUX-] [*RO*]Phorce_Phed<14><STEAM_0:1:9863507><NSF>" say "!ready"
L 01/28/2024 - 19:42:05: "[AUX-] Zero<18><STEAM_0:1:31124469><NSF>" say "!ready"
L 01/28/2024 - 19:42:11: "[IkkoIkki] just MISO<5><STEAM_0:1:23585170><Spectator>" joined team "Jinrai"
L 01/28/2024 - 19:42:33: "[ikko] The_Legoracer<4><STEAM_0:1:38534131><Spectator>" joined team "Jinrai"
L 01/28/2024 - 19:42:36: "[Ikko] The Undead Corpse<8><STEAM_0:1:32621880><Spectator>" joined team "Jinrai"
L 01/28/2024 - 19:42:51: "[AUX-] Oni<12><STEAM_0:1:10174276><NSF>" say "!ready"
L 01/28/2024 - 19:43:01: "[someikko] somerusher<6><STEAM_0:1:57157309><NSF>" joined team "Unassigned"
L 01/28/2024 - 19:43:02: "[someikko] somerusher<6><STEAM_0:1:57157309><Unassigned>" joined team "Jinrai"
L 01/28/2024 - 19:43:05: "[AUX-] Oni<12><STEAM_0:1:10174276><NSF>" say "Which 5 is playing? ;o"
L 01/28/2024 - 19:43:10: "[Ikko] The Undead Corpse<8><STEAM_0:1:32621880><Jinrai>" say "we are still deciding"
L 01/28/2024 - 19:43:12: "[AUX-] Oni<12><STEAM_0:1:10174276><NSF>" say "aight"
L 01/28/2024 - 19:43:19: "[Ikko] The Undead Corpse<8><STEAM_0:1:32621880><Jinrai>" say "ikko out in force tongiht"
L 01/28/2024 - 19:43:27: "[AUX-] Oni<12><STEAM_0:1:10174276><NSF>" say "We'll take you 7v5 if you want :O (this is a joke. Blz no)"
L 01/28/2024 - 19:43:29: "[IkkoIkki] just MISO<5><STEAM_0:1:23585170><Jinrai>" say "can't all 7 of us play?"
L 01/28/2024 - 19:43:32: "[someikko] somerusher<6><STEAM_0:1:57157309><Jinrai>" say "all 7 of these 5, alright? :)"
L 01/28/2024 - 19:43:35: "[OBS] Agiel<10><STEAM_0:1:25025><Unassigned>" joined team "Spectator"
L 01/28/2024 - 19:43:39: "Dommy<3><STEAM_0:1:15299509><Jinrai>" say "!s"
L 01/28/2024 - 19:43:39: "Dommy<3><STEAM_0:1:15299509><Jinrai>" committed suicide with "player"
L 01/28/2024 - 19:43:39: "Dommy<3><STEAM_0:1:15299509><Jinrai>" joined team "Spectator"
L 01/28/2024 - 19:43:42: "[AUX-] Oni<12><STEAM_0:1:10174276><NSF>" say "Ok Miso. If you win a knife 1v1 vs lamhf we'll take you 7v5"
L 01/28/2024 - 19:43:48: "[AUX-] Blåberry<13><STEAM_0:1:20365268><NSF>" say "more targets? sure"
L 01/28/2024 - 19:44:08: "[IkkoIkki] just MISO<5><STEAM_0:1:23585170><Jinrai>" say "unfortunatly lamf doesnt play tih"
L 01/28/2024 - 19:44:14: "[IkkoIkki] just MISO<5><STEAM_0:1:23585170><Jinrai>" say "this tournament "
L 01/28/2024 - 19:44:16: "[IkkoIkki] just MISO<5><STEAM_0:1:23585170><Jinrai>" say "("
L 01/28/2024 - 19:44:18: "[AUX-] Oni<12><STEAM_0:1:10174276><NSF>" say "that's why it's hard to do"
L 01/28/2024 - 19:44:55: "[Ikko] The Undead Corpse<8><STEAM_0:1:32621880><Jinrai>" disconnected (reason "Disconnect by user.")
L 01/28/2024 - 19:44:56: "[AUX-] Oni<12><STEAM_0:1:10174276><NSF>" disconnected (reason "Disconnect by user.")
L 01/28/2024 - 19:46:56: "[AUX-] Oni<19><STEAM_ID_PENDING><>" connected, address "71.195.46.232:27005"
L 01/28/2024 - 19:46:56: "[AUX-] Oni<19><STEAM_0:1:10174276><>" STEAM USERID validated
L 01/28/2024 - 19:46:59: "[AUX-] Oni<19><STEAM_0:1:10174276><>" entered the game
L 01/28/2024 - 19:47:02: "[AUX-] Oni<19><STEAM_0:1:10174276><Unassigned>" joined team "NSF"
L 01/28/2024 - 19:47:50: "[Ikko] Shinra (Ikki)<7><STEAM_0:0:17487274><Jinrai>" say "!ready"
L 01/28/2024 - 19:47:52: "[Ikko] The Undead Corpse<20><STEAM_ID_PENDING><>" connected, address "81.129.171.129:27005"
L 01/28/2024 - 19:47:52: "[Ikko] The Undead Corpse<20><STEAM_0:1:32621880><>" STEAM USERID validated
L 01/28/2024 - 19:47:53: "[IkkoIkki] just MISO<5><STEAM_0:1:23585170><Jinrai>" say "!ready"
L 01/28/2024 - 19:47:53: "[Ikko] The Undead Corpse<20><STEAM_0:1:32621880><>" entered the game
L 01/28/2024 - 19:47:54: "[someikko] somerusher<6><STEAM_0:1:57157309><Jinrai>" say "!ready"
L 01/28/2024 - 19:47:56: "[AUX-] Nutnoze<17><STEAM_0:1:9530793><NSF>" say "!ready"
L 01/28/2024 - 19:47:56: "[Ikko] The Undead Corpse<20><STEAM_0:1:32621880><Unassigned>" joined team "Spectator"
L 01/28/2024 - 19:47:56: "[ikko] The_Legoracer<4><STEAM_0:1:38534131><Jinrai>" say "!ready"
L 01/28/2024 - 19:47:57: "[Ikko] 3LOW<9><STEAM_0:0:67890711><Jinrai>" say_team "!ready"
L 01/28/2024 - 19:48:03: "[AUX-] Blåberry<13><STEAM_0:1:20365268><NSF>" say "!ready"
L 01/28/2024 - 19:48:05: "[AUX-] Oni<19><STEAM_0:1:10174276><NSF>" say "We can't ready till your extra players leave ;>"
L 01/28/2024 - 19:48:22: "[Ikko] The Undead Corpse<20><STEAM_0:1:32621880><Spectator>" say "kk"
L 01/28/2024 - 19:48:29: "Dommy<3><STEAM_0:1:15299509><Spectator>" disconnected (reason "Disconnect by user.")
L 01/28/2024 - 19:48:33: "[Ikko] The Undead Corpse<20><STEAM_0:1:32621880><Spectator>" disconnected (reason "Disconnect by user.")
L 01/28/2024 - 19:48:47: "[AUX-] Nutnoze<17><STEAM_0:1:9530793><NSF>" say "Streamers ready?"
L 01/28/2024 - 19:49:03: "[OBS] Agiel<10><STEAM_0:1:25025><Spectator>" say "steam is ready"
L 01/28/2024 - 19:49:09: "[CAST] Puddy<11><STEAM_0:1:19453780><Spectator>" say "and stream"
L 01/28/2024 - 19:49:10: "[AUX-] Nutnoze<17><STEAM_0:1:9530793><NSF>" say "!s"
L 01/28/2024 - 19:49:10: "[AUX-] Nutnoze<17><STEAM_0:1:9530793><NSF>" committed suicide with "player"
L 01/28/2024 - 19:49:10: "[AUX-] Nutnoze<17><STEAM_0:1:9530793><NSF>" joined team "Spectator"
L 01/28/2024 - 19:49:12: "[AUX-] Nutnoze<17><STEAM_0:1:9530793><Spectator>" joined team "NSF"
L 01/28/2024 - 19:49:40: "[AUX-] [*RO*]Phorce_Phed<14><STEAM_0:1:9863507><NSF>" changed name to "[AUX-] Phorce_Phed"
L 01/28/2024 - 19:49:50: "[IkkoIkki] just MISO<5><STEAM_0:1:23585170><Jinrai>" say "i've fallen and i cant get up"
L 01/28/2024 - 19:50:33: "[AUX-] Oni<19><STEAM_0:1:10174276><NSF>" say "!ready"
L 01/28/2024 - 19:50:34: "[ikko] The_Legoracer<4><STEAM_0:1:38534131><Jinrai>" say "!ready"
L 01/28/2024 - 19:50:34: "[AUX-] Nutnoze<17><STEAM_0:1:9530793><NSF>" say "!readylist"
L 01/28/2024 - 19:50:42: "[AUX-] Nutnoze<17><STEAM_0:1:9530793><NSF>" say "!ready"
L 01/28/2024 - 19:50:45: "[AUX-] Nutnoze<17><STEAM_0:1:9530793><NSF>" say "gl hf"
L 01/28/2024 - 19:50:48: "[ikko] The_Legoracer<4><STEAM_0:1:38534131><Jinrai>" say "gl hf <3"
L 01/28/2024 - 19:51:05: "[AUX-] Oni<19><STEAM_0:1:10174276><NSF>" say "!pause"
L 01/28/2024 - 19:51:08: "[Ikko] Shinra (Ikki)<7><STEAM_0:0:17487274><Jinrai>" say "uh oh"
L 01/28/2024 - 19:51:12: "[AUX-] Nutnoze<17><STEAM_0:1:9530793><NSF>" killed "[Ikko] 3LOW<9><STEAM_0:0:67890711><Jinrai>" with "zr68s"
L 01/28/2024 - 19:51:12: "[AUX-] Oni<19><STEAM_0:1:10174276><NSF>" say "can we restart?"
L 01/28/2024 - 19:51:16: "[AUX-] Oni<19><STEAM_0:1:10174276><NSF>" say "bla dieded"
L 01/28/2024 - 19:51:23: "[AUX-] Oni<19><STEAM_0:1:10174276><NSF>" say "NL"
L 01/28/2024 - 19:51:41: "[AUX-] Zero<18><STEAM_0:1:31124469><NSF>" killed "[IkkoIkki] just MISO<5><STEAM_0:1:23585170><Jinrai>" with "zr68s"
L 01/28/2024 - 19:51:54: "[Ikko] Shinra (Ikki)<7><STEAM_0:0:17487274><Jinrai>" say "confusion"
L 01/28/2024 - 19:51:57: "[Ikko] Shinra (Ikki)<7><STEAM_0:0:17487274><Jinrai>" say "is the match live?"
L 01/28/2024 - 19:51:59: "[AUX-] Oni<19><STEAM_0:1:10174276><NSF>" say "NLNL"
L 01/28/2024 - 19:52:04: "[Ikko] Shinra (Ikki)<7><STEAM_0:0:17487274><Jinrai>" say "gotch"
L 01/28/2024 - 19:52:06: "[Ikko] Shinra (Ikki)<7><STEAM_0:0:17487274><Jinrai>" say "a"
L 01/28/2024 - 19:52:10: "[CAST] Puddy<11><STEAM_0:1:19453780><Spectator>" say "!restart"
L 01/28/2024 - 19:52:13: "[AUX-] Oni<19><STEAM_0:1:10174276><NSF>" say "!forcelive"
L 01/28/2024 - 19:52:15: "[AUX-] Oni<19><STEAM_0:1:10174276><NSF>" say "!forcelive"
L 01/28/2024 - 19:52:35: "[AUX-] Oni<19><STEAM_0:1:10174276><NSF>" say "Sorry about that XD"
L 01/28/2024 - 19:52:39: "[ikko] The_Legoracer<4><STEAM_0:1:38534131><Jinrai>" say "np ^¨"
L 01/28/2024 - 19:52:44: "[AUX-] Blåberry<13><STEAM_0:1:20365268><NSF>" say "mb :x"
L 01/28/2024 - 19:52:44: "[ikko] The_Legoracer<4><STEAM_0:1:38534131><Jinrai>" say "^^"
L 01/28/2024 - 19:52:44: "[Ikko] 3LOW<9><STEAM_0:0:67890711><Jinrai>" say_team "!ready"
L 01/28/2024 - 19:52:44: "[IkkoIkki] just MISO<5><STEAM_0:1:23585170><Jinrai>" say "shift happens"
L 01/28/2024 - 19:52:47: "[AUX-] Nutnoze<17><STEAM_0:1:9530793><NSF>" say "!ready"
L 01/28/2024 - 19:52:49: "[IkkoIkki] just MISO<5><STEAM_0:1:23585170><Jinrai>" say "!ready"
L 01/28/2024 - 19:52:50: "[ikko] The_Legoracer<4><STEAM_0:1:38534131><Jinrai>" say "!ready"
L 01/28/2024 - 19:52:50: "[AUX-] Oni<19><STEAM_0:1:10174276><NSF>" say "!ready"
L 01/28/2024 - 19:52:52: "[AUX-] Blåberry<13><STEAM_0:1:20365268><NSF>" say "!ready"
L 01/28/2024 - 19:52:55: "[AUX-] Phorce_Phed<14><STEAM_0:1:9863507><NSF>" say "!ready"
L 01/28/2024 - 19:52:59: "[AUX-] Nutnoze<17><STEAM_0:1:9530793><NSF>" say "piss breaks too powerful what can i say"
L 01/28/2024 - 19:53:01: "[someikko] somerusher<6><STEAM_0:1:57157309><Jinrai>" say "!ready"
L 01/28/2024 - 19:53:12: "[Ikko] Shinra (Ikki)<7><STEAM_0:0:17487274><Jinrai>" say "piss broke comp"
L 01/28/2024 - 19:53:14: "[ikko] The_Legoracer<4><STEAM_0:1:38534131><Jinrai>" say "xD"
L 01/28/2024 - 19:53:17: "[AUX-] Oni<19><STEAM_0:1:10174276><NSF>" say "!readylist"
L 01/28/2024 - 19:53:21: "[AUX-] Zero<18><STEAM_0:1:31124469><NSF>" say_team "!ready"
L 01/28/2024 - 19:53:35: "[AUX-] Oni<19><STEAM_0:1:10174276><NSF>" say "Gotta get that jank out early ya know? ;>"
L 01/28/2024 - 19:53:47: "[AUX-] Nutnoze<17><STEAM_0:1:9530793><NSF>" say "!readylist"
L 01/28/2024 - 19:53:59: "[ikko] The_Legoracer<4><STEAM_0:1:38534131><Jinrai>" say "!readylist"
L 01/28/2024 - 19:54:03: "[AUX-] Oni<19><STEAM_0:1:10174276><NSF>" say "shinra "
L 01/28/2024 - 19:54:06: "[Ikko] Shinra (Ikki)<7><STEAM_0:0:17487274><Jinrai>" say "!ready"
L 01/28/2024 - 19:54:10: "[AUX-] Nutnoze<17><STEAM_0:1:9530793><NSF>" say "for real this time"
L 01/28/2024 - 19:54:38: "[Ikko] 3LOW<9><STEAM_0:0:67890711><Jinrai>" killed "[AUX-] Nutnoze<17><STEAM_0:1:9530793><NSF>" with "zr68s"
L 01/28/2024 - 19:54:47: "[AUX-] Blåberry<13><STEAM_0:1:20365268><NSF>" killed "[Ikko] Shinra (Ikki)<7><STEAM_0:0:17487274><Jinrai>" with "zr68s"
L 01/28/2024 - 19:54:53: "[IkkoIkki] just MISO<5><STEAM_0:1:23585170><Jinrai>" killed "[AUX-] Oni<19><STEAM_0:1:10174276><NSF>" with "supa7"
L 01/28/2024 - 19:54:54: "[AUX-] Phorce_Phed<14><STEAM_0:1:9863507><NSF>" killed "[IkkoIkki] just MISO<5><STEAM_0:1:23585170><Jinrai>" with "zr68s"
L 01/28/2024 - 19:55:23: "[ikko] The_Legoracer<4><STEAM_0:1:38534131><Jinrai>" killed "[AUX-] Blåberry<13><STEAM_0:1:20365268><NSF>" with "zr68s"
L 01/28/2024 - 19:56:18: "[AUX-] Phorce_Phed<14><STEAM_0:1:9863507><NSF>" killed "[someikko] somerusher<6><STEAM_0:1:57157309><Jinrai>" with "zr68s"
L 01/28/2024 - 19:56:19: "[ikko] The_Legoracer<4><STEAM_0:1:38534131><Jinrai>" killed "[AUX-] Zero<18><STEAM_0:1:31124469><NSF>" with "zr68s"
L 01/28/2024 - 19:56:27: "[ikko] The_Legoracer<4><STEAM_0:1:38534131><Jinrai>" killed "[AUX-] Phorce_Phed<14><STEAM_0:1:9863507><NSF>" with "zr68s"
L 01/28/2024 - 19:57:15: "[someikko] somerusher<6><STEAM_0:1:57157309><Jinrai>" killed "[AUX-] Phorce_Phed<14><STEAM_0:1:9863507><NSF>" with "zr68s"
L 01/28/2024 - 19:57:26: "[someikko] somerusher<6><STEAM_0:1:57157309><Jinrai>" killed "[AUX-] Oni<19><STEAM_0:1:10174276><NSF>" with "zr68s"
L 01/28/2024 - 19:57:34: "[AUX-] Blåberry<13><STEAM_0:1:20365268><NSF>" killed "[ikko] The_Legoracer<4><STEAM_0:1:38534131><Jinrai>" with "zr68s"
L 01/28/2024 - 19:57:34: "[ikko] The_Legoracer<4><STEAM_0:1:38534131><Jinrai>" say_team "100 Recon zr68s"
L 01/28/2024 - 19:58:15: "[Ikko] 3LOW<9><STEAM_0:0:67890711><Jinrai>" killed "[AUX-] Blåberry<13><STEAM_0:1:20365268><NSF>" with "zr68s"
L 01/28/2024 - 19:58:22: "[Ikko] 3LOW<9><STEAM_0:0:67890711><Jinrai>" killed "[AUX-] Nutnoze<17><STEAM_0:1:9530793><NSF>" with "zr68s"
L 01/28/2024 - 19:58:26: "[Ikko] Shinra (Ikki)<7><STEAM_0:0:17487274><Jinrai>" killed "[AUX-] Zero<18><STEAM_0:1:31124469><NSF>" with "jitte"
L 01/28/2024 - 20:00:12: "[ikko] The_Legoracer<4><STEAM_0:1:38534131><Jinrai>" killed "[AUX-] Phorce_Phed<14><STEAM_0:1:9863507><NSF>" with "zr68s"
L 01/28/2024 - 20:00:13: "[AUX-] Nutnoze<17><STEAM_0:1:9530793><NSF>" killed "[Ikko] 3LOW<9><STEAM_0:0:67890711><Jinrai>" with "zr68s"
L 01/28/2024 - 20:00:14: "[AUX-] Oni<19><STEAM_0:1:10174276><NSF>" killed "[ikko] The_Legoracer<4><STEAM_0:1:38534131><Jinrai>" with "supa7"
L 01/28/2024 - 20:00:14: "[AUX-] Phorce_Phed<14><STEAM_0:1:9863507><NSF>" triggered "kill_assist"
L 01/28/2024 - 20:00:14: "[ikko] The_Legoracer<4><STEAM_0:1:38534131><Jinrai>" say_team "100 Assault supa7"
L 01/28/2024 - 20:00:20: "[AUX-] Oni<19><STEAM_0:1:10174276><NSF>" killed "[someikko] somerusher<6><STEAM_0:1:57157309><Jinrai>" with "zr68s"
L 01/28/2024 - 20:00:48: "[AUX-] Blåberry<13><STEAM_0:1:20365268><NSF>" killed "[Ikko] Shinra (Ikki)<7><STEAM_0:0:17487274><Jinrai>" with "zr68s"
L 01/28/2024 - 20:00:50: "[IkkoIkki] just MISO<5><STEAM_0:1:23585170><Jinrai>" killed "[AUX-] Oni<19><STEAM_0:1:10174276><NSF>" with "mx"
L 01/28/2024 - 20:00:50: "[Ikko] Shinra (Ikki)<7><STEAM_0:0:17487274><Jinrai>" triggered "kill_assist"
L 01/28/2024 - 20:00:51: "[IkkoIkki] just MISO<5><STEAM_0:1:23585170><Jinrai>" killed "[AUX-] Blåberry<13><STEAM_0:1:20365268><NSF>" with "mx"
L 01/28/2024 - 20:00:51: "[Ikko] 3LOW<9><STEAM_0:0:67890711><Jinrai>" triggered "kill_assist"
L 01/28/2024 - 20:00:53: "[AUX-] Zero<18><STEAM_0:1:31124469><NSF>" killed "[IkkoIkki] just MISO<5><STEAM_0:1:23585170><Jinrai>" with "srm"
L 01/28/2024 - 20:01:03: "[IkkoIkki] just MISO<5><STEAM_0:1:23585170><Jinrai>" say "my game just laged wtf "
L 01/28/2024 - 20:01:34: "[Ikko] 3LOW<9><STEAM_0:0:67890711><Jinrai>" killed "[AUX-] Oni<19><STEAM_0:1:10174276><NSF>" with "zr68s"
L 01/28/2024 - 20:02:54: "[IkkoIkki] just MISO<5><STEAM_0:1:23585170><Jinrai>" killed "[AUX-] Nutnoze<17><STEAM_0:1:9530793><NSF>" with "mx"
L 01/28/2024 - 20:03:06: "[someikko] somerusher<6><STEAM_0:1:57157309><Jinrai>" killed "[AUX-] Zero<18><STEAM_0:1:31124469><NSF>" with "zr68s"
L 01/28/2024 - 20:03:06: "[IkkoIkki] just MISO<5><STEAM_0:1:23585170><Jinrai>" triggered "kill_assist"
L 01/28/2024 - 20:03:11: "[Ikko] 3LOW<9><STEAM_0:0:67890711><Jinrai>" killed "[AUX-] Blåberry<13><STEAM_0:1:20365268><NSF>" with "zr68s"
L 01/28/2024 - 20:03:11: "[ikko] The_Legoracer<4><STEAM_0:1:38534131><Jinrai>" triggered "kill_assist"
L 01/28/2024 - 20:03:30: "[AUX-] Phorce_Phed<14><STEAM_0:1:9863507><NSF>" killed "[ikko] The_Legoracer<4><STEAM_0:1:38534131><Jinrai>" with "zr68s"
L 01/28/2024 - 20:03:30: "[ikko] The_Legoracer<4><STEAM_0:1:38534131><Jinrai>" say_team "53 Assault zr68s"
L 01/28/2024 - 20:03:33: Team "Jinrai" triggered "ghost_capture_team"
L 01/28/2024 - 20:03:33: "[someikko] somerusher<6><STEAM_0:1:57157309><Jinrai>" triggered "ghost_capture"
L 01/28/2024 - 20:03:36: "[AUX-] Phorce_Phed<14><STEAM_0:1:9863507><NSF>" killed "[IkkoIkki] just MISO<5><STEAM_0:1:23585170><Jinrai>" with "zr68s"
L 01/28/2024 - 20:03:36: "[AUX-] Zero<18><STEAM_0:1:31124469><NSF>" triggered "kill_assist"
L 01/28/2024 - 20:03:38: "[Ikko] 3LOW<9><STEAM_0:0:67890711><Jinrai>" killed "[AUX-] Phorce_Phed<14><STEAM_0:1:9863507><NSF>" with "zr68s"
L 01/28/2024 - 20:04:14: "[AUX-] Nutnoze<17><STEAM_0:1:9530793><NSF>" killed "[Ikko] 3LOW<9><STEAM_0:0:67890711><Jinrai>" with "zr68s"
L 01/28/2024 - 20:04:16: "[AUX-] Blåberry<13><STEAM_0:1:20365268><NSF>" killed "[ikko] The_Legoracer<4><STEAM_0:1:38534131><Jinrai>" with "mx"
L 01/28/2024 - 20:04:16: "[AUX-] Nutnoze<17><STEAM_0:1:9530793><NSF>" triggered "kill_assist"
L 01/28/2024 - 20:04:17: "[ikko] The_Legoracer<4><STEAM_0:1:38534131><Jinrai>" say_team "18 Recon mx"
L 01/28/2024 - 20:04:23: "[Ikko] Shinra (Ikki)<7><STEAM_0:0:17487274><Jinrai>" killed "[AUX-] Blåberry<13><STEAM_0:1:20365268><NSF>" with "mx"
L 01/28/2024 - 20:04:23: "[ikko] The_Legoracer<4><STEAM_0:1:38534131><Jinrai>" triggered "kill_assist"
L 01/28/2024 - 20:04:23: "[IkkoIkki] just MISO<5><STEAM_0:1:23585170><Jinrai>" killed "[AUX-] Phorce_Phed<14><STEAM_0:1:9863507><NSF>" with "zr68c"
L 01/28/2024 - 20:04:24: "[Ikko] Shinra (Ikki)<7><STEAM_0:0:17487274><Jinrai>" killed "[AUX-] Nutnoze<17><STEAM_0:1:9530793><NSF>" with "mx"
L 01/28/2024 - 20:04:29: "[IkkoIkki] just MISO<5><STEAM_0:1:23585170><Jinrai>" killed "[AUX-] Oni<19><STEAM_0:1:10174276><NSF>" with "zr68c"
L 01/28/2024 - 20:04:32: "[AUX-] Zero<18><STEAM_0:1:31124469><NSF>" killed "[IkkoIkki] just MISO<5><STEAM_0:1:23585170><Jinrai>" with "zr68s"
L 01/28/2024 - 20:04:45: "[someikko] somerusher<6><STEAM_0:1:57157309><Jinrai>" killed "[AUX-] Zero<18><STEAM_0:1:31124469><NSF>" with "mx"
L 01/28/2024 - 20:04:45: "[IkkoIkki] just MISO<5><STEAM_0:1:23585170><Jinrai>" triggered "kill_assist"
L 01/28/2024 - 20:05:32: "[AUX-] Blåberry<13><STEAM_0:1:20365268><NSF>" killed "[ikko] The_Legoracer<4><STEAM_0:1:38534131><Jinrai>" with "mx"
L 01/28/2024 - 20:05:32: "[ikko] The_Legoracer<4><STEAM_0:1:38534131><Jinrai>" say_team "100 Recon mx"
L 01/28/2024 - 20:05:44: "[AUX-] Nutnoze<17><STEAM_0:1:9530793><NSF>" killed "[someikko] somerusher<6><STEAM_0:1:57157309><Jinrai>" with "mx"
L 01/28/2024 - 20:05:46: "[AUX-] Blåberry<13><STEAM_0:1:20365268><NSF>" killed "[Ikko] Shinra (Ikki)<7><STEAM_0:0:17487274><Jinrai>" with "mx"
L 01/28/2024 - 20:05:50: "[Ikko] 3LOW<9><STEAM_0:0:67890711><Jinrai>" killed "[AUX-] Zero<18><STEAM_0:1:31124469><NSF>" with "mx"
L 01/28/2024 - 20:05:55: "[Ikko] 3LOW<9><STEAM_0:0:67890711><Jinrai>" killed "[AUX-] Oni<19><STEAM_0:1:10174276><NSF>" with "mx"
L 01/28/2024 - 20:05:57: "[AUX-] Blåberry<13><STEAM_0:1:20365268><NSF>" killed "[IkkoIkki] just MISO<5><STEAM_0:1:23585170><Jinrai>" with "mx"
L 01/28/2024 - 20:06:09: "[Ikko] 3LOW<9><STEAM_0:0:67890711><Jinrai>" killed "[AUX-] Nutnoze<17><STEAM_0:1:9530793><NSF>" with "mx"
L 01/28/2024 - 20:06:18: "[IkkoIkki] just MISO<5><STEAM_0:1:23585170><Jinrai>" say "clutch or kick"
L 01/28/2024 - 20:06:33: "[Ikko] 3LOW<9><STEAM_0:0:67890711><Jinrai>" killed "[AUX-] Blåberry<13><STEAM_0:1:20365268><NSF>" with "grenade_projectile"
L 01/28/2024 - 20:06:39: "[Ikko] 3LOW<9><STEAM_0:0:67890711><Jinrai>" killed "[AUX-] Phorce_Phed<14><STEAM_0:1:9863507><NSF>" with "mx"
L 01/28/2024 - 20:07:20: "[AUX-] Oni<19><STEAM_0:1:10174276><NSF>" killed "[ikko] The_Legoracer<4><STEAM_0:1:38534131><Jinrai>" with "zr68s"
L 01/28/2024 - 20:07:20: "[AUX-] Blåberry<13><STEAM_0:1:20365268><NSF>" triggered "kill_assist"
L 01/28/2024 - 20:07:20: "[ikko] The_Legoracer<4><STEAM_0:1:38534131><Jinrai>" say_team "100 Assault zr68s"
L 01/28/2024 - 20:07:24: "[AUX-] Blåberry<13><STEAM_0:1:20365268><NSF>" killed "[Ikko] 3LOW<9><STEAM_0:0:67890711><Jinrai>" with "mx"
L 01/28/2024 - 20:07:24: "[Ikko] 3LOW<9><STEAM_0:0:67890711><Jinrai>" killed "[AUX-] Blåberry<13><STEAM_0:1:20365268><NSF>" with "grenade_projectile"
L 01/28/2024 - 20:07:51: "[AUX-] Oni<19><STEAM_0:1:10174276><NSF>" killed "[someikko] somerusher<6><STEAM_0:1:57157309><Jinrai>" with "zr68s"
L 01/28/2024 - 20:07:55: "[Ikko] Shinra (Ikki)<7><STEAM_0:0:17487274><Jinrai>" killed "[AUX-] Oni<19><STEAM_0:1:10174276><NSF>" with "mx"
L 01/28/2024 - 20:08:09: "[AUX-] Zero<18><STEAM_0:1:31124469><NSF>" killed "[Ikko] Shinra (Ikki)<7><STEAM_0:0:17487274><Jinrai>" with "srm"
L 01/28/2024 - 20:08:09: "[AUX-] Oni<19><STEAM_0:1:10174276><NSF>" triggered "kill_assist"
L 01/28/2024 - 20:08:41: "[AUX-] Zero<18><STEAM_0:1:31124469><NSF>" killed "[IkkoIkki] just MISO<5><STEAM_0:1:23585170><Jinrai>" with "srm"
L 01/28/2024 - 20:08:41: "[AUX-] Phorce_Phed<14><STEAM_0:1:9863507><NSF>" triggered "kill_assist"
L 01/28/2024 - 20:09:28: "[AUX-] Blåberry<13><STEAM_0:1:20365268><NSF>" committed suicide with "world"
L 01/28/2024 - 20:09:33: "[IkkoIkki] just MISO<5><STEAM_0:1:23585170><Jinrai>" killed "[AUX-] Nutnoze<17><STEAM_0:1:9530793><NSF>" with "zr68c"
L 01/28/2024 - 20:09:38: "[AUX-] Blåberry<13><STEAM_0:1:20365268><NSF>" say "ksduhfsdkjöfndskjöf"
L 01/28/2024 - 20:09:42: "[someikko] somerusher<6><STEAM_0:1:57157309><Jinrai>" killed "[AUX-] Oni<19><STEAM_0:1:10174276><NSF>" with "mx"
L 01/28/2024 - 20:09:42: "[ikko] The_Legoracer<4><STEAM_0:1:38534131><Jinrai>" triggered "kill_assist"
L 01/28/2024 - 20:09:45: "[Ikko] Shinra (Ikki)<7><STEAM_0:0:17487274><Jinrai>" killed "[AUX-] Zero<18><STEAM_0:1:31124469><NSF>" with "mx"
L 01/28/2024 - 20:09:49: "[AUX-] Phorce_Phed<14><STEAM_0:1:9863507><NSF>" killed "[IkkoIkki] just MISO<5><STEAM_0:1:23585170><Jinrai>" with "zr68s"
L 01/28/2024 - 20:09:49: "[AUX-] Nutnoze<17><STEAM_0:1:9530793><NSF>" triggered "kill_assist"
L 01/28/2024 - 20:09:52: "[Ikko] 3LOW<9><STEAM_0:0:67890711><Jinrai>" killed "[AUX-] Phorce_Phed<14><STEAM_0:1:9863507><NSF>" with "mx"
L 01/28/2024 - 20:10:35: "[someikko] somerusher<6><STEAM_0:1:57157309><Jinrai>" killed "[AUX-] Blåberry<13><STEAM_0:1:20365268><NSF>" with "mx"
L 01/28/2024 - 20:10:48: "[AUX-] Nutnoze<17><STEAM_0:1:9530793><NSF>" killed "[Ikko] Shinra (Ikki)<7><STEAM_0:0:17487274><Jinrai>" with "mx"
L 01/28/2024 - 20:10:55: "[someikko] somerusher<6><STEAM_0:1:57157309><Jinrai>" killed "[AUX-] Zero<18><STEAM_0:1:31124469><NSF>" with "grenade_projectile"
L 01/28/2024 - 20:12:00: "[Ikko] 3LOW<9><STEAM_0:0:67890711><Jinrai>" killed "[AUX-] Nutnoze<17><STEAM_0:1:9530793><NSF>" with "mx"
L 01/28/2024 - 20:12:02: "[Ikko] 3LOW<9><STEAM_0:0:67890711><Jinrai>" killed "[AUX-] Oni<19><STEAM_0:1:10174276><NSF>" with "mx"
L 01/28/2024 - 20:12:02: "[someikko] somerusher<6><STEAM_0:1:57157309><Jinrai>" triggered "kill_assist"
L 01/28/2024 - 20:12:10: "[IkkoIkki] just MISO<5><STEAM_0:1:23585170><Jinrai>" killed "[AUX-] Phorce_Phed<14><STEAM_0:1:9863507><NSF>" with "zr68c"
L 01/28/2024 - 20:12:10: "[Ikko] 3LOW<9><STEAM_0:0:67890711><Jinrai>" triggered "kill_assist"
L 01/28/2024 - 20:12:57: "[AUX-] Blåberry<13><STEAM_0:1:20365268><NSF>" killed "[Ikko] 3LOW<9><STEAM_0:0:67890711><Jinrai>" with "mx"
L 01/28/2024 - 20:13:01: "[someikko] somerusher<6><STEAM_0:1:57157309><Jinrai>" killed "[AUX-] Oni<19><STEAM_0:1:10174276><NSF>" with "mx"
L 01/28/2024 - 20:13:03: "[AUX-] Blåberry<13><STEAM_0:1:20365268><NSF>" killed "[someikko] somerusher<6><STEAM_0:1:57157309><Jinrai>" with "mx"
L 01/28/2024 - 20:13:03: "[AUX-] Oni<19><STEAM_0:1:10174276><NSF>" triggered "kill_assist"
L 01/28/2024 - 20:13:04: "[AUX-] Blåberry<13><STEAM_0:1:20365268><NSF>" killed "[ikko] The_Legoracer<4><STEAM_0:1:38534131><Jinrai>" with "mx"
L 01/28/2024 - 20:13:05: "[ikko] The_Legoracer<4><STEAM_0:1:38534131><Jinrai>" say_team "27 Recon mx"
L 01/28/2024 - 20:14:16: "[AUX-] Phorce_Phed<14><STEAM_0:1:9863507><NSF>" committed suicide with "world"
L 01/28/2024 - 20:14:49: "[AUX-] Zero<18><STEAM_0:1:31124469><NSF>" killed "[IkkoIkki] just MISO<5><STEAM_0:1:23585170><Jinrai>" with "mx"
L 01/28/2024 - 20:14:53: Team "NSF" triggered "ghost_capture_team"
L 01/28/2024 - 20:14:53: "[AUX-] Nutnoze<17><STEAM_0:1:9530793><NSF>" triggered "ghost_capture"
L 01/28/2024 - 20:14:55: "[Ikko] Shinra (Ikki)<7><STEAM_0:0:17487274><Jinrai>" killed "[AUX-] Blåberry<13><STEAM_0:1:20365268><NSF>" with "mx"
L 01/28/2024 - 20:14:55: "[ikko] The_Legoracer<4><STEAM_0:1:38534131><Jinrai>" triggered "kill_assist"
L 01/28/2024 - 20:14:57: "[AUX-] Nutnoze<17><STEAM_0:1:9530793><NSF>" killed "[Ikko] Shinra (Ikki)<7><STEAM_0:0:17487274><Jinrai>" with "kyla"
L 01/28/2024 - 20:14:57: "[AUX-] Zero<18><STEAM_0:1:31124469><NSF>" triggered "kill_assist"
L 01/28/2024 - 20:15:45: "[AUX-] Blåberry<13><STEAM_0:1:20365268><NSF>" killed "[Ikko] Shinra (Ikki)<7><STEAM_0:0:17487274><Jinrai>" with "mx"
L 01/28/2024 - 20:15:58: "[AUX-] Oni<19><STEAM_0:1:10174276><NSF>" killed "[someikko] somerusher<6><STEAM_0:1:57157309><Jinrai>" with "mx"
L 01/28/2024 - 20:15:59: "[IkkoIkki] just MISO<5><STEAM_0:1:23585170><Jinrai>" killed "[AUX-] Blåberry<13><STEAM_0:1:20365268><NSF>" with "zr68c"
L 01/28/2024 - 20:16:45: "[AUX-] Oni<19><STEAM_0:1:10174276><NSF>" killed "[Ikko] 3LOW<9><STEAM_0:0:67890711><Jinrai>" with "mx"
L 01/28/2024 - 20:16:58: "[IkkoIkki] just MISO<5><STEAM_0:1:23585170><Jinrai>" killed "[AUX-] Oni<19><STEAM_0:1:10174276><NSF>" with "zr68c"
L 01/28/2024 - 20:17:02: "[AUX-] Phorce_Phed<14><STEAM_0:1:9863507><NSF>" killed "[IkkoIkki] just MISO<5><STEAM_0:1:23585170><Jinrai>" with "mx"
L 01/28/2024 - 20:17:06: "[ikko] The_Legoracer<4><STEAM_0:1:38534131><Jinrai>" killed "[AUX-] Zero<18><STEAM_0:1:31124469><NSF>" with "mx"
L 01/28/2024 - 20:17:57: "[AUX-] Phorce_Phed<14><STEAM_0:1:9863507><NSF>" killed "[ikko] The_Legoracer<4><STEAM_0:1:38534131><Jinrai>" with "mx"
L 01/28/2024 - 20:17:57: "[AUX-] Zero<18><STEAM_0:1:31124469><NSF>" triggered "kill_assist"
L 01/28/2024 - 20:17:58: "[ikko] The_Legoracer<4><STEAM_0:1:38534131><Jinrai>" say_team "1 Assault mx"
L 01/28/2024 - 20:18:40: "[AUX-] Blåberry<13><STEAM_0:1:20365268><NSF>" committed suicide with "world"
L 01/28/2024 - 20:18:40: "[Ikko] 3LOW<9><STEAM_0:0:67890711><Jinrai>" killed "[AUX-] Oni<19><STEAM_0:1:10174276><NSF>" with "mx"
L 01/28/2024 - 20:19:07: "[IkkoIkki] just MISO<5><STEAM_0:1:23585170><Jinrai>" killed "[AUX-] Nutnoze<17><STEAM_0:1:9530793><NSF>" with "zr68c"
L 01/28/2024 - 20:19:08: "[AUX-] Phorce_Phed<14><STEAM_0:1:9863507><NSF>" killed "[Ikko] Shinra (Ikki)<7><STEAM_0:0:17487274><Jinrai>" with "mx"
L 01/28/2024 - 20:19:09: "[someikko] somerusher<6><STEAM_0:1:57157309><Jinrai>" killed "[AUX-] Phorce_Phed<14><STEAM_0:1:9863507><NSF>" with "mx"
L 01/28/2024 - 20:19:12: "[AUX-] Blåberry<13><STEAM_0:1:20365268><NSF>" say_team "you cant do that recon jump with mx"
L 01/28/2024 - 20:19:16: "[AUX-] Blåberry<13><STEAM_0:1:20365268><NSF>" say_team ":)))))))))))))))))))))))))))))))))))))))))))))))))))))"
L 01/28/2024 - 20:19:17: "[Ikko] 3LOW<9><STEAM_0:0:67890711><Jinrai>" killed "[AUX-] Zero<18><STEAM_0:1:31124469><NSF>" with "mx"
L 01/28/2024 - 20:19:20: "[AUX-] Oni<19><STEAM_0:1:10174276><NSF>" say "gr"
L 01/28/2024 - 20:19:22: "[AUX-] Oni<19><STEAM_0:1:10174276><NSF>" say "move to bon"
L 01/28/2024 - 20:19:24: "[AUX-] Blåberry<13><STEAM_0:1:20365268><NSF>" say "gg"
L 01/28/2024 - 20:19:26: "[Ikko] Shinra (Ikki)<7><STEAM_0:0:17487274><Jinrai>" say "gg"
L 01/28/2024 - 20:19:30: "[AUX-] Oni<19><STEAM_0:1:10174276><NSF>" disconnected (reason "Disconnect by user.")
L 01/28/2024 - 20:19:33: "[Ikko] Shinra (Ikki)<7><STEAM_0:0:17487274><Jinrai>" disconnected (reason "Disconnect by user.")
L 01/28/2024 - 20:19:46: "[AUX-] Blåberry<13><STEAM_0:1:20365268><NSF>" disconnected (reason "Disconnect by user.")
L 01/28/2024 - 20:19:49: "[CAST] Puddy<11><STEAM_0:1:19453780><Spectator>" disconnected (reason "Disconnect by user.")
L 01/28/2024 - 20:19:53: "[AUX-] Zero<18><STEAM_0:1:31124469><NSF>" disconnected (reason "Disconnect by user.")
L 01/28/2024 - 20:19:55: "[someikko] somerusher<6><STEAM_0:1:57157309><Jinrai>" disconnected (reason "Disconnect by user.")
L 01/28/2024 - 20:19:59: "[AUX-] Nutnoze<17><STEAM_0:1:9530793><NSF>" disconnected (reason "Disconnect by user.")
L 01/28/2024 - 20:20:09: "[AUX-] Phorce_Phed<14><STEAM_0:1:9863507><NSF>" disconnected (reason "Disconnect by user.")
L 01/28/2024 - 20:20:52: "[IkkoIkki] just MISO<5><STEAM_0:1:23585170><Jinrai>" disconnected (reason "Disconnect by user.")
L 01/28/2024 - 20:21:00: "[Ikko] 3LOW<9><STEAM_0:0:67890711><Jinrai>" disconnected (reason "Disconnect by user.")
L 01/28/2024 - 20:21:09: "[ikko] The_Legoracer<4><STEAM_0:1:38534131><Jinrai>" disconnected (reason "Disconnect by user.")
L 01/28/2024 - 20:21:19: "[OBS] Agiel<10><STEAM_0:1:25025><Spectator>" disconnected (reason "Disconnect by user.")
L 01/28/2024 - 20:21:26: "[DYS] bauxite<21><STEAM_ID_PENDING><>" connected, address "86.13.114.58:27005"
L 01/28/2024 - 20:21:26: "[DYS] bauxite<21><STEAM_0:0:5757747><>" STEAM USERID validated
L 01/28/2024 - 20:21:28: "[DYS] bauxite<21><STEAM_0:0:5757747><>" entered the game
L 01/28/2024 - 20:21:30: "[DYS] bauxite<21><STEAM_0:0:5757747><Unassigned>" joined team "Spectator"
L 01/28/2024 - 20:21:45: "Dommy<22><STEAM_ID_PENDING><>" connected, address "95.117.95.0:27005"
L 01/28/2024 - 20:21:46: "Dommy<22><STEAM_0:1:15299509><>" STEAM USERID validated
L 01/28/2024 - 20:21:47: "Dommy<22><STEAM_0:1:15299509><>" entered the game
L 01/28/2024 - 20:21:50: "Dommy<22><STEAM_0:1:15299509><Unassigned>" joined team "Spectator"
L 01/28/2024 - 20:21:52: "Dommy<22><STEAM_0:1:15299509><Spectator>" disconnected (reason "Disconnect by user.")
L 01/28/2024 - 20:21:54: "[DYS] bauxite<21><STEAM_0:0:5757747><Spectator>" disconnected (reason "Disconnect by user.")
L 01/28/2024 - 20:23:29: "[DYS] bauxite<23><STEAM_ID_PENDING><>" connected, address "86.13.114.58:27005"
L 01/28/2024 - 20:23:29: "[DYS] bauxite<23><STEAM_0:0:5757747><>" STEAM USERID validated
L 01/28/2024 - 20:23:31: "[DYS] bauxite<23><STEAM_0:0:5757747><>" entered the game
L 01/28/2024 - 20:23:32: "(MercHara) syz<24><STEAM_ID_PENDING><>" connected, address "90.213.209.147:27005"
L 01/28/2024 - 20:23:32: "(MercHara) syz<24><STEAM_0:0:82019396><>" STEAM USERID validated
L 01/28/2024 - 20:23:34: "(MercHara) syz<24><STEAM_0:0:82019396><>" entered the game
L 01/28/2024 - 20:23:38: "(MercHara) syz<24><STEAM_0:0:82019396><Unassigned>" joined team "Spectator"
L 01/28/2024 - 20:23:42: "Bolty<25><STEAM_ID_PENDING><>" connected, address "84.106.144.11:27005"
L 01/28/2024 - 20:23:42: "Bolty<25><STEAM_0:1:84048595><>" STEAM USERID validated
L 01/28/2024 - 20:23:48: "Bolty<25><STEAM_0:1:84048595><>" entered the game
L 01/28/2024 - 20:23:50: "Bolty<25><STEAM_0:1:84048595><Unassigned>" joined team "NSF"
L 01/28/2024 - 20:23:51: "[MXican] NeoTokyoScrub<26><STEAM_ID_PENDING><>" connected, address "75.183.0.206:27005"
L 01/28/2024 - 20:23:51: "[MXican] NeoTokyoScrub<26><STEAM_0:1:95715175><>" STEAM USERID validated
L 01/28/2024 - 20:24:05: "[MXican] NeoTokyoScrub<26><STEAM_0:1:95715175><>" entered the game
L 01/28/2024 - 20:24:08: "Bolty<25><STEAM_0:1:84048595><NSF>" changed name to "[MXican] MaJesTiC"
L 01/28/2024 - 20:24:18: "[MXican] NeoTokyoScrub<26><STEAM_0:1:95715175><Unassigned>" joined team "NSF"
L 01/28/2024 - 20:24:46: "[DYS] bauxite<23><STEAM_0:0:5757747><Unassigned>" joined team "Spectator"
L 01/28/2024 - 20:25:57: "[MXican] MaJesTiC<25><STEAM_0:1:84048595><NSF>" say "scrub"
L 01/28/2024 - 20:26:01: "[MXican] MaJesTiC<25><STEAM_0:1:84048595><NSF>" say "are you tlaking?"
L 01/28/2024 - 20:26:01: "[MXican] NeoTokyoScrub<26><STEAM_0:1:95715175><NSF>" say "?"
L 01/28/2024 - 20:26:05: "[MXican] MaJesTiC<25><STEAM_0:1:84048595><NSF>" say "okay"
L 01/28/2024 - 20:26:07: "[MXican] MaJesTiC<25><STEAM_0:1:84048595><NSF>" say "i can hear you"
L 01/28/2024 - 20:26:24: "[MXican] MaJesTiC<25><STEAM_0:1:84048595><NSF>" say "!nominate"
L 01/28/2024 - 20:27:06: "[MXican] NeoTokyoScrub<26><STEAM_0:1:95715175><NSF>" say "!s"
L 01/28/2024 - 20:27:06: "[MXican] NeoTokyoScrub<26><STEAM_0:1:95715175><NSF>" committed suicide with "player"
L 01/28/2024 - 20:27:06: "[MXican] NeoTokyoScrub<26><STEAM_0:1:95715175><NSF>" joined team "Spectator"
L 01/28/2024 - 20:27:07: "[MXican] NeoTokyoScrub<26><STEAM_0:1:95715175><Spectator>" joined team "NSF"
L 01/28/2024 - 20:27:41: "[MXican] MaJesTiC<25><STEAM_0:1:84048595><NSF>" say "!rt"
L 01/28/2024 - 20:27:44: "[MXican] MaJesTiC<25><STEAM_0:1:84048595><NSF>" say "!rtv"
L 01/28/2024 - 20:27:49: "[DYS] bauxite<23><STEAM_0:0:5757747><Spectator>" say "what map"
L 01/28/2024 - 20:27:49: "[MXican] MaJesTiC<25><STEAM_0:1:84048595><NSF>" say "rtv"
L 01/28/2024 - 20:27:52: "[MXican] MaJesTiC<25><STEAM_0:1:84048595><NSF>" say "turmuk"
L 01/28/2024 - 20:27:59: "[DYS] bauxite<23><STEAM_0:0:5757747><Spectator>" say "!map nt_turmuk_ctg_beta3"
L 01/28/2024 - 20:28:02: [META] Loaded 0 plugins (1 already loaded)
L 01/28/2024 - 20:28:02: [META] Loaded 0 plugins (1 already loaded)
L 01/28/2024 - 20:28:02: Log file closed
