L 01/28/2024 - 15:45:49: Log file started (file "logs\L0128009.log") (game "c:\servers\bonahnsap\NeotokyoSource") (version "4044")
L 01/28/2024 - 15:45:49: server_cvar: "sv_password" "***PROTECTED***"
L 01/28/2024 - 15:45:49: server_cvar: "sv_specaccelerate" "5"
L 01/28/2024 - 15:45:49: server_cvar: "sv_specspeed" "3"
L 01/28/2024 - 15:45:49: server_cvar: "tv_password" "***PROTECTED***"
L 01/28/2024 - 15:45:49: server_cvar: "tv_relaypassword" "***PROTECTED***"
L 01/28/2024 - 15:45:49: "Console<0><Console><Console>" say ""oni shot himself in the foot by picking a us server" - shinra"
L 01/28/2024 - 15:45:51: "[AUX-] Phorce_Phed<5><STEAM_0:1:9863507><>" entered the game
L 01/28/2024 - 15:45:52: "[AUX-] Oni<6><STEAM_0:1:10174276><>" entered the game
L 01/28/2024 - 15:45:52: "[AUX-] Nutnoze<4><STEAM_0:1:9530793><>" entered the game
L 01/28/2024 - 15:45:53: "[Ikko] Shinra (Ikki)<16><STEAM_0:0:17487274><>" entered the game
L 01/28/2024 - 15:45:53: "[AUX-] Phorce_Phed<5><STEAM_0:1:9863507><Unassigned>" joined team "Spectator"
L 01/28/2024 - 15:45:54: "[Ikko] Dommy<14><STEAM_0:1:15299509><>" entered the game
L 01/28/2024 - 15:45:56: "[someikko] somerusher<9><STEAM_0:1:57157309><>" entered the game
L 01/28/2024 - 15:45:57: "[Ikko] Shinra (Ikki)<16><STEAM_0:0:17487274><Unassigned>" joined team "NSF"
L 01/28/2024 - 15:45:57: "[AUX-] Zero<3><STEAM_0:1:31124469><>" entered the game
L 01/28/2024 - 15:45:58: "[AUX-] Blåberry<2><STEAM_0:1:20365268><>" entered the game
L 01/28/2024 - 15:45:58: "[Ikko] Dommy<14><STEAM_0:1:15299509><Unassigned>" joined team "Jinrai"
L 01/28/2024 - 15:46:00: "[AUX-] Zero<3><STEAM_0:1:31124469><Unassigned>" joined team "Jinrai"
L 01/28/2024 - 15:46:02: "[AUX-] Oni<6><STEAM_0:1:10174276><Unassigned>" joined team "NSF"
L 01/28/2024 - 15:46:04: "[CAST] Puddy<15><STEAM_0:1:19453780><>" entered the game
L 01/28/2024 - 15:46:06: "[AUX-] Blåberry<2><STEAM_0:1:20365268><Unassigned>" joined team "NSF"
L 01/28/2024 - 15:46:07: "[AUX-] Oni<6><STEAM_0:1:10174276><NSF>" say "wrong map woops"
L 01/28/2024 - 15:46:11: "[AUX-] Nutnoze<4><STEAM_0:1:9530793><Unassigned>" joined team "NSF"
L 01/28/2024 - 15:46:12: "[Ikko] 3LOW<8><STEAM_0:0:67890711><>" entered the game
L 01/28/2024 - 15:46:13: "[AUX-] Zero<3><STEAM_0:1:31124469><Jinrai>" disconnected (reason "Disconnect by user.")
L 01/28/2024 - 15:46:13: "[AUX-] Zero<17><STEAM_ID_PENDING><>" connected, address "73.228.212.117:27005"
L 01/28/2024 - 15:46:13: "[AUX-] Zero<17><STEAM_0:1:31124469><>" STEAM USERID validated
L 01/28/2024 - 15:46:14: "[AUX-] Zero<17><STEAM_0:1:31124469><>" entered the game
L 01/28/2024 - 15:46:15: "[Ikko] 3LOW<8><STEAM_0:0:67890711><Unassigned>" joined team "Jinrai"
L 01/28/2024 - 15:46:16: "[AUX-] Zero<17><STEAM_0:1:31124469><Unassigned>" joined team "NSF"
L 01/28/2024 - 15:46:17: "[AUX-] Oni<6><STEAM_0:1:10174276><NSF>" say "ya'll wanna do this one or yoko?"
L 01/28/2024 - 15:46:20: "[ikko] The_Legoracer<11><STEAM_0:1:38534131><>" entered the game
L 01/28/2024 - 15:46:20: "[Ikko] Dommy<14><STEAM_0:1:15299509><Jinrai>" say ""oni made a mistake by picking a us server" - shinra"
L 01/28/2024 - 15:46:22: "[OBS] Agiel<12><STEAM_0:1:25025><>" entered the game
L 01/28/2024 - 15:46:26: "[ikko] The_Legoracer<11><STEAM_0:1:38534131><Unassigned>" joined team "Jinrai"
L 01/28/2024 - 15:46:48: "[Ikko] Dommy<14><STEAM_0:1:15299509><Jinrai>" say "we are fine with both tbh"
L 01/28/2024 - 15:46:51: "[AUX-] Oni<6><STEAM_0:1:10174276><NSF>" say "aight"
L 01/28/2024 - 15:47:00: "[AUX-] Nutnoze<4><STEAM_0:1:9530793><NSF>" say "I wanna play griddddy"
L 01/28/2024 - 15:47:03: "[Ikko] Dommy<14><STEAM_0:1:15299509><Jinrai>" say "sure"
L 01/28/2024 - 15:47:07: "[Ikko] Dommy<14><STEAM_0:1:15299509><Jinrai>" say "griddy is giddy"
L 01/28/2024 - 15:47:18: "[someikko] somerusher<9><STEAM_0:1:57157309><Unassigned>" joined team "Spectator"
L 01/28/2024 - 15:48:03: "[Ikko] 3LOW<8><STEAM_0:0:67890711><Jinrai>" disconnected (reason "Disconnect by user.")
L 01/28/2024 - 15:48:21: "[AUX-] Nutnoze<4><STEAM_0:1:9530793><NSF>" killed "[Ikko] Dommy<14><STEAM_0:1:15299509><Jinrai>" with "srm"
L 01/28/2024 - 15:50:52: "[Ikko] Shinra (Ikki)<16><STEAM_0:0:17487274><NSF>" disconnected (reason "Disconnect by user.")
L 01/28/2024 - 15:50:52: "[Ikko] Shinra (Ikki)<18><STEAM_ID_PENDING><>" connected, address "162.254.47.5:27005"
L 01/28/2024 - 15:50:52: "[Ikko] Shinra (Ikki)<18><STEAM_0:0:17487274><>" STEAM USERID validated
L 01/28/2024 - 15:50:53: "[Ikko] Shinra (Ikki)<18><STEAM_0:0:17487274><>" entered the game
L 01/28/2024 - 15:50:57: "[Ikko] Shinra (Ikki)<18><STEAM_0:0:17487274><Unassigned>" joined team "Jinrai"
L 01/28/2024 - 15:55:59: "[Ikko] Dommy<14><STEAM_0:1:15299509><Jinrai>" say "wrong year, isn't it?"
L 01/28/2024 - 15:57:54: "[AUX-] Blåberry<2><STEAM_0:1:20365268><NSF>" say "!ready"
L 01/28/2024 - 15:57:58: "[AUX-] Oni<6><STEAM_0:1:10174276><NSF>" say "!ready"
L 01/28/2024 - 15:58:00: "[AUX-] Nutnoze<4><STEAM_0:1:9530793><NSF>" say "!ready"
L 01/28/2024 - 15:58:05: "[OBS] Agiel<12><STEAM_0:1:25025><Unassigned>" disconnected (reason "Disconnect by user.")
L 01/28/2024 - 15:58:15: Team "Jinrai" triggered "ghost_capture_team"
L 01/28/2024 - 15:58:15: "[Ikko] Dommy<14><STEAM_0:1:15299509><Jinrai>" triggered "ghost_capture"
L 01/28/2024 - 15:59:03: "[AUX-] Blåberry<2><STEAM_0:1:20365268><NSF>" committed suicide with "world"
L 01/28/2024 - 16:00:11: "[AUX-] Zero<17><STEAM_0:1:31124469><NSF>" committed suicide with "world"
L 01/28/2024 - 16:00:11: "[Ikko] Dommy<14><STEAM_0:1:15299509><Jinrai>" triggered "kill_assist"
L 01/28/2024 - 16:00:38: "[AUX-] Nutnoze<4><STEAM_0:1:9530793><NSF>" committed suicide with "world"
L 01/28/2024 - 16:00:57: "[Ikko] Dommy<14><STEAM_0:1:15299509><Jinrai>" killed "[AUX-] Oni<6><STEAM_0:1:10174276><NSF>" with "knife"
L 01/28/2024 - 16:01:47: "[AUX-] Oni<6><STEAM_0:1:10174276><NSF>" committed suicide with "world"
L 01/28/2024 - 16:01:51: "[AUX-] Nutnoze<4><STEAM_0:1:9530793><NSF>" committed suicide with "world"
L 01/28/2024 - 16:02:15: "[Ikko] Dommy<14><STEAM_0:1:15299509><Jinrai>" committed suicide with "world"
L 01/28/2024 - 16:02:15: "[AUX-] Zero<17><STEAM_0:1:31124469><NSF>" committed suicide with "world"
L 01/28/2024 - 16:02:16: "[AUX-] Nutnoze<4><STEAM_0:1:9530793><NSF>" say "dommy king of the jump"
L 01/28/2024 - 16:02:22: "[AUX-] Oni<6><STEAM_0:1:10174276><NSF>" say "jump king dommler"
L 01/28/2024 - 16:02:24: "[Ikko] Dommy<14><STEAM_0:1:15299509><Jinrai>" say "more like dummy"
L 01/28/2024 - 16:02:26: "[Ikko] Dommy<14><STEAM_0:1:15299509><Jinrai>" say ":P"
L 01/28/2024 - 16:02:38: "[AUX-] Nutnoze<4><STEAM_0:1:9530793><NSF>" say "Seems like it's useless tho sadly"
L 01/28/2024 - 16:02:48: "[AUX-] Phorce_Phed<5><STEAM_0:1:9863507><Spectator>" joined team "NSF"
L 01/28/2024 - 16:02:50: "[Ikko] Dommy<14><STEAM_0:1:15299509><Jinrai>" say "suna, pls fix"
L 01/28/2024 - 16:02:54: "[AUX-] Phorce_Phed<5><STEAM_0:1:9863507><NSF>" say "!ready"
L 01/28/2024 - 16:03:04: "[AUX-] Nutnoze<4><STEAM_0:1:9530793><NSF>" say "Add a small catwalk sticking out in front of sever"
L 01/28/2024 - 16:03:08: "[Ikko] Dommy<14><STEAM_0:1:15299509><Jinrai>" say "we are still in the interview"
L 01/28/2024 - 16:03:12: "[AUX-] Oni<6><STEAM_0:1:10174276><NSF>" say "yea no rush"
L 01/28/2024 - 16:03:14: "[AUX-] Nutnoze<4><STEAM_0:1:9530793><NSF>" say "yeah no worries"
L 01/28/2024 - 16:03:15: "[AUX-] Oni<6><STEAM_0:1:10174276><NSF>" say "take your time, we took awhile"
L 01/28/2024 - 16:03:18: "[Ikko] Dommy<14><STEAM_0:1:15299509><Jinrai>" say "talking about our emotions"
L 01/28/2024 - 16:03:44: "[AUX-] Zero<17><STEAM_0:1:31124469><NSF>" disconnected (reason "Disconnect by user.")
L 01/28/2024 - 16:03:44: "[AUX-] Zero<19><STEAM_ID_PENDING><>" connected, address "73.228.212.117:27005"
L 01/28/2024 - 16:03:44: "[AUX-] Zero<19><STEAM_0:1:31124469><>" STEAM USERID validated
L 01/28/2024 - 16:03:45: "[AUX-] Zero<19><STEAM_0:1:31124469><>" entered the game
L 01/28/2024 - 16:03:48: "[AUX-] Zero<19><STEAM_0:1:31124469><Unassigned>" joined team "NSF"
L 01/28/2024 - 16:04:23: "[AUX-] Oni<6><STEAM_0:1:10174276><NSF>" committed suicide with "world"
L 01/28/2024 - 16:04:42: "[AUX-] Zero<19><STEAM_0:1:31124469><NSF>" committed suicide with "world"
L 01/28/2024 - 16:05:02: "[AUX-] Nutnoze<4><STEAM_0:1:9530793><NSF>" killed "[AUX-] Blåberry<2><STEAM_0:1:20365268><NSF>" with "m41"
L 01/28/2024 - 16:05:22: "[Ikko] Dommy<14><STEAM_0:1:15299509><Jinrai>" killed "[AUX-] Nutnoze<4><STEAM_0:1:9530793><NSF>" with "jittescoped"
L 01/28/2024 - 16:05:27: "[Ikko] Dommy<14><STEAM_0:1:15299509><Jinrai>" say "my mosok now"
L 01/28/2024 - 16:06:40: "[Ikko] Dommy<14><STEAM_0:1:15299509><Jinrai>" committed suicide with "world"
L 01/28/2024 - 16:08:14: "[AUX-] Zero<19><STEAM_0:1:31124469><NSF>" killed "[AUX-] Nutnoze<4><STEAM_0:1:9530793><NSF>" with "jittescoped"
L 01/28/2024 - 16:08:20: "[AUX-] Blåberry<2><STEAM_0:1:20365268><NSF>" killed "[AUX-] Zero<19><STEAM_0:1:31124469><NSF>" with "zr68l"
L 01/28/2024 - 16:08:29: "[AUX-] Blåberry<2><STEAM_0:1:20365268><NSF>" committed suicide with "world"
L 01/28/2024 - 16:09:04: "[AUX-] Nutnoze<4><STEAM_0:1:9530793><NSF>" killed "[AUX-] Zero<19><STEAM_0:1:31124469><NSF>" with "zr68c"
L 01/28/2024 - 16:09:29: Team "Jinrai" triggered "ghost_capture_team"
L 01/28/2024 - 16:09:29: "[Ikko] Dommy<14><STEAM_0:1:15299509><Jinrai>" triggered "ghost_capture"
L 01/28/2024 - 16:09:35: "[AUX-] Phorce_Phed<5><STEAM_0:1:9863507><NSF>" committed suicide with "world"
L 01/28/2024 - 16:09:39: "[Ikko] Shinra (Ikki)<18><STEAM_0:0:17487274><Jinrai>" disconnected (reason "Disconnect by user.")
L 01/28/2024 - 16:11:03: "[AUX-] Zero<19><STEAM_0:1:31124469><NSF>" committed suicide with "world"
L 01/28/2024 - 16:11:03: "[Ikko] Dommy<14><STEAM_0:1:15299509><Jinrai>" triggered "kill_assist"
L 01/28/2024 - 16:11:42: "[AUX-] Nutnoze<4><STEAM_0:1:9530793><NSF>" killed "[AUX-] Phorce_Phed<5><STEAM_0:1:9863507><NSF>" with "supa7"
L 01/28/2024 - 16:11:51: "[ZWA] TCON<20><STEAM_ID_PENDING><>" connected, address "75.161.82.145:27005"
L 01/28/2024 - 16:11:51: "[ZWA] TCON<20><STEAM_0:1:18247617><>" STEAM USERID validated
L 01/28/2024 - 16:12:14: "[AUX-] Nutnoze<4><STEAM_0:1:9530793><NSF>" killed "[AUX-] Oni<6><STEAM_0:1:10174276><NSF>" with "supa7"
L 01/28/2024 - 16:12:21: "[ZWA] TCON<20><STEAM_0:1:18247617><>" entered the game
L 01/28/2024 - 16:12:25: "[ZWA] TCON<20><STEAM_0:1:18247617><Unassigned>" joined team "Spectator"
L 01/28/2024 - 16:12:28: "[ZWA] TCON<20><STEAM_0:1:18247617><Spectator>" say "!n"
L 01/28/2024 - 16:12:28: "[ZWA] TCON<20><STEAM_0:1:18247617><Spectator>" joined team "NSF"
L 01/28/2024 - 16:12:39: "[Ikko] Dommy<14><STEAM_0:1:15299509><Jinrai>" say "interview is finsihed"
L 01/28/2024 - 16:12:52: "[someikko] somerusher<9><STEAM_0:1:57157309><Spectator>" joined team "Jinrai"
L 01/28/2024 - 16:12:53: "[ZWA] TCON<20><STEAM_0:1:18247617><NSF>" changed name to "[-AUX] SUPA SUPA BON"
L 01/28/2024 - 16:12:55: "[AUX-] Oni<6><STEAM_0:1:10174276><NSF>" say "we're ready whenev"
L 01/28/2024 - 16:13:05: "[AUX-] Zero<19><STEAM_0:1:31124469><NSF>" disconnected (reason "Kicked by administrator")
L 01/28/2024 - 16:13:06: "[AUX-] Blåberry<2><STEAM_0:1:20365268><NSF>" committed suicide with "world"
L 01/28/2024 - 16:13:10: "[AUX-] Nutnoze<4><STEAM_0:1:9530793><NSF>" say "!ready"
L 01/28/2024 - 16:13:11: "[ikko] The_Legoracer<11><STEAM_0:1:38534131><Jinrai>" say "!ready"
L 01/28/2024 - 16:13:12: "[AUX-] Oni<6><STEAM_0:1:10174276><NSF>" say "!ready"
L 01/28/2024 - 16:13:12: "[CAST] Puddy<15><STEAM_0:1:19453780><Unassigned>" joined team "Jinrai"
L 01/28/2024 - 16:13:13: "[AUX-] Blåberry<2><STEAM_0:1:20365268><NSF>" say "!ready"
L 01/28/2024 - 16:13:14: "[-AUX] SUPA SUPA BON<20><STEAM_0:1:18247617><NSF>" say "!ready"
L 01/28/2024 - 16:13:38: "[Ikko] Dommy<14><STEAM_0:1:15299509><Jinrai>" say "i wonder how hard we will choke this :D"
L 01/28/2024 - 16:13:43: "[AUX-] Blåberry<2><STEAM_0:1:20365268><NSF>" say "!readylist"
L 01/28/2024 - 16:13:44: "[AUX-] Oni<6><STEAM_0:1:10174276><NSF>" say "lol it's all for fun at this point"
L 01/28/2024 - 16:13:51: "[AUX-] Blåberry<2><STEAM_0:1:20365268><NSF>" say "[NOT READY][someikko] somerusher"
L 01/28/2024 - 16:13:57: "[AUX-] Nutnoze<4><STEAM_0:1:9530793><NSF>" say "!readylist"
L 01/28/2024 - 16:14:02: "[IkkoIkki] just MISO<21><STEAM_ID_PENDING><>" connected, address "95.53.144.67:27005"
L 01/28/2024 - 16:14:02: "[IkkoIkki] just MISO<21><STEAM_0:1:23585170><>" STEAM USERID validated
L 01/28/2024 - 16:14:18: "[CAST] Puddy<15><STEAM_0:1:19453780><Jinrai>" disconnected (reason "Disconnect by user.")
L 01/28/2024 - 16:14:21: "[CAST] Puddy<22><STEAM_ID_PENDING><>" connected, address "188.192.131.75:27005"
L 01/28/2024 - 16:14:21: "[CAST] Puddy<22><STEAM_0:1:19453780><>" STEAM USERID validated
L 01/28/2024 - 16:14:23: "[CAST] Puddy<22><STEAM_0:1:19453780><>" entered the game
L 01/28/2024 - 16:14:25: "[CAST] Puddy<22><STEAM_0:1:19453780><Unassigned>" joined team "Spectator"
L 01/28/2024 - 16:14:41: "[IkkoIkki] just MISO<21><STEAM_0:1:23585170><>" entered the game
L 01/28/2024 - 16:14:44: "[IkkoIkki] just MISO<21><STEAM_0:1:23585170><Unassigned>" joined team "Jinrai"
L 01/28/2024 - 16:15:17: "[Ikko] The Undead Corpse<23><STEAM_ID_PENDING><>" connected, address "81.129.171.129:27005"
L 01/28/2024 - 16:15:17: "[Ikko] The Undead Corpse<23><STEAM_0:1:32621880><>" STEAM USERID validated
L 01/28/2024 - 16:15:22: "[Ikko] The Undead Corpse<23><STEAM_0:1:32621880><>" entered the game
L 01/28/2024 - 16:15:26: "[Ikko] The Undead Corpse<23><STEAM_0:1:32621880><Unassigned>" joined team "Spectator"
L 01/28/2024 - 16:15:30: "[Ikko] The Undead Corpse<23><STEAM_0:1:32621880><Spectator>" joined team "Jinrai"
L 01/28/2024 - 16:15:38: "[Ikko] The Undead Corpse<23><STEAM_0:1:32621880><Jinrai>" say "hi hi"
L 01/28/2024 - 16:15:40: "[Ikko] The Undead Corpse<23><STEAM_0:1:32621880><Jinrai>" say "!readylist"
L 01/28/2024 - 16:15:47: "[Ikko] The Undead Corpse<23><STEAM_0:1:32621880><Jinrai>" say "!ready"
L 01/28/2024 - 16:16:02: "[Ikko] Dommy<14><STEAM_0:1:15299509><Jinrai>" say "!ready"
L 01/28/2024 - 16:16:28: "[AUX-] Nutnoze<4><STEAM_0:1:9530793><NSF>" say "!readylist"
L 01/28/2024 - 16:16:37: "[AUX-] Nutnoze<4><STEAM_0:1:9530793><NSF>" say "Just waiting on rusher and miso"
L 01/28/2024 - 16:16:41: "[IkkoIkki] just MISO<21><STEAM_0:1:23585170><Jinrai>" say "!ready"
L 01/28/2024 - 16:17:12: "[someikko] somerusher<9><STEAM_0:1:57157309><Jinrai>" say "!ready"
L 01/28/2024 - 16:17:23: "[AUX-] Oni<6><STEAM_0:1:10174276><NSF>" disconnected (reason "Disconnect by user.")
L 01/28/2024 - 16:17:23: "[AUX-] Oni<24><STEAM_ID_PENDING><>" connected, address "71.195.46.232:27005"
L 01/28/2024 - 16:17:23: "[AUX-] Oni<24><STEAM_0:1:10174276><>" STEAM USERID validated
L 01/28/2024 - 16:17:25: "[AUX-] Oni<24><STEAM_0:1:10174276><>" entered the game
L 01/28/2024 - 16:17:27: "[AUX-] Oni<24><STEAM_0:1:10174276><Unassigned>" joined team "NSF"
L 01/28/2024 - 16:17:30: "[ikko] The_Legoracer<11><STEAM_0:1:38534131><Jinrai>" say "gl hf ^^"
L 01/28/2024 - 16:17:35: "[IkkoIkki] just MISO<21><STEAM_0:1:23585170><Jinrai>" say "gl guys ^^"
L 01/28/2024 - 16:17:53: "[AUX-] Oni<24><STEAM_0:1:10174276><NSF>" killed "[someikko] somerusher<9><STEAM_0:1:57157309><Jinrai>" with "zr68s"
L 01/28/2024 - 16:17:53: "[AUX-] Nutnoze<4><STEAM_0:1:9530793><NSF>" triggered "kill_assist"
L 01/28/2024 - 16:18:23: "[ikko] The_Legoracer<11><STEAM_0:1:38534131><Jinrai>" killed "[-AUX] SUPA SUPA BON<20><STEAM_0:1:18247617><NSF>" with "zr68s"
L 01/28/2024 - 16:18:23: "[Ikko] Dommy<14><STEAM_0:1:15299509><Jinrai>" triggered "kill_assist"
L 01/28/2024 - 16:18:25: "[AUX-] Blåberry<2><STEAM_0:1:20365268><NSF>" killed "[ikko] The_Legoracer<11><STEAM_0:1:38534131><Jinrai>" with "srm"
L 01/28/2024 - 16:18:25: "[AUX-] Oni<24><STEAM_0:1:10174276><NSF>" triggered "kill_assist"
L 01/28/2024 - 16:18:25: "[AUX-] Phorce_Phed<5><STEAM_0:1:9863507><NSF>" killed "[Ikko] Dommy<14><STEAM_0:1:15299509><Jinrai>" with "zr68s"
L 01/28/2024 - 16:18:38: "[IkkoIkki] just MISO<21><STEAM_0:1:23585170><Jinrai>" killed "[AUX-] Phorce_Phed<5><STEAM_0:1:9863507><NSF>" with "srm"
L 01/28/2024 - 16:18:41: "[AUX-] Oni<24><STEAM_0:1:10174276><NSF>" killed "[Ikko] The Undead Corpse<23><STEAM_0:1:32621880><Jinrai>" with "zr68s"
L 01/28/2024 - 16:18:41: "[AUX-] Nutnoze<4><STEAM_0:1:9530793><NSF>" triggered "kill_assist"
L 01/28/2024 - 16:18:46: "[IkkoIkki] just MISO<21><STEAM_0:1:23585170><Jinrai>" killed "[AUX-] Blåberry<2><STEAM_0:1:20365268><NSF>" with "srm"
L 01/28/2024 - 16:18:49: "[-AUX] SUPA SUPA BON<20><STEAM_0:1:18247617><NSF>" changed name to "[AUX-] SUPA SUPA BOON"
L 01/28/2024 - 16:18:57: "[AUX-] Oni<24><STEAM_0:1:10174276><NSF>" killed "[IkkoIkki] just MISO<21><STEAM_0:1:23585170><Jinrai>" with "zr68s"
L 01/28/2024 - 16:19:41: "[AUX-] Blåberry<2><STEAM_0:1:20365268><NSF>" killed "[IkkoIkki] just MISO<21><STEAM_0:1:23585170><Jinrai>" with "srm"
L 01/28/2024 - 16:19:46: "[AUX-] Phorce_Phed<5><STEAM_0:1:9863507><NSF>" killed "[Ikko] Dommy<14><STEAM_0:1:15299509><Jinrai>" with "zr68s"
L 01/28/2024 - 16:19:52: "[AUX-] Blåberry<2><STEAM_0:1:20365268><NSF>" killed "[ikko] The_Legoracer<11><STEAM_0:1:38534131><Jinrai>" with "srm"
L 01/28/2024 - 16:19:54: "[Ikko] The Undead Corpse<23><STEAM_0:1:32621880><Jinrai>" killed "[AUX-] Blåberry<2><STEAM_0:1:20365268><NSF>" with "jitte"
L 01/28/2024 - 16:20:10: "[AUX-] Oni<24><STEAM_0:1:10174276><NSF>" killed "[someikko] somerusher<9><STEAM_0:1:57157309><Jinrai>" with "srm"
L 01/28/2024 - 16:20:13: "[AUX-] Phorce_Phed<5><STEAM_0:1:9863507><NSF>" killed "[Ikko] The Undead Corpse<23><STEAM_0:1:32621880><Jinrai>" with "zr68s"
L 01/28/2024 - 16:20:42: "[AUX-] Nutnoze<4><STEAM_0:1:9530793><NSF>" say "we shoulda picked grid smh"
L 01/28/2024 - 16:20:47: "[IkkoIkki] just MISO<21><STEAM_0:1:23585170><Jinrai>" say ":D"
L 01/28/2024 - 16:20:58: "[AUX-] Blåberry<2><STEAM_0:1:20365268><NSF>" killed "[Ikko] The Undead Corpse<23><STEAM_0:1:32621880><Jinrai>" with "mx"
L 01/28/2024 - 16:20:58: "[ikko] The_Legoracer<11><STEAM_0:1:38534131><Jinrai>" killed "[AUX-] Blåberry<2><STEAM_0:1:20365268><NSF>" with "zr68s"
L 01/28/2024 - 16:20:58: "[Ikko] The Undead Corpse<23><STEAM_0:1:32621880><Jinrai>" triggered "kill_assist"
L 01/28/2024 - 16:21:00: "[AUX-] Oni<24><STEAM_0:1:10174276><NSF>" killed "[someikko] somerusher<9><STEAM_0:1:57157309><Jinrai>" with "srm"
L 01/28/2024 - 16:21:03: "[AUX-] Nutnoze<4><STEAM_0:1:9530793><NSF>" killed "[ikko] The_Legoracer<11><STEAM_0:1:38534131><Jinrai>" with "srm"
L 01/28/2024 - 16:21:03: "[AUX-] Oni<24><STEAM_0:1:10174276><NSF>" triggered "kill_assist"
L 01/28/2024 - 16:21:27: "[Ikko] Dommy<14><STEAM_0:1:15299509><Jinrai>" killed "[AUX-] Nutnoze<4><STEAM_0:1:9530793><NSF>" with "srm"
L 01/28/2024 - 16:21:27: "[IkkoIkki] just MISO<21><STEAM_0:1:23585170><Jinrai>" triggered "kill_assist"
L 01/28/2024 - 16:21:52: "[AUX-] Phorce_Phed<5><STEAM_0:1:9863507><NSF>" killed "[Ikko] Dommy<14><STEAM_0:1:15299509><Jinrai>" with "zr68s"
L 01/28/2024 - 16:22:02: "[IkkoIkki] just MISO<21><STEAM_0:1:23585170><Jinrai>" killed "[AUX-] Oni<24><STEAM_0:1:10174276><NSF>" with "srm"
L 01/28/2024 - 16:22:02: "[ikko] The_Legoracer<11><STEAM_0:1:38534131><Jinrai>" triggered "kill_assist"
L 01/28/2024 - 16:22:20: "[AUX-] SUPA SUPA BOON<20><STEAM_0:1:18247617><NSF>" killed "[IkkoIkki] just MISO<21><STEAM_0:1:23585170><Jinrai>" with "zr68s"
L 01/28/2024 - 16:22:20: "[AUX-] Nutnoze<4><STEAM_0:1:9530793><NSF>" triggered "kill_assist"
L 01/28/2024 - 16:23:01: "[AUX-] Oni<24><STEAM_0:1:10174276><NSF>" killed "[someikko] somerusher<9><STEAM_0:1:57157309><Jinrai>" with "srm"
L 01/28/2024 - 16:23:22: Team "Jinrai" triggered "ghost_capture_team"
L 01/28/2024 - 16:23:22: "[ikko] The_Legoracer<11><STEAM_0:1:38534131><Jinrai>" triggered "ghost_capture"
L 01/28/2024 - 16:23:25: "[Ikko] Dommy<14><STEAM_0:1:15299509><Jinrai>" killed "[AUX-] Nutnoze<4><STEAM_0:1:9530793><NSF>" with "srm"
L 01/28/2024 - 16:23:31: "[ikko] The_Legoracer<11><STEAM_0:1:38534131><Jinrai>" killed "[AUX-] Blåberry<2><STEAM_0:1:20365268><NSF>" with "zr68s"
L 01/28/2024 - 16:23:31: "[IkkoIkki] just MISO<21><STEAM_0:1:23585170><Jinrai>" triggered "kill_assist"
L 01/28/2024 - 16:23:32: "[Ikko] Dommy<14><STEAM_0:1:15299509><Jinrai>" killed "[AUX-] Oni<24><STEAM_0:1:10174276><NSF>" with "srm"
L 01/28/2024 - 16:24:16: "[ikko] The_Legoracer<11><STEAM_0:1:38534131><Jinrai>" killed "[AUX-] Blåberry<2><STEAM_0:1:20365268><NSF>" with "zr68s"
L 01/28/2024 - 16:24:17: "[AUX-] Nutnoze<4><STEAM_0:1:9530793><NSF>" killed "[Ikko] Dommy<14><STEAM_0:1:15299509><Jinrai>" with "zr68s"
L 01/28/2024 - 16:24:18: "[AUX-] Oni<24><STEAM_0:1:10174276><NSF>" killed "[someikko] somerusher<9><STEAM_0:1:57157309><Jinrai>" with "mx"
L 01/28/2024 - 16:24:32: "[IkkoIkki] just MISO<21><STEAM_0:1:23585170><Jinrai>" killed "[AUX-] Oni<24><STEAM_0:1:10174276><NSF>" with "zr68c"
L 01/28/2024 - 16:24:53: "[IkkoIkki] just MISO<21><STEAM_0:1:23585170><Jinrai>" killed "[AUX-] Nutnoze<4><STEAM_0:1:9530793><NSF>" with "zr68c"
L 01/28/2024 - 16:25:04: Team "Jinrai" triggered "ghost_capture_team"
L 01/28/2024 - 16:25:04: "[Ikko] The Undead Corpse<23><STEAM_0:1:32621880><Jinrai>" triggered "ghost_capture"
L 01/28/2024 - 16:25:52: "[ikko] The_Legoracer<11><STEAM_0:1:38534131><Jinrai>" killed "[AUX-] Blåberry<2><STEAM_0:1:20365268><NSF>" with "mx"
L 01/28/2024 - 16:25:56: "[AUX-] SUPA SUPA BOON<20><STEAM_0:1:18247617><NSF>" killed "[Ikko] The Undead Corpse<23><STEAM_0:1:32621880><Jinrai>" with "mx"
L 01/28/2024 - 16:25:59: "[Ikko] Dommy<14><STEAM_0:1:15299509><Jinrai>" killed "[AUX-] SUPA SUPA BOON<20><STEAM_0:1:18247617><NSF>" with "jittescoped"
L 01/28/2024 - 16:26:02: "[AUX-] Nutnoze<4><STEAM_0:1:9530793><NSF>" killed "[Ikko] Dommy<14><STEAM_0:1:15299509><Jinrai>" with "mx"
L 01/28/2024 - 16:26:02: "[IkkoIkki] just MISO<21><STEAM_0:1:23585170><Jinrai>" killed "[AUX-] Phorce_Phed<5><STEAM_0:1:9863507><NSF>" with "m41s"
L 01/28/2024 - 16:26:09: "[someikko] somerusher<9><STEAM_0:1:57157309><Jinrai>" killed "[AUX-] Nutnoze<4><STEAM_0:1:9530793><NSF>" with "zr68s"
L 01/28/2024 - 16:26:30: "[IkkoIkki] just MISO<21><STEAM_0:1:23585170><Jinrai>" killed "[AUX-] Oni<24><STEAM_0:1:10174276><NSF>" with "m41s"
L 01/28/2024 - 16:26:42: "[IkkoIkki] just MISO<21><STEAM_0:1:23585170><Jinrai>" say "mosok gaming"
L 01/28/2024 - 16:26:53: "[AUX-] Nutnoze<4><STEAM_0:1:9530793><NSF>" say "M O S O K G A M I N G"
L 01/28/2024 - 16:27:13: "[AUX-] Oni<24><STEAM_0:1:10174276><NSF>" killed "[IkkoIkki] just MISO<21><STEAM_0:1:23585170><Jinrai>" with "mx"
L 01/28/2024 - 16:27:17: "[AUX-] Blåberry<2><STEAM_0:1:20365268><NSF>" killed "[Ikko] The Undead Corpse<23><STEAM_0:1:32621880><Jinrai>" with "srm"
L 01/28/2024 - 16:27:19: "[Ikko] Dommy<14><STEAM_0:1:15299509><Jinrai>" killed "[AUX-] SUPA SUPA BOON<20><STEAM_0:1:18247617><NSF>" with "jittescoped"
L 01/28/2024 - 16:27:24: "[Ikko] Dommy<14><STEAM_0:1:15299509><Jinrai>" killed "[AUX-] Phorce_Phed<5><STEAM_0:1:9863507><NSF>" with "milso"
L 01/28/2024 - 16:27:30: "[someikko] somerusher<9><STEAM_0:1:57157309><Jinrai>" killed "[AUX-] Nutnoze<4><STEAM_0:1:9530793><NSF>" with "zr68s"
L 01/28/2024 - 16:27:41: "[AUX-] Oni<24><STEAM_0:1:10174276><NSF>" killed "[Ikko] Dommy<14><STEAM_0:1:15299509><Jinrai>" with "mx"
L 01/28/2024 - 16:28:29: "[ikko] The_Legoracer<11><STEAM_0:1:38534131><Jinrai>" killed "[AUX-] Blåberry<2><STEAM_0:1:20365268><NSF>" with "mx"
L 01/28/2024 - 16:28:29: "[Ikko] The Undead Corpse<23><STEAM_0:1:32621880><Jinrai>" triggered "kill_assist"
L 01/28/2024 - 16:29:00: "[AUX-] Oni<24><STEAM_0:1:10174276><NSF>" killed "[someikko] somerusher<9><STEAM_0:1:57157309><Jinrai>" with "mx"
L 01/28/2024 - 16:29:09: "[AUX-] Oni<24><STEAM_0:1:10174276><NSF>" killed "[ikko] The_Legoracer<11><STEAM_0:1:38534131><Jinrai>" with "mx"
L 01/28/2024 - 16:29:56: "[ikko] The_Legoracer<11><STEAM_0:1:38534131><Jinrai>" killed "[AUX-] SUPA SUPA BOON<20><STEAM_0:1:18247617><NSF>" with "mx"
L 01/28/2024 - 16:30:02: "[IkkoIkki] just MISO<21><STEAM_0:1:23585170><Jinrai>" killed "[AUX-] Nutnoze<4><STEAM_0:1:9530793><NSF>" with "m41s"
L 01/28/2024 - 16:30:03: "[AUX-] Oni<24><STEAM_0:1:10174276><NSF>" killed "[ikko] The_Legoracer<11><STEAM_0:1:38534131><Jinrai>" with "supa7"
L 01/28/2024 - 16:30:03: "[Ikko] The Undead Corpse<23><STEAM_0:1:32621880><Jinrai>" killed "[AUX-] Phorce_Phed<5><STEAM_0:1:9863507><NSF>" with "zr68c"
L 01/28/2024 - 16:30:15: "[IkkoIkki] just MISO<21><STEAM_0:1:23585170><Jinrai>" killed "[AUX-] Oni<24><STEAM_0:1:10174276><NSF>" with "m41s"
L 01/28/2024 - 16:30:28: "[AUX-] Blåberry<2><STEAM_0:1:20365268><NSF>" killed "[Ikko] Dommy<14><STEAM_0:1:15299509><Jinrai>" with "grenade_detapack"
L 01/28/2024 - 16:30:40: "[AUX-] Blåberry<2><STEAM_0:1:20365268><NSF>" killed "[IkkoIkki] just MISO<21><STEAM_0:1:23585170><Jinrai>" with "mx"
L 01/28/2024 - 16:30:49: "[Ikko] The Undead Corpse<23><STEAM_0:1:32621880><Jinrai>" killed "[AUX-] Blåberry<2><STEAM_0:1:20365268><NSF>" with "mx"
L 01/28/2024 - 16:31:02: "[Ikko] Dommy<14><STEAM_0:1:15299509><Jinrai>" say "cheeky play bloberry XD"
L 01/28/2024 - 16:31:10: "[Ikko] Dommy<14><STEAM_0:1:15299509><Jinrai>" say "nicely done"
L 01/28/2024 - 16:31:12: "[AUX-] Blåberry<2><STEAM_0:1:20365268><NSF>" say "tyty"
L 01/28/2024 - 16:31:16: "[Ikko] Dommy<14><STEAM_0:1:15299509><Jinrai>" say "thought ghost was clear"
L 01/28/2024 - 16:31:22: "[Ikko] The Undead Corpse<23><STEAM_0:1:32621880><Jinrai>" say "detpack of doom"
L 01/28/2024 - 16:31:40: "[someikko] somerusher<9><STEAM_0:1:57157309><Jinrai>" killed "[AUX-] Phorce_Phed<5><STEAM_0:1:9863507><NSF>" with "zr68s"
L 01/28/2024 - 16:31:49: "[AUX-] Blåberry<2><STEAM_0:1:20365268><NSF>" killed "[Ikko] Dommy<14><STEAM_0:1:15299509><Jinrai>" with "srm"
L 01/28/2024 - 16:31:51: "[IkkoIkki] just MISO<21><STEAM_0:1:23585170><Jinrai>" killed "[AUX-] SUPA SUPA BOON<20><STEAM_0:1:18247617><NSF>" with "m41s"
L 01/28/2024 - 16:31:55: "[AUX-] Blåberry<2><STEAM_0:1:20365268><NSF>" killed "[someikko] somerusher<9><STEAM_0:1:57157309><Jinrai>" with "srm"
L 01/28/2024 - 16:31:55: "[AUX-] Phorce_Phed<5><STEAM_0:1:9863507><NSF>" triggered "kill_assist"
L 01/28/2024 - 16:32:01: "[AUX-] Nutnoze<4><STEAM_0:1:9530793><NSF>" killed "[IkkoIkki] just MISO<21><STEAM_0:1:23585170><Jinrai>" with "mx"
L 01/28/2024 - 16:32:03: "[ikko] The_Legoracer<11><STEAM_0:1:38534131><Jinrai>" killed "[AUX-] Oni<24><STEAM_0:1:10174276><NSF>" with "mx"
L 01/28/2024 - 16:32:04: "[ikko] The_Legoracer<11><STEAM_0:1:38534131><Jinrai>" killed "[AUX-] Blåberry<2><STEAM_0:1:20365268><NSF>" with "mx"
L 01/28/2024 - 16:32:14: "[IkkoIkki] just MISO<21><STEAM_0:1:23585170><Jinrai>" say "wtf was wrong with me? "
L 01/28/2024 - 16:32:23: "[AUX-] SUPA SUPA BOON<20><STEAM_0:1:18247617><NSF>" say "just playing NT"
L 01/28/2024 - 16:32:24: "[Ikko] Dommy<14><STEAM_0:1:15299509><Jinrai>" say "nothing"
L 01/28/2024 - 16:32:26: "[IkkoIkki] just MISO<21><STEAM_0:1:23585170><Jinrai>" say "instead of shooting at nut i was shooting at the wall "
L 01/28/2024 - 16:32:31: "[Ikko] Dommy<14><STEAM_0:1:15299509><Jinrai>" say "you are good the way you are"
L 01/28/2024 - 16:32:38: "[IkkoIkki] just MISO<21><STEAM_0:1:23585170><Jinrai>" say "feel soupid >_< "
L 01/28/2024 - 16:32:43: "[Ikko] Dommy<14><STEAM_0:1:15299509><Jinrai>" say "that must have been a really mean wall"
L 01/28/2024 - 16:32:44: "[AUX-] Nutnoze<4><STEAM_0:1:9530793><NSF>" killed "[ikko] The_Legoracer<11><STEAM_0:1:38534131><Jinrai>" with "mx"
L 01/28/2024 - 16:32:44: "[AUX-] Blåberry<2><STEAM_0:1:20365268><NSF>" triggered "kill_assist"
L 01/28/2024 - 16:32:45: "[AUX-] SUPA SUPA BOON<20><STEAM_0:1:18247617><NSF>" say "it's just what happens after playing enough hours of NeoTokyo"
L 01/28/2024 - 16:32:57: "[IkkoIkki] just MISO<21><STEAM_0:1:23585170><Jinrai>" say "brain go brrrrr"
L 01/28/2024 - 16:33:00: "[CAST] Puddy<22><STEAM_0:1:19453780><Spectator>" say "I am so in need of coughing but I can't mute"
L 01/28/2024 - 16:33:01: "[CAST] Puddy<22><STEAM_0:1:19453780><Spectator>" say "suffering"
L 01/28/2024 - 16:33:01: "[AUX-] Oni<24><STEAM_0:1:10174276><NSF>" say "brain?"
L 01/28/2024 - 16:33:05: "[AUX-] Oni<24><STEAM_0:1:10174276><NSF>" say "what is brain?"
L 01/28/2024 - 16:33:09: "[Ikko] The Undead Corpse<23><STEAM_0:1:32621880><Jinrai>" killed "[AUX-] Nutnoze<4><STEAM_0:1:9530793><NSF>" with "mx"
L 01/28/2024 - 16:33:09: "[CAST] Puddy<22><STEAM_0:1:19453780><Spectator>" say "I'm about to die"
L 01/28/2024 - 16:33:10: "[AUX-] SUPA SUPA BOON<20><STEAM_0:1:18247617><NSF>" say "pack a zyn"
L 01/28/2024 - 16:33:15: "[AUX-] Nutnoze<4><STEAM_0:1:9530793><NSF>" say "lol traded place"
L 01/28/2024 - 16:33:16: "[Ikko] Dommy<14><STEAM_0:1:15299509><Jinrai>" say "pls dont die"
L 01/28/2024 - 16:33:19: "[AUX-] Blåberry<2><STEAM_0:1:20365268><NSF>" say "my brain mostly makes the sound of grinding squirrels"
L 01/28/2024 - 16:33:22: "[Ikko] The Undead Corpse<23><STEAM_0:1:32621880><Jinrai>" say "rip puddy"
L 01/28/2024 - 16:33:32: "[AUX-] SUPA SUPA BOON<20><STEAM_0:1:18247617><NSF>" say "godspeed puddy"
L 01/28/2024 - 16:33:37: "[Ikko] The Undead Corpse<23><STEAM_0:1:32621880><Jinrai>" say "get well soon"
L 01/28/2024 - 16:33:49: "[AUX-] Oni<24><STEAM_0:1:10174276><NSF>" killed "[IkkoIkki] just MISO<21><STEAM_0:1:23585170><Jinrai>" with "supa7"
L 01/28/2024 - 16:33:49: "[AUX-] Nutnoze<4><STEAM_0:1:9530793><NSF>" triggered "kill_assist"
L 01/28/2024 - 16:33:52: "[someikko] somerusher<9><STEAM_0:1:57157309><Jinrai>" killed "[AUX-] Phorce_Phed<5><STEAM_0:1:9863507><NSF>" with "mx"
L 01/28/2024 - 16:34:07: "[Ikko] Dommy<14><STEAM_0:1:15299509><Jinrai>" killed "[AUX-] Oni<24><STEAM_0:1:10174276><NSF>" with "jittescoped"
L 01/28/2024 - 16:34:55: "[AUX-] SUPA SUPA BOON<20><STEAM_0:1:18247617><NSF>" killed "[Ikko] The Undead Corpse<23><STEAM_0:1:32621880><Jinrai>" with "m41"
L 01/28/2024 - 16:34:56: "[AUX-] Nutnoze<4><STEAM_0:1:9530793><NSF>" killed "[ikko] The_Legoracer<11><STEAM_0:1:38534131><Jinrai>" with "mx"
L 01/28/2024 - 16:34:58: "[someikko] somerusher<9><STEAM_0:1:57157309><Jinrai>" killed "[AUX-] SUPA SUPA BOON<20><STEAM_0:1:18247617><NSF>" with "mx"
L 01/28/2024 - 16:35:03: "[AUX-] Blåberry<2><STEAM_0:1:20365268><NSF>" killed "[Ikko] Dommy<14><STEAM_0:1:15299509><Jinrai>" with "zr68c"
L 01/28/2024 - 16:35:12: "[AUX-] Nutnoze<4><STEAM_0:1:9530793><NSF>" killed "[someikko] somerusher<9><STEAM_0:1:57157309><Jinrai>" with "grenade_projectile"
L 01/28/2024 - 16:35:55: "[someikko] somerusher<9><STEAM_0:1:57157309><Jinrai>" killed "[AUX-] Blåberry<2><STEAM_0:1:20365268><NSF>" with "mx"
L 01/28/2024 - 16:36:00: "[AUX-] Nutnoze<4><STEAM_0:1:9530793><NSF>" killed "[Ikko] The Undead Corpse<23><STEAM_0:1:32621880><Jinrai>" with "mx"
L 01/28/2024 - 16:36:12: "[AUX-] Oni<24><STEAM_0:1:10174276><NSF>" killed "[Ikko] Dommy<14><STEAM_0:1:15299509><Jinrai>" with "zr68c"
L 01/28/2024 - 16:36:17: "[ikko] The_Legoracer<11><STEAM_0:1:38534131><Jinrai>" killed "[AUX-] SUPA SUPA BOON<20><STEAM_0:1:18247617><NSF>" with "mx"
L 01/28/2024 - 16:36:19: "[AUX-] Phorce_Phed<5><STEAM_0:1:9863507><NSF>" killed "[ikko] The_Legoracer<11><STEAM_0:1:38534131><Jinrai>" with "mx"
L 01/28/2024 - 16:36:21: "[AUX-] Phorce_Phed<5><STEAM_0:1:9863507><NSF>" killed "[someikko] somerusher<9><STEAM_0:1:57157309><Jinrai>" with "mx"
L 01/28/2024 - 16:36:31: "[AUX-] Nutnoze<4><STEAM_0:1:9530793><NSF>" killed "[IkkoIkki] just MISO<21><STEAM_0:1:23585170><Jinrai>" with "mx"
L 01/28/2024 - 16:36:49: "[Ikko] The Undead Corpse<23><STEAM_0:1:32621880><Jinrai>" say "got me good nutnoze , my legs were not okay"
L 01/28/2024 - 16:36:56: "[AUX-] Nutnoze<4><STEAM_0:1:9530793><NSF>" say "lol"
L 01/28/2024 - 16:37:13: "[AUX-] Blåberry<2><STEAM_0:1:20365268><NSF>" killed "[Ikko] The Undead Corpse<23><STEAM_0:1:32621880><Jinrai>" with "aa13"
L 01/28/2024 - 16:37:16: "[AUX-] Blåberry<2><STEAM_0:1:20365268><NSF>" killed "[Ikko] Dommy<14><STEAM_0:1:15299509><Jinrai>" with "aa13"
L 01/28/2024 - 16:37:20: "[IkkoIkki] just MISO<21><STEAM_0:1:23585170><Jinrai>" killed "[AUX-] Nutnoze<4><STEAM_0:1:9530793><NSF>" with "m41s"
L 01/28/2024 - 16:37:20: "[AUX-] Oni<24><STEAM_0:1:10174276><NSF>" killed "[ikko] The_Legoracer<11><STEAM_0:1:38534131><Jinrai>" with "grenade_projectile"
L 01/28/2024 - 16:37:25: "[AUX-] Blåberry<2><STEAM_0:1:20365268><NSF>" killed "[IkkoIkki] just MISO<21><STEAM_0:1:23585170><Jinrai>" with "aa13"
L 01/28/2024 - 16:37:49: "[someikko] somerusher<9><STEAM_0:1:57157309><Jinrai>" killed "[AUX-] Blåberry<2><STEAM_0:1:20365268><NSF>" with "mx"
L 01/28/2024 - 16:37:49: "[AUX-] Phorce_Phed<5><STEAM_0:1:9863507><NSF>" killed "[someikko] somerusher<9><STEAM_0:1:57157309><Jinrai>" with "mx"
L 01/28/2024 - 16:38:04: "[AUX-] Oni<24><STEAM_0:1:10174276><NSF>" killed "[AUX-] SUPA SUPA BOON<20><STEAM_0:1:18247617><NSF>" wit