L 01/14/2024 - 20:02:54: Log file started (file "logs\L0114062.log") (game "z:\home\steam\steam\steamapps\common\nt\NeotokyoSource") (version "4044")
L 01/14/2024 - 20:02:54: server_cvar: "sv_pausable" "0"
L 01/14/2024 - 20:02:54: server_cvar: "sv_contact" "baux.site"
L 01/14/2024 - 20:02:54: server_cvar: "sv_gravity" "800"
L 01/14/2024 - 20:02:54: server_cvar: "mp_friendlyfire" "1"
L 01/14/2024 - 20:02:57: "[Casterazu] kinoko<7><STEAM_0:0:83067719><>" entered the game
L 01/14/2024 - 20:02:57: "Shinra (Ikko)<13><STEAM_0:0:17487274><>" entered the game
L 01/14/2024 - 20:02:57: "[Ikko] Dommy<6><STEAM_0:1:15299509><>" entered the game
L 01/14/2024 - 20:02:58: "[Casterhr] Syz<10><STEAM_0:0:82019396><>" entered the game
L 01/14/2024 - 20:02:59: "Shinra (Ikko)<13><STEAM_0:0:17487274><Unassigned>" joined team "Jinrai"
L 01/14/2024 - 20:03:03: "Shinra (Ikko)<13><STEAM_0:0:17487274><Jinrai>" joined team "Unassigned"
L 01/14/2024 - 20:03:04: "The_Lutefisk<11><STEAM_0:1:38534131><>" entered the game
L 01/14/2024 - 20:03:04: "3LOW<12><STEAM_0:0:67890711><>" entered the game
L 01/14/2024 - 20:03:04: "Shinra (Ikko)<13><STEAM_0:0:17487274><Unassigned>" joined team "NSF"
L 01/14/2024 - 20:03:05: "[Ikko] MISO<9><STEAM_0:1:23585170><>" entered the game
L 01/14/2024 - 20:03:08: "[Ikko] MISO<9><STEAM_0:1:23585170><Unassigned>" joined team "NSF"
L 01/14/2024 - 20:03:09: "3LOW<12><STEAM_0:0:67890711><Unassigned>" joined team "NSF"
L 01/14/2024 - 20:03:10: "The_Lutefisk<11><STEAM_0:1:38534131><Unassigned>" joined team "NSF"
L 01/14/2024 - 20:03:16: "[Ikko] Dommy<6><STEAM_0:1:15299509><Unassigned>" joined team "Jinrai"
L 01/14/2024 - 20:03:20: "[Casterazu] kinoko<7><STEAM_0:0:83067719><Unassigned>" joined team "Spectator"
L 01/14/2024 - 20:03:45: "[DYS] bauxite<15><STEAM_ID_PENDING><>" connected, address "86.13.114.58:27005"
L 01/14/2024 - 20:03:45: "[DYS] bauxite<15><STEAM_0:0:5757747><>" STEAM USERID validated
L 01/14/2024 - 20:03:47: "[DYS] bauxite<15><STEAM_0:0:5757747><>" entered the game
L 01/14/2024 - 20:04:07: "[DYS] bauxite<15><STEAM_0:0:5757747><Unassigned>" joined team "Spectator"
L 01/14/2024 - 20:04:16: "[TagsR4Nerds] Average<16><STEAM_ID_PENDING><>" connected, address "88.101.41.79:27005"
L 01/14/2024 - 20:04:16: "[TagsR4Nerds] Average<16><STEAM_0:1:57251237><>" STEAM USERID validated
L 01/14/2024 - 20:04:25: "[TagsR4Nerds] Average<16><STEAM_0:1:57251237><>" entered the game
L 01/14/2024 - 20:04:31: "[TagsR4Nerds] Average<16><STEAM_0:1:57251237><Unassigned>" joined team "Spectator"
L 01/14/2024 - 20:04:42: "[=] wakfu<17><STEAM_ID_PENDING><>" connected, address "86.127.231.253:27005"
L 01/14/2024 - 20:04:42: "[=] wakfu<17><STEAM_0:0:62638797><>" STEAM USERID validated
L 01/14/2024 - 20:04:44: "[Ikko] Dommy<6><STEAM_0:1:15299509><Jinrai>" committed suicide with "player"
L 01/14/2024 - 20:04:50: "[Ikko] MISO<9><STEAM_0:1:23585170><NSF>" committed suicide with "player"
L 01/14/2024 - 20:05:00: "[Ikko] Dommy<6><STEAM_0:1:15299509><Jinrai>" joined team "Unassigned"
L 01/14/2024 - 20:05:01: "[Ikko] Dommy<6><STEAM_0:1:15299509><Unassigned>" joined team "NSF"
L 01/14/2024 - 20:05:31: "[=] wakfu<17><STEAM_0:0:62638797><>" entered the game
L 01/14/2024 - 20:05:35: "[=] wakfu<17><STEAM_0:0:62638797><Unassigned>" joined team "Spectator"
L 01/14/2024 - 20:05:36: "TakaVerosa<18><STEAM_ID_PENDING><>" connected, address "94.5.91.47:27005"
L 01/14/2024 - 20:05:36: "TakaVerosa<18><STEAM_0:0:79516516><>" STEAM USERID validated
L 01/14/2024 - 20:05:40: "[=] wakfu<17><STEAM_0:0:62638797><Spectator>" say "!fov"
L 01/14/2024 - 20:05:41: "[TagsR4Nerds] Average<16><STEAM_0:1:57251237><Spectator>" joined team "Jinrai"
L 01/14/2024 - 20:05:42: "[Amogus]PyromaniacG<19><STEAM_ID_PENDING><>" connected, address "67.173.109.245:27005"
L 01/14/2024 - 20:05:42: "[Amogus]PyromaniacG<19><STEAM_0:1:25398391><>" STEAM USERID validated
L 01/14/2024 - 20:06:02: "3LOW<12><STEAM_0:0:67890711><NSF>" changed name to "[Ikko] 3LOW"
L 01/14/2024 - 20:06:07: "[Ikko] Dommy<6><STEAM_0:1:15299509><NSF>" say "yay bauxy"
L 01/14/2024 - 20:06:07: "[Casterhr] Syz<10><STEAM_0:0:82019396><Unassigned>" joined team "Spectator"
L 01/14/2024 - 20:06:38: "[Amogus]PyromaniacG<19><STEAM_0:1:25398391><>" entered the game
L 01/14/2024 - 20:06:43: "[Amogus]PyromaniacG<19><STEAM_0:1:25398391><Unassigned>" joined team "Jinrai"
L 01/14/2024 - 20:06:46: "TakaVerosa<18><STEAM_0:0:79516516><>" entered the game
L 01/14/2024 - 20:06:48: "[DYS] bauxite<15><STEAM_0:0:5757747><Spectator>" say "we arent live yet"
L 01/14/2024 - 20:06:52: "[DYS] bauxite<15><STEAM_0:0:5757747><Spectator>" say "ill le tu know when im gong live"
L 01/14/2024 - 20:07:02: "[Amogus]PyromaniacG<19><STEAM_0:1:25398391><Jinrai>" changed name to "[=]PyromaniacG"
L 01/14/2024 - 20:07:07: "TakaVerosa<18><STEAM_0:0:79516516><Unassigned>" joined team "Jinrai"
L 01/14/2024 - 20:07:08: "[Ikko] Dommy<6><STEAM_0:1:15299509><NSF>" say "thanks baux"
L 01/14/2024 - 20:07:16: "[=] wakfu<17><STEAM_0:0:62638797><Spectator>" say "!j"
L 01/14/2024 - 20:07:16: "[=] wakfu<17><STEAM_0:0:62638797><Spectator>" joined team "Jinrai"
L 01/14/2024 - 20:07:19: "neotokyosnoodism<20><STEAM_ID_PENDING><>" connected, address "82.9.152.139:27005"
L 01/14/2024 - 20:07:19: "neotokyosnoodism<20><STEAM_0:1:47222322><>" STEAM USERID validated
L 01/14/2024 - 20:07:32: "[DYS] bauxite<15><STEAM_0:0:5757747><Spectator>" disconnected (reason "Disconnect by user.")
L 01/14/2024 - 20:07:46: "neotokyosnoodism<20><STEAM_0:1:47222322><>" entered the game
L 01/14/2024 - 20:07:52: "neotokyosnoodism<20><STEAM_0:1:47222322><Unassigned>" joined team "Jinrai"
L 01/14/2024 - 20:08:03: "neotokyosnoodism<20><STEAM_0:1:47222322><Jinrai>" changed name to "[=]neotokyosnoodism"
L 01/14/2024 - 20:08:20: "[DYS] bauxite<21><STEAM_ID_PENDING><>" connected, address "86.13.114.58:27005"
L 01/14/2024 - 20:08:20: "[DYS] bauxite<21><STEAM_0:0:5757747><>" STEAM USERID validated
L 01/14/2024 - 20:08:21: "[DYS] bauxite<21><STEAM_0:0:5757747><>" entered the game
L 01/14/2024 - 20:08:26: "[Ikko] 3LOW<12><STEAM_0:0:67890711><NSF>" say_team "!ready"
L 01/14/2024 - 20:08:32: "Shinra (Ikko)<13><STEAM_0:0:17487274><NSF>" say "!ready"
L 01/14/2024 - 20:08:35: "[Ikko] MISO<9><STEAM_0:1:23585170><NSF>" say "!ready"
L 01/14/2024 - 20:08:38: "[Ikko] Dommy<6><STEAM_0:1:15299509><NSF>" say "!readylist"
L 01/14/2024 - 20:09:00: "[=] wakfu<17><STEAM_0:0:62638797><Jinrai>" say_team "im prob gonna go support"
L 01/14/2024 - 20:09:03: "[TagsR4Nerds] Average<16><STEAM_0:1:57251237><Jinrai>" say_team "i could go asault"
L 01/14/2024 - 20:09:20: "[Ikko] MISO<9><STEAM_0:1:23585170><NSF>" committed suicide with "player"
L 01/14/2024 - 20:09:33: "[TagsR4Nerds] Average<16><STEAM_0:1:57251237><Jinrai>" say_team "perhaps recon too, ive been getting used to it"
L 01/14/2024 - 20:09:57: "[DYS] bauxite<21><STEAM_0:0:5757747><Unassigned>" joined team "Spectator"
L 01/14/2024 - 20:10:11: "[DYS] bauxite<21><STEAM_0:0:5757747><Spectator>" say "we are not live yet"
L 01/14/2024 - 20:10:12: "[DYS] bauxite<21><STEAM_0:0:5757747><Spectator>" say "btw"
L 01/14/2024 - 20:10:15: "[DYS] bauxite<21><STEAM_0:0:5757747><Spectator>" say "just sorting some shit out"
L 01/14/2024 - 20:10:52: "[=]neotokyosnoodism<20><STEAM_0:1:47222322><Jinrai>" say "!ready"
L 01/14/2024 - 20:10:57: "[=] wakfu<17><STEAM_0:0:62638797><Jinrai>" say_team "whos support?"
L 01/14/2024 - 20:11:01: "[DYS] bauxite<21><STEAM_0:0:5757747><Spectator>" say "aight im gonna try go live"
L 01/14/2024 - 20:11:02: "[TagsR4Nerds] Average<16><STEAM_0:1:57251237><Jinrai>" say_team "taka it seems "
L 01/14/2024 - 20:11:08: "The_Lutefisk<11><STEAM_0:1:38534131><NSF>" say "nice"
L 01/14/2024 - 20:11:09: "TakaVerosa<18><STEAM_0:0:79516516><Jinrai>" say_team "!ready"
L 01/14/2024 - 20:11:20: "[=] wakfu<17><STEAM_0:0:62638797><Jinrai>" say_team "I was thinking maybe supp but alr"
L 01/14/2024 - 20:11:23: "[=]PyromaniacG<19><STEAM_0:1:25398391><Jinrai>" say "!ready"
L 01/14/2024 - 20:11:26: "[TagsR4Nerds] Average<16><STEAM_0:1:57251237><Jinrai>" say_team "maybe i could try to go recon, if it doesnt work out i can switch"
L 01/14/2024 - 20:11:28: "[DYS] bauxite<21><STEAM_0:0:5757747><Spectator>" say "ye"
L 01/14/2024 - 20:11:29: "[=] wakfu<17><STEAM_0:0:62638797><Jinrai>" say "!ready"
L 01/14/2024 - 20:11:34: "The_Lutefisk<11><STEAM_0:1:38534131><NSF>" changed name to "[IKKO] The_Legoracer"
L 01/14/2024 - 20:11:36: "[DYS] bauxite<21><STEAM_0:0:5757747><Spectator>" say "starting in 60"
L 01/14/2024 - 20:11:37: "[Ikko] Dommy<6><STEAM_0:1:15299509><NSF>" say "!readylist"
L 01/14/2024 - 20:11:44: "[Ikko] Dommy<6><STEAM_0:1:15299509><NSF>" say "!ready"
L 01/14/2024 - 20:11:57: "[IKKO] The_Legoracer<11><STEAM_0:1:38534131><NSF>" changed name to "[ikko] The_Legoracer"
L 01/14/2024 - 20:12:16: "[Ikko] Dommy<6><STEAM_0:1:15299509><NSF>" say "have you heard of my friend"
L 01/14/2024 - 20:12:19: "[Ikko] Dommy<6><STEAM_0:1:15299509><NSF>" say "bikko dikko"
L 01/14/2024 - 20:12:24: "[Casterazu] kinoko<7><STEAM_0:0:83067719><Spectator>" say "biggus diccus"
L 01/14/2024 - 20:12:27: "Shinra (Ikko)<13><STEAM_0:0:17487274><NSF>" say "oh i know that guy"
L 01/14/2024 - 20:12:28: "[TagsR4Nerds] Average<16><STEAM_0:1:57251237><Jinrai>" say "oh my gor, hung men"
L 01/14/2024 - 20:12:46: "[=] wakfu<17><STEAM_0:0:62638797><Jinrai>" say_team "I think its germany"
L 01/14/2024 - 20:12:53: "[TagsR4Nerds] Average<16><STEAM_0:1:57251237><Jinrai>" say "baux where is this server "
L 01/14/2024 - 20:12:56: "[Ikko] Dommy<6><STEAM_0:1:15299509><NSF>" say "biggus"
L 01/14/2024 - 20:12:58: "[Ikko] Dommy<6><STEAM_0:1:15299509><NSF>" say "dickus"
L 01/14/2024 - 20:13:00: "Shinra (Ikko)<13><STEAM_0:0:17487274><NSF>" say "Mars"
L 01/14/2024 - 20:13:01: "[Ikko] Dommy<6><STEAM_0:1:15299509><NSF>" say "germany"
L 01/14/2024 - 20:13:04: "[Ikko] MISO<9><STEAM_0:1:23585170><NSF>" say "didn't hear about him "
L 01/14/2024 - 20:13:07: "[=] wakfu<17><STEAM_0:0:62638797><Jinrai>" say "baux is it supposed to be"
L 01/14/2024 - 20:13:09: "[TagsR4Nerds] Average<16><STEAM_0:1:57251237><Jinrai>" say "sounds about right "
L 01/14/2024 - 20:13:11: "[Ikko] MISO<9><STEAM_0:1:23585170><NSF>" say "but know one man named Grzegorz Brzęczyszczykiewicz"
L 01/14/2024 - 20:13:14: "[=] wakfu<17><STEAM_0:0:62638797><Jinrai>" say "~60/s in"
L 01/14/2024 - 20:13:16: "[=] wakfu<17><STEAM_0:0:62638797><Jinrai>" say "in netgraph"
L 01/14/2024 - 20:13:23: "[DYS] bauxite<21><STEAM_0:0:5757747><Spectator>" say "i think we are live, if anyone can let me know if stream dies or anthing, dont start game yet, 1 min pls"
L 01/14/2024 - 20:13:24: "[TagsR4Nerds] Average<16><STEAM_0:1:57251237><Jinrai>" say_team "i have like 5 ping, which is usual for german servers"
L 01/14/2024 - 20:13:39: "[=]neotokyosnoodism<20><STEAM_0:1:47222322><Jinrai>" say "!ready"
L 01/14/2024 - 20:13:59: "[TagsR4Nerds] Average<16><STEAM_0:1:57251237><Jinrai>" say_team "im holding off on readying until baux is readya"
L 01/14/2024 - 20:14:16: "[TagsR4Nerds] Average<16><STEAM_0:1:57251237><Jinrai>" say "man im nervous "
L 01/14/2024 - 20:14:30: "[=]PyromaniacG<19><STEAM_0:1:25398391><Jinrai>" say "hi nervous im pyro"
L 01/14/2024 - 20:14:42: "[TagsR4Nerds] Average<16><STEAM_0:1:57251237><Jinrai>" say "nice t o meet you pyro"
L 01/14/2024 - 20:14:48: "[=] wakfu<17><STEAM_0:0:62638797><Jinrai>" say_team "it is live"
L 01/14/2024 - 20:14:51: "[=] wakfu<17><STEAM_0:0:62638797><Jinrai>" say_team "my friends are watching lol"
L 01/14/2024 - 20:14:59: "[ikko] The_Legoracer<11><STEAM_0:1:38534131><NSF>" say "!ready"
L 01/14/2024 - 20:15:02: "[=] wakfu<17><STEAM_0:0:62638797><Jinrai>" say_team "ye"
L 01/14/2024 - 20:15:07: "[Ikko] 3LOW<12><STEAM_0:0:67890711><NSF>" say_team "!ready"
L 01/14/2024 - 20:15:08: "Shinra (Ikko)<13><STEAM_0:0:17487274><NSF>" say "I am positively hard"
L 01/14/2024 - 20:15:15: "[=]neotokyosnoodism<20><STEAM_0:1:47222322><Jinrai>" say_team "hi"
L 01/14/2024 - 20:15:15: "[=] wakfu<17><STEAM_0:0:62638797><Jinrai>" say_team "there is"
L 01/14/2024 - 20:15:16: "Shinra (Ikko)<13><STEAM_0:0:17487274><NSF>" say "plz, why you tease bauzy"
L 01/14/2024 - 20:15:17: "[=] wakfu<17><STEAM_0:0:62638797><Jinrai>" say_team "T for Team"
L 01/14/2024 - 20:15:18: "[=] wakfu<17><STEAM_0:0:62638797><Jinrai>" say_team "I use it"
L 01/14/2024 - 20:15:19: "[=] wakfu<17><STEAM_0:0:62638797><Jinrai>" say_team "rn"
L 01/14/2024 - 20:15:20: "[Ikko] Dommy<6><STEAM_0:1:15299509><NSF>" say "who is noodism?"
L 01/14/2024 - 20:15:23: "[=]PyromaniacG<19><STEAM_0:1:25398391><Jinrai>" say_team "yeah"
L 01/14/2024 - 20:15:24: "[=]neotokyosnoodism<20><STEAM_0:1:47222322><Jinrai>" say "snood"
L 01/14/2024 - 20:15:27: "[=] wakfu<17><STEAM_0:0:62638797><Jinrai>" say_team "can someone from nsf reply to this msgt"
L 01/14/2024 - 20:15:27: "[Ikko] MISO<9><STEAM_0:1:23585170><NSF>" say "noodlism? "
L 01/14/2024 - 20:15:30: "[=]neotokyosnoodism<20><STEAM_0:1:47222322><Jinrai>" changed name to "[=]neotokyosnood"
L 01/14/2024 - 20:15:33: "[Ikko] Dommy<6><STEAM_0:1:15299509><NSF>" say "why is noodism?"
L 01/14/2024 - 20:15:36: "[=] wakfu<17><STEAM_0:0:62638797><Jinrai>" say_team "see"
L 01/14/2024 - 20:15:36: "[Ikko] MISO<9><STEAM_0:1:23585170><NSF>" say "i like noodles "
L 01/14/2024 - 20:15:43: "[=]neotokyosnood<20><STEAM_0:1:47222322><Jinrai>" say "noodist"
L 01/14/2024 - 20:15:45: "[Ikko] Dommy<6><STEAM_0:1:15299509><NSF>" say "were is noodism? (i wanna join)"
L 01/14/2024 - 20:15:55: "[=]neotokyosnood<20><STEAM_0:1:47222322><Jinrai>" say "when do we start"
L 01/14/2024 - 20:15:57: "Shinra (Ikko)<13><STEAM_0:0:17487274><NSF>" say "you're too floppy for noodism"
L 01/14/2024 - 20:15:59: "[DYS] bauxite<21><STEAM_0:0:5757747><Spectator>" say "u can start soon"
L 01/14/2024 - 20:16:03: "[Ikko] Dommy<6><STEAM_0:1:15299509><NSF>" say "!readylist"
L 01/14/2024 - 20:16:08: "[TagsR4Nerds] Average<16><STEAM_0:1:57251237><Jinrai>" say "!ready"
L 01/14/2024 - 20:16:09: "[=]neotokyosnood<20><STEAM_0:1:47222322><Jinrai>" say "!readylist"
L 01/14/2024 - 20:16:18: "[Ikko] MISO<9><STEAM_0:1:23585170><NSF>" say "gl hf "
L 01/14/2024 - 20:16:20: "[ikko] The_Legoracer<11><STEAM_0:1:38534131><NSF>" say "gl hf ^^"
L 01/14/2024 - 20:16:22: "[Casterhr] Syz<10><STEAM_0:0:82019396><Spectator>" say "glhf"
L 01/14/2024 - 20:16:25: "[=]PyromaniacG<19><STEAM_0:1:25398391><Jinrai>" say "glhf"
L 01/14/2024 - 20:16:45: "[=]PyromaniacG<19><STEAM_0:1:25398391><Jinrai>" killed "[Ikko] MISO<9><STEAM_0:1:23585170><NSF>" with "grenade_projectile"
L 01/14/2024 - 20:16:59: "[Ikko] 3LOW<12><STEAM_0:0:67890711><NSF>" killed "[=]PyromaniacG<19><STEAM_0:1:25398391><Jinrai>" with "grenade_projectile"
L 01/14/2024 - 20:17:02: "[Ikko] MISO<9><STEAM_0:1:23585170><NSF>" say "it was bab idea D: "
L 01/14/2024 - 20:17:19: "Shinra (Ikko)<13><STEAM_0:0:17487274><NSF>" killed "[TagsR4Nerds] Average<16><STEAM_0:1:57251237><Jinrai>" with "srm"
L 01/14/2024 - 20:17:36: "[Ikko] 3LOW<12><STEAM_0:0:67890711><NSF>" killed "[=]neotokyosnood<20><STEAM_0:1:47222322><Jinrai>" with "zr68s"
L 01/14/2024 - 20:17:36: "[Ikko] Dommy<6><STEAM_0:1:15299509><NSF>" triggered "kill_assist"
L 01/14/2024 - 20:17:37: "[=]neotokyosnood<20><STEAM_0:1:47222322><Jinrai>" killed "[ikko] The_Legoracer<11><STEAM_0:1:38534131><NSF>" with "grenade_projectile"
L 01/14/2024 - 20:17:37: "[=]neotokyosnood<20><STEAM_0:1:47222322><Jinrai>" killed "[Ikko] Dommy<6><STEAM_0:1:15299509><NSF>" with "grenade_projectile"
L 01/14/2024 - 20:17:50: "[=] wakfu<17><STEAM_0:0:62638797><Jinrai>" killed "Shinra (Ikko)<13><STEAM_0:0:17487274><NSF>" with "supa7"
L 01/14/2024 - 20:17:50: "[TagsR4Nerds] Average<16><STEAM_0:1:57251237><Jinrai>" triggered "kill_assist"
L 01/14/2024 - 20:17:55: "[Ikko] 3LOW<12><STEAM_0:0:67890711><NSF>" killed "TakaVerosa<18><STEAM_0:0:79516516><Jinrai>" with "zr68s"
L 01/14/2024 - 20:18:01: "[=] wakfu<17><STEAM_0:0:62638797><Jinrai>" killed "[Ikko] 3LOW<12><STEAM_0:0:67890711><NSF>" with "supa7"
L 01/14/2024 - 20:18:58: "[ikko] The_Legoracer<11><STEAM_0:1:38534131><NSF>" killed "[TagsR4Nerds] Average<16><STEAM_0:1:57251237><Jinrai>" with "zr68s"
L 01/14/2024 - 20:19:05: "[Ikko] 3LOW<12><STEAM_0:0:67890711><NSF>" killed "[=] wakfu<17><STEAM_0:0:62638797><Jinrai>" with "zr68s"
L 01/14/2024 - 20:19:11: Team "NSF" triggered "ghost_capture_team"
L 01/14/2024 - 20:19:11: "[Ikko] Dommy<6><STEAM_0:1:15299509><NSF>" triggered "ghost_capture"
L 01/14/2024 - 20:19:12: "[=]PyromaniacG<19><STEAM_0:1:25398391><Jinrai>" killed "[Ikko] 3LOW<12><STEAM_0:0:67890711><NSF>" with "zr68s"
L 01/14/2024 - 20:19:16: "Shinra (Ikko)<13><STEAM_0:0:17487274><NSF>" killed "TakaVerosa<18><STEAM_0:0:79516516><Jinrai>" with "srm"
L 01/14/2024 - 20:19:19: "[ikko] The_Legoracer<11><STEAM_0:1:38534131><NSF>" killed "[Ikko] MISO<9><STEAM_0:1:23585170><NSF>" with "grenade_projectile"
L 01/14/2024 - 20:19:19: "Shinra (Ikko)<13><STEAM_0:0:17487274><NSF>" killed "[=]neotokyosnood<20><STEAM_0:1:47222322><Jinrai>" with "kyla"
L 01/14/2024 - 20:20:01: "[Ikko] Dommy<6><STEAM_0:1:15299509><NSF>" killed "TakaVerosa<18><STEAM_0:0:79516516><Jinrai>" with "mx"
L 01/14/2024 - 20:20:28: "[=]PyromaniacG<19><STEAM_0:1:25398391><Jinrai>" killed "[Ikko] MISO<9><STEAM_0:1:23585170><NSF>" with "zr68s"
L 01/14/2024 - 20:20:33: Team "NSF" triggered "ghost_capture_team"
L 01/14/2024 - 20:20:33: "[Ikko] Dommy<6><STEAM_0:1:15299509><NSF>" triggered "ghost_capture"
L 01/14/2024 - 20:20:36: "[Ikko] 3LOW<12><STEAM_0:0:67890711><NSF>" killed "[TagsR4Nerds] Average<16><STEAM_0:1:57251237><Jinrai>" with "mx"
L 01/14/2024 - 20:20:36: "[Ikko] Dommy<6><STEAM_0:1:15299509><NSF>" triggered "kill_assist"
L 01/14/2024 - 20:20:37: "[=]PyromaniacG<19><STEAM_0:1:25398391><Jinrai>" killed "[Ikko] 3LOW<12><STEAM_0:0:67890711><NSF>" with "zr68s"
L 01/14/2024 - 20:20:43: "[ikko] The_Legoracer<11><STEAM_0:1:38534131><NSF>" killed "[=]neotokyosnood<20><STEAM_0:1:47222322><Jinrai>" with "mx"
L 01/14/2024 - 20:21:01: "[TagsR4Nerds] Average<16><STEAM_0:1:57251237><Jinrai>" say_team "be more wary of the capzones"
L 01/14/2024 - 20:21:26: "[Ikko] MISO<9><STEAM_0:1:23585170><NSF>" killed "[=]PyromaniacG<19><STEAM_0:1:25398391><Jinrai>" with "mx"
L 01/14/2024 - 20:21:27: "[ikko] The_Legoracer<11><STEAM_0:1:38534131><NSF>" killed "TakaVerosa<18><STEAM_0:0:79516516><Jinrai>" with "zr68s"
L 01/14/2024 - 20:21:37: "[Ikko] MISO<9><STEAM_0:1:23585170><NSF>" killed "[=] wakfu<17><STEAM_0:0:62638797><Jinrai>" with "mx"
L 01/14/2024 - 20:21:39: "[=] wakfu<17><STEAM_0:0:62638797><Jinrai>" say_team "at cap"
L 01/14/2024 - 20:21:42: "[=] wakfu<17><STEAM_0:0:62638797><Jinrai>" say_team "17 recon"
L 01/14/2024 - 20:21:47: "Shinra (Ikko)<13><STEAM_0:0:17487274><NSF>" killed "[TagsR4Nerds] Average<16><STEAM_0:1:57251237><Jinrai>" with "mx"
L 01/14/2024 - 20:21:58: "[Ikko] 3LOW<12><STEAM_0:0:67890711><NSF>" killed "[=]neotokyosnood<20><STEAM_0:1:47222322><Jinrai>" with "mx"
L 01/14/2024 - 20:22:06: "Shinra (Ikko)<13><STEAM_0:0:17487274><NSF>" say "no cap :("
L 01/14/2024 - 20:22:10: "[Ikko] Dommy<6><STEAM_0:1:15299509><NSF>" say "FR"
L 01/14/2024 - 20:22:10: "[Ikko] MISO<9><STEAM_0:1:23585170><NSF>" say "for real"
L 01/14/2024 - 20:22:11: "[=] wakfu<17><STEAM_0:0:62638797><Jinrai>" say_team "alr"
L 01/14/2024 - 20:22:13: "[=] wakfu<17><STEAM_0:0:62638797><Jinrai>" say_team "I will"
L 01/14/2024 - 20:22:46: "Shinra (Ikko)<13><STEAM_0:0:17487274><NSF>" killed "TakaVerosa<18><STEAM_0:0:79516516><Jinrai>" with "mx"
L 01/14/2024 - 20:22:49: "[TagsR4Nerds] Average<16><STEAM_0:1:57251237><Jinrai>" killed "[Ikko] Dommy<6><STEAM_0:1:15299509><NSF>" with "grenade_projectile"
L 01/14/2024 - 20:22:54: "[Ikko] 3LOW<12><STEAM_0:0:67890711><NSF>" killed "[TagsR4Nerds] Average<16><STEAM_0:1:57251237><Jinrai>" with "mx"
L 01/14/2024 - 20:22:54: "[Ikko] Dommy<6><STEAM_0:1:15299509><NSF>" triggered "kill_assist"
L 01/14/2024 - 20:22:56: "[Ikko] MISO<9><STEAM_0:1:23585170><NSF>" killed "[=] wakfu<17><STEAM_0:0:62638797><Jinrai>" with "srm"
L 01/14/2024 - 20:23:00: "[Ikko] MISO<9><STEAM_0:1:23585170><NSF>" killed "[=]PyromaniacG<19><STEAM_0:1:25398391><Jinrai>" with "srm"
L 01/14/2024 - 20:23:14: "[Ikko] MISO<9><STEAM_0:1:23585170><NSF>" killed "[=]neotokyosnood<20><STEAM_0:1:47222322><Jinrai>" with "srm"
L 01/14/2024 - 20:23:35: "[=] wakfu<17><STEAM_0:0:62638797><Jinrai>" say_team "need mx?"
L 01/14/2024 - 20:24:01: "[=]PyromaniacG<19><STEAM_0:1:25398391><Jinrai>" killed "[Ikko] MISO<9><STEAM_0:1:23585170><NSF>" with "zr68s"
L 01/14/2024 - 20:24:13: "[=]PyromaniacG<19><STEAM_0:1:25398391><Jinrai>" killed "[Ikko] 3LOW<12><STEAM_0:0:67890711><NSF>" with "grenade_projectile"
L 01/14/2024 - 20:24:21: "[ikko] The_Legoracer<11><STEAM_0:1:38534131><NSF>" killed "[=]PyromaniacG<19><STEAM_0:1:25398391><Jinrai>" with "zr68s"
L 01/14/2024 - 20:24:21: "[Ikko] MISO<9><STEAM_0:1:23585170><NSF>" triggered "kill_assist"
L 01/14/2024 - 20:24:23: "[=]neotokyosnood<20><STEAM_0:1:47222322><Jinrai>" committed suicide with "world"
L 01/14/2024 - 20:24:27: "[=] wakfu<17><STEAM_0:0:62638797><Jinrai>" killed "[ikko] The_Legoracer<11><STEAM_0:1:38534131><NSF>" with "zr68s"
L 01/14/2024 - 20:24:27: "[=]PyromaniacG<19><STEAM_0:1:25398391><Jinrai>" triggered "kill_assist"
L 01/14/2024 - 20:24:31: "Shinra (Ikko)<13><STEAM_0:0:17487274><NSF>" killed "[TagsR4Nerds] Average<16><STEAM_0:1:57251237><Jinrai>" with "mx"
L 01/14/2024 - 20:24:31: "[ikko] The_Legoracer<11><STEAM_0:1:38534131><NSF>" triggered "kill_assist"
L 01/14/2024 - 20:24:33: "[Ikko] MISO<9><STEAM_0:1:23585170><NSF>" say "ooof "
L 01/14/2024 - 20:24:34: "[=] wakfu<17><STEAM_0:0:62638797><Jinrai>" killed "Shinra (Ikko)<13><STEAM_0:0:17487274><NSF>" with "zr68s"
L 01/14/2024 - 20:24:38: "[Ikko] Dommy<6><STEAM_0:1:15299509><NSF>" killed "TakaVerosa<18><STEAM_0:0:79516516><Jinrai>" with "mx"
L 01/14/2024 - 20:24:44: "[=] wakfu<17><STEAM_0:0:62638797><Jinrai>" killed "[Ikko] Dommy<6><STEAM_0:1:15299509><NSF>" with "zr68s"
L 01/14/2024 - 20:25:04: "[=] wakfu<17><STEAM_0:0:62638797><Jinrai>" say_team "mx?"
L 01/14/2024 - 20:25:07: "[=] wakfu<17><STEAM_0:0:62638797><Jinrai>" say_team "anyone need?"
L 01/14/2024 - 20:25:47: "[Ikko] MISO<9><STEAM_0:1:23585170><NSF>" killed "[TagsR4Nerds] Average<16><STEAM_0:1:57251237><Jinrai>" with "srm"
L 01/14/2024 - 20:25:50: "[Ikko] Dommy<6><STEAM_0:1:15299509><NSF>" killed "TakaVerosa<18><STEAM_0:0:79516516><Jinrai>" with "mx"
L 01/14/2024 - 20:25:54: "[=]neotokyosnood<20><STEAM_0:1:47222322><Jinrai>" killed "[Ikko] 3LOW<12><STEAM_0:0:67890711><NSF>" with "grenade_projectile"
L 01/14/2024 - 20:26:10: "[=]PyromaniacG<19><STEAM_0:1:25398391><Jinrai>" killed "[Ikko] Dommy<6><STEAM_0:1:15299509><NSF>" with "zr68s"
L 01/14/2024 - 20:26:15: "[Ikko] MISO<9><STEAM_0:1:23585170><NSF>" killed "[=]PyromaniacG<19><STEAM_0:1:25398391><Jinrai>" with "srm"
L 01/14/2024 - 20:26:15: "[Ikko] Dommy<6><STEAM_0:1:15299509><NSF>" triggered "kill_assist"
L 01/14/2024 - 20:26:21: "[ikko] The_Legoracer<11><STEAM_0:1:38534131><NSF>" killed "[=] wakfu<17><STEAM_0:0:62638797><Jinrai>" with "zr68s"
L 01/14/2024 - 20:26:24: "Shinra (Ikko)<13><STEAM_0:0:17487274><NSF>" killed "[=]neotokyosnood<20><STEAM_0:1:47222322><Jinrai>" with "mx"
L 01/14/2024 - 20:26:24: "[Ikko] 3LOW<12><STEAM_0:0:67890711><NSF>" triggered "kill_assist"
L 01/14/2024 - 20:26:33: "Shinra (Ikko)<13><STEAM_0:0:17487274><NSF>" say "my bad"
L 01/14/2024 - 20:26:51: "[=] wakfu<17><STEAM_0:0:62638797><Jinrai>" say_team "mx?"
L 01/14/2024 - 20:26:53: "[=] wakfu<17><STEAM_0:0:62638797><Jinrai>" say_team "anyone?"
L 01/14/2024 - 20:27:10: "[Ikko] 3LOW<12><STEAM_0:0:67890711><NSF>" killed "[TagsR4Nerds] Average<16><STEAM_0:1:57251237><Jinrai>" with "mx"
L 01/14/2024 - 20:27:21: "[Ikko] 3LOW<12><STEAM_0:0:67890711><NSF>" killed "[=]PyromaniacG<19><STEAM_0:1:25398391><Jinrai>" with "mx"
L 01/14/2024 - 20:27:25: "Shinra (Ikko)<13><STEAM_0:0:17487274><NSF>" killed "[=] wakfu<17><STEAM_0:0:62638797><Jinrai>" with "pz"
L 01/14/2024 - 20:27:25: "[Ikko] MISO<9><STEAM_0:1:23585170><NSF>" triggered "kill_assist"
L 01/14/2024 - 20:27:44: "[Ikko] 3LOW<12><STEAM_0:0:67890711><NSF>" killed "TakaVerosa<18><STEAM_0:0:79516516><Jinrai>" with "mx"
L 01/14/2024 - 20:27:52: "[Ikko] Dommy<6><STEAM_0:1:15299509><NSF>" killed "[=]neotokyosnood<20><STEAM_0:1:47222322><Jinrai>" with "kyla"
L 01/14/2024 - 20:27:52: "[ikko] The_Legoracer<11><STEAM_0:1:38534131><NSF>" triggered "kill_assist"
L 01/14/2024 - 20:28:16: "[=] wakfu<17><STEAM_0:0:62638797><Jinrai>" say_team "gonna try sth else"
L 01/14/2024 - 20:28:22: "[=] wakfu<17><STEAM_0:0:62638797><Jinrai>" say_team "supa"
L 01/14/2024 - 20:28:35: "[Ikko] 3LOW<12><STEAM_0:0:67890711><NSF>" killed "[TagsR4Nerds] Average<16><STEAM_0:1:57251237><Jinrai>" with "mx"
L 01/14/2024 - 20:28:52: "[=] wakfu<17><STEAM_0:0:62638797><Jinrai>" say_team "smoked blu"
L 01/14/2024 - 20:28:58: "[ikko] The_Legoracer<11><STEAM_0:1:38534131><NSF>" killed "TakaVerosa<18><STEAM_0:0:79516516><Jinrai>" with "zr68s"
L 01/14/2024 - 20:28:59: "[=]neotokyosnood<20><STEAM_0:1:47222322><Jinrai>" killed "[ikko] The_Legoracer<11><STEAM_0:1:38534131><NSF>" with "mx"
L 01/14/2024 - 20:28:59: "TakaVerosa<18><STEAM_0:0:79516516><Jinrai>" triggered "kill_assist"
L 01/14/2024 - 20:29:00: "[Ikko] MISO<9><STEAM_0:1:23585170><NSF>" killed "[=]neotokyosnood<20><STEAM_0:1:47222322><Jinrai>" with "m41s"
L 01/14/2024 - 20:29:04: "[Ikko] MISO<9><STEAM_0:1:23585170><NSF>" killed "[=]PyromaniacG<19><STEAM_0:1:25398391><Jinrai>" with "m41s"
L 01/14/2024 - 20:29:20: "[Ikko] Dommy<6><STEAM_0:1:15299509><NSF>" killed "[=] wakfu<17><STEAM_0:0:62638797><Jinrai>" with "kyla"
L 01/14/2024 - 20:29:23: "[=] wakfu<17><STEAM_0:0:62638797><Jinrai>" say_team "mb sry"
L 01/14/2024 - 20:29:57: "[=] wakfu<17><STEAM_0:0:62638797><Jinrai>" say_team "no"
L 01/14/2024 - 20:30:00: "[Ikko] 3LOW<12><STEAM_0:0:67890711><NSF>" killed "[TagsR4Nerds] Average<16><STEAM_0:1:57251237><Jinrai>" with "mx"
L 01/14/2024 - 20:30:01: "[=]PyromaniacG<19><STEAM_0:1:25398391><Jinrai>" killed "[Ikko] 3LOW<12><STEAM_0:0:67890711><NSF>" with "zr68c"
L 01/14/2024 - 20:30:01: "[TagsR4Nerds] Average<16><STEAM_0:1:57251237><Jinrai>" triggered "kill_assist"
L 01/14/2024 - 20:30:08: "[ikko] The_Legoracer<11><STEAM_0:1:38534131><NSF>" killed "[=]PyromaniacG<19><STEAM_0:1:25398391><Jinrai>" with "zr68s"
L 01/14/2024 - 20:30:08: "[Ikko] 3LOW<12><STEAM_0:0:67890711><NSF>" triggered "kill_assist"
L 01/14/2024 - 20:30:13: "[ikko] The_Legoracer<11><STEAM_0:1:38534131><NSF>" killed "TakaVerosa<18><STEAM_0:0:79516516><Jinrai>" with "zr68s"
L 01/14/2024 - 20:30:33: "[Ikko] Dommy<6><STEAM_0:1:15299509><NSF>" killed "[=] wakfu<17><STEAM_0:0:62638797><Jinrai>" with "mx"
L 01/14/2024 - 20:30:39: "[=]neotokyosnood<20><STEAM_0:1:47222322><Jinrai>" committed suicide with "player"
L 01/14/2024 - 20:30:44: "Shinra (Ikko)<13><STEAM_0:0:17487274><NSF>" say "unfortunate"
L 01/14/2024 - 20:30:49: "[TagsR4Nerds] Average<16><STEAM_0:1:57251237><Jinrai>" say ":("
L 01/14/2024 - 20:30:57: "[DYS] bauxite<21><STEAM_0:0:5757747><Spectator>" say_team "kino apparently overlay is wrong"
L 01/14/2024 - 20:30:59: "[=]neotokyosnood<20><STEAM_0:1:47222322><Jinrai>" joined team "Unassigned"
L 01/14/2024 - 20:31:01: "[DYS] bauxite<21><STEAM_0:0:5757747><Spectator>" say_team "can u swap teams or something"
L 01/14/2024 - 20:31:03: "[=]neotokyosnood<20><STEAM_0:1:47222322><Unassigned>" joined team "Jinrai"
L 01/14/2024 - 20:31:03: "[TagsR4Nerds] Average<16><STEAM_0:1:57251237><Jinrai>" say "that went horribly"
L 01/14/2024 - 20:31:09: "[=] wakfu<17><STEAM_0:0:62638797><Jinrai>" say_team "same"
L 01/14/2024 - 20:31:13: "[=] wakfu<17><STEAM_0:0:62638797><Jinrai>" say_team "why did it get so much voted"
L 01/14/2024 - 20:31:14: "Shinra (Ikko)<13><STEAM_0:0:17487274><NSF>" say "!nominate"
L 01/14/2024 - 20:31:54: "[DYS] bauxite<21><STEAM_0:0:5757747><Spectator>" say_team "its fine"
L 01/14/2024 - 20:32:08: "Shinra (Ikko)<13><STEAM_0:0:17487274><NSF>" say "!nextmap"
L 01/14/2024 - 20:32:16: "Shinra (Ikko)<13><STEAM_0:0:17487274><NSF>" say "!nominate"
L 01/14/2024 - 20:32:20: "Shinra (Ikko)<13><STEAM_0:0:17487274><NSF>" say "!rtv"
L 01/14/2024 - 20:32:24: "[=]neotokyosnood<20><STEAM_0:1:47222322><Jinrai>" say "rtv"
L 01/14/2024 - 20:32:25: "[Casterazu] kinoko<7><STEAM_0:0:83067719><Spectator>" say "!admin"
L 01/14/2024 - 20:32:28: "[TagsR4Nerds] Average<16><STEAM_0:1:57251237><Jinrai>" say "rtv"
L 01/14/2024 - 20:32:29: "[Ikko] Dommy<6><STEAM_0:1:15299509><NSF>" say "!rtv"
L 01/14/2024 - 20:32:29: "[Ikko] 3LOW<12><STEAM_0:0:67890711><NSF>" say "rtv"
L 01/14/2024 - 20:32:32: "[DYS] bauxite<21><STEAM_0:0:5757747><Spectator>" say "what map"
L 01/14/2024 - 20:32:32: "[=]neotokyosnood<20><STEAM_0:1:47222322><Jinrai>" say "were taken a break"
L 01/14/2024 - 20:32:35: "[Casterazu] kinoko<7><STEAM_0:0:83067719><Spectator>" say "culvert"
L 01/14/2024 - 20:32:40: "[=]neotokyosnood<20><STEAM_0:1:47222322><Jinrai>" say "?"
L 01/14/2024 - 20:32:44: "[DYS] bauxite<21><STEAM_0:0:5757747><Spectator>" say "!map nt_culvert_ctg_b3"
L 01/14/2024 - 20:32:47: [META] Loaded 0 plugins (1 already loaded)
L 01/14/2024 - 20:32:47: [META] Loaded 0 plugins (1 already loaded)
L 01/14/2024 - 20:32:47: Log file closed
