L 01/28/2024 - 15:21:06: Log file started (file "logs\L0128007.log") (game "c:\servers\bonahnsap\NeotokyoSource") (version "4044")
L 01/28/2024 - 15:21:06: server_cvar: "sv_password" "***PROTECTED***"
L 01/28/2024 - 15:21:06: server_cvar: "sv_specaccelerate" "5"
L 01/28/2024 - 15:21:06: server_cvar: "sv_specspeed" "3"
L 01/28/2024 - 15:21:06: server_cvar: "tv_password" "***PROTECTED***"
L 01/28/2024 - 15:21:06: server_cvar: "tv_relaypassword" "***PROTECTED***"
L 01/28/2024 - 15:21:08: "[someikko] somerusher<9><STEAM_0:1:57157309><>" entered the game
L 01/28/2024 - 15:21:08: "[AUX-] Zero<3><STEAM_0:1:31124469><>" entered the game
L 01/28/2024 - 15:21:09: "[AUX-] Oni<6><STEAM_0:1:10174276><>" entered the game
L 01/28/2024 - 15:21:09: "[AUX-] Phorce_Phed<5><STEAM_0:1:9863507><>" entered the game
L 01/28/2024 - 15:21:09: "[ikko] The_Legoracer<11><STEAM_ID_PENDING><>" connected, address "212.251.230.238:27005"
L 01/28/2024 - 15:21:09: "[ikko] The_Legoracer<11><STEAM_0:1:38534131><>" STEAM USERID validated
L 01/28/2024 - 15:21:09: "[AUX-] Nutnoze<4><STEAM_0:1:9530793><>" entered the game
L 01/28/2024 - 15:21:09: "[IkkoIkki] just MISO<7><STEAM_0:1:23585170><>" entered the game
L 01/28/2024 - 15:21:11: "[AUX-] Zero<3><STEAM_0:1:31124469><Unassigned>" joined team "NSF"
L 01/28/2024 - 15:21:11: "[AUX-] Oni<6><STEAM_0:1:10174276><Unassigned>" joined team "NSF"
L 01/28/2024 - 15:21:12: "[ikko] The_Legoracer<11><STEAM_0:1:38534131><>" entered the game
L 01/28/2024 - 15:21:12: "[AUX-] Nutnoze<4><STEAM_0:1:9530793><Unassigned>" joined team "NSF"
L 01/28/2024 - 15:21:12: "[someikko] somerusher<9><STEAM_0:1:57157309><Unassigned>" joined team "Jinrai"
L 01/28/2024 - 15:21:14: "[AUX-] Blåberry<2><STEAM_0:1:20365268><>" entered the game
L 01/28/2024 - 15:21:14: "[AUX-] Phorce_Phed<5><STEAM_0:1:9863507><Unassigned>" joined team "NSF"
L 01/28/2024 - 15:21:15: "[ikko] The_Legoracer<11><STEAM_0:1:38534131><Unassigned>" joined team "Jinrai"
L 01/28/2024 - 15:21:16: "[Ikko] 3LOW<8><STEAM_0:0:67890711><>" entered the game
L 01/28/2024 - 15:21:18: "[OBS] Agiel<12><STEAM_ID_PENDING><>" connected, address "98.128.173.190:27005"
L 01/28/2024 - 15:21:18: "[OBS] Agiel<12><STEAM_0:1:25025><>" STEAM USERID validated
L 01/28/2024 - 15:21:23: "[AUX-] Blåberry<2><STEAM_0:1:20365268><Unassigned>" joined team "NSF"
L 01/28/2024 - 15:21:31: "[OBS] Agiel<12><STEAM_0:1:25025><>" entered the game
L 01/28/2024 - 15:21:34: "[AUX-] Zero<3><STEAM_0:1:31124469><NSF>" say "!ready"
L 01/28/2024 - 15:21:34: "[AUX-] Nutnoze<4><STEAM_0:1:9530793><NSF>" say "!readt"
L 01/28/2024 - 15:21:35: "[AUX-] Nutnoze<4><STEAM_0:1:9530793><NSF>" say "!ready"
L 01/28/2024 - 15:21:38: "[AUX-] Phorce_Phed<5><STEAM_0:1:9863507><NSF>" say "!ready"
L 01/28/2024 - 15:21:44: "[AUX-] Oni<6><STEAM_0:1:10174276><NSF>" say "!ready"
L 01/28/2024 - 15:21:45: "[IkkoIkki] just MISO<7><STEAM_0:1:23585170><Unassigned>" joined team "Jinrai"
L 01/28/2024 - 15:21:54: "[DYS] bauxite<13><STEAM_ID_PENDING><>" connected, address "86.13.114.58:27005"
L 01/28/2024 - 15:21:54: "[DYS] bauxite<13><STEAM_0:0:5757747><>" STEAM USERID validated
L 01/28/2024 - 15:21:56: "[DYS] bauxite<13><STEAM_0:0:5757747><>" entered the game
L 01/28/2024 - 15:21:57: "[DYS] bauxite<13><STEAM_0:0:5757747><Unassigned>" joined team "Spectator"
L 01/28/2024 - 15:21:58: "[Ikko] 3LOW<8><STEAM_0:0:67890711><Unassigned>" joined team "Jinrai"
L 01/28/2024 - 15:22:21: "[DYS] bauxite<13><STEAM_0:0:5757747><Spectator>" say "my server is free for the other match now right? i guess"
L 01/28/2024 - 15:22:33: "[AUX-] Oni<6><STEAM_0:1:10174276><NSF>" say "yes"
L 01/28/2024 - 15:22:36: "Dommy<14><STEAM_ID_PENDING><>" connected, address "95.117.95.0:27005"
L 01/28/2024 - 15:22:36: "Dommy<14><STEAM_0:1:15299509><>" STEAM USERID validated
L 01/28/2024 - 15:22:37: "Dommy<14><STEAM_0:1:15299509><>" entered the game
L 01/28/2024 - 15:22:38: "[DYS] bauxite<13><STEAM_0:0:5757747><Spectator>" say "aight, gl hf"
L 01/28/2024 - 15:22:40: "[DYS] bauxite<13><STEAM_0:0:5757747><Spectator>" disconnected (reason "Disconnect by user.")
L 01/28/2024 - 15:22:41: "[AUX-] Zero<3><STEAM_0:1:31124469><NSF>" say "!unready"
L 01/28/2024 - 15:22:45: "Dommy<14><STEAM_0:1:15299509><Unassigned>" joined team "Spectator"
L 01/28/2024 - 15:22:50: "[someikko] somerusher<9><STEAM_0:1:57157309><Jinrai>" say "!ready"
L 01/28/2024 - 15:22:59: "Dommy<14><STEAM_0:1:15299509><Spectator>" joined team "Jinrai"
L 01/28/2024 - 15:23:08: "Dommy<14><STEAM_0:1:15299509><Jinrai>" changed name to "[Ikko] Dommy"
L 01/28/2024 - 15:23:16: "[AUX-] Nutnoze<4><STEAM_0:1:9530793><NSF>" say "zero's push to talk is bound to join/leave alpha squad god b l e s s"
L 01/28/2024 - 15:23:32: "[CAST] Puddy<15><STEAM_ID_PENDING><>" connected, address "188.192.131.75:27005"
L 01/28/2024 - 15:23:33: "[CAST] Puddy<15><STEAM_0:1:19453780><>" STEAM USERID validated
L 01/28/2024 - 15:23:36: "[CAST] Puddy<15><STEAM_0:1:19453780><>" entered the game
L 01/28/2024 - 15:23:46: "[AUX-] Oni<6><STEAM_0:1:10174276><NSF>" killed "[AUX-] Nutnoze<4><STEAM_0:1:9530793><NSF>" with "srm"
L 01/28/2024 - 15:23:55: "[AUX-] Zero<3><STEAM_0:1:31124469><NSF>" say "!ready"
L 01/28/2024 - 15:23:58: "[AUX-] Blåberry<2><STEAM_0:1:20365268><NSF>" say "!ready"
L 01/28/2024 - 15:24:02: "[Ikko] 3LOW<8><STEAM_0:0:67890711><Jinrai>" say_team "!ready"
L 01/28/2024 - 15:24:05: "[IkkoIkki] just MISO<7><STEAM_0:1:23585170><Jinrai>" disconnected (reason "Disconnect by user.")
L 01/28/2024 - 15:24:12: "[CAST] Puddy<15><STEAM_0:1:19453780><Unassigned>" joined team "Spectator"
L 01/28/2024 - 15:24:22: "[Ikko] Shinra (Ikki)<16><STEAM_ID_PENDING><>" connected, address "162.254.47.5:27005"
L 01/28/2024 - 15:24:22: "[Ikko] Shinra (Ikki)<16><STEAM_0:0:17487274><>" STEAM USERID validated
L 01/28/2024 - 15:24:27: "[Ikko] Shinra (Ikki)<16><STEAM_0:0:17487274><>" entered the game
L 01/28/2024 - 15:24:28: "[AUX-] Oni<6><STEAM_0:1:10174276><NSF>" killed "[ikko] The_Legoracer<11><STEAM_0:1:38534131><Jinrai>" with "supa7"
L 01/28/2024 - 15:24:29: "[AUX-] Oni<6><STEAM_0:1:10174276><NSF>" killed "[Ikko] Dommy<14><STEAM_0:1:15299509><Jinrai>" with "supa7"
L 01/28/2024 - 15:24:31: "[Ikko] Shinra (Ikki)<16><STEAM_0:0:17487274><Unassigned>" joined team "Spectator"
L 01/28/2024 - 15:24:32: "[Ikko] Shinra (Ikki)<16><STEAM_0:0:17487274><Spectator>" joined team "Jinrai"
L 01/28/2024 - 15:24:48: "[AUX-] Nutnoze<4><STEAM_0:1:9530793><NSF>" say "!readylist"
L 01/28/2024 - 15:25:00: "[AUX-] Nutnoze<4><STEAM_0:1:9530793><NSF>" say "stream ready?"
L 01/28/2024 - 15:26:21: "[Ikko] Dommy<14><STEAM_0:1:15299509><Jinrai>" say "!readylist"
L 01/28/2024 - 15:26:22: "[OBS] Agiel<12><STEAM_0:1:25025><Unassigned>" joined team "Spectator"
L 01/28/2024 - 15:27:01: "[Ikko] Dommy<14><STEAM_0:1:15299509><Jinrai>" killed "[AUX-] Phorce_Phed<5><STEAM_0:1:9863507><NSF>" with "knife"
L 01/28/2024 - 15:27:42: "[Ikko] Shinra (Ikki)<16><STEAM_0:0:17487274><Jinrai>" say "!ready"
L 01/28/2024 - 15:27:44: "[Ikko] Dommy<14><STEAM_0:1:15299509><Jinrai>" say "!ready"
L 01/28/2024 - 15:27:45: "[Ikko] 3LOW<8><STEAM_0:0:67890711><Jinrai>" say_team "!ready"
L 01/28/2024 - 15:27:47: "[ikko] The_Legoracer<11><STEAM_0:1:38534131><Jinrai>" say "!ready"
L 01/28/2024 - 15:27:49: "[AUX-] Oni<6><STEAM_0:1:10174276><NSF>" killed "[someikko] somerusher<9><STEAM_0:1:57157309><Jinrai>" with "srm"
L 01/28/2024 - 15:27:50: "[AUX-] Oni<6><STEAM_0:1:10174276><NSF>" killed "[Ikko] Dommy<14><STEAM_0:1:15299509><Jinrai>" with "srm"
L 01/28/2024 - 15:27:53: "[AUX-] Oni<6><STEAM_0:1:10174276><NSF>" killed "[Ikko] Shinra (Ikki)<16><STEAM_0:0:17487274><Jinrai>" with "srm"
L 01/28/2024 - 15:27:53: "[ikko] The_Legoracer<11><STEAM_0:1:38534131><Jinrai>" say "gl hf <3"
L 01/28/2024 - 15:28:00: "[AUX-] Nutnoze<4><STEAM_0:1:9530793><NSF>" say "gl hf"
L 01/28/2024 - 15:28:22: "[Ikko] Dommy<14><STEAM_0:1:15299509><Jinrai>" killed "[AUX-] Blåberry<2><STEAM_0:1:20365268><NSF>" with "m41"
L 01/28/2024 - 15:28:25: "[AUX-] Oni<6><STEAM_0:1:10174276><NSF>" killed "[Ikko] Dommy<14><STEAM_0:1:15299509><Jinrai>" with "srm"
L 01/28/2024 - 15:28:25: "[AUX-] Blåberry<2><STEAM_0:1:20365268><NSF>" triggered "kill_assist"
L 01/28/2024 - 15:28:35: "[AUX-] Oni<6><STEAM_0:1:10174276><NSF>" killed "[Ikko] Shinra (Ikki)<16><STEAM_0:0:17487274><Jinrai>" with "m41"
L 01/28/2024 - 15:28:54: "[Ikko] Dommy<14><STEAM_0:1:15299509><Jinrai>" say "the mosok still reigns supreme"
L 01/28/2024 - 15:29:25: "[AUX-] Phorce_Phed<5><STEAM_0:1:9863507><NSF>" killed "[Ikko] 3LOW<8><STEAM_0:0:67890711><Jinrai>" with "zr68s"
L 01/28/2024 - 15:29:37: "[Ikko] Shinra (Ikki)<16><STEAM_0:0:17487274><Jinrai>" say "why oni immortal"
L 01/28/2024 - 15:29:42: "[Ikko] Dommy<14><STEAM_0:1:15299509><Jinrai>" say "mosok"
L 01/28/2024 - 15:29:44: "[someikko] somerusher<9><STEAM_0:1:57157309><Jinrai>" killed "[AUX-] Phorce_Phed<5><STEAM_0:1:9863507><NSF>" with "zr68s"
L 01/28/2024 - 15:29:46: "[Ikko] Shinra (Ikki)<16><STEAM_0:0:17487274><Jinrai>" say "ah"
L 01/28/2024 - 15:30:14: "[ikko] The_Legoracer<11><STEAM_0:1:38534131><Jinrai>" killed "[AUX-] Oni<6><STEAM_0:1:10174276><NSF>" with "zr68s"
L 01/28/2024 - 15:30:14: "[Ikko] Shinra (Ikki)<16><STEAM_0:0:17487274><Jinrai>" triggered "kill_assist"
L 01/28/2024 - 15:30:18: "[ikko] The_Legoracer<11><STEAM_0:1:38534131><Jinrai>" killed "[AUX-] Nutnoze<4><STEAM_0:1:9530793><NSF>" with "zr68s"
L 01/28/2024 - 15:30:20: "[AUX-] Zero<3><STEAM_0:1:31124469><NSF>" killed "[ikko] The_Legoracer<11><STEAM_0:1:38534131><Jinrai>" with "zr68s"
L 01/28/2024 - 15:31:05: "[Ikko] 3LOW<8><STEAM_0:0:67890711><Jinrai>" killed "[AUX-] Oni<6><STEAM_0:1:10174276><NSF>" with "zr68s"
L 01/28/2024 - 15:31:06: "[AUX-] Blåberry<2><STEAM_0:1:20365268><NSF>" killed "[Ikko] 3LOW<8><STEAM_0:0:67890711><Jinrai>" with "srm"
L 01/28/2024 - 15:31:07: "[someikko] somerusher<9><STEAM_0:1:57157309><Jinrai>" killed "[AUX-] Nutnoze<4><STEAM_0:1:9530793><NSF>" with "zr68s"
L 01/28/2024 - 15:31:08: "[Ikko] Shinra (Ikki)<16><STEAM_0:0:17487274><Jinrai>" killed "[AUX-] Blåberry<2><STEAM_0:1:20365268><NSF>" with "supa7"
L 01/28/2024 - 15:31:41: "[someikko] somerusher<9><STEAM_0:1:57157309><Jinrai>" killed "[AUX-] Phorce_Phed<5><STEAM_0:1:9863507><NSF>" with "zr68s"
L 01/28/2024 - 15:31:48: "[AUX-] Zero<3><STEAM_0:1:31124469><NSF>" killed "[Ikko] Dommy<14><STEAM_0:1:15299509><Jinrai>" with "kyla"
L 01/28/2024 - 15:31:48: "[Ikko] Shinra (Ikki)<16><STEAM_0:0:17487274><Jinrai>" killed "[AUX-] Zero<3><STEAM_0:1:31124469><NSF>" with "supa7"
L 01/28/2024 - 15:31:48: "[Ikko] Dommy<14><STEAM_0:1:15299509><Jinrai>" triggered "kill_assist"
L 01/28/2024 - 15:32:37: "[AUX-] Blåberry<2><STEAM_0:1:20365268><NSF>" killed "[Ikko] 3LOW<8><STEAM_0:0:67890711><Jinrai>" with "zr68s"
L 01/28/2024 - 15:33:05: "[Ikko] Shinra (Ikki)<16><STEAM_0:0:17487274><Jinrai>" killed "[AUX-] Zero<3><STEAM_0:1:31124469><NSF>" with "zr68s"
L 01/28/2024 - 15:33:09: "[Ikko] Shinra (Ikki)<16><STEAM_0:0:17487274><Jinrai>" killed "[AUX-] Blåberry<2><STEAM_0:1:20365268><NSF>" with "zr68s"
L 01/28/2024 - 15:33:30: "[AUX-] Phorce_Phed<5><STEAM_0:1:9863507><NSF>" killed "[Ikko] Dommy<14><STEAM_0:1:15299509><Jinrai>" with "zr68s"
L 01/28/2024 - 15:33:31: "[ikko] The_Legoracer<11><STEAM_0:1:38534131><Jinrai>" killed "[AUX-] Phorce_Phed<5><STEAM_0:1:9863507><NSF>" with "zr68s"
L 01/28/2024 - 15:33:38: "[Ikko] Shinra (Ikki)<16><STEAM_0:0:17487274><Jinrai>" killed "[AUX-] Oni<6><STEAM_0:1:10174276><NSF>" with "mx"
L 01/28/2024 - 15:33:43: "[AUX-] Nutnoze<4><STEAM_0:1:9530793><NSF>" killed "[Ikko] Shinra (Ikki)<16><STEAM_0:0:17487274><Jinrai>" with "zr68c"
L 01/28/2024 - 15:33:43: "[AUX-] Blåberry<2><STEAM_0:1:20365268><NSF>" triggered "kill_assist"
L 01/28/2024 - 15:33:56: "[ikko] The_Legoracer<11><STEAM_0:1:38534131><Jinrai>" killed "[AUX-] Nutnoze<4><STEAM_0:1:9530793><NSF>" with "zr68s"
L 01/28/2024 - 15:34:35: "[Ikko] 3LOW<8><STEAM_0:0:67890711><Jinrai>" killed "[AUX-] Blåberry<2><STEAM_0:1:20365268><NSF>" with "zr68s"
L 01/28/2024 - 15:34:36: "[AUX-] Oni<6><STEAM_0:1:10174276><NSF>" killed "[Ikko] 3LOW<8><STEAM_0:0:67890711><Jinrai>" with "jittescoped"
L 01/28/2024 - 15:34:36: "[AUX-] Blåberry<2><STEAM_0:1:20365268><NSF>" triggered "kill_assist"
L 01/28/2024 - 15:34:41: "[someikko] somerusher<9><STEAM_0:1:57157309><Jinrai>" killed "[AUX-] Phorce_Phed<5><STEAM_0:1:9863507><NSF>" with "zr68s"
L 01/28/2024 - 15:34:54: "[AUX-] Nutnoze<4><STEAM_0:1:9530793><NSF>" killed "[someikko] somerusher<9><STEAM_0:1:57157309><Jinrai>" with "zr68s"
L 01/28/2024 - 15:35:07: "[Ikko] Shinra (Ikki)<16><STEAM_0:0:17487274><Jinrai>" killed "[AUX-] Oni<6><STEAM_0:1:10174276><NSF>" with "mx"
L 01/28/2024 - 15:35:13: "[AUX-] Zero<3><STEAM_0:1:31124469><NSF>" killed "[AUX-] Nutnoze<4><STEAM_0:1:9530793><NSF>" with "zr68s"
L 01/28/2024 - 15:35:33: Team "Jinrai" triggered "ghost_capture_team"
L 01/28/2024 - 15:35:33: "[ikko] The_Legoracer<11><STEAM_0:1:38534131><Jinrai>" triggered "ghost_capture"
L 01/28/2024 - 15:35:35: "[Ikko] Shinra (Ikki)<16><STEAM_0:0:17487274><Jinrai>" killed "[AUX-] Zero<3><STEAM_0:1:31124469><NSF>" with "mx"
L 01/28/2024 - 15:35:35: "[ikko] The_Legoracer<11><STEAM_0:1:38534131><Jinrai>" triggered "kill_assist"
L 01/28/2024 - 15:36:10: "[AUX-] Oni<6><STEAM_0:1:10174276><NSF>" killed "[Ikko] 3LOW<8><STEAM_0:0:67890711><Jinrai>" with "grenade_projectile"
L 01/28/2024 - 15:36:33: "[AUX-] Zero<3><STEAM_0:1:31124469><NSF>" killed "[Ikko] Dommy<14><STEAM_0:1:15299509><Jinrai>" with "grenade_projectile"
L 01/28/2024 - 15:37:14: "[Ikko] Shinra (Ikki)<16><STEAM_0:0:17487274><Jinrai>" killed "[AUX-] Zero<3><STEAM_0:1:31124469><NSF>" with "mx"
L 01/28/2024 - 15:37:26: "[Ikko] Shinra (Ikki)<16><STEAM_0:0:17487274><Jinrai>" killed "[AUX-] Phorce_Phed<5><STEAM_0:1:9863507><NSF>" with "mx"
L 01/28/2024 - 15:37:52: "[AUX-] Oni<6><STEAM_0:1:10174276><NSF>" killed "[someikko] somerusher<9><STEAM_0:1:57157309><Jinrai>" with "zr68s"
L 01/28/2024 - 15:37:52: "[AUX-] Nutnoze<4><STEAM_0:1:9530793><NSF>" triggered "kill_assist"
L 01/28/2024 - 15:37:58: "[AUX-] Blåberry<2><STEAM_0:1:20365268><NSF>" killed "[ikko] The_Legoracer<11><STEAM_0:1:38534131><Jinrai>" with "supa7"
L 01/28/2024 - 15:38:05: "[AUX-] Blåberry<2><STEAM_0:1:20365268><NSF>" killed "[Ikko] Shinra (Ikki)<16><STEAM_0:0:17487274><Jinrai>" with "supa7"
L 01/28/2024 - 15:38:42: "[AUX-] Blåberry<2><STEAM_0:1:20365268><NSF>" killed "[Ikko] 3LOW<8><STEAM_0:0:67890711><Jinrai>" with "mx"
L 01/28/2024 - 15:38:45: "[Ikko] Dommy<14><STEAM_0:1:15299509><Jinrai>" killed "[AUX-] Blåberry<2><STEAM_0:1:20365268><NSF>" with "mx"
L 01/28/2024 - 15:38:45: "[Ikko] 3LOW<8><STEAM_0:0:67890711><Jinrai>" triggered "kill_assist"
L 01/28/2024 - 15:39:30: "[Ikko] Shinra (Ikki)<16><STEAM_0:0:17487274><Jinrai>" killed "[AUX-] Phorce_Phed<5><STEAM_0:1:9863507><NSF>" with "mx"
L 01/28/2024 - 15:39:32: "[Ikko] Dommy<14><STEAM_0:1:15299509><Jinrai>" killed "[AUX-] Nutnoze<4><STEAM_0:1:9530793><NSF>" with "mx"
L 01/28/2024 - 15:39:36: "[AUX-] Oni<6><STEAM_0:1:10174276><NSF>" killed "[Ikko] Dommy<14><STEAM_0:1:15299509><Jinrai>" with "srm"
L 01/28/2024 - 15:39:37: "[AUX-] Oni<6><STEAM_0:1:10174276><NSF>" killed "[Ikko] Shinra (Ikki)<16><STEAM_0:0:17487274><Jinrai>" with "srm"
L 01/28/2024 - 15:39:39: "[ikko] The_Legoracer<11><STEAM_0:1:38534131><Jinrai>" killed "[AUX-] Zero<3><STEAM_0:1:31124469><NSF>" with "mx"
L 01/28/2024 - 15:39:42: "[someikko] somerusher<9><STEAM_0:1:57157309><Jinrai>" killed "[AUX-] Oni<6><STEAM_0:1:10174276><NSF>" with "zr68s"
L 01/28/2024 - 15:39:50: "[Ikko] Shinra (Ikki)<16><STEAM_0:0:17487274><Jinrai>" say "reload bug"
L 01/28/2024 - 15:40:20: "[AUX-] Blåberry<2><STEAM_0:1:20365268><NSF>" killed "[Ikko] 3LOW<8><STEAM_0:0:67890711><Jinrai>" with "mx"
L 01/28/2024 - 15:40:28: "[ikko] The_Legoracer<11><STEAM_0:1:38534131><Jinrai>" killed "[AUX-] Phorce_Phed<5><STEAM_0:1:9863507><NSF>" with "mx"
L 01/28/2024 - 15:40:30: "[AUX-] Oni<6><STEAM_0:1:10174276><NSF>" killed "[ikko] The_Legoracer<11><STEAM_0:1:38534131><Jinrai>" with "srm"
L 01/28/2024 - 15:40:41: "[someikko] somerusher<9><STEAM_0:1:57157309><Jinrai>" killed "[AUX-] Zero<3><STEAM_0:1:31124469><NSF>" with "mx"
L 01/28/2024 - 15:40:44: "[Ikko] Shinra (Ikki)<16><STEAM_0:0:17487274><Jinrai>" killed "[AUX-] Nutnoze<4><STEAM_0:1:9530793><NSF>" with "mx"
L 01/28/2024 - 15:40:44: "[Ikko] Dommy<14><STEAM_0:1:15299509><Jinrai>" triggered "kill_assist"
L 01/28/2024 - 15:40:57: "[someikko] somerusher<9><STEAM_0:1:57157309><Jinrai>" killed "[AUX-] Blåberry<2><STEAM_0:1:20365268><NSF>" with "mx"
L 01/28/2024 - 15:40:57: "[Ikko] 3LOW<8><STEAM_0:0:67890711><Jinrai>" triggered "kill_assist"
L 01/28/2024 - 15:41:01: "[Ikko] Shinra (Ikki)<16><STEAM_0:0:17487274><Jinrai>" killed "[AUX-] Oni<6><STEAM_0:1:10174276><NSF>" with "mx"
L 01/28/2024 - 15:41:01: "[ikko] The_Legoracer<11><STEAM_0:1:38534131><Jinrai>" triggered "kill_assist"
L 01/28/2024 - 15:41:26: "[Ikko] Dommy<14><STEAM_0:1:15299509><Jinrai>" say "the cans D:"
L 01/28/2024 - 15:41:40: "[Ikko] 3LOW<8><STEAM_0:0:67890711><Jinrai>" killed "[AUX-] Blåberry<2><STEAM_0:1:20365268><NSF>" with "zr68s"
L 01/28/2024 - 15:42:00: "[AUX-] Zero<3><STEAM_0:1:31124469><NSF>" killed "[someikko] somerusher<9><STEAM_0:1:57157309><Jinrai>" with "supa7"
L 01/28/2024 - 15:42:00: "[AUX-] Nutnoze<4><STEAM_0:1:9530793><NSF>" triggered "kill_assist"
L 01/28/2024 - 15:42:01: "[Ikko] 3LOW<8><STEAM_0:0:67890711><Jinrai>" killed "[AUX-] Phorce_Phed<5><STEAM_0:1:9863507><NSF>" with "zr68s"
L 01/28/2024 - 15:42:07: "[Ikko] Shinra (Ikki)<16><STEAM_0:0:17487274><Jinrai>" killed "[AUX-] Oni<6><STEAM_0:1:10174276><NSF>" with "mx"
L 01/28/2024 - 15:42:26: "[Ikko] 3LOW<8><STEAM_0:0:67890711><Jinrai>" killed "[AUX-] Nutnoze<4><STEAM_0:1:9530793><NSF>" with "zr68s"
L 01/28/2024 - 15:42:34: "[ikko] The_Legoracer<11><STEAM_0:1:38534131><Jinrai>" killed "[AUX-] Zero<3><STEAM_0:1:31124469><NSF>" with "mx"
L 01/28/2024 - 15:43:22: "[Ikko] Shinra (Ikki)<16><STEAM_0:0:17487274><Jinrai>" killed "[AUX-] Nutnoze<4><STEAM_0:1:9530793><NSF>" with "mx"
L 01/28/2024 - 15:43:35: "[someikko] somerusher<9><STEAM_0:1:57157309><Jinrai>" killed "[AUX-] Blåberry<2><STEAM_0:1:20365268><NSF>" with "mx"
L 01/28/2024 - 15:43:35: "[Ikko] Dommy<14><STEAM_0:1:15299509><Jinrai>" triggered "kill_assist"
L 01/28/2024 - 15:43:38: "[AUX-] Oni<6><STEAM_0:1:10174276><NSF>" killed "[someikko] somerusher<9><STEAM_0:1:57157309><Jinrai>" with "srm"
L 01/28/2024 - 15:43:39: "[Ikko] Shinra (Ikki)<16><STEAM_0:0:17487274><Jinrai>" killed "[AUX-] Phorce_Phed<5><STEAM_0:1:9863507><NSF>" with "mx"
L 01/28/2024 - 15:43:43: "[AUX-] Oni<6><STEAM_0:1:10174276><NSF>" killed "[ikko] The_Legoracer<11><STEAM_0:1:38534131><Jinrai>" with "srm"
L 01/28/2024 - 15:43:43: "[AUX-] Zero<3><STEAM_0:1:31124469><NSF>" triggered "kill_assist"
L 01/28/2024 - 15:43:55: "[AUX-] Blåberry<2><STEAM_0:1:20365268><NSF>" say_team "Damage dealt to [Ikko] Dommy [Support]: 82 in 6 hits"
L 01/28/2024 - 15:44:21: "[Ikko] Shinra (Ikki)<16><STEAM_0:0:17487274><Jinrai>" killed "[AUX-] Zero<3><STEAM_0:1:31124469><NSF>" with "mx"
L 01/28/2024 - 15:44:24: "[AUX-] Oni<6><STEAM_0:1:10174276><NSF>" killed "[Ikko] Shinra (Ikki)<16><STEAM_0:0:17487274><Jinrai>" with "mx"
L 01/28/2024 - 15:44:27: "[Ikko] 3LOW<8><STEAM_0:0:67890711><Jinrai>" killed "[AUX-] Oni<6><STEAM_0:1:10174276><NSF>" with "mx"
L 01/28/2024 - 15:44:47: "[Ikko] Shinra (Ikki)<16><STEAM_0:0:17487274><Jinrai>" say "gg gents"
L 01/28/2024 - 15:44:52: "[AUX-] Oni<6><STEAM_0:1:10174276><NSF>" say "gg"
L 01/28/2024 - 15:44:53: "[AUX-] Blåberry<2><STEAM_0:1:20365268><NSF>" say "gg"
L 01/28/2024 - 15:44:53: "[AUX-] Nutnoze<4><STEAM_0:1:9530793><NSF>" say "ggs"
L 01/28/2024 - 15:44:55: "[Ikko] Dommy<14><STEAM_0:1:15299509><Jinrai>" say "gg"
L 01/28/2024 - 15:44:56: "[Ikko] 3LOW<8><STEAM_0:0:67890711><Jinrai>" say "gg"
L 01/28/2024 - 15:44:58: "[AUX-] Oni<6><STEAM_0:1:10174276><NSF>" say "3rd for fun or nah?"
L 01/28/2024 - 15:44:59: "[someikko] somerusher<9><STEAM_0:1:57157309><Jinrai>" say "ggs"
L 01/28/2024 - 15:45:01: "[ikko] The_Legoracer<11><STEAM_0:1:38534131><Jinrai>" say "ggs wp ^^"
L 01/28/2024 - 15:45:05: "[ikko] The_Legoracer<11><STEAM_0:1:38534131><Jinrai>" say "im down"
L 01/28/2024 - 15:45:09: "[someikko] somerusher<9><STEAM_0:1:57157309><Jinrai>" say "sure"
L 01/28/2024 - 15:45:09: "[Ikko] Dommy<14><STEAM_0:1:15299509><Jinrai>" say "yeah"
L 01/28/2024 - 15:45:09: "[Ikko] Shinra (Ikki)<16><STEAM_0:0:17487274><Jinrai>" say "sure thing"
L 01/28/2024 - 15:45:26: "[AUX-] Oni<6><STEAM_0:1:10174276><NSF>" say "interviews first incase stream needs to move on to next match?"
L 01/28/2024 - 15:45:32: "[Ikko] Shinra (Ikki)<16><STEAM_0:0:17487274><Jinrai>" say "sure"
L 01/28/2024 - 15:45:34: "[Ikko] Dommy<14><STEAM_0:1:15299509><Jinrai>" say "sure"
L 01/28/2024 - 15:45:36: "[ikko] The_Legoracer<11><STEAM_0:1:38534131><Jinrai>" say "fair"
L 01/28/2024 - 15:45:47: [META] Loaded 0 plugins (1 already loaded)
L 01/28/2024 - 15:45:47: [META] Loaded 0 plugins (1 already loaded)
L 01/28/2024 - 15:45:47: Log file closed
