L 02/10/2024 - 18:33:35: Log file started (file "logs\L0210058.log") (game "z:\home\steam\steam\steamapps\common\nt\NeotokyoSource") (version "4044")
L 02/10/2024 - 18:33:35: server_cvar: "sv_pausable" "0"
L 02/10/2024 - 18:33:35: server_cvar: "sv_contact" "baux.site"
L 02/10/2024 - 18:33:35: server_cvar: "sv_gravity" "800"
L 02/10/2024 - 18:33:35: server_cvar: "mp_friendlyfire" "1"
L 02/10/2024 - 18:33:36: "[KOBA] DESTROYGIRL<17><STEAM_0:0:82737074><>" entered the game
L 02/10/2024 - 18:33:37: "[MNHR] Scarf<18><STEAM_0:1:128469250><>" entered the game
L 02/10/2024 - 18:33:37: "[KOBA] glitch<9><STEAM_0:0:526339791><>" entered the game
L 02/10/2024 - 18:33:37: "[KOBA]ASBOJACK7H<20><STEAM_0:0:559133323><>" entered the game
L 02/10/2024 - 18:33:37: "[MNHR] StellaNova<12><STEAM_0:0:31290862><>" entered the game
L 02/10/2024 - 18:33:37: "[2NT][mutent][MNHR] yoko<19><STEAM_0:0:33377178><>" entered the game
L 02/10/2024 - 18:33:37: "[KOBA] Zwiad (Zvyad)<15><STEAM_0:0:41211851><>" entered the game
L 02/10/2024 - 18:33:37: "[MNHR] Syz<8><STEAM_0:0:82019396><>" entered the game
L 02/10/2024 - 18:33:38: "[CAST] Cold Lizard<6><STEAM_0:1:20336729><>" entered the game
L 02/10/2024 - 18:33:38: "[Disembodied Camera] Oni<14><STEAM_0:1:10174276><>" entered the game
L 02/10/2024 - 18:33:39: "[MNHR] Izotop<16><STEAM_0:1:97975268><>" entered the game
L 02/10/2024 - 18:33:39: "[MNHR] Scarf<18><STEAM_0:1:128469250><Unassigned>" joined team "NSF"
L 02/10/2024 - 18:33:40: "[KOBA] glitch<9><STEAM_0:0:526339791><Unassigned>" joined team "Jinrai"
L 02/10/2024 - 18:33:40: "[KOBA]ASBOJACK7H<20><STEAM_0:0:559133323><Unassigned>" joined team "Jinrai"
L 02/10/2024 - 18:33:40: "[CAST] Infrequent<5><STEAM_0:1:6384081><>" entered the game
L 02/10/2024 - 18:33:41: "[CAST] Cold Lizard<6><STEAM_0:1:20336729><Unassigned>" joined team "Spectator"
L 02/10/2024 - 18:33:41: "[MNHR] Izotop<16><STEAM_0:1:97975268><Unassigned>" joined team "NSF"
L 02/10/2024 - 18:33:42: "[MNHR] Syz<8><STEAM_0:0:82019396><Unassigned>" joined team "NSF"
L 02/10/2024 - 18:33:42: "[Disembodied Camera] Oni<14><STEAM_0:1:10174276><Unassigned>" joined team "Spectator"
L 02/10/2024 - 18:33:42: "[MNHR] StellaNova<12><STEAM_0:0:31290862><Unassigned>" joined team "NSF"
L 02/10/2024 - 18:33:42: "[2NT][mutent][MNHR] yoko<19><STEAM_0:0:33377178><Unassigned>" joined team "NSF"
L 02/10/2024 - 18:33:42: "[CAST] Infrequent<5><STEAM_0:1:6384081><Unassigned>" joined team "Spectator"
L 02/10/2024 - 18:33:42: "[KOBA] Zwiad (Zvyad)<15><STEAM_0:0:41211851><Unassigned>" joined team "Jinrai"
L 02/10/2024 - 18:33:44: "[KOBA] DESTROYGIRL<17><STEAM_0:0:82737074><Unassigned>" joined team "Jinrai"
L 02/10/2024 - 18:33:45: "[Disembodied Camera] Oni<14><STEAM_0:1:10174276><Spectator>" say "!setobserver"
L 02/10/2024 - 18:33:47: "[KOBA] glitch<9><STEAM_0:0:526339791><Jinrai>" say "!ready"
L 02/10/2024 - 18:33:48: "[MNHR] Scarf<18><STEAM_0:1:128469250><NSF>" say "!ready"
L 02/10/2024 - 18:34:10: "[MNHR] StellaNova<12><STEAM_0:0:31290862><NSF>" say_team "!ready"
L 02/10/2024 - 18:34:13: "[MNHR] Syz<8><STEAM_0:0:82019396><NSF>" say "!ready"
L 02/10/2024 - 18:34:15: "[KOBA] glitch<9><STEAM_0:0:526339791><Jinrai>" say "!unready"
L 02/10/2024 - 18:34:16: "[MNHR] Izotop<16><STEAM_0:1:97975268><NSF>" say "!ready"
L 02/10/2024 - 18:34:18: "[2NT][mutent][MNHR] yoko<19><STEAM_0:0:33377178><NSF>" say "!ready"
L 02/10/2024 - 18:34:18: "[KOBA]TorMechia<22><STEAM_0:1:83071063><>" disconnected (reason "Disconnect by user.")
L 02/10/2024 - 18:34:24: "[KOBA]TorMechia<23><STEAM_ID_PENDING><>" connected, address "38.95.250.14:45225"
L 02/10/2024 - 18:34:24: "[KOBA]TorMechia<23><STEAM_0:1:83071063><>" STEAM USERID validated
L 02/10/2024 - 18:34:31: "[KOBA]ASBOJACK7H<20><STEAM_0:0:559133323><Jinrai>" say "!ready"
L 02/10/2024 - 18:34:31: "[KOBA] glitch<9><STEAM_0:0:526339791><Jinrai>" say "!ready"
L 02/10/2024 - 18:34:39: "[KOBA] Zwiad (Zvyad)<15><STEAM_0:0:41211851><Jinrai>" say "!ready"
L 02/10/2024 - 18:34:42: "[KOBA] Zwiad (Zvyad)<15><STEAM_0:0:41211851><Jinrai>" say "!unready"
L 02/10/2024 - 18:35:06: "[KOBA]TorMechia<23><STEAM_0:1:83071063><>" disconnected (reason "Disconnect by user.")
L 02/10/2024 - 18:35:17: "[KOBA]ASBOJACK7H<20><STEAM_0:0:559133323><Jinrai>" say "!readylisdt"
L 02/10/2024 - 18:35:18: "[KOBA] DESTROYGIRL<17><STEAM_0:0:82737074><Jinrai>" say "!ready"
L 02/10/2024 - 18:35:22: "[KOBA]ASBOJACK7H<20><STEAM_0:0:559133323><Jinrai>" say "!readylist"
L 02/10/2024 - 18:35:28: "[KOBA] DESTROYGIRL<17><STEAM_0:0:82737074><Jinrai>" say "!unready"
L 02/10/2024 - 18:35:30: "[MNHR] Syz<8><STEAM_0:0:82019396><NSF>" say "!ready"
L 02/10/2024 - 18:35:31: "[KOBA]TorMechia<24><STEAM_ID_PENDING><>" connected, address "38.95.250.14:45225"
L 02/10/2024 - 18:35:31: "[KOBA]TorMechia<24><STEAM_0:1:83071063><>" STEAM USERID validated
L 02/10/2024 - 18:35:33: "[KOBA]ASBOJACK7H<20><STEAM_0:0:559133323><Jinrai>" say "tor is downloading map SMH"
L 02/10/2024 - 18:35:34: "[MNHR] Izotop<16><STEAM_0:1:97975268><NSF>" say "!ready"
L 02/10/2024 - 18:35:43: "[MNHR] StellaNova<12><STEAM_0:0:31290862><NSF>" say "first time playing Turmuk lets goo"
L 02/10/2024 - 18:35:50: "[MNHR] Syz<8><STEAM_0:0:82019396><NSF>" say "nt on tor onion "
L 02/10/2024 - 18:35:51: "[2NT][mutent][MNHR] yoko<19><STEAM_0:0:33377178><NSF>" say "in russia, tor downlaod you "
L 02/10/2024 - 18:36:03: "[MNHR] Izotop<16><STEAM_0:1:97975268><NSF>" say "Это правда"
L 02/10/2024 - 18:36:10: "[KOBA] Zwiad (Zvyad)<15><STEAM_0:0:41211851><Jinrai>" say "thats not true"
L 02/10/2024 - 18:36:14: "[KOBA]TorMechia<24><STEAM_0:1:83071063><>" disconnected (reason "Disconnect by user.")
L 02/10/2024 - 18:36:14: "[MNHR] Izotop<16><STEAM_0:1:97975268><NSF>" say "=("
L 02/10/2024 - 18:36:26: "[MNHR] Syz<8><STEAM_0:0:82019396><NSF>" say "DA TRUTH"
L 02/10/2024 - 18:36:36: "[Disembodied Camera] Oni<14><STEAM_0:1:10174276><Spectator>" say "stream ready anytime, zero rush"
L 02/10/2024 - 18:36:44: "[KOBA] Zwiad (Zvyad)<15><STEAM_0:0:41211851><Jinrai>" say "some players smh"
L 02/10/2024 - 18:36:55: "[MNHR] StellaNova<12><STEAM_0:0:31290862><NSF>" say "#NotMyTeam"
L 02/10/2024 - 18:36:58: "[MNHR] Syz<8><STEAM_0:0:82019396><NSF>" say "goddamn koba players"
L 02/10/2024 - 18:37:57: "[2NT][mutent][MNHR] yoko<19><STEAM_0:0:33377178><NSF>" say "alright boys imma need 3 things"
L 02/10/2024 - 18:38:01: "[2NT][mutent][MNHR] yoko<19><STEAM_0:0:33377178><NSF>" say "a pair of pliers"
L 02/10/2024 - 18:38:03: "[KOBA] Zwiad (Zvyad)<15><STEAM_0:0:41211851><Jinrai>" say "no"
L 02/10/2024 - 18:38:04: "[2NT][mutent][MNHR] yoko<19><STEAM_0:0:33377178><NSF>" say "cheetos"
L 02/10/2024 - 18:38:07: "[2NT][mutent][MNHR] yoko<19><STEAM_0:0:33377178><NSF>" say "and a cat"
L 02/10/2024 - 18:38:07: "[KOBA]TorMechia<25><STEAM_ID_PENDING><>" connected, address "38.95.250.14:45225"
L 02/10/2024 - 18:38:08: "[KOBA]TorMechia<25><STEAM_0:1:83071063><>" STEAM USERID validated
L 02/10/2024 - 18:38:14: "[KOBA]ASBOJACK7H<20><STEAM_0:0:559133323><Jinrai>" say "postal dude ass loadout"
L 02/10/2024 - 18:38:23: "[KOBA]TorMechia<25><STEAM_0:1:83071063><>" entered the game
L 02/10/2024 - 18:38:26: "[2NT][mutent][MNHR] yoko<19><STEAM_0:0:33377178><NSF>" say "the pliers i will eat"
L 02/10/2024 - 18:38:27: "[MNHR] Syz<8><STEAM_0:0:82019396><NSF>" say "my fav crackhead"
L 02/10/2024 - 18:38:28: "[KOBA]TorMechia<25><STEAM_0:1:83071063><Unassigned>" joined team "Jinrai"
L 02/10/2024 - 18:38:30: "[KOBA] glitch<9><STEAM_0:0:526339791><Jinrai>" say_team "!ready"
L 02/10/2024 - 18:38:31: "[KOBA]TorMechia<25><STEAM_0:1:83071063><Jinrai>" say "sorry all"
L 02/10/2024 - 18:38:32: "[KOBA] Zwiad (Zvyad)<15><STEAM_0:0:41211851><Jinrai>" say "we throw this one and we play tetsu yeah?"
L 02/10/2024 - 18:38:32: "[2NT][mutent][MNHR] yoko<19><STEAM_0:0:33377178><NSF>" say "the cheetos i will use to defuse the bomb"
L 02/10/2024 - 18:38:33: "[KOBA]TorMechia<25><STEAM_0:1:83071063><Jinrai>" say "!ready"
L 02/10/2024 - 18:38:34: "[2NT][mutent][MNHR] yoko<19><STEAM_0:0:33377178><NSF>" say "and the cat"
L 02/10/2024 - 18:38:34: "[MNHR] Syz<8><STEAM_0:0:82019396><NSF>" say "the only crackhead i like "
L 02/10/2024 - 18:38:36: "[2NT][mutent][MNHR] yoko<19><STEAM_0:0:33377178><NSF>" say "well"
L 02/10/2024 - 18:38:39: "[2NT][mutent][MNHR] yoko<19><STEAM_0:0:33377178><NSF>" say "you know"
L 02/10/2024 - 18:38:39: "[KOBA] DESTROYGIRL<17><STEAM_0:0:82737074><Jinrai>" say "!ready"
L 02/10/2024 - 18:38:45: "[KOBA] Zwiad (Zvyad)<15><STEAM_0:0:41211851><Jinrai>" say "!ready"
L 02/10/2024 - 18:38:45: "[MNHR] Syz<8><STEAM_0:0:82019396><NSF>" say "its all good tor"
L 02/10/2024 - 18:38:50: "[MNHR] StellaNova<12><STEAM_0:0:31290862><NSF>" say "gl hf"
L 02/10/2024 - 18:38:51: "[KOBA]TorMechia<25><STEAM_0:1:83071063><Jinrai>" say "<3"
L 02/10/2024 - 18:39:00: "[KOBA] DESTROYGIRL<17><STEAM_0:0:82737074><Jinrai>" say "gl hf"
L 02/10/2024 - 18:39:55: "[KOBA] Zwiad (Zvyad)<15><STEAM_0:0:41211851><Jinrai>" killed "[2NT][mutent][MNHR] yoko<19><STEAM_0:0:33377178><NSF>" with "zr68c"
L 02/10/2024 - 18:39:55: "[2NT][mutent][MNHR] yoko<19><STEAM_0:0:33377178><NSF>" say_team "90 Support zr68c"
L 02/10/2024 - 18:39:57: "[MNHR] StellaNova<12><STEAM_0:0:31290862><NSF>" killed "[KOBA] Zwiad (Zvyad)<15><STEAM_0:0:41211851><Jinrai>" with "srm"
L 02/10/2024 - 18:40:07: "[MNHR] StellaNova<12><STEAM_0:0:31290862><NSF>" killed "[KOBA] glitch<9><STEAM_0:0:526339791><Jinrai>" with "zr68s"
L 02/10/2024 - 18:40:33: "[MNHR] Izotop<16><STEAM_0:1:97975268><NSF>" killed "[KOBA]ASBOJACK7H<20><STEAM_0:0:559133323><Jinrai>" with "zr68s"
L 02/10/2024 - 18:40:40: "[MNHR] StellaNova<12><STEAM_0:0:31290862><NSF>" killed "[KOBA] DESTROYGIRL<17><STEAM_0:0:82737074><Jinrai>" with "zr68s"
L 02/10/2024 - 18:40:40: "[KOBA] DESTROYGIRL<17><STEAM_0:0:82737074><Jinrai>" say_team "100 Recon zr68s"
L 02/10/2024 - 18:40:46: "[KOBA]TorMechia<25><STEAM_0:1:83071063><Jinrai>" killed "[MNHR] Scarf<18><STEAM_0:1:128469250><NSF>" with "zr68c"
L 02/10/2024 - 18:40:46: "[MNHR] Izotop<16><STEAM_0:1:97975268><NSF>" killed "[KOBA]TorMechia<25><STEAM_0:1:83071063><Jinrai>" with "zr68s"
L 02/10/2024 - 18:40:46: "[MNHR] Syz<8><STEAM_0:0:82019396><NSF>" triggered "kill_assist"
L 02/10/2024 - 18:42:13: "[KOBA] glitch<9><STEAM_0:0:526339791><Jinrai>" killed "[MNHR] Izotop<16><STEAM_0:1:97975268><NSF>" with "zr68s"
L 02/10/2024 - 18:42:13: "[MNHR] Izotop<16><STEAM_0:1:97975268><NSF>" say_team "68 Assault zr68s"
L 02/10/2024 - 18:42:15: "[KOBA] DESTROYGIRL<17><STEAM_0:0:82737074><Jinrai>" killed "[MNHR] Scarf<18><STEAM_0:1:128469250><NSF>" with "supa7"
L 02/10/2024 - 18:42:24: "[KOBA] Zwiad (Zvyad)<15><STEAM_0:0:41211851><Jinrai>" killed "[KOBA] glitch<9><STEAM_0:0:526339791><Jinrai>" with "zr68c"
L 02/10/2024 - 18:42:24: "[2NT][mutent][MNHR] yoko<19><STEAM_0:0:33377178><NSF>" triggered "kill_assist"
L 02/10/2024 - 18:42:49: "[MNHR] StellaNova<12><STEAM_0:0:31290862><NSF>" killed "[KOBA] DESTROYGIRL<17><STEAM_0:0:82737074><Jinrai>" with "supa7"
L 02/10/2024 - 18:42:49: "[MNHR] Scarf<18><STEAM_0:1:128469250><NSF>" triggered "kill_assist"
L 02/10/2024 - 18:42:49: "[KOBA] DESTROYGIRL<17><STEAM_0:0:82737074><Jinrai>" say_team "31 Recon supa7"
L 02/10/2024 - 18:42:52: "[KOBA]ASBOJACK7H<20><STEAM_0:0:559133323><Jinrai>" killed "[MNHR] StellaNova<12><STEAM_0:0:31290862><NSF>" with "srm"
L 02/10/2024 - 18:42:52: "[2NT][mutent][MNHR] yoko<19><STEAM_0:0:33377178><NSF>" killed "[KOBA]ASBOJACK7H<20><STEAM_0:0:559133323><Jinrai>" with "zr68s"
L 02/10/2024 - 18:43:22: "[MNHR] Syz<8><STEAM_0:0:82019396><NSF>" killed "[KOBA]TorMechia<25><STEAM_0:1:83071063><Jinrai>" with "m41"
L 02/10/2024 - 18:43:29: "[MNHR] Syz<8><STEAM_0:0:82019396><NSF>" killed "[KOBA] Zwiad (Zvyad)<15><STEAM_0:0:41211851><Jinrai>" with "m41"
L 02/10/2024 - 18:44:01: "[MNHR] Izotop<16><STEAM_0:1:97975268><NSF>" killed "[KOBA] glitch<9><STEAM_0:0:526339791><Jinrai>" with "grenade_projectile"
L 02/10/2024 - 18:44:04: "[KOBA]ASBOJACK7H<20><STEAM_0:0:559133323><Jinrai>" killed "[MNHR] Izotop<16><STEAM_0:1:97975268><NSF>" with "grenade_projectile"
L 02/10/2024 - 18:44:04: "[MNHR] Izotop<16><STEAM_0:1:97975268><NSF>" say_team "100 Assault grenade_projectile"
L 02/10/2024 - 18:44:43: "[MNHR] Syz<8><STEAM_0:0:82019396><NSF>" killed "[KOBA]ASBOJACK7H<20><STEAM_0:0:559133323><Jinrai>" with "mx"
L 02/10/2024 - 18:45:13: "[KOBA]TorMechia<25><STEAM_0:1:83071063><Jinrai>" killed "[MNHR] Syz<8><STEAM_0:0:82019396><NSF>" with "zr68c"
L 02/10/2024 - 18:45:13: "[KOBA]ASBOJACK7H<20><STEAM_0:0:559133323><Jinrai>" triggered "kill_assist"
L 02/10/2024 - 18:45:13: "[MNHR] Syz<8><STEAM_0:0:82019396><NSF>" say_team "68 Support zr68c"
L 02/10/2024 - 18:45:20: "[MNHR] StellaNova<12><STEAM_0:0:31290862><NSF>" killed "[KOBA] Zwiad (Zvyad)<15><STEAM_0:0:41211851><Jinrai>" with "supa7"
L 02/10/2024 - 18:45:21: "[KOBA] Zwiad (Zvyad)<15><STEAM_0:0:41211851><Jinrai>" killed "[MNHR] StellaNova<12><STEAM_0:0:31290862><NSF>" with "grenade_projectile"
L 02/10/2024 - 18:45:41: "[2NT][mutent][MNHR] yoko<19><STEAM_0:0:33377178><NSF>" killed "[KOBA] DESTROYGIRL<17><STEAM_0:0:82737074><Jinrai>" with "zr68s"
L 02/10/2024 - 18:45:41: "[KOBA] DESTROYGIRL<17><STEAM_0:0:82737074><Jinrai>" say_team "73 Assault zr68s"
L 02/10/2024 - 18:46:02: "[KOBA]TorMechia<25><STEAM_0:1:83071063><Jinrai>" killed "[MNHR] Scarf<18><STEAM_0:1:128469250><NSF>" with "zr68c"
L 02/10/2024 - 18:46:22: "[2NT][mutent][MNHR] yoko<19><STEAM_0:0:33377178><NSF>" killed "[KOBA]TorMechia<25><STEAM_0:1:83071063><Jinrai>" with "zr68s"
L 02/10/2024 - 18:47:43: "[KOBA] Zwiad (Zvyad)<15><STEAM_0:0:41211851><Jinrai>" killed "[MNHR] Syz<8><STEAM_0:0:82019396><NSF>" with "grenade_projectile"
L 02/10/2024 - 18:47:43: "[MNHR] Syz<8><STEAM_0:0:82019396><NSF>" say_team "100 Assault grenade_projectile"
L 02/10/2024 - 18:47:58: "[MNHR] StellaNova<12><STEAM_0:0:31290862><NSF>" killed "[KOBA] glitch<9><STEAM_0:0:526339791><Jinrai>" with "supa7"
L 02/10/2024 - 18:47:59: "[KOBA] Zwiad (Zvyad)<15><STEAM_0:0:41211851><Jinrai>" killed "[MNHR] StellaNova<12><STEAM_0:0:31290862><NSF>" with "zr68s"
L 02/10/2024 - 18:48:39: "[KOBA]ASBOJACK7H<20><STEAM_0:0:559133323><Jinrai>" killed "[MNHR] Scarf<18><STEAM_0:1:128469250><NSF>" with "zr68s"
L 02/10/2024 - 18:48:41: "[2NT][mutent][MNHR] yoko<19><STEAM_0:0:33377178><NSF>" killed "[KOBA]ASBOJACK7H<20><STEAM_0:0:559133323><Jinrai>" with "zr68s"
L 02/10/2024 - 18:48:42: "[KOBA] DESTROYGIRL<17><STEAM_0:0:82737074><Jinrai>" killed "[MNHR] Izotop<16><STEAM_0:1:97975268><NSF>" with "supa7"
L 02/10/2024 - 18:48:42: "[KOBA] Zwiad (Zvyad)<15><STEAM_0:0:41211851><Jinrai>" triggered "kill_assist"
L 02/10/2024 - 18:48:42: "[MNHR] Izotop<16><STEAM_0:1:97975268><NSF>" say_team "98 Support supa7"
L 02/10/2024 - 18:49:10: "[2NT][mutent][MNHR] yoko<19><STEAM_0:0:33377178><NSF>" killed "[KOBA]TorMechia<25><STEAM_0:1:83071063><Jinrai>" with "zr68s"
L 02/10/2024 - 18:49:10: "[MNHR] Scarf<18><STEAM_0:1:128469250><NSF>" triggered "kill_assist"
L 02/10/2024 - 18:49:19: "[2NT][mutent][MNHR] yoko<19><STEAM_0:0:33377178><NSF>" killed "[KOBA] DESTROYGIRL<17><STEAM_0:0:82737074><Jinrai>" with "zr68s"
L 02/10/2024 - 18:49:19: "[KOBA] DESTROYGIRL<17><STEAM_0:0:82737074><Jinrai>" say_team "2 Assault zr68s"
L 02/10/2024 - 18:49:27: "[2NT][mutent][MNHR] yoko<19><STEAM_0:0:33377178><NSF>" killed "[KOBA] Zwiad (Zvyad)<15><STEAM_0:0:41211851><Jinrai>" with "zr68s"
L 02/10/2024 - 18:49:53: "[KOBA]ASBOJACK7H<20><STEAM_0:0:559133323><Jinrai>" say "christ is this tiemuck"
L 02/10/2024 - 18:49:54: "[KOBA]TorMechia<25><STEAM_0:1:83071063><Jinrai>" joined team "Unassigned"
L 02/10/2024 - 18:49:55: "[KOBA]TorMechia<25><STEAM_0:1:83071063><Unassigned>" joined team "Jinrai"
L 02/10/2024 - 18:50:26: "[KOBA]TorMechia<25><STEAM_0:1:83071063><Jinrai>" killed "[MNHR] Scarf<18><STEAM_0:1:128469250><NSF>" with "grenade_projectile"
L 02/10/2024 - 18:50:28: "[KOBA] DESTROYGIRL<17><STEAM_0:0:82737074><Jinrai>" killed "[MNHR] Izotop<16><STEAM_0:1:97975268><NSF>" with "supa7"
L 02/10/2024 - 18:50:29: "[MNHR] Izotop<16><STEAM_0:1:97975268><NSF>" say_team "36 Support supa7"
L 02/10/2024 - 18:50:55: "[MNHR] Syz<8><STEAM_0:0:82019396><NSF>" killed "[KOBA] Zwiad (Zvyad)<15><STEAM_0:0:41211851><Jinrai>" with "mx"
L 02/10/2024 - 18:50:55: "[2NT][mutent][MNHR] yoko<19><STEAM_0:0:33377178><NSF>" triggered "kill_assist"
L 02/10/2024 - 18:51:08: "[KOBA]TorMechia<25><STEAM_0:1:83071063><Jinrai>" killed "[MNHR] StellaNova<12><STEAM_0:0:31290862><NSF>" with "zr68s"
L 02/10/2024 - 18:51:08: "[KOBA]ASBOJACK7H<20><STEAM_0:0:559133323><Jinrai>" triggered "kill_assist"
L 02/10/2024 - 18:51:13: "[MNHR] Syz<8><STEAM_0:0:82019396><NSF>" killed "[KOBA]TorMechia<25><STEAM_0:1:83071063><Jinrai>" with "mx"
L 02/10/2024 - 18:51:13: "[MNHR] Scarf<18><STEAM_0:1:128469250><NSF>" triggered "kill_assist"
L 02/10/2024 - 18:51:43: "[KOBA] glitch<9><STEAM_0:0:526339791><Jinrai>" killed "[2NT][mutent][MNHR] yoko<19><STEAM_0:0:33377178><NSF>" with "zr68s"
L 02/10/2024 - 18:51:43: "[2NT][mutent][MNHR] yoko<19><STEAM_0:0:33377178><NSF>" say_team "100 Assault zr68s"
L 02/10/2024 - 18:52:12: "[KOBA] glitch<9><STEAM_0:0:526339791><Jinrai>" killed "[MNHR] Syz<8><STEAM_0:0:82019396><NSF>" with "zr68s"
L 02/10/2024 - 18:52:12: "[MNHR] Syz<8><STEAM_0:0:82019396><NSF>" say_team "39 Assault zr68s"
L 02/10/2024 - 18:53:28: "[KOBA]ASBOJACK7H<20><STEAM_0:0:559133323><Jinrai>" killed "[MNHR] Izotop<16><STEAM_0:1:97975268><NSF>" with "mx"
L 02/10/2024 - 18:53:28: "[MNHR] Izotop<16><STEAM_0:1:97975268><NSF>" say_team "94 Support mx"
L 02/10/2024 - 18:53:30: "[2NT][mutent][MNHR] yoko<19><STEAM_0:0:33377178><NSF>" killed "[KOBA] glitch<9><STEAM_0:0:526339791><Jinrai>" with "mx_silenced"
L 02/10/2024 - 18:53:40: "[MNHR] Syz<8><STEAM_0:0:82019396><NSF>" killed "[KOBA]TorMechia<25><STEAM_0:1:83071063><Jinrai>" with "mx"
L 02/10/2024 - 18:53:48: "[KOBA] DESTROYGIRL<17><STEAM_0:0:82737074><Jinrai>" killed "[MNHR] Scarf<18><STEAM_0:1:128469250><NSF>" with "mx"
L 02/10/2024 - 18:53:50: "[KOBA] Zwiad (Zvyad)<15><STEAM_0:0:41211851><Jinrai>" killed "[MNHR] StellaNova<12><STEAM_0:0:31290862><NSF>" with "mx"
L 02/10/2024 - 18:53:50: "[KOBA]ASBOJACK7H<20><STEAM_0:0:559133323><Jinrai>" triggered "kill_assist"
L 02/10/2024 - 18:53:52: "[KOBA] Zwiad (Zvyad)<15><STEAM_0:0:41211851><Jinrai>" killed "[2NT][mutent][MNHR] yoko<19><STEAM_0:0:33377178><NSF>" with "mx"
L 02/10/2024 - 18:53:52: "[KOBA] glitch<9><STEAM_0:0:526339791><Jinrai>" triggered "kill_assist"
L 02/10/2024 - 18:53:52: "[2NT][mutent][MNHR] yoko<19><STEAM_0:0:33377178><NSF>" say_team "74 Support mx"
L 02/10/2024 - 18:54:09: "[KOBA]ASBOJACK7H<20><STEAM_0:0:559133323><Jinrai>" killed "[MNHR] Syz<8><STEAM_0:0:82019396><NSF>" with "kyla"
L 02/10/2024 - 18:54:09: "[MNHR] Syz<8><STEAM_0:0:82019396><NSF>" say_team "4 Support kyla"
L 02/10/2024 - 18:55:14: "[KOBA]ASBOJACK7H<20><STEAM_0:0:559133323><Jinrai>" killed "[MNHR] Scarf<18><STEAM_0:1:128469250><NSF>" with "mx"
L 02/10/2024 - 18:55:18: "[MNHR] StellaNova<12><STEAM_0:0:31290862><NSF>" killed "[KOBA]TorMechia<25><STEAM_0:1:83071063><Jinrai>" with "zr68l"
L 02/10/2024 - 18:55:24: "[2NT][mutent][MNHR] yoko<19><STEAM_0:0:33377178><NSF>" killed "[KOBA] glitch<9><STEAM_0:0:526339791><Jinrai>" with "mx_silenced"
L 02/10/2024 - 18:55:25: "[KOBA] DESTROYGIRL<17><STEAM_0:0:82737074><Jinrai>" killed "[MNHR] Izotop<16><STEAM_0:1:97975268><NSF>" with "mx"
L 02/10/2024 - 18:55:25: "[KOBA] glitch<9><STEAM_0:0:526339791><Jinrai>" triggered "kill_assist"
L 02/10/2024 - 18:55:25: "[MNHR] Izotop<16><STEAM_0:1:97975268><NSF>" say_team "100 Support mx"
L 02/10/2024 - 18:55:32: "[KOBA] DESTROYGIRL<17><STEAM_0:0:82737074><Jinrai>" killed "[2NT][mutent][MNHR] yoko<19><STEAM_0:0:33377178><NSF>" with "mx"
L 02/10/2024 - 18:55:33: "[2NT][mutent][MNHR] yoko<19><STEAM_0:0:33377178><NSF>" say_team "39 Support mx"
L 02/10/2024 - 18:55:40: "[KOBA]ASBOJACK7H<20><STEAM_0:0:559133323><Jinrai>" killed "[MNHR] Syz<8><STEAM_0:0:82019396><NSF>" with "mx"
L 02/10/2024 - 18:55:40: "[MNHR] Syz<8><STEAM_0:0:82019396><NSF>" say_team "2 Support mx"
L 02/10/2024 - 18:56:18: "[KOBA]ASBOJACK7H<20><STEAM_0:0:559133323><Jinrai>" killed "[MNHR] StellaNova<12><STEAM_0:0:31290862><NSF>" with "mx"
L 02/10/2024 - 18:56:18: "[KOBA] Zwiad (Zvyad)<15><STEAM_0:0:41211851><Jinrai>" triggered "kill_assist"
L 02/10/2024 - 18:57:23: "[2NT][mutent][MNHR] yoko<19><STEAM_0:0:33377178><NSF>" killed "[KOBA] glitch<9><STEAM_0:0:526339791><Jinrai>" with "grenade_projectile"
L 02/10/2024 - 18:58:07: "[KOBA] DESTROYGIRL<17><STEAM_0:0:82737074><Jinrai>" killed "[MNHR] Izotop<16><STEAM_0:1:97975268><NSF>" with "mx"
L 02/10/2024 - 18:58:07: "[MNHR] Izotop<16><STEAM_0:1:97975268><NSF>" say_team "53 Support mx"
L 02/10/2024 - 18:58:07: "[MNHR] Scarf<18><STEAM_0:1:128469250><NSF>" killed "[KOBA] DESTROYGIRL<17><STEAM_0:0:82737074><Jinrai>" with "mx"
L 02/10/2024 - 18:58:07: "[KOBA] DESTROYGIRL<17><STEAM_0:0:82737074><Jinrai>" say_team "32 Support mx"
L 02/10/2024 - 18:58:12: "[MNHR] StellaNova<12><STEAM_0:0:31290862><NSF>" killed "[KOBA]TorMechia<25><STEAM_0:1:83071063><Jinrai>" with "srm"
L 02/10/2024 - 18:58:21: "[KOBA] Zwiad (Zvyad)<15><STEAM_0:0:41211851><Jinrai>" killed "[MNHR] Syz<8><STEAM_0:0:82019396><NSF>" with "mx"
L 02/10/2024 - 18:58:21: "[KOBA]ASBOJACK7H<20><STEAM_0:0:559133323><Jinrai>" triggered "kill_assist"
L 02/10/2024 - 18:58:21: "[MNHR] Syz<8><STEAM_0:0:82019396><NSF>" say_team "36 Support mx"
L 02/10/2024 - 18:58:38: "[MNHR] Scarf<18><STEAM_0:1:128469250><NSF>" killed "[KOBA]ASBOJACK7H<20><STEAM_0:0:559133323><Jinrai>" with "mx"
L 02/10/2024 - 18:58:38: "[MNHR] Syz<8><STEAM_0:0:82019396><NSF>" triggered "kill_assist"
L 02/10/2024 - 18:58:53: "[KOBA] Zwiad (Zvyad)<15><STEAM_0:0:41211851><Jinrai>" killed "[MNHR] Scarf<18><STEAM_0:1:128469250><NSF>" with "mx"
L 02/10/2024 - 18:58:53: "[KOBA] DESTROYGIRL<17><STEAM_0:0:82737074><Jinrai>" triggered "kill_assist"
L 02/10/2024 - 18:59:06: Team "NSF" triggered "ghost_capture_team"
L 02/10/2024 - 18:59:06: "[MNHR] StellaNova<12><STEAM_0:0:31290862><NSF>" triggered "ghost_capture"
L 02/10/2024 - 18:59:07: "[2NT][mutent][MNHR] yoko<19><STEAM_0:0:33377178><NSF>" killed "[KOBA] Zwiad (Zvyad)<15><STEAM_0:0:41211851><Jinrai>" with "mx_silenced"
L 02/10/2024 - 18:59:07: "[MNHR] Izotop<16><STEAM_0:1:97975268><NSF>" triggered "kill_assist"
L 02/10/2024 - 19:00:41: "[MNHR] StellaNova<12><STEAM_0:0:31290862><NSF>" killed "[KOBA]TorMechia<25><STEAM_0:1:83071063><Jinrai>" with "srs"
L 02/10/2024 - 19:00:44: "[KOBA]ASBOJACK7H<20><STEAM_0:0:559133323><Jinrai>" killed "[MNHR] Scarf<18><STEAM_0:1:128469250><NSF>" with "mx"
L 02/10/2024 - 19:00:44: "[KOBA] DESTROYGIRL<17><STEAM_0:0:82737074><Jinrai>" triggered "kill_assist"
L 02/10/2024 - 19:00:45: "[MNHR] Izotop<16><STEAM_0:1:97975268><NSF>" killed "[KOBA] glitch<9><STEAM_0:0:526339791><Jinrai>" with "zr68s"
L 02/10/2024 - 19:00:48: "[KOBA]ASBOJACK7H<20><STEAM_0:0:559133323><Jinrai>" killed "[2NT][mutent][MNHR] yoko<19><STEAM_0:0:33377178><NSF>" with "mx"
L 02/10/2024 - 19:00:48: "[2NT][mutent][MNHR] yoko<19><STEAM_0:0:33377178><NSF>" say_team "100 Support mx"
L 02/10/2024 - 19:00:50: "[KOBA] DESTROYGIRL<17><STEAM_0:0:82737074><Jinrai>" killed "[MNHR] Izotop<16><STEAM_0:1:97975268><NSF>" with "mx"
L 02/10/2024 - 19:00:50: "[KOBA] glitch<9><STEAM_0:0:526339791><Jinrai>" triggered "kill_assist"
L 02/10/2024 - 19:00:50: "[MNHR] Izotop<16><STEAM_0:1:97975268><NSF>" say_team "33 Support mx"
L 02/10/2024 - 19:00:51: "[KOBA] Zwiad (Zvyad)<15><STEAM_0:0:41211851><Jinrai>" killed "[MNHR] Syz<8><STEAM_0:0:82019396><NSF>" with "mx"
L 02/10/2024 - 19:00:51: "[MNHR] Syz<8><STEAM_0:0:82019396><NSF>" say_team "53 Support mx"
L 02/10/2024 - 19:01:14: "[KOBA]ASBOJACK7H<20><STEAM_0:0:559133323><Jinrai>" killed "[MNHR] StellaNova<12><STEAM_0:0:31290862><NSF>" with "mx"
L 02/10/2024 - 19:02:07: "[KOBA] glitch<9><STEAM_0:0:526339791><Jinrai>" killed "[2NT][mutent][MNHR] yoko<19><STEAM_0:0:33377178><NSF>" with "mx"
L 02/10/2024 - 19:02:07: "[2NT][mutent][MNHR] yoko<19><STEAM_0:0:33377178><NSF>" say_team "100 Assault mx"
L 02/10/2024 - 19:02:25: "[MNHR] Izotop<16><STEAM_0:1:97975268><NSF>" killed "[KOBA]ASBOJACK7H<20><STEAM_0:0:559133323><Jinrai>" with "jittescoped"
L 02/10/2024 - 19:02:43: "[KOBA] glitch<9><STEAM_0:0:526339791><Jinrai>" killed "[MNHR] Izotop<16><STEAM_0:1:97975268><NSF>" with "mx"
L 02/10/2024 - 19:02:43: "[KOBA] Zwiad (Zvyad)<15><STEAM_0:0:41211851><Jinrai>" triggered "kill_assist"
L 02/10/2024 - 19:02:44: "[MNHR] Izotop<16><STEAM_0:1:97975268><NSF>" say_team "100 Assault mx"
L 02/10/2024 - 19:02:56: "[MNHR] Syz<8><STEAM_0:0:82019396><NSF>" killed "[KOBA] glitch<9><STEAM_0:0:526339791><Jinrai>" with "mx"
L 02/10/2024 - 19:02:58: "[KOBA]TorMechia<25><STEAM_0:1:83071063><Jinrai>" killed "[MNHR] Syz<8><STEAM_0:0:82019396><NSF>" with "zr68s"
L 02/10/2024 - 19:02:58: "[MNHR] Syz<8><STEAM_0:0:82019396><NSF>" say_team "27 Assault zr68s"
L 02/10/2024 - 19:03:14: "[MNHR] StellaNova<12><STEAM_0:0:31290862><NSF>" killed "[KOBA]TorMechia<25><STEAM_0:1:83071063><Jinrai>" with "srs"
L 02/10/2024 - 19:03:14: "[MNHR] Syz<8><STEAM_0:0:82019396><NSF>" triggered "kill_assist"
L 02/10/2024 - 19:03:25: "[KOBA] DESTROYGIRL<17><STEAM_0:0:82737074><Jinrai>" killed "[MNHR] Scarf<18><STEAM_0:1:128469250><NSF>" with "mx"
L 02/10/2024 - 19:04:00: "[KOBA] DESTROYGIRL<17><STEAM_0:0:82737074><Jinrai>" killed "[MNHR] StellaNova<12><STEAM_0:0:31290862><NSF>" with "mx"
L 02/10/2024 - 19:05:15: "[KOBA]ASBOJACK7H<20><STEAM_0:0:559133323><Jinrai>" killed "[MNHR] Scarf<18><STEAM_0:1:128469250><NSF>" with "mx_silenced"
L 02/10/2024 - 19:05:20: "[MNHR] Syz<8><STEAM_0:0:82019396><NSF>" killed "[KOBA]TorMechia<25><STEAM_0:1:83071063><Jinrai>" with "mx"
L 02/10/2024 - 19:06:00: "[MNHR] Syz<8><STEAM_0:0:82019396><NSF>" killed "[KOBA]ASBOJACK7H<20><STEAM_0:0:559133323><Jinrai>" with "mx"
L 02/10/2024 - 19:06:00: "[2NT][mutent][MNHR] yoko<19><STEAM_0:0:33377178><NSF>" triggered "kill_assist"
L 02/10/2024 - 19:06:15: "[MNHR] StellaNova<12><STEAM_0:0:31290862><NSF>" killed "[KOBA] DESTROYGIRL<17><STEAM_0:0:82737074><Jinrai>" with "mx"
L 02/10/2024 - 19:06:15: "[KOBA] DESTROYGIRL<17><STEAM_0:0:82737074><Jinrai>" say_team "83 Assault mx"
L 02/10/2024 - 19:06:18: "[MNHR] StellaNova<12><STEAM_0:0:31290862><NSF>" killed "[KOBA] glitch<9><STEAM_0:0:526339791><Jinrai>" with "mx"
L 02/10/2024 - 19:06:22: "[KOBA] Zwiad (Zvyad)<15><STEAM_0:0:41211851><Jinrai>" killed "[2NT][mutent][MNHR] yoko<19><STEAM_0:0:33377178><NSF>" with "mx"
L 02/10/2024 - 19:06:22: "[KOBA]ASBOJACK7H<20><STEAM_0:0:559133323><Jinrai>" triggered "kill_assist"
L 02/10/2024 - 19:06:22: "[2NT][mutent][MNHR] yoko<19><STEAM_0:0:33377178><NSF>" say_team "100 Support mx"
L 02/10/2024 - 19:06:23: "[KOBA] Zwiad (Zvyad)<15><STEAM_0:0:41211851><Jinrai>" killed "[MNHR] Syz<8><STEAM_0:0:82019396><NSF>" with "mx"
L 02/10/2024 - 19:06:23: "[KOBA]ASBOJACK7H<20><STEAM_0:0:559133323><Jinrai>" triggered "kill_assist"
L 02/10/2024 - 19:06:23: "[MNHR] Syz<8><STEAM_0:0:82019396><NSF>" say_team "75 Support mx"
L 02/10/2024 - 19:06:36: "[KOBA] Zwiad (Zvyad)<15><STEAM_0:0:41211851><Jinrai>" killed "[MNHR] Izotop<16><STEAM_0:1:97975268><NSF>" with "mx"
L 02/10/2024 - 19:06:36: "[KOBA] glitch<9><STEAM_0:0:526339791><Jinrai>" triggered "kill_assist"
L 02/10/2024 - 19:06:36: "[MNHR] Izotop<16><STEAM_0:1:97975268><NSF>" say_team "75 Support mx"
L 02/10/2024 - 19:06:37: "[MNHR] Syz<8><STEAM_0:0:82019396><NSF>" say "fuck this shitty jank game"
L 02/10/2024 - 19:06:38: "[KOBA] Zwiad (Zvyad)<15><STEAM_0:0:41211851><Jinrai>" killed "[MNHR] StellaNova<12><STEAM_0:0:31290862><NSF>" with "mx"
L 02/10/2024 - 19:06:51: "[KOBA]TorMechia<25><STEAM_0:1:83071063><Jinrai>" say "lmao"
L 02/10/2024 - 19:07:28: "[KOBA] glitch<9><STEAM_0:0:526339791><Jinrai>" killed "[MNHR] Scarf<18><STEAM_0:1:128469250><NSF>" with "mx"
L 02/10/2024 - 19:07:58: "[KOBA] DESTROYGIRL<17><STEAM_0:0:82737074><Jinrai>" killed "[MNHR] StellaNova<12><STEAM_0:0:31290862><NSF>" with "mx"
L 02/10/2024 - 19:07:58: "[KOBA]ASBOJACK7H<20><STEAM_0:0:559133323><Jinrai>" triggered "kill_assist"
L 02/10/2024 - 19:08:36: "[KOBA] Zwiad (Zvyad)<15><STEAM_0:0:41211851><Jinrai>" killed "[MNHR] Syz<8><STEAM_0:0:82019396><NSF>" with "mx"
L 02/10/2024 - 19:08:36: "[MNHR] Syz<8><STEAM_0:0:82019396><NSF>" say_team "13 Support mx"
L 02/10/2024 - 19:08:37: "[KOBA]ASBOJACK7H<20><STEAM_0:0:559133323><Jinrai>" killed "[MNHR] Izotop<16><STEAM_0:1:97975268><NSF>" with "mx"
L 02/10/2024 - 19:08:38: "[MNHR] Izotop<16><STEAM_0:1:97975268><NSF>" say_team "68 Support mx"
L 02/10/2024 - 19:08:40: "[KOBA] Zwiad (Zvyad)<15><STEAM_0:0:41211851><Jinrai>" killed "[2NT][mutent][MNHR] yoko<19><STEAM_0:0:33377178><NSF>" with "mx"
L 02/10/2024 - 19:08:40: "[2NT][mutent][MNHR] yoko<19><STEAM_0:0:33377178><NSF>" say_team "13 Support mx"
L 02/10/2024 - 19:08:42: "[MNHR] Syz<8><STEAM_0:0:82019396><NSF>" say "gg"
L 02/10/2024 - 19:08:43: "[MNHR] Syz<8><STEAM_0:0:82019396><NSF>" disconnected (reason "Disconnect by user.")
L 02/10/2024 - 19:08:44: "[MNHR] Izotop<16><STEAM_0:1:97975268><NSF>" say "gg"
L 02/10/2024 - 19:08:44: "[KOBA] glitch<9><STEAM_0:0:526339791><Jinrai>" say "gg"
L 02/10/2024 - 19:08:46: "[KOBA]ASBOJACK7H<20><STEAM_0:0:559133323><Jinrai>" say "GGWP"
L 02/10/2024 - 19:08:46: "[MNHR] StellaNova<12><STEAM_0:0:31290862><NSF>" say "gg"
L 02/10/2024 - 19:08:47: "[KOBA] DESTROYGIRL<17><STEAM_0:0:82737074><Jinrai>" say "ggs"
L 02/10/2024 - 19:08:47: "[MNHR] StellaNova<12><STEAM_0:0:31290862><NSF>" say "wp"
L 02/10/2024 - 19:08:48: "[KOBA] Zwiad (Zvyad)<15><STEAM_0:0:41211851><Jinrai>" say "gg"
L 02/10/2024 - 19:08:49: "[KOBA] glitch<9><STEAM_0:0:526339791><Jinrai>" say "wp"
L 02/10/2024 - 19:09:05: "[Disembodied Camera] Oni<14><STEAM_0:1:10174276><Spectator>" say "ggs, interviews coming up!"
L 02/10/2024 - 19:09:23: "[MNHR] Scarf<18><STEAM_0:1:128469250><NSF>" disconnected (reason "Disconnect by user.")
L 02/10/2024 - 19:10:10: "[KOBA] DESTROYGIRL<17><STEAM_0:0:82737074><Jinrai>" disconnected (reason "Disconnect by user.")
L 02/10/2024 - 19:10:24: "[KOBA] glitch<9><STEAM_0:0:526339791><Jinrai>" disconnected (reason "Disconnect by user.")
L 02/10/2024 - 19:11:19: "[KOBA]ASBOJACK7H<20><STEAM_0:0:559133323><Jinrai>" disconnected (reason "Disconnect by user.")
L 02/10/2024 - 19:11:25: "[KOBA] Zwiad (Zvyad)<15><STEAM_0:0:41211851><Jinrai>" disconnected (reason "Disconnect by user.")
L 02/10/2024 - 19:11:30: "[BONK] kinoko<26><STEAM_ID_PENDING><>" connected, address "213.219.122.223:27005"
L 02/10/2024 - 19:11:30: "[BONK] kinoko<26><STEAM_0:0:83067719><>" STEAM USERID validated
L 02/10/2024 - 19:11:33: "[BONK] kinoko<26><STEAM_0:0:83067719><>" entered the game
L 02/10/2024 - 19:11:35: "[BONK] kinoko<26><STEAM_0:0:83067719><Unassigned>" joined team "Jinrai"
L 02/10/2024 - 19:11:36: "[MNHR] StellaNova<12><STEAM_0:0:31290862><NSF>" say_team "!s"
L 02/10/2024 - 19:11:36: "[MNHR] StellaNova<12><STEAM_0:0:31290862><NSF>" committed suicide with "player"
L 02/10/2024 - 19:11:36: "[MNHR] StellaNova<12><STEAM_0:0:31290862><NSF>" joined team "Spectator"
L 02/10/2024 - 19:11:59: "[KOBA]TorMechia<25><STEAM_0:1:83071063><Jinrai>" disconnected (reason "Disconnect by user.")
L 02/10/2024 - 19:12:59: "[DYS] You're Pissed Off<27><STEAM_ID_PENDING><>" connected, address "146.199.224.165:27005"
L 02/10/2024 - 19:12:59: "[DYS] You're Pissed Off<27><STEAM_0:1:44658357><>" STEAM USERID validated
L 02/10/2024 - 19:13:00: "[DYS] You're Pissed Off<27><STEAM_0:1:44658357><>" entered the game
L 02/10/2024 - 19:13:06: "[DYS] You're Pissed Off<27><STEAM_0:1:44658357><Unassigned>" joined team "Spectator"
L 02/10/2024 - 19:13:10: "[CAST] Infrequent<5><STEAM_0:1:6384081><Spectator>" changed name to "[DYS] Infrequent"
L 02/10/2024 - 19:13:16: "[DYS] xx<28><STEAM_ID_PENDING><>" connected, address "91.125.85.98:27005"
L 02/10/2024 - 19:13:16: "[DYS] xx<28><STEAM_0:0:8714446><>" STEAM USERID validated
L 02/10/2024 - 19:13:22: "[DYS] xx<28><STEAM_0:0:8714446><>" entered the game
L 02/10/2024 - 19:13:25: "[DYS] xx<28><STEAM_0:0:8714446><Unassigned>" joined team "Spectator"
L 02/10/2024 - 19:13:28: "[BONK] tgreen<29><STEAM_ID_PENDING><>" connected, address "68.101.203.150:27005"
L 02/10/2024 - 19:13:28: "[BONK] tgreen<29><STEAM_0:1:40829603><>" STEAM USERID validated
L 02/10/2024 - 19:13:32: "[BONK] tgreen<29><STEAM_0:1:40829603><>" entered the game
L 02/10/2024 - 19:13:35: "[BONK] 草<30><STEAM_ID_PENDING><>" connected, address "91.96.202.141:27005"
L 02/10/2024 - 19:13:35: "[BONK] 草<30><STEAM_0:1:39165168><>" STEAM USERID validated
L 02/10/2024 - 19:13:38: "[BONK] 草<30><STEAM_0:1:39165168><>" entered the game
L 02/10/2024 - 19:13:43: "[BONK] 草<30><STEAM_0:1:39165168><Unassigned>" joined team "Spectator"
L 02/10/2024 - 19:13:46: "[BONK] 草<30><STEAM_0:1:39165168><Spectator>" joined team "Jinrai"
L 02/10/2024 - 19:13:46: "[BONK] tgreen<29><STEAM_0:1:40829603><Unassigned>" joined team "Spectator"
L 02/10/2024 - 19:13:49: "[BONK] tgreen<29><STEAM_0:1:40829603><Spectator>" joined team "Jinrai"
L 02/10/2024 - 19:13:57: "[MNHR] Izotop<16><STEAM_0:1:97975268><NSF>" disconnected (reason "Disconnect by user.")
L 02/10/2024 - 19:14:26: "[DYS] Hosomi<31><STEAM_ID_PENDING><>" connected, address "51.14.159.48:27005"
L 02/10/2024 - 19:14:27: "[DYS] Hosomi<31><STEAM_0:0:51357353><>" STEAM USERID validated
L 02/10/2024 - 19:14:51: "[DYS] Hosomi<31><STEAM_0:0:51357353><>" entered the game
L 02/10/2024 - 19:15:09: "[DYS] Hosomi<31><STEAM_0:0:51357353><Unassigned>" joined team "NSF"
L 02/10/2024 - 19:15:09: "[BONK] kinoko<26><STEAM_0:0:83067719><Jinrai>" say "!kick yoko"
L 02/10/2024 - 19:15:18: "[DYS] Infrequent<5><STEAM_0:1:6384081><Spectator>" say "!kick yoko"
L 02/10/2024 - 19:15:18: "[2NT][mutent][MNHR] yoko<19><STEAM_0:0:33377178><NSF>" disconnected (reason "Kicked by administrator")
L 02/10/2024 - 19:15:21: "[DYS] Infrequent<5><STEAM_0:1:6384081><Spectator>" say "!kick Stella"
L 02/10/2024 - 19:15:21: "[MNHR] StellaNova<12><STEAM_0:0:31290862><Spectator>" disconnected (reason "Kicked by administrator")
L 02/10/2024 - 19:15:30: "[BONK] tgreen<29><STEAM_0:1:40829603><>" disconnected (reason "Connection closing")
L 02/10/2024 - 19:15:30: "[BONK] tgreen<32><STEAM_ID_PENDING><>" connected, address "68.101.203.150:27005"
L 02/10/2024 - 19:15:30: "[BONK] tgreen<32><STEAM_0:1:40829603><>" STEAM USERID validated
L 02/10/2024 - 19:15:33: "[BONK] tgreen<32><STEAM_0:1:40829603><>" entered the game
L 02/10/2024 - 19:15:53: "[BONK] kinoko<26><STEAM_0:0:83067719><Jinrai>" say "!nominate saitama"
L 02/10/2024 - 19:15:55: "[BONK] kinoko<26><STEAM_0:0:83067719><Jinrai>" say "rtv"
L 02/10/2024 - 19:15:57: "[BONK] 草<30><STEAM_0:1:39165168><Jinrai>" say "rtv"
L 02/10/2024 - 19:16:06: "[DYS] Infrequent<5><STEAM_0:1:6384081><Spectator>" say "!n"
L 02/10/2024 - 19:16:06: "[DYS] Infrequent<5><STEAM_0:1:6384081><Spectator>" joined team "NSF"
L 02/10/2024 - 19:16:50: "[DYS] xx<28><STEAM_0:0:8714446><Spectator>" say "!n"
L 02/10/2024 - 19:16:50: "[DYS] xx<28><STEAM_0:0:8714446><Spectator>" joined team "NSF"
L 02/10/2024 - 19:17:45: "[BONK] tgreen<32><STEAM_0:1:40829603><Unassigned>" disconnected (reason "No Steam logon
")
L 02/10/2024 - 19:18:31: "[BONK] tentacle<33><STEAM_ID_PENDING><>" connected, address "68.101.203.150:27005"
L 02/10/2024 - 19:18:31: "[BONK] tentacle<33><STEAM_0:1:40829603><>" STEAM USERID validated
L 02/10/2024 - 19:18:34: "[BONK] tentacle<33><STEAM_0:1:40829603><>" entered the game
L 02/10/2024 - 19:18:37: "[BONK] tentacle<33><STEAM_0:1:40829603><Unassigned>" joined team "NSF"
L 02/10/2024 - 19:18:43: "[BONK] tentacle<33><STEAM_0:1:40829603><NSF>" joined team "Jinrai"
L 02/10/2024 - 19:18:57: "[TEMU] TS2 NEOAVENGER<34><STEAM_ID_PENDING><>" connected, address "77.102.123.242:27005"
L 02/10/2024 - 19:18:57: "[TEMU] TS2 NEOAVENGER<34><STEAM_0:1:42031632><>" STEAM USERID validated
L 02/10/2024 - 19:19:10: "[TEMU] TS2 NEOAVENGER<34><STEAM_0:1:42031632><>" entered the game
L 02/10/2024 - 19:19:12: "[TEMU] TS2 NEOAVENGER<34><STEAM_0:1:42031632><Unassigned>" joined team "Spectator"
L 02/10/2024 - 19:19:22: "[TEMU] TS2 NEOAVENGER<34><STEAM_0:1:42031632><Spectator>" changed name to "[BONK] Muffin-Dono"
L 02/10/2024 - 19:19:26: "[BONK] Muffin-Dono<34><STEAM_0:1:42031632><Spectator>" joined team "Jinrai"
L 02/10/2024 - 19:20:01: "[BONK] tentacle<33><STEAM_0:1:40829603><Jinrai>" disconnected (reason "Disconnect by user.")
L 02/10/2024 - 19:20:01: "[BONK] tentacle<35><STEAM_ID_PENDING><>" connected, address "68.101.203.150:27005"
L 02/10/2024 - 19:20:01: "[BONK] tentacle<35><STEAM_0:1:40829603><>" STEAM USERID validated
L 02/10/2024 - 19:20:03: "[BONK] tentacle<35><STEAM_0:1:40829603><>" entered the game
L 02/10/2024 - 19:20:05: "[BONK] tentacle<35><STEAM_0:1:40829603><Unassigned>" joined team "Jinrai"
L 02/10/2024 - 19:20:19: "[DYS] Shazam<36><STEAM_ID_PENDING><>" connected, address "174.74.176.72:27005"
L 02/10/2024 - 19:20:19: "[DYS] Shazam<36><STEAM_0:1:59236187><>" STEAM USERID validated
L 02/10/2024 - 19:20:26: "[DYS] Shazam<36><STEAM_0:1:59236187><>" entered the game
L 02/10/2024 - 19:20:30: "[DYS] Shazam<36><STEAM_0:1:59236187><Unassigned>" joined team "NSF"
L 02/10/2024 - 19:20:37: "[BONK] tentacle<35><STEAM_0:1:40829603><Jinrai>" disconnected (reason "[BONK] tentacle timed out")
L 02/10/2024 - 19:20:40: "[DYS] xx<28><STEAM_0:0:8714446><NSF>" say "this looks like a cool map how come we never play it"
L 02/10/2024 - 19:20:45: "[DYS] Shazam<36><STEAM_0:1:59236187><NSF>" say "lol"
L 02/10/2024 - 19:20:50: "[BONK] 草<30><STEAM_0:1:39165168><Jinrai>" say "xD"
L 02/10/2024 - 19:20:58: "[BONK] kinoko<26><STEAM_0:0:83067719><Jinrai>" say "DYS hates this one simple map"
L 02/10/2024 - 19:21:08: "[DYS] You're Pissed Off<27><STEAM_0:1:44658357><Spectator>" say "le flat ground"
L 02/10/2024 - 19:21:14: "[DYS] You're Pissed Off<27><STEAM_0:1:44658357><Spectator>" joined team "NSF"
L 02/10/2024 - 19:21:18: "[DYS] Hosomi<31><STEAM_0:0:51357353><NSF>" say "le redditor"
L 02/10/2024 - 19:21:21: "[BONK] 草<30><STEAM_0:1:39165168><Jinrai>" say "dys when map isnt just all chokes to camp"
L 02/10/2024 - 19:21:27: "[BONK] 草<30><STEAM_0:1:39165168><Jinrai>" say "D:>"
L 02/10/2024 - 19:21:31: "[DYS] Hosomi<31><STEAM_0:0:51357353><NSF>" say "Silence weeaboo"
L 02/10/2024 - 19:21:33: "[DYS] Infrequent<5><STEAM_0:1:6384081><NSF>" say "turmuk is choke simulator"
L 02/10/2024 - 19:21:33: "[DYS] You're Pissed Off<27><STEAM_0:1:44658357><NSF>" say "gamer word"
L 02/10/2024 - 19:21:38: "[BONK] kinoko<26><STEAM_0:0:83067719><Jinrai>" say "and saitama isnt+????: D"
L 02/10/2024 - 19:21:44: "[DYS] Infrequent<5><STEAM_0:1:6384081><NSF>" say "saitama is flank simulator"
L 02/10/2024 - 19:21:53: "[BONK] 草<30><STEAM_0:1:39165168><Jinrai>" say "why did you never flank then?"
L 02/10/2024 - 19:21:55: "[DYS] Infrequent<5><STEAM_0:1:6384081><NSF>" say "(nobody flanks)"
L 02/10/2024 - 19:21:59: "[DYS] xx<28><STEAM_0:0:8714446><NSF>" say "hey I found a cool spot on this map"
L 02/10/2024 - 19:21:59: "[BONK] Muffin-Dono<34><STEAM_0:1:42031632><Jinrai>" say "lel"
L 02/10/2024 - 19:22:05: "[BONK] Muffin-Dono<34><STEAM_0:1:42031632><Jinrai>" say "is it the sapwn?"
L 02/10/2024 - 19:22:07: "[BONK] 草<30><STEAM_0:1:39165168><Jinrai>" say "D:>"
L 02/10/2024 - 19:22:14: "[DYS] xx<28><STEAM_0:0:8714446><NSF>" say "yeah what you do is spawn and then"
L 02/10/2024 - 19:22:20: "[BONK] tentacle<37><STEAM_ID_PENDING><>" connected, address "68.101.203.150:27005"
L 02/10/2024 - 19:22:20: "[BONK] tentacle<37><STEAM_0:1:40829603><>" STEAM USERID validated
L 02/10/2024 - 19:22:21: "[DYS] Hosomi<31><STEAM_0:0:51357353><NSF>" say_team "Hi"
L 02/10/2024 - 19:22:23: "[BONK] tentacle<37><STEAM_0:1:40829603><>" entered the game
L 02/10/2024 - 19:22:26: "[BONK] tentacle<37><STEAM_0:1:40829603><Unassigned>" joined team "Jinrai"
L 02/10/2024 - 19:22:42: "[Disembodied Camera] Oni<14><STEAM_0:1:10174276><Spectator>" say "restarting game and need to bio, then I'll be ready"
L 02/10/2024 - 19:22:46: "[Disembodied Camera] Oni<14><STEAM_0:1:10174276><Spectator>" disconnected (reason "Disconnect by user.")
L 02/10/2024 - 19:23:10: "[Disembodied Camera] Oni<38><STEAM_ID_PENDING><>" connected, address "71.195.46.232:27005"
L 02/10/2024 - 19:23:10: "[BONK] tentacle<37><STEAM_0:1:40829603><Jinrai>" disconnected (reason "[BONK] tentacle timed out")
L 02/10/2024 - 19:23:10: "[Disembodied Camera] Oni<38><STEAM_0:1:10174276><>" STEAM USERID validated
L 02/10/2024 - 19:23:10: "[DYS] Infrequent<5><STEAM_0:1:6384081><NSF>" disconnected (reason "Disconnect by user.")
L 02/10/2024 - 19:23:10: "[DYS] Infrequent<39><STEAM_ID_PENDING><>" connected, address "86.169.55.78:27005"
L 02/10/2024 - 19:23:10: "[DYS] Infrequent<39><STEAM_0:1:6384081><>" STEAM USERID validated
L 02/10/2024 - 19:23:12: "[DYS] Infrequent<39><STEAM_0:1:6384081><>" entered the game
L 02/10/2024 - 19:23:13: "[Disembodied Camera] Oni<38><STEAM_0:1:10174276><>" entered the game
L 02/10/2024 - 19:23:15: "[DYS] Infrequent<39><STEAM_0:1:6384081><Unassigned>" joined team "NSF"
L 02/10/2024 - 19:23:15: "[Disembodied Camera] Oni<38><STEAM_0:1:10174276><Unassigned>" joined team "Spectator"
L 02/10/2024 - 19:24:15: "[BONK] 草<30><STEAM_0:1:39165168><Jinrai>" say "we are experiencing technical difficulties, please stand by"
L 02/10/2024 - 19:24:28: "[BONK] 草<30><STEAM_0:1:39165168><Jinrai>" say "this is a non sponsored service announcement, thank you for staying by"
L 02/10/2024 - 19:24:53: "[DYS] You're Pissed Off<27><STEAM_0:1:44658357><NSF>" say "Is this the shit that plays on dawn every 5 seconds?"
L 02/10/2024 - 19:24:59: "[BONK] 草<30><STEAM_0:1:39165168><Jinrai>" say "xD"
L 02/10/2024 - 19:25:11: "[DYS] bauxite<40><STEAM_ID_PENDING><>" connected, address "86.13.114.58:27005"
L 02/10/2024 - 19:25:11: "[DYS] bauxite<40><STEAM_0:0:5757747><>" STEAM USERID validated
L 02/10/2024 - 19:25:15: "[DYS] bauxite<40><STEAM_0:0:5757747><>" entered the game
L 02/10/2024 - 19:25:17: "[DYS] bauxite<40><STEAM_0:0:5757747><Unassigned>" joined team "Spectator"
L 02/10/2024 - 19:25:27: "[DYS] bauxite<40><STEAM_0:0:5757747><Spectator>" say "sry had to go peelog"
L 02/10/2024 - 19:25:32: "[DYS] bauxite<40><STEAM_0:0:5757747><Spectator>" say "can i restart server?"
L 02/10/2024 - 19:25:40: "[DYS] Hosomi<31><STEAM_0:0:51357353><NSF>" disconnected (reason "Disconnect by user.")
L 02/10/2024 - 19:25:40: "[BONK] kinoko<26><STEAM_0:0:83067719><Jinrai>" say "ig?"
L 02/10/2024 - 19:25:42: "[BONK] 草<30><STEAM_0:1:39165168><Jinrai>" say "yeha"
L 02/10/2024 - 19:25:42: "[DYS] Infrequent<39><STEAM_0:1:6384081><NSF>" say "ye"
L 02/10/2024 - 19:25:44: "[BONK] Muffin-Dono<34><STEAM_0:1:42031632><Jinrai>" disconnected (reason "Disconnect by user.")
L 02/10/2024 - 19:25:49: "[DYS] bauxite<40><STEAM_0:0:5757747><Spectator>" say "!rcon _restart"
L 02/10/2024 - 19:25:49: [META] Loaded 0 plugins (1 already loaded)
L 02/10/2024 - 19:25:49: "[DYS] Shazam<36><STEAM_0:1:59236187><>" disconnected (reason "Server shutting down")
L 02/10/2024 - 19:25:49: "[BONK] 草<30><STEAM_0:1:39165168><>" disconnected (reason "Server shutting down")
L 02/10/2024 - 19:25:49: "[Disembodied Camera] Oni<38><STEAM_0:1:10174276><>" disconnected (reason "Server shutting down")
L 02/10/2024 - 19:25:49: "[DYS] xx<28><STEAM_0:0:8714446><>" disconnected (reason "Server shutting down")
L 02/10/2024 - 19:25:49: "[DYS] You're Pissed Off<27><STEAM_0:1:44658357><>" disconnected (reason "Server shutting down")
L 02/10/2024 - 19:25:49: "[BONK] kinoko<26><STEAM_0:0:83067719><>" disconnected (reason "Server shutting down")
L 02/10/2024 - 19:25:49: "[CAST] Cold Lizard<6><STEAM_0:1:20336729><>" disconnected (reason "Server shutting down")
L 02/10/2024 - 19:25:49: "[DYS] bauxite<40><STEAM_0:0:5757747><>" disconnected (reason "Server shutting down")
L 02/10/2024 - 19:25:49: "[DYS] Infrequent<39><STEAM_0:1:6384081><>" disconnected (reason "Server shutting down")
L 02/10/2024 - 19:25:49: "STV<2><BOT><>" disconnected (reason "Server shutting down")
L 02/10/2024 - 19:25:50: server_message: "quit"
L 02/10/2024 - 19:25:50: Log file closed
