L 02/17/2024 - 19:02:05: Log file started (file "logs\L0217058.log") (game "z:\home\steam\steam\steamapps\common\nt\NeotokyoSource") (version "4044")
L 02/17/2024 - 19:02:05: server_cvar: "sv_pausable" "0"
L 02/17/2024 - 19:02:05: server_cvar: "sv_contact" "baux.site"
L 02/17/2024 - 19:02:05: server_cvar: "sv_gravity" "800"
L 02/17/2024 - 19:02:05: server_cvar: "mp_friendlyfire" "1"
L 02/17/2024 - 19:02:07: "[KOBA] Zwiad<6><STEAM_0:0:41211851><>" entered the game
L 02/17/2024 - 19:02:07: "[KOBA]ASBOJACK7H<5><STEAM_0:0:559133323><>" entered the game
L 02/17/2024 - 19:02:08: "[KOBA] Shlup<8><STEAM_0:1:541462709><>" entered the game
L 02/17/2024 - 19:02:10: "[KOBA]ASBOJACK7H<5><STEAM_0:0:559133323><Unassigned>" joined team "Jinrai"
L 02/17/2024 - 19:02:12: "[CAST] Infrequent<3><STEAM_0:1:6384081><>" entered the game
L 02/17/2024 - 19:02:12: "[KOBA] Shlup<8><STEAM_0:1:541462709><Unassigned>" joined team "Jinrai"
L 02/17/2024 - 19:02:12: "[KOBA] Zwiad<6><STEAM_0:0:41211851><Unassigned>" joined team "Jinrai"
L 02/17/2024 - 19:02:12: "[KOBA] DESTROYGIRL<4><STEAM_0:0:82737074><>" entered the game
L 02/17/2024 - 19:02:13: "[FEET] drt<7><STEAM_0:1:16721927><>" entered the game
L 02/17/2024 - 19:02:14: "[CAST] Infrequent<3><STEAM_0:1:6384081><Unassigned>" joined team "Spectator"
L 02/17/2024 - 19:02:14: "[FEET] Serbian Guy<10><STEAM_0:1:91548287><>" entered the game
L 02/17/2024 - 19:02:15: "[FEET] Kasietti<9><STEAM_0:0:181630571><>" entered the game
L 02/17/2024 - 19:02:15: "[FEET] drt<7><STEAM_0:1:16721927><Unassigned>" joined team "Jinrai"
L 02/17/2024 - 19:02:17: "[FEET] Kasietti<9><STEAM_0:0:181630571><Unassigned>" joined team "Jinrai"
L 02/17/2024 - 19:02:18: "[KOBA] DESTROYGIRL<4><STEAM_0:0:82737074><Unassigned>" joined team "Jinrai"
L 02/17/2024 - 19:02:19: "[FEET] Serbian Guy<10><STEAM_0:1:91548287><Unassigned>" joined team "Jinrai"
L 02/17/2024 - 19:02:20: "[FEET] Syncer<13><STEAM_ID_PENDING><>" connected, address "86.191.48.157:27005"
L 02/17/2024 - 19:02:20: "[FEET] Syncer<13><STEAM_0:0:88962302><>" STEAM USERID validated
L 02/17/2024 - 19:02:22: "[FEET] Rezneps<11><STEAM_0:1:66564980><>" entered the game
L 02/17/2024 - 19:02:28: "[FEET] Syncer<13><STEAM_0:0:88962302><>" entered the game
L 02/17/2024 - 19:02:29: "[FEET] Serbian Guy<10><STEAM_0:1:91548287><Jinrai>" committed suicide with "player"
L 02/17/2024 - 19:02:30: "[FEET] Syncer<13><STEAM_0:0:88962302><Unassigned>" joined team "Spectator"
L 02/17/2024 - 19:02:36: "[FEET] Rezneps<11><STEAM_0:1:66564980><Unassigned>" joined team "Spectator"
L 02/17/2024 - 19:02:39: "[FEET] Syncer<13><STEAM_0:0:88962302><Spectator>" say "!j"
L 02/17/2024 - 19:02:39: "[FEET] Syncer<13><STEAM_0:0:88962302><Spectator>" joined team "Jinrai"
L 02/17/2024 - 19:02:45: "[FEET] Rezneps<11><STEAM_0:1:66564980><Spectator>" say "!j"
L 02/17/2024 - 19:02:45: "[FEET] Rezneps<11><STEAM_0:1:66564980><Spectator>" joined team "Jinrai"
L 02/17/2024 - 19:02:51: "[FEET] Serbian Guy<10><STEAM_0:1:91548287><Jinrai>" say_team "t"
L 02/17/2024 - 19:03:00: "[KOBA] DESTROYGIRL<4><STEAM_0:0:82737074><Jinrai>" say "☻"
L 02/17/2024 - 19:03:30: "[KOBA] DESTROYGIRL<4><STEAM_0:0:82737074><Jinrai>" say "teams a bit stacked"
L 02/17/2024 - 19:03:34: "[KOBA]Voodoo<12><STEAM_0:0:454847959><>" entered the game
L 02/17/2024 - 19:03:40: "[FEET] Kasietti<9><STEAM_0:0:181630571><Jinrai>" say "10vs0"
L 02/17/2024 - 19:03:40: "[KOBA]Voodoo<12><STEAM_0:0:454847959><Unassigned>" joined team "Jinrai"
L 02/17/2024 - 19:03:44: "[KOBA]ASBOJACK7H<5><STEAM_0:0:559133323><Jinrai>" say "yo why is the other team so fucking late"
L 02/17/2024 - 19:03:47: "[FEET] drt<7><STEAM_0:1:16721927><Jinrai>" say "let's gooo"
L 02/17/2024 - 19:03:48: "[KOBA] Zwiad<6><STEAM_0:0:41211851><Jinrai>" say "final match anything can happen"
L 02/17/2024 - 19:03:57: "[FEET] drt<7><STEAM_0:1:16721927><Jinrai>" say "friendship wins!"
L 02/17/2024 - 19:04:10: "[FEET] Kasietti<9><STEAM_0:0:181630571><Jinrai>" say "0-0 kobafeet victory!"
L 02/17/2024 - 19:04:19: "[KOBA] DESTROYGIRL<4><STEAM_0:0:82737074><Jinrai>" say "lets team up to fight the winner of the upper bracket"
L 02/17/2024 - 19:04:24: "[FEET] Kasietti<9><STEAM_0:0:181630571><Jinrai>" say_team "+"
L 02/17/2024 - 19:04:25: "[FEET] Syncer<13><STEAM_0:0:88962302><Jinrai>" say "^"
L 02/17/2024 - 19:04:31: "[FEET] Syncer<13><STEAM_0:0:88962302><Jinrai>" say "10v5"
L 02/17/2024 - 19:04:46: "[KOBA]ASBOJACK7H<5><STEAM_0:0:559133323><Jinrai>" say "is there a stream for this match"
L 02/17/2024 - 19:04:46: "[KOBA] Zwiad<6><STEAM_0:0:41211851><Jinrai>" say "WINSF"
L 02/17/2024 - 19:04:48: "[KOBA] Zwiad<6><STEAM_0:0:41211851><Jinrai>" say "WINSF"
L 02/17/2024 - 19:04:51: "[FEET] Serbian Guy<10><STEAM_0:1:91548287><Jinrai>" committed suicide with "player"
L 02/17/2024 - 19:04:53: "[KOBA]ASBOJACK7H<5><STEAM_0:0:559133323><Jinrai>" say "FUK"
L 02/17/2024 - 19:04:55: "[KOBA] DESTROYGIRL<4><STEAM_0:0:82737074><Jinrai>" say "fair"
L 02/17/2024 - 19:04:55: "[KOBA] Zwiad<6><STEAM_0:0:41211851><Jinrai>" say "!n"
L 02/17/2024 - 19:04:55: "[KOBA] Zwiad<6><STEAM_0:0:41211851><Jinrai>" committed suicide with "player"
L 02/17/2024 - 19:04:55: "[KOBA] Zwiad<6><STEAM_0:0:41211851><Jinrai>" joined team "NSF"
L 02/17/2024 - 19:04:58: "[KOBA] DESTROYGIRL<4><STEAM_0:0:82737074><Jinrai>" say "!n"
L 02/17/2024 - 19:04:58: "[KOBA] DESTROYGIRL<4><STEAM_0:0:82737074><Jinrai>" committed suicide with "player"
L 02/17/2024 - 19:04:58: "[KOBA] DESTROYGIRL<4><STEAM_0:0:82737074><Jinrai>" joined team "NSF"
L 02/17/2024 - 19:04:58: "[FEET] Rezneps<11><STEAM_0:1:66564980><Jinrai>" say "!n"
L 02/17/2024 - 19:04:58: "[FEET] Rezneps<11><STEAM_0:1:66564980><Jinrai>" committed suicide with "player"
L 02/17/2024 - 19:04:58: "[FEET] Rezneps<11><STEAM_0:1:66564980><Jinrai>" joined team "NSF"
L 02/17/2024 - 19:04:58: "[FEET] Syncer<13><STEAM_0:0:88962302><Jinrai>" say "gay"
L 02/17/2024 - 19:05:00: "Shinra (Nice)<14><STEAM_ID_PENDING><>" connected, address "162.254.47.5:27005"
L 02/17/2024 - 19:05:00: "Shinra (Nice)<14><STEAM_0:0:17487274><>" STEAM USERID validated
L 02/17/2024 - 19:05:03: "[FEET] Rezneps<11><STEAM_0:1:66564980><NSF>" joined team "Unassigned"
L 02/17/2024 - 19:05:04: "[FEET] Rezneps<11><STEAM_0:1:66564980><Unassigned>" joined team "Jinrai"
L 02/17/2024 - 19:05:09: "[KOBA] Shlup<8><STEAM_0:1:541462709><Jinrai>" joined team "Unassigned"
L 02/17/2024 - 19:05:10: "Shinra (Nice)<14><STEAM_0:0:17487274><>" entered the game
L 02/17/2024 - 19:05:10: "[KOBA] Shlup<8><STEAM_0:1:541462709><Unassigned>" joined team "NSF"
L 02/17/2024 - 19:05:14: "[FEET] drt<7><STEAM_0:1:16721927><Jinrai>" say "!n"
L 02/17/2024 - 19:05:14: "[FEET] drt<7><STEAM_0:1:16721927><Jinrai>" committed suicide with "player"
L 02/17/2024 - 19:05:14: "[FEET] drt<7><STEAM_0:1:16721927><Jinrai>" joined team "NSF"
L 02/17/2024 - 19:05:16: "[KOBA]ASBOJACK7H<5><STEAM_0:0:559133323><Jinrai>" say "I Stay on jinrai becasue i refuse to be NSF"
L 02/17/2024 - 19:05:19: "Shinra (Nice)<14><STEAM_0:0:17487274><Unassigned>" joined team "Spectator"
L 02/17/2024 - 19:05:20: "[FEET] Syncer<13><STEAM_0:0:88962302><Jinrai>" disconnected (reason "Disconnect by user.")
L 02/17/2024 - 19:05:20: "[FEET] Syncer<15><STEAM_ID_PENDING><>" connected, address "86.191.48.157:27005"
L 02/17/2024 - 19:05:20: "[FEET] Syncer<15><STEAM_0:0:88962302><>" STEAM USERID validated
L 02/17/2024 - 19:05:20: "[KOBA]Voodoo<12><STEAM_0:0:454847959><Jinrai>" say_team "!n"
L 02/17/2024 - 19:05:20: "[KOBA]Voodoo<12><STEAM_0:0:454847959><Jinrai>" committed suicide with "player"
L 02/17/2024 - 19:05:20: "[KOBA]Voodoo<12><STEAM_0:0:454847959><Jinrai>" joined team "NSF"
L 02/17/2024 - 19:05:21: "[FEET] Kasietti<9><STEAM_0:0:181630571><Jinrai>" say "enable graffitis or we boycott"
L 02/17/2024 - 19:05:21: "Shinra (Nice)<14><STEAM_0:0:17487274><Spectator>" disconnected (reason "Disconnect by user.")
L 02/17/2024 - 19:05:21: "[FEET] Syncer<15><STEAM_0:0:88962302><>" entered the game
L 02/17/2024 - 19:05:25: "[FEET] Syncer<15><STEAM_0:0:88962302><Unassigned>" joined team "Jinrai"
L 02/17/2024 - 19:05:29: "[KOBA] Zwiad<6><STEAM_0:0:41211851><NSF>" say "ok"
L 02/17/2024 - 19:05:33: "[KOBA] Zwiad<6><STEAM_0:0:41211851><NSF>" say "teams look good"
L 02/17/2024 - 19:05:35: "[KOBA] Shlup<8><STEAM_0:1:541462709><NSF>" say "teams are good"
L 02/17/2024 - 19:05:36: "[KOBA]ASBOJACK7H<5><STEAM_0:0:559133323><Jinrai>" say "!ready"
L 02/17/2024 - 19:05:42: "[FEET] drt<7><STEAM_0:1:16721927><NSF>" say "I merc for koba asbo mercs for feet"
L 02/17/2024 - 19:05:42: "[KOBA] Shlup<8><STEAM_0:1:541462709><NSF>" say "!ready"
L 02/17/2024 - 19:05:43: "[KOBA]Voodoo<12><STEAM_0:0:454847959><NSF>" say_team "!ready"
L 02/17/2024 - 19:05:50: "[FEET] drt<7><STEAM_0:1:16721927><NSF>" say "!j"
L 02/17/2024 - 19:05:50: "[FEET] drt<7><STEAM_0:1:16721927><NSF>" joined team "Jinrai"
L 02/17/2024 - 19:05:55: "[KOBA] DESTROYGIRL<4><STEAM_0:0:82737074><NSF>" say "GET YO ASS IN HERE"
L 02/17/2024 - 19:05:58: "[FEET] drt<7><STEAM_0:1:16721927><Jinrai>" say "!ready"
L 02/17/2024 - 19:06:01: "[KOBA]ASBOJACK7H<5><STEAM_0:0:559133323><Jinrai>" say "6v4?"
L 02/17/2024 - 19:06:02: "[FEET] Serbian Guy<10><STEAM_0:1:91548287><Jinrai>" say "!lmao"
L 02/17/2024 - 19:06:03: "[FEET] Kasietti<9><STEAM_0:0:181630571><Jinrai>" say "!ready"
L 02/17/2024 - 19:06:11: "[KOBA]ASBOJACK7H<5><STEAM_0:0:559133323><Jinrai>" say "!n"
L 02/17/2024 - 19:06:11: "[KOBA]ASBOJACK7H<5><STEAM_0:0:559133323><Jinrai>" committed suicide with "player"
L 02/17/2024 - 19:06:11: "[KOBA]ASBOJACK7H<5><STEAM_0:0:559133323><Jinrai>" joined team "NSF"
L 02/17/2024 - 19:06:11: "[FEET] drt<7><STEAM_0:1:16721927><Jinrai>" say "we agree to 6v4"
L 02/17/2024 - 19:06:15: "[FEET] drt<7><STEAM_0:1:16721927><Jinrai>" say "damn"
L 02/17/2024 - 19:06:26: "[FEET] drt<7><STEAM_0:1:16721927><Jinrai>" say "asbo, come back you coward"
L 02/17/2024 - 19:06:30: "[KOBA]ASBOJACK7H<5><STEAM_0:0:559133323><NSF>" say "!j"
L 02/17/2024 - 19:06:30: "[KOBA]ASBOJACK7H<5><STEAM_0:0:559133323><NSF>" joined team "Jinrai"
L 02/17/2024 - 19:06:35: "[FEET] drt<7><STEAM_0:1:16721927><Jinrai>" say "nice"
L 02/17/2024 - 19:06:36: "[KOBA] DESTROYGIRL<4><STEAM_0:0:82737074><NSF>" say "was that just me or nah"
L 02/17/2024 - 19:06:42: "[FEET] Serbian Guy<10><STEAM_0:1:91548287><Jinrai>" committed suicide with "player"
L 02/17/2024 - 19:06:57: "[KOBA]ASBOJACK7H<5><STEAM_0:0:559133323><Jinrai>" say "!N"
L 02/17/2024 - 19:06:57: "[KOBA]ASBOJACK7H<5><STEAM_0:0:559133323><Jinrai>" joined team "NSF"
L 02/17/2024 - 19:06:59: "[KOBA]ASBOJACK7H<5><STEAM_0:0:559133323><NSF>" say "ok brb"
L 02/17/2024 - 19:07:11: "[FEET] Serbian Guy<10><STEAM_0:1:91548287><Jinrai>" say "51%"
L 02/17/2024 - 19:07:11: "[FEET] drt<7><STEAM_0:1:16721927><Jinrai>" say "asbo is turbopeeing"
L 02/17/2024 - 19:08:24: "[KOBA]ASBOJACK7H<5><STEAM_0:0:559133323><NSF>" say "!ready"
L 02/17/2024 - 19:08:27: "[KOBA]ASBOJACK7H<5><STEAM_0:0:559133323><NSF>" say "!readylist"
L 02/17/2024 - 19:08:28: "[KOBA]Voodoo<12><STEAM_0:0:454847959><NSF>" say_team "!ready"
L 02/17/2024 - 19:08:31: "[KOBA] Zwiad<6><STEAM_0:0:41211851><NSF>" say "!ready"
L 02/17/2024 - 19:08:32: "[KOBA] Shlup<8><STEAM_0:1:541462709><NSF>" say "!ready"
L 02/17/2024 - 19:08:36: "[FEET] Rezneps<11><STEAM_0:1:66564980><Jinrai>" say "!ready"
L 02/17/2024 - 19:08:52: "[FEET] drt<7><STEAM_0:1:16721927><Jinrai>" say "!readylist"
L 02/17/2024 - 19:09:06: "[FEET] Serbian Guy<10><STEAM_0:1:91548287><Jinrai>" say "!ready"
L 02/17/2024 - 19:09:09: "[FEET] Syncer<15><STEAM_0:0:88962302><Jinrai>" say "!ready"
L 02/17/2024 - 19:09:13: "[FEET] Kasietti<9><STEAM_0:0:181630571><Jinrai>" say "OMG SURFABLE SURFACE!!!"
L 02/17/2024 - 19:09:16: "[FEET] Syncer<15><STEAM_0:0:88962302><Jinrai>" say "diejoubu"
L 02/17/2024 - 19:09:38: "[KOBA] DESTROYGIRL<4><STEAM_0:0:82737074><NSF>" disconnected (reason "Disconnect by user.")
L 02/17/2024 - 19:09:38: "[KOBA] DESTROYGIRL<16><STEAM_ID_PENDING><>" connected, address "82.31.206.95:27005"
L 02/17/2024 - 19:09:38: "[KOBA] DESTROYGIRL<16><STEAM_0:0:82737074><>" STEAM USERID validated
L 02/17/2024 - 19:09:39: "[KOBA] DESTROYGIRL<16><STEAM_0:0:82737074><>" entered the game
L 02/17/2024 - 19:09:42: "[KOBA] DESTROYGIRL<16><STEAM_0:0:82737074><Unassigned>" joined team "NSF"
L 02/17/2024 - 19:09:56: "[KOBA] DESTROYGIRL<16><STEAM_0:0:82737074><NSF>" say "are we all offline on steam"
L 02/17/2024 - 19:10:03: "[KOBA] DESTROYGIRL<16><STEAM_0:0:82737074><NSF>" say "whats up with this freezing"
L 02/17/2024 - 19:10:04: "[KOBA] Shlup<8><STEAM_0:1:541462709><NSF>" say_team "yup"
L 02/17/2024 - 19:10:11: "[FEET] Syncer<15><STEAM_0:0:88962302><Jinrai>" say "!readylist"
L 02/17/2024 - 19:10:16: "[KOBA] Zwiad<6><STEAM_0:0:41211851><NSF>" say "!readylist"
L 02/17/2024 - 19:10:22: "[KOBA]ASBOJACK7H<5><STEAM_0:0:559133323><NSF>" say "!READYLIST"
L 02/17/2024 - 19:10:23: "[FEET] Kasietti<9><STEAM_0:0:181630571><Jinrai>" say_team "!readylist"
L 02/17/2024 - 19:10:24: "[KOBA] DESTROYGIRL<16><STEAM_0:0:82737074><NSF>" say "weird"
L 02/17/2024 - 19:10:24: "[FEET] Syncer<15><STEAM_0:0:88962302><Jinrai>" say "gotem"
L 02/17/2024 - 19:10:51: "[KOBA] DESTROYGIRL<16><STEAM_0:0:82737074><NSF>" say "!ready"
L 02/17/2024 - 19:10:57: "[FEET] Rezneps<11><STEAM_0:1:66564980><Jinrai>" say "glhf"
L 02/17/2024 - 19:10:58: "[FEET] Syncer<15><STEAM_0:0:88962302><Jinrai>" say "glfh"
L 02/17/2024 - 19:11:16: "[FEET] Serbian Guy<10><STEAM_0:1:91548287><Jinrai>" say "hello my fav caster"
L 02/17/2024 - 19:11:38: "[KOBA] Zwiad<6><STEAM_0:0:41211851><NSF>" killed "[FEET] Syncer<15><STEAM_0:0:88962302><Jinrai>" with "zr68c"
L 02/17/2024 - 19:11:42: "[FEET] Rezneps<11><STEAM_0:1:66564980><Jinrai>" killed "[KOBA]Voodoo<12><STEAM_0:0:454847959><NSF>" with "srm"
L 02/17/2024 - 19:11:43: "[KOBA] Shlup<8><STEAM_0:1:541462709><NSF>" killed "[FEET] drt<7><STEAM_0:1:16721927><Jinrai>" with "zr68s"
L 02/17/2024 - 19:11:43: "[FEET] drt<7><STEAM_0:1:16721927><Jinrai>" say_team "100 Assault zr68s"
L 02/17/2024 - 19:11:48: "[KOBA]ASBOJACK7H<5><STEAM_0:0:559133323><NSF>" killed "[FEET] Rezneps<11><STEAM_0:1:66564980><Jinrai>" with "zr68s"
L 02/17/2024 - 19:11:48: "[FEET] Syncer<15><STEAM_0:0:88962302><Jinrai>" say "!settings"
L 02/17/2024 - 19:11:49: "[FEET] Rezneps<11><STEAM_0:1:66564980><Jinrai>" say_team "100 Assault zr68s"
L 02/17/2024 - 19:11:53: "[FEET] Kasietti<9><STEAM_0:0:181630571><Jinrai>" killed "[KOBA]ASBOJACK7H<5><STEAM_0:0:559133323><NSF>" with "srm"
L 02/17/2024 - 19:12:16: "[KOBA] DESTROYGIRL<16><STEAM_0:0:82737074><NSF>" killed "[FEET] Kasietti<9><STEAM_0:0:181630571><Jinrai>" with "supa7"
L 02/17/2024 - 19:12:16: "[FEET] Kasietti<9><STEAM_0:0:181630571><Jinrai>" say_team "100 Support supa7"
L 02/17/2024 - 19:12:32: "[KOBA] Zwiad<6><STEAM_0:0:41211851><NSF>" killed "[FEET] Serbian Guy<10><STEAM_0:1:91548287><Jinrai>" with "zr68c"
L 02/17/2024 - 19:13:18: "[FEET] Syncer<15><STEAM_0:0:88962302><Jinrai>" killed "[KOBA] Shlup<8><STEAM_0:1:541462709><NSF>" with "supa7"
L 02/17/2024 - 19:13:22: "[FEET] Syncer<15><STEAM_0:0:88962302><Jinrai>" killed "[KOBA] DESTROYGIRL<16><STEAM_0:0:82737074><NSF>" with "supa7"
L 02/17/2024 - 19:13:22: "[KOBA] DESTROYGIRL<16><STEAM_0:0:82737074><NSF>" say_team "100 Recon supa7"
L 02/17/2024 - 19:13:24: "[FEET] Syncer<15><STEAM_0:0:88962302><Jinrai>" killed "[KOBA]Voodoo<12><STEAM_0:0:454847959><NSF>" with "supa7"
L 02/17/2024 - 19:13:31: "[KOBA] Zwiad<6><STEAM_0:0:41211851><NSF>" killed "[FEET] Kasietti<9><STEAM_0:0:181630571><Jinrai>" with "mx"
L 02/17/2024 - 19:13:31: "[FEET] Kasietti<9><STEAM_0:0:181630571><Jinrai>" say_team "100 Support mx"
L 02/17/2024 - 19:13:41: "[KOBA] Zwiad<6><STEAM_0:0:41211851><NSF>" killed "[FEET] drt<7><STEAM_0:1:16721927><Jinrai>" with "mx"
L 02/17/2024 - 19:13:41: "[FEET] drt<7><STEAM_0:1:16721927><Jinrai>" say_team "100 Support mx"
L 02/17/2024 - 19:13:51: "[FEET] Syncer<15><STEAM_0:0:88962302><Jinrai>" killed "[KOBA]ASBOJACK7H<5><STEAM_0:0:559133323><NSF>" with "supa7"
L 02/17/2024 - 19:13:51: "[FEET] Serbian Guy<10><STEAM_0:1:91548287><Jinrai>" killed "[FEET] Syncer<15><STEAM_0:0:88962302><Jinrai>" with "grenade_projectile"
L 02/17/2024 - 19:13:51: "[KOBA]Voodoo<12><STEAM_0:0:454847959><NSF>" triggered "kill_assist"
L 02/17/2024 - 19:13:52: "[FEET] Syncer<15><STEAM_0:0:88962302><Jinrai>" say_team "100 Assault grenade_projectile"
L 02/17/2024 - 19:13:52: "[KOBA]ASBOJACK7H<5><STEAM_0:0:559133323><NSF>" killed "[FEET] Rezneps<11><STEAM_0:1:66564980><Jinrai>" with "grenade_projectile"
L 02/17/2024 - 19:13:52: "[KOBA]ASBOJACK7H<5><STEAM_0:0:559133323><NSF>" killed "[FEET] Serbian Guy<10><STEAM_0:1:91548287><Jinrai>" with "grenade_projectile"
L 02/17/2024 - 19:13:53: "[FEET] Rezneps<11><STEAM_0:1:66564980><Jinrai>" say_team "1 Recon grenade_projectile"
L 02/17/2024 - 19:14:04: "[FEET] Syncer<15><STEAM_0:0:88962302><Jinrai>" say "nooooo"
L 02/17/2024 - 19:14:14: "[KOBA] DESTROYGIRL<16><STEAM_0:0:82737074><NSF>" say "xd"
L 02/17/2024 - 19:14:18: "[FEET] Serbian Guy<10><STEAM_0:1:91548287><Jinrai>" say ":P"
L 02/17/2024 - 19:14:21: "[KOBA]ASBOJACK7H<5><STEAM_0:0:559133323><NSF>" say "well played"
L 02/17/2024 - 19:14:28: "[CAST] Infrequent<3><STEAM_0:1:6384081><Spectator>" disconnected (reason "Disconnect by user.")
L 02/17/2024 - 19:14:39: "[FEET] drt<7><STEAM_0:1:16721927><Jinrai>" killed "[KOBA]Voodoo<12><STEAM_0:0:454847959><NSF>" with "zr68s"
L 02/17/2024 - 19:14:46: "[FEET] Syncer<15><STEAM_0:0:88962302><Jinrai>" killed "[KOBA] DESTROYGIRL<16><STEAM_0:0:82737074><NSF>" with "supa7"
L 02/17/2024 - 19:14:47: "[FEET] Rezneps<11><STEAM_0:1:66564980><Jinrai>" killed "[KOBA] Shlup<8><STEAM_0:1:541462709><NSF>" with "jittescoped"
L 02/17/2024 - 19:14:47: "[KOBA] DESTROYGIRL<16><STEAM_0:0:82737074><NSF>" say_team "100 Recon supa7"
L 02/17/2024 - 19:15:01: "[KOBA] Zwiad<6><STEAM_0:0:41211851><NSF>" killed "[FEET] Rezneps<11><STEAM_0:1:66564980><Jinrai>" with "mx"
L 02/17/2024 - 19:15:01: "[KOBA] Zwiad<6><STEAM_0:0:41211851><NSF>" killed "[FEET] Serbian Guy<10><STEAM_0:1:91548287><Jinrai>" with "mx"
L 02/17/2024 - 19:15:02: "[FEET] Rezneps<11><STEAM_0:1:66564980><Jinrai>" say_team "72 Support mx"
L 02/17/2024 - 19:15:43: "[FEET] Kasietti<9><STEAM_0:0:181630571><Jinrai>" killed "[KOBA]ASBOJACK7H<5><STEAM_0:0:559133323><NSF>" with "srm"
L 02/17/2024 - 19:15:44: "[KOBA] Zwiad<6><STEAM_0:0:41211851><NSF>" killed "[FEET] Kasietti<9><STEAM_0:0:181630571><Jinrai>" with "mx"
L 02/17/2024 - 19:15:45: "[FEET] Kasietti<9><STEAM_0:0:181630571><Jinrai>" say_team "25 Support mx"
L 02/17/2024 - 19:15:49: "[FEET] Syncer<15><STEAM_0:0:88962302><Jinrai>" killed "[KOBA] Zwiad<6><STEAM_0:0:41211851><NSF>" with "supa7"
L 02/17/2024 - 19:16:29: "[FEET] Syncer<15><STEAM_0:0:88962302><Jinrai>" killed "[KOBA]Voodoo<12><STEAM_0:0:454847959><NSF>" with "supa7"
L 02/17/2024 - 19:16:34: "[FEET] Syncer<15><STEAM_0:0:88962302><Jinrai>" killed "[KOBA]ASBOJACK7H<5><STEAM_0:0:559133323><NSF>" with "supa7"
L 02/17/2024 - 19:16:43: "[KOBA] Zwiad<6><STEAM_0:0:41211851><NSF>" killed "[FEET] Kasietti<9><STEAM_0:0:181630571><Jinrai>" with "mx"
L 02/17/2024 - 19:16:43: "[FEET] Kasietti<9><STEAM_0:0:181630571><Jinrai>" say_team "100 Support mx"
L 02/17/2024 - 19:16:47: "[KOBA] Zwiad<6><STEAM_0:0:41211851><NSF>" killed "[FEET] Syncer<15><STEAM_0:0:88962302><Jinrai>" with "mx"
L 02/17/2024 - 19:16:48: "[FEET] Syncer<15><STEAM_0:0:88962302><Jinrai>" say_team "41 Support mx"
L 02/17/2024 - 19:17:13: "[FEET] Serbian Guy<10><STEAM_0:1:91548287><Jinrai>" killed "[KOBA] DESTROYGIRL<16><STEAM_0:0:82737074><NSF>" with "jittescoped"
L 02/17/2024 - 19:17:13: "[KOBA] DESTROYGIRL<16><STEAM_0:0:82737074><NSF>" say_team "10 Support jittescoped"
L 02/17/2024 - 19:17:18: "[KOBA] Shlup<8><STEAM_0:1:541462709><NSF>" killed "[FEET] drt<7><STEAM_0:1:16721927><Jinrai>" with "zr68s"
L 02/17/2024 - 19:17:18: "[FEET] drt<7><STEAM_0:1:16721927><Jinrai>" say_team "43 Assault zr68s"
L 02/17/2024 - 19:17:20: "[FEET] Rezneps<11><STEAM_0:1:66564980><Jinrai>" killed "[KOBA] Shlup<8><STEAM_0:1:541462709><NSF>" with "zr68s"
L 02/17/2024 - 19:17:21: "[FEET] Serbian Guy<10><STEAM_0:1:91548287><Jinrai>" killed "[KOBA] Zwiad<6><STEAM_0:0:41211851><NSF>" with "jittescoped"
L 02/17/2024 - 19:17:21: "[FEET] Syncer<15><STEAM_0:0:88962302><Jinrai>" triggered "kill_assist"
L 02/17/2024 - 19:18:09: "[KOBA] Shlup<8><STEAM_0:1:541462709><NSF>" killed "[FEET] Syncer<15><STEAM_0:0:88962302><Jinrai>" with "zr68s"
L 02/17/2024 - 19:18:09: "[FEET] Syncer<15><STEAM_0:0:88962302><Jinrai>" say_team "100 Assault zr68s"
L 02/17/2024 - 19:18:27: "[KOBA] Zwiad<6><STEAM_0:0:41211851><NSF>" killed "[FEET] Rezneps<11><STEAM_0:1:66564980><Jinrai>" with "mx"
L 02/17/2024 - 19:18:28: "[FEET] Rezneps<11><STEAM_0:1:66564980><Jinrai>" say_team "24 Support mx"
L 02/17/2024 - 19:18:29: "[KOBA] Shlup<8><STEAM_0:1:541462709><NSF>" killed "[FEET] drt<7><STEAM_0:1:16721927><Jinrai>" with "zr68s"
L 02/17/2024 - 19:18:29: "[FEET] drt<7><STEAM_0:1:16721927><Jinrai>" say_team "76 Assault zr68s"
L 02/17/2024 - 19:18:41: "[FEET] Serbian Guy<10><STEAM_0:1:91548287><Jinrai>" killed "[KOBA] Zwiad<6><STEAM_0:0:41211851><NSF>" with "supa7"
L 02/17/2024 - 19:18:41: "[FEET] Rezneps<11><STEAM_0:1:66564980><Jinrai>" triggered "kill_assist"
L 02/17/2024 - 19:18:45: "[KOBA]ASBOJACK7H<5><STEAM_0:0:559133323><NSF>" killed "[FEET] Kasietti<9><STEAM_0:0:181630571><Jinrai>" with "mx"
L 02/17/2024 - 19:18:45: "[FEET] Kasietti<9><STEAM_0:0:181630571><Jinrai>" say_team "95 Recon mx"
L 02/17/2024 - 19:18:50: "[FEET] Serbian Guy<10><STEAM_0:1:91548287><Jinrai>" killed "[KOBA] Shlup<8><STEAM_0:1:541462709><NSF>" with "supa7"
L 02/17/2024 - 19:19:16: "[KOBA]Voodoo<12><STEAM_0:0:454847959><NSF>" killed "[FEET] Serbian Guy<10><STEAM_0:1:91548287><Jinrai>" with "zr68s"
L 02/17/2024 - 19:20:07: "[FEET] drt<7><STEAM_0:1:16721927><Jinrai>" killed "[KOBA]ASBOJACK7H<5><STEAM_0:0:559133323><NSF>" with "zr68s"
L 02/17/2024 - 19:20:51: "[FEET] Rezneps<11><STEAM_0:1:66564980><Jinrai>" killed "[KOBA]Voodoo<12><STEAM_0:0:454847959><NSF>" with "zr68s"
L 02/17/2024 - 19:20:51: "[FEET] Serbian Guy<10><STEAM_0:1:91548287><Jinrai>" triggered "kill_assist"
L 02/17/2024 - 19:20:52: "[KOBA]Voodoo<12><STEAM_0:0:454847959><NSF>" killed "[FEET] Rezneps<11><STEAM_0:1:66564980><Jinrai>" with "grenade_projectile"
L 02/17/2024 - 19:20:52: "[KOBA] DESTROYGIRL<16><STEAM_0:0:82737074><NSF>" triggered "kill_assist"
L 02/17/2024 - 19:20:52: "[KOBA]Voodoo<12><STEAM_0:0:454847959><NSF>" killed "[FEET] Syncer<15><STEAM_0:0:88962302><Jinrai>" with "grenade_projectile"
L 02/17/2024 - 19:20:52: "[FEET] Syncer<15><STEAM_0:0:88962302><Jinrai>" say_team "1 Assault grenade_projectile"
L 02/17/2024 - 19:20:52: "[FEET] Rezneps<11><STEAM_0:1:66564980><Jinrai>" say_team "1 Assault grenade_projectile"
L 02/17/2024 - 19:20:57: "[KOBA] DESTROYGIRL<16><STEAM_0:0:82737074><NSF>" killed "[FEET] Serbian Guy<10><STEAM_0:1:91548287><Jinrai>" with "mx"
L 02/17/2024 - 19:21:04: "[KOBA] DESTROYGIRL<16><STEAM_0:0:82737074><NSF>" killed "[FEET] drt<7><STEAM_0:1:16721927><Jinrai>" with "mx"
L 02/17/2024 - 19:21:04: "[FEET] drt<7><STEAM_0:1:16721927><Jinrai>" say_team "26 Support mx"
L 02/17/2024 - 19:21:30: "[FEET] Kasietti<9><STEAM_0:0:181630571><Jinrai>" killed "[KOBA] Zwiad<6><STEAM_0:0:41211851><NSF>" with "jittescoped"
L 02/17/2024 - 19:21:32: "[KOBA] Shlup<8><STEAM_0:1:541462709><NSF>" killed "[FEET] Kasietti<9><STEAM_0:0:181630571><Jinrai>" with "zr68s"
L 02/17/2024 - 19:21:32: "[KOBA] Zwiad<6><STEAM_0:0:41211851><NSF>" triggered "kill_assist"
L 02/17/2024 - 19:21:32: "[FEET] Kasietti<9><STEAM_0:0:181630571><Jinrai>" say_team "100 Assault zr68s"
L 02/17/2024 - 19:22:16: "[KOBA]ASBOJACK7H<5><STEAM_0:0:559133323><NSF>" killed "[FEET] drt<7><STEAM_0:1:16721927><Jinrai>" with "zr68s"
L 02/17/2024 - 19:22:16: "[FEET] drt<7><STEAM_0:1:16721927><Jinrai>" say_team "56 Assault zr68s"
L 02/17/2024 - 19:22:20: "[FEET] Syncer<15><STEAM_0:0:88962302><Jinrai>" killed "[KOBA]ASBOJACK7H<5><STEAM_0:0:559133323><NSF>" with "supa7"
L 02/17/2024 - 19:22:27: "[FEET] Rezneps<11><STEAM_0:1:66564980><Jinrai>" killed "[KOBA]Voodoo<12><STEAM_0:0:454847959><NSF>" with "mx"
L 02/17/2024 - 19:22:34: "[FEET] Rezneps<11><STEAM_0:1:66564980><Jinrai>" killed "[KOBA] Shlup<8><STEAM_0:1:541462709><NSF>" with "mx"
L 02/17/2024 - 19:22:42: "[FEET] Syncer<15><STEAM_0:0:88962302><Jinrai>" killed "[KOBA] DESTROYGIRL<16><STEAM_0:0:82737074><NSF>" with "supa7"
L 02/17/2024 - 19:22:42: "[KOBA] DESTROYGIRL<16><STEAM_0:0:82737074><NSF>" say_team "50 Recon supa7"
L 02/17/2024 - 19:22:50: "[KOBA]ASBOJACK7H<5><STEAM_0:0:559133323><NSF>" say "!settings"
L 02/17/2024 - 19:23:01: "[KOBA] Zwiad<6><STEAM_0:0:41211851><NSF>" killed "[FEET] Kasietti<9><STEAM_0:0:181630571><Jinrai>" with "mx"
L 02/17/2024 - 19:23:01: "[FEET] Kasietti<9><STEAM_0:0:181630571><Jinrai>" say_team "81 Support mx"
L 02/17/2024 - 19:23:24: "[FEET] Rezneps<11><STEAM_0:1:66564980><Jinrai>" killed "[KOBA] Zwiad<6><STEAM_0:0:41211851><NSF>" with "mx"
L 02/17/2024 - 19:23:24: "[FEET] Syncer<15><STEAM_0:0:88962302><Jinrai>" triggered "kill_assist"
L 02/17/2024 - 19:24:09: "[KOBA]ASBOJACK7H<5><STEAM_0:0:559133323><NSF>" killed "[FEET] Syncer<15><STEAM_0:0:88962302><Jinrai>" with "mx"
L 02/17/2024 - 19:24:09: "[FEET] Syncer<15><STEAM_0:0:88962302><Jinrai>" say_team "100 Assault mx"
L 02/17/2024 - 19:24:33: "[FEET] Serbian Guy<10><STEAM_0:1:91548287><Jinrai>" killed "[KOBA]ASBOJACK7H<5><STEAM_0:0:559133323><NSF>" with "mx"
L 02/17/2024 - 19:24:33: "[FEET] drt<7><STEAM_0:1:16721927><Jinrai>" triggered "kill_assist"
L 02/17/2024 - 19:24:33: "[KOBA]ASBOJACK7H<5><STEAM_0:0:559133323><NSF>" say_team "54 Support mx"
L 02/17/2024 - 19:24:35: "[KOBA] Shlup<8><STEAM_0:1:541462709><NSF>" killed "[FEET] Serbian Guy<10><STEAM_0:1:91548287><Jinrai>" with "mx"
L 02/17/2024 - 19:25:06: "[KOBA] Zwiad<6><STEAM_0:0:41211851><NSF>" killed "[FEET] Kasietti<9><STEAM_0:0:181630571><Jinrai>" with "mx"
L 02/17/2024 - 19:25:06: "[KOBA]Voodoo<12><STEAM_0:0:454847959><NSF>" triggered "kill_assist"
L 02/17/2024 - 19:25:06: "[FEET] Kasietti<9><STEAM_0:0:181630571><Jinrai>" say_team "100 Support mx"
L 02/17/2024 - 19:25:09: "[FEET] Rezneps<11><STEAM_0:1:66564980><Jinrai>" killed "[KOBA] Shlup<8><STEAM_0:1:541462709><NSF>" with "mx"
L 02/17/2024 - 19:25:15: "[KOBA]Voodoo<12><STEAM_0:0:454847959><NSF>" killed "[FEET] Rezneps<11><STEAM_0:1:66564980><Jinrai>" with "zr68s"
L 02/17/2024 - 19:25:16: "[FEET] Rezneps<11><STEAM_0:1:66564980><Jinrai>" say_team "30 Assault zr68s"
L 02/17/2024 - 19:25:19: Team "NSF" triggered "ghost_capture_team"
L 02/17/2024 - 19:25:19: "[KOBA] Zwiad<6><STEAM_0:0:41211851><NSF>" triggered "ghost_capture"
L 02/17/2024 - 19:25:20: "[FEET] drt<7><STEAM_0:1:16721927><Jinrai>" killed "[KOBA] DESTROYGIRL<16><STEAM_0:0:82737074><NSF>" with "zr68c"
L 02/17/2024 - 19:25:20: "[KOBA] DESTROYGIRL<16><STEAM_0:0:82737074><NSF>" say_team "100 Assault zr68c"
L 02/17/2024 - 19:26:06: "[FEET] Syncer<15><STEAM_0:0:88962302><Jinrai>" killed "[KOBA] Shlup<8><STEAM_0:1:541462709><NSF>" with "supa7"
L 02/17/2024 - 19:26:07: "[KOBA] Zwiad<6><STEAM_0:0:41211851><NSF>" killed "[FEET] Syncer<15><STEAM_0:0:88962302><Jinrai>" with "mx"
L 02/17/2024 - 19:26:07: "[FEET] Syncer<15><STEAM_0:0:88962302><Jinrai>" say_team "5 Support mx"
L 02/17/2024 - 19:26:19: "[FEET] Serbian Guy<10><STEAM_0:1:91548287><Jinrai>" killed "[KOBA] Zwiad<6><STEAM_0:0:41211851><NSF>" with "mx"
L 02/17/2024 - 19:26:19: "[FEET] Syncer<15><STEAM_0:0:88962302><Jinrai>" triggered "kill_assist"
L 02/17/2024 - 19:26:20: "[KOBA] DESTROYGIRL<16><STEAM_0:0:82737074><NSF>" killed "[FEET] Kasietti<9><STEAM_0:0:181630571><Jinrai>" with "mx"
L 02/17/2024 - 19:26:20: "[FEET] Kasietti<9><STEAM_0:0:181630571><Jinrai>" say_team "66 Support mx"
L 02/17/2024 - 19:26:31: "[FEET] Rezneps<11><STEAM_0:1:66564980><Jinrai>" killed "[KOBA]ASBOJACK7H<5><STEAM_0:0:559133323><NSF>" with "mx"
L 02/17/2024 - 19:26:31: "[KOBA]ASBOJACK7H<5><STEAM_0:0:559133323><NSF>" say_team "97 Assault mx"
L 02/17/2024 - 19:26:34: "[KOBA]Voodoo<12><STEAM_0:0:454847959><NSF>" killed "[FEET] drt<7><STEAM_0:1:16721927><Jinrai>" with "srs"
L 02/17/2024 - 19:26:34: "[FEET] drt<7><STEAM_0:1:16721927><Jinrai>" say_team "51 Assault srs"
L 02/17/2024 - 19:26:52: "[FEET] Serbian Guy<10><STEAM_0:1:91548287><Jinrai>" say "stuck"
L 02/17/2024 - 19:27:05: "[FEET] drt<7><STEAM_0:1:16721927><Jinrai>" say "!pause"
L 02/17/2024 - 19:27:08: "[KOBA]ASBOJACK7H<5><STEAM_0:0:559133323><NSF>" say "stuck?"
L 02/17/2024 - 19:27:19: "[FEET] Serbian Guy<10><STEAM_0:1:91548287><>" disconnected (reason "Connection closing")
L 02/17/2024 - 19:27:19: "[FEET] Serbian Guy<17><STEAM_ID_PENDING><>" connected, address "31.5.202.161:27005"
L 02/17/2024 - 19:27:19: "[FEET] Serbian Guy<17><STEAM_0:1:91548287><>" STEAM USERID validated
L 02/17/2024 - 19:27:19: "[FEET] drt<7><STEAM_0:1:16721927><Jinrai>" say "game crashed"
L 02/17/2024 - 19:27:22: "[FEET] Serbian Guy<17><STEAM_0:1:91548287><>" entered the game
L 02/17/2024 - 19:27:24: "[KOBA]Voodoo<12><STEAM_0:0:454847959><NSF>" killed "[FEET] Rezneps<11><STEAM_0:1:66564980><Jinrai>" with "srs"
L 02/17/2024 - 19:27:24: "[KOBA] DESTROYGIRL<16><STEAM_0:0:82737074><NSF>" triggered "kill_assist"
L 02/17/2024 - 19:27:24: "[FEET] Rezneps<11><STEAM_0:1:66564980><Jinrai>" say_team "51 Assault srs"
L 02/17/2024 - 19:27:25: "[FEET] Serbian Guy<17><STEAM_0:1:91548287><Unassigned>" joined team "Jinrai"
L 02/17/2024 - 19:27:41: "[KOBA]ASBOJACK7H<5><STEAM_0:0:559133323><NSF>" say "!unpause"
L 02/17/2024 - 19:27:49: "[KOBA]ASBOJACK7H<5><STEAM_0:0:559133323><NSF>" say "!unpause"
L 02/17/2024 - 19:28:05: "[FEET] drt<7><STEAM_0:1:16721927><Jinrai>" say "!UNPAUSE"
L 02/17/2024 - 19:28:10: "[KOBA]ASBOJACK7H<5><STEAM_0:0:559133323><NSF>" say "!unpause"
L 02/17/2024 - 19:28:21: "[FEET] drt<7><STEAM_0:1:16721927><Jinrai>" say "!UNPAUSE"
L 02/17/2024 - 19:28:24: "[KOBA]Voodoo<12><STEAM_0:0:454847959><NSF>" killed "[KOBA]ASBOJACK7H<5><STEAM_0:0:559133323><NSF>" with "srs"
L 02/17/2024 - 19:28:24: "[KOBA]ASBOJACK7H<5><STEAM_0:0:559133323><NSF>" say_team "100 Assault srs"
L 02/17/2024 - 19:29:23: "[KOBA] Zwiad<6><STEAM_0:0:41211851><NSF>" killed "[FEET] drt<7><STEAM_0:1:16721927><Jinrai>" with "mx"
L 02/17/2024 - 19:29:23: "[FEET] drt<7><STEAM_0:1:16721927><Jinrai>" say_team "100 Support mx"
L 02/17/2024 - 19:29:26: "[FEET] Syncer<15><STEAM_0:0:88962302><Jinrai>" killed "[KOBA]ASBOJACK7H<5><STEAM_0:0:559133323><NSF>" with "supa7"
L 02/17/2024 - 19:29:27: "[KOBA]ASBOJACK7H<5><STEAM_0:0:559133323><NSF>" say_team "100 Recon supa7"
L 02/17/2024 - 19:29:31: "[KOBA] Shlup<8><STEAM_0:1:541462709><NSF>" killed "[FEET] Serbian Guy<17><STEAM_0:1:91548287><Jinrai>" with "mx"
L 02/17/2024 - 19:29:31: "[FEET] Syncer<15><STEAM_0:0:88962302><Jinrai>" killed "[KOBA]Voodoo<12><STEAM_0:0:454847959><NSF>" with "supa7"
L 02/17/2024 - 19:29:52: "[FEET] Syncer<15><STEAM_0:0:88962302><Jinrai>" killed "[KOBA] Zwiad<6><STEAM_0:0:41211851><NSF>" with "supa7"
L 02/17/2024 - 19:29:52: "[KOBA] Shlup<8><STEAM_0:1:541462709><NSF>" killed "[FEET] Syncer<15><STEAM_0:0:88962302><Jinrai>" with "mx"
L 02/17/2024 - 19:29:53: "[FEET] Syncer<15><STEAM_0:0:88962302><Jinrai>" say_team "100 Assault mx"
L 02/17/2024 - 19:29:55: "[KOBA] DESTROYGIRL<16><STEAM_0:0:82737074><NSF>" killed "[FEET] Rezneps<11><STEAM_0:1:66564980><Jinrai>" with "mx"
L 02/17/2024 - 19:29:55: "[FEET] Rezneps<11><STEAM_0:1:66564980><Jinrai>" say_team "81 Support mx"
L 02/17/2024 - 19:29:57: "[KOBA] Shlup<8><STEAM_0:1:541462709><NSF>" killed "[FEET] Kasietti<9><STEAM_0:0:181630571><Jinrai>" with "mx"
L 02/17/2024 - 19:29:57: "[KOBA] Zwiad<6><STEAM_0:0:41211851><NSF>" triggered "kill_assist"
L 02/17/2024 - 19:29:57: "[FEET] Kasietti<9><STEAM_0:0:181630571><Jinrai>" say_team "100 Assault mx"
L 02/17/2024 - 19:30:15: "[ADMIN] Infrequent<18><STEAM_ID_PENDING><>" connected, address "86.169.55.78:27005"
L 02/17/2024 - 19:30:15: "[ADMIN] Infrequent<18><STEAM_0:1:6384081><>" STEAM USERID validated
L 02/17/2024 - 19:30:17: "[ADMIN] Infrequent<18><STEAM_0:1:6384081><>" entered the game
L 02/17/2024 - 19:30:20: "[ADMIN] Infrequent<18><STEAM_0:1:6384081><Unassigned>" joined team "Spectator"
L 02/17/2024 - 19:30:38: "[KOBA]Voodoo<12><STEAM_0:0:454847959><NSF>" killed "[KOBA]ASBOJACK7H<5><STEAM_0:0:559133323><NSF>" with "srs"
L 02/17/2024 - 19:30:38: "[KOBA]ASBOJACK7H<5><STEAM_0:0:559133323><NSF>" say_team "100 Assault srs"
L 02/17/2024 - 19:30:48: "[KOBA]Voodoo<12><STEAM_0:0:454847959><NSF>" killed "[FEET] Kasietti<9><STEAM_0:0:181630571><Jinrai>" with "tachi"
L 02/17/2024 - 19:30:49: "[FEET] Kasietti<9><STEAM_0:0:181630571><Jinrai>" say_team "86 Assault tachi"
L 02/17/2024 - 19:31:06: "[FEET] Serbian Guy<17><STEAM_0:1:91548287><Jinrai>" killed "[KOBA]Voodoo<12><STEAM_0:0:454847959><NSF>" with "mx"
L 02/17/2024 - 19:31:16: "[KOBA] DESTROYGIRL<16><STEAM_0:0:82737074><NSF>" killed "[FEET] Serbian Guy<17><STEAM_0:1:91548287><Jinrai>" with "mx"
L 02/17/2024 - 19:31:16: "[KOBA]Voodoo<12><STEAM_0:0:454847959><NSF>" triggered "kill_assist"
L 02/17/2024 - 19:31:27: "[KOBA] Shlup<8><STEAM_0:1:541462709><NSF>" killed "[FEET] drt<7><STEAM_0:1:16721927><Jinrai>" with "mx"
L 02/17/2024 - 19:31:27: "[FEET] drt<7><STEAM_0:1:16721927><Jinrai>" say_team "49 Assault mx"
L 02/17/2024 - 19:31:29: "[KOBA] Zwiad<6><STEAM_0:0:41211851><NSF>" killed "[FEET] Rezneps<11><STEAM_0:1:66564980><Jinrai>" with "mx"
L 02/17/2024 - 19:31:29: "[FEET] Rezneps<11><STEAM_0:1:66564980><Jinrai>" say_team "40 Support mx"
L 02/17/2024 - 19:31:39: "[FEET] Serbian Guy<17><STEAM_0:1:91548287><Jinrai>" say "]"
L 02/17/2024 - 19:32:03: "[FEET] Syncer<15><STEAM_0:0:88962302><Jinrai>" killed "[KOBA] Shlup<8><STEAM_0:1:541462709><NSF>" with "aa13"
L 02/17/2024 - 19:32:03: "[FEET] Rezneps<11><STEAM_0:1:66564980><Jinrai>" triggered "kill_assist"
L 02/17/2024 - 19:32:04: "[FEET] Serbian Guy<17><STEAM_0:1:91548287><Jinrai>" say_team "my only regret is that i wasn't big enough of a hater "
L 02/17/2024 - 19:32:06: "[FEET] Syncer<15><STEAM_0:0:88962302><Jinrai>" killed "[KOBA] Zwiad<6><STEAM_0:0:41211851><NSF>" with "aa13"
L 02/17/2024 - 19:32:06: "[FEET] Rezneps<11><STEAM_0:1:66564980><Jinrai>" triggered "kill_assist"
L 02/17/2024 - 19:32:18: "[FEET] Serbian Guy<17><STEAM_0:1:91548287><Jinrai>" say_team "stfu goon meister might clutch this"
L 02/17/2024 - 19:32:31: "[FEET] Serbian Guy<17><STEAM_0:1:91548287><Jinrai>" say_team "go goon meister i love u "
L 02/17/2024 - 19:32:44: "[KOBA] DESTROYGIRL<16><STEAM_0:0:82737074><NSF>" killed "[FEET] Syncer<15><STEAM_0:0:88962302><Jinrai>" with "mx"
L 02/17/2024 - 19:32:44: "[FEET] Syncer<15><STEAM_0:0:88962302><Jinrai>" say_team "89 Support mx"
L 02/17/2024 - 19:32:50: "[FEET] Serbian Guy<17><STEAM_0:1:91548287><Jinrai>" say "gg"
L 02/17/2024 - 19:32:50: "[FEET] Rezneps<11><STEAM_0:1:66564980><Jinrai>" say "gg"
L 02/17/2024 - 19:32:50: "[FEET] drt<7><STEAM_0:1:16721927><Jinrai>" say "f"
L 02/17/2024 - 19:32:53: "[FEET] Kasietti<9><STEAM_0:0:181630571><Jinrai>" say "gg"
L 02/17/2024 - 19:32:53: "[FEET] Syncer<15><STEAM_0:0:88962302><Jinrai>" say "gg"
L 02/17/2024 - 19:32:53: "[KOBA] Zwiad<6><STEAM_0:0:41211851><NSF>" say "gg"
L 02/17/2024 - 19:32:54: "[KOBA]Voodoo<12><STEAM_0:0:454847959><NSF>" say "gg"
L 02/17/2024 - 19:32:55: "[KOBA]ASBOJACK7H<5><STEAM_0:0:559133323><NSF>" say "gg"
L 02/17/2024 - 19:33:01: "[KOBA] DESTROYGIRL<16><STEAM_0:0:82737074><NSF>" say "ggs"
L 02/17/2024 - 19:33:05: "[KOBA] Shlup<8><STEAM_0:1:541462709><NSF>" say "gg"
L 02/17/2024 - 19:33:08: "[FEET] drt<7><STEAM_0:1:16721927><Jinrai>" say "!nominate snowfall"
L 02/17/2024 - 19:33:10: "[ADMIN] Infrequent<18><STEAM_0:1:6384081><Spectator>" say "!admin"
L 02/17/2024 - 19:33:11: "[FEET] drt<7><STEAM_0:1:16721927><Jinrai>" say "rtv"
L 02/17/2024 - 19:33:16: "[KOBA]ASBOJACK7H<5><STEAM_0:0:559133323><NSF>" say "rtv"
L 02/17/2024 - 19:33:17: [META] Loaded 0 plugins (1 already loaded)
L 02/17/2024 - 19:33:17: [META] Loaded 0 plugins (1 already loaded)
L 02/17/2024 - 19:33:17: Log file closed
