L 01/28/2024 - 20:30:26: Log file started (file "logs\L0128018.log") (game "c:\servers\eurotokyo\NeotokyoSource") (version "4044")
L 01/28/2024 - 20:30:26: server_cvar: "sv_pausable" "0"
L 01/28/2024 - 20:30:26: server_cvar: "sv_gravity" "800"
L 01/28/2024 - 20:30:26: server_cvar: "mp_friendlyfire" "1"
L 01/28/2024 - 20:30:29: "[KOBA] DESTROYGIRL<7><STEAM_0:0:82737074><>" entered the game
L 01/28/2024 - 20:30:30: "[KOBA] Zwiad<10><STEAM_0:0:41211851><>" entered the game
L 01/28/2024 - 20:30:30: "[KOBA] glitch<6><STEAM_0:0:526339791><>" entered the game
L 01/28/2024 - 20:30:32: "[TagsR4Nerds] Average<8><STEAM_0:1:57251237><>" entered the game
L 01/28/2024 - 20:30:33: "[KOBA] DESTROYGIRL<7><STEAM_0:0:82737074><Unassigned>" joined team "Jinrai"
L 01/28/2024 - 20:30:34: "[KOBA] Zwiad<10><STEAM_0:0:41211851><Unassigned>" joined team "Jinrai"
L 01/28/2024 - 20:30:35: "[TagsR4Nerds] Average<8><STEAM_0:1:57251237><Unassigned>" joined team "NSF"
L 01/28/2024 - 20:30:35: "[KOBA]ASBOJACK7H<12><STEAM_0:0:559133323><>" entered the game
L 01/28/2024 - 20:30:38: "[KOBA]ASBOJACK7H<12><STEAM_0:0:559133323><Unassigned>" joined team "Jinrai"
L 01/28/2024 - 20:30:38: "[=]neotokyosnood<13><STEAM_0:1:47222322><>" entered the game
L 01/28/2024 - 20:30:40: "[KOBA] glitch<6><STEAM_0:0:526339791><Unassigned>" joined team "NSF"
L 01/28/2024 - 20:30:41: "[=]neotokyosnood<13><STEAM_0:1:47222322><Unassigned>" joined team "NSF"
L 01/28/2024 - 20:30:42: "[=] wakfuck<11><STEAM_0:0:62638797><>" entered the game
L 01/28/2024 - 20:30:44: "[KOBA]TorMechia<15><STEAM_0:1:83071063><>" entered the game
L 01/28/2024 - 20:30:47: "[=] wakfuck<11><STEAM_0:0:62638797><Unassigned>" joined team "NSF"
L 01/28/2024 - 20:30:51: "[KOBA] glitch<6><STEAM_0:0:526339791><NSF>" say "!J"
L 01/28/2024 - 20:30:51: "[KOBA] glitch<6><STEAM_0:0:526339791><NSF>" committed suicide with "player"
L 01/28/2024 - 20:30:51: "[KOBA] glitch<6><STEAM_0:0:526339791><NSF>" joined team "Jinrai"
L 01/28/2024 - 20:30:53: "[=]PyromaniacG<14><STEAM_0:1:25398391><>" entered the game
L 01/28/2024 - 20:30:56: "[=]PyromaniacG<14><STEAM_0:1:25398391><Unassigned>" joined team "NSF"
L 01/28/2024 - 20:30:56: "[KOBA]ASBOJACK7H<12><STEAM_0:0:559133323><Jinrai>" committed suicide with "player"
L 01/28/2024 - 20:31:30: "[KOBA]TorMechia<15><STEAM_0:1:83071063><Unassigned>" joined team "Jinrai"
L 01/28/2024 - 20:31:39: "[=] wakfuck<11><STEAM_0:0:62638797><NSF>" changed name to "[=]wakfuck"
L 01/28/2024 - 20:32:25: "[KOBA]ASBOJACK7H<12><STEAM_0:0:559133323><Jinrai>" say "where is baux?"
L 01/28/2024 - 20:32:28: "[=]wakfuck<11><STEAM_0:0:62638797><NSF>" say_team "ye"
L 01/28/2024 - 20:32:33: "[=]wakfuck<11><STEAM_0:0:62638797><NSF>" say_team "we play sundays now"
L 01/28/2024 - 20:32:35: "[=]wakfuck<11><STEAM_0:0:62638797><NSF>" say_team "lol"
L 01/28/2024 - 20:32:43: "[=]wakfuck<11><STEAM_0:0:62638797><NSF>" say_team "I had practice on an nt sunday today"
L 01/28/2024 - 20:32:47: "[=]wakfuck<11><STEAM_0:0:62638797><NSF>" say_team "on a pub"
L 01/28/2024 - 20:34:09: "[KOBA]TorMechia<15><STEAM_0:1:83071063><Jinrai>" committed suicide with "player"
L 01/28/2024 - 20:34:23: "[=]wakfuck<11><STEAM_0:0:62638797><NSF>" say_team "perfect"
L 01/28/2024 - 20:34:26: "[=]wakfuck<11><STEAM_0:0:62638797><NSF>" say_team "no need to tell me"
L 01/28/2024 - 20:34:36: "[=]wakfuck<11><STEAM_0:0:62638797><NSF>" say_team "last time we tried tactics we failed..."
L 01/28/2024 - 20:34:40: "[=]wakfuck<11><STEAM_0:0:62638797><NSF>" say_team "ig its not in our blood"
L 01/28/2024 - 20:35:04: "[KOBA]ASBOJACK7H<12><STEAM_0:0:559133323><Jinrai>" committed suicide with "player"
L 01/28/2024 - 20:35:04: "[=]wakfuck<11><STEAM_0:0:62638797><NSF>" say_team "infreq"
L 01/28/2024 - 20:35:13: "[=]wakfuck<11><STEAM_0:0:62638797><NSF>" say_team "it was infreq and baux"
L 01/28/2024 - 20:35:17: "[=]wakfuck<11><STEAM_0:0:62638797><NSF>" say_team "on our MNHR scrim lol"
L 01/28/2024 - 20:35:25: "[KOBA] glitch<6><STEAM_0:0:526339791><Jinrai>" committed suicide with "player"
L 01/28/2024 - 20:35:40: "[KOBA]TorMechia<15><STEAM_0:1:83071063><Jinrai>" say "!fov"
L 01/28/2024 - 20:35:58: "[=]wakfuck<11><STEAM_0:0:62638797><NSF>" say_team "i gotta try the shit mxicans were doing last time"
L 01/28/2024 - 20:36:03: "[=]wakfuck<11><STEAM_0:0:62638797><NSF>" say_team "jumping in the enemies..."
L 01/28/2024 - 20:36:23: "[=]wakfuck<11><STEAM_0:0:62638797><NSF>" say_team "btw why invis in steam"
L 01/28/2024 - 20:36:28: "[=]neotokyosnood<13><STEAM_0:1:47222322><NSF>" say "ddosed"
L 01/28/2024 - 20:36:30: "[=]wakfuck<11><STEAM_0:0:62638797><NSF>" say_team "if the server is public in server browser"
L 01/28/2024 - 20:36:34: "[=]wakfuck<11><STEAM_0:0:62638797><NSF>" say_team "..."
L 01/28/2024 - 20:36:34: "[DYS] bauxite<16><STEAM_ID_PENDING><>" connected, address "86.13.114.58:27005"
L 01/28/2024 - 20:36:34: "[DYS] bauxite<16><STEAM_0:0:5757747><>" STEAM USERID validated
L 01/28/2024 - 20:36:38: "[KOBA]TorMechia<15><STEAM_0:1:83071063><Jinrai>" say "get ddosed, idiot"
L 01/28/2024 - 20:36:40: "[DYS] bauxite<16><STEAM_0:0:5757747><>" entered the game
L 01/28/2024 - 20:36:43: "[DYS] bauxite<16><STEAM_0:0:5757747><Unassigned>" joined team "NSF"
L 01/28/2024 - 20:36:45: "[=]wakfuck<11><STEAM_0:0:62638797><NSF>" say_team "its for private servers"
L 01/28/2024 - 20:36:54: "[=]wakfuck<11><STEAM_0:0:62638797><NSF>" say_team "bauxnet"
L 01/28/2024 - 20:37:07: "[KOBA]ASBOJACK7H<12><STEAM_0:0:559133323><Jinrai>" say "!ready"
L 01/28/2024 - 20:37:11: "[=]PyromaniacG<14><STEAM_0:1:25398391><NSF>" say "!ready"
L 01/28/2024 - 20:37:13: "[KOBA]TorMechia<15><STEAM_0:1:83071063><Jinrai>" say "!penis"
L 01/28/2024 - 20:37:21: "[=]neotokyosnood<13><STEAM_0:1:47222322><NSF>" say "!ready"
L 01/28/2024 - 20:37:23: "[KOBA] DESTROYGIRL<7><STEAM_0:0:82737074><Jinrai>" say "dont we need a staff to observe the match"
L 01/28/2024 - 20:37:27: "[KOBA]TorMechia<15><STEAM_0:1:83071063><Jinrai>" committed suicide with "player"
L 01/28/2024 - 20:37:27: "[=]wakfuck<11><STEAM_0:0:62638797><NSF>" say "!ready"
L 01/28/2024 - 20:37:30: "[KOBA] DESTROYGIRL<7><STEAM_0:0:82737074><Jinrai>" say "even if its not being streamed?"
L 01/28/2024 - 20:37:38: "[DYS] bauxite<16><STEAM_0:0:5757747><NSF>" say "!ready"
L 01/28/2024 - 20:37:39: "[=]neotokyosnood<13><STEAM_0:1:47222322><NSF>" say "yh"
L 01/28/2024 - 20:37:41: "[=]neotokyosnood<13><STEAM_0:1:47222322><NSF>" say "!ready"
L 01/28/2024 - 20:37:42: "[DYS] bauxite<16><STEAM_0:0:5757747><NSF>" say "technically im staff"
L 01/28/2024 - 20:37:48: "[=]wakfuck<11><STEAM_0:0:62638797><NSF>" say_team "ye"
L 01/28/2024 - 20:37:48: "[=]neotokyosnood<13><STEAM_0:1:47222322><NSF>" say "i think so"
L 01/28/2024 - 20:37:52: "[=]neotokyosnood<13><STEAM_0:1:47222322><NSF>" say "!unready"
L 01/28/2024 - 20:37:54: "[=]wakfuck<11><STEAM_0:0:62638797><NSF>" say "on anp twitch, ye"
L 01/28/2024 - 20:38:01: "[DYS] bauxite<16><STEAM_0:0:5757747><NSF>" say "but i dont think a staff observer is needed"
L 01/28/2024 - 20:38:23: "[=]PyromaniacG<14><STEAM_0:1:25398391><NSF>" say "!readylist"
L 01/28/2024 - 20:38:27: "[DYS] bauxite<16><STEAM_0:0:5757747><NSF>" say_team "i can play any class u want"
L 01/28/2024 - 20:38:53: "[=]wakfuck<11><STEAM_0:0:62638797><NSF>" say_team "here's our tactic:"
L 01/28/2024 - 20:38:57: "[=]wakfuck<11><STEAM_0:0:62638797><NSF>" say_team "we play like a pub"
L 01/28/2024 - 20:39:00: "[=]wakfuck<11><STEAM_0:0:62638797><NSF>" say_team "lets roll"
L 01/28/2024 - 20:39:01: "[DYS] bauxite<16><STEAM_0:0:5757747><NSF>" say_team "nah ive played with u guys in pugs as well and in 3v3"
L 01/28/2024 - 20:39:40: "[=]wakfuck<11><STEAM_0:0:62638797><NSF>" say "this is still a match pre brackets right"
L 01/28/2024 - 20:39:47: "[KOBA] DESTROYGIRL<7><STEAM_0:0:82737074><Jinrai>" say "ye"
L 01/28/2024 - 20:39:50: "[=]wakfuck<11><STEAM_0:0:62638797><NSF>" say "aight"
L 01/28/2024 - 20:39:55: "[=]wakfuck<11><STEAM_0:0:62638797><NSF>" say_team "i dont mind practicing"
L 01/28/2024 - 20:39:59: "[=]wakfuck<11><STEAM_0:0:62638797><NSF>" say_team "learning the spots n shit"
L 01/28/2024 - 20:40:07: "[=]wakfuck<11><STEAM_0:0:62638797><NSF>" say_team "the no collision strats...."
L 01/28/2024 - 20:40:16: "[KOBA] DESTROYGIRL<7><STEAM_0:0:82737074><Jinrai>" committed suicide with "player"
L 01/28/2024 - 20:40:16: "[DYS] bauxite<16><STEAM_0:0:5757747><NSF>" say "we can play the fixed version if nobody tells"
L 01/28/2024 - 20:40:27: "[=]wakfuck<11><STEAM_0:0:62638797><NSF>" say_team "wheres the paint can"
L 01/28/2024 - 20:40:29: "[KOBA] glitch<6><STEAM_0:0:526339791><Jinrai>" committed suicide with "player"
L 01/28/2024 - 20:40:30: "[KOBA] DESTROYGIRL<7><STEAM_0:0:82737074><Jinrai>" say "nuh uh"
L 01/28/2024 - 20:40:32: "[DYS] bauxite<16><STEAM_0:0:5757747><NSF>" say "in our spawn"
L 01/28/2024 - 20:40:37: "[=]wakfuck<11><STEAM_0:0:62638797><NSF>" say_team "lemme check"
L 01/28/2024 - 20:40:48: "[=]wakfuck<11><STEAM_0:0:62638797><NSF>" say_team "here?"
L 01/28/2024 - 20:40:49: "[DYS] bauxite<16><STEAM_0:0:5757747><NSF>" say "!readylist"
L 01/28/2024 - 20:40:52: "[=]PyromaniacG<14><STEAM_0:1:25398391><NSF>" say "!readylist"
L 01/28/2024 - 20:40:56: "[=]neotokyosnood<13><STEAM_0:1:47222322><NSF>" say "do we have a streamer"
L 01/28/2024 - 20:41:01: "[DYS] bauxite<16><STEAM_0:0:5757747><NSF>" say "seems no"
L 01/28/2024 - 20:41:01: "[KOBA]TorMechia<15><STEAM_0:1:83071063><Jinrai>" say "bruh"
L 01/28/2024 - 20:41:03: "[KOBA] Zwiad<10><STEAM_0:0:41211851><Jinrai>" say "we need an organizer or something"
L 01/28/2024 - 20:41:06: "[DYS] bauxite<16><STEAM_0:0:5757747><NSF>" say "for what"
L 01/28/2024 - 20:41:07: "[KOBA] Zwiad<10><STEAM_0:0:41211851><Jinrai>" say "to watch the tgame"
L 01/28/2024 - 20:41:10: "[KOBA] Zwiad<10><STEAM_0:0:41211851><Jinrai>" say "apparently"
L 01/28/2024 - 20:41:11: "[DYS] bauxite<16><STEAM_0:0:5757747><NSF>" say "im staff technically"
L 01/28/2024 - 20:41:12: "[=]wakfuck<11><STEAM_0:0:62638797><NSF>" say "i thought we were gon be streamed lol"
L 01/28/2024 - 20:41:23: "[=]wakfuck<11><STEAM_0:0:62638797><NSF>" say "LMAO baux is gon stream his pov pog"
L 01/28/2024 - 20:41:27: "[KOBA] Zwiad<10><STEAM_0:0:41211851><Jinrai>" say "!ready"
L 01/28/2024 - 20:41:34: "[KOBA]TorMechia<15><STEAM_0:1:83071063><Jinrai>" say "!ready"
L 01/28/2024 - 20:41:41: "[KOBA] glitch<6><STEAM_0:0:526339791><Jinrai>" say_team "!ready"
L 01/28/2024 - 20:41:43: "[=]wakfuck<11><STEAM_0:0:62638797><NSF>" say "!unready"
L 01/28/2024 - 20:41:47: "[DYS] bauxite<16><STEAM_0:0:5757747><NSF>" say "but i dont think it says in rules u need a staff observer?"
L 01/28/2024 - 20:41:49: "[=]wakfuck<11><STEAM_0:0:62638797><NSF>" say_team "where's snood wtf"
L 01/28/2024 - 20:41:50: "[DYS] bauxite<16><STEAM_0:0:5757747><NSF>" say "right?"
L 01/28/2024 - 20:42:00: "[=]neotokyosnood<13><STEAM_0:1:47222322><NSF>" say "!ready"
L 01/28/2024 - 20:42:03: "[KOBA] DESTROYGIRL<7><STEAM_0:0:82737074><Jinrai>" say "i thought i read it somewhere but might be wrong"
L 01/28/2024 - 20:42:05: "[=]wakfuck<11><STEAM_0:0:62638797><NSF>" say "no stream? damn"
L 01/28/2024 - 20:42:09: "[=]neotokyosnood<13><STEAM_0:1:47222322><NSF>" say "i was checking if we can play without a stream"
L 01/28/2024 - 20:42:13: "[DYS] bauxite<16><STEAM_0:0:5757747><NSF>" say "ill check rules after, but im sure u dont need it"
L 01/28/2024 - 20:42:17: "[KOBA] DESTROYGIRL<7><STEAM_0:0:82737074><Jinrai>" say "if were all good then were all good"
L 01/28/2024 - 20:42:17: "[=]wakfuck<11><STEAM_0:0:62638797><NSF>" say "tf was I pinging @everyone for my friends for lol"
L 01/28/2024 - 20:42:31: "[=]wakfuck<11><STEAM_0:0:62638797><NSF>" say "!ready"
L 01/28/2024 - 20:42:38: "[=]wakfuck<11><STEAM_0:0:62638797><NSF>" say_team "2 sup 2 rec 1 ass?"
L 01/28/2024 - 20:42:42: "[KOBA] Zwiad<10><STEAM_0:0:41211851><Jinrai>" say "!readylist"
L 01/28/2024 - 20:42:44: "[DYS] bauxite<16><STEAM_0:0:5757747><NSF>" say_team "ill paly new alley or shop area"
L 01/28/2024 - 20:42:45: Team "Jinrai" triggered "ghost_capture_team"
L 01/28/2024 - 20:42:45: "[KOBA]TorMechia<15><STEAM_0:1:83071063><Jinrai>" triggered "ghost_capture"
L 01/28/2024 - 20:42:46: "[KOBA] DESTROYGIRL<7><STEAM_0:0:82737074><Jinrai>" say "!ready"
L 01/28/2024 - 20:42:48: "[KOBA]ASBOJACK7H<12><STEAM_0:0:559133323><Jinrai>" say "!ready"
L 01/28/2024 - 20:42:48: "[KOBA] glitch<6><STEAM_0:0:526339791><Jinrai>" say "!readylist"
L 01/28/2024 - 20:42:49: "[KOBA]TorMechia<15><STEAM_0:1:83071063><Jinrai>" committed suicide with "player"
L 01/28/2024 - 20:42:51: "[=]wakfuck<11><STEAM_0:0:62638797><NSF>" say_team "can I be sup too"
L 01/28/2024 - 20:42:54: "[DYS] bauxite<16><STEAM_0:0:5757747><NSF>" say_team "sure"
L 01/28/2024 - 20:42:56: "[DYS] bauxite<16><STEAM_0:0:5757747><NSF>" say_team "we acvn hve 3"
L 01/28/2024 - 20:42:57: "[KOBA]ASBOJACK7H<12><STEAM_0:0:559133323><Jinrai>" say "!readylist"
L 01/28/2024 - 20:42:57: "[=]wakfuck<11><STEAM_0:0:62638797><NSF>" say_team "lets go"
L 01/28/2024 - 20:43:05: "[TagsR4Nerds] Average<8><STEAM_0:1:57251237><NSF>" say_team "we can ahve 3 "
L 01/28/2024 - 20:43:08: "[=]neotokyosnood<13><STEAM_0:1:47222322><NSF>" say "!readylist"
L 01/28/2024 - 20:43:20: "[DYS] bauxite<16><STEAM_0:0:5757747><NSF>" say "loko at this wal"
L 01/28/2024 - 20:43:21: "[DYS] bauxite<16><STEAM_0:0:5757747><NSF>" say "here"
L 01/28/2024 - 20:43:21: "[TagsR4Nerds] Average<8><STEAM_0:1:57251237><NSF>" say "!ready"
L 01/28/2024 - 20:43:25: "[DYS] bauxite<16><STEAM_0:0:5757747><NSF>" say "nvm"
L 01/28/2024 - 20:43:26: "[DYS] bauxite<16><STEAM_0:0:5757747><NSF>" say "glhf"
L 01/28/2024 - 20:43:32: "[=]neotokyosnood<13><STEAM_0:1:47222322><NSF>" say "gl"
L 01/28/2024 - 20:43:34: "[TagsR4Nerds] Average<8><STEAM_0:1:57251237><NSF>" say_team "im going recon"
L 01/28/2024 - 20:43:36: "[=]wakfuck<11><STEAM_0:0:62638797><NSF>" say "glhf"
L 01/28/2024 - 20:43:38: "[TagsR4Nerds] Average<8><STEAM_0:1:57251237><NSF>" say_team "close g host"
L 01/28/2024 - 20:43:47: "[TagsR4Nerds] Average<8><STEAM_0:1:57251237><NSF>" say_team "oh nvm"
L 01/28/2024 - 20:43:49: "[TagsR4Nerds] Average<8><STEAM_0:1:57251237><NSF>" say_team "no itsn ot close"
L 01/28/2024 - 20:43:59: "[KOBA] glitch<6><STEAM_0:0:526339791><Jinrai>" killed "[=]wakfuck<11><STEAM_0:0:62638797><NSF>" with "srm"
L 01/28/2024 - 20:44:01: "[TagsR4Nerds] Average<8><STEAM_0:1:57251237><NSF>" killed "[KOBA]ASBOJACK7H<12><STEAM_0:0:559133323><Jinrai>" with "jitte"
L 01/28/2024 - 20:44:08: "[=]neotokyosnood<13><STEAM_0:1:47222322><NSF>" killed "[KOBA] glitch<6><STEAM_0:0:526339791><Jinrai>" with "zr68s"
L 01/28/2024 - 20:44:21: "[TagsR4Nerds] Average<8><STEAM_0:1:57251237><NSF>" killed "[KOBA]TorMechia<15><STEAM_0:1:83071063><Jinrai>" with "jitte"
L 01/28/2024 - 20:44:39: "[KOBA] Zwiad<10><STEAM_0:0:41211851><Jinrai>" killed "[=]neotokyosnood<13><STEAM_0:1:47222322><NSF>" with "zr68c"
L 01/28/2024 - 20:44:39: "[KOBA] glitch<6><STEAM_0:0:526339791><Jinrai>" triggered "kill_assist"
L 01/28/2024 - 20:44:43: "[DYS] bauxite<16><STEAM_0:0:5757747><NSF>" killed "[KOBA] Zwiad<10><STEAM_0:0:41211851><Jinrai>" with "supa7"
L 01/28/2024 - 20:44:47: "[KOBA] DESTROYGIRL<7><STEAM_0:0:82737074><Jinrai>" killed "[DYS] bauxite<16><STEAM_0:0:5757747><NSF>" with "supa7"
L 01/28/2024 - 20:44:47: "[KOBA] Zwiad<10><STEAM_0:0:41211851><Jinrai>" triggered "kill_assist"
L 01/28/2024 - 20:44:51: "[DYS] bauxite<16><STEAM_0:0:5757747><NSF>" say_team "new alley sup"
L 01/28/2024 - 20:45:07: "[KOBA] DESTROYGIRL<7><STEAM_0:0:82737074><Jinrai>" killed "[=]PyromaniacG<14><STEAM_0:1:25398391><NSF>" with "supa7"
L 01/28/2024 - 20:45:13: "[KOBA] DESTROYGIRL<7><STEAM_0:0:82737074><Jinrai>" killed "[TagsR4Nerds] Average<8><STEAM_0:1:57251237><NSF>" with "supa7"
L 01/28/2024 - 20:45:17: "[TagsR4Nerds] Average<8><STEAM_0:1:57251237><NSF>" say "oh damn it "
L 01/28/2024 - 20:45:18: "[DYS] bauxite<16><STEAM_0:0:5757747><NSF>" say_team "nt nt"
L 01/28/2024 - 20:45:38: "[=]wakfuck<11><STEAM_0:0:62638797><NSF>" say_team "nvm recon"
L 01/28/2024 - 20:45:58: "[KOBA] Zwiad<10><STEAM_0:0:41211851><Jinrai>" killed "[TagsR4Nerds] Average<8><STEAM_0:1:57251237><NSF>" with "srm"
L 01/28/2024 - 20:46:05: "[KOBA] Zwiad<10><STEAM_0:0:41211851><Jinrai>" killed "[=]wakfuck<11><STEAM_0:0:62638797><NSF>" with "srm"
L 01/28/2024 - 20:46:05: "[KOBA] DESTROYGIRL<7><STEAM_0:0:82737074><Jinrai>" killed "[DYS] bauxite<16><STEAM_0:0:5757747><NSF>" with "mx"
L 01/28/2024 - 20:46:10: "[DYS] bauxite<16><STEAM_0:0:5757747><NSF>" say_team "boxes"
L 01/28/2024 - 20:46:11: "[TagsR4Nerds] Average<8><STEAM_0:1:57251237><NSF>" say_team "a supports 48 hp "
L 01/28/2024 - 20:46:14: "[KOBA]ASBOJACK7H<12><STEAM_0:0:559133323><Jinrai>" killed "[=]neotokyosnood<13><STEAM_0:1:47222322><NSF>" with "jitte"
L 01/28/2024 - 20:46:30: "[=]PyromaniacG<14><STEAM_0:1:25398391><NSF>" killed "[KOBA]ASBOJACK7H<12><STEAM_0:0:559133323><Jinrai>" with "srm"
L 01/28/2024 - 20:46:32: "[=]PyromaniacG<14><STEAM_0:1:25398391><NSF>" killed "[KOBA] glitch<6><STEAM_0:0:526339791><Jinrai>" with "srm"
L 01/28/2024 - 20:46:47: "[=]PyromaniacG<14><STEAM_0:1:25398391><NSF>" killed "[KOBA]TorMechia<15><STEAM_0:1:83071063><Jinrai>" with "zr68s"
L 01/28/2024 - 20:47:02: "[=]PyromaniacG<14><STEAM_0:1:25398391><NSF>" killed "[KOBA] DESTROYGIRL<7><STEAM_0:0:82737074><Jinrai>" with "zr68s"
L 01/28/2024 - 20:47:02: "[DYS] bauxite<16><STEAM_0:0:5757747><NSF>" triggered "kill_assist"
L 01/28/2024 - 20:47:45: "[KOBA] DESTROYGIRL<7><STEAM_0:0:82737074><Jinrai>" say "utterly TRAGIC"
L 01/28/2024 - 20:47:52: "[KOBA]ASBOJACK7H<12><STEAM_0:0:559133323><Jinrai>" say "tragic"
L 01/28/2024 - 20:48:27: "[KOBA]ASBOJACK7H<12><STEAM_0:0:559133323><Jinrai>" killed "[TagsR4Nerds] Average<8><STEAM_0:1:57251237><NSF>" with "jitte"
L 01/28/2024 - 20:48:37: "[TagsR4Nerds] Average<8><STEAM_0:1:57251237><NSF>" say_team "jitte recon in pillars"
L 01/28/2024 - 20:49:01: "[KOBA] DESTROYGIRL<7><STEAM_0:0:82737074><Jinrai>" killed "[DYS] bauxite<16><STEAM_0:0:5757747><NSF>" with "mx"
L 01/28/2024 - 20:49:06: "[KOBA]TorMechia<15><STEAM_0:1:83071063><Jinrai>" killed "[=]wakfuck<11><STEAM_0:0:62638797><NSF>" with "zr68s"
L 01/28/2024 - 20:49:07: "[DYS] bauxite<16><STEAM_0:0:5757747><NSF>" say_team "2 new alley"
L 01/28/2024 - 20:49:36: "[KOBA] Zwiad<10><STEAM_0:0:41211851><Jinrai>" killed "[=]neotokyosnood<13><STEAM_0:1:47222322><NSF>" with "mx"
L 01/28/2024 - 20:49:38: "[KOBA] Zwiad<10><STEAM_0:0:41211851><Jinrai>" killed "[=]PyromaniacG<14><STEAM_0:1:25398391><NSF>" with "mx"
L 01/28/2024 - 20:49:38: "[KOBA] DESTROYGIRL<7><STEAM_0:0:82737074><Jinrai>" triggered "kill_assist"
L 01/28/2024 - 20:49:59: "[TagsR4Nerds] Average<8><STEAM_0:1:57251237><NSF>" say_team "close ghost "
L 01/28/2024 - 20:50:28: "[KOBA] DESTROYGIRL<7><STEAM_0:0:82737074><Jinrai>" killed "[TagsR4Nerds] Average<8><STEAM_0:1:57251237><NSF>" with "mx"
L 01/28/2024 - 20:50:30: "[TagsR4Nerds] Average<8><STEAM_0:1:57251237><NSF>" say_team "two in crates"
L 01/28/2024 - 20:50:37: "[DYS] bauxite<16><STEAM_0:0:5757747><NSF>" killed "[KOBA] Zwiad<10><STEAM_0:0:41211851><Jinrai>" with "zr68s"
L 01/28/2024 - 20:50:41: "[KOBA]ASBOJACK7H<12><STEAM_0:0:559133323><Jinrai>" killed "[DYS] bauxite<16><STEAM_0:0:5757747><NSF>" with "mx"
L 01/28/2024 - 20:50:47: "[DYS] bauxite<16><STEAM_0:0:5757747><NSF>" say_team "1 new alley"
L 01/28/2024 - 20:50:52: "[DYS] bauxite<16><STEAM_0:0:5757747><NSF>" say_team "1 suicide"
L 01/28/2024 - 20:51:20: "[KOBA] DESTROYGIRL<7><STEAM_0:0:82737074><Jinrai>" killed "[=]PyromaniacG<14><STEAM_0:1:25398391><NSF>" with "mx"
L 01/28/2024 - 20:51:28: "[=]wakfuck<11><STEAM_0:0:62638797><NSF>" killed "[KOBA]ASBOJACK7H<12><STEAM_0:0:559133323><Jinrai>" with "jitte"
L 01/28/2024 - 20:51:58: "[KOBA] glitch<6><STEAM_0:0:526339791><Jinrai>" killed "[=]wakfuck<11><STEAM_0:0:62638797><NSF>" with "zr68s"
L 01/28/2024 - 20:51:58: "[KOBA] DESTROYGIRL<7><STEAM_0:0:82737074><Jinrai>" triggered "kill_assist"
L 01/28/2024 - 20:52:00: "[KOBA] glitch<6><STEAM_0:0:526339791><Jinrai>" killed "[=]neotokyosnood<13><STEAM_0:1:47222322><NSF>" with "zr68s"
L 01/28/2024 - 20:52:49: "[TagsR4Nerds] Average<8><STEAM_0:1:57251237><NSF>" say_team "one at red truck"
L 01/28/2024 - 20:52:52: "[KOBA] Zwiad<10><STEAM_0:0:41211851><Jinrai>" killed "[DYS] bauxite<16><STEAM_0:0:5757747><NSF>" with "mx"
L 01/28/2024 - 20:52:55: "[DYS] bauxite<16><STEAM_0:0:5757747><NSF>" say_team "sup baseent"
L 01/28/2024 - 20:53:00: "[KOBA] glitch<6><STEAM_0:0:526339791><Jinrai>" killed "[TagsR4Nerds] Average<8><STEAM_0:1:57251237><NSF>" with "zr68s"
L 01/28/2024 - 20:53:00: "[KOBA]ASBOJACK7H<12><STEAM_0:0:559133323><Jinrai>" triggered "kill_assist"
L 01/28/2024 - 20:53:09: "[=]neotokyosnood<13><STEAM_0:1:47222322><NSF>" killed "[KOBA] glitch<6><STEAM_0:0:526339791><Jinrai>" with "mx"
L 01/28/2024 - 20:53:16: "[KOBA]ASBOJACK7H<12><STEAM_0:0:559133323><Jinrai>" killed "[=]neotokyosnood<13><STEAM_0:1:47222322><NSF>" with "zr68s"
L 01/28/2024 - 20:53:25: "[KOBA]ASBOJACK7H<12><STEAM_0:0:559133323><Jinrai>" killed "[=]wakfuck<11><STEAM_0:0:62638797><NSF>" with "zr68s"
L 01/28/2024 - 20:53:26: "[KOBA]TorMechia<15><STEAM_0:1:83071063><Jinrai>" killed "[=]PyromaniacG<14><STEAM_0:1:25398391><NSF>" with "mx"
L 01/28/2024 - 20:53:45: "[TagsR4Nerds] Average<8><STEAM_0:1:57251237><NSF>" say_team "going assault "
L 01/28/2024 - 20:54:16: "[KOBA] Zwiad<10><STEAM_0:0:41211851><Jinrai>" killed "[DYS] bauxite<16><STEAM_0:0:5757747><NSF>" with "mx"
L 01/28/2024 - 20:54:16: "[TagsR4Nerds] Average<8><STEAM_0:1:57251237><NSF>" killed "[KOBA]TorMechia<15><STEAM_0:1:83071063><Jinrai>" with "grenade_projectile"
L 01/28/2024 - 20:54:38: "[DYS] bauxite<16><STEAM_0:0:5757747><NSF>" disconnected (reason "Disconnect by user.")
L 01/28/2024 - 20:54:38: "[DYS] bauxite<17><STEAM_ID_PENDING><>" connected, address "86.13.114.58:27005"
L 01/28/2024 - 20:54:38: "[DYS] bauxite<17><STEAM_0:0:5757747><>" STEAM USERID validated
L 01/28/2024 - 20:54:38: "[KOBA] glitch<6><STEAM_0:0:526339791><Jinrai>" killed "[=]neotokyosnood<13><STEAM_0:1:47222322><NSF>" with "zr68c"
L 01/28/2024 - 20:54:39: "[DYS] bauxite<17><STEAM_0:0:5757747><>" entered the game
L 01/28/2024 - 20:54:40: "[DYS] bauxite<17><STEAM_0:0:5757747><Unassigned>" joined team "NSF"
L 01/28/2024 - 20:54:42: "[KOBA] glitch<6><STEAM_0:0:526339791><Jinrai>" killed "[=]wakfuck<11><STEAM_0:0:62638797><NSF>" with "tachi"
L 01/28/2024 - 20:54:42: "[KOBA] DESTROYGIRL<7><STEAM_0:0:82737074><Jinrai>" triggered "kill_assist"
L 01/28/2024 - 20:54:49: "[KOBA]ASBOJACK7H<12><STEAM_0:0:559133323><Jinrai>" killed "[TagsR4Nerds] Average<8><STEAM_0:1:57251237><NSF>" with "mx"
L 01/28/2024 - 20:55:07: "[KOBA] DESTROYGIRL<7><STEAM_0:0:82737074><Jinrai>" killed "[=]PyromaniacG<14><STEAM_0:1:25398391><NSF>" with "mx"
L 01/28/2024 - 20:55:50: "[=]PyromaniacG<14><STEAM_0:1:25398391><NSF>" killed "[KOBA] glitch<6><STEAM_0:0:526339791><Jinrai>" with "jittescoped"
L 01/28/2024 - 20:55:57: "[KOBA]ASBOJACK7H<12><STEAM_0:0:559133323><Jinrai>" killed "[DYS] bauxite<17><STEAM_0:0:5757747><NSF>" with "mx"
L 01/28/2024 - 20:56:01: "[DYS] bauxite<17><STEAM_0:0:5757747><NSF>" say_team "mid"
L 01/28/2024 - 20:56:07: "[KOBA] DESTROYGIRL<7><STEAM_0:0:82737074><Jinrai>" killed "[=]PyromaniacG<14><STEAM_0:1:25398391><NSF>" with "mx"
L 01/28/2024 - 20:56:07: "[KOBA]TorMechia<15><STEAM_0:1:83071063><Jinrai>" killed "[TagsR4Nerds] Average<8><STEAM_0:1:57251237><NSF>" with "mx"
L 01/28/2024 - 20:56:17: "[KOBA]ASBOJACK7H<12><STEAM_0:0:559133323><Jinrai>" killed "[=]wakfuck<11><STEAM_0:0:62638797><NSF>" with "mx"
L 01/28/2024 - 20:56:24: "[KOBA]ASBOJACK7H<12><STEAM_0:0:559133323><Jinrai>" killed "[=]neotokyosnood<13><STEAM_0:1:47222322><NSF>" with "mx"
L 01/28/2024 - 20:57:12: "[=]PyromaniacG<14><STEAM_0:1:25398391><NSF>" killed "[KOBA] glitch<6><STEAM_0:0:526339791><Jinrai>" with "jittescoped"
L 01/28/2024 - 20:57:20: "[KOBA] Zwiad<10><STEAM_0:0:41211851><Jinrai>" killed "[DYS] bauxite<17><STEAM_0:0:5757747><NSF>" with "mx"
L 01/28/2024 - 20:57:29: "[=]PyromaniacG<14><STEAM_0:1:25398391><NSF>" killed "[KOBA]TorMechia<15><STEAM_0:1:83071063><Jinrai>" with "zr68c"
L 01/28/2024 - 20:57:37: "[DYS] bauxite<17><STEAM_0:0:5757747><NSF>" say_team "1 near basement exit"
L 01/28/2024 - 20:57:49: "[KOBA] DESTROYGIRL<7><STEAM_0:0:82737074><Jinrai>" killed "[TagsR4Nerds] Average<8><STEAM_0:1:57251237><NSF>" with "mx"
L 01/28/2024 - 20:57:56: "[=]wakfuck<11><STEAM_0:0:62638797><NSF>" killed "[KOBA]ASBOJACK7H<12><STEAM_0:0:559133323><Jinrai>" with "supa7"
L 01/28/2024 - 20:58:04: "[KOBA]ASBOJACK7H<12><STEAM_0:0:559133323><Jinrai>" say "scare me"
L 01/28/2024 - 20:58:38: "[KOBA] Zwiad<10><STEAM_0:0:41211851><Jinrai>" killed "[=]PyromaniacG<14><STEAM_0:1:25398391><NSF>" with "mx"
L 01/28/2024 - 20:58:41: "[=]neotokyosnood<13><STEAM_0:1:47222322><NSF>" killed "[KOBA] Zwiad<10><STEAM_0:0:41211851><Jinrai>" with "zr68s"
L 01/28/2024 - 20:58:41: "[DYS] bauxite<17><STEAM_0:0:5757747><NSF>" triggered "kill_assist"
L 01/28/2024 - 20:59:00: "[KOBA] DESTROYGIRL<7><STEAM_0:0:82737074><Jinrai>" killed "[=]neotokyosnood<13><STEAM_0:1:47222322><NSF>" with "mx"
L 01/28/2024 - 20:59:21: "[DYS] bauxite<17><STEAM_0:0:5757747><NSF>" say_team "ok lets fucing go"
L 01/28/2024 - 20:59:46: "[KOBA]ASBOJACK7H<12><STEAM_0:0:559133323><Jinrai>" killed "[TagsR4Nerds] Average<8><STEAM_0:1:57251237><NSF>" with "srs"
L 01/28/2024 - 20:59:46: "[KOBA] glitch<6><STEAM_0:0:526339791><Jinrai>" triggered "kill_assist"
L 01/28/2024 - 21:00:03: "[DYS] bauxite<17><STEAM_0:0:5757747><NSF>" killed "[KOBA] DESTROYGIRL<7><STEAM_0:0:82737074><Jinrai>" with "mx"
L 01/28/2024 - 21:00:13: "[DYS] bauxite<17><STEAM_0:0:5757747><NSF>" killed "[KOBA] Zwiad<10><STEAM_0:0:41211851><Jinrai>" with "mx"
L 01/28/2024 - 21:00:39: "[=]PyromaniacG<14><STEAM_0:1:25398391><NSF>" killed "[KOBA]ASBOJACK7H<12><STEAM_0:0:559133323><Jinrai>" with "jittescoped"
L 01/28/2024 - 21:00:58: "[DYS] bauxite<17><STEAM_0:0:5757747><NSF>" killed "[KOBA] glitch<6><STEAM_0:0:526339791><Jinrai>" with "mx"
L 01/28/2024 - 21:01:02: "[KOBA]TorMechia<15><STEAM_0:1:83071063><Jinrai>" killed "[DYS] bauxite<17><STEAM_0:0:5757747><NSF>" with "mx"
L 01/28/2024 - 21:01:02: "[KOBA] glitch<6><STEAM_0:0:526339791><Jinrai>" triggered "kill_assist"
L 01/28/2024 - 21:01:06: "[DYS] bauxite<17><STEAM_0:0:5757747><NSF>" say_team "near office"
L 01/28/2024 - 21:01:14: "[DYS] bauxite<17><STEAM_0:0:5757747><NSF>" say_team "last 1 mx"
L 01/28/2024 - 21:01:56: "[DYS] bauxite<17><STEAM_0:0:5757747><NSF>" say_team "push him together"
L 01/28/2024 - 21:01:57: "[=]PyromaniacG<14><STEAM_0:1:25398391><NSF>" killed "[KOBA]TorMechia<15><STEAM_0:1:83071063><Jinrai>" with "mx"
L 01/28/2024 - 21:02:00: "[DYS] bauxite<17><STEAM_0:0:5757747><NSF>" say_team "nice"
L 01/28/2024 - 21:02:02: "[DYS] bauxite<17><STEAM_0:0:5757747><NSF>" say_team "same again"
L 01/28/2024 - 21:02:40: "[KOBA] Zwiad<10><STEAM_0:0:41211851><Jinrai>" killed "[=]PyromaniacG<14><STEAM_0:1:25398391><NSF>" with "mx"
L 01/28/2024 - 21:02:50: "[TagsR4Nerds] Average<8><STEAM_0:1:57251237><NSF>" say_team "WAIT NO"
L 01/28/2024 - 21:02:56: "[TagsR4Nerds] Average<8><STEAM_0:1:57251237><NSF>" say_team "that scared me"
L 01/28/2024 - 21:02:57: "[DYS] bauxite<17><STEAM_0:0:5757747><NSF>" say_team "Enemy in Front"
L 01/28/2024 - 21:03:00: "[DYS] bauxite<17><STEAM_0:0:5757747><NSF>" say_team "Enemy in Front"
L 01/28/2024 - 21:03:01: "[DYS] bauxite<17><STEAM_0:0:5757747><NSF>" say_team "Enemy in Front"
L 01/28/2024 - 21:03:09: "[KOBA] Zwiad<10><STEAM_0:0:41211851><Jinrai>" killed "[TagsR4Nerds] Average<8><STEAM_0:1:57251237><NSF>" with "mx"
L 01/28/2024 - 21:03:19: "[=]neotokyosnood<13><STEAM_0:1:47222322><NSF>" killed "[KOBA]TorMechia<15><STEAM_0:1:83071063><Jinrai>" with "mx"
L 01/28/2024 - 21:03:19: "[DYS] bauxite<17><STEAM_0:0:5757747><NSF>" triggered "kill_assist"
L 01/28/2024 - 21:03:22: "[KOBA] glitch<6><STEAM_0:0:526339791><Jinrai>" killed "[=]neotokyosnood<13><STEAM_0:1:47222322><NSF>" with "mx"
L 01/28/2024 - 21:03:22: "[KOBA]TorMechia<15><STEAM_0:1:83071063><Jinrai>" triggered "kill_assist"
L 01/28/2024 - 21:03:33: "[DYS] bauxite<17><STEAM_0:0:5757747><NSF>" killed "[KOBA] DESTROYGIRL<7><STEAM_0:0:82737074><Jinrai>" with "mx"
L 01/28/2024 - 21:03:34: "[KOBA] glitch<6><STEAM_0:0:526339791><Jinrai>" killed "[DYS] bauxite<17><STEAM_0:0:5757747><NSF>" with "mx"
L 01/28/2024 - 21:03:46: "[DYS] bauxite<17><STEAM_0:0:5757747><NSF>" say_team "try for a tie"
L 01/28/2024 - 21:03:50: "[DYS] bauxite<17><STEAM_0:0:5757747><NSF>" say_team "just hold cap"
L 01/28/2024 - 21:04:25: "[KOBA] Zwiad<10><STEAM_0:0:41211851><Jinrai>" killed "[=]wakfuck<11><STEAM_0:0:62638797><NSF>" with "mx"
L 01/28/2024 - 21:04:28: "[KOBA] glitch<6><STEAM_0:0:526339791><Jinrai>" killed "[KOBA] Zwiad<10><STEAM_0:0:41211851><Jinrai>" with "milso"
L 01/28/2024 - 21:04:28: "[=]wakfuck<11><STEAM_0:0:62638797><NSF>" triggered "kill_assist"
L 01/28/2024 - 21:04:37: "[DYS] bauxite<17><STEAM_0:0:5757747><NSF>" say_team "we still playing i think"
L 01/28/2024 - 21:04:38: "[KOBA]ASBOJACK7H<12><STEAM_0:0:559133323><Jinrai>" killed "[KOBA] glitch<6><STEAM_0:0:526339791><Jinrai>" with "tachi"
L 01/28/2024 - 21:04:43: "[DYS] bauxite<17><STEAM_0:0:5757747><NSF>" say_team "nvm"
L 01/28/2024 - 21:04:44: "[TagsR4Nerds] Average<8><STEAM_0:1:57251237><NSF>" disconnected (reason "Disconnect by user.")
L 01/28/2024 - 21:04:46: "[KOBA]ASBOJACK7H<12><STEAM_0:0:559133323><Jinrai>" say "gg"
L 01/28/2024 - 21:04:46: "[DYS] bauxite<17><STEAM_0:0:5757747><NSF>" say_team "new map"
L 01/28/2024 - 21:04:46: "[=]neotokyosnood<13><STEAM_0:1:47222322><NSF>" say "gg"
L 01/28/2024 - 21:04:46: "[KOBA] DESTROYGIRL<7><STEAM_0:0:82737074><Jinrai>" say "gg"
L 01/28/2024 - 21:04:47: "[KOBA] Zwiad<10><STEAM_0:0:41211851><Jinrai>" say "gh"
L 01/28/2024 - 21:04:49: "[DYS] bauxite<17><STEAM_0:0:5757747><NSF>" say "what map"
L 01/28/2024 - 21:04:51: "[DYS] bauxite<17><STEAM_0:0:5757747><NSF>" say "or server"
L 01/28/2024 - 21:04:53: "[KOBA]ASBOJACK7H<12><STEAM_0:0:559133323><Jinrai>" say "average?"
L 01/28/2024 - 21:04:53: "[KOBA] glitch<6><STEAM_0:0:526339791><Jinrai>" say "gg"
L 01/28/2024 - 21:05:00: "[KOBA] DESTROYGIRL<7><STEAM_0:0:82737074><Jinrai>" say "next is snowfall"
L 01/28/2024 - 21:05:15: "[KOBA] glitch<6><STEAM_0:0:526339791><Jinrai>" say "!nominate"
L 01/28/2024 - 21:05:24: "[KOBA] DESTROYGIRL<7><STEAM_0:0:82737074><Jinrai>" say "nominate"
L 01/28/2024 - 21:05:34: "[KOBA] DESTROYGIRL<7><STEAM_0:0:82737074><Jinrai>" say "rtv"
L 01/28/2024 - 21:05:38: "[KOBA] glitch<6><STEAM_0:0:526339791><Jinrai>" say_team "rtv"
L 01/28/2024 - 21:05:44: "[KOBA] Zwiad<10><STEAM_0:0:41211851><Jinrai>" say "rtv"
L 01/28/2024 - 21:05:46: "[DYS] bauxite<17><STEAM_0:0:5757747><NSF>" say "!map nt_snowfall_ctg_b12"
L 01/28/2024 - 21:05:49: [META] Loaded 0 plugins (1 already loaded)
L 01/28/2024 - 21:05:49: [META] Loaded 0 plugins (1 already loaded)
L 01/28/2024 - 21:05:49: Log file closed
