L 02/17/2024 - 20:11:59: Log file started (file "logs\L0217062.log") (game "z:\home\steam\steam\steamapps\common\nt\NeotokyoSource") (version "4044")
L 02/17/2024 - 20:11:59: server_cvar: "sv_pausable" "0"
L 02/17/2024 - 20:11:59: server_cvar: "sv_contact" "baux.site"
L 02/17/2024 - 20:11:59: server_cvar: "sv_gravity" "800"
L 02/17/2024 - 20:11:59: server_cvar: "mp_friendlyfire" "1"
L 02/17/2024 - 20:12:01: "[KOBA]ASBOJACK7H<5><STEAM_0:0:559133323><>" entered the game
L 02/17/2024 - 20:12:01: "[ADMIN] Infrequent<23><STEAM_0:1:6384081><>" entered the game
L 02/17/2024 - 20:12:02: "[FEET] Syncer<15><STEAM_0:0:88962302><>" entered the game
L 02/17/2024 - 20:12:02: "[KOBA] DESTROYGIRL<16><STEAM_0:0:82737074><>" entered the game
L 02/17/2024 - 20:12:03: "[FEET] drt<7><STEAM_0:1:16721927><>" entered the game
L 02/17/2024 - 20:12:03: "[KOBA] Zwiad<6><STEAM_0:0:41211851><>" entered the game
L 02/17/2024 - 20:12:03: "[FEET] Kasietti<19><STEAM_0:0:181630571><>" entered the game
L 02/17/2024 - 20:12:03: "[ADMIN] Infrequent<23><STEAM_0:1:6384081><Unassigned>" joined team "Spectator"
L 02/17/2024 - 20:12:03: "[FEET] Serbian Guy<24><STEAM_0:1:91548287><>" entered the game
L 02/17/2024 - 20:12:04: "[KOBA] Shlup<8><STEAM_0:1:541462709><>" entered the game
L 02/17/2024 - 20:12:04: "[KOBA]ASBOJACK7H<5><STEAM_0:0:559133323><Unassigned>" joined team "NSF"
L 02/17/2024 - 20:12:05: "[FEET] Rezneps<11><STEAM_0:1:66564980><>" entered the game
L 02/17/2024 - 20:12:05: "[FEET] Syncer<15><STEAM_0:0:88962302><Unassigned>" joined team "Jinrai"
L 02/17/2024 - 20:12:05: "[FEET] drt<7><STEAM_0:1:16721927><Unassigned>" joined team "Jinrai"
L 02/17/2024 - 20:12:06: "[KOBA] Zwiad<6><STEAM_0:0:41211851><Unassigned>" joined team "NSF"
L 02/17/2024 - 20:12:06: "[FEET] Serbian Guy<24><STEAM_0:1:91548287><Unassigned>" joined team "Jinrai"
L 02/17/2024 - 20:12:07: "[KOBA] Shlup<8><STEAM_0:1:541462709><Unassigned>" joined team "NSF"
L 02/17/2024 - 20:12:07: "[KOBA]Voodoo<12><STEAM_0:0:454847959><>" entered the game
L 02/17/2024 - 20:12:09: "[KOBA] DESTROYGIRL<16><STEAM_0:0:82737074><Unassigned>" joined team "Spectator"
L 02/17/2024 - 20:12:09: "[FEET] Kasietti<19><STEAM_0:0:181630571><Unassigned>" joined team "Jinrai"
L 02/17/2024 - 20:12:11: "[FEET] Rezneps<11><STEAM_0:1:66564980><Unassigned>" joined team "NSF"
L 02/17/2024 - 20:12:12: "[KOBA]Voodoo<12><STEAM_0:0:454847959><Unassigned>" joined team "NSF"
L 02/17/2024 - 20:12:12: "[ADMIN] Infrequent<23><STEAM_0:1:6384081><Spectator>" disconnected (reason "Disconnect by user.")
L 02/17/2024 - 20:12:19: "[KOBA] DESTROYGIRL<16><STEAM_0:0:82737074><Spectator>" joined team "NSF"
L 02/17/2024 - 20:12:20: "[KOBA]ASBOJACK7H<5><STEAM_0:0:559133323><NSF>" say "!ready"
L 02/17/2024 - 20:12:20: "[KOBA] Zwiad<6><STEAM_0:0:41211851><NSF>" say "!READY"
L 02/17/2024 - 20:12:22: "[FEET] Rezneps<11><STEAM_0:1:66564980><NSF>" say "!j"
L 02/17/2024 - 20:12:22: "[FEET] Rezneps<11><STEAM_0:1:66564980><NSF>" committed suicide with "player"
L 02/17/2024 - 20:12:22: "[FEET] Rezneps<11><STEAM_0:1:66564980><NSF>" joined team "Jinrai"
L 02/17/2024 - 20:12:22: "[KOBA]Voodoo<12><STEAM_0:0:454847959><NSF>" say "!ready"
L 02/17/2024 - 20:12:24: "[KOBA] Shlup<8><STEAM_0:1:541462709><NSF>" say "!ready"
L 02/17/2024 - 20:12:28: "[FEET] drt<7><STEAM_0:1:16721927><Jinrai>" say "serbian crashed last round"
L 02/17/2024 - 20:12:34: "[FEET] drt<7><STEAM_0:1:16721927><Jinrai>" say "AGAIN"
L 02/17/2024 - 20:12:40: "[FEET] drt<7><STEAM_0:1:16721927><Jinrai>" say "STOLEN PC"
L 02/17/2024 - 20:12:45: "[FEET] drt<7><STEAM_0:1:16721927><Jinrai>" say "OFFBRAND PARTS"
L 02/17/2024 - 20:12:49: "[FEET] Rezneps<11><STEAM_0:1:66564980><Jinrai>" say "he has tactical crashes cuz i traded him when he got killed when he rejoined"
L 02/17/2024 - 20:12:59: "[FEET] Kasietti<19><STEAM_0:0:181630571><Jinrai>" say "tacticrash"
L 02/17/2024 - 20:13:21: "[FEET] drt<7><STEAM_0:1:16721927><Jinrai>" say "neighbour's wifi"
L 02/17/2024 - 20:13:33: "[KOBA] DESTROYGIRL<16><STEAM_0:0:82737074><NSF>" say "!ready"
L 02/17/2024 - 20:13:34: "[KOBA]Voodoo<12><STEAM_0:0:454847959><NSF>" say "old up rin tin tin tin tin"
L 02/17/2024 - 20:13:40: "[FEET] Serbian Guy<24><STEAM_0:1:91548287><Jinrai>" say "lmAO"
L 02/17/2024 - 20:13:40: "[FEET] Kasietti<19><STEAM_0:0:181630571><Jinrai>" say "!ready"
L 02/17/2024 - 20:13:50: "[FEET] Serbian Guy<24><STEAM_0:1:91548287><Jinrai>" committed suicide with "player"
L 02/17/2024 - 20:13:52: "[FEET] Syncer<15><STEAM_0:0:88962302><Jinrai>" say "!readylist"
L 02/17/2024 - 20:13:56: "[FEET] Syncer<15><STEAM_0:0:88962302><Jinrai>" say "!ready"
L 02/17/2024 - 20:13:57: "[KOBA]ASBOJACK7H<5><STEAM_0:0:559133323><NSF>" say "!readylist"
L 02/17/2024 - 20:13:58: "[FEET] Rezneps<11><STEAM_0:1:66564980><Jinrai>" say "we have to teach serbian the map "
L 02/17/2024 - 20:14:04: "[FEET] Serbian Guy<24><STEAM_0:1:91548287><Jinrai>" say "LMAIO"
L 02/17/2024 - 20:14:06: "[FEET] drt<7><STEAM_0:1:16721927><Jinrai>" say "1 SEC BOIS"
L 02/17/2024 - 20:14:13: "[FEET] drt<7><STEAM_0:1:16721927><Jinrai>" say "he never played this one"
L 02/17/2024 - 20:14:19: "[FEET] Serbian Guy<24><STEAM_0:1:91548287><Jinrai>" say "1 sec boys i have to be resurrected by divine providence"
L 02/17/2024 - 20:14:51: "[KOBA]ASBOJACK7H<5><STEAM_0:0:559133323><NSF>" say "!readylist"
L 02/17/2024 - 20:14:57: "[FEET] Rezneps<11><STEAM_0:1:66564980><Jinrai>" disconnected (reason "Disconnect by user.")
L 02/17/2024 - 20:14:58: "[FEET] Rezneps<25><STEAM_ID_PENDING><>" connected, address "24.2.60.242:27005"
L 02/17/2024 - 20:14:58: "[FEET] Rezneps<25><STEAM_0:1:66564980><>" STEAM USERID validated
L 02/17/2024 - 20:15:00: "[FEET] Rezneps<25><STEAM_0:1:66564980><>" entered the game
L 02/17/2024 - 20:15:00: "[KOBA] Zwiad<6><STEAM_0:0:41211851><NSF>" say "cmon guys I've got a tournament to win"
L 02/17/2024 - 20:15:00: "[FEET] Syncer<15><STEAM_0:0:88962302><Jinrai>" say "!readylist"
L 02/17/2024 - 20:15:02: "[FEET] Rezneps<25><STEAM_0:1:66564980><Unassigned>" joined team "Jinrai"
L 02/17/2024 - 20:15:05: "[KOBA] Zwiad<6><STEAM_0:0:41211851><NSF>" say "!readylist"
L 02/17/2024 - 20:15:13: "[FEET] Rezneps<25><STEAM_0:1:66564980><Jinrai>" say "!ready"
L 02/17/2024 - 20:16:08: "[KOBA] DESTROYGIRL<16><STEAM_0:0:82737074><NSF>" say "!readylist"
L 02/17/2024 - 20:16:16: "[ADMIN] Infrequent<26><STEAM_ID_PENDING><>" connected, address "86.169.55.78:27005"
L 02/17/2024 - 20:16:16: "[ADMIN] Infrequent<26><STEAM_0:1:6384081><>" STEAM USERID validated
L 02/17/2024 - 20:16:17: "[ADMIN] Infrequent<26><STEAM_0:1:6384081><>" entered the game
L 02/17/2024 - 20:16:20: "[ADMIN] Infrequent<26><STEAM_0:1:6384081><Unassigned>" joined team "Spectator"
L 02/17/2024 - 20:16:22: "[KOBA]ASBOJACK7H<5><STEAM_0:0:559133323><NSF>" say "!readylist"
L 02/17/2024 - 20:16:58: "[KOBA] Shlup<8><STEAM_0:1:541462709><NSF>" say "!readylist"
L 02/17/2024 - 20:17:11: "[FEET] drt<7><STEAM_0:1:16721927><Jinrai>" say "!ready"
L 02/17/2024 - 20:17:21: "[KOBA]ASBOJACK7H<5><STEAM_0:0:559133323><NSF>" say "!readylist"
L 02/17/2024 - 20:17:22: "[FEET] Serbian Guy<24><STEAM_0:1:91548287><Jinrai>" say "!ready"
L 02/17/2024 - 20:17:22: "[FEET] Syncer<15><STEAM_0:0:88962302><Jinrai>" say "!ready"
L 02/17/2024 - 20:17:26: "[FEET] Kasietti<19><STEAM_0:0:181630571><Jinrai>" say "lezgo"
L 02/17/2024 - 20:17:27: "[FEET] Rezneps<25><STEAM_0:1:66564980><Jinrai>" say "glhf"
L 02/17/2024 - 20:17:32: "[FEET] drt<7><STEAM_0:1:16721927><Jinrai>" say "glhf"
L 02/17/2024 - 20:17:54: "[FEET] drt<7><STEAM_0:1:16721927><Jinrai>" killed "[KOBA]Voodoo<12><STEAM_0:0:454847959><NSF>" with "grenade_projectile"
L 02/17/2024 - 20:18:05: "[FEET] Syncer<15><STEAM_0:0:88962302><Jinrai>" killed "[KOBA] Zwiad<6><STEAM_0:0:41211851><NSF>" with "supa7"
L 02/17/2024 - 20:18:10: "[FEET] drt<7><STEAM_0:1:16721927><Jinrai>" killed "[KOBA] Shlup<8><STEAM_0:1:541462709><NSF>" with "zr68s"
L 02/17/2024 - 20:18:10: "[FEET] Kasietti<19><STEAM_0:0:181630571><Jinrai>" triggered "kill_assist"
L 02/17/2024 - 20:18:11: "[KOBA]ASBOJACK7H<5><STEAM_0:0:559133323><NSF>" killed "[FEET] Syncer<15><STEAM_0:0:88962302><Jinrai>" with "zr68s"
L 02/17/2024 - 20:18:11: "[FEET] Syncer<15><STEAM_0:0:88962302><Jinrai>" say_team "100 Assault zr68s"
L 02/17/2024 - 20:18:31: "[KOBA]ASBOJACK7H<5><STEAM_0:0:559133323><NSF>" killed "[FEET] Serbian Guy<24><STEAM_0:1:91548287><Jinrai>" with "zr68s"
L 02/17/2024 - 20:18:31: "[KOBA] DESTROYGIRL<16><STEAM_0:0:82737074><NSF>" triggered "kill_assist"
L 02/17/2024 - 20:18:58: "[FEET] drt<7><STEAM_0:1:16721927><Jinrai>" killed "[KOBA]ASBOJACK7H<5><STEAM_0:0:559133323><NSF>" with "zr68s"
L 02/17/2024 - 20:18:58: "[KOBA]ASBOJACK7H<5><STEAM_0:0:559133323><NSF>" say_team "84 Assault zr68s"
L 02/17/2024 - 20:19:12: "[KOBA] DESTROYGIRL<16><STEAM_0:0:82737074><NSF>" killed "[FEET] drt<7><STEAM_0:1:16721927><Jinrai>" with "supa7"
L 02/17/2024 - 20:19:13: "[FEET] drt<7><STEAM_0:1:16721927><Jinrai>" say_team "100 Support supa7"
L 02/17/2024 - 20:20:19: "[KOBA] DESTROYGIRL<16><STEAM_0:0:82737074><NSF>" killed "[FEET] Rezneps<25><STEAM_0:1:66564980><Jinrai>" with "supa7"
L 02/17/2024 - 20:20:20: "[FEET] Rezneps<25><STEAM_0:1:66564980><Jinrai>" say_team "3 Support supa7"
L 02/17/2024 - 20:20:29: "[FEET] Kasietti<19><STEAM_0:0:181630571><Jinrai>" killed "[KOBA] DESTROYGIRL<16><STEAM_0:0:82737074><NSF>" with "supa7"
L 02/17/2024 - 20:20:29: "[FEET] Rezneps<25><STEAM_0:1:66564980><Jinrai>" triggered "kill_assist"
L 02/17/2024 - 20:20:29: "[KOBA] DESTROYGIRL<16><STEAM_0:0:82737074><NSF>" say_team "1 Assault supa7"
L 02/17/2024 - 20:21:06: "[FEET] drt<7><STEAM_0:1:16721927><Jinrai>" killed "[FEET] Rezneps<25><STEAM_0:1:66564980><Jinrai>" with "grenade_projectile"
L 02/17/2024 - 20:21:07: "[FEET] Rezneps<25><STEAM_0:1:66564980><Jinrai>" say_team "100 Assault grenade_projectile"
L 02/17/2024 - 20:21:20: "[FEET] drt<7><STEAM_0:1:16721927><Jinrai>" killed "[KOBA]Voodoo<12><STEAM_0:0:454847959><NSF>" with "zr68s"
L 02/17/2024 - 20:21:34: "[KOBA] Zwiad<6><STEAM_0:0:41211851><NSF>" killed "[FEET] drt<7><STEAM_0:1:16721927><Jinrai>" with "zr68c"
L 02/17/2024 - 20:21:35: "[FEET] drt<7><STEAM_0:1:16721927><Jinrai>" say_team "20 Support zr68c"
L 02/17/2024 - 20:21:36: "[FEET] Syncer<15><STEAM_0:0:88962302><Jinrai>" killed "[KOBA] Shlup<8><STEAM_0:1:541462709><NSF>" with "supa7"
L 02/17/2024 - 20:21:40: "[FEET] Rezneps<25><STEAM_0:1:66564980><Jinrai>" say_team "3v3"
L 02/17/2024 - 20:21:43: "[KOBA] DESTROYGIRL<16><STEAM_0:0:82737074><NSF>" killed "[FEET] Syncer<15><STEAM_0:0:88962302><Jinrai>" with "supa7"
L 02/17/2024 - 20:21:43: "[FEET] Syncer<15><STEAM_0:0:88962302><Jinrai>" say_team "35 Support supa7"
L 02/17/2024 - 20:22:04: "[KOBA] Zwiad<6><STEAM_0:0:41211851><NSF>" killed "[FEET] Serbian Guy<24><STEAM_0:1:91548287><Jinrai>" with "zr68s"
L 02/17/2024 - 20:22:04: "[KOBA] Shlup<8><STEAM_0:1:541462709><NSF>" triggered "kill_assist"
L 02/17/2024 - 20:22:11: "[FEET] Kasietti<19><STEAM_0:0:181630571><Jinrai>" killed "[KOBA]ASBOJACK7H<5><STEAM_0:0:559133323><NSF>" with "zr68s"
L 02/17/2024 - 20:22:11: "[KOBA]ASBOJACK7H<5><STEAM_0:0:559133323><NSF>" say_team "15 Assault zr68s"
L 02/17/2024 - 20:22:16: "[KOBA] DESTROYGIRL<16><STEAM_0:0:82737074><NSF>" killed "[FEET] Kasietti<19><STEAM_0:0:181630571><Jinrai>" with "kyla"
L 02/17/2024 - 20:22:16: "[KOBA]ASBOJACK7H<5><STEAM_0:0:559133323><NSF>" triggered "kill_assist"
L 02/17/2024 - 20:22:16: "[FEET] Kasietti<19><STEAM_0:0:181630571><Jinrai>" say_team "13 Support kyla"
L 02/17/2024 - 20:23:00: "[FEET] Syncer<15><STEAM_0:0:88962302><Jinrai>" killed "[KOBA] Zwiad<6><STEAM_0:0:41211851><NSF>" with "supa7"
L 02/17/2024 - 20:23:12: "[KOBA]ASBOJACK7H<5><STEAM_0:0:559133323><NSF>" killed "[FEET] Syncer<15><STEAM_0:0:88962302><Jinrai>" with "mx"
L 02/17/2024 - 20:23:12: "[KOBA] Zwiad<6><STEAM_0:0:41211851><NSF>" triggered "kill_assist"
L 02/17/2024 - 20:23:12: "[FEET] Syncer<15><STEAM_0:0:88962302><Jinrai>" say_team "52 Support mx"
L 02/17/2024 - 20:23:17: "[FEET] Kasietti<19><STEAM_0:0:181630571><Jinrai>" killed "[KOBA]Voodoo<12><STEAM_0:0:454847959><NSF>" with "zr68s"
L 02/17/2024 - 20:23:17: "[FEET] drt<7><STEAM_0:1:16721927><Jinrai>" triggered "kill_assist"
L 02/17/2024 - 20:23:18: "[KOBA] DESTROYGIRL<16><STEAM_0:0:82737074><NSF>" killed "[FEET] Kasietti<19><STEAM_0:0:181630571><Jinrai>" with "mx"
L 02/17/2024 - 20:23:18: "[FEET] Kasietti<19><STEAM_0:0:181630571><Jinrai>" say_team "100 Support mx"
L 02/17/2024 - 20:23:26: "[KOBA]ASBOJACK7H<5><STEAM_0:0:559133323><NSF>" killed "[FEET] Rezneps<25><STEAM_0:1:66564980><Jinrai>" with "mx"
L 02/17/2024 - 20:23:26: "[FEET] Rezneps<25><STEAM_0:1:66564980><Jinrai>" say_team "52 Support mx"
L 02/17/2024 - 20:23:32: "[KOBA] Shlup<8><STEAM_0:1:541462709><NSF>" killed "[FEET] Serbian Guy<24><STEAM_0:1:91548287><Jinrai>" with "zr68s"
L 02/17/2024 - 20:23:34: "[FEET] Serbian Guy<24><STEAM_0:1:91548287><Jinrai>" disconnected (reason "Disconnect by user.")
L 02/17/2024 - 20:23:39: "[FEET] Serbian Guy<27><STEAM_ID_PENDING><>" connected, address "31.5.202.161:27005"
L 02/17/2024 - 20:23:40: "[FEET] Serbian Guy<27><STEAM_0:1:91548287><>" STEAM USERID validated
L 02/17/2024 - 20:23:45: "[FEET] Serbian Guy<27><STEAM_0:1:91548287><>" entered the game
L 02/17/2024 - 20:23:51: "[FEET] Serbian Guy<27><STEAM_0:1:91548287><Unassigned>" joined team "Jinrai"
L 02/17/2024 - 20:23:52: "[KOBA] Shlup<8><STEAM_0:1:541462709><NSF>" killed "[FEET] drt<7><STEAM_0:1:16721927><Jinrai>" with "zr68s"
L 02/17/2024 - 20:23:52: "[KOBA]Voodoo<12><STEAM_0:0:454847959><NSF>" triggered "kill_assist"
L 02/17/2024 - 20:23:52: "[FEET] drt<7><STEAM_0:1:16721927><Jinrai>" say_team "89 Assault zr68s"
L 02/17/2024 - 20:23:58: "[FEET] drt<7><STEAM_0:1:16721927><Jinrai>" say "!pause"
L 02/17/2024 - 20:24:19: "[KOBA] Zwiad<6><STEAM_0:0:41211851><NSF>" say "recon toggling?"
L 02/17/2024 - 20:24:25: "[FEET] drt<7><STEAM_0:1:16721927><Jinrai>" say "serbian is having bad issues"
L 02/17/2024 - 20:24:31: "[FEET] drt<7><STEAM_0:1:16721927><Jinrai>" say "keeps dcin"
L 02/17/2024 - 20:24:42: "[FEET] drt<7><STEAM_0:1:16721927><Jinrai>" say "we can't play like that"
L 02/17/2024 - 20:24:53: "[KOBA]ASBOJACK7H<5><STEAM_0:0:559133323><NSF>" say "Can you get an emergency sub"
L 02/17/2024 - 20:24:54: "[FEET] Serbian Guy<27><STEAM_0:1:91548287><Jinrai>" disconnected (reason "Disconnect by user.")
L 02/17/2024 - 20:25:01: "[FEET] Syncer<15><STEAM_0:0:88962302><Jinrai>" say "!pause"
L 02/17/2024 - 20:25:24: "[FEET] Syncer<15><STEAM_0:0:88962302><Jinrai>" say "!pause"
L 02/17/2024 - 20:26:01: "[FEET] drt<7><STEAM_0:1:16721927><Jinrai>" killed "[KOBA]ASBOJACK7H<5><STEAM_0:0:559133323><NSF>" with "zr68s"
L 02/17/2024 - 20:26:01: "[KOBA]ASBOJACK7H<5><STEAM_0:0:559133323><NSF>" say_team "28 Assault zr68s"
L 02/17/2024 - 20:26:08: "[FEET] Rezneps<25><STEAM_0:1:66564980><Jinrai>" killed "[KOBA] Zwiad<6><STEAM_0:0:41211851><NSF>" with "zr68s"
L 02/17/2024 - 20:26:09: "[KOBA]Voodoo<12><STEAM_0:0:454847959><NSF>" killed "[FEET] drt<7><STEAM_0:1:16721927><Jinrai>" with "zr68s"
L 02/17/2024 - 20:26:09: "[KOBA]ASBOJACK7H<5><STEAM_0:0:559133323><NSF>" triggered "kill_assist"
L 02/17/2024 - 20:26:09: "[FEET] drt<7><STEAM_0:1:16721927><Jinrai>" say_team "95 Assault zr68s"
L 02/17/2024 - 20:26:12: "[KOBA]Voodoo<12><STEAM_0:0:454847959><NSF>" killed "[FEET] Kasietti<19><STEAM_0:0:181630571><Jinrai>" with "zr68s"
L 02/17/2024 - 20:26:12: "[FEET] Kasietti<19><STEAM_0:0:181630571><Jinrai>" say_team "95 Assault zr68s"
L 02/17/2024 - 20:26:15: "[KOBA] Shlup<8><STEAM_0:1:541462709><NSF>" killed "[FEET] Rezneps<25><STEAM_0:1:66564980><Jinrai>" with "zr68s"
L 02/17/2024 - 20:26:16: "[FEET] Rezneps<25><STEAM_0:1:66564980><Jinrai>" say_team "100 Assault zr68s"
L 02/17/2024 - 20:26:17: "[FEET] drt<7><STEAM_0:1:16721927><Jinrai>" say "RR THEN"
L 02/17/2024 - 20:26:20: Team "Jinrai" triggered "ghost_capture_team"
L 02/17/2024 - 20:26:20: "[FEET] Syncer<15><STEAM_0:0:88962302><Jinrai>" triggered "ghost_capture"
L 02/17/2024 - 20:26:25: "[KOBA] DESTROYGIRL<16><STEAM_0:0:82737074><NSF>" killed "[FEET] Syncer<15><STEAM_0:0:88962302><Jinrai>" with "mx"
L 02/17/2024 - 20:26:26: "[FEET] Syncer<15><STEAM_0:0:88962302><Jinrai>" say_team "35 Support mx"
L 02/17/2024 - 20:26:31: "[FEET] drt<7><STEAM_0:1:16721927><Jinrai>" say "WAIT"
L 02/17/2024 - 20:26:34: "[FEET] drt<7><STEAM_0:1:16721927><Jinrai>" say "WHAT"
L 02/17/2024 - 20:26:48: "[FEET] jav<28><STEAM_ID_PENDING><>" connected, address "104.28.155.176:52667"
L 02/17/2024 - 20:26:48: "[FEET] jav<28><STEAM_0:1:155763328><>" STEAM USERID validated
L 02/17/2024 - 20:26:55: "[FEET] drt<7><STEAM_0:1:16721927><Jinrai>" say "WE COOL"
L 02/17/2024 - 20:26:58: "[FEET] drt<7><STEAM_0:1:16721927><Jinrai>" say "JAV IS HERE"
L 02/17/2024 - 20:27:07: "[FEET] Syncer<15><STEAM_0:0:88962302><Jinrai>" say "wait for him to join first LMAO"
L 02/17/2024 - 20:27:13: "[FEET] drt<7><STEAM_0:1:16721927><Jinrai>" say "thx inf"
L 02/17/2024 - 20:27:20: "[FEET] jav<28><STEAM_0:1:155763328><>" entered the game
L 02/17/2024 - 20:27:23: "[FEET] jav<28><STEAM_0:1:155763328><Unassigned>" joined team "Jinrai"
L 02/17/2024 - 20:27:29: "[FEET] drt<7><STEAM_0:1:16721927><Jinrai>" say "you're the babe"
L 02/17/2024 - 20:27:46: "[KOBA]ASBOJACK7H<5><STEAM_0:0:559133323><NSF>" say "u"
L 02/17/2024 - 20:27:57: "[FEET] drt<7><STEAM_0:1:16721927><Jinrai>" say "serbian needs to steal some better internet"
L 02/17/2024 - 20:27:58: "(1)[FEET] jav<29><STEAM_ID_PENDING><>" connected, address "176.42.129.208:21335"
L 02/17/2024 - 20:27:58: "(1)[FEET] jav<29><STEAM_0:1:155763328><>" disconnected (reason "STEAM UserID STEAM_0:1:155763328 is already
in use on this server")
L 02/17/2024 - 20:28:01: "(1)[FEET] jav<30><STEAM_ID_PENDING><>" connected, address "176.42.129.208:21335"
L 02/17/2024 - 20:28:01: "(1)[FEET] jav<30><STEAM_0:1:155763328><>" disconnected (reason "STEAM UserID STEAM_0:1:155763328 is already
in use on this server")
L 02/17/2024 - 20:28:03: "[ADMIN] Infrequent<26><STEAM_0:1:6384081><Spectator>" say "!kick jav"
L 02/17/2024 - 20:28:03: "[FEET] jav<28><STEAM_0:1:155763328><Jinrai>" disconnected (reason "Kicked by administrator")
L 02/17/2024 - 20:28:07: "[FEET] jav<31><STEAM_ID_PENDING><>" connected, address "176.42.129.208:21335"
L 02/17/2024 - 20:28:07: "[FEET] jav<31><STEAM_0:1:155763328><>" STEAM USERID validated
L 02/17/2024 - 20:28:09: "[FEET] jav<31><STEAM_0:1:155763328><>" entered the game
L 02/17/2024 - 20:28:10: "[FEET] jav<31><STEAM_0:1:155763328><Unassigned>" joined team "Jinrai"
L 02/17/2024 - 20:28:10: "[FEET] Syncer<15><STEAM_0:0:88962302><Jinrai>" say "??"
L 02/17/2024 - 20:28:17: "[FEET] drt<7><STEAM_0:1:16721927><Jinrai>" say "bug?"
L 02/17/2024 - 20:28:31: "[FEET] Syncer<15><STEAM_0:0:88962302><Jinrai>" say "?"
L 02/17/2024 - 20:28:38: "[KOBA]ASBOJACK7H<5><STEAM_0:0:559133323><NSF>" say "source jank"
L 02/17/2024 - 20:28:42: "[FEET] Syncer<15><STEAM_0:0:88962302><Jinrai>" say "rippp"
L 02/17/2024 - 20:28:44: "[KOBA]ASBOJACK7H<5><STEAM_0:0:559133323><NSF>" say "probably"
L 02/17/2024 - 20:28:52: "[FEET] jav<31><STEAM_0:1:155763328><Jinrai>" say "I had high ping so I reconnected "
L 02/17/2024 - 20:28:55: "[FEET] jav<31><STEAM_0:1:155763328><Jinrai>" say "I am all good now"
L 02/17/2024 - 20:30:28: "[FEET] Syncer<15><STEAM_0:0:88962302><Jinrai>" killed "[KOBA]Voodoo<12><STEAM_0:0:454847959><NSF>" with "supa7"
L 02/17/2024 - 20:30:29: "[KOBA]ASBOJACK7H<5><STEAM_0:0:559133323><NSF>" killed "[FEET] drt<7><STEAM_0:1:16721927><Jinrai>" with "mx"
L 02/17/2024 - 20:30:29: "[FEET] drt<7><STEAM_0:1:16721927><Jinrai>" say_team "100 Support mx"
L 02/17/2024 - 20:30:29: "[KOBA] DESTROYGIRL<16><STEAM_0:0:82737074><NSF>" killed "[FEET] Syncer<15><STEAM_0:0:88962302><Jinrai>" with "mx"
L 02/17/2024 - 20:30:29: "[FEET] Syncer<15><STEAM_0:0:88962302><Jinrai>" say_team "100 Support mx"
L 02/17/2024 - 20:32:27: "[KOBA] Zwiad<6><STEAM_0:0:41211851><NSF>" killed "[FEET] Kasietti<19><STEAM_0:0:181630571><Jinrai>" with "mx"
L 02/17/2024 - 20:32:27: "[FEET] Kasietti<19><STEAM_0:0:181630571><Jinrai>" say_team "96 Support mx"
L 02/17/2024 - 20:32:31: "[KOBA]ASBOJACK7H<5><STEAM_0:0:559133323><NSF>" killed "[FEET] jav<31><STEAM_0:1:155763328><Jinrai>" with "mx"
L 02/17/2024 - 20:32:41: "[KOBA] Shlup<8><STEAM_0:1:541462709><NSF>" committed suicide with "world"
L 02/17/2024 - 20:32:41: "[FEET] drt<7><STEAM_0:1:16721927><Jinrai>" triggered "kill_assist"
L 02/17/2024 - 20:32:50: "[FEET] drt<7><STEAM_0:1:16721927><Jinrai>" say "thx shlup"
L 02/17/2024 - 20:32:52: "[FEET] Rezneps<25><STEAM_0:1:66564980><Jinrai>" killed "[KOBA]ASBOJACK7H<5><STEAM_0:0:559133323><NSF>" with "kyla"
L 02/17/2024 - 20:32:52: "[FEET] jav<31><STEAM_0:1:155763328><Jinrai>" triggered "kill_assist"
L 02/17/2024 - 20:32:52: "[KOBA]ASBOJACK7H<5><STEAM_0:0:559133323><NSF>" say_team "58 Support kyla"
L 02/17/2024 - 20:33:29: "[FEET] Syncer<15><STEAM_0:0:88962302><Jinrai>" killed "[KOBA]Voodoo<12><STEAM_0:0:454847959><NSF>" with "mx"
L 02/17/2024 - 20:33:44: "[KOBA]ASBOJACK7H<5><STEAM_0:0:559133323><NSF>" killed "[FEET] drt<7><STEAM_0:1:16721927><Jinrai>" with "mx"
L 02/17/2024 - 20:33:45: "[FEET] drt<7><STEAM_0:1:16721927><Jinrai>" say_team "23 Support mx"
L 02/17/2024 - 20:33:46: "[FEET] drt<7><STEAM_0:1:16721927><Jinrai>" killed "[KOBA]ASBOJACK7H<5><STEAM_0:0:559133323><NSF>" with "grenade_projectile"
L 02/17/2024 - 20:33:46: "[FEET] Syncer<15><STEAM_0:0:88962302><Jinrai>" triggered "kill_assist"
L 02/17/2024 - 20:33:47: "[KOBA]ASBOJACK7H<5><STEAM_0:0:559133323><NSF>" say_team "1 Assault grenade_projectile"
L 02/17/2024 - 20:34:39: "[KOBA] Zwiad<6><STEAM_0:0:41211851><NSF>" killed "[FEET] jav<31><STEAM_0:1:155763328><Jinrai>" with "mx"
L 02/17/2024 - 20:34:47: "[KOBA] Zwiad<6><STEAM_0:0:41211851><NSF>" killed "[FEET] Kasietti<19><STEAM_0:0:181630571><Jinrai>" with "mx"
L 02/17/2024 - 20:34:47: "[FEET] Kasietti<19><STEAM_0:0:181630571><Jinrai>" say_team "30 Support mx"
L 02/17/2024 - 20:34:56: "[FEET] Syncer<15><STEAM_0:0:88962302><Jinrai>" killed "[KOBA] Zwiad<6><STEAM_0:0:41211851><NSF>" with "mx"
L 02/17/2024 - 20:34:56: "[FEET] Kasietti<19><STEAM_0:0:181630571><Jinrai>" triggered "kill_assist"
L 02/17/2024 - 20:35:00: "[FEET] Rezneps<25><STEAM_0:1:66564980><Jinrai>" killed "[KOBA] Shlup<8><STEAM_0:1:541462709><NSF>" with "kyla"
L 02/17/2024 - 20:36:05: "[KOBA] DESTROYGIRL<16><STEAM_0:0:82737074><NSF>" killed "[FEET] Syncer<15><STEAM_0:0:88962302><Jinrai>" with "mx"
L 02/17/2024 - 20:36:05: "[KOBA]ASBOJACK7H<5><STEAM_0:0:559133323><NSF>" triggered "kill_assist"
L 02/17/2024 - 20:36:05: "[FEET] Syncer<15><STEAM_0:0:88962302><Jinrai>" say_team "3 Support mx"
L 02/17/2024 - 20:36:42: "[KOBA]ASBOJACK7H<5><STEAM_0:0:559133323><NSF>" killed "[FEET] Syncer<15><STEAM_0:0:88962302><Jinrai>" with "mx"
L 02/17/2024 - 20:36:42: "[FEET] Syncer<15><STEAM_0:0:88962302><Jinrai>" say_team "66 Support mx"
L 02/17/2024 - 20:36:44: "[KOBA]Voodoo<12><STEAM_0:0:454847959><NSF>" killed "[FEET] drt<7><STEAM_0:1:16721927><Jinrai>" with "zr68s"
L 02/17/2024 - 20:36:45: "[FEET] drt<7><STEAM_0:1:16721927><Jinrai>" say_team "74 Assault zr68s"
L 02/17/2024 - 20:37:06: "[KOBA] Shlup<8><STEAM_0:1:541462709><NSF>" killed "[FEET] Kasietti<19><STEAM_0:0:181630571><Jinrai>" with "zr68s"
L 02/17/2024 - 20:37:06: "[FEET] Kasietti<19><STEAM_0:0:181630571><Jinrai>" say_team "95 Assault zr68s"
L 02/17/2024 - 20:37:26: "[FEET] Rezneps<25><STEAM_0:1:66564980><Jinrai>" killed "[KOBA]Voodoo<12><STEAM_0:0:454847959><NSF>" with "mx"
L 02/17/2024 - 20:37:50: "[KOBA]ASBOJACK7H<5><STEAM_0:0:559133323><NSF>" killed "[FEET] jav<31><STEAM_0:1:155763328><Jinrai>" with "zr68s"
L 02/17/2024 - 20:37:52: "[KOBA] Zwiad<6><STEAM_0:0:41211851><NSF>" killed "[FEET] Rezneps<25><STEAM_0:1:66564980><Jinrai>" with "mx"
L 02/17/2024 - 20:37:52: "[FEET] Rezneps<25><STEAM_0:1:66564980><Jinrai>" say_team "48 Support mx"
L 02/17/2024 - 20:38:54: "[KOBA]ASBOJACK7H<5><STEAM_0:0:559133323><NSF>" killed "[FEET] Rezneps<25><STEAM_0:1:66564980><Jinrai>" with "mx"
L 02/17/2024 - 20:38:55: "[FEET] Rezneps<25><STEAM_0:1:66564980><Jinrai>" say_team "100 Support mx"
L 02/17/2024 - 20:38:58: "[KOBA]ASBOJACK7H<5><STEAM_0:0:559133323><NSF>" killed "[FEET] jav<31><STEAM_0:1:155763328><Jinrai>" with "mx"
L 02/17/2024 - 20:39:03: "[FEET] Syncer<15><STEAM_0:0:88962302><Jinrai>" killed "[KOBA]ASBOJACK7H<5><STEAM_0:0:559133323><NSF>" with "zr68s"
L 02/17/2024 - 20:39:03: "[KOBA]ASBOJACK7H<5><STEAM_0:0:559133323><NSF>" say_team "100 Assault zr68s"
L 02/17/2024 - 20:39:10: "[KOBA] Shlup<8><STEAM_0:1:541462709><NSF>" killed "[FEET] drt<7><STEAM_0:1:16721927><Jinrai>" with "mx"
L 02/17/2024 - 20:39:10: "[FEET] drt<7><STEAM_0:1:16721927><Jinrai>" say_team "100 Assault mx"
L 02/17/2024 - 20:39:15: "[KOBA] Zwiad<6><STEAM_0:0:41211851><NSF>" killed "[FEET] Syncer<15><STEAM_0:0:88962302><Jinrai>" with "mx"
L 02/17/2024 - 20:39:15: "[FEET] Syncer<15><STEAM_0:0:88962302><Jinrai>" say_team "55 Support mx"
L 02/17/2024 - 20:39:16: "[KOBA]Voodoo<12><STEAM_0:0:454847959><NSF>" committed suicide with "player"
L 02/17/2024 - 20:39:16: "[FEET] Syncer<15><STEAM_0:0:88962302><Jinrai>" triggered "kill_assist"
L 02/17/2024 - 20:39:25: "[FEET] Kasietti<19><STEAM_0:0:181630571><Jinrai>" killed "[KOBA] DESTROYGIRL<16><STEAM_0:0:82737074><NSF>" with "zr68s"
L 02/17/2024 - 20:39:25: "[KOBA] DESTROYGIRL<16><STEAM_0:0:82737074><NSF>" say_team "16 Support zr68s"
L 02/17/2024 - 20:40:42: Team "NSF" triggered "ghost_capture_team"
L 02/17/2024 - 20:40:42: "[KOBA] Zwiad<6><STEAM_0:0:41211851><NSF>" triggered "ghost_capture"
L 02/17/2024 - 20:40:46: "[FEET] Kasietti<19><STEAM_0:0:181630571><Jinrai>" killed "[KOBA] Zwiad<6><STEAM_0:0:41211851><NSF>" with "zr68s"
L 02/17/2024 - 20:40:48: "[KOBA] Shlup<8><STEAM_0:1:541462709><NSF>" killed "[FEET] Kasietti<19><STEAM_0:0:181630571><Jinrai>" with "mx"
L 02/17/2024 - 20:40:48: "[KOBA] DESTROYGIRL<16><STEAM_0:0:82737074><NSF>" triggered "kill_assist"
L 02/17/2024 - 20:40:48: "[FEET] Kasietti<19><STEAM_0:0:181630571><Jinrai>" say_team "15 Assault mx"
L 02/17/2024 - 20:41:24: "[KOBA]ASBOJACK7H<5><STEAM_0:0:559133323><NSF>" killed "[FEET] drt<7><STEAM_0:1:16721927><Jinrai>" with "srs"
L 02/17/2024 - 20:41:24: "[FEET] drt<7><STEAM_0:1:16721927><Jinrai>" say_team "100 Assault srs"
L 02/17/2024 - 20:41:39: "[KOBA] DESTROYGIRL<16><STEAM_0:0:82737074><NSF>" killed "[FEET] Rezneps<25><STEAM_0:1:66564980><Jinrai>" with "mx"
L 02/17/2024 - 20:41:40: "[FEET] Rezneps<25><STEAM_0:1:66564980><Jinrai>" say_team "27 Support mx"
L 02/17/2024 - 20:41:48: "[FEET] jav<31><STEAM_0:1:155763328><Jinrai>" killed "[KOBA]ASBOJACK7H<5><STEAM_0:0:559133323><NSF>" with "zr68c"
L 02/17/2024 - 20:41:48: "[FEET] Syncer<15><STEAM_0:0:88962302><Jinrai>" triggered "kill_assist"
L 02/17/2024 - 20:41:48: "[KOBA]ASBOJACK7H<5><STEAM_0:0:559133323><NSF>" say_team "100 Support zr68c"
L 02/17/2024 - 20:41:52: "[FEET] Syncer<15><STEAM_0:0:88962302><Jinrai>" killed "[KOBA] DESTROYGIRL<16><STEAM_0:0:82737074><NSF>" with "mx"
L 02/17/2024 - 20:41:52: "[FEET] Rezneps<25><STEAM_0:1:66564980><Jinrai>" triggered "kill_assist"
L 02/17/2024 - 20:41:52: "[KOBA] DESTROYGIRL<16><STEAM_0:0:82737074><NSF>" say_team "58 Assault mx"
L 02/17/2024 - 20:41:57: "[FEET] Rezneps<25><STEAM_0:1:66564980><Jinrai>" say_team "3v3"
L 02/17/2024 - 20:42:05: "[KOBA] Zwiad<6><STEAM_0:0:41211851><NSF>" killed "[FEET] Kasietti<19><STEAM_0:0:181630571><Jinrai>" with "mx"
L 02/17/2024 - 20:42:05: "[FEET] Kasietti<19><STEAM_0:0:181630571><Jinrai>" say_team "81 Support mx"
L 02/17/2024 - 20:42:09: "[FEET] Syncer<15><STEAM_0:0:88962302><Jinrai>" killed "[KOBA] Shlup<8><STEAM_0:1:541462709><NSF>" with "mx"
L 02/17/2024 - 20:42:10: "[KOBA] Zwiad<6><STEAM_0:0:41211851><NSF>" killed "[FEET] Syncer<15><STEAM_0:0:88962302><Jinrai>" with "mx"
L 02/17/2024 - 20:42:10: "[FEET] Syncer<15><STEAM_0:0:88962302><Jinrai>" say_team "81 Support mx"
L 02/17/2024 - 20:42:37: "[KOBA] Zwiad<6><STEAM_0:0:41211851><NSF>" killed "[FEET] jav<31><STEAM_0:1:155763328><Jinrai>" with "mx"
L 02/17/2024 - 20:42:40: "[FEET] Rezneps<25><STEAM_0:1:66564980><Jinrai>" say_team "nt"
L 02/17/2024 - 20:43:16: "[FEET] Syncer<15><STEAM_0:0:88962302><Jinrai>" killed "[KOBA]ASBOJACK7H<5><STEAM_0:0:559133323><NSF>" with "mx"
L 02/17/2024 - 20:43:16: "[KOBA]ASBOJACK7H<5><STEAM_0:0:559133323><NSF>" say_team "100 Assault mx"
L 02/17/2024 - 20:43:41: "[FEET] drt<7><STEAM_0:1:16721927><Jinrai>" killed "[KOBA]Voodoo<12><STEAM_0:0:454847959><NSF>" with "zr68s"
L 02/17/2024 - 20:43:57: "[FEET] drt<7><STEAM_0:1:16721927><Jinrai>" killed "[FEET] Syncer<15><STEAM_0:0:88962302><Jinrai>" with "zr68s"
L 02/17/2024 - 20:43:57: "[KOBA]Voodoo<12><STEAM_0:0:454847959><NSF>" triggered "kill_assist"
L 02/17/2024 - 20:43:58: "[FEET] Syncer<15><STEAM_0:0:88962302><Jinrai>" say_team "74 Assault zr68s"
L 02/17/2024 - 20:44:09: "[KOBA] Shlup<8><STEAM_0:1:541462709><NSF>" say "good job on that on"
L 02/17/2024 - 20:44:11: "[KOBA] Shlup<8><STEAM_0:1:541462709><NSF>" say "one*"
L 02/17/2024 - 20:45:11: "[KOBA] Zwiad<6><STEAM_0:0:41211851><NSF>" killed "[FEET] Rezneps<25><STEAM_0:1:66564980><Jinrai>" with "mx"
L 02/17/2024 - 20:45:12: "[FEET] Rezneps<25><STEAM_0:1:66564980><Jinrai>" say_team "89 Support mx"
L 02/17/2024 - 20:45:19: "[KOBA] DESTROYGIRL<16><STEAM_0:0:82737074><NSF>" killed "[FEET] drt<7><STEAM_0:1:16721927><Jinrai>" with "mx"
L 02/17/2024 - 20:45:19: "[FEET] drt<7><STEAM_0:1:16721927><Jinrai>" say_team "68 Support mx"
L 02/17/2024 - 20:45:19: "[KOBA] Shlup<8><STEAM_0:1:541462709><NSF>" killed "[FEET] Kasietti<19><STEAM_0:0:181630571><Jinrai>" with "mx"
L 02/17/2024 - 20:45:19: "[FEET] Kasietti<19><STEAM_0:0:181630571><Jinrai>" say_team "48 Assault mx"
L 02/17/2024 - 20:45:48: "[FEET] Rezneps<25><STEAM_0:1:66564980><Jinrai>" killed "[KOBA]ASBOJACK7H<5><STEAM_0:0:559133323><NSF>" with "jittescoped"
L 02/17/2024 - 20:45:48: "[KOBA]ASBOJACK7H<5><STEAM_0:0:559133323><NSF>" say_team "100 Recon jittescoped"
L 02/17/2024 - 20:46:05: "[FEET] Rezneps<25><STEAM_0:1:66564980><Jinrai>" killed "[KOBA] DESTROYGIRL<16><STEAM_0:0:82737074><NSF>" with "supa7"
L 02/17/2024 - 20:46:05: "[KOBA] DESTROYGIRL<16><STEAM_0:0:82737074><NSF>" say_team "100 Recon supa7"
L 02/17/2024 - 20:46:07: "[KOBA] Zwiad<6><STEAM_0:0:41211851><NSF>" killed "[FEET] drt<7><STEAM_0:1:16721927><Jinrai>" with "mx"
L 02/17/2024 - 20:46:07: "[KOBA] Shlup<8><STEAM_0:1:541462709><NSF>" triggered "kill_assist"
L 02/17/2024 - 20:46:07: "[FEET] drt<7><STEAM_0:1:16721927><Jinrai>" say_team "100 Support mx"
L 02/17/2024 - 20:46:08: "[KOBA]Voodoo<12><STEAM_0:0:454847959><NSF>" killed "[FEET] Syncer<15><STEAM_0:0:88962302><Jinrai>" with "mx"
L 02/17/2024 - 20:46:09: "[FEET] Syncer<15><STEAM_0:0:88962302><Jinrai>" say_team "96 Assault mx"
L 02/17/2024 - 20:46:18: "[FEET] Kasietti<19><STEAM_0:0:181630571><Jinrai>" killed "[KOBA] Zwiad<6><STEAM_0:0:41211851><NSF>" with "mx"
L 02/17/2024 - 20:46:18: "[FEET] Rezneps<25><STEAM_0:1:66564980><Jinrai>" triggered "kill_assist"
L 02/17/2024 - 20:46:27: "[FEET] Rezneps<25><STEAM_0:1:66564980><Jinrai>" killed "[KOBA]Voodoo<12><STEAM_0:0:454847959><NSF>" with "supa7"
L 02/17/2024 - 20:46:33: "[FEET] Kasietti<19><STEAM_0:0:181630571><Jinrai>" killed "[KOBA] Shlup<8><STEAM_0:1:541462709><NSF>" with "mx"
L 02/17/2024 - 20:46:46: "[KOBA] Zwiad<6><STEAM_0:0:41211851><NSF>" say "Remember, no comebacks"
L 02/17/2024 - 20:47:30: "[FEET] Kasietti<19><STEAM_0:0:181630571><Jinrai>" killed "[KOBA] DESTROYGIRL<16><STEAM_0:0:82737074><NSF>" with "mx"
L 02/17/2024 - 20:47:30: "[KOBA] DESTROYGIRL<16><STEAM_0:0:82737074><NSF>" say_team "95 Support mx"
L 02/17/2024 - 20:47:39: "[FEET] Rezneps<25><STEAM_0:1:66564980><Jinrai>" killed "[KOBA]ASBOJACK7H<5><STEAM_0:0:559133323><NSF>" with "jittescoped"
L 02/17/2024 - 20:47:39: "[KOBA]ASBOJACK7H<5><STEAM_0:0:559133323><NSF>" say_team "100 Recon jittescoped"
L 02/17/2024 - 20:47:41: "[FEET] Kasietti<19><STEAM_0:0:181630571><Jinrai>" killed "[KOBA]Voodoo<12><STEAM_0:0:454847959><NSF>" with "mx"
L 02/17/2024 - 20:47:41: "[KOBA]ASBOJACK7H<5><STEAM_0:0:559133323><NSF>" say "welp"
L 02/17/2024 - 20:47:53: "[KOBA]ASBOJACK7H<5><STEAM_0:0:559133323><NSF>" say "my bad pimp i didnt know you was chill like that"
L 02/17/2024 - 20:48:08: "[KOBA] Zwiad<6><STEAM_0:0:41211851><NSF>" killed "[FEET] Kasietti<19><STEAM_0:0:181630571><Jinrai>" with "mx"
L 02/17/2024 - 20:48:08: "[FEET] Kasietti<19><STEAM_0:0:181630571><Jinrai>" say_team "100 Support mx"
L 02/17/2024 - 20:48:28: "[FEET] drt<7><STEAM_0:1:16721927><Jinrai>" killed "[KOBA] Shlup<8><STEAM_0:1:541462709><NSF>" with "mx"
L 02/17/2024 - 20:48:28: "[FEET] Syncer<15><STEAM_0:0:88962302><Jinrai>" triggered "kill_assist"
L 02/17/2024 - 20:48:36: "[KOBA] Zwiad<6><STEAM_0:0:41211851><NSF>" killed "[FEET] Rezneps<25><STEAM_0:1:66564980><Jinrai>" with "mx"
L 02/17/2024 - 20:48:36: "[FEET] Rezneps<25><STEAM_0:1:66564980><Jinrai>" say_team "100 Support mx"
L 02/17/2024 - 20:48:39: "[KOBA] Zwiad<6><STEAM_0:0:41211851><NSF>" killed "[FEET] drt<7><STEAM_0:1:16721927><Jinrai>" with "mx"
L 02/17/2024 - 20:48:39: "[FEET] drt<7><STEAM_0:1:16721927><Jinrai>" say_team "61 Support mx"
L 02/17/2024 - 20:48:57: "[KOBA] Zwiad<6><STEAM_0:0:41211851><NSF>" killed "[FEET] Syncer<15><STEAM_0:0:88962302><Jinrai>" with "mx"
L 02/17/2024 - 20:48:57: "[KOBA] Shlup<8><STEAM_0:1:541462709><NSF>" triggered "kill_assist"
L 02/17/2024 - 20:48:57: "[FEET] Syncer<15><STEAM_0:0:88962302><Jinrai>" say_team "61 Support mx"
L 02/17/2024 - 20:49:13: "[KOBA] Zwiad<6><STEAM_0:0:41211851><NSF>" killed "[FEET] jav<31><STEAM_0:1:155763328><Jinrai>" with "mx"
L 02/17/2024 - 20:49:17: "[FEET] Syncer<15><STEAM_0:0:88962302><Jinrai>" say "gg"
L 02/17/2024 - 20:49:18: "[FEET] drt<7><STEAM_0:1:16721927><Jinrai>" say "GG"
L 02/17/2024 - 20:49:19: "[KOBA] Shlup<8><STEAM_0:1:541462709><NSF>" say "gg"
L 02/17/2024 - 20:49:21: "[FEET] Rezneps<25><STEAM_0:1:66564980><Jinrai>" say "gg"
L 02/17/2024 - 20:49:21: "[FEET] Kasietti<19><STEAM_0:0:181630571><Jinrai>" say "gg"
L 02/17/2024 - 20:49:22: "[FEET] jav<31><STEAM_0:1:155763328><Jinrai>" say "gg"
L 02/17/2024 - 20:49:22: "[KOBA]Voodoo<12><STEAM_0:0:454847959><NSF>" say "gg"
L 02/17/2024 - 20:49:23: "[KOBA]ASBOJACK7H<5><STEAM_0:0:559133323><NSF>" say "gg"
L 02/17/2024 - 20:49:32: "[KOBA] Shlup<8><STEAM_0:1:541462709><NSF>" say "oops"
L 02/17/2024 - 20:49:35: "[KOBA]ASBOJACK7H<5><STEAM_0:0:559133323><NSF>" say "FCUK OFF"
L 02/17/2024 - 20:49:36: "[FEET] Kasietti<19><STEAM_0:0:181630571><Jinrai>" say "oh"
L 02/17/2024 - 20:49:37: "[FEET] Syncer<15><STEAM_0:0:88962302><Jinrai>" say "LOL"
L 02/17/2024 - 20:49:39: "[FEET] Kasietti<19><STEAM_0:0:181630571><Jinrai>" say "LOOL"
L 02/17/2024 - 20:50:16: "[KOBA]ASBOJACK7H<5><STEAM_0:0:559133323><NSF>" killed "[FEET] Rezneps<25><STEAM_0:1:66564980><Jinrai>" with "mx"
L 02/17/2024 - 20:50:17: "[FEET] Rezneps<25><STEAM_0:1:66564980><Jinrai>" say_team "84 Assault mx"
L 02/17/2024 - 20:50:22: "[KOBA] Zwiad<6><STEAM_0:0:41211851><NSF>" killed "[FEET] Kasietti<19><STEAM_0:0:181630571><Jinrai>" with "mx"
L 02/17/2024 - 20:50:22: "[KOBA]ASBOJACK7H<5><STEAM_0:0:559133323><NSF>" triggered "kill_assist"
L 02/17/2024 - 20:50:22: "[FEET] Kasietti<19><STEAM_0:0:181630571><Jinrai>" say_team "94 Support mx"
L 02/17/2024 - 20:50:25: "[FEET] Syncer<15><STEAM_0:0:88962302><Jinrai>" killed "[KOBA] Shlup<8><STEAM_0:1:541462709><NSF>" with "mx"
L 02/17/2024 - 20:50:40: "[FEET] drt<7><STEAM_0:1:16721927><Jinrai>" killed "[KOBA]ASBOJACK7H<5><STEAM_0:0:559133323><NSF>" with "mx"
L 02/17/2024 - 20:50:40: "[KOBA]ASBOJACK7H<5><STEAM_0:0:559133323><NSF>" say_team "74 Assault mx"
L 02/17/2024 - 20:50:47: "[KOBA] Zwiad<6><STEAM_0:0:41211851><NSF>" killed "[FEET] Syncer<15><STEAM_0:0:88962302><Jinrai>" with "mx"
L 02/17/2024 - 20:50:47: "[FEET] Syncer<15><STEAM_0:0:88962302><Jinrai>" say_team "80 Support mx"
L 02/17/2024 - 20:50:50: "[FEET] Rezneps<25><STEAM_0:1:66564980><Jinrai>" say_team "3v3 one was back tree "
L 02/17/2024 - 20:51:45: "[FEET] drt<7><STEAM_0:1:16721927><Jinrai>" killed "[KOBA] DESTROYGIRL<16><STEAM_0:0:82737074><NSF>" with "mx"
L 02/17/2024 - 20:51:45: "[KOBA] DESTROYGIRL<16><STEAM_0:0:82737074><NSF>" say_team "74 Assault mx"
L 02/17/2024 - 20:51:56: "[KOBA] Zwiad<6><STEAM_0:0:41211851><NSF>" killed "[FEET] jav<31><STEAM_0:1:155763328><Jinrai>" with "mx"
L 02/17/2024 - 20:52:01: "[FEET] Kasietti<19><STEAM_0:0:181630571><Jinrai>" say "gg"
L 02/17/2024 - 20:52:02: "[FEET] drt<7><STEAM_0:1:16721927><Jinrai>" say "GG3"
L 02/17/2024 - 20:52:02: "[FEET] jav<31><STEAM_0:1:155763328><Jinrai>" say "gg"
L 02/17/2024 - 20:52:02: "[FEET] Syncer<15><STEAM_0:0:88962302><Jinrai>" say "gg"
L 02/17/2024 - 20:52:02: "[KOBA] Shlup<8><STEAM_0:1:541462709><NSF>" say "GGGGGGGGG"
L 02/17/2024 - 20:52:03: "[KOBA] DESTROYGIRL<16><STEAM_0:0:82737074><NSF>" say "gg"
L 02/17/2024 - 20:52:03: "[KOBA] Zwiad<6><STEAM_0:0:41211851><NSF>" say_team "LETSGO"
L 02/17/2024 - 20:52:06: "[KOBA]Voodoo<12><STEAM_0:0:454847959><NSF>" say "gg"
L 02/17/2024 - 20:52:07: "[KOBA]ASBOJACK7H<5><STEAM_0:0:559133323><NSF>" say "GGWP"
L 02/17/2024 - 20:52:12: "[KOBA]ASBOJACK7H<5><STEAM_0:0:559133323><NSF>" disconnected (reason "Disconnect by user.")
L 02/17/2024 - 20:52:13: "[KOBA] Shlup<8><STEAM_0:1:541462709><NSF>" say "koba sweep is so back"
L 02/17/2024 - 20:52:17: "[FEET] drt<7><STEAM_0:1:16721927><Jinrai>" disconnected (reason "Disconnect by user.")
L 02/17/2024 - 20:52:18: "[FEET] Syncer<15><STEAM_0:0:88962302><Jinrai>" say "gg"
L 02/17/2024 - 20:52:21: "[FEET] Syncer<15><STEAM_0:0:88962302><Jinrai>" disconnected (reason "Disconnect by user.")
L 02/17/2024 - 20:52:22: "[FEET] jav<31><STEAM_0:1:155763328><Jinrai>" disconnected (reason "Disconnect by user.")
L 02/17/2024 - 20:52:26: "[ADMIN] Infrequent<26><STEAM_0:1:6384081><Spectator>" disconnected (reason "Disconnect by user.")
L 02/17/2024 - 20:52:34: "[FEET] Kasietti<19><STEAM_0:0:181630571><Jinrai>" disconnected (reason "Disconnect by user.")
L 02/17/2024 - 20:52:36: "[KOBA] Shlup<8><STEAM_0:1:541462709><NSF>" disconnected (reason "Disconnect by user.")
L 02/17/2024 - 20:52:50: "[KOBA] DESTROYGIRL<16><STEAM_0:0:82737074><NSF>" disconnected (reason "Disconnect by user.")
L 02/17/2024 - 20:52:57: "[KOBA]Voodoo<12><STEAM_0:0:454847959><NSF>" disconnected (reason "Disconnect by user.")
L 02/17/2024 - 20:53:07: "[KOBA] Zwiad<6><STEAM_0:0:41211851><NSF>" disconnected (reason "Disconnect by user.")
L 02/17/2024 - 20:57:19: "[FEET] Rezneps<25><STEAM_0:1:66564980><Jinrai>" disconnected (reason "Disconnect by user.")
L 02/17/2024 - 21:35:37: [META] Loaded 0 plugins (1 already loaded)
L 02/17/2024 - 21:35:37: [META] Loaded 0 plugins (1 already loaded)
L 02/17/2024 - 21:35:37: Log file closed
