L 02/03/2024 - 19:17:00: Log file started (file "logs\L0203062.log") (game "z:\home\steam\steam\steamapps\common\nt\NeotokyoSource") (version "4044")
L 02/03/2024 - 19:17:00: server_cvar: "sv_pausable" "0"
L 02/03/2024 - 19:17:00: server_cvar: "sv_contact" "baux.site"
L 02/03/2024 - 19:17:00: server_cvar: "sv_gravity" "800"
L 02/03/2024 - 19:17:00: server_cvar: "mp_friendlyfire" "1"
L 02/03/2024 - 19:17:02: "[KOBA] DESTROYGIRL<5><STEAM_0:0:82737074><>" entered the game
L 02/03/2024 - 19:17:03: "[KOBA]ASBOJACK7H<12><STEAM_0:0:559133323><>" entered the game
L 02/03/2024 - 19:17:03: "[KOBA] glitch<11><STEAM_0:0:526339791><>" entered the game
L 02/03/2024 - 19:17:03: "[FEET] drt<6><STEAM_0:1:16721927><>" entered the game
L 02/03/2024 - 19:17:03: "[KOBA] Zwiad (Zvyad)<3><STEAM_0:0:41211851><>" entered the game
L 02/03/2024 - 19:17:03: "[DYS] bauxite<7><STEAM_0:0:5757747><>" entered the game
L 02/03/2024 - 19:17:04: "[FEET]Jinhai<10><STEAM_0:1:120740110><>" entered the game
L 02/03/2024 - 19:17:04: "[KOBA] Shlup<4><STEAM_0:1:541462709><>" entered the game
L 02/03/2024 - 19:17:05: "[FEET] Rezneps<13><STEAM_0:1:66564980><>" entered the game
L 02/03/2024 - 19:17:05: "[FEET] drt<6><STEAM_0:1:16721927><Unassigned>" joined team "NSF"
L 02/03/2024 - 19:17:07: "[KOBA] DESTROYGIRL<5><STEAM_0:0:82737074><Unassigned>" joined team "Jinrai"
L 02/03/2024 - 19:17:08: "[KOBA] Shlup<4><STEAM_0:1:541462709><Unassigned>" joined team "Jinrai"
L 02/03/2024 - 19:17:09: "[KOBA] glitch<11><STEAM_0:0:526339791><Unassigned>" joined team "Jinrai"
L 02/03/2024 - 19:17:09: "[FEET] Rezneps<13><STEAM_0:1:66564980><Unassigned>" joined team "Spectator"
L 02/03/2024 - 19:17:11: "[KOBA] Zwiad (Zvyad)<3><STEAM_0:0:41211851><Unassigned>" joined team "Jinrai"
L 02/03/2024 - 19:17:11: "[KOBA]ASBOJACK7H<12><STEAM_0:0:559133323><Unassigned>" joined team "Jinrai"
L 02/03/2024 - 19:17:12: "[FEET] Kasietti<9><STEAM_0:0:181630571><>" entered the game
L 02/03/2024 - 19:17:15: "[FEET] Kasietti<9><STEAM_0:0:181630571><Unassigned>" joined team "NSF"
L 02/03/2024 - 19:17:16: "[FEET]Jinhai<10><STEAM_0:1:120740110><Unassigned>" joined team "NSF"
L 02/03/2024 - 19:17:17: "[KOBA] DESTROYGIRL<5><STEAM_0:0:82737074><Jinrai>" disconnected (reason "Disconnect by user.")
L 02/03/2024 - 19:17:18: "[DYS] bauxite<7><STEAM_0:0:5757747><Unassigned>" joined team "Spectator"
L 02/03/2024 - 19:17:22: "[FEET] Kasietti<9><STEAM_0:0:181630571><NSF>" disconnected (reason "Disconnect by user.")
L 02/03/2024 - 19:17:26: "[KOBA]ASBOJACK7H<12><STEAM_0:0:559133323><Jinrai>" say "!ready"
L 02/03/2024 - 19:17:26: "[FEET] Kasietti<14><STEAM_ID_PENDING><>" connected, address "78.180.132.167:27005"
L 02/03/2024 - 19:17:26: "[FEET] Kasietti<14><STEAM_0:0:181630571><>" STEAM USERID validated
L 02/03/2024 - 19:17:28: "[FEET] Kasietti<14><STEAM_0:0:181630571><>" entered the game
L 02/03/2024 - 19:17:30: "[FEET] Kasietti<14><STEAM_0:0:181630571><Unassigned>" joined team "NSF"
L 02/03/2024 - 19:17:33: "[FEET] Rezneps<13><STEAM_0:1:66564980><Spectator>" joined team "NSF"
L 02/03/2024 - 19:17:35: "[AUX-] Oni<15><STEAM_ID_PENDING><>" connected, address "71.195.46.232:27005"
L 02/03/2024 - 19:17:35: "[AUX-] Oni<15><STEAM_0:1:10174276><>" STEAM USERID validated
L 02/03/2024 - 19:17:39: "[AUX-] Oni<15><STEAM_0:1:10174276><>" entered the game
L 02/03/2024 - 19:17:41: "[AUX-] Oni<15><STEAM_0:1:10174276><Unassigned>" joined team "Spectator"
L 02/03/2024 - 19:17:45: "[KOBA] DESTROYGIRL<16><STEAM_ID_PENDING><>" connected, address "82.31.206.95:27005"
L 02/03/2024 - 19:17:45: "[KOBA] DESTROYGIRL<16><STEAM_0:0:82737074><>" STEAM USERID validated
L 02/03/2024 - 19:17:48: "[KOBA] DESTROYGIRL<16><STEAM_0:0:82737074><>" entered the game
L 02/03/2024 - 19:17:50: "[KOBA] Shlup<4><STEAM_0:1:541462709><Jinrai>" say "!ready"
L 02/03/2024 - 19:17:51: "[KOBA] DESTROYGIRL<16><STEAM_0:0:82737074><Unassigned>" joined team "Jinrai"
L 02/03/2024 - 19:17:56: "[KOBA]ASBOJACK7H<12><STEAM_0:0:559133323><Jinrai>" say "oni are you streaming this?"
L 02/03/2024 - 19:17:58: "[DYS] bauxite<7><STEAM_0:0:5757747><Spectator>" say "wait a sec"
L 02/03/2024 - 19:18:01: "[AUX-] Nutnoze<17><STEAM_ID_PENDING><>" connected, address "38.49.79.50:17610"
L 02/03/2024 - 19:18:01: "[AUX-] Nutnoze<17><STEAM_0:1:9530793><>" STEAM USERID validated
L 02/03/2024 - 19:18:04: "[AUX-] Nutnoze<17><STEAM_0:1:9530793><>" entered the game
L 02/03/2024 - 19:18:27: "[FEET]Neotokyonup<18><STEAM_ID_PENDING><>" connected, address "212.253.187.61:8375"
L 02/03/2024 - 19:18:27: "[FEET]Neotokyonup<18><STEAM_0:1:541542866><>" STEAM USERID validated
L 02/03/2024 - 19:18:43: "[FEET] drt<6><STEAM_0:1:16721927><NSF>" say "he got lost sry"
L 02/03/2024 - 19:18:55: "[KOBA] Zwiad (Zvyad)<3><STEAM_0:0:41211851><Jinrai>" say "did a man in a van pick him up?"
L 02/03/2024 - 19:18:55: "[KOBA]ASBOJACK7H<12><STEAM_0:0:559133323><Jinrai>" say "that one was my fault"
L 02/03/2024 - 19:19:05: "[FEET]Jinhai<10><STEAM_0:1:120740110><NSF>" say "stuck under earthquake"
L 02/03/2024 - 19:19:06: "[AUX-] Nutnoze<17><STEAM_0:1:9530793><Unassigned>" joined team "Spectator"
L 02/03/2024 - 19:19:07: "[FEET]Jinhai<10><STEAM_0:1:120740110><NSF>" say "a minor delay"
L 02/03/2024 - 19:19:10: "[FEET]Neotokyonup<18><STEAM_0:1:541542866><>" disconnected (reason "Disconnect by user.")
L 02/03/2024 - 19:19:16: "[KOBA] DESTROYGIRL<16><STEAM_0:0:82737074><Jinrai>" say "small mishap"
L 02/03/2024 - 19:19:18: "[DYS] bauxite<7><STEAM_0:0:5757747><Spectator>" say "im just here to see if evertyhing sig ood"
L 02/03/2024 - 19:19:28: "[DYS] bauxite<7><STEAM_0:0:5757747><Spectator>" say "not atm"
L 02/03/2024 - 19:19:29: "[FEET] drt<6><STEAM_0:1:16721927><NSF>" say "!ready"
L 02/03/2024 - 19:19:35: "[FEET] Serbian Guy<19><STEAM_ID_PENDING><>" connected, address "31.5.202.161:27005"
L 02/03/2024 - 19:19:35: "[FEET] Serbian Guy<19><STEAM_0:1:91548287><>" STEAM USERID validated
L 02/03/2024 - 19:19:44: "[FEET] Serbian Guy<19><STEAM_0:1:91548287><>" entered the game
L 02/03/2024 - 19:19:47: "[FEET] Serbian Guy<19><STEAM_0:1:91548287><Unassigned>" joined team "Spectator"
L 02/03/2024 - 19:20:02: "[FEET]Neotokyonup<20><STEAM_ID_PENDING><>" connected, address "212.253.187.61:8375"
L 02/03/2024 - 19:20:02: "[FEET]Neotokyonup<20><STEAM_0:1:541542866><>" STEAM USERID validated
L 02/03/2024 - 19:20:10: "[DYS] bauxite<7><STEAM_0:0:5757747><Spectator>" say "btw this server is running the new plugin for chat"
L 02/03/2024 - 19:20:16: "[DYS] bauxite<7><STEAM_0:0:5757747><Spectator>" say "im hoping it wont explode everything"
L 02/03/2024 - 19:20:20: "[AUX-] Oni<15><STEAM_0:1:10174276><Spectator>" say "rejoining in a sec"
L 02/03/2024 - 19:20:23: "[FEET] Kasietti<14><STEAM_0:0:181630571><NSF>" say "what's different?"
L 02/03/2024 - 19:20:29: "[AUX-] Oni<15><STEAM_0:1:10174276><Spectator>" changed name to "[Disembodied Camera] Oni"
L 02/03/2024 - 19:20:32: "[Disembodied Camera] Oni<15><STEAM_0:1:10174276><Spectator>" disconnected (reason "Disconnect by user.")
L 02/03/2024 - 19:20:37: "[DYS] bauxite<7><STEAM_0:0:5757747><Spectator>" say "germany"
L 02/03/2024 - 19:20:45: "[FEET]Neotokyonup<20><STEAM_0:1:541542866><>" disconnected (reason "Disconnect by user.")
L 02/03/2024 - 19:20:45: "[DYS] bauxite<7><STEAM_0:0:5757747><Spectator>" say "if u type in all chat it drops the team tag"
L 02/03/2024 - 19:20:54: "[DYS] bauxite<7><STEAM_0:0:5757747><Spectator>" say "so now u know if ur typing in all chat"
L 02/03/2024 - 19:20:56: "[DYS] bauxite<7><STEAM_0:0:5757747><Spectator>" say "or not"
L 02/03/2024 - 19:20:59: "[KOBA] DESTROYGIRL<16><STEAM_0:0:82737074><Jinrai>" say "dubfduig"
L 02/03/2024 - 19:21:00: "[KOBA] DESTROYGIRL<16><STEAM_0:0:82737074><Jinrai>" say_team "usdigb"
L 02/03/2024 - 19:21:02: "[FEET]Neotokyonup<21><STEAM_ID_PENDING><>" connected, address "212.253.187.61:8375"
L 02/03/2024 - 19:21:03: "[FEET]Neotokyonup<21><STEAM_0:1:541542866><>" STEAM USERID validated
L 02/03/2024 - 19:21:07: "[KOBA] DESTROYGIRL<16><STEAM_0:0:82737074><Jinrai>" say "thats awesome"
L 02/03/2024 - 19:21:14: "[DYS] bauxite<7><STEAM_0:0:5757747><Spectator>" say "if server explodes"
L 02/03/2024 - 19:21:17: "[DYS] bauxite<7><STEAM_0:0:5757747><Spectator>" say "blame agiel ;p"
L 02/03/2024 - 19:21:24: "[KOBA] Zwiad (Zvyad)<3><STEAM_0:0:41211851><Jinrai>" say "damn laa patch"
L 02/03/2024 - 19:21:27: "[FEET] Kasietti<14><STEAM_0:0:181630571><NSF>" say ":o"
L 02/03/2024 - 19:21:30: "[FEET] Kasietti<14><STEAM_0:0:181630571><NSF>" say_team "t"
L 02/03/2024 - 19:21:45: "[FEET]Neotokyonup<21><STEAM_0:1:541542866><>" disconnected (reason "Disconnect by user.")
L 02/03/2024 - 19:22:03: "[KOBA]ASBOJACK7H<12><STEAM_0:0:559133323><Jinrai>" say "when man ejaculated in woman he asked his favourite sperm"
L 02/03/2024 - 19:22:07: "[KOBA]ASBOJACK7H<12><STEAM_0:0:559133323><Jinrai>" say "will you beat them"
L 02/03/2024 - 19:22:10: "[FEET] Serbian Guy<19><STEAM_0:1:91548287><Spectator>" say "AYO"
L 02/03/2024 - 19:22:13: "[KOBA]ASBOJACK7H<12><STEAM_0:0:559133323><Jinrai>" say "and the sperm responded"
L 02/03/2024 - 19:22:15: "[FEET] Serbian Guy<19><STEAM_0:1:91548287><Spectator>" say "YALL MFS KEEP IT PG 13"
L 02/03/2024 - 19:22:32: "[KOBA]ASBOJACK7H<12><STEAM_0:0:559133323><Jinrai>" say "if they go straight for  the tubes they'd give me trouble, but nah I'd win"
L 02/03/2024 - 19:22:34: "[FEET] Kasietti<14><STEAM_0:0:181630571><NSF>" say "pg 24"
L 02/03/2024 - 19:22:56: "[KOBA]ASBOJACK7H<12><STEAM_0:0:559133323><Jinrai>" say "then the egg used its Domain : immune system to slaughter as many as possible"
L 02/03/2024 - 19:23:05: "[KOBA] Zwiad (Zvyad)<3><STEAM_0:0:41211851><Jinrai>" say "so is the stream warmed up?"
L 02/03/2024 - 19:23:11: "[KOBA]ASBOJACK7H<12><STEAM_0:0:559133323><Jinrai>" say "but the man's favourite sperm learned domain expansion"
L 02/03/2024 - 19:23:13: "[AUX-] Nutnoze<17><STEAM_0:1:9530793><Spectator>" say "Doring intros atm"
L 02/03/2024 - 19:23:17: "[KOBA] Zwiad (Zvyad)<3><STEAM_0:0:41211851><Jinrai>" say "got it"
L 02/03/2024 - 19:23:21: "[KOBA] glitch<11><STEAM_0:0:526339791><Jinrai>" say_team "we"
L 02/03/2024 - 19:23:22: "[KOBA]ASBOJACK7H<12><STEAM_0:0:559133323><Jinrai>" say "and pushed through the egg's wakk"
L 02/03/2024 - 19:23:28: "[AUX-] Nutnoze<17><STEAM_0:1:9530793><Spectator>" say "Also feet only have 4"
L 02/03/2024 - 19:23:31: "[KOBA]ASBOJACK7H<12><STEAM_0:0:559133323><Jinrai>" say " and when it got inside the egg said"
L 02/03/2024 - 19:23:43: "[DYS] bauxite<7><STEAM_0:0:5757747><Spectator>" say "do u guys need a subsitute or what"
L 02/03/2024 - 19:23:49: "[KOBA]ASBOJACK7H<12><STEAM_0:0:559133323><Jinrai>" say "are you the strongest because you are here, or here because you are the strongest"
L 02/03/2024 - 19:23:54: "[KOBA]ASBOJACK7H<12><STEAM_0:0:559133323><Jinrai>" say "and the sperm responded"
L 02/03/2024 - 19:24:05: "[FEET] Kasietti<14><STEAM_0:0:181630571><NSF>" say "steam f*cked up"
L 02/03/2024 - 19:24:09: "[FEET] Kasietti<14><STEAM_0:0:181630571><NSF>" say "he'll join soon"
L 02/03/2024 - 19:24:13: "[DYS] bauxite<7><STEAM_0:0:5757747><Spectator>" say "ah ok"
L 02/03/2024 - 19:24:13: "[KOBA]ASBOJACK7H<12><STEAM_0:0:559133323><Jinrai>" say "throughout insemation and impregnation, I alone am the born one"
L 02/03/2024 - 19:24:14: "[FEET]Jinhai<10><STEAM_0:1:120740110><NSF>" say "he fatfingered verifying the game"
L 02/03/2024 - 19:24:14: "[Disembodied Camera] Oni<22><STEAM_ID_PENDING><>" connected, address "71.195.46.232:27005"
L 02/03/2024 - 19:24:14: "[Disembodied Camera] Oni<22><STEAM_0:1:10174276><>" STEAM USERID validated
L 02/03/2024 - 19:24:15: "[AUX-] Nutnoze<17><STEAM_0:1:9530793><Spectator>" say "rip steam"
L 02/03/2024 - 19:24:18: "[Disembodied Camera] Oni<22><STEAM_0:1:10174276><>" entered the game
L 02/03/2024 - 19:24:20: "[Disembodied Camera] Oni<22><STEAM_0:1:10174276><Unassigned>" joined team "Spectator"
L 02/03/2024 - 19:24:22: "[AUX-] Nutnoze<17><STEAM_0:1:9530793><Spectator>" say "lol"
L 02/03/2024 - 19:24:23: "[Disembodied Camera] Oni<22><STEAM_0:1:10174276><Spectator>" say "!setobserver"
L 02/03/2024 - 19:24:40: "[FEET] Kasietti<14><STEAM_0:0:181630571><NSF>" say ""disembodied camera""
L 02/03/2024 - 19:24:51: "[KOBA]ASBOJACK7H<12><STEAM_0:0:559133323><Jinrai>" say "Diesmbodied head"
L 02/03/2024 - 19:24:54: "[KOBA] Zwiad (Zvyad)<3><STEAM_0:0:41211851><Jinrai>" say "at least he didnt accidently uninstalled"
L 02/03/2024 - 19:25:07: "[FEET] Kasietti<14><STEAM_0:0:181630571><NSF>" say "might aswell happen "
L 02/03/2024 - 19:25:29: "[FEET]Jinhai<10><STEAM_0:1:120740110><NSF>" say "considering he joined the wrong server, forgot to install the map and then accidentally clicked verify game"
L 02/03/2024 - 19:25:31: "[FEET]Jinhai<10><STEAM_0:1:120740110><NSF>" say "might aswell"
L 02/03/2024 - 19:25:56: "[FEET] Serbian Guy<19><STEAM_0:1:91548287><Spectator>" say "who we waiting for"
L 02/03/2024 - 19:25:58: "[FEET] Serbian Guy<19><STEAM_0:1:91548287><Spectator>" say "tank?"
L 02/03/2024 - 19:26:03: "[FEET] Kasietti<14><STEAM_0:0:181630571><NSF>" say "yea tank"
L 02/03/2024 - 19:26:04: "[FEET] Serbian Guy<19><STEAM_0:1:91548287><Spectator>" say "antep internet..."
L 02/03/2024 - 19:26:08: "[KOBA] Zwiad (Zvyad)<3><STEAM_0:0:41211851><Jinrai>" say "so he lost all the custom crosshair stuff and maps?"
L 02/03/2024 - 19:26:20: "[FEET]Neotokyonup<23><STEAM_ID_PENDING><>" connected, address "212.253.187.61:8375"
L 02/03/2024 - 19:26:20: "[FEET]Neotokyonup<23><STEAM_0:1:541542866><>" STEAM USERID validated
L 02/03/2024 - 19:26:24: "[KOBA]ASBOJACK7H<12><STEAM_0:0:559133323><Jinrai>" say "serb are you casting your own game?"
L 02/03/2024 - 19:26:26: "[FEET] Kasietti<14><STEAM_0:0:181630571><NSF>" say "wait you can have custom crosshairs??"
L 02/03/2024 - 19:26:35: "[KOBA] Zwiad (Zvyad)<3><STEAM_0:0:41211851><Jinrai>" say "yeah"
L 02/03/2024 - 19:27:03: "[FEET]Neotokyonup<23><STEAM_0:1:541542866><>" disconnected (reason "Disconnect by user.")
L 02/03/2024 - 19:28:02: "[KOBA] DESTROYGIRL<16><STEAM_0:0:82737074><Jinrai>" say "!ready"
L 02/03/2024 - 19:28:06: "[KOBA] Shlup<4><STEAM_0:1:541462709><Jinrai>" say "!ready"
L 02/03/2024 - 19:28:06: "[KOBA] Zwiad (Zvyad)<3><STEAM_0:0:41211851><Jinrai>" say "!ready"
L 02/03/2024 - 19:28:07: "[KOBA]ASBOJACK7H<12><STEAM_0:0:559133323><Jinrai>" say "!ready"
L 02/03/2024 - 19:28:09: "[FEET]Jinhai<10><STEAM_0:1:120740110><NSF>" say "he accidentally added a duplicate map"
L 02/03/2024 - 19:28:11: "[FEET] Serbian Guy<19><STEAM_0:1:91548287><Spectator>" say "antep internet"
L 02/03/2024 - 19:28:13: "[KOBA] Zwiad (Zvyad)<3><STEAM_0:0:41211851><Jinrai>" say "!unready"
L 02/03/2024 - 19:28:16: "[FEET]Neotokyonup<24><STEAM_ID_PENDING><>" connected, address "212.253.187.61:8375"
L 02/03/2024 - 19:28:16: "[FEET]Neotokyonup<24><STEAM_0:1:541542866><>" STEAM USERID validated
L 02/03/2024 - 19:28:32: "[FEET]Neotokyonup<24><STEAM_0:1:541542866><>" entered the game
L 02/03/2024 - 19:28:36: "[FEET]Neotokyonup<24><STEAM_0:1:541542866><Unassigned>" joined team "NSF"
L 02/03/2024 - 19:28:39: "[FEET]Jinhai<10><STEAM_0:1:120740110><NSF>" say "!ready"
L 02/03/2024 - 19:28:42: "[FEET] Kasietti<14><STEAM_0:0:181630571><NSF>" say "!ready"
L 02/03/2024 - 19:28:44: "[FEET]Neotokyonup<24><STEAM_0:1:541542866><NSF>" say "!ready"
L 02/03/2024 - 19:28:44: "[KOBA] Zwiad (Zvyad)<3><STEAM_0:0:41211851><Jinrai>" say "!ready#"
L 02/03/2024 - 19:28:47: "[KOBA] Zwiad (Zvyad)<3><STEAM_0:0:41211851><Jinrai>" say "!ready"
L 02/03/2024 - 19:28:47: "[KOBA] glitch<11><STEAM_0:0:526339791><Jinrai>" say "!ready"
L 02/03/2024 - 19:28:49: "[FEET] Rezneps<13><STEAM_0:1:66564980><NSF>" say "!ready"
L 02/03/2024 - 19:28:53: "[FEET] Rezneps<13><STEAM_0:1:66564980><NSF>" say "glhf"
L 02/03/2024 - 19:29:23: "[KOBA]ASBOJACK7H<12><STEAM_0:0:559133323><Jinrai>" killed "[FEET] Kasietti<14><STEAM_0:0:181630571><NSF>" with "jitte"
L 02/03/2024 - 19:29:24: "[KOBA] glitch<11><STEAM_0:0:526339791><Jinrai>" killed "[FEET] Rezneps<13><STEAM_0:1:66564980><NSF>" with "srm"
L 02/03/2024 - 19:29:28: "[FEET]Neotokyonup<24><STEAM_0:1:541542866><NSF>" killed "[KOBA] Shlup<4><STEAM_0:1:541462709><Jinrai>" with "supa7"
L 02/03/2024 - 19:29:33: "[FEET] drt<6><STEAM_0:1:16721927><NSF>" killed "[KOBA] Zwiad (Zvyad)<3><STEAM_0:0:41211851><Jinrai>" with "zr68s"
L 02/03/2024 - 19:29:44: "[FEET]Jinhai<10><STEAM_0:1:120740110><NSF>" killed "[KOBA] glitch<11><STEAM_0:0:526339791><Jinrai>" with "zr68c"
L 02/03/2024 - 19:29:44: "[FEET] Rezneps<13><STEAM_0:1:66564980><NSF>" triggered "kill_assist"
L 02/03/2024 - 19:29:46: "[DYS] bauxite<7><STEAM_0:0:5757747><Spectator>" disconnected (reason "Disconnect by user.")
L 02/03/2024 - 19:29:47: "[FEET] drt<6><STEAM_0:1:16721927><NSF>" killed "[KOBA]ASBOJACK7H<12><STEAM_0:0:559133323><Jinrai>" with "zr68s"
L 02/03/2024 - 19:29:49: "[KOBA] DESTROYGIRL<16><STEAM_0:0:82737074><Jinrai>" killed "[FEET]Jinhai<10><STEAM_0:1:120740110><NSF>" with "supa7"
L 02/03/2024 - 19:29:50: "[FEET] Rezneps<13><STEAM_0:1:66564980><NSF>" say_team "2hp dead"
L 02/03/2024 - 19:29:55: "[FEET] Rezneps<13><STEAM_0:1:66564980><NSF>" say_team "2v1"
L 02/03/2024 - 19:30:13: "[FEET] Rezneps<13><STEAM_0:1:66564980><NSF>" say_team "could cap on him if hes out of pos"
L 02/03/2024 - 19:30:29: "[KOBA] DESTROYGIRL<16><STEAM_0:0:82737074><Jinrai>" killed "[FEET]Neotokyonup<24><STEAM_0:1:541542866><NSF>" with "supa7"
L 02/03/2024 - 19:30:51: "[KOBA] DESTROYGIRL<16><STEAM_0:0:82737074><Jinrai>" killed "[FEET] drt<6><STEAM_0:1:16721927><NSF>" with "supa7"
L 02/03/2024 - 19:30:51: "[FEET] drt<6><STEAM_0:1:16721927><NSF>" say_team "47 Support supa7"
L 02/03/2024 - 19:30:56: "[FEET] Rezneps<13><STEAM_0:1:66564980><NSF>" say_team "nt"
L 02/03/2024 - 19:31:32: "[KOBA] Zwiad (Zvyad)<3><STEAM_0:0:41211851><Jinrai>" killed "[KOBA] Shlup<4><STEAM_0:1:541462709><Jinrai>" with "grenade_projectile"
L 02/03/2024 - 19:31:36: "[KOBA]ASBOJACK7H<12><STEAM_0:0:559133323><Jinrai>" killed "[FEET] Rezneps<13><STEAM_0:1:66564980><NSF>" with "zr68s"
L 02/03/2024 - 19:31:36: "[KOBA] glitch<11><STEAM_0:0:526339791><Jinrai>" triggered "kill_assist"
L 02/03/2024 - 19:31:48: "[KOBA] DESTROYGIRL<16><STEAM_0:0:82737074><Jinrai>" killed "[FEET] Kasietti<14><STEAM_0:0:181630571><NSF>" with "mx"
L 02/03/2024 - 19:32:00: "[FEET]Jinhai<10><STEAM_0:1:120740110><NSF>" killed "[KOBA] glitch<11><STEAM_0:0:526339791><Jinrai>" with "zr68c"
L 02/03/2024 - 19:32:00: "[FEET] Rezneps<13><STEAM_0:1:66564980><NSF>" triggered "kill_assist"
L 02/03/2024 - 19:32:03: "[FEET] Kasietti<14><STEAM_0:0:181630571><NSF>" say_team "ramp support"
L 02/03/2024 - 19:33:03: "[KOBA]ASBOJACK7H<12><STEAM_0:0:559133323><Jinrai>" killed "[FEET] drt<6><STEAM_0:1:16721927><NSF>" with "zr68s"
L 02/03/2024 - 19:33:03: "[FEET] drt<6><STEAM_0:1:16721927><NSF>" say_team "53 Assault zr68s"
L 02/03/2024 - 19:33:14: "[KOBA] DESTROYGIRL<16><STEAM_0:0:82737074><Jinrai>" killed "[FEET]Neotokyonup<24><STEAM_0:1:541542866><NSF>" with "mx"
L 02/03/2024 - 19:33:16: "[KOBA] DESTROYGIRL<16><STEAM_0:0:82737074><Jinrai>" killed "[FEET]Jinhai<10><STEAM_0:1:120740110><NSF>" with "kyla"
L 02/03/2024 - 19:33:16: "[KOBA] glitch<11><STEAM_0:0:526339791><Jinrai>" triggered "kill_assist"
L 02/03/2024 - 19:33:33: "[FEET] Serbian Guy<19><STEAM_0:1:91548287><Spectator>" say "feet indecisive "
L 02/03/2024 - 19:34:23: "[KOBA] DESTROYGIRL<16><STEAM_0:0:82737074><Jinrai>" killed "[FEET] Kasietti<14><STEAM_0:0:181630571><NSF>" with "mx"
L 02/03/2024 - 19:34:32: "[KOBA]ASBOJACK7H<12><STEAM_0:0:559133323><Jinrai>" killed "[FEET]Jinhai<10><STEAM_0:1:120740110><NSF>" with "mx"
L 02/03/2024 - 19:34:33: "[FEET] drt<6><STEAM_0:1:16721927><NSF>" killed "[KOBA] glitch<11><STEAM_0:0:526339791><Jinrai>" with "zr68s"
L 02/03/2024 - 19:34:50: "[KOBA]ASBOJACK7H<12><STEAM_0:0:559133323><Jinrai>" killed "[FEET] drt<6><STEAM_0:1:16721927><NSF>" with "mx"
L 02/03/2024 - 19:34:50: "[FEET] drt<6><STEAM_0:1:16721927><NSF>" say_team "27 Support mx"
L 02/03/2024 - 19:34:54: "[FEET] Rezneps<13><STEAM_0:1:66564980><NSF>" killed "[KOBA]ASBOJACK7H<12><STEAM_0:0:559133323><Jinrai>" with "zr68s"
L 02/03/2024 - 19:34:54: "[FEET]Jinhai<10><STEAM_0:1:120740110><NSF>" triggered "kill_assist"
L 02/03/2024 - 19:35:04: "[KOBA] Zwiad (Zvyad)<3><STEAM_0:0:41211851><Jinrai>" killed "[FEET]Neotokyonup<24><STEAM_0:1:541542866><NSF>" with "zr68s"
L 02/03/2024 - 19:35:04: "[KOBA]ASBOJACK7H<12><STEAM_0:0:559133323><Jinrai>" triggered "kill_assist"
L 02/03/2024 - 19:35:14: "[FEET] Rezneps<13><STEAM_0:1:66564980><NSF>" killed "[KOBA] DESTROYGIRL<16><STEAM_0:0:82737074><Jinrai>" with "zr68s"
L 02/03/2024 - 19:35:14: "[FEET] Kasietti<14><STEAM_0:0:181630571><NSF>" triggered "kill_assist"
L 02/03/2024 - 19:35:14: "[KOBA] DESTROYGIRL<16><STEAM_0:0:82737074><Jinrai>" say_team "100 Assault zr68s"
L 02/03/2024 - 19:35:26: "[FEET] Rezneps<13><STEAM_0:1:66564980><NSF>" killed "[KOBA] Zwiad (Zvyad)<3><STEAM_0:0:41211851><Jinrai>" with "zr68s"
L 02/03/2024 - 19:35:32: "[KOBA] Shlup<4><STEAM_0:1:541462709><Jinrai>" killed "[FEET] Rezneps<13><STEAM_0:1:66564980><NSF>" with "zr68s"
L 02/03/2024 - 19:36:14: "[KOBA]ASBOJACK7H<12><STEAM_0:0:559133323><Jinrai>" killed "[FEET] Kasietti<14><STEAM_0:0:181630571><NSF>" with "grenade_projectile"
L 02/03/2024 - 19:36:33: "[KOBA] Zwiad (Zvyad)<3><STEAM_0:0:41211851><Jinrai>" killed "[FEET]Jinhai<10><STEAM_0:1:120740110><NSF>" with "mx"
L 02/03/2024 - 19:36:42: "[FEET] Rezneps<13><STEAM_0:1:66564980><NSF>" killed "[KOBA] glitch<11><STEAM_0:0:526339791><Jinrai>" with "zr68s"
L 02/03/2024 - 19:36:52: "[FEET]Neotokyonup<24><STEAM_0:1:541542866><NSF>" killed "[KOBA]ASBOJACK7H<12><STEAM_0:0:559133323><Jinrai>" with "supa7"
L 02/03/2024 - 19:36:55: "[FEET]Neotokyonup<24><STEAM_0:1:541542866><NSF>" killed "[KOBA] Shlup<4><STEAM_0:1:541462709><Jinrai>" with "kyla"
L 02/03/2024 - 19:37:23: "[KOBA]ASBOJACK7H<12><STEAM_0:0:559133323><Jinrai>" say_team "FAZE UP"
L 02/03/2024 - 19:37:34: "[KOBA] DESTROYGIRL<16><STEAM_0:0:82737074><Jinrai>" killed "[FEET] drt<6><STEAM_0:1:16721927><NSF>" with "mx"
L 02/03/2024 - 19:37:34: "[FEET] drt<6><STEAM_0:1:16721927><NSF>" say_team "100 Support mx"
L 02/03/2024 - 19:37:43: "[FEET] Rezneps<13><STEAM_0:1:66564980><NSF>" killed "[KOBA] DESTROYGIRL<16><STEAM_0:0:82737074><Jinrai>" with "mx"
L 02/03/2024 - 19:37:43: "[KOBA] DESTROYGIRL<16><STEAM_0:0:82737074><Jinrai>" say_team "66 Support mx"
L 02/03/2024 - 19:37:50: "[KOBA] Zwiad (Zvyad)<3><STEAM_0:0:41211851><Jinrai>" killed "[FEET] Rezneps<13><STEAM_0:1:66564980><NSF>" with "mx"
L 02/03/2024 - 19:37:52: "[FEET]Neotokyonup<24><STEAM_0:1:541542866><NSF>" killed "[KOBA] Zwiad (Zvyad)<3><STEAM_0:0:41211851><Jinrai>" with "kyla"
L 02/03/2024 - 19:37:52: "[FEET]Jinhai<10><STEAM_0:1:120740110><NSF>" triggered "kill_assist"
L 02/03/2024 - 19:39:26: "[KOBA] Zwiad (Zvyad)<3><STEAM_0:0:41211851><Jinrai>" killed "[FEET] drt<6><STEAM_0:1:16721927><NSF>" with "mx"
L 02/03/2024 - 19:39:26: "[FEET] drt<6><STEAM_0:1:16721927><NSF>" say_team "100 Support mx"
L 02/03/2024 - 19:39:35: "[KOBA]ASBOJACK7H<12><STEAM_0:0:559133323><Jinrai>" killed "[FEET] Kasietti<14><STEAM_0:0:181630571><NSF>" with "mx_silenced"
L 02/03/2024 - 19:39:35: "[KOBA] glitch<11><STEAM_0:0:526339791><Jinrai>" triggered "kill_assist"
L 02/03/2024 - 19:39:42: "[FEET] Rezneps<13><STEAM_0:1:66564980><NSF>" killed "[KOBA]ASBOJACK7H<12><STEAM_0:0:559133323><Jinrai>" with "zr68s"
L 02/03/2024 - 19:39:45: "[KOBA] Zwiad (Zvyad)<3><STEAM_0:0:41211851><Jinrai>" killed "[FEET] Rezneps<13><STEAM_0:1:66564980><NSF>" with "mx"
L 02/03/2024 - 19:39:45: "[KOBA]ASBOJACK7H<12><STEAM_0:0:559133323><Jinrai>" triggered "kill_assist"
L 02/03/2024 - 19:39:54: "[KOBA] DESTROYGIRL<16><STEAM_0:0:82737074><Jinrai>" killed "[FEET]Neotokyonup<24><STEAM_0:1:541542866><NSF>" with "mx"
L 02/03/2024 - 19:39:54: "[KOBA] glitch<11><STEAM_0:0:526339791><Jinrai>" triggered "kill_assist"
L 02/03/2024 - 19:39:56: "[KOBA] Zwiad (Zvyad)<3><STEAM_0:0:41211851><Jinrai>" killed "[FEET]Jinhai<10><STEAM_0:1:120740110><NSF>" with "mx"
L 02/03/2024 - 19:39:56: "[FEET] Rezneps<13><STEAM_0:1:66564980><NSF>" say_team "server 100hp"
L 02/03/2024 - 19:40:17: "[FEET] Kasietti<14><STEAM_0:0:181630571><NSF>" say_team "!settings"
L 02/03/2024 - 19:40:20: "[FEET]Neotokyonup<24><STEAM_0:1:541542866><NSF>" say_team "!settings"
L 02/03/2024 - 19:40:20: "[FEET] Rezneps<13><STEAM_0:1:66564980><NSF>" say_team "!settings"
L 02/03/2024 - 19:40:25: "[FEET]Jinhai<10><STEAM_0:1:120740110><NSF>" say_team "!settings"
L 02/03/2024 - 19:41:09: "[KOBA] Shlup<4><STEAM_0:1:541462709><Jinrai>" killed "[FEET] Kasietti<14><STEAM_0:0:181630571><NSF>" with "zr68s"
L 02/03/2024 - 19:41:09: "[FEET] Kasietti<14><STEAM_0:0:181630571><NSF>" say_team "59 Assault zr68s"
L 02/03/2024 - 19:41:13: "[FEET] drt<6><STEAM_0:1:16721927><NSF>" killed "[KOBA] Shlup<4><STEAM_0:1:541462709><Jinrai>" with "supa7"
L 02/03/2024 - 19:41:15: "[KOBA] DESTROYGIRL<16><STEAM_0:0:82737074><Jinrai>" killed "[FEET]Neotokyonup<24><STEAM_0:1:541542866><NSF>" with "mx"
L 02/03/2024 - 19:41:15: "[FEET]Neotokyonup<24><STEAM_0:1:541542866><NSF>" say_team "82 Support mx"
L 02/03/2024 - 19:41:16: "[FEET] drt<6><STEAM_0:1:16721927><NSF>" killed "[KOBA] glitch<11><STEAM_0:0:526339791><Jinrai>" with "supa7"
L 02/03/2024 - 19:41:19: "[FEET]Neotokyonup<24><STEAM_0:1:541542866><NSF>" say "82"
L 02/03/2024 - 19:41:25: "[FEET]Neotokyonup<24><STEAM_0:1:541542866><NSF>" say_team "support"
L 02/03/2024 - 19:41:35: "[KOBA]ASBOJACK7H<12><STEAM_0:0:559133323><Jinrai>" killed "[FEET] drt<6><STEAM_0:1:16721927><NSF>" with "mx"
L 02/03/2024 - 19:41:35: "[FEET] drt<6><STEAM_0:1:16721927><NSF>" say_team "66 Assault mx"
L 02/03/2024 - 19:42:21: "[KOBA]ASBOJACK7H<12><STEAM_0:0:559133323><Jinrai>" killed "[FEET]Jinhai<10><STEAM_0:1:120740110><NSF>" with "mx"
L 02/03/2024 - 19:42:21: "[KOBA] Zwiad (Zvyad)<3><STEAM_0:0:41211851><Jinrai>" triggered "kill_assist"
L 02/03/2024 - 19:42:21: "[FEET]Jinhai<10><STEAM_0:1:120740110><NSF>" say_team "31 Assault mx"
L 02/03/2024 - 19:42:26: "[KOBA] Zwiad (Zvyad)<3><STEAM_0:0:41211851><Jinrai>" killed "[FEET] Rezneps<13><STEAM_0:1:66564980><NSF>" with "mx"
L 02/03/2024 - 19:42:26: "[FEET] Rezneps<13><STEAM_0:1:66564980><NSF>" say_team "7 Support mx"
L 02/03/2024 - 19:43:20: "[FEET]Neotokyonup<24><STEAM_0:1:541542866><NSF>" killed "[KOBA] Zwiad (Zvyad)<3><STEAM_0:0:41211851><Jinrai>" with "zr68s"
L 02/03/2024 - 19:43:30: "[KOBA]ASBOJACK7H<12><STEAM_0:0:559133323><Jinrai>" killed "[FEET]Neotokyonup<24><STEAM_0:1:541542866><NSF>" with "mx"
L 02/03/2024 - 19:43:31: "[FEET]Neotokyonup<24><STEAM_0:1:541542866><NSF>" say_team "79 Assault mx"
L 02/03/2024 - 19:43:34: "[FEET] drt<6><STEAM_0:1:16721927><NSF>" killed "[KOBA] glitch<11><STEAM_0:0:526339791><Jinrai>" with "mx"
L 02/03/2024 - 19:44:14: "[FEET] Kasietti<14><STEAM_0:0:181630571><NSF>" killed "[KOBA]ASBOJACK7H<12><STEAM_0:0:559133323><Jinrai>" with "zr68s"
L 02/03/2024 - 19:44:55: "[KOBA] Shlup<4><STEAM_0:1:541462709><Jinrai>" killed "[FEET] drt<6><STEAM_0:1:16721927><NSF>" with "zr68s"
L 02/03/2024 - 19:44:55: "[FEET] drt<6><STEAM_0:1:16721927><NSF>" say_team "25 Assault zr68s"
L 02/03/2024 - 19:44:56: "[FEET] Kasietti<14><STEAM_0:0:181630571><NSF>" killed "[KOBA] Shlup<4><STEAM_0:1:541462709><Jinrai>" with "zr68s"
L 02/03/2024 - 19:44:57: "[FEET] Rezneps<13><STEAM_0:1:66564980><NSF>" killed "[KOBA] DESTROYGIRL<16><STEAM_0:0:82737074><Jinrai>" with "mx"
L 02/03/2024 - 19:44:58: "[KOBA] DESTROYGIRL<16><STEAM_0:0:82737074><Jinrai>" say_team "100 Assault mx"
L 02/03/2024 - 19:45:59: "[KOBA] Shlup<4><STEAM_0:1:541462709><Jinrai>" killed "[FEET]Jinhai<10><STEAM_0:1:120740110><NSF>" with "mx"
L 02/03/2024 - 19:46:00: "[FEET]Jinhai<10><STEAM_0:1:120740110><NSF>" say_team "1 Assault mx"
L 02/03/2024 - 19:46:12: "[KOBA] glitch<11><STEAM_0:0:526339791><Jinrai>" killed "[FEET]Neotokyonup<24><STEAM_0:1:541542866><NSF>" with "mx"
L 02/03/2024 - 19:46:12: "[KOBA] Zwiad (Zvyad)<3><STEAM_0:0:41211851><Jinrai>" triggered "kill_assist"
L 02/03/2024 - 19:46:12: "[FEET]Neotokyonup<24><STEAM_0:1:541542866><NSF>" say_team "100 Recon mx"
L 02/03/2024 - 19:46:13: "[FEET] Rezneps<13><STEAM_0:1:66564980><NSF>" killed "[KOBA] Shlup<4><STEAM_0:1:541462709><Jinrai>" with "mx"
L 02/03/2024 - 19:46:13: "[FEET]Jinhai<10><STEAM_0:1:120740110><NSF>" triggered "kill_assist"
L 02/03/2024 - 19:46:15: "[KOBA] glitch<11><STEAM_0:0:526339791><Jinrai>" killed "[FEET] drt<6><STEAM_0:1:16721927><NSF>" with "mx"
L 02/03/2024 - 19:46:15: "[FEET] drt<6><STEAM_0:1:16721927><NSF>" say_team "100 Recon mx"
L 02/03/2024 - 19:46:19: "[KOBA] DESTROYGIRL<16><STEAM_0:0:82737074><Jinrai>" killed "[FEET] Kasietti<14><STEAM_0:0:181630571><NSF>" with "pz"
L 02/03/2024 - 19:46:19: "[FEET] Kasietti<14><STEAM_0:0:181630571><NSF>" say_team "57 Support pz"
L 02/03/2024 - 19:46:38: "[KOBA]ASBOJACK7H<12><STEAM_0:0:559133323><Jinrai>" killed "[FEET] Rezneps<13><STEAM_0:1:66564980><NSF>" with "zr68c"
L 02/03/2024 - 19:46:39: "[FEET] Rezneps<13><STEAM_0:1:66564980><NSF>" say_team "100 Assault zr68c"
L 02/03/2024 - 19:47:27: "[KOBA] Zwiad (Zvyad)<3><STEAM_0:0:41211851><Jinrai>" killed "[FEET] Rezneps<13><STEAM_0:1:66564980><NSF>" with "mx"
L 02/03/2024 - 19:47:27: "[FEET] Rezneps<13><STEAM_0:1:66564980><NSF>" say_team "100 Support mx"
L 02/03/2024 - 19:48:10: "[FEET]Jinhai<10><STEAM_0:1:120740110><NSF>" killed "[KOBA] glitch<11><STEAM_0:0:526339791><Jinrai>" with "mx"
L 02/03/2024 - 19:48:21: "[FEET]Jinhai<10><STEAM_0:1:120740110><NSF>" killed "[KOBA]ASBOJACK7H<12><STEAM_0:0:559133323><Jinrai>" with "mx"
L 02/03/2024 - 19:48:44: "[FEET]Jinhai<10><STEAM_0:1:120740110><NSF>" killed "[KOBA] DESTROYGIRL<16><STEAM_0:0:82737074><Jinrai>" with "mx"
L 02/03/2024 - 19:48:44: "[KOBA] DESTROYGIRL<16><STEAM_0:0:82737074><Jinrai>" say_team "51 Support mx"
L 02/03/2024 - 19:48:46: "[FEET] Rezneps<13><STEAM_0:1:66564980><NSF>" say_team "4v2"
L 02/03/2024 - 19:49:16: "[KOBA] Zwiad (Zvyad)<3><STEAM_0:0:41211851><Jinrai>" killed "[FEET]Jinhai<10><STEAM_0:1:120740110><NSF>" with "mx"
L 02/03/2024 - 19:49:16: "[FEET]Jinhai<10><STEAM_0:1:120740110><NSF>" say_team "8 Support mx"
L 02/03/2024 - 19:49:18: "[KOBA] Zwiad (Zvyad)<3><STEAM_0:0:41211851><Jinrai>" killed "[FEET] Kasietti<14><STEAM_0:0:181630571><NSF>" with "mx"
L 02/03/2024 - 19:49:18: "[FEET] Kasietti<14><STEAM_0:0:181630571><NSF>" say_team "8 Support mx"
L 02/03/2024 - 19:49:25: "[KOBA] Shlup<4><STEAM_0:1:541462709><Jinrai>" killed "[FEET]Neotokyonup<24><STEAM_0:1:541542866><NSF>" with "mx"
L 02/03/2024 - 19:49:25: "[FEET]Neotokyonup<24><STEAM_0:1:541542866><NSF>" say_team "37 Assault mx"
L 02/03/2024 - 19:49:34: "[KOBA] Shlup<4><STEAM_0:1:541462709><Jinrai>" killed "[FEET] drt<6><STEAM_0:1:16721927><NSF>" with "mx"
L 02/03/2024 - 19:49:34: "[KOBA] Zwiad (Zvyad)<3><STEAM_0:0:41211851><Jinrai>" triggered "kill_assist"
L 02/03/2024 - 19:49:34: "[FEET] drt<6><STEAM_0:1:16721927><NSF>" say_team "16 Assault mx"
L 02/03/2024 - 19:50:16: "[KOBA]ASBOJACK7H<12><STEAM_0:0:559133323><Jinrai>" killed "[FEET] drt<6><STEAM_0:1:16721927><NSF>" with "grenade_projectile"
L 02/03/2024 - 19:50:16: "[FEET] drt<6><STEAM_0:1:16721927><NSF>" say_team "100 Assault grenade_projectile"
L 02/03/2024 - 19:50:42: "[FEET] Kasietti<14><STEAM_0:0:181630571><NSF>" killed "[KOBA] Shlup<4><STEAM_0:1:541462709><Jinrai>" with "zr68s"
L 02/03/2024 - 19:50:50: "[FEET] Kasietti<14><STEAM_0:0:181630571><NSF>" killed "[KOBA] glitch<11><STEAM_0:0:526339791><Jinrai>" with "zr68s"
L 02/03/2024 - 19:51:00: "[KOBA] Zwiad (Zvyad)<3><STEAM_0:0:41211851><Jinrai>" killed "[FEET]Neotokyonup<24><STEAM_0:1:541542866><NSF>" with "mx"
L 02/03/2024 - 19:51:00: "[FEET]Neotokyonup<24><STEAM_0:1:541542866><NSF>" say_team "45 Support mx"
L 02/03/2024 - 19:51:13: "[FEET] Rezneps<13><STEAM_0:1:66564980><NSF>" killed "[KOBA] Zwiad (Zvyad)<3><STEAM_0:0:41211851><Jinrai>" with "grenade_projectile"
L 02/03/2024 - 19:51:13: "[FEET]Neotokyonup<24><STEAM_0:1:541542866><NSF>" triggered "kill_assist"
L 02/03/2024 - 19:51:25: "[KOBA]ASBOJACK7H<12><STEAM_0:0:559133323><Jinrai>" killed "[FEET] Kasietti<14><STEAM_0:0:181630571><NSF>" with "mx"
L 02/03/2024 - 19:51:25: "[KOBA] Shlup<4><STEAM_0:1:541462709><Jinrai>" triggered "kill_assist"
L 02/03/2024 - 19:51:25: "[FEET] Kasietti<14><STEAM_0:0:181630571><NSF>" say_team "84 Assault mx"
L 02/03/2024 - 19:52:14: "[KOBA]ASBOJACK7H<12><STEAM_0:0:559133323><Jinrai>" killed "[FEET] Rezneps<13><STEAM_0:1:66564980><NSF>" with "mx"
L 02/03/2024 - 19:52:14: "[KOBA] Zwiad (Zvyad)<3><STEAM_0:0:41211851><Jinrai>" triggered "kill_assist"
L 02/03/2024 - 19:52:14: "[FEET] Rezneps<13><STEAM_0:1:66564980><NSF>" say_team "84 Assault mx"
L 02/03/2024 - 19:52:45: "[FEET] Rezneps<13><STEAM_0:1:66564980><NSF>" committed suicide with "player"
L 02/03/2024 - 19:52:59: "[KOBA] glitch<11><STEAM_0:0:526339791><Jinrai>" killed "[FEET] Kasietti<14><STEAM_0:0:181630571><NSF>" with "zr68c"
L 02/03/2024 - 19:52:59: "[KOBA] Shlup<4><STEAM_0:1:541462709><Jinrai>" triggered "kill_assist"
L 02/03/2024 - 19:52:59: "[FEET] Kasietti<14><STEAM_0:0:181630571><NSF>" say_team "100 Recon zr68c"
L 02/03/2024 - 19:53:01: "[KOBA] glitch<11><STEAM_0:0:526339791><Jinrai>" killed "[FEET] drt<6><STEAM_0:1:16721927><NSF>" with "zr68c"
L 02/03/2024 - 19:53:01: "[FEET] drt<6><STEAM_0:1:16721927><NSF>" say_team "27 Recon zr68c"
L 02/03/2024 - 19:53:07: "[FEET]Jinhai<10><STEAM_0:1:120740110><NSF>" killed "[KOBA]ASBOJACK7H<12><STEAM_0:0:559133323><Jinrai>" with "mx"
L 02/03/2024 - 19:53:07: "[FEET]Neotokyonup<24><STEAM_0:1:541542866><NSF>" triggered "kill_assist"
L 02/03/2024 - 19:53:14: "[KOBA] Zwiad (Zvyad)<3><STEAM_0:0:41211851><Jinrai>" killed "[FEET]Neotokyonup<24><STEAM_0:1:541542866><NSF>" with "mx"
L 02/03/2024 - 19:53:14: "[FEET]Neotokyonup<24><STEAM_0:1:541542866><NSF>" say_team "100 Support mx"
L 02/03/2024 - 19:53:17: "[KOBA] Zwiad (Zvyad)<3><STEAM_0:0:41211851><Jinrai>" killed "[FEET]Jinhai<10><STEAM_0:1:120740110><NSF>" with "mx"
L 02/03/2024 - 19:53:17: "[FEET]Jinhai<10><STEAM_0:1:120740110><NSF>" say_team "100 Support mx"
L 02/03/2024 - 19:53:26: "[KOBA] DESTROYGIRL<16><STEAM_0:0:82737074><Jinrai>" say "gg"
L 02/03/2024 - 19:53:28: "[KOBA] glitch<11><STEAM_0:0:526339791><Jinrai>" say "gg"
L 02/03/2024 - 19:53:30: "[KOBA] Zwiad (Zvyad)<3><STEAM_0:0:41211851><Jinrai>" say "gh"
L 02/03/2024 - 19:53:31: "[FEET] Rezneps<13><STEAM_0:1:66564980><NSF>" say "gg"
L 02/03/2024 - 19:53:36: "[FEET] Kasietti<14><STEAM_0:0:181630571><NSF>" say "gg"
L 02/03/2024 - 19:53:36: "[KOBA]ASBOJACK7H<12><STEAM_0:0:559133323><Jinrai>" say "gg"
L 02/03/2024 - 19:53:37: "[KOBA]ASBOJACK7H<12><STEAM_0:0:559133323><Jinrai>" say "wp"
L 02/03/2024 - 19:53:47: "[KOBA]ASBOJACK7H<12><STEAM_0:0:559133323><Jinrai>" say "olio stain"
L 02/03/2024 - 19:54:01: [META] Loaded 0 plugins (1 already loaded)
L 02/03/2024 - 19:54:01: [META] Loaded 0 plugins (1 already loaded)
L 02/03/2024 - 19:54:01: Log file closed
