L 01/13/2024 - 20:41:01: Log file started (file "logs\L0113016.log") (game "z:\home\steam\steam\steamapps\common\nt\NeotokyoSource") (version "4044")
L 01/13/2024 - 20:41:01: server_cvar: "sv_pausable" "0"
L 01/13/2024 - 20:41:01: server_cvar: "sv_contact" "baux.site"
L 01/13/2024 - 20:41:01: server_cvar: "sv_gravity" "800"
L 01/13/2024 - 20:41:01: server_cvar: "mp_friendlyfire" "1"
L 01/13/2024 - 20:41:02: "[KOBA] DESTROYGIRL<14><STEAM_0:0:82737074><>" entered the game
L 01/13/2024 - 20:41:02: "[KOBA] Zwiad<17><STEAM_0:0:41211851><>" entered the game
L 01/13/2024 - 20:41:02: "[AUX-] [*RO*]Phorce_Phed<11><STEAM_0:1:9863507><>" entered the game
L 01/13/2024 - 20:41:03: "[KOBA]ASB0JACK7H<16><STEAM_0:0:559133323><>" entered the game
L 01/13/2024 - 20:41:03: "[AUX-] Nutnoze<12><STEAM_0:1:9530793><>" entered the game
L 01/13/2024 - 20:41:03: "[AUX-] Oni<21><STEAM_0:1:10174276><>" entered the game
L 01/13/2024 - 20:41:03: "[AUX-] SUPA SUPA BOON<9><STEAM_0:1:18247617><>" entered the game
L 01/13/2024 - 20:41:04: "[KOBA]glitch<15><STEAM_0:0:526339791><>" entered the game
L 01/13/2024 - 20:41:05: "[AUX-] Oni<21><STEAM_0:1:10174276><Unassigned>" joined team "Jinrai"
L 01/13/2024 - 20:41:06: "[AUX-] SUPA SUPA BOON<9><STEAM_0:1:18247617><Unassigned>" joined team "Spectator"
L 01/13/2024 - 20:41:08: "[KOBA] Zwiad<17><STEAM_0:0:41211851><Unassigned>" joined team "NSF"
L 01/13/2024 - 20:41:08: "[AUX-] Nutnoze<12><STEAM_0:1:9530793><Unassigned>" joined team "Jinrai"
L 01/13/2024 - 20:41:09: "[KOBA]glitch<15><STEAM_0:0:526339791><Unassigned>" joined team "NSF"
L 01/13/2024 - 20:41:10: "[KOBA] DESTROYGIRL<14><STEAM_0:0:82737074><Unassigned>" joined team "NSF"
L 01/13/2024 - 20:41:11: "[AUX-] [*RO*]Phorce_Phed<11><STEAM_0:1:9863507><Unassigned>" joined team "Jinrai"
L 01/13/2024 - 20:41:14: "Agiel<13><STEAM_0:1:25025><>" entered the game
L 01/13/2024 - 20:41:28: "Voodoo<22><STEAM_ID_PENDING><>" connected, address "217.129.63.244:27005"
L 01/13/2024 - 20:41:28: "Voodoo<22><STEAM_0:0:454847959><>" STEAM USERID validated
L 01/13/2024 - 20:41:29: "Voodoo<22><STEAM_0:0:454847959><>" entered the game
L 01/13/2024 - 20:41:31: "Voodoo<22><STEAM_0:0:454847959><Unassigned>" joined team "NSF"
L 01/13/2024 - 20:41:32: "[KOBA]ASB0JACK7H<16><STEAM_0:0:559133323><Unassigned>" joined team "NSF"
L 01/13/2024 - 20:42:01: "Voodoo<22><STEAM_0:0:454847959><NSF>" changed name to "[KOBA]Voodoo"
L 01/13/2024 - 20:42:11: "[KOBA]glitch<15><STEAM_0:0:526339791><NSF>" changed name to "[KOBA] glitch"
L 01/13/2024 - 20:42:26: "[AUX-] MilK<23><STEAM_ID_PENDING><>" connected, address "185.69.26.122:27005"
L 01/13/2024 - 20:42:26: "[AUX-] MilK<23><STEAM_0:1:28287031><>" STEAM USERID validated
L 01/13/2024 - 20:42:27: "[AUX-] MilK<23><STEAM_0:1:28287031><>" entered the game
L 01/13/2024 - 20:42:30: "[AUX-] MilK<23><STEAM_0:1:28287031><Unassigned>" joined team "Jinrai"
L 01/13/2024 - 20:42:30: "[KOBA] Zwiad<17><STEAM_0:0:41211851><NSF>" changed name to "[KOBA]Zwiad"
L 01/13/2024 - 20:42:37: "Agiel<13><STEAM_0:1:25025><Unassigned>" joined team "Spectator"
L 01/13/2024 - 20:42:59: "[KOBA]Zwiad<17><STEAM_0:0:41211851><NSF>" say "!ready"
L 01/13/2024 - 20:43:02: "[KOBA]ASB0JACK7H<16><STEAM_0:0:559133323><NSF>" say "!ready"
L 01/13/2024 - 20:43:06: "[KOBA]Voodoo<22><STEAM_0:0:454847959><NSF>" say "!ready"
L 01/13/2024 - 20:43:09: "[AUX-] Oni<21><STEAM_0:1:10174276><Jinrai>" say "we'll wait to go live till stream says we're good"
L 01/13/2024 - 20:43:10: "[AUX-] MilK<23><STEAM_0:1:28287031><Jinrai>" say "!READY\"
L 01/13/2024 - 20:43:10: "[AUX-] [*RO*]Phorce_Phed<11><STEAM_0:1:9863507><Jinrai>" say "!ready"
L 01/13/2024 - 20:43:11: "[AUX-] Nutnoze<12><STEAM_0:1:9530793><Jinrai>" say "!ready"
L 01/13/2024 - 20:43:12: "[AUX-] Oni<21><STEAM_0:1:10174276><Jinrai>" say "Gotta wait for the casters"
L 01/13/2024 - 20:43:13: "[AUX-] MilK<23><STEAM_0:1:28287031><Jinrai>" say "!READY"
L 01/13/2024 - 20:43:18: "[KOBA]Zwiad<17><STEAM_0:0:41211851><NSF>" say "!notready"
L 01/13/2024 - 20:43:22: "Agiel<13><STEAM_0:1:25025><Spectator>" say "stream is good, but missing casters"
L 01/13/2024 - 20:43:26: "[AUX-] Oni<21><STEAM_0:1:10174276><Jinrai>" say "ye np"
L 01/13/2024 - 20:43:33: "[KOBA]Zwiad<17><STEAM_0:0:41211851><NSF>" say "why have casters"
L 01/13/2024 - 20:43:36: "[KOBA]Zwiad<17><STEAM_0:0:41211851><NSF>" say "just stream our comms"
L 01/13/2024 - 20:43:48: "[AUX-] Oni<21><STEAM_0:1:10174276><Jinrai>" say "no,"
L 01/13/2024 - 20:43:50: "[AUX-] Oni<21><STEAM_0:1:10174276><Jinrai>" say "do ours"
L 01/13/2024 - 20:43:52: "[FOOT] Wahaha-<24><STEAM_ID_PENDING><>" connected, address "76.133.237.17:27005"
L 01/13/2024 - 20:43:52: "[FOOT] Wahaha-<24><STEAM_0:1:17526508><>" STEAM USERID validated
L 01/13/2024 - 20:43:56: "[AUX-] Oni<21><STEAM_0:1:10174276><Jinrai>" say "you can hear milk raving about having a bleeding mouth"
L 01/13/2024 - 20:43:58: "[KOBA]Zwiad<17><STEAM_0:0:41211851><NSF>" say "our comms soo gud man"
L 01/13/2024 - 20:43:58: "[AUX-] Oni<21><STEAM_0:1:10174276><Jinrai>" say "it's 11/10"
L 01/13/2024 - 20:44:01: "[FOOT] Wahaha-<24><STEAM_0:1:17526508><>" entered the game
L 01/13/2024 - 20:44:02: "Agiel<13><STEAM_0:1:25025><Spectator>" say "seems like wahaha is here"
L 01/13/2024 - 20:44:05: "[FOOT] Wahaha-<24><STEAM_0:1:17526508><Unassigned>" joined team "Spectator"
L 01/13/2024 - 20:44:10: "[AUX-] Oni<21><STEAM_0:1:10174276><Jinrai>" say "grab syz if denno isn't coming as 2nd caster"
L 01/13/2024 - 20:44:27: "[AUX-] Nutnoze<12><STEAM_0:1:9530793><Jinrai>" say "fireworks"
L 01/13/2024 - 20:44:40: "[FOOT] Wahaha-<24><STEAM_0:1:17526508><>" disconnected (reason "Connection closing")
L 01/13/2024 - 20:44:40: "[FOOT] Wahaha-<25><STEAM_ID_PENDING><>" connected, address "76.133.237.17:27005"
L 01/13/2024 - 20:44:40: "[FOOT] Wahaha-<25><STEAM_0:1:17526508><>" STEAM USERID validated
L 01/13/2024 - 20:45:12: "[AUX-] SUPA SUPA BOON<9><STEAM_0:1:18247617><Spectator>" say "!j"
L 01/13/2024 - 20:45:12: "[AUX-] SUPA SUPA BOON<9><STEAM_0:1:18247617><Spectator>" joined team "Jinrai"
L 01/13/2024 - 20:45:14: "[AUX-] SUPA SUPA BOON<9><STEAM_0:1:18247617><Jinrai>" say "!ready"
L 01/13/2024 - 20:46:14: "[KOBA]ASB0JACK7H<16><STEAM_0:0:559133323><NSF>" say "!readylist"
L 01/13/2024 - 20:46:21: "[KOBA]Zwiad<17><STEAM_0:0:41211851><NSF>" say "!ready"
L 01/13/2024 - 20:46:28: "[AUX-] Nutnoze<12><STEAM_0:1:9530793><Jinrai>" say "we're waiting on casters anyways"
L 01/13/2024 - 20:46:29: "[KOBA] glitch<15><STEAM_0:0:526339791><NSF>" say "!ready"
L 01/13/2024 - 20:46:32: "[KOBA] DESTROYGIRL<14><STEAM_0:0:82737074><NSF>" say "ye"
L 01/13/2024 - 20:46:32: "[FOOT] Wahaha-<25><STEAM_0:1:17526508><>" disconnected (reason "No Steam logon
")
L 01/13/2024 - 20:46:34: "[KOBA]Zwiad<17><STEAM_0:0:41211851><NSF>" say "ye"
L 01/13/2024 - 20:46:36: "[KOBA]Zwiad<17><STEAM_0:0:41211851><NSF>" say "!ready"
L 01/13/2024 - 20:49:15: "[FOOT] Wahaha-<26><STEAM_ID_PENDING><>" connected, address "76.133.237.17:27005"
L 01/13/2024 - 20:49:15: "[FOOT] Wahaha-<26><STEAM_0:1:17526508><>" STEAM USERID validated
L 01/13/2024 - 20:49:18: "[FOOT] Wahaha-<26><STEAM_0:1:17526508><>" entered the game
L 01/13/2024 - 20:49:20: "[FOOT] Wahaha-<26><STEAM_0:1:17526508><Unassigned>" joined team "Spectator"
L 01/13/2024 - 20:50:05: "[KOBA]ASB0JACK7H<16><STEAM_0:0:559133323><NSF>" say "!readylist"
L 01/13/2024 - 20:50:09: "[FOOT] Wahaha-<26><STEAM_0:1:17526508><Spectator>" say "which maps?"
L 01/13/2024 - 20:50:19: "[AUX-] Oni<21><STEAM_0:1:10174276><Jinrai>" say "turmuk = our pick, olio = their pick, snow for 3rd"
L 01/13/2024 - 20:50:57: "[AUX-] Oni<21><STEAM_0:1:10174276><Jinrai>" say "YEA GET HIM"
L 01/13/2024 - 20:51:09: "[AUX-] Oni<21><STEAM_0:1:10174276><Jinrai>" say "giv your money up guv"
L 01/13/2024 - 20:51:26: "[KOBA]ASB0JACK7H<16><STEAM_0:0:559133323><NSF>" say "I WAS  NEVER BOOK SMART"
L 01/13/2024 - 20:51:48: "[KOBA]Voodoo<22><STEAM_0:0:454847959><NSF>" say "i was money smart"
L 01/13/2024 - 20:51:56: "[KOBA]ASB0JACK7H<16><STEAM_0:0:559133323><NSF>" say "MAKES ME MORE INTELLEGENT"
L 01/13/2024 - 20:52:16: "[KOBA]Voodoo<22><STEAM_0:0:454847959><NSF>" say "!unready"
L 01/13/2024 - 20:52:25: "[KOBA]Voodoo<22><STEAM_0:0:454847959><NSF>" say "IM going to take a pee"
L 01/13/2024 - 20:52:25: "Agiel<13><STEAM_0:1:25025><Spectator>" say "stream is ready. halcyon should join the cast any minute"
L 01/13/2024 - 20:52:30: "[AUX-] Oni<21><STEAM_0:1:10174276><Jinrai>" say "aight"
L 01/13/2024 - 20:52:31: "[AUX-] Oni<21><STEAM_0:1:10174276><Jinrai>" say "!ready"
L 01/13/2024 - 20:52:37: "[AUX-] MilK<23><STEAM_0:1:28287031><Jinrai>" say "!ready"
L 01/13/2024 - 20:52:39: "[AUX-] [*RO*]Phorce_Phed<11><STEAM_0:1:9863507><Jinrai>" say "!ready"
L 01/13/2024 - 20:52:52: "[KOBA]ASB0JACK7H<16><STEAM_0:0:559133323><NSF>" say "we just have one shitter shitting on the shitter"
L 01/13/2024 - 20:52:55: "[AUX-] SUPA SUPA BOON<9><STEAM_0:1:18247617><Jinrai>" say "!unready"
L 01/13/2024 - 20:52:58: "[AUX-] SUPA SUPA BOON<9><STEAM_0:1:18247617><Jinrai>" say "!ready"
L 01/13/2024 - 20:52:58: "[KOBA]ASB0JACK7H<16><STEAM_0:0:559133323><NSF>" say ": )"
L 01/13/2024 - 20:53:29: "[KOBA]Voodoo<22><STEAM_0:0:454847959><NSF>" say "!ready"
L 01/13/2024 - 20:53:32: "[KOBA]ASB0JACK7H<16><STEAM_0:0:559133323><NSF>" say "READY NOW"
L 01/13/2024 - 20:53:33: "[KOBA]Voodoo<22><STEAM_0:0:454847959><NSF>" say "im back"
L 01/13/2024 - 20:53:59: "[KOBA]ASB0JACK7H<16><STEAM_0:0:559133323><NSF>" say "I WAS NEVER BOOK SMARTY"
L 01/13/2024 - 20:54:01: "[KOBA] DESTROYGIRL<14><STEAM_0:0:82737074><NSF>" say "!ready"
L 01/13/2024 - 20:54:01: "[KOBA] glitch<15><STEAM_0:0:526339791><NSF>" say "!ready"
L 01/13/2024 - 20:54:05: "[KOBA]ASB0JACK7H<16><STEAM_0:0:559133323><NSF>" say "IM MONEY SMART"
L 01/13/2024 - 20:54:06: "[MXican] Halcyon<27><STEAM_ID_PENDING><>" connected, address "90.190.171.21:27005"
L 01/13/2024 - 20:54:06: "[MXican] Halcyon<27><STEAM_0:1:2864524><>" STEAM USERID validated
L 01/13/2024 - 20:54:34: "[MXican] Halcyon<27><STEAM_0:1:2864524><>" entered the game
L 01/13/2024 - 20:54:37: "[MXican] Halcyon<27><STEAM_0:1:2864524><Unassigned>" joined team "Spectator"
L 01/13/2024 - 20:54:37: "[AUX-] Oni<21><STEAM_0:1:10174276><Jinrai>" killed "[KOBA] glitch<15><STEAM_0:0:526339791><NSF>" with "m41"
L 01/13/2024 - 20:54:41: "[AUX-] Oni<21><STEAM_0:1:10174276><Jinrai>" killed "[KOBA]Zwiad<17><STEAM_0:0:41211851><NSF>" with "m41"
L 01/13/2024 - 20:54:45: "[AUX-] SUPA SUPA BOON<9><STEAM_0:1:18247617><Jinrai>" killed "[KOBA]Voodoo<22><STEAM_0:0:454847959><NSF>" with "srm"
L 01/13/2024 - 20:54:45: "[AUX-] MilK<23><STEAM_0:1:28287031><Jinrai>" triggered "kill_assist"
L 01/13/2024 - 20:54:59: "[KOBA]ASB0JACK7H<16><STEAM_0:0:559133323><NSF>" killed "[AUX-] SUPA SUPA BOON<9><STEAM_0:1:18247617><Jinrai>" with "zr68s"
L 01/13/2024 - 20:54:59: "[KOBA]Voodoo<22><STEAM_0:0:454847959><NSF>" triggered "kill_assist"
L 01/13/2024 - 20:55:01: "[MNHR] Syz<28><STEAM_ID_PENDING><>" connected, address "2.123.149.232:27005"
L 01/13/2024 - 20:55:01: "[MNHR] Syz<28><STEAM_0:0:82019396><>" STEAM USERID validated
L 01/13/2024 - 20:55:01: "[KOBA]ASB0JACK7H<16><STEAM_0:0:559133323><NSF>" killed "[AUX-] MilK<23><STEAM_0:1:28287031><Jinrai>" with "zr68s"
L 01/13/2024 - 20:55:01: "[KOBA] DESTROYGIRL<14><STEAM_0:0:82737074><NSF>" triggered "kill_assist"
L 01/13/2024 - 20:55:08: "[MNHR] Syz<28><STEAM_0:0:82019396><>" entered the game
L 01/13/2024 - 20:55:11: "[MNHR] Syz<28><STEAM_0:0:82019396><Unassigned>" joined team "Spectator"
L 01/13/2024 - 20:56:06: "[KOBA] DESTROYGIRL<14><STEAM_0:0:82737074><NSF>" killed "[AUX-] Oni<21><STEAM_0:1:10174276><Jinrai>" with "zr68s"
L 01/13/2024 - 20:56:06: "[KOBA]Zwiad<17><STEAM_0:0:41211851><NSF>" triggered "kill_assist"
L 01/13/2024 - 20:56:09: "[AUX-] [*RO*]Phorce_Phed<11><STEAM_0:1:9863507><Jinrai>" killed "[KOBA]ASB0JACK7H<16><STEAM_0:0:559133323><NSF>" with "grenade_projectile"
L 01/13/2024 - 20:56:15: "[KOBA] DESTROYGIRL<14><STEAM_0:0:82737074><NSF>" killed "[AUX-] Nutnoze<12><STEAM_0:1:9530793><Jinrai>" with "zr68s"
L 01/13/2024 - 20:56:15: "[KOBA]ASB0JACK7H<16><STEAM_0:0:559133323><NSF>" triggered "kill_assist"
L 01/13/2024 - 20:56:15: "[AUX-] [*RO*]Phorce_Phed<11><STEAM_0:1:9863507><Jinrai>" killed "[KOBA] DESTROYGIRL<14><STEAM_0:0:82737074><NSF>" with "zr68s"
L 01/13/2024 - 20:56:15: "[AUX-] MilK<23><STEAM_0:1:28287031><Jinrai>" triggered "kill_assist"
L 01/13/2024 - 20:56:15: "[KOBA] DESTROYGIRL<14><STEAM_0:0:82737074><NSF>" say_team "100 Assault zr68s"
L 01/13/2024 - 20:56:31: "[KOBA] glitch<15><STEAM_0:0:526339791><NSF>" joined team "Unassigned"
L 01/13/2024 - 20:56:33: "[KOBA] glitch<15><STEAM_0:0:526339791><Unassigned>" joined team "NSF"
L 01/13/2024 - 20:57:14: "[KOBA] glitch<15><STEAM_0:0:526339791><NSF>" killed "[AUX-] Nutnoze<12><STEAM_0:1:9530793><Jinrai>" with "srm"
L 01/13/2024 - 20:57:26: "[AUX-] Oni<21><STEAM_0:1:10174276><Jinrai>" killed "[KOBA] glitch<15><STEAM_0:0:526339791><NSF>" with "m41"
L 01/13/2024 - 20:57:26: "[AUX-] Nutnoze<12><STEAM_0:1:9530793><Jinrai>" triggered "kill_assist"
L 01/13/2024 - 20:57:40: "[KOBA]ASB0JACK7H<16><STEAM_0:0:559133323><NSF>" killed "[AUX-] Oni<21><STEAM_0:1:10174276><Jinrai>" with "zr68s"
L 01/13/2024 - 20:57:40: "[KOBA] DESTROYGIRL<14><STEAM_0:0:82737074><NSF>" triggered "kill_assist"
L 01/13/2024 - 20:57:50: "[KOBA]Zwiad<17><STEAM_0:0:41211851><NSF>" killed "[AUX-] SUPA SUPA BOON<9><STEAM_0:1:18247617><Jinrai>" with "srm"
L 01/13/2024 - 20:57:52: "[AUX-] MilK<23><STEAM_0:1:28287031><Jinrai>" killed "[KOBA]Zwiad<17><STEAM_0:0:41211851><NSF>" with "supa7"
L 01/13/2024 - 20:57:52: "[AUX-] SUPA SUPA BOON<9><STEAM_0:1:18247617><Jinrai>" triggered "kill_assist"
L 01/13/2024 - 20:57:52: "[KOBA]Voodoo<22><STEAM_0:0:454847959><NSF>" killed "[AUX-] MilK<23><STEAM_0:1:28287031><Jinrai>" with "zr68s"
L 01/13/2024 - 20:57:52: "[KOBA]Zwiad<17><STEAM_0:0:41211851><NSF>" triggered "kill_assist"
L 01/13/2024 - 20:57:58: "[AUX-] [*RO*]Phorce_Phed<11><STEAM_0:1:9863507><Jinrai>" killed "[KOBA]ASB0JACK7H<16><STEAM_0:0:559133323><NSF>" with "zr68s"
L 01/13/2024 - 20:57:58: "[AUX-] Oni<21><STEAM_0:1:10174276><Jinrai>" triggered "kill_assist"
L 01/13/2024 - 20:58:01: "[KOBA]Voodoo<22><STEAM_0:0:454847959><NSF>" killed "[AUX-] [*RO*]Phorce_Phed<11><STEAM_0:1:9863507><Jinrai>" with "zr68s"
L 01/13/2024 - 20:58:03: "[AUX-] MilK<23><STEAM_0:1:28287031><Jinrai>" say "HUD GLITCHED"
L 01/13/2024 - 20:58:08: "[AUX-] SUPA SUPA BOON<9><STEAM_0:1:18247617><Jinrai>" say_team "fookin hud"
L 01/13/2024 - 20:58:13: "[AUX-] MilK<23><STEAM_0:1:28287031><Jinrai>" say "WHO HACKED MY VISOR"
L 01/13/2024 - 20:58:14: "[KOBA]ASB0JACK7H<16><STEAM_0:0:559133323><NSF>" say "hud reloadscheme"
L 01/13/2024 - 20:58:22: "[KOBA]Zwiad<17><STEAM_0:0:41211851><NSF>" say "outplayed"
L 01/13/2024 - 20:58:26: "[AUX-] MilK<23><STEAM_0:1:28287031><Jinrai>" say "fixed it as someone was walking in kheh"
L 01/13/2024 - 20:59:00: "[KOBA]Zwiad<17><STEAM_0:0:41211851><NSF>" killed "[AUX-] [*RO*]Phorce_Phed<11><STEAM_0:1:9863507><Jinrai>" with "mx"
L 01/13/2024 - 20:59:01: "[AUX-] Oni<21><STEAM_0:1:10174276><Jinrai>" killed "[KOBA]Zwiad<17><STEAM_0:0:41211851><NSF>" with "zr68s"
L 01/13/2024 - 20:59:05: "[AUX-] SUPA SUPA BOON<9><STEAM_0:1:18247617><Jinrai>" killed "[KOBA] glitch<15><STEAM_0:0:526339791><NSF>" with "m41"
L 01/13/2024 - 20:59:26: "[KOBA] DESTROYGIRL<14><STEAM_0:0:82737074><NSF>" killed "[AUX-] SUPA SUPA BOON<9><STEAM_0:1:18247617><Jinrai>" with "mx"
L 01/13/2024 - 20:59:37: "[AUX-] MilK<23><STEAM_0:1:28287031><Jinrai>" killed "[KOBA]Voodoo<22><STEAM_0:0:454847959><NSF>" with "mx"
L 01/13/2024 - 20:59:46: "[AUX-] Oni<21><STEAM_0:1:10174276><Jinrai>" killed "[KOBA] DESTROYGIRL<14><STEAM_0:0:82737074><NSF>" with "zr68s"
L 01/13/2024 - 20:59:46: "[AUX-] MilK<23><STEAM_0:1:28287031><Jinrai>" triggered "kill_assist"
L 01/13/2024 - 20:59:46: "[KOBA] DESTROYGIRL<14><STEAM_0:0:82737074><NSF>" say_team "80 Assault zr68s"
L 01/13/2024 - 20:59:52: "[KOBA]ASB0JACK7H<16><STEAM_0:0:559133323><NSF>" killed "[AUX-] Nutnoze<12><STEAM_0:1:9530793><Jinrai>" with "mx"
L 01/13/2024 - 20:59:53: "[AUX-] Oni<21><STEAM_0:1:10174276><Jinrai>" killed "[KOBA]ASB0JACK7H<16><STEAM_0:0:559133323><NSF>" with "zr68s"
L 01/13/2024 - 20:59:58: "[AUX-] Oni<21><STEAM_0:1:10174276><Jinrai>" say "!pause"
L 01/13/2024 - 20:59:58: "[AUX-] MilK<23><STEAM_0:1:28287031><Jinrai>" say "I WILL NOT DIE HERE"
L 01/13/2024 - 21:00:22: "[AUX-] MilK<23><STEAM_0:1:28287031><Jinrai>" say "EVERYTHING IVE SACRIFICED TO GET TO THIS POINT HAS MADE ME HAVE NOTHING WORTH TO GO HOME TO"
L 01/13/2024 - 21:00:28: "[AUX-] Oni<21><STEAM_0:1:10174276><Jinrai>" say "ok we good, forgot to undo my spec binds"
L 01/13/2024 - 21:00:33: "[AUX-] Oni<21><STEAM_0:1:10174276><Jinrai>" say "so couldn't have full auto tachi"
L 01/13/2024 - 21:00:36: "[AUX-] Oni<21><STEAM_0:1:10174276><Jinrai>" say "!unpause"
L 01/13/2024 - 21:00:38: "[KOBA] DESTROYGIRL<14><STEAM_0:0:82737074><NSF>" say "xd"
L 01/13/2024 - 21:00:42: "[AUX-] MilK<23><STEAM_0:1:28287031><Jinrai>" say "IM HERE TO FUCKING WIN YOU NSF AND THERS NOT A GODDAMN THING YOU GONNA DO TO FUCKING STOP ME"
L 01/13/2024 - 21:00:47: "[AUX-] Nutnoze<12><STEAM_0:1:9530793><Jinrai>" say "FULL AUTO TACHI VERY IMPORTANT"
L 01/13/2024 - 21:00:47: "[KOBA] DESTROYGIRL<14><STEAM_0:0:82737074><NSF>" say "!unpause"
L 01/13/2024 - 21:00:48: "[KOBA]Zwiad<17><STEAM_0:0:41211851><NSF>" say "!unpause"
L 01/13/2024 - 21:00:48: "[AUX-] MilK<23><STEAM_0:1:28287031><Jinrai>" say "OH ITS GOOD TO FINALLY BE RELEASED"
L 01/13/2024 - 21:00:51: "[FOOT] Wahaha-<26><STEAM_0:1:17526508><Spectator>" say ">oni's tachi fire selection doesnt spawn christmas presents"
L 01/13/2024 - 21:00:52: "[FOOT] Wahaha-<26><STEAM_0:1:17526508><Spectator>" say "smh"
L 01/13/2024 - 21:01:51: "[KOBA]Zwiad<17><STEAM_0:0:41211851><NSF>" killed "[AUX-] [*RO*]Phorce_Phed<11><STEAM_0:1:9863507><Jinrai>" with "mx"
L 01/13/2024 - 21:01:53: "[KOBA]Zwiad<17><STEAM_0:0:41211851><NSF>" killed "[AUX-] Oni<21><STEAM_0:1:10174276><Jinrai>" with "mx"
L 01/13/2024 - 21:02:44: "[KOBA]ASB0JACK7H<16><STEAM_0:0:559133323><NSF>" killed "[AUX-] SUPA SUPA BOON<9><STEAM_0:1:18247617><Jinrai>" with "zr68s"
L 01/13/2024 - 21:02:44: "[KOBA] DESTROYGIRL<14><STEAM_0:0:82737074><NSF>" triggered "kill_assist"
L 01/13/2024 - 21:02:55: "[KOBA]Zwiad<17><STEAM_0:0:41211851><NSF>" killed "[AUX-] MilK<23><STEAM_0:1:28287031><Jinrai>" with "mx"
L 01/13/2024 - 21:03:19: "[KOBA]Zwiad<17><STEAM_0:0:41211851><NSF>" killed "[AUX-] Nutnoze<12><STEAM_0:1:9530793><Jinrai>" with "mx"
L 01/13/2024 - 21:04:29: "[KOBA]ASB0JACK7H<16><STEAM_0:0:559133323><NSF>" killed "[AUX-] SUPA SUPA BOON<9><STEAM_0:1:18247617><Jinrai>" with "mx"
L 01/13/2024 - 21:04:44: "[KOBA] DESTROYGIRL<14><STEAM_0:0:82737074><NSF>" killed "[AUX-] Nutnoze<12><STEAM_0:1:9530793><Jinrai>" with "mx"
L 01/13/2024 - 21:05:02: "[AUX-] [*RO*]Phorce_Phed<11><STEAM_0:1:9863507><Jinrai>" killed "[KOBA]ASB0JACK7H<16><STEAM_0:0:559133323><NSF>" with "grenade_projectile"
L 01/13/2024 - 21:05:04: "[KOBA]Zwiad<17><STEAM_0:0:41211851><NSF>" killed "[AUX-] MilK<23><STEAM_0:1:28287031><Jinrai>" with "mx"
L 01/13/2024 - 21:05:14: "[AUX-] Oni<21><STEAM_0:1:10174276><Jinrai>" killed "[KOBA] DESTROYGIRL<14><STEAM_0:0:82737074><NSF>" with "mx"
L 01/13/2024 - 21:05:15: "[KOBA] DESTROYGIRL<14><STEAM_0:0:82737074><NSF>" say_team "87 Assault mx"
L 01/13/2024 - 21:05:15: "[AUX-] [*RO*]Phorce_Phed<11><STEAM_0:1:9863507><Jinrai>" killed "[KOBA]Zwiad<17><STEAM_0:0:41211851><NSF>" with "zr68s"
L 01/13/2024 - 21:05:19: "[KOBA] glitch<15><STEAM_0:0:526339791><NSF>" killed "[AUX-] [*RO*]Phorce_Phed<11><STEAM_0:1:9863507><Jinrai>" with "srm_s"
L 01/13/2024 - 21:05:20: "[AUX-] Oni<21><STEAM_0:1:10174276><Jinrai>" killed "[KOBA]Voodoo<22><STEAM_0:0:454847959><NSF>" with "mx"
L 01/13/2024 - 21:05:28: "[AUX-] Oni<21><STEAM_0:1:10174276><Jinrai>" killed "[KOBA] glitch<15><STEAM_0:0:526339791><NSF>" with "mx"
L 01/13/2024 - 21:05:32: "[AUX-] MilK<23><STEAM_0:1:28287031><Jinrai>" say "THE ONI DEMON"
L 01/13/2024 - 21:05:38: "[KOBA] DESTROYGIRL<14><STEAM_0:0:82737074><NSF>" say "magik"
L 01/13/2024 - 21:05:46: "[FOOT] Wahaha-<26><STEAM_0:1:17526508><Spectator>" say "DEMON LORD OF THE ROUND TABLE"
L 01/13/2024 - 21:06:16: "[AUX-] Oni<21><STEAM_0:1:10174276><Jinrai>" killed "[KOBA] glitch<15><STEAM_0:0:526339791><NSF>" with "mx"
L 01/13/2024 - 21:06:35: "[AUX-] [*RO*]Phorce_Phed<11><STEAM_0:1:9863507><Jinrai>" killed "[KOBA]Voodoo<22><STEAM_0:0:454847959><NSF>" with "zr68s"
L 01/13/2024 - 21:07:33: "[AUX-] MilK<23><STEAM_0:1:28287031><Jinrai>" killed "[KOBA]ASB0JACK7H<16><STEAM_0:0:559133323><NSF>" with "mx"
L 01/13/2024 - 21:07:33: "[AUX-] Nutnoze<12><STEAM_0:1:9530793><Jinrai>" triggered "kill_assist"
L 01/13/2024 - 21:07:38: "[KOBA]Zwiad<17><STEAM_0:0:41211851><NSF>" killed "[AUX-] Oni<21><STEAM_0:1:10174276><Jinrai>" with "mx"
L 01/13/2024 - 21:07:41: "[KOBA]Zwiad<17><STEAM_0:0:41211851><NSF>" killed "[AUX-] Nutnoze<12><STEAM_0:1:9530793><Jinrai>" with "mx"
L 01/13/2024 - 21:07:41: "[KOBA] DESTROYGIRL<14><STEAM_0:0:82737074><NSF>" triggered "kill_assist"
L 01/13/2024 - 21:07:43: "[KOBA] DESTROYGIRL<14><STEAM_0:0:82737074><NSF>" killed "[AUX-] [*RO*]Phorce_Phed<11><STEAM_0:1:9863507><Jinrai>" with "mx"
L 01/13/2024 - 21:07:49: "[AUX-] SUPA SUPA BOON<9><STEAM_0:1:18247617><Jinrai>" killed "[KOBA]Zwiad<17><STEAM_0:0:41211851><NSF>" with "mx"
L 01/13/2024 - 21:07:49: "[AUX-] Nutnoze<12><STEAM_0:1:9530793><Jinrai>" triggered "kill_assist"
L 01/13/2024 - 21:07:58: "[AUX-] SUPA SUPA BOON<9><STEAM_0:1:18247617><Jinrai>" killed "[KOBA] DESTROYGIRL<14><STEAM_0:0:82737074><NSF>" with "mx"
L 01/13/2024 - 21:07:58: "[AUX-] [*RO*]Phorce_Phed<11><STEAM_0:1:9863507><Jinrai>" triggered "kill_assist"
L 01/13/2024 - 21:07:58: "[KOBA] DESTROYGIRL<14><STEAM_0:0:82737074><NSF>" say_team "62 Support mx"
L 01/13/2024 - 21:09:24: "[AUX-] MilK<23><STEAM_0:1:28287031><Jinrai>" killed "[KOBA] glitch<15><STEAM_0:0:526339791><NSF>" with "mx"
L 01/13/2024 - 21:09:31: "[AUX-] Oni<21><STEAM_0:1:10174276><Jinrai>" killed "[KOBA]Voodoo<22><STEAM_0:0:454847959><NSF>" with "mx"
L 01/13/2024 - 21:09:42: "[KOBA]Zwiad<17><STEAM_0:0:41211851><NSF>" killed "[AUX-] SUPA SUPA BOON<9><STEAM_0:1:18247617><Jinrai>" with "mx"
L 01/13/2024 - 21:10:56: "[KOBA] DESTROYGIRL<14><STEAM_0:0:82737074><NSF>" killed "[AUX-] Nutnoze<12><STEAM_0:1:9530793><Jinrai>" with "mx"
L 01/13/2024 - 21:11:14: "[AUX-] MilK<23><STEAM_0:1:28287031><Jinrai>" killed "[KOBA] DESTROYGIRL<14><STEAM_0:0:82737074><NSF>" with "mx"
L 01/13/2024 - 21:11:14: "[KOBA] DESTROYGIRL<14><STEAM_0:0:82737074><NSF>" say_team "13 Support mx"
L 01/13/2024 - 21:11:14: "[KOBA]Zwiad<17><STEAM_0:0:41211851><NSF>" killed "[AUX-] [*RO*]Phorce_Phed<11><STEAM_0:1:9863507><Jinrai>" with "mx"
L 01/13/2024 - 21:11:14: "[KOBA]Zwiad<17><STEAM_0:0:41211851><NSF>" killed "[AUX-] MilK<23><STEAM_0:1:28287031><Jinrai>" with "mx"
L 01/13/2024 - 21:11:14: "[KOBA]ASB0JACK7H<16><STEAM_0:0:559133323><NSF>" triggered "kill_assist"
L 01/13/2024 - 21:11:15: "[AUX-] Oni<21><STEAM_0:1:10174276><Jinrai>" killed "[KOBA]Zwiad<17><STEAM_0:0:41211851><NSF>" with "tachi"
L 01/13/2024 - 21:11:15: "[AUX-] [*RO*]Phorce_Phed<11><STEAM_0:1:9863507><Jinrai>" triggered "kill_assist"
L 01/13/2024 - 21:11:19: "[AUX-] Oni<21><STEAM_0:1:10174276><Jinrai>" killed "[KOBA]ASB0JACK7H<16><STEAM_0:0:559133323><NSF>" with "tachi"
L 01/13/2024 - 21:11:19: "[AUX-] MilK<23><STEAM_0:1:28287031><Jinrai>" triggered "kill_assist"
L 01/13/2024 - 21:12:10: "[KOBA]Zwiad<17><STEAM_0:0:41211851><NSF>" killed "[AUX-] Oni<21><STEAM_0:1:10174276><Jinrai>" with "mx"
L 01/13/2024 - 21:13:24: "[KOBA]Zwiad<17><STEAM_0:0:41211851><NSF>" killed "[AUX-] SUPA SUPA BOON<9><STEAM_0:1:18247617><Jinrai>" with "mx"
L 01/13/2024 - 21:13:24: "[KOBA] DESTROYGIRL<14><STEAM_0:0:82737074><NSF>" triggered "kill_assist"
L 01/13/2024 - 21:13:27: "[AUX-] Nutnoze<12><STEAM_0:1:9530793><Jinrai>" killed "[KOBA] DESTROYGIRL<14><STEAM_0:0:82737074><NSF>" with "mx"
L 01/13/2024 - 21:13:27: "[KOBA] DESTROYGIRL<14><STEAM_0:0:82737074><NSF>" say_team "87 Support mx"
L 01/13/2024 - 21:13:32: "[AUX-] MilK<23><STEAM_0:1:28287031><Jinrai>" killed "[KOBA]Zwiad<17><STEAM_0:0:41211851><NSF>" with "mx"
L 01/13/2024 - 21:13:33: "[AUX-] MilK<23><STEAM_0:1:28287031><Jinrai>" killed "[KOBA]Voodoo<22><STEAM_0:0:454847959><NSF>" with "mx"
L 01/13/2024 - 21:13:48: "[AUX-] Nutnoze<12><STEAM_0:1:9530793><Jinrai>" killed "[KOBA] glitch<15><STEAM_0:0:526339791><NSF>" with "mx"
L 01/13/2024 - 21:13:50: "[KOBA]ASB0JACK7H<16><STEAM_0:0:559133323><NSF>" killed "[AUX-] Nutnoze<12><STEAM_0:1:9530793><Jinrai>" with "mx"
L 01/13/2024 - 21:13:53: "[AUX-] MilK<23><STEAM_0:1:28287031><Jinrai>" killed "[KOBA]ASB0JACK7H<16><STEAM_0:0:559133323><NSF>" with "kyla"
L 01/13/2024 - 21:13:53: "[AUX-] [*RO*]Phorce_Phed<11><STEAM_0:1:9863507><Jinrai>" triggered "kill_assist"
L 01/13/2024 - 21:14:36: "[AUX-] Oni<21><STEAM_0:1:10174276><Jinrai>" killed "[KOBA]Voodoo<22><STEAM_0:0:454847959><NSF>" with "supa7"
L 01/13/2024 - 21:14:39: "[AUX-] Oni<21><STEAM_0:1:10174276><Jinrai>" killed "[KOBA] glitch<15><STEAM_0:0:526339791><NSF>" with "supa7"
L 01/13/2024 - 21:14:43: "[KOBA]Zwiad<17><STEAM_0:0:41211851><NSF>" killed "[AUX-] Nutnoze<12><STEAM_0:1:9530793><Jinrai>" with "mx"
L 01/13/2024 - 21:14:47: "[KOBA] DESTROYGIRL<14><STEAM_0:0:82737074><NSF>" killed "[AUX-] Oni<21><STEAM_0:1:10174276><Jinrai>" with "mx"
L 01/13/2024 - 21:14:47: "[KOBA]ASB0JACK7H<16><STEAM_0:0:559133323><NSF>" triggered "kill_assist"
L 01/13/2024 - 21:15:13: "[AUX-] SUPA SUPA BOON<9><STEAM_0:1:18247617><Jinrai>" killed "[KOBA] DESTROYGIRL<14><STEAM_0:0:82737074><NSF>" with "kyla"
L 01/13/2024 - 21:15:13: "[KOBA] DESTROYGIRL<14><STEAM_0:0:82737074><NSF>" say_team "44 Support kyla"
L 01/13/2024 - 21:15:20: "[AUX-] [*RO*]Phorce_Phed<11><STEAM_0:1:9863507><Jinrai>" killed "[KOBA]Zwiad<17><STEAM_0:0:41211851><NSF>" with "grenade_projectile"
L 01/13/2024 - 21:15:27: "[KOBA]ASB0JACK7H<16><STEAM_0:0:559133323><NSF>" killed "[AUX-] [*RO*]Phorce_Phed<11><STEAM_0:1:9863507><Jinrai>" with "zr68s"
L 01/13/2024 - 21:15:27: "[KOBA]Zwiad<17><STEAM_0:0:41211851><NSF>" triggered "kill_assist"
L 01/13/2024 - 21:15:43: Team "Jinrai" triggered "ghost_capture_team"
L 01/13/2024 - 21:15:43: "[AUX-] MilK<23><STEAM_0:1:28287031><Jinrai>" triggered "ghost_capture"
L 01/13/2024 - 21:15:48: "[AUX-] MilK<23><STEAM_0:1:28287031><Jinrai>" killed "[KOBA]ASB0JACK7H<16><STEAM_0:0:559133323><NSF>" with "kyla"
L 01/13/2024 - 21:16:47: "[KOBA]ASB0JACK7H<16><STEAM_0:0:559133323><NSF>" killed "[AUX-] SUPA SUPA BOON<9><STEAM_0:1:18247617><Jinrai>" with "zr68c"
L 01/13/2024 - 21:16:58: "[AUX-] Oni<21><STEAM_0:1:10174276><Jinrai>" killed "[KOBA] glitch<15><STEAM_0:0:526339791><NSF>" with "srs"
L 01/13/2024 - 21:17:12: "[KOBA]ASB0JACK7H<16><STEAM_0:0:559133323><NSF>" killed "[AUX-] Oni<21><STEAM_0:1:10174276><Jinrai>" with "mx"
L 01/13/2024 - 21:17:47: "[AUX-] MilK<23><STEAM_0:1:28287031><Jinrai>" killed "[KOBA]ASB0JACK7H<16><STEAM_0:0:559133323><NSF>" with "mx"
L 01/13/2024 - 21:18:05: "[AUX-] MilK<23><STEAM_0:1:28287031><Jinrai>" killed "[KOBA] DESTROYGIRL<14><STEAM_0:0:82737074><NSF>" with "mx"
L 01/13/2024 - 21:18:06: "[KOBA] DESTROYGIRL<14><STEAM_0:0:82737074><NSF>" say_team "75 Support mx"
L 01/13/2024 - 21:18:09: "[KOBA]Zwiad<17><STEAM_0:0:41211851><NSF>" killed "[AUX-] Nutnoze<12><STEAM_0:1:9530793><Jinrai>" with "mx"
L 01/13/2024 - 21:18:19: "[KOBA]Voodoo<22><STEAM_0:0:454847959><NSF>" killed "[AUX-] [*RO*]Phorce_Phed<11><STEAM_0:1:9863507><Jinrai>" with "zr68s"
L 01/13/2024 - 21:18:22: "[AUX-] MilK<23><STEAM_0:1:28287031><Jinrai>" killed "[KOBA]Voodoo<22><STEAM_0:0:454847959><NSF>" with "mx"
L 01/13/2024 - 21:18:29: Team "NSF" triggered "ghost_capture_team"
L 01/13/2024 - 21:18:29: "[KOBA]Zwiad<17><STEAM_0:0:41211851><NSF>" triggered "ghost_capture"
L 01/13/2024 - 21:18:38: "[KOBA]Zwiad<17><STEAM_0:0:41211851><NSF>" killed "[AUX-] MilK<23><STEAM_0:1:28287031><Jinrai>" with "kyla"
L 01/13/2024 - 21:18:38: "[KOBA]Voodoo<22><STEAM_0:0:454847959><NSF>" triggered "kill_assist"
L 01/13/2024 - 21:18:41: "[KOBA]ASB0JACK7H<16><STEAM_0:0:559133323><NSF>" say "ROCKET LEAGUE GAMEPLAY"
L 01/13/2024 - 21:18:45: "[MNHR] Syz<28><STEAM_0:0:82019396><Spectator>" say "lol"
L 01/13/2024 - 21:18:51: "[AUX-] Nutnoze<12><STEAM_0:1:9530793><Jinrai>" say "oh lawd he zoomin"
L 01/13/2024 - 21:19:21: "[AUX-] MilK<23><STEAM_0:1:28287031><Jinrai>" killed "[KOBA]ASB0JACK7H<16><STEAM_0:0:559133323><NSF>" with "pz"
L 01/13/2024 - 21:19:37: "[AUX-] Nutnoze<12><STEAM_0:1:9530793><Jinrai>" killed "[KOBA]Voodoo<22><STEAM_0:0:454847959><NSF>" with "mx"
L 01/13/2024 - 21:19:37: "[KOBA] DESTROYGIRL<14><STEAM_0:0:82737074><NSF>" killed "[AUX-] [*RO*]Phorce_Phed<11><STEAM_0:1:9863507><Jinrai>" with "mx"
L 01/13/2024 - 21:19:45: "[KOBA]Zwiad<17><STEAM_0:0:41211851><NSF>" killed "[AUX-] Nutnoze<12><STEAM_0:1:9530793><Jinrai>" with "mx"
L 01/13/2024 - 21:20:24: "[AUX-] Oni<21><STEAM_0:1:10174276><Jinrai>" killed "[KOBA] DESTROYGIRL<14><STEAM_0:0:82737074><NSF>" with "grenade_projectile"
L 01/13/2024 - 21:20:24: "[KOBA] DESTROYGIRL<14><STEAM_0:0:82737074><NSF>" say_team "45 Assault grenade_projectile"
L 01/13/2024 - 21:20:37: "[KOBA]Zwiad<17><STEAM_0:0:41211851><NSF>" killed "[AUX-] MilK<23><STEAM_0:1:28287031><Jinrai>" with "mx"
L 01/13/2024 - 21:20:39: "[KOBA]Zwiad<17><STEAM_0:0:41211851><NSF>" killed "[AUX-] SUPA SUPA BOON<9><STEAM_0:1:18247617><Jinrai>" with "mx"
L 01/13/2024 - 21:21:04: "[KOBA]Zwiad<17><STEAM_0:0:41211851><NSF>" killed "[AUX-] Oni<21><STEAM_0:1:10174276><Jinrai>" with "mx"
L 01/13/2024 - 21:21:04: "[KOBA]Voodoo<22><STEAM_0:0:454847959><NSF>" triggered "kill_assist"
L 01/13/2024 - 21:21:46: "[AUX-] Oni<21><STEAM_0:1:10174276><Jinrai>" killed "[KOBA]ASB0JACK7H<16><STEAM_0:0:559133323><NSF>" with "m41s"
L 01/13/2024 - 21:21:55: "[KOBA]ASB0JACK7H<16><STEAM_0:0:559133323><NSF>" say "yikes"
L 01/13/2024 - 21:22:19: "[KOBA]Zwiad<17><STEAM_0:0:41211851><NSF>" killed "[AUX-] Nutnoze<12><STEAM_0:1:9530793><Jinrai>" with "mx"
L 01/13/2024 - 21:22:44: "[KOBA] DESTROYGIRL<14><STEAM_0:0:82737074><NSF>" killed "[AUX-] Oni<21><STEAM_0:1:10174276><Jinrai>" with "mx"
L 01/13/2024 - 21:23:11: "[KOBA] DESTROYGIRL<14><STEAM_0:0:82737074><NSF>" killed "[AUX-] MilK<23><STEAM_0:1:28287031><Jinrai>" with "mx"
L 01/13/2024 - 21:23:35: "[AUX-] SUPA SUPA BOON<9><STEAM_0:1:18247617><Jinrai>" killed "[KOBA]Voodoo<22><STEAM_0:0:454847959><NSF>" with "pz"
L 01/13/2024 - 21:24:02: "[KOBA]Zwiad<17><STEAM_0:0:41211851><NSF>" killed "[AUX-] SUPA SUPA BOON<9><STEAM_0:1:18247617><Jinrai>" with "kyla"
L 01/13/2024 - 21:24:12: "[AUX-] [*RO*]Phorce_Phed<11><STEAM_0:1:9863507><Jinrai>" killed "[KOBA] glitch<15><STEAM_0:0:526339791><NSF>" with "mx"
L 01/13/2024 - 21:24:14: "[KOBA] DESTROYGIRL<14><STEAM_0:0:82737074><NSF>" killed "[AUX-] [*RO*]Phorce_Phed<11><STEAM_0:1:9863507><Jinrai>" with "mx"
L 01/13/2024 - 21:24:14: "[KOBA] glitch<15><STEAM_0:0:526339791><NSF>" triggered "kill_assist"
L 01/13/2024 - 21:25:11: "[KOBA]Voodoo<22><STEAM_0:0:454847959><NSF>" killed "[AUX-] [*RO*]Phorce_Phed<11><STEAM_0:1:9863507><Jinrai>" with "mx"
L 01/13/2024 - 21:26:12: "[KOBA]ASB0JACK7H<16><STEAM_0:0:559133323><NSF>" killed "[AUX-] Nutnoze<12><STEAM_0:1:9530793><Jinrai>" with "kyla"
L 01/13/2024 - 21:26:34: "[KOBA]Zwiad<17><STEAM_0:0:41211851><NSF>" killed "[AUX-] SUPA SUPA BOON<9><STEAM_0:1:18247617><Jinrai>" with "mx"
L 01/13/2024 - 21:26:37: "[AUX-] Oni<21><STEAM_0:1:10174276><Jinrai>" killed "[KOBA]Voodoo<22><STEAM_0:0:454847959><NSF>" with "aa13"
L 01/13/2024 - 21:26:38: "[KOBA] DESTROYGIRL<14><STEAM_0:0:82737074><NSF>" killed "[AUX-] Oni<21><STEAM_0:1:10174276><Jinrai>" with "mx"
L 01/13/2024 - 21:26:41: "[AUX-] MilK<23><STEAM_0:1:28287031><Jinrai>" killed "[KOBA]Zwiad<17><STEAM_0:0:41211851><NSF>" with "mx"
L 01/13/2024 - 21:26:43: "[KOBA]ASB0JACK7H<16><STEAM_0:0:559133323><NSF>" killed "[AUX-] MilK<23><STEAM_0:1:28287031><Jinrai>" with "kyla"
L 01/13/2024 - 21:26:43: "[KOBA]Zwiad<17><STEAM_0:0:41211851><NSF>" triggered "kill_assist"
L 01/13/2024 - 21:26:54: "[KOBA]ASB0JACK7H<16><STEAM_0:0:559133323><NSF>" say "BIG IRON ON HIS HIP"
L 01/13/2024 - 21:26:59: "[FOOT] Wahaha-<26><STEAM_0:1:17526508><Spectator>" say "big iron"
L 01/13/2024 - 21:27:01: "[FOOT] Wahaha-<26><STEAM_0:1:17526508><Spectator>" say "big iron"
L 01/13/2024 - 21:27:03: "[AUX-] Nutnoze<12><STEAM_0:1:9530793><Jinrai>" say "revolvo gaming"
L 01/13/2024 - 21:27:13: "[KOBA]ASB0JACK7H<16><STEAM_0:0:559133323><NSF>" say "THE STRANGER FROM THE MOUNTAIN WITH THE BIG IRON ON HIS HIP"
L 01/13/2024 - 21:27:27: "[AUX-] [*RO*]Phorce_Phed<11><STEAM_0:1:9863507><Jinrai>" killed "[KOBA] glitch<15><STEAM_0:0:526339791><NSF>" with "mx"
L 01/13/2024 - 21:27:53: "[AUX-] Oni<21><STEAM_0:1:10174276><Jinrai>" killed "[KOBA]Voodoo<22><STEAM_0:0:454847959><NSF>" with "mx"
L 01/13/2024 - 21:28:12: "[AUX-] MilK<23><STEAM_0:1:28287031><Jinrai>" killed "[KOBA]ASB0JACK7H<16><STEAM_0:0:559133323><NSF>" with "pz"
L 01/13/2024 - 21:28:27: "[KOBA]ASB0JACK7H<16><STEAM_0:0:559133323><NSF>" say "82 from PEZ but he shoots PEZ and does 100"
L 01/13/2024 - 21:28:29: "[KOBA]ASB0JACK7H<16><STEAM_0:0:559133323><NSF>" say "rigged"
L 01/13/2024 - 21:28:30: "[AUX-] MilK<23><STEAM_0:1:28287031><Jinrai>" killed "[KOBA] DESTROYGIRL<14><STEAM_0:0:82737074><NSF>" with "pz"
L 01/13/2024 - 21:28:30: "[KOBA] DESTROYGIRL<14><STEAM_0:0:82737074><NSF>" say_team "60 Support pz"
L 01/13/2024 - 21:28:34: "[KOBA]Zwiad<17><STEAM_0:0:41211851><NSF>" killed "[AUX-] MilK<23><STEAM_0:1:28287031><Jinrai>" with "mx"
L 01/13/2024 - 21:29:00: "[KOBA]Zwiad<17><STEAM_0:0:41211851><NSF>" killed "[AUX-] [*RO*]Phorce_Phed<11><STEAM_0:1:9863507><Jinrai>" with "mx"
L 01/13/2024 - 21:29:02: "[AUX-] Nutnoze<12><STEAM_0:1:9530793><Jinrai>" killed "[KOBA]Zwiad<17><STEAM_0:0:41211851><NSF>" with "mx"
L 01/13/2024 - 21:29:06: "[FOOT] Wahaha-<26><STEAM_0:1:17526508><Spectator>" say "gg"
L 01/13/2024 - 21:29:09: "[KOBA] DESTROYGIRL<14><STEAM_0:0:82737074><NSF>" say "gg"
L 01/13/2024 - 21:29:09: "[AUX-] SUPA SUPA BOON<9><STEAM_0:1:18247617><Jinrai>" say "gg"
L 01/13/2024 - 21:29:09: "[KOBA]ASB0JACK7H<16><STEAM_0:0:559133323><NSF>" say "GGWP"
L 01/13/2024 - 21:29:09: "[MNHR] Syz<28><STEAM_0:0:82019396><Spectator>" say "ggwp"
L 01/13/2024 - 21:29:10: "[AUX-] Oni<21><STEAM_0:1:10174276><Jinrai>" say "gr"
L 01/13/2024 - 21:29:10: "[AUX-] Nutnoze<12><STEAM_0:1:9530793><Jinrai>" say "gg"
L 01/13/2024 - 21:29:12: "[AUX-] MilK<23><STEAM_0:1:28287031><Jinrai>" say "ggwp"
L 01/13/2024 - 21:29:12: "[AUX-] [*RO*]Phorce_Phed<11><STEAM_0:1:9863507><Jinrai>" say "gg"
L 01/13/2024 - 21:29:12: "[KOBA]Zwiad<17><STEAM_0:0:41211851><NSF>" say "GG"
L 01/13/2024 - 21:29:13: "[KOBA]Voodoo<22><STEAM_0:0:454847959><NSF>" say "gg"
L 01/13/2024 - 21:29:30: "[KOBA]ASB0JACK7H<16><STEAM_0:0:559133323><NSF>" say "OILSTAIN"
L 01/13/2024 - 21:29:32: "[KOBA]ASB0JACK7H<16><STEAM_0:0:559133323><NSF>" say "OILSTAIN"
L 01/13/2024 - 21:29:33: "[KOBA] DESTROYGIRL<14><STEAM_0:0:82737074><NSF>" say "o"
L 01/13/2024 - 21:29:35: "[KOBA]ASB0JACK7H<16><STEAM_0:0:559133323><NSF>" say "OILSTAIN"
L 01/13/2024 - 21:29:37: "[AUX-] Nutnoze<12><STEAM_0:1:9530793><Jinrai>" say "olio"
L 01/13/2024 - 21:29:37: "[KOBA]Zwiad<17><STEAM_0:0:41211851><NSF>" say "o"
L 01/13/2024 - 21:29:37: "[KOBA]ASB0JACK7H<16><STEAM_0:0:559133323><NSF>" say "OILSTAIN"
L 01/13/2024 - 21:29:38: "[KOBA]Zwiad<17><STEAM_0:0:41211851><NSF>" say "yo"
L 01/13/2024 - 21:29:38: [META] Loaded 0 plugins (1 already loaded)
L 01/13/2024 - 21:29:38: [META] Loaded 0 plugins (1 already loaded)
L 01/13/2024 - 21:29:39: Log file closed
