L 02/10/2024 - 17:53:42: Log file started (file "logs\L0210056.log") (game "z:\home\steam\steam\steamapps\common\nt\NeotokyoSource") (version "4044")
L 02/10/2024 - 17:53:42: server_cvar: "sv_pausable" "0"
L 02/10/2024 - 17:53:42: server_cvar: "sv_contact" "baux.site"
L 02/10/2024 - 17:53:42: server_cvar: "sv_gravity" "800"
L 02/10/2024 - 17:53:42: server_cvar: "mp_friendlyfire" "1"
L 02/10/2024 - 17:53:45: "[MNHR] Syz<8><STEAM_0:0:82019396><>" entered the game
L 02/10/2024 - 17:53:47: "[CAST] Cold Lizard<6><STEAM_0:1:20336729><>" entered the game
L 02/10/2024 - 17:53:49: "[CAST] Cold Lizard<6><STEAM_0:1:20336729><Unassigned>" joined team "Spectator"
L 02/10/2024 - 17:53:50: "[Disembodied Camera] Oni<4><STEAM_0:1:10174276><>" entered the game
L 02/10/2024 - 17:53:51: "[KOBA] glitch<9><STEAM_0:0:526339791><>" entered the game
L 02/10/2024 - 17:53:52: "[Disembodied Camera] Oni<4><STEAM_0:1:10174276><Unassigned>" joined team "Spectator"
L 02/10/2024 - 17:53:54: "[CAST] Infrequent<5><STEAM_0:1:6384081><>" entered the game
L 02/10/2024 - 17:53:54: "[KOBA] glitch<9><STEAM_0:0:526339791><Unassigned>" joined team "Jinrai"
L 02/10/2024 - 17:53:56: "[CAST] Infrequent<5><STEAM_0:1:6384081><Unassigned>" joined team "Spectator"
L 02/10/2024 - 17:54:05: "[Disembodied Camera] Oni<4><STEAM_0:1:10174276><Spectator>" disconnected (reason "Disconnect by user.")
L 02/10/2024 - 17:54:13: "[KOBA]ASBOJACK7H<7><STEAM_0:0:559133323><>" entered the game
L 02/10/2024 - 17:54:19: "[BONK/MNHR] StellaNova<12><STEAM_ID_PENDING><>" connected, address "5.48.156.240:27005"
L 02/10/2024 - 17:54:19: "[BONK/MNHR] StellaNova<12><STEAM_0:0:31290862><>" STEAM USERID validated
L 02/10/2024 - 17:54:23: "[BONK/MNHR] StellaNova<12><STEAM_0:0:31290862><>" entered the game
L 02/10/2024 - 17:54:25: "[BONK/MNHR] StellaNova<12><STEAM_0:0:31290862><Unassigned>" joined team "Spectator"
L 02/10/2024 - 17:54:25: "[2NT][mutent][MNHR] yoko<10><STEAM_0:0:33377178><>" disconnected (reason "Disconnect by user.")
L 02/10/2024 - 17:54:25: "[MNHR] Scarf<11><STEAM_0:1:128469250><>" disconnected (reason "Disconnect by user.")
L 02/10/2024 - 17:54:38: "[BONK/MNHR] StellaNova<12><STEAM_0:0:31290862><Spectator>" changed name to "[MNHR] StellaNova"
L 02/10/2024 - 17:54:41: "Izotop<13><STEAM_ID_PENDING><>" connected, address "213.110.253.237:1695"
L 02/10/2024 - 17:54:41: "Izotop<13><STEAM_0:1:97975268><>" STEAM USERID validated
L 02/10/2024 - 17:54:51: "Izotop<13><STEAM_0:1:97975268><>" disconnected (reason "Disconnect by user.")
L 02/10/2024 - 17:56:30: "[KOBA]ASBOJACK7H<7><STEAM_0:0:559133323><Unassigned>" joined team "Jinrai"
L 02/10/2024 - 17:56:38: "[Disembodied Camera] Oni<14><STEAM_ID_PENDING><>" connected, address "71.195.46.232:27005"
L 02/10/2024 - 17:56:38: "[Disembodied Camera] Oni<14><STEAM_0:1:10174276><>" STEAM USERID validated
L 02/10/2024 - 17:56:42: "[Disembodied Camera] Oni<14><STEAM_0:1:10174276><>" entered the game
L 02/10/2024 - 17:56:44: "[Disembodied Camera] Oni<14><STEAM_0:1:10174276><Unassigned>" joined team "Spectator"
L 02/10/2024 - 17:56:47: "[KOBA]ASBOJACK7H<7><STEAM_0:0:559133323><Jinrai>" say "and i said"
L 02/10/2024 - 17:56:54: "[KOBA]ASBOJACK7H<7><STEAM_0:0:559133323><Jinrai>" say "HEEEY HEEEY HEEEEYYY YE YE"
L 02/10/2024 - 17:56:59: "[KOBA]ASBOJACK7H<7><STEAM_0:0:559133323><Jinrai>" say "HEEEEYYY HEEEY HEEEY YE"
L 02/10/2024 - 17:57:01: "[KOBA] Zwiad (Zvyad)<15><STEAM_ID_PENDING><>" connected, address "92.40.189.95:28799"
L 02/10/2024 - 17:57:01: "[KOBA] Zwiad (Zvyad)<15><STEAM_0:0:41211851><>" STEAM USERID validated
L 02/10/2024 - 17:57:02: "[KOBA]ASBOJACK7H<7><STEAM_0:0:559133323><Jinrai>" say "I SAID HEY"
L 02/10/2024 - 17:57:09: "[KOBA]ASBOJACK7H<7><STEAM_0:0:559133323><Jinrai>" say "WHATS GOING ON"
L 02/10/2024 - 17:57:13: "[KOBA] Zwiad (Zvyad)<15><STEAM_0:0:41211851><>" entered the game
L 02/10/2024 - 17:57:15: "[MNHR] StellaNova<12><STEAM_0:0:31290862><Spectator>" say "is game"
L 02/10/2024 - 17:57:16: "[KOBA] Zwiad (Zvyad)<15><STEAM_0:0:41211851><Unassigned>" joined team "Spectator"
L 02/10/2024 - 17:57:23: "[KOBA] Zwiad (Zvyad)<15><STEAM_0:0:41211851><Spectator>" joined team "Jinrai"
L 02/10/2024 - 17:57:37: "Izotop<16><STEAM_ID_PENDING><>" connected, address "213.110.253.237:1695"
L 02/10/2024 - 17:57:37: "Izotop<16><STEAM_0:1:97975268><>" STEAM USERID validated
L 02/10/2024 - 17:57:40: "[KOBA] DESTROYGIRL<17><STEAM_ID_PENDING><>" connected, address "82.31.206.95:27005"
L 02/10/2024 - 17:57:40: "[KOBA] DESTROYGIRL<17><STEAM_0:0:82737074><>" STEAM USERID validated
L 02/10/2024 - 17:57:41: "[MNHR] Scarf<18><STEAM_ID_PENDING><>" connected, address "73.115.74.180:27005"
L 02/10/2024 - 17:57:41: "[MNHR] Scarf<18><STEAM_0:1:128469250><>" STEAM USERID validated
L 02/10/2024 - 17:57:44: "[MNHR] Scarf<18><STEAM_0:1:128469250><>" entered the game
L 02/10/2024 - 17:57:48: "[KOBA] DESTROYGIRL<17><STEAM_0:0:82737074><>" entered the game
L 02/10/2024 - 17:57:51: "[KOBA] DESTROYGIRL<17><STEAM_0:0:82737074><Unassigned>" joined team "Spectator"
L 02/10/2024 - 17:57:52: "[MNHR] Scarf<18><STEAM_0:1:128469250><Unassigned>" joined team "NSF"
L 02/10/2024 - 17:57:54: "[MNHR] StellaNova<12><STEAM_0:0:31290862><Spectator>" joined team "NSF"
L 02/10/2024 - 17:57:56: "Izotop<16><STEAM_0:1:97975268><>" entered the game
L 02/10/2024 - 17:57:59: "Izotop<16><STEAM_0:1:97975268><Unassigned>" joined team "NSF"
L 02/10/2024 - 17:58:02: "[MNHR] Syz<8><STEAM_0:0:82019396><Unassigned>" joined team "NSF"
L 02/10/2024 - 17:58:15: "[MNHR] StellaNova<12><STEAM_0:0:31290862><NSF>" say_team "get ur tag in Izo, make it loook neat :3"
L 02/10/2024 - 17:58:28: "Izotop<16><STEAM_0:1:97975268><NSF>" changed name to "[MNHR] Izotop"
L 02/10/2024 - 17:58:33: "[KOBA] DESTROYGIRL<17><STEAM_0:0:82737074><Spectator>" joined team "Jinrai"
L 02/10/2024 - 17:58:53: "[2NT][mutent][MNHR] yoko<19><STEAM_ID_PENDING><>" connected, address "143.244.47.81:27005"
L 02/10/2024 - 17:58:53: "[2NT][mutent][MNHR] yoko<19><STEAM_0:0:33377178><>" STEAM USERID validated
L 02/10/2024 - 17:58:56: "[2NT][mutent][MNHR] yoko<19><STEAM_0:0:33377178><>" entered the game
L 02/10/2024 - 17:58:59: "[2NT][mutent][MNHR] yoko<19><STEAM_0:0:33377178><Unassigned>" joined team "Spectator"
L 02/10/2024 - 17:59:18: "[2NT][mutent][MNHR] yoko<19><STEAM_0:0:33377178><Spectator>" say "!n"
L 02/10/2024 - 17:59:18: "[2NT][mutent][MNHR] yoko<19><STEAM_0:0:33377178><Spectator>" joined team "NSF"
L 02/10/2024 - 17:59:24: "[2NT][mutent][MNHR] yoko<19><STEAM_0:0:33377178><NSF>" say "!settings"
L 02/10/2024 - 17:59:26: "[MNHR] Syz<8><STEAM_0:0:82019396><NSF>" say "!SETTINGS"
L 02/10/2024 - 17:59:31: "[MNHR] Izotop<16><STEAM_0:1:97975268><NSF>" say "!settings"
L 02/10/2024 - 18:00:17: "[Disembodied Camera] Oni<14><STEAM_0:1:10174276><Spectator>" say "!setobserver"
L 02/10/2024 - 18:00:32: "[KOBA]ASBOJACK7H<7><STEAM_0:0:559133323><Jinrai>" disconnected (reason "Disconnect by user.")
L 02/10/2024 - 18:00:32: "[KOBA]ASBOJACK7H<20><STEAM_ID_PENDING><>" connected, address "90.216.207.50:27005"
L 02/10/2024 - 18:00:32: "[KOBA]ASBOJACK7H<20><STEAM_0:0:559133323><>" STEAM USERID validated
L 02/10/2024 - 18:00:34: "[KOBA]ASBOJACK7H<20><STEAM_0:0:559133323><>" entered the game
L 02/10/2024 - 18:00:36: "[KOBA]ASBOJACK7H<20><STEAM_0:0:559133323><Unassigned>" joined team "Jinrai"
L 02/10/2024 - 18:00:38: "[KOBA]TorMechia<21><STEAM_ID_PENDING><>" connected, address "38.95.250.14:45225"
L 02/10/2024 - 18:00:38: "[KOBA]TorMechia<21><STEAM_0:1:83071063><>" STEAM USERID validated
L 02/10/2024 - 18:01:14: "[KOBA]ASBOJACK7H<20><STEAM_0:0:559133323><Jinrai>" say "wait oni can the chat here us if we speak in game?"
L 02/10/2024 - 18:01:21: "[Disembodied Camera] Oni<14><STEAM_0:1:10174276><Spectator>" say "uhh, I think so"
L 02/10/2024 - 18:01:26: "[CAST] Infrequent<5><STEAM_0:1:6384081><Spectator>" say "yes"
L 02/10/2024 - 18:01:33: "[Disembodied Camera] Oni<14><STEAM_0:1:10174276><Spectator>" say "So try not to comm ingame if you can help it ^^;"
L 02/10/2024 - 18:01:39: "[KOBA]TorMechia<21><STEAM_0:1:83071063><>" entered the game
L 02/10/2024 - 18:01:41: "[KOBA]ASBOJACK7H<20><STEAM_0:0:559133323><Jinrai>" say "is there a rule against singing pay phone if we win?"
L 02/10/2024 - 18:01:52: "[KOBA]TorMechia<21><STEAM_0:1:83071063><Unassigned>" joined team "Jinrai"
L 02/10/2024 - 18:01:59: "[MNHR] StellaNova<12><STEAM_0:0:31290862><NSF>" say "redundant rule"
L 02/10/2024 - 18:02:04: "[MNHR] StellaNova<12><STEAM_0:0:31290862><NSF>" say "B)"
L 02/10/2024 - 18:02:07: "[KOBA]ASBOJACK7H<20><STEAM_0:0:559133323><Jinrai>" say "TRUE"
L 02/10/2024 - 18:02:10: "[KOBA]ASBOJACK7H<20><STEAM_0:0:559133323><Jinrai>" say "B)"
L 02/10/2024 - 18:02:10: "[2NT][mutent][MNHR] yoko<19><STEAM_0:0:33377178><NSF>" say "redact that *rule"
L 02/10/2024 - 18:02:11: "[Disembodied Camera] Oni<14><STEAM_0:1:10174276><Spectator>" say "You have an issue with that MNHR? If not go for it XD"
L 02/10/2024 - 18:02:14: "[KOBA] Zwiad (Zvyad)<15><STEAM_0:0:41211851><Jinrai>" say "so is the stream ready?"
L 02/10/2024 - 18:02:21: "[Disembodied Camera] Oni<14><STEAM_0:1:10174276><Spectator>" say "Stream is ready anytime"
L 02/10/2024 - 18:02:23: "[Disembodied Camera] Oni<14><STEAM_0:1:10174276><Spectator>" say "no rush"
L 02/10/2024 - 18:02:26: "[KOBA] Zwiad (Zvyad)<15><STEAM_0:0:41211851><Jinrai>" say "!ready"
L 02/10/2024 - 18:02:28: "[KOBA] glitch<9><STEAM_0:0:526339791><Jinrai>" say_team "!ready"
L 02/10/2024 - 18:02:28: "[MNHR] Izotop<16><STEAM_0:1:97975268><NSF>" say "Can I use noclip in tournament?"
L 02/10/2024 - 18:02:31: "[MNHR] Izotop<16><STEAM_0:1:97975268><NSF>" say "!ready"
L 02/10/2024 - 18:02:31: "[KOBA] DESTROYGIRL<17><STEAM_0:0:82737074><Jinrai>" say "!ready"
L 02/10/2024 - 18:02:32: "[MNHR] StellaNova<12><STEAM_0:0:31290862><NSF>" say "!ready"
L 02/10/2024 - 18:02:32: "[MNHR] Scarf<18><STEAM_0:1:128469250><NSF>" say "!rEADY"
L 02/10/2024 - 18:02:32: "[MNHR] Syz<8><STEAM_0:0:82019396><NSF>" say "!READY"
L 02/10/2024 - 18:02:34: "[KOBA]ASBOJACK7H<20><STEAM_0:0:559133323><Jinrai>" say "!ready"
L 02/10/2024 - 18:02:38: "[2NT][mutent][MNHR] yoko<19><STEAM_0:0:33377178><NSF>" say "!ready"
L 02/10/2024 - 18:02:40: "[KOBA] Zwiad (Zvyad)<15><STEAM_0:0:41211851><Jinrai>" say "yes but you get sent to the backrooms"
L 02/10/2024 - 18:02:53: "[KOBA]TorMechia<21><STEAM_0:1:83071063><Jinrai>" say "!ready"
L 02/10/2024 - 18:02:54: "[2NT][mutent][MNHR] yoko<19><STEAM_0:0:33377178><NSF>" say "the source backrooms"
L 02/10/2024 - 18:03:11: "[2NT][mutent][MNHR] yoko<19><STEAM_0:0:33377178><NSF>" say "with gabe newell chasing you "
L 02/10/2024 - 18:03:26: "[2NT][mutent][MNHR] yoko<19><STEAM_0:0:33377178><NSF>" say "GG(▰˘◡˘▰)WP"
L 02/10/2024 - 18:03:32: "[2NT][mutent][MNHR] yoko<19><STEAM_0:0:33377178><NSF>" say "GL\（○＾ω＾○）/HF"
L 02/10/2024 - 18:04:09: "[KOBA]TorMechia<21><STEAM_0:1:83071063><Jinrai>" say "i have no audio rn"
L 02/10/2024 - 18:04:14: "[2NT][mutent][MNHR] yoko<19><STEAM_0:0:33377178><NSF>" killed "[KOBA]ASBOJACK7H<20><STEAM_0:0:559133323><Jinrai>" with "zr68s"
L 02/10/2024 - 18:04:15: "[MNHR] Syz<8><STEAM_0:0:82019396><NSF>" triggered "kill_assist"
L 02/10/2024 - 18:04:15: "[MNHR] Izotop<16><STEAM_0:1:97975268><NSF>" killed "[KOBA] DESTROYGIRL<17><STEAM_0:0:82737074><Jinrai>" with "zr68s"
L 02/10/2024 - 18:04:15: "[KOBA] DESTROYGIRL<17><STEAM_0:0:82737074><Jinrai>" say_team "11 Assault zr68s"
L 02/10/2024 - 18:04:17: "[KOBA] glitch<9><STEAM_0:0:526339791><Jinrai>" killed "[MNHR] Izotop<16><STEAM_0:1:97975268><NSF>" with "srm"
L 02/10/2024 - 18:04:17: "[KOBA] DESTROYGIRL<17><STEAM_0:0:82737074><Jinrai>" triggered "kill_assist"
L 02/10/2024 - 18:04:17: "[MNHR] Izotop<16><STEAM_0:1:97975268><NSF>" say_team "81 Recon srm"
L 02/10/2024 - 18:04:20: "[KOBA] Zwiad (Zvyad)<15><STEAM_0:0:41211851><Jinrai>" killed "[MNHR] Syz<8><STEAM_0:0:82019396><NSF>" with "zr68c"
L 02/10/2024 - 18:04:21: "[MNHR] Syz<8><STEAM_0:0:82019396><NSF>" say_team "69 Support zr68c"
L 02/10/2024 - 18:04:25: "[MNHR] StellaNova<12><STEAM_0:0:31290862><NSF>" killed "[KOBA] Zwiad (Zvyad)<15><STEAM_0:0:41211851><Jinrai>" with "supa7"
L 02/10/2024 - 18:04:30: "[KOBA] glitch<9><STEAM_0:0:526339791><Jinrai>" killed "[MNHR] Scarf<18><STEAM_0:1:128469250><NSF>" with "zr68s"
L 02/10/2024 - 18:04:33: "[MNHR] StellaNova<12><STEAM_0:0:31290862><NSF>" killed "[KOBA] glitch<9><STEAM_0:0:526339791><Jinrai>" with "supa7"
L 02/10/2024 - 18:04:33: "[MNHR] Scarf<18><STEAM_0:1:128469250><NSF>" triggered "kill_assist"
L 02/10/2024 - 18:05:08: "[MNHR] StellaNova<12><STEAM_0:0:31290862><NSF>" killed "[KOBA]TorMechia<21><STEAM_0:1:83071063><Jinrai>" with "supa7"
L 02/10/2024 - 18:05:43: "[KOBA]TorMechia<21><STEAM_0:1:83071063><Jinrai>" disconnected (reason "[KOBA]TorMechia timed out")
L 02/10/2024 - 18:05:51: "[KOBA]ASBOJACK7H<20><STEAM_0:0:559133323><Jinrai>" say "yikse"
L 02/10/2024 - 18:05:53: "[KOBA] DESTROYGIRL<17><STEAM_0:0:82737074><Jinrai>" say "!pause"
L 02/10/2024 - 18:06:29: "[KOBA] glitch<9><STEAM_0:0:526339791><Jinrai>" killed "[MNHR] Syz<8><STEAM_0:0:82019396><NSF>" with "srm"
L 02/10/2024 - 18:06:29: "[MNHR] Syz<8><STEAM_0:0:82019396><NSF>" say_team "41 Recon srm"
L 02/10/2024 - 18:06:44: "[KOBA]ASBOJACK7H<20><STEAM_0:0:559133323><Jinrai>" killed "[MNHR] StellaNova<12><STEAM_0:0:31290862><NSF>" with "grenade_projectile"
L 02/10/2024 - 18:06:44: "[KOBA] Zwiad (Zvyad)<15><STEAM_0:0:41211851><Jinrai>" triggered "kill_assist"
L 02/10/2024 - 18:06:55: "[KOBA] glitch<9><STEAM_0:0:526339791><Jinrai>" killed "[MNHR] Scarf<18><STEAM_0:1:128469250><NSF>" with "srm"
L 02/10/2024 - 18:06:56: "[MNHR] Izotop<16><STEAM_0:1:97975268><NSF>" killed "[KOBA] DESTROYGIRL<17><STEAM_0:0:82737074><Jinrai>" with "zr68s"
L 02/10/2024 - 18:06:56: "[KOBA] DESTROYGIRL<17><STEAM_0:0:82737074><Jinrai>" say_team "26 Assault zr68s"
L 02/10/2024 - 18:07:16: "[KOBA] glitch<9><STEAM_0:0:526339791><Jinrai>" killed "[MNHR] Izotop<16><STEAM_0:1:97975268><NSF>" with "srm"
L 02/10/2024 - 18:07:16: "[KOBA] Zwiad (Zvyad)<15><STEAM_0:0:41211851><Jinrai>" triggered "kill_assist"
L 02/10/2024 - 18:07:17: "[MNHR] Izotop<16><STEAM_0:1:97975268><NSF>" say_team "30 Recon srm"
L 02/10/2024 - 18:07:47: "[KOBA]ASBOJACK7H<20><STEAM_0:0:559133323><Jinrai>" killed "[2NT][mutent][MNHR] yoko<19><STEAM_0:0:33377178><NSF>" with "zr68s"
L 02/10/2024 - 18:07:47: "[2NT][mutent][MNHR] yoko<19><STEAM_0:0:33377178><NSF>" say_team "71 Assault zr68s"
L 02/10/2024 - 18:08:01: "[KOBA] glitch<9><STEAM_0:0:526339791><Jinrai>" say "!pause"
L 02/10/2024 - 18:08:15: "[KOBA]ASBOJACK7H<20><STEAM_0:0:559133323><Jinrai>" say "tor has a connection issue i believe"
L 02/10/2024 - 18:08:53: "[KOBA]TorMechia<22><STEAM_ID_PENDING><>" connected, address "38.95.250.14:45225"
L 02/10/2024 - 18:08:53: "[KOBA]TorMechia<22><STEAM_0:1:83071063><>" STEAM USERID validated
L 02/10/2024 - 18:08:59: "[KOBA]TorMechia<22><STEAM_0:1:83071063><>" entered the game
L 02/10/2024 - 18:09:02: "[KOBA]TorMechia<22><STEAM_0:1:83071063><Unassigned>" joined team "Jinrai"
L 02/10/2024 - 18:09:15: "[2NT][mutent][MNHR] yoko<19><STEAM_0:0:33377178><NSF>" say "wb"
L 02/10/2024 - 18:09:16: "[KOBA] DESTROYGIRL<17><STEAM_0:0:82737074><Jinrai>" say "!unpause"
L 02/10/2024 - 18:09:24: "[KOBA]TorMechia<22><STEAM_0:1:83071063><Jinrai>" say "ah, audio"
L 02/10/2024 - 18:09:25: "[KOBA]TorMechia<22><STEAM_0:1:83071063><Jinrai>" say "!ready"
L 02/10/2024 - 18:09:30: "[MNHR] Syz<8><STEAM_0:0:82019396><NSF>" say "!unpuase"
L 02/10/2024 - 18:09:39: "[MNHR] Syz<8><STEAM_0:0:82019396><NSF>" say "!unpause"
L 02/10/2024 - 18:10:26: "[KOBA] Zwiad (Zvyad)<15><STEAM_0:0:41211851><Jinrai>" killed "[MNHR] StellaNova<12><STEAM_0:0:31290862><NSF>" with "mx"
L 02/10/2024 - 18:10:37: "[MNHR] StellaNova<12><STEAM_0:0:31290862><NSF>" say_team "supa rng fucked me"
L 02/10/2024 - 18:10:43: "[MNHR] StellaNova<12><STEAM_0:0:31290862><NSF>" say_team "and it was a stupid push"
L 02/10/2024 - 18:11:16: "[KOBA] Zwiad (Zvyad)<15><STEAM_0:0:41211851><Jinrai>" killed "[2NT][mutent][MNHR] yoko<19><STEAM_0:0:33377178><NSF>" with "mx"
L 02/10/2024 - 18:11:16: "[2NT][mutent][MNHR] yoko<19><STEAM_0:0:33377178><NSF>" say_team "89 Support mx"
L 02/10/2024 - 18:11:17: "[KOBA]TorMechia<22><STEAM_0:1:83071063><Jinrai>" killed "[MNHR] Syz<8><STEAM_0:0:82019396><NSF>" with "zr68c"
L 02/10/2024 - 18:11:17: "[MNHR] Syz<8><STEAM_0:0:82019396><NSF>" say_team "3 Support zr68c"
L 02/10/2024 - 18:11:20: "[KOBA] Zwiad (Zvyad)<15><STEAM_0:0:41211851><Jinrai>" killed "[MNHR] Scarf<18><STEAM_0:1:128469250><NSF>" with "mx"
L 02/10/2024 - 18:11:25: "[KOBA] Zwiad (Zvyad)<15><STEAM_0:0:41211851><Jinrai>" killed "[MNHR] Izotop<16><STEAM_0:1:97975268><NSF>" with "mx"
L 02/10/2024 - 18:11:25: "[KOBA]ASBOJACK7H<20><STEAM_0:0:559133323><Jinrai>" triggered "kill_assist"
L 02/10/2024 - 18:11:25: "[MNHR] Izotop<16><STEAM_0:1:97975268><NSF>" say_team "33 Support mx"
L 02/10/2024 - 18:11:27: "[MNHR] StellaNova<12><STEAM_0:0:31290862><NSF>" say_team "nt"
L 02/10/2024 - 18:12:24: "[KOBA] DESTROYGIRL<17><STEAM_0:0:82737074><Jinrai>" killed "[MNHR] StellaNova<12><STEAM_0:0:31290862><NSF>" with "mx"
L 02/10/2024 - 18:12:27: "[KOBA]ASBOJACK7H<20><STEAM_0:0:559133323><Jinrai>" killed "[2NT][mutent][MNHR] yoko<19><STEAM_0:0:33377178><NSF>" with "supa7"
L 02/10/2024 - 18:12:27: "[2NT][mutent][MNHR] yoko<19><STEAM_0:0:33377178><NSF>" say_team "100 Assault supa7"
L 02/10/2024 - 18:12:36: "[MNHR] Izotop<16><STEAM_0:1:97975268><NSF>" killed "[KOBA] glitch<9><STEAM_0:0:526339791><Jinrai>" with "grenade_projectile"
L 02/10/2024 - 18:13:16: "[KOBA] Zwiad (Zvyad)<15><STEAM_0:0:41211851><Jinrai>" killed "[MNHR] Scarf<18><STEAM_0:1:128469250><NSF>" with "mx"
L 02/10/2024 - 18:13:27: "[KOBA] DESTROYGIRL<17><STEAM_0:0:82737074><Jinrai>" killed "[MNHR] Syz<8><STEAM_0:0:82019396><NSF>" with "mx"
L 02/10/2024 - 18:13:27: "[KOBA]ASBOJACK7H<20><STEAM_0:0:559133323><Jinrai>" triggered "kill_assist"
L 02/10/2024 - 18:13:27: "[MNHR] Syz<8><STEAM_0:0:82019396><NSF>" say_team "58 Support mx"
L 02/10/2024 - 18:13:28: "[KOBA]TorMechia<22><STEAM_0:1:83071063><Jinrai>" killed "[MNHR] Izotop<16><STEAM_0:1:97975268><NSF>" with "zr68c"
L 02/10/2024 - 18:13:28: "[MNHR] Izotop<16><STEAM_0:1:97975268><NSF>" say_team "94 Support zr68c"
L 02/10/2024 - 18:14:28: "[MNHR] Syz<8><STEAM_0:0:82019396><NSF>" killed "[KOBA] Zwiad (Zvyad)<15><STEAM_0:0:41211851><Jinrai>" with "mx"
L 02/10/2024 - 18:14:45: "[KOBA] glitch<9><STEAM_0:0:526339791><Jinrai>" killed "[MNHR] Syz<8><STEAM_0:0:82019396><NSF>" with "zr68c"
L 02/10/2024 - 18:14:45: "[KOBA] Zwiad (Zvyad)<15><STEAM_0:0:41211851><Jinrai>" triggered "kill_assist"
L 02/10/2024 - 18:14:45: "[MNHR] Syz<8><STEAM_0:0:82019396><NSF>" say_team "50 Recon zr68c"
L 02/10/2024 - 18:14:49: "[MNHR] StellaNova<12><STEAM_0:0:31290862><NSF>" killed "[KOBA]TorMechia<22><STEAM_0:1:83071063><Jinrai>" with "zr68s"
L 02/10/2024 - 18:14:51: "[KOBA] glitch<9><STEAM_0:0:526339791><Jinrai>" killed "[2NT][mutent][MNHR] yoko<19><STEAM_0:0:33377178><NSF>" with "zr68c"
L 02/10/2024 - 18:14:51: "[MNHR] Scarf<18><STEAM_0:1:128469250><NSF>" killed "[KOBA] glitch<9><STEAM_0:0:526339791><Jinrai>" with "srm"
L 02/10/2024 - 18:14:51: "[2NT][mutent][MNHR] yoko<19><STEAM_0:0:33377178><NSF>" say_team "31 Recon zr68c"
L 02/10/2024 - 18:15:08: "[KOBA]ASBOJACK7H<20><STEAM_0:0:559133323><Jinrai>" killed "[MNHR] Izotop<16><STEAM_0:1:97975268><NSF>" with "mx"
L 02/10/2024 - 18:15:08: "[MNHR] Izotop<16><STEAM_0:1:97975268><NSF>" say_team "100 Assault mx"
L 02/10/2024 - 18:16:06: "[KOBA] DESTROYGIRL<17><STEAM_0:0:82737074><Jinrai>" killed "[MNHR] StellaNova<12><STEAM_0:0:31290862><NSF>" with "mx"
L 02/10/2024 - 18:16:12: "[MNHR] Scarf<18><STEAM_0:1:128469250><NSF>" killed "[KOBA] DESTROYGIRL<17><STEAM_0:0:82737074><Jinrai>" with "grenade_projectile"
L 02/10/2024 - 18:16:12: "[KOBA] DESTROYGIRL<17><STEAM_0:0:82737074><Jinrai>" say_team "100 Support grenade_projectile"
L 02/10/2024 - 18:16:31: "[MNHR] Scarf<18><STEAM_0:1:128469250><NSF>" killed "[KOBA]ASBOJACK7H<20><STEAM_0:0:559133323><Jinrai>" with "srm"
L 02/10/2024 - 18:17:30: "[KOBA] DESTROYGIRL<17><STEAM_0:0:82737074><Jinrai>" killed "[MNHR] Izotop<16><STEAM_0:1:97975268><NSF>" with "mx"
L 02/10/2024 - 18:17:30: "[MNHR] Izotop<16><STEAM_0:1:97975268><NSF>" say_team "39 Support mx"
L 02/10/2024 - 18:17:51: "[MNHR] Scarf<18><STEAM_0:1:128469250><NSF>" killed "[KOBA]ASBOJACK7H<20><STEAM_0:0:559133323><Jinrai>" with "zr68s"
L 02/10/2024 - 18:17:54: "[MNHR] StellaNova<12><STEAM_0:0:31290862><NSF>" killed "[KOBA] glitch<9><STEAM_0:0:526339791><Jinrai>" with "zr68s"
L 02/10/2024 - 18:18:13: "[MNHR] StellaNova<12><STEAM_0:0:31290862><NSF>" killed "[KOBA] Zwiad (Zvyad)<15><STEAM_0:0:41211851><Jinrai>" with "zr68s"
L 02/10/2024 - 18:18:16: "[2NT][mutent][MNHR] yoko<19><STEAM_0:0:33377178><NSF>" killed "[KOBA]TorMechia<22><STEAM_0:1:83071063><Jinrai>" with "grenade_projectile"
L 02/10/2024 - 18:18:16: "[MNHR] StellaNova<12><STEAM_0:0:31290862><NSF>" triggered "kill_assist"
L 02/10/2024 - 18:18:43: "[KOBA] DESTROYGIRL<17><STEAM_0:0:82737074><Jinrai>" killed "[MNHR] Syz<8><STEAM_0:0:82019396><NSF>" with "mx"
L 02/10/2024 - 18:18:44: "[MNHR] Syz<8><STEAM_0:0:82019396><NSF>" say_team "15 Support mx"
L 02/10/2024 - 18:18:54: "[2NT][mutent][MNHR] yoko<19><STEAM_0:0:33377178><NSF>" killed "[KOBA] DESTROYGIRL<17><STEAM_0:0:82737074><Jinrai>" with "zr68s"
L 02/10/2024 - 18:18:54: "[MNHR] Izotop<16><STEAM_0:1:97975268><NSF>" triggered "kill_assist"
L 02/10/2024 - 18:18:54: "[KOBA] DESTROYGIRL<17><STEAM_0:0:82737074><Jinrai>" say_team "65 Assault zr68s"
L 02/10/2024 - 18:19:51: "[KOBA] DESTROYGIRL<17><STEAM_0:0:82737074><Jinrai>" killed "[MNHR] Syz<8><STEAM_0:0:82019396><NSF>" with "mx"
L 02/10/2024 - 18:19:51: "[MNHR] Syz<8><STEAM_0:0:82019396><NSF>" say_team "100 Support mx"
L 02/10/2024 - 18:20:02: "[MNHR] StellaNova<12><STEAM_0:0:31290862><NSF>" killed "[KOBA] glitch<9><STEAM_0:0:526339791><Jinrai>" with "zr68s"
L 02/10/2024 - 18:20:25: "[KOBA] Zwiad (Zvyad)<15><STEAM_0:0:41211851><Jinrai>" killed "[2NT][mutent][MNHR] yoko<19><STEAM_0:0:33377178><NSF>" with "mx"
L 02/10/2024 - 18:20:25: "[KOBA] DESTROYGIRL<17><STEAM_0:0:82737074><Jinrai>" triggered "kill_assist"
L 02/10/2024 - 18:20:25: "[2NT][mutent][MNHR] yoko<19><STEAM_0:0:33377178><NSF>" say_team "99 Support mx"
L 02/10/2024 - 18:20:45: "[KOBA]TorMechia<22><STEAM_0:1:83071063><Jinrai>" killed "[MNHR] StellaNova<12><STEAM_0:0:31290862><NSF>" with "mx"
L 02/10/2024 - 18:20:45: "[KOBA] glitch<9><STEAM_0:0:526339791><Jinrai>" triggered "kill_assist"
L 02/10/2024 - 18:20:50: "[KOBA]TorMechia<22><STEAM_0:1:83071063><Jinrai>" killed "[MNHR] Scarf<18><STEAM_0:1:128469250><NSF>" with "mx"
L 02/10/2024 - 18:20:50: "[KOBA] Zwiad (Zvyad)<15><STEAM_0:0:41211851><Jinrai>" triggered "kill_assist"
L 02/10/2024 - 18:20:52: "[MNHR] Izotop<16><STEAM_0:1:97975268><NSF>" killed "[KOBA]ASBOJACK7H<20><STEAM_0:0:559133323><Jinrai>" with "mx"
L 02/10/2024 - 18:20:52: "[2NT][mutent][MNHR] yoko<19><STEAM_0:0:33377178><NSF>" triggered "kill_assist"
L 02/10/2024 - 18:20:53: "[KOBA] Zwiad (Zvyad)<15><STEAM_0:0:41211851><Jinrai>" killed "[MNHR] Izotop<16><STEAM_0:1:97975268><NSF>" with "mx"
L 02/10/2024 - 18:20:53: "[MNHR] Izotop<16><STEAM_0:1:97975268><NSF>" say_team "76 Support mx"
L 02/10/2024 - 18:22:00: "[MNHR] Syz<8><STEAM_0:0:82019396><NSF>" killed "[KOBA] glitch<9><STEAM_0:0:526339791><Jinrai>" with "zr68s"
L 02/10/2024 - 18:22:05: "[KOBA] Zwiad (Zvyad)<15><STEAM_0:0:41211851><Jinrai>" killed "[MNHR] Scarf<18><STEAM_0:1:128469250><NSF>" with "mx"
L 02/10/2024 - 18:22:08: "[KOBA]ASBOJACK7H<20><STEAM_0:0:559133323><Jinrai>" killed "[MNHR] StellaNova<12><STEAM_0:0:31290862><NSF>" with "mx"
L 02/10/2024 - 18:22:10: "[KOBA]ASBOJACK7H<20><STEAM_0:0:559133323><Jinrai>" killed "[MNHR] Syz<8><STEAM_0:0:82019396><NSF>" with "mx"
L 02/10/2024 - 18:22:10: "[MNHR] Syz<8><STEAM_0:0:82019396><NSF>" say_team "100 Assault mx"
L 02/10/2024 - 18:22:12: "[MNHR] Syz<8><STEAM_0:0:82019396><NSF>" killed "[KOBA] Zwiad (Zvyad)<15><STEAM_0:0:41211851><Jinrai>" with "grenade_projectile"
L 02/10/2024 - 18:22:20: "[MNHR] Izotop<16><STEAM_0:1:97975268><NSF>" killed "[KOBA]ASBOJACK7H<20><STEAM_0:0:559133323><Jinrai>" with "mx"
L 02/10/2024 - 18:22:57: "[KOBA] DESTROYGIRL<17><STEAM_0:0:82737074><Jinrai>" killed "[2NT][mutent][MNHR] yoko<19><STEAM_0:0:33377178><NSF>" with "mx"
L 02/10/2024 - 18:22:57: "[2NT][mutent][MNHR] yoko<19><STEAM_0:0:33377178><NSF>" say_team "51 Support mx"
L 02/10/2024 - 18:24:33: "[KOBA]ASBOJACK7H<20><STEAM_0:0:559133323><Jinrai>" killed "[MNHR] Izotop<16><STEAM_0:1:97975268><NSF>" with "aa13"
L 02/10/2024 - 18:24:33: "[KOBA] glitch<9><STEAM_0:0:526339791><Jinrai>" triggered "kill_assist"
L 02/10/2024 - 18:24:33: "[MNHR] Izotop<16><STEAM_0:1:97975268><NSF>" say_team "89 Support aa13"
L 02/10/2024 - 18:25:30: "[KOBA] DESTROYGIRL<17><STEAM_0:0:82737074><Jinrai>" killed "[2NT][mutent][MNHR] yoko<19><STEAM_0:0:33377178><NSF>" with "mx"
L 02/10/2024 - 18:25:30: "[2NT][mutent][MNHR] yoko<19><STEAM_0:0:33377178><NSF>" say_team "44 Support mx"
L 02/10/2024 - 18:25:33: "[KOBA]ASBOJACK7H<20><STEAM_0:0:559133323><Jinrai>" killed "[MNHR] Syz<8><STEAM_0:0:82019396><NSF>" with "aa13"
L 02/10/2024 - 18:25:33: "[MNHR] Syz<8><STEAM_0:0:82019396><NSF>" say_team "57 Support aa13"
L 02/10/2024 - 18:25:38: "[KOBA] DESTROYGIRL<17><STEAM_0:0:82737074><Jinrai>" killed "[MNHR] StellaNova<12><STEAM_0:0:31290862><NSF>" with "mx"
L 02/10/2024 - 18:25:38: "[KOBA] Zwiad (Zvyad)<15><STEAM_0:0:41211851><Jinrai>" triggered "kill_assist"
L 02/10/2024 - 18:25:43: "[MNHR] Scarf<18><STEAM_0:1:128469250><NSF>" killed "[KOBA] DESTROYGIRL<17><STEAM_0:0:82737074><Jinrai>" with "mx"
L 02/10/2024 - 18:25:43: "[2NT][mutent][MNHR] yoko<19><STEAM_0:0:33377178><NSF>" triggered "kill_assist"
L 02/10/2024 - 18:25:43: "[KOBA] DESTROYGIRL<17><STEAM_0:0:82737074><Jinrai>" say_team "60 Support mx"
L 02/10/2024 - 18:25:43: "[KOBA]ASBOJACK7H<20><STEAM_0:0:559133323><Jinrai>" killed "[MNHR] Scarf<18><STEAM_0:1:128469250><NSF>" with "aa13"
L 02/10/2024 - 18:26:51: "[KOBA] Zwiad (Zvyad)<15><STEAM_0:0:41211851><Jinrai>" killed "[MNHR] Izotop<16><STEAM_0:1:97975268><NSF>" with "mx"
L 02/10/2024 - 18:26:52: "[KOBA]ASBOJACK7H<20><STEAM_0:0:559133323><Jinrai>" killed "[MNHR] Scarf<18><STEAM_0:1:128469250><NSF>" with "aa13"
L 02/10/2024 - 18:26:52: "[KOBA] glitch<9><STEAM_0:0:526339791><Jinrai>" triggered "kill_assist"
L 02/10/2024 - 18:26:52: "[MNHR] Izotop<16><STEAM_0:1:97975268><NSF>" say_team "95 Assault mx"
L 02/10/2024 - 18:26:56: "[KOBA] DESTROYGIRL<17><STEAM_0:0:82737074><Jinrai>" killed "[2NT][mutent][MNHR] yoko<19><STEAM_0:0:33377178><NSF>" with "mx"
L 02/10/2024 - 18:26:56: "[KOBA] glitch<9><STEAM_0:0:526339791><Jinrai>" triggered "kill_assist"
L 02/10/2024 - 18:26:56: "[2NT][mutent][MNHR] yoko<19><STEAM_0:0:33377178><NSF>" say_team "100 Support mx"
L 02/10/2024 - 18:27:29: "[MNHR] StellaNova<12><STEAM_0:0:31290862><NSF>" killed "[KOBA]TorMechia<22><STEAM_0:1:83071063><Jinrai>" with "mx"
L 02/10/2024 - 18:27:31: "[KOBA] Zwiad (Zvyad)<15><STEAM_0:0:41211851><Jinrai>" killed "[MNHR] StellaNova<12><STEAM_0:0:31290862><NSF>" with "mx"
L 02/10/2024 - 18:27:35: "[KOBA] Zwiad (Zvyad)<15><STEAM_0:0:41211851><Jinrai>" killed "[MNHR] Syz<8><STEAM_0:0:82019396><NSF>" with "mx"
L 02/10/2024 - 18:27:35: "[KOBA] DESTROYGIRL<17><STEAM_0:0:82737074><Jinrai>" triggered "kill_assist"
L 02/10/2024 - 18:27:35: "[MNHR] Syz<8><STEAM_0:0:82019396><NSF>" say_team "26 Assault mx"
L 02/10/2024 - 18:29:06: "[KOBA]ASBOJACK7H<20><STEAM_0:0:559133323><Jinrai>" killed "[MNHR] Izotop<16><STEAM_0:1:97975268><NSF>" with "pz"
L 02/10/2024 - 18:29:06: "[KOBA] glitch<9><STEAM_0:0:526339791><Jinrai>" triggered "kill_assist"
L 02/10/2024 - 18:29:06: "[MNHR] Izotop<16><STEAM_0:1:97975268><NSF>" say_team "88 Support pz"
L 02/10/2024 - 18:29:26: "[MNHR] Syz<8><STEAM_0:0:82019396><NSF>" killed "[KOBA]TorMechia<22><STEAM_0:1:83071063><Jinrai>" with "zr68s"
L 02/10/2024 - 18:30:09: "[KOBA]ASBOJACK7H<20><STEAM_0:0:559133323><Jinrai>" killed "[MNHR] Scarf<18><STEAM_0:1:128469250><NSF>" with "pz"
L 02/10/2024 - 18:30:11: "[KOBA] glitch<9><STEAM_0:0:526339791><Jinrai>" killed "[MNHR] Syz<8><STEAM_0:0:82019396><NSF>" with "mx"
L 02/10/2024 - 18:30:11: "[KOBA]TorMechia<22><STEAM_0:1:83071063><Jinrai>" triggered "kill_assist"
L 02/10/2024 - 18:30:11: "[MNHR] Syz<8><STEAM_0:0:82019396><NSF>" say_team "58 Assault mx"
L 02/10/2024 - 18:30:20: "[MNHR] StellaNova<12><STEAM_0:0:31290862><NSF>" killed "[KOBA] DESTROYGIRL<17><STEAM_0:0:82737074><Jinrai>" with "mx"
L 02/10/2024 - 18:30:20: "[KOBA] DESTROYGIRL<17><STEAM_0:0:82737074><Jinrai>" say_team "33 Assault mx"
L 02/10/2024 - 18:30:26: "[KOBA]ASBOJACK7H<20><STEAM_0:0:559133323><Jinrai>" say "OUR TIME HAS COME"
L 02/10/2024 - 18:30:29: "[KOBA]ASBOJACK7H<20><STEAM_0:0:559133323><Jinrai>" say "DEATH TO THE MPL:A"
L 02/10/2024 - 18:30:35: "[MNHR] Syz<8><STEAM_0:0:82019396><NSF>" say "lmao"
L 02/10/2024 - 18:31:42: "[KOBA]ASBOJACK7H<20><STEAM_0:0:559133323><Jinrai>" killed "[MNHR] Izotop<16><STEAM_0:1:97975268><NSF>" with "pz"
L 02/10/2024 - 18:31:43: "[MNHR] Izotop<16><STEAM_0:1:97975268><NSF>" say_team "31 Support pz"
L 02/10/2024 - 18:31:53: "[KOBA] DESTROYGIRL<17><STEAM_0:0:82737074><Jinrai>" killed "[MNHR] Syz<8><STEAM_0:0:82019396><NSF>" with "mx"
L 02/10/2024 - 18:31:53: "[MNHR] Syz<8><STEAM_0:0:82019396><NSF>" say_team "85 Support mx"
L 02/10/2024 - 18:31:58: "[KOBA] DESTROYGIRL<17><STEAM_0:0:82737074><Jinrai>" killed "[MNHR] Scarf<18><STEAM_0:1:128469250><NSF>" with "mx"
L 02/10/2024 - 18:32:16: "[KOBA]TorMechia<22><STEAM_0:1:83071063><Jinrai>" killed "[2NT][mutent][MNHR] yoko<19><STEAM_0:0:33377178><NSF>" with "mx_silenced"
L 02/10/2024 - 18:32:16: "[KOBA]ASBOJACK7H<20><STEAM_0:0:559133323><Jinrai>" triggered "kill_assist"
L 02/10/2024 - 18:32:16: "[2NT][mutent][MNHR] yoko<19><STEAM_0:0:33377178><NSF>" say_team "63 Support mx_silenced"
L 02/10/2024 - 18:32:32: "[MNHR] StellaNova<12><STEAM_0:0:31290862><NSF>" killed "[KOBA] glitch<9><STEAM_0:0:526339791><Jinrai>" with "mx"
L 02/10/2024 - 18:32:36: "[MNHR] StellaNova<12><STEAM_0:0:31290862><NSF>" killed "[KOBA]TorMechia<22><STEAM_0:1:83071063><Jinrai>" with "mx"
L 02/10/2024 - 18:32:48: "[MNHR] StellaNova<12><STEAM_0:0:31290862><NSF>" killed "[KOBA] Zwiad (Zvyad)<15><STEAM_0:0:41211851><Jinrai>" with "tachi"
L 02/10/2024 - 18:32:58: "[KOBA] glitch<9><STEAM_0:0:526339791><Jinrai>" say "gg"
L 02/10/2024 - 18:32:58: "[KOBA]ASBOJACK7H<20><STEAM_0:0:559133323><Jinrai>" say "gg"
L 02/10/2024 - 18:32:58: "[MNHR] Syz<8><STEAM_0:0:82019396><NSF>" say "ggwp"
L 02/10/2024 - 18:33:00: "[MNHR] Izotop<16><STEAM_0:1:97975268><NSF>" say "gg"
L 02/10/2024 - 18:33:00: "[MNHR] Scarf<18><STEAM_0:1:128469250><NSF>" say "GG"
L 02/10/2024 - 18:33:02: "[KOBA] Zwiad (Zvyad)<15><STEAM_0:0:41211851><Jinrai>" say "gg"
L 02/10/2024 - 18:33:02: "[KOBA]TorMechia<22><STEAM_0:1:83071063><Jinrai>" say "gg"
L 02/10/2024 - 18:33:04: "[MNHR] StellaNova<12><STEAM_0:0:31290862><NSF>" say "gg"
L 02/10/2024 - 18:33:07: "[2NT][mutent][MNHR] yoko<19><STEAM_0:0:33377178><NSF>" say "GL\（○＾ω＾○）/HF"
L 02/10/2024 - 18:33:08: "[2NT][mutent][MNHR] yoko<19><STEAM_0:0:33377178><NSF>" say "GG(▰˘◡˘▰)WP"
L 02/10/2024 - 18:33:11: "[KOBA]ASBOJACK7H<20><STEAM_0:0:559133323><Jinrai>" say "anti climatic ending but well played evryone"
L 02/10/2024 - 18:33:12: "[KOBA] glitch<9><STEAM_0:0:526339791><Jinrai>" say "!nominate"
L 02/10/2024 - 18:33:23: "[KOBA]ASBOJACK7H<20><STEAM_0:0:559133323><Jinrai>" say "TURMUCK"
L 02/10/2024 - 18:33:27: "[KOBA]ASBOJACK7H<20><STEAM_0:0:559133323><Jinrai>" say "TURMUCK"
L 02/10/2024 - 18:33:32: [META] Loaded 0 plugins (1 already loaded)
L 02/10/2024 - 18:33:32: [META] Loaded 0 plugins (1 already loaded)
L 02/10/2024 - 18:33:32: Log file closed
