L 01/13/2024 - 21:29:41: Log file started (file "logs\L0113018.log") (game "z:\home\steam\steam\steamapps\common\nt\NeotokyoSource") (version "4044")
L 01/13/2024 - 21:29:41: server_cvar: "sv_pausable" "0"
L 01/13/2024 - 21:29:41: server_cvar: "sv_contact" "baux.site"
L 01/13/2024 - 21:29:41: server_cvar: "sv_gravity" "800"
L 01/13/2024 - 21:29:41: server_cvar: "mp_friendlyfire" "1"
L 01/13/2024 - 21:29:43: "[AUX-] [*RO*]Phorce_Phed<11><STEAM_0:1:9863507><>" entered the game
L 01/13/2024 - 21:29:43: "[AUX-] Nutnoze<12><STEAM_0:1:9530793><>" entered the game
L 01/13/2024 - 21:29:44: "[AUX-] Oni<21><STEAM_0:1:10174276><>" entered the game
L 01/13/2024 - 21:29:45: "[KOBA] DESTROYGIRL<14><STEAM_0:0:82737074><>" entered the game
L 01/13/2024 - 21:29:46: "[FOOT] Wahaha-<26><STEAM_0:1:17526508><>" entered the game
L 01/13/2024 - 21:29:46: "[KOBA]Zwiad<17><STEAM_0:0:41211851><>" entered the game
L 01/13/2024 - 21:29:46: "[MNHR] Syz<28><STEAM_0:0:82019396><>" entered the game
L 01/13/2024 - 21:29:46: "[AUX-] Nutnoze<12><STEAM_0:1:9530793><Unassigned>" joined team "Jinrai"
L 01/13/2024 - 21:29:46: "[AUX-] SUPA SUPA BOON<9><STEAM_0:1:18247617><>" entered the game
L 01/13/2024 - 21:29:47: "[KOBA] glitch<15><STEAM_0:0:526339791><>" entered the game
L 01/13/2024 - 21:29:48: "[AUX-] Oni<21><STEAM_0:1:10174276><Unassigned>" joined team "Jinrai"
L 01/13/2024 - 21:29:49: "[MXican] Halcyon<27><STEAM_0:1:2864524><>" entered the game
L 01/13/2024 - 21:29:50: "[MNHR] Syz<28><STEAM_0:0:82019396><Unassigned>" joined team "Spectator"
L 01/13/2024 - 21:29:52: "[FOOT] Wahaha-<26><STEAM_0:1:17526508><Unassigned>" joined team "Spectator"
L 01/13/2024 - 21:29:53: "Agiel<13><STEAM_0:1:25025><>" entered the game
L 01/13/2024 - 21:29:54: "[KOBA] DESTROYGIRL<14><STEAM_0:0:82737074><Unassigned>" joined team "NSF"
L 01/13/2024 - 21:29:54: "[KOBA] glitch<15><STEAM_0:0:526339791><Unassigned>" joined team "NSF"
L 01/13/2024 - 21:29:54: "[AUX-] SUPA SUPA BOON<9><STEAM_0:1:18247617><Unassigned>" joined team "Spectator"
L 01/13/2024 - 21:29:57: "[AUX-] SUPA SUPA BOON<9><STEAM_0:1:18247617><Spectator>" say "!j"
L 01/13/2024 - 21:29:57: "[AUX-] SUPA SUPA BOON<9><STEAM_0:1:18247617><Spectator>" joined team "Jinrai"
L 01/13/2024 - 21:29:58: "[KOBA]ASB0JACK7H<16><STEAM_0:0:559133323><>" entered the game
L 01/13/2024 - 21:29:59: "Agiel<13><STEAM_0:1:25025><Unassigned>" joined team "Spectator"
L 01/13/2024 - 21:30:01: "[KOBA]Zwiad<17><STEAM_0:0:41211851><Unassigned>" joined team "NSF"
L 01/13/2024 - 21:30:08: "[KOBA]ASB0JACK7H<16><STEAM_0:0:559133323><Unassigned>" joined team "NSF"
L 01/13/2024 - 21:30:12: "[AUX-] Oni<21><STEAM_0:1:10174276><Jinrai>" say "bio for a couple"
L 01/13/2024 - 21:30:13: "[AUX-] Oni<21><STEAM_0:1:10174276><Jinrai>" say "then we'll ready"
L 01/13/2024 - 21:30:23: "[MXican] Halcyon<27><STEAM_0:1:2864524><Unassigned>" joined team "Spectator"
L 01/13/2024 - 21:30:24: "[AUX-] MilK<23><STEAM_0:1:28287031><>" disconnected (reason "Disconnect by user.")
L 01/13/2024 - 21:30:25: "[KOBA]Voodoo<22><STEAM_0:0:454847959><>" disconnected (reason "Disconnect by user.")
L 01/13/2024 - 21:30:31: "[KOBA]Voodoo<29><STEAM_ID_PENDING><>" connected, address "217.129.63.244:27005"
L 01/13/2024 - 21:30:31: "[KOBA]Voodoo<29><STEAM_0:0:454847959><>" STEAM USERID validated
L 01/13/2024 - 21:30:37: "[KOBA]ASB0JACK7H<16><STEAM_0:0:559133323><NSF>" say "voodoo is missing le map"
L 01/13/2024 - 21:31:14: "[KOBA]Voodoo<29><STEAM_0:0:454847959><>" disconnected (reason "Disconnect by user.")
L 01/13/2024 - 21:31:21: "[AUX-] Oni<21><STEAM_0:1:10174276><Jinrai>" say "ya'll doing some hot swaps? ;o"
L 01/13/2024 - 21:31:28: "[KOBA] DESTROYGIRL<14><STEAM_0:0:82737074><NSF>" say "potentially"
L 01/13/2024 - 21:31:33: "[KOBA] DESTROYGIRL<14><STEAM_0:0:82737074><NSF>" committed suicide with "player"
L 01/13/2024 - 21:31:34: "[AUX-] SUPA SUPA BOON<9><STEAM_0:1:18247617><Jinrai>" say "!ready"
L 01/13/2024 - 21:31:35: "[AUX-] Oni<21><STEAM_0:1:10174276><Jinrai>" say "gotem"
L 01/13/2024 - 21:31:49: "[AUX-] Nutnoze<12><STEAM_0:1:9530793><Jinrai>" say "it's ok milk was missing the map too lol"
L 01/13/2024 - 21:31:52: "[AUX-] Oni<21><STEAM_0:1:10174276><Jinrai>" say "Io"
L 01/13/2024 - 21:32:15: "[AUX-] MilK<30><STEAM_ID_PENDING><>" connected, address "185.69.26.122:27005"
L 01/13/2024 - 21:32:15: "[AUX-] MilK<30><STEAM_0:1:28287031><>" STEAM USERID validated
L 01/13/2024 - 21:32:36: "[AUX-] MilK<30><STEAM_0:1:28287031><>" entered the game
L 01/13/2024 - 21:32:36: "[KOBA]Voodoo<31><STEAM_ID_PENDING><>" connected, address "217.129.63.244:27005"
L 01/13/2024 - 21:32:36: "[KOBA]Voodoo<31><STEAM_0:0:454847959><>" STEAM USERID validated
L 01/13/2024 - 21:32:48: "[KOBA]Voodoo<31><STEAM_0:0:454847959><>" entered the game
L 01/13/2024 - 21:32:51: "[KOBA]Voodoo<31><STEAM_0:0:454847959><Unassigned>" joined team "NSF"
L 01/13/2024 - 21:32:57: "[AUX-] MilK<30><STEAM_0:1:28287031><Unassigned>" joined team "Jinrai"
L 01/13/2024 - 21:33:03: "[AUX-] [*RO*]Phorce_Phed<11><STEAM_0:1:9863507><Unassigned>" joined team "Spectator"
L 01/13/2024 - 21:33:16: "[AUX-] [*RO*]Phorce_Phed<11><STEAM_0:1:9863507><Spectator>" joined team "Jinrai"
L 01/13/2024 - 21:33:39: "[KOBA] glitch<15><STEAM_0:0:526339791><NSF>" disconnected (reason "Disconnect by user.")
L 01/13/2024 - 21:33:51: "[AUX-] MilK<30><STEAM_0:1:28287031><Jinrai>" say "!ready"
L 01/13/2024 - 21:34:04: "[KOBA] DESTROYGIRL<14><STEAM_0:0:82737074><NSF>" disconnected (reason "Disconnect by user.")
L 01/13/2024 - 21:34:04: "[KOBA] DESTROYGIRL<32><STEAM_ID_PENDING><>" connected, address "82.31.206.95:27005"
L 01/13/2024 - 21:34:04: "[KOBA] DESTROYGIRL<32><STEAM_0:0:82737074><>" STEAM USERID validated
L 01/13/2024 - 21:34:05: "[KOBA] DESTROYGIRL<32><STEAM_0:0:82737074><>" entered the game
L 01/13/2024 - 21:34:07: "[KOBA] DESTROYGIRL<32><STEAM_0:0:82737074><Unassigned>" joined team "NSF"
L 01/13/2024 - 21:34:11: "[AUX-] Oni<21><STEAM_0:1:10174276><Jinrai>" say "!ready"
L 01/13/2024 - 21:34:22: "[MNHR] Syz<28><STEAM_0:0:82019396><Spectator>" say "where's glitch?"
L 01/13/2024 - 21:34:32: "[AUX-] Oni<21><STEAM_0:1:10174276><Jinrai>" say "they might be swapping players syz"
L 01/13/2024 - 21:34:32: "[KOBA]Zwiad<17><STEAM_0:0:41211851><NSF>" say "glitch lost to the wheel"
L 01/13/2024 - 21:34:36: "[AUX-] MilK<30><STEAM_0:1:28287031><Jinrai>" say "i guess he"
L 01/13/2024 - 21:34:38: "[AUX-] Oni<21><STEAM_0:1:10174276><Jinrai>" say "the all powerful wheel"
L 01/13/2024 - 21:34:41: "[AUX-] [*RO*]Phorce_Phed<11><STEAM_0:1:9863507><Jinrai>" say "!ready"
L 01/13/2024 - 21:34:43: "[MNHR] Syz<28><STEAM_0:0:82019396><Spectator>" say "understand"
L 01/13/2024 - 21:34:45: "[KOBA] DESTROYGIRL<32><STEAM_0:0:82737074><NSF>" say "oni can you send shlup the IP"
L 01/13/2024 - 21:35:48: "[KOBA]ASB0JACK7H<16><STEAM_0:0:559133323><NSF>" say "i'd like to apologise"
L 01/13/2024 - 21:35:54: "[KOBA]Voodoo<31><STEAM_0:0:454847959><NSF>" say "shart"
L 01/13/2024 - 21:35:57: "[AUX-] Oni<21><STEAM_0:1:10174276><Jinrai>" say "giv borgar"
L 01/13/2024 - 21:36:00: "[AUX-] Oni<21><STEAM_0:1:10174276><Jinrai>" say "Then all is forgiven"
L 01/13/2024 - 21:36:00: "[KOBA]ASB0JACK7H<16><STEAM_0:0:559133323><NSF>" say "Shit even"
L 01/13/2024 - 21:36:02: "[AUX-] SUPA SUPA BOON<9><STEAM_0:1:18247617><Jinrai>" say "borgir?"
L 01/13/2024 - 21:36:16: "[MXican] Halcyon<27><STEAM_0:1:2864524><Spectator>" disconnected (reason "Disconnect by user.")
L 01/13/2024 - 21:36:49: "[KOBA] DESTROYGIRL<32><STEAM_0:0:82737074><NSF>" say "oni did you send shlup the info"
L 01/13/2024 - 21:36:53: "[AUX-] Oni<21><STEAM_0:1:10174276><Jinrai>" say "uh"
L 01/13/2024 - 21:36:55: "[AUX-] Oni<21><STEAM_0:1:10174276><Jinrai>" say "you can send it"
L 01/13/2024 - 21:36:58: Team "Jinrai" triggered "ghost_capture_team"
L 01/13/2024 - 21:36:58: "[AUX-] SUPA SUPA BOON<9><STEAM_0:1:18247617><Jinrai>" triggered "ghost_capture"
L 01/13/2024 - 21:37:00: "[KOBA] DESTROYGIRL<32><STEAM_0:0:82737074><NSF>" say "damn!"
L 01/13/2024 - 21:37:01: "[AUX-] Oni<21><STEAM_0:1:10174276><Jinrai>" say "I don't remember if I did"
L 01/13/2024 - 21:37:02: "[KOBA]ASB0JACK7H<16><STEAM_0:0:559133323><NSF>" say "can i be hit?"
L 01/13/2024 - 21:37:04: "[KOBA]Zwiad<17><STEAM_0:0:41211851><NSF>" say "we're not allowed"
L 01/13/2024 - 21:37:09: "[AUX-] Nutnoze<12><STEAM_0:1:9530793><Jinrai>" say "immovable mopeds"
L 01/13/2024 - 21:37:12: "[AUX-] Oni<21><STEAM_0:1:10174276><Jinrai>" say "I'm giving you special permission ;>"
L 01/13/2024 - 21:37:30: "[AUX-] SUPA SUPA BOON<9><STEAM_0:1:18247617><Jinrai>" say "!unready"
L 01/13/2024 - 21:37:32: "[AUX-] SUPA SUPA BOON<9><STEAM_0:1:18247617><Jinrai>" say "!ready"
L 01/13/2024 - 21:37:34: "[KOBA]ASB0JACK7H<16><STEAM_0:0:559133323><NSF>" say "!ready"
L 01/13/2024 - 21:37:37: "[KOBA] DESTROYGIRL<32><STEAM_0:0:82737074><NSF>" disconnected (reason "Disconnect by user.")
L 01/13/2024 - 21:37:38: "[KOBA] DESTROYGIRL<33><STEAM_ID_PENDING><>" connected, address "82.31.206.95:27005"
L 01/13/2024 - 21:37:38: "[KOBA] DESTROYGIRL<33><STEAM_0:0:82737074><>" STEAM USERID validated
L 01/13/2024 - 21:37:38: "[KOBA] Shlup<34><STEAM_ID_PENDING><>" connected, address "67.168.174.177:27005"
L 01/13/2024 - 21:37:38: "[KOBA] Shlup<34><STEAM_0:1:541462709><>" STEAM USERID validated
L 01/13/2024 - 21:37:39: "[KOBA] DESTROYGIRL<33><STEAM_0:0:82737074><>" entered the game
L 01/13/2024 - 21:37:41: "[KOBA] DESTROYGIRL<33><STEAM_0:0:82737074><Unassigned>" joined team "NSF"
L 01/13/2024 - 21:37:46: "[KOBA] Shlup<34><STEAM_0:1:541462709><>" entered the game
L 01/13/2024 - 21:37:49: "[KOBA] Shlup<34><STEAM_0:1:541462709><Unassigned>" joined team "NSF"
L 01/13/2024 - 21:37:56: "[AUX-] MilK<30><STEAM_0:1:28287031><Jinrai>" say "oooh.. ah ah ah"
L 01/13/2024 - 21:38:02: "[AUX-] MilK<30><STEAM_0:1:28287031><Jinrai>" say "japanisu girl"
L 01/13/2024 - 21:38:12: "[MXican] Halcyon<35><STEAM_ID_PENDING><>" connected, address "90.190.171.21:27005"
L 01/13/2024 - 21:38:12: "[MXican] Halcyon<35><STEAM_0:1:2864524><>" STEAM USERID validated
L 01/13/2024 - 21:38:14: "[MXican] Halcyon<35><STEAM_0:1:2864524><>" entered the game
L 01/13/2024 - 21:38:17: "[MXican] Halcyon<35><STEAM_0:1:2864524><Unassigned>" joined team "Spectator"
L 01/13/2024 - 21:38:19: "[KOBA]Zwiad<17><STEAM_0:0:41211851><NSF>" say "!ready"
L 01/13/2024 - 21:38:24: "[KOBA] Shlup<34><STEAM_0:1:541462709><NSF>" say "!ready"
L 01/13/2024 - 21:38:26: "[AUX-] Oni<21><STEAM_0:1:10174276><Jinrai>" say "!readylist"
L 01/13/2024 - 21:38:28: "[KOBA] DESTROYGIRL<33><STEAM_0:0:82737074><NSF>" say "!ready"
L 01/13/2024 - 21:38:29: "[AUX-] Nutnoze<12><STEAM_0:1:9530793><Jinrai>" say "!ready"
L 01/13/2024 - 21:38:30: "[KOBA]Voodoo<31><STEAM_0:0:454847959><NSF>" say_team "!ready"
L 01/13/2024 - 21:38:39: "[KOBA]ASB0JACK7H<16><STEAM_0:0:559133323><NSF>" say "I WAS NEVER BOOK SMART"
L 01/13/2024 - 21:38:53: "[KOBA] Shlup<34><STEAM_0:1:541462709><NSF>" say "YIPPIE!"
L 01/13/2024 - 21:39:01: "[AUX-] Oni<21><STEAM_0:1:10174276><Jinrai>" killed "[KOBA]Voodoo<31><STEAM_0:0:454847959><NSF>" with "supa7"
L 01/13/2024 - 21:39:08: "[AUX-] [*RO*]Phorce_Phed<11><STEAM_0:1:9863507><Jinrai>" killed "[KOBA] DESTROYGIRL<33><STEAM_0:0:82737074><NSF>" with "zr68s"
L 01/13/2024 - 21:39:08: "[KOBA] DESTROYGIRL<33><STEAM_0:0:82737074><NSF>" say_team "100 Assault zr68s"
L 01/13/2024 - 21:39:16: "[KOBA]ASB0JACK7H<16><STEAM_0:0:559133323><NSF>" killed "[AUX-] Oni<21><STEAM_0:1:10174276><Jinrai>" with "zr68s"
L 01/13/2024 - 21:39:16: "[KOBA]Zwiad<17><STEAM_0:0:41211851><NSF>" triggered "kill_assist"
L 01/13/2024 - 21:39:23: "[AUX-] MilK<30><STEAM_0:1:28287031><Jinrai>" killed "[KOBA]ASB0JACK7H<16><STEAM_0:0:559133323><NSF>" with "srm"
L 01/13/2024 - 21:39:30: "[AUX-] MilK<30><STEAM_0:1:28287031><Jinrai>" killed "[KOBA]Zwiad<17><STEAM_0:0:41211851><NSF>" with "srm"
L 01/13/2024 - 21:39:31: "[AUX-] MilK<30><STEAM_0:1:28287031><Jinrai>" killed "[KOBA] Shlup<34><STEAM_0:1:541462709><NSF>" with "srm"
L 01/13/2024 - 21:39:31: "[AUX-] [*RO*]Phorce_Phed<11><STEAM_0:1:9863507><Jinrai>" killed "[AUX-] MilK<30><STEAM_0:1:28287031><Jinrai>" with "grenade_projectile"
L 01/13/2024 - 21:39:37: "[AUX-] MilK<30><STEAM_0:1:28287031><Jinrai>" say "GLORY"
L 01/13/2024 - 21:40:12: "[AUX-] Oni<21><STEAM_0:1:10174276><Jinrai>" killed "[KOBA] DESTROYGIRL<33><STEAM_0:0:82737074><NSF>" with "supa7"
L 01/13/2024 - 21:40:12: "[KOBA] DESTROYGIRL<33><STEAM_0:0:82737074><NSF>" say_team "100 Recon supa7"
L 01/13/2024 - 21:40:12: "[AUX-] Nutnoze<12><STEAM_0:1:9530793><Jinrai>" killed "[KOBA] Shlup<34><STEAM_0:1:541462709><NSF>" with "zr68s"
L 01/13/2024 - 21:40:31: "[AUX-] Oni<21><STEAM_0:1:10174276><Jinrai>" killed "[KOBA]Zwiad<17><STEAM_0:0:41211851><NSF>" with "zr68s"
L 01/13/2024 - 21:40:43: "[KOBA]ASB0JACK7H<16><STEAM_0:0:559133323><NSF>" killed "[AUX-] Nutnoze<12><STEAM_0:1:9530793><Jinrai>" with "zr68s"
L 01/13/2024 - 21:40:43: "[KOBA]Zwiad<17><STEAM_0:0:41211851><NSF>" triggered "kill_assist"
L 01/13/2024 - 21:40:45: "[AUX-] MilK<30><STEAM_0:1:28287031><Jinrai>" killed "[KOBA]ASB0JACK7H<16><STEAM_0:0:559133323><NSF>" with "zr68s"
L 01/13/2024 - 21:40:45: "[AUX-] [*RO*]Phorce_Phed<11><STEAM_0:1:9863507><Jinrai>" triggered "kill_assist"
L 01/13/2024 - 21:40:47: Team "Jinrai" triggered "ghost_capture_team"
L 01/13/2024 - 21:40:47: "[AUX-] Oni<21><STEAM_0:1:10174276><Jinrai>" triggered "ghost_capture"
L 01/13/2024 - 21:40:48: "[AUX-] MilK<30><STEAM_0:1:28287031><Jinrai>" killed "[KOBA]Voodoo<31><STEAM_0:0:454847959><NSF>" with "zr68s"
L 01/13/2024 - 21:41:01: "[KOBA]ASB0JACK7H<16><STEAM_0:0:559133323><NSF>" say "milk pls chill man"
L 01/13/2024 - 21:41:36: "[AUX-] Oni<21><STEAM_0:1:10174276><Jinrai>" killed "[KOBA] Shlup<34><STEAM_0:1:541462709><NSF>" with "mx"
L 01/13/2024 - 21:41:53: "[KOBA] DESTROYGIRL<33><STEAM_0:0:82737074><NSF>" killed "[AUX-] Oni<21><STEAM_0:1:10174276><Jinrai>" with "supa7"
L 01/13/2024 - 21:41:58: "[KOBA]Voodoo<31><STEAM_0:0:454847959><NSF>" killed "[AUX-] MilK<30><STEAM_0:1:28287031><Jinrai>" with "zr68s"
L 01/13/2024 - 21:42:01: "[AUX-] [*RO*]Phorce_Phed<11><STEAM_0:1:9863507><Jinrai>" killed "[KOBA]ASB0JACK7H<16><STEAM_0:0:559133323><NSF>" with "zr68s"
L 01/13/2024 - 21:43:13: "[KOBA]Zwiad<17><STEAM_0:0:41211851><NSF>" killed "[AUX-] [*RO*]Phorce_Phed<11><STEAM_0:1:9863507><Jinrai>" with "srm"
L 01/13/2024 - 21:43:13: "[KOBA] DESTROYGIRL<33><STEAM_0:0:82737074><NSF>" triggered "kill_assist"
L 01/13/2024 - 21:43:24: "[KOBA]Zwiad<17><STEAM_0:0:41211851><NSF>" killed "[AUX-] SUPA SUPA BOON<9><STEAM_0:1:18247617><Jinrai>" with "srm"
L 01/13/2024 - 21:43:30: "[AUX-] Nutnoze<12><STEAM_0:1:9530793><Jinrai>" killed "[KOBA]Voodoo<31><STEAM_0:0:454847959><NSF>" with "zr68s"
L 01/13/2024 - 21:43:30: "[AUX-] MilK<30><STEAM_0:1:28287031><Jinrai>" triggered "kill_assist"
L 01/13/2024 - 21:43:33: "[AUX-] Nutnoze<12><STEAM_0:1:9530793><Jinrai>" killed "[KOBA]Zwiad<17><STEAM_0:0:41211851><NSF>" with "zr68s"
L 01/13/2024 - 21:43:33: "[AUX-] SUPA SUPA BOON<9><STEAM_0:1:18247617><Jinrai>" triggered "kill_assist"
L 01/13/2024 - 21:43:41: "[AUX-] Nutnoze<12><STEAM_0:1:9530793><Jinrai>" killed "[KOBA] DESTROYGIRL<33><STEAM_0:0:82737074><NSF>" with "zr68s"
L 01/13/2024 - 21:43:41: "[AUX-] [*RO*]Phorce_Phed<11><STEAM_0:1:9863507><Jinrai>" triggered "kill_assist"
L 01/13/2024 - 21:43:41: "[KOBA] DESTROYGIRL<33><STEAM_0:0:82737074><NSF>" say_team "100 Assault zr68s"
L 01/13/2024 - 21:43:49: "[KOBA] DESTROYGIRL<33><STEAM_0:0:82737074><NSF>" say "xd"
L 01/13/2024 - 21:44:38: "[KOBA]Zwiad<17><STEAM_0:0:41211851><NSF>" killed "[AUX-] [*RO*]Phorce_Phed<11><STEAM_0:1:9863507><Jinrai>" with "mx"
L 01/13/2024 - 21:44:47: "[KOBA] Shlup<34><STEAM_0:1:541462709><NSF>" killed "[AUX-] Nutnoze<12><STEAM_0:1:9530793><Jinrai>" with "zr68s"
L 01/13/2024 - 21:44:48: "[AUX-] MilK<30><STEAM_0:1:28287031><Jinrai>" killed "[KOBA]ASB0JACK7H<16><STEAM_0:0:559133323><NSF>" with "mx"
L 01/13/2024 - 21:44:53: "[KOBA] DESTROYGIRL<33><STEAM_0:0:82737074><NSF>" killed "[AUX-] Oni<21><STEAM_0:1:10174276><Jinrai>" with "supa7"
L 01/13/2024 - 21:45:03: "[AUX-] MilK<30><STEAM_0:1:28287031><Jinrai>" killed "[KOBA] DESTROYGIRL<33><STEAM_0:0:82737074><NSF>" with "mx"
L 01/13/2024 - 21:45:03: "[AUX-] Oni<21><STEAM_0:1:10174276><Jinrai>" triggered "kill_assist"
L 01/13/2024 - 21:45:04: "[KOBA] DESTROYGIRL<33><STEAM_0:0:82737074><NSF>" say_team "42 Support mx"
L 01/13/2024 - 21:45:18: "[KOBA]Zwiad<17><STEAM_0:0:41211851><NSF>" killed "[AUX-] MilK<30><STEAM_0:1:28287031><Jinrai>" with "mx"
L 01/13/2024 - 21:45:18: "[KOBA]ASB0JACK7H<16><STEAM_0:0:559133323><NSF>" triggered "kill_assist"
L 01/13/2024 - 21:45:19: "[AUX-] SUPA SUPA BOON<9><STEAM_0:1:18247617><Jinrai>" killed "[KOBA] Shlup<34><STEAM_0:1:541462709><NSF>" with "mx"
L 01/13/2024 - 21:45:35: "[KOBA]Voodoo<31><STEAM_0:0:454847959><NSF>" killed "[AUX-] SUPA SUPA BOON<9><STEAM_0:1:18247617><Jinrai>" with "zr68s"
L 01/13/2024 - 21:46:17: "[AUX-] Nutnoze<12><STEAM_0:1:9530793><Jinrai>" killed "[KOBA] Shlup<34><STEAM_0:1:541462709><NSF>" with "mx_silenced"
L 01/13/2024 - 21:46:20: "[AUX-] Oni<21><STEAM_0:1:10174276><Jinrai>" killed "[KOBA] DESTROYGIRL<33><STEAM_0:0:82737074><NSF>" with "mx"
L 01/13/2024 - 21:46:20: "[KOBA] DESTROYGIRL<33><STEAM_0:0:82737074><NSF>" say_team "100 Recon mx"
L 01/13/2024 - 21:46:26: "[KOBA]ASB0JACK7H<16><STEAM_0:0:559133323><NSF>" killed "[AUX-] Oni<21><STEAM_0:1:10174276><Jinrai>" with "zr68s"
L 01/13/2024 - 21:46:26: "[KOBA]Zwiad<17><STEAM_0:0:41211851><NSF>" triggered "kill_assist"
L 01/13/2024 - 21:46:27: "[AUX-] MilK<30><STEAM_0:1:28287031><Jinrai>" killed "[KOBA]ASB0JACK7H<16><STEAM_0:0:559133323><NSF>" with "zr68s"
L 01/13/2024 - 21:46:35: "[KOBA]Zwiad<17><STEAM_0:0:41211851><NSF>" killed "[AUX-] SUPA SUPA BOON<9><STEAM_0:1:18247617><Jinrai>" with "mx"
L 01/13/2024 - 21:46:44: "[AUX-] MilK<30><STEAM_0:1:28287031><Jinrai>" killed "[KOBA]Zwiad<17><STEAM_0:0:41211851><NSF>" with "zr68s"
L 01/13/2024 - 21:46:44: "[AUX-] Oni<21><STEAM_0:1:10174276><Jinrai>" triggered "kill_assist"
L 01/13/2024 - 21:47:10: Team "Jinrai" triggered "ghost_capture_team"
L 01/13/2024 - 21:47:10: "[AUX-] MilK<30><STEAM_0:1:28287031><Jinrai>" triggered "ghost_capture"
L 01/13/2024 - 21:47:11: "[AUX-] [*RO*]Phorce_Phed<11><STEAM_0:1:9863507><Jinrai>" killed "[KOBA]Voodoo<31><STEAM_0:0:454847959><NSF>" with "zr68s"
L 01/13/2024 - 21:47:11: "[AUX-] MilK<30><STEAM_0:1:28287031><Jinrai>" triggered "kill_assist"
L 01/13/2024 - 21:47:50: "[AUX-] Oni<21><STEAM_0:1:10174276><Jinrai>" killed "[KOBA] DESTROYGIRL<33><STEAM_0:0:82737074><NSF>" with "aa13"
L 01/13/2024 - 21:47:50: "[KOBA] DESTROYGIRL<33><STEAM_0:0:82737074><NSF>" say_team "100 Recon aa13"
L 01/13/2024 - 21:47:51: "[AUX-] Oni<21><STEAM_0:1:10174276><Jinrai>" killed "[KOBA]Voodoo<31><STEAM_0:0:454847959><NSF>" with "aa13"
L 01/13/2024 - 21:48:05: "[KOBA]ASB0JACK7H<16><STEAM_0:0:559133323><NSF>" killed "[AUX-] Oni<21><STEAM_0:1:10174276><Jinrai>" with "jitte"
L 01/13/2024 - 21:48:08: "[AUX-] MilK<30><STEAM_0:1:28287031><Jinrai>" killed "[KOBA]ASB0JACK7H<16><STEAM_0:0:559133323><NSF>" with "zr68c"
L 01/13/2024 - 21:48:08: "[AUX-] Nutnoze<12><STEAM_0:1:9530793><Jinrai>" triggered "kill_assist"
L 01/13/2024 - 21:48:22: "[KOBA] Shlup<34><STEAM_0:1:541462709><NSF>" killed "[AUX-] SUPA SUPA BOON<9><STEAM_0:1:18247617><Jinrai>" with "zr68s"
L 01/13/2024 - 21:48:39: "[AUX-] MilK<30><STEAM_0:1:28287031><Jinrai>" killed "[KOBA] Shlup<34><STEAM_0:1:541462709><NSF>" with "zr68c"
L 01/13/2024 - 21:49:03: "[AUX-] MilK<30><STEAM_0:1:28287031><Jinrai>" killed "[KOBA]Zwiad<17><STEAM_0:0:41211851><NSF>" with "zr68c"
L 01/13/2024 - 21:49:03: "[AUX-] [*RO*]Phorce_Phed<11><STEAM_0:1:9863507><Jinrai>" triggered "kill_assist"
L 01/13/2024 - 21:49:42: "[AUX-] Oni<21><STEAM_0:1:10174276><Jinrai>" killed "[KOBA]ASB0JACK7H<16><STEAM_0:0:559133323><NSF>" with "aa13"
L 01/13/2024 - 21:49:55: "[KOBA]ASB0JACK7H<16><STEAM_0:0:559133323><NSF>" say "im going to skin myself"
L 01/13/2024 - 21:50:08: "[AUX-] [*RO*]Phorce_Phed<11><STEAM_0:1:9863507><Jinrai>" killed "[KOBA]Voodoo<31><STEAM_0:0:454847959><NSF>" with "mx"
L 01/13/2024 - 21:50:08: "[AUX-] Nutnoze<12><STEAM_0:1:9530793><Jinrai>" triggered "kill_assist"
L 01/13/2024 - 21:50:17: "[KOBA] DESTROYGIRL<33><STEAM_0:0:82737074><NSF>" killed "[AUX-] MilK<30><STEAM_0:1:28287031><Jinrai>" with "mx"
L 01/13/2024 - 21:50:35: "[KOBA] DESTROYGIRL<33><STEAM_0:0:82737074><NSF>" killed "[AUX-] Nutnoze<12><STEAM_0:1:9530793><Jinrai>" with "mx"
L 01/13/2024 - 21:50:38: "[KOBA] Shlup<34><STEAM_0:1:541462709><NSF>" killed "[AUX-] [*RO*]Phorce_Phed<11><STEAM_0:1:9863507><Jinrai>" with "zr68s"
L 01/13/2024 - 21:50:44: "[AUX-] Oni<21><STEAM_0:1:10174276><Jinrai>" killed "[KOBA] DESTROYGIRL<33><STEAM_0:0:82737074><NSF>" with "aa13"
L 01/13/2024 - 21:50:44: "[AUX-] Nutnoze<12><STEAM_0:1:9530793><Jinrai>" triggered "kill_assist"
L 01/13/2024 - 21:50:44: "[KOBA] DESTROYGIRL<33><STEAM_0:0:82737074><NSF>" say_team "57 Recon aa13"
L 01/13/2024 - 21:50:44: "[KOBA]Zwiad<17><STEAM_0:0:41211851><NSF>" killed "[AUX-] SUPA SUPA BOON<9><STEAM_0:1:18247617><Jinrai>" with "mx"
L 01/13/2024 - 21:50:53: "[KOBA]Zwiad<17><STEAM_0:0:41211851><NSF>" killed "[AUX-] Oni<21><STEAM_0:1:10174276><Jinrai>" with "mx"
L 01/13/2024 - 21:50:57: "[FOOT] Wahaha-<26><STEAM_0:1:17526508><Spectator>" say "BIG"
L 01/13/2024 - 21:51:40: "[AUX-] Nutnoze<12><STEAM_0:1:9530793><Jinrai>" killed "[KOBA] DESTROYGIRL<33><STEAM_0:0:82737074><NSF>" with "grenade_projectile"
L 01/13/2024 - 21:51:40: "[KOBA] DESTROYGIRL<33><STEAM_0:0:82737074><NSF>" say_team "100 Assault grenade_projectile"
L 01/13/2024 - 21:51:43: "[KOBA]Zwiad<17><STEAM_0:0:41211851><NSF>" killed "[AUX-] [*RO*]Phorce_Phed<11><STEAM_0:1:9863507><Jinrai>" with "mx"
L 01/13/2024 - 21:51:44: "[KOBA]ASB0JACK7H<16><STEAM_0:0:559133323><NSF>" killed "[AUX-] Oni<21><STEAM_0:1:10174276><Jinrai>" with "zr68c"
L 01/13/2024 - 21:51:58: "[KOBA]Zwiad<17><STEAM_0:0:41211851><NSF>" killed "[AUX-] Nutnoze<12><STEAM_0:1:9530793><Jinrai>" with "mx"
L 01/13/2024 - 21:52:06: "[AUX-] SUPA SUPA BOON<9><STEAM_0:1:18247617><Jinrai>" killed "[KOBA]ASB0JACK7H<16><STEAM_0:0:559133323><NSF>" with "supa7"
L 01/13/2024 - 21:52:06: "[AUX-] Oni<21><STEAM_0:1:10174276><Jinrai>" triggered "kill_assist"
L 01/13/2024 - 21:52:11: "[KOBA] Shlup<34><STEAM_0:1:541462709><NSF>" killed "[AUX-] SUPA SUPA BOON<9><STEAM_0:1:18247617><Jinrai>" with "zr68s"
L 01/13/2024 - 21:52:11: "[KOBA]ASB0JACK7H<16><STEAM_0:0:559133323><NSF>" triggered "kill_assist"
L 01/13/2024 - 21:52:43: "[AUX-] MilK<30><STEAM_0:1:28287031><Jinrai>" killed "[KOBA] Shlup<34><STEAM_0:1:541462709><NSF>" with "mx"
L 01/13/2024 - 21:52:45: "[KOBA]Voodoo<31><STEAM_0:0:454847959><NSF>" killed "[AUX-] MilK<30><STEAM_0:1:28287031><Jinrai>" with "zr68s"
L 01/13/2024 - 21:52:54: "[MXican] Halcyon<35><STEAM_0:1:2864524><Spectator>" say "oni mlg strat"
L 01/13/2024 - 21:53:06: "[AUX-] Oni<21><STEAM_0:1:10174276><Jinrai>" say "couldn't resist"
L 01/13/2024 - 21:53:09: "[MXican] Halcyon<35><STEAM_0:1:2864524><Spectator>" say ":D"
L 01/13/2024 - 21:53:29: "[AUX-] Oni<21><STEAM_0:1:10174276><Jinrai>" killed "[KOBA] DESTROYGIRL<33><STEAM_0:0:82737074><NSF>" with "grenade_projectile"
L 01/13/2024 - 21:53:30: "[KOBA] DESTROYGIRL<33><STEAM_0:0:82737074><NSF>" say_team "100 Assault grenade_projectile"
L 01/13/2024 - 21:53:36: "[AUX-] MilK<30><STEAM_0:1:28287031><Jinrai>" killed "[KOBA]Voodoo<31><STEAM_0:0:454847959><NSF>" with "aa13"
L 01/13/2024 - 21:53:37: "[AUX-] Nutnoze<12><STEAM_0:1:9530793><Jinrai>" killed "[KOBA] Shlup<34><STEAM_0:1:541462709><NSF>" with "mx"
L 01/13/2024 - 21:53:41: "[AUX-] MilK<30><STEAM_0:1:28287031><Jinrai>" killed "[KOBA]Zwiad<17><STEAM_0:0:41211851><NSF>" with "aa13"
L 01/13/2024 - 21:53:44: "[KOBA]ASB0JACK7H<16><STEAM_0:0:559133323><NSF>" killed "[AUX-] Nutnoze<12><STEAM_0:1:9530793><Jinrai>" with "mx"
L 01/13/2024 - 21:53:49: "[KOBA]ASB0JACK7H<16><STEAM_0:0:559133323><NSF>" killed "[AUX-] Oni<21><STEAM_0:1:10174276><Jinrai>" with "mx"
L 01/13/2024 - 21:53:53: "[AUX-] MilK<30><STEAM_0:1:28287031><Jinrai>" killed "[KOBA]ASB0JACK7H<16><STEAM_0:0:559133323><NSF>" with "aa13"
L 01/13/2024 - 21:54:20: "[KOBA]ASB0JACK7H<16><STEAM_0:0:559133323><NSF>" say "my cock just got ripped off"
L 01/13/2024 - 21:55:16: "[KOBA]Zwiad<17><STEAM_0:0:41211851><NSF>" killed "[AUX-] SUPA SUPA BOON<9><STEAM_0:1:18247617><Jinrai>" with "mx"
L 01/13/2024 - 21:55:57: "[AUX-] MilK<30><STEAM_0:1:28287031><Jinrai>" killed "[KOBA] DESTROYGIRL<33><STEAM_0:0:82737074><NSF>" with "aa13"
L 01/13/2024 - 21:55:58: "[KOBA] DESTROYGIRL<33><STEAM_0:0:82737074><NSF>" say_team "44 Recon aa13"
L 01/13/2024 - 21:56:18: "[KOBA] Shlup<34><STEAM_0:1:541462709><NSF>" killed "[AUX-] MilK<30><STEAM_0:1:28287031><Jinrai>" with "zr68s"
L 01/13/2024 - 21:56:18: "[KOBA] DESTROYGIRL<33><STEAM_0:0:82737074><NSF>" triggered "kill_assist"
L 01/13/2024 - 21:56:25: "[AUX-] Oni<21><STEAM_0:1:10174276><Jinrai>" killed "[KOBA] Shlup<34><STEAM_0:1:541462709><NSF>" with "supa7"
L 01/13/2024 - 21:56:35: "[AUX-] Nutnoze<12><STEAM_0:1:9530793><Jinrai>" killed "[KOBA]Voodoo<31><STEAM_0:0:454847959><NSF>" with "mx"
L 01/13/2024 - 21:56:41: "[AUX-] Oni<21><STEAM_0:1:10174276><Jinrai>" disconnected (reason "Disconnect by user.")
L 01/13/2024 - 21:56:41: "[AUX-] Oni<36><STEAM_ID_PENDING><>" connected, address "71.195.46.232:27005"
L 01/13/2024 - 21:56:41: "[AUX-] Oni<36><STEAM_0:1:10174276><>" STEAM USERID validated
L 01/13/2024 - 21:56:42: "[AUX-] Oni<36><STEAM_0:1:10174276><>" entered the game
L 01/13/2024 - 21:56:44: "[AUX-] Oni<36><STEAM_0:1:10174276><Unassigned>" joined team "Jinrai"
L 01/13/2024 - 21:56:45: "[KOBA] Shlup<34><STEAM_0:1:541462709><NSF>" say "hello to kansas"
L 01/13/2024 - 21:57:08: "[KOBA]Voodoo<31><STEAM_0:0:454847959><NSF>" killed "[AUX-] [*RO*]Phorce_Phed<11><STEAM_0:1:9863507><Jinrai>" with "zr68s"
L 01/13/2024 - 21:57:12: "[KOBA]ASB0JACK7H<16><STEAM_0:0:559133323><NSF>" killed "[AUX-] MilK<30><STEAM_0:1:28287031><Jinrai>" with "mx"
L 01/13/2024 - 21:57:12: "[KOBA]ASB0JACK7H<16><STEAM_0:0:559133323><NSF>" killed "[AUX-] Oni<36><STEAM_0:1:10174276><Jinrai>" with "grenade_projectile"
L 01/13/2024 - 21:57:17: "[KOBA]ASB0JACK7H<16><STEAM_0:0:559133323><NSF>" killed "[AUX-] SUPA SUPA BOON<9><STEAM_0:1:18247617><Jinrai>" with "mx"
L 01/13/2024 - 21:57:23: "[KOBA]Voodoo<31><STEAM_0:0:454847959><NSF>" killed "[AUX-] Nutnoze<12><STEAM_0:1:9530793><Jinrai>" with "zr68s"
L 01/13/2024 - 21:57:23: "[KOBA] Shlup<34><STEAM_0:1:541462709><NSF>" triggered "kill_assist"
L 01/13/2024 - 21:57:28: "[KOBA]ASB0JACK7H<16><STEAM_0:0:559133323><NSF>" say "WHAT"
L 01/13/2024 - 21:57:33: "[KOBA] Shlup<34><STEAM_0:1:541462709><NSF>" say "babababaaoobobo"
L 01/13/2024 - 21:57:38: "[KOBA]ASB0JACK7H<16><STEAM_0:0:559133323><NSF>" say "wait did my nade get you"
L 01/13/2024 - 21:57:43: "[AUX-] Oni<36><STEAM_0:1:10174276><Jinrai>" say "I thought it was a smoke :<"
L 01/13/2024 - 21:57:44: "[AUX-] SUPA SUPA BOON<9><STEAM_0:1:18247617><Jinrai>" say "I'M"
L 01/13/2024 - 21:57:50: "[KOBA]ASB0JACK7H<16><STEAM_0:0:559133323><NSF>" say "lol"
L 01/13/2024 - 21:58:31: "[KOBA]Zwiad<17><STEAM_0:0:41211851><NSF>" killed "[AUX-] Nutnoze<12><STEAM_0:1:9530793><Jinrai>" with "mx"
L 01/13/2024 - 21:58:36: "[KOBA] DESTROYGIRL<33><STEAM_0:0:82737074><NSF>" killed "[AUX-] Oni<36><STEAM_0:1:10174276><Jinrai>" with "mx"
L 01/13/2024 - 21:58:38: "[AUX-] [*RO*]Phorce_Phed<11><STEAM_0:1:9863507><Jinrai>" killed "[KOBA] DESTROYGIRL<33><STEAM_0:0:82737074><NSF>" with "grenade_projectile"
L 01/13/2024 - 21:58:38: "[KOBA] DESTROYGIRL<33><STEAM_0:0:82737074><NSF>" say_team "58 Assault grenade_projectile"
L 01/13/2024 - 21:59:13: "[KOBA]Zwiad<17><STEAM_0:0:41211851><NSF>" killed "[AUX-] SUPA SUPA BOON<9><STEAM_0:1:18247617><Jinrai>" with "mx"
L 01/13/2024 - 21:59:13: "[KOBA]Voodoo<31><STEAM_0:0:454847959><NSF>" triggered "kill_assist"
L 01/13/2024 - 21:59:13: "[KOBA] Shlup<34><STEAM_0:1:541462709><NSF>" killed "[AUX-] [*RO*]Phorce_Phed<11><STEAM_0:1:9863507><Jinrai>" with "mx"
L 01/13/2024 - 21:59:16: "[AUX-] MilK<30><STEAM_0:1:28287031><Jinrai>" killed "[KOBA]ASB0JACK7H<16><STEAM_0:0:559133323><NSF>" with "mx"
L 01/13/2024 - 21:59:24: "[AUX-] MilK<30><STEAM_0:1:28287031><Jinrai>" killed "[KOBA]Voodoo<31><STEAM_0:0:454847959><NSF>" with "mx"
L 01/13/2024 - 21:59:31: "[AUX-] MilK<30><STEAM_0:1:28287031><Jinrai>" killed "[KOBA] Shlup<34><STEAM_0:1:541462709><NSF>" with "mx"
L 01/13/2024 - 21:59:31: "[AUX-] [*RO*]Phorce_Phed<11><STEAM_0:1:9863507><Jinrai>" triggered "kill_assist"
L 01/13/2024 - 21:59:49: Team "NSF" triggered "ghost_capture_team"
L 01/13/2024 - 21:59:49: "[KOBA]Zwiad<17><STEAM_0:0:41211851><NSF>" triggered "ghost_capture"
L 01/13/2024 - 21:59:49: "[AUX-] MilK<30><STEAM_0:1:28287031><Jinrai>" killed "[KOBA]Zwiad<17><STEAM_0:0:41211851><NSF>" with "mx"
L 01/13/2024 - 21:59:49: "[AUX-] Nutnoze<12><STEAM_0:1:9530793><Jinrai>" triggered "kill_assist"
L 01/13/2024 - 21:59:54: "[KOBA]ASB0JACK7H<16><STEAM_0:0:559133323><NSF>" say "NOOO"
L 01/13/2024 - 21:59:55: "[KOBA]ASB0JACK7H<16><STEAM_0:0:559133323><NSF>" say "SYSYYDSDYSD)_+"
L 01/13/2024 - 21:59:57: "[KOBA]ASB0JACK7H<16><STEAM_0:0:559133323><NSF>" say "YES"
L 01/13/2024 - 21:59:58: "[AUX-] Nutnoze<12><STEAM_0:1:9530793><Jinrai>" say "F"
L 01/13/2024 - 21:59:58: "[AUX-] SUPA SUPA BOON<9><STEAM_0:1:18247617><Jinrai>" say "HM"
L 01/13/2024 - 21:59:59: "[KOBA] Shlup<34><STEAM_0:1:541462709><NSF>" say "LETS GOOO"
L 01/13/2024 - 22:00:02: "[KOBA]ASB0JACK7H<16><STEAM_0:0:559133323><NSF>" say "BIG"
L 01/13/2024 - 22:00:49: "[AUX-] Oni<36><STEAM_0:1:10174276><Jinrai>" killed "[KOBA] Shlup<34><STEAM_0:1:541462709><NSF>" with "mx"
L 01/13/2024 - 22:01:13: "[AUX-] SUPA SUPA BOON<9><STEAM_0:1:18247617><Jinrai>" killed "[KOBA]Voodoo<31><STEAM_0:0:454847959><NSF>" with "aa13"
L 01/13/2024 - 22:01:27: "[KOBA]ASB0JACK7H<16><STEAM_0:0:559133323><NSF>" killed "[AUX-] [*RO*]Phorce_Phed<11><STEAM_0:1:9863507><Jinrai>" with "mx"
L 01/13/2024 - 22:01:58: "[KOBA]Zwiad<17><STEAM_0:0:41211851><NSF>" killed "[AUX-] SUPA SUPA BOON<9><STEAM_0:1:18247617><Jinrai>" with "mx"
L 01/13/2024 - 22:02:26: "[KOBA] DESTROYGIRL<33><STEAM_0:0:82737074><NSF>" killed "[AUX-] Oni<36><STEAM_0:1:10174276><Jinrai>" with "mx"
L 01/13/2024 - 22:03:08: "[AUX-] Oni<36><STEAM_0:1:10174276><Jinrai>" killed "[KOBA] DESTROYGIRL<33><STEAM_0:0:82737074><NSF>" with "grenade_projectile"
L 01/13/2024 - 22:03:08: "[KOBA] DESTROYGIRL<33><STEAM_0:0:82737074><NSF>" say_team "74 Assault grenade_projectile"
L 01/13/2024 - 22:04:24: "[AUX-] MilK<30><STEAM_0:1:28287031><Jinrai>" killed "[KOBA] Shlup<34><STEAM_0:1:541462709><NSF>" with "kyla"
L 01/13/2024 - 22:04:24: "[AUX-] Nutnoze<12><STEAM_0:1:9530793><Jinrai>" triggered "kill_assist"
L 01/13/2024 - 22:04:25: "[AUX-] Oni<36><STEAM_0:1:10174276><Jinrai>" killed "[KOBA]Voodoo<31><STEAM_0:0:454847959><NSF>" with "mx"
L 01/13/2024 - 22:04:28: "[KOBA]ASB0JACK7H<16><STEAM_0:0:559133323><NSF>" killed "[AUX-] Oni<36><STEAM_0:1:10174276><Jinrai>" with "mx"
L 01/13/2024 - 22:04:30: "[AUX-] Nutnoze<12><STEAM_0:1:9530793><Jinrai>" killed "[KOBA]ASB0JACK7H<16><STEAM_0:0:559133323><NSF>" with "mx"
L 01/13/2024 - 22:04:30: "[AUX-] Oni<36><STEAM_0:1:10174276><Jinrai>" triggered "kill_assist"
L 01/13/2024 - 22:05:01: "[KOBA]Zwiad<17><STEAM_0:0:41211851><NSF>" killed "[AUX-] MilK<30><STEAM_0:1:28287031><Jinrai>" with "mx"
L 01/13/2024 - 22:05:07: "[AUX-] SUPA SUPA BOON<9><STEAM_0:1:18247617><Jinrai>" killed "[KOBA]Zwiad<17><STEAM_0:0:41211851><NSF>" with "aa13"
L 01/13/2024 - 22:05:49: "[AUX-] Oni<36><STEAM_0:1:10174276><Jinrai>" killed "[KOBA]Voodoo<31><STEAM_0:0:454847959><NSF>" with "srs"
L 01/13/2024 - 22:05:58: "[KOBA]Zwiad<17><STEAM_0:0:41211851><NSF>" killed "[AUX-] Nutnoze<12><STEAM_0:1:9530793><Jinrai>" with "mx"
L 01/13/2024 - 22:06:05: "[KOBA]Zwiad<17><STEAM_0:0:41211851><NSF>" killed "[AUX-] [*RO*]Phorce_Phed<11><STEAM_0:1:9863507><Jinrai>" with "mx"
L 01/13/2024 - 22:06:53: "[AUX-] MilK<30><STEAM_0:1:28287031><Jinrai>" killed "[KOBA] DESTROYGIRL<33><STEAM_0:0:82737074><NSF>" with "grenade_detapack"
L 01/13/2024 - 22:06:53: "[KOBA] DESTROYGIRL<33><STEAM_0:0:82737074><NSF>" say_team "100 Recon grenade_detapack"
L 01/13/2024 - 22:07:08: "[KOBA] Shlup<34><STEAM_0:1:541462709><NSF>" killed "[AUX-] MilK<30><STEAM_0:1:28287031><Jinrai>" with "mx"
L 01/13/2024 - 22:07:21: "[KOBA] Shlup<34><STEAM_0:1:541462709><NSF>" killed "[AUX-] SUPA SUPA BOON<9><STEAM_0:1:18247617><Jinrai>" with "mx"
L 01/13/2024 - 22:07:31: "[KOBA]ASB0JACK7H<16><STEAM_0:0:559133323><NSF>" killed "[AUX-] Oni<36><STEAM_0:1:10174276><Jinrai>" with "mx"
L 01/13/2024 - 22:07:41: "[KOBA]ASB0JACK7H<16><STEAM_0:0:559133323><NSF>" say "SUDDEN DEATH"
L 01/13/2024 - 22:07:43: "Agiel<13><STEAM_0:1:25025><Spectator>" say "HEAVEN OR HELL"
L 01/13/2024 - 22:07:56: "[FOOT] Wahaha-<26><STEAM_0:1:17526508><Spectator>" say "DO OR DIE"
L 01/13/2024 - 22:07:59: "[FOOT] Wahaha-<26><STEAM_0:1:17526508><Spectator>" say "VICTORY OR VALHALLA"
L 01/13/2024 - 22:08:00: "[KOBA]ASB0JACK7H<16><STEAM_0:0:559133323><NSF>" say "DIE OR DONT"
L 01/13/2024 - 22:08:04: "[AUX-] MilK<30><STEAM_0:1:28287031><Jinrai>" say "IF HEAVEN AINT A LOT LIKE DIXIE"
L 01/13/2024 - 22:08:18: "[AUX-] SUPA SUPA BOON<9><STEAM_0:1:18247617><Jinrai>" say "DIXIE? BARELY KNEW 'ER!"
L 01/13/2024 - 22:08:23: "[AUX-] MilK<30><STEAM_0:1:28287031><Jinrai>" killed "[KOBA]Voodoo<31><STEAM_0:0:454847959><NSF>" with "mx"
L 01/13/2024 - 22:09:19: "[AUX-] Nutnoze<12><STEAM_0:1:9530793><Jinrai>" killed "[KOBA]ASB0JACK7H<16><STEAM_0:0:559133323><NSF>" with "mx"
L 01/13/2024 - 22:09:30: "[KOBA]Zwiad<17><STEAM_0:0:41211851><NSF>" killed "[AUX-] [*RO*]Phorce_Phed<11><STEAM_0:1:9863507><Jinrai>" with "mx"
L 01/13/2024 - 22:09:30: "[KOBA]ASB0JACK7H<16><STEAM_0:0:559133323><NSF>" triggered "kill_assist"
L 01/13/2024 - 22:09:49: "[AUX-] SUPA SUPA BOON<9><STEAM_0:1:18247617><Jinrai>" killed "[KOBA] Shlup<34><STEAM_0:1:541462709><NSF>" with "aa13"
L 01/13/2024 - 22:09:49: "[AUX-] Oni<36><STEAM_0:1:10174276><Jinrai>" triggered "kill_assist"
L 01/13/2024 - 22:09:52: "[AUX-] Oni<36><STEAM_0:1:10174276><Jinrai>" killed "[KOBA]Zwiad<17><STEAM_0:0:41211851><NSF>" with "mx"
L 01/13/2024 - 22:09:56: "[AUX-] SUPA SUPA BOON<9><STEAM_0:1:18247617><Jinrai>" killed "[KOBA] DESTROYGIRL<33><STEAM_0:0:82737074><NSF>" with "aa13"
L 01/13/2024 - 22:09:56: "[KOBA] DESTROYGIRL<33><STEAM_0:0:82737074><NSF>" say_team "48 Support aa13"
L 01/13/2024 - 22:09:59: "[KOBA]ASB0JACK7H<16><STEAM_0:0:559133323><NSF>" say "GGWP"
L 01/13/2024 - 22:10:02: "[MNHR] Syz<28><STEAM_0:0:82019396><Spectator>" say "ggwp"
L 01/13/2024 - 22:10:02: "[AUX-] [*RO*]Phorce_Phed<11><STEAM_0:1:9863507><Jinrai>" say "gg"
L 01/13/2024 - 22:10:03: "[FOOT] Wahaha-<26><STEAM_0:1:17526508><Spectator>" say "gg"
L 01/13/2024 - 22:10:03: "[KOBA]Voodoo<31><STEAM_0:0:454847959><NSF>" say "gg"
L 01/13/2024 - 22:10:03: "[AUX-] MilK<30><STEAM_0:1:28287031><Jinrai>" say "GG"
L 01/13/2024 - 22:10:05: "[AUX-] MilK<30><STEAM_0:1:28287031><Jinrai>" say "wp"
L 01/13/2024 - 22:10:05: "[MXican] Halcyon<35><STEAM_0:1:2864524><Spectator>" say "gg"
L 01/13/2024 - 22:10:06: "[AUX-] Nutnoze<12><STEAM_0:1:9530793><Jinrai>" killed "[AUX-] Oni<36><STEAM_0:1:10174276><Jinrai>" with "knife"
L 01/13/2024 - 22:10:06: "[AUX-] Nutnoze<12><STEAM_0:1:9530793><Jinrai>" killed "[AUX-] MilK<30><STEAM_0:1:28287031><Jinrai>" with "knife"
L 01/13/2024 - 22:10:07: "[KOBA] DESTROYGIRL<33><STEAM_0:0:82737074><NSF>" say "good fucking game dawg"
L 01/13/2024 - 22:10:08: "[AUX-] SUPA SUPA BOON<9><STEAM_0:1:18247617><Jinrai>" killed "[AUX-] Nutnoze<12><STEAM_0:1:9530793><Jinrai>" with "aa13"
L 01/13/2024 - 22:10:10: "[AUX-] Nutnoze<12><STEAM_0:1:9530793><Jinrai>" say "gg"
L 01/13/2024 - 22:10:10: "[AUX-] Oni<36><STEAM_0:1:10174276><Jinrai>" say "3rd for fun?"
L 01/13/2024 - 22:10:14: "[AUX-] SUPA SUPA BOON<9><STEAM_0:1:18247617><Jinrai>" say "gg"
L 01/13/2024 - 22:10:16: "[KOBA] DESTROYGIRL<33><STEAM_0:0:82737074><NSF>" say "sure"
L 01/13/2024 - 22:10:18: "[AUX-] Oni<36><STEAM_0:1:10174276><Jinrai>" say "let's do the interview"
L 01/13/2024 - 22:10:19: "[KOBA] Shlup<34><STEAM_0:1:541462709><NSF>" say "sure"
L 01/13/2024 - 22:10:20: "[AUX-] Oni<36><STEAM_0:1:10174276><Jinrai>" say "then do final?"
L 01/13/2024 - 22:10:22: "[KOBA]ASB0JACK7H<16><STEAM_0:0:559133323><NSF>" disconnected (reason "Disconnect by user.")
L 01/13/2024 - 22:10:25: "[AUX-] Oni<36><STEAM_0:1:10174276><Jinrai>" say "so that streamer can leave if they want"
L 01/13/2024 - 22:10:37: "[FOOT] Wahaha-<26><STEAM_0:1:17526508><Spectator>" disconnected (reason "Disconnect by user.")
L 01/13/2024 - 22:10:44: "[KOBA] DESTROYGIRL<33><STEAM_0:0:82737074><NSF>" say "we can do the interview but not 3rd"
L 01/13/2024 - 22:10:48: "[AUX-] Oni<36><STEAM_0:1:10174276><Jinrai>" say "sounds good!"
L 01/13/2024 - 22:10:53: "[AUX-] Nutnoze<12><STEAM_0:1:9530793><Jinrai>" say "ok, hit us with the interview"
L 01/13/2024 - 22:12:47: "[AUX-] [*RO*]Phorce_Phed<11><STEAM_0:1:9863507><Jinrai>" joined team "Unassigned"
L 01/13/2024 - 22:12:48: "[AUX-] [*RO*]Phorce_Phed<11><STEAM_0:1:9863507><Unassigned>" joined team "Spectator"
L 01/13/2024 - 22:13:06: "[AUX-] [*RO*]Phorce_Phed<11><STEAM_0:1:9863507><Spectator>" disconnected (reason "Disconnect by user.")
L 01/13/2024 - 22:14:29: "[AUX-] Nutnoze<12><STEAM_0:1:9530793><Jinrai>" say "all boxes must fall"
L 01/13/2024 - 22:18:39: "[KOBA] DESTROYGIRL<33><STEAM_0:0:82737074><NSF>" disconnected (reason "Disconnect by user.")
L 01/13/2024 - 22:19:51: "[KOBA]Voodoo<31><STEAM_0:0:454847959><NSF>" disconnected (reason "Disconnect by user.")
L 01/13/2024 - 22:20:42: "[KOBA] Shlup<34><STEAM_0:1:541462709><NSF>" disconnected (reason "Disconnect by user.")
L 01/13/2024 - 22:21:00: "[KOBA]Zwiad<17><STEAM_0:0:41211851><NSF>" disconnected (reason "Disconnect by user.")
L 01/13/2024 - 22:21:07: "Agiel<13><STEAM_0:1:25025><Spectator>" disconnected (reason "Disconnect by user.")
L 01/13/2024 - 22:22:44: "[AUX-] Oni<36><STEAM_0:1:10174276><Jinrai>" disconnected (reason "Disconnect by user.")
L 01/13/2024 - 22:28:06: "[AUX-] MilK<30><STEAM_0:1:28287031><Jinrai>" disconnected (reason "Disconnect by user.")
L 01/13/2024 - 22:29:07: "[AUX-] Nutnoze<12><STEAM_0:1:9530793><Jinrai>" disconnected (reason "Disconnect by user.")
L 01/13/2024 - 22:29:12: "[AUX-] SUPA SUPA BOON<9><STEAM_0:1:18247617><Jinrai>" disconnected (reason "Disconnect by user.")
L 01/13/2024 - 22:38:48: "[MXican] Halcyon<35><STEAM_0:1:2864524><Spectator>" disconnected (reason "Disconnect by user.")
L 01/13/2024 - 22:39:01: "[MNHR] Syz<28><STEAM_0:0:82019396><Spectator>" disconnected (reason "Disconnect by user.")
L 01/13/2024 - 23:14:27: [META] Loaded 0 plugins (1 already loaded)
L 01/13/2024 - 23:14:27: [META] Loaded 0 plugins (1 already loaded)
L 01/13/2024 - 23:14:27: Log file closed
