L 01/28/2024 - 21:05:52: Log file started (file "logs\L0128020.log") (game "c:\servers\eurotokyo\NeotokyoSource") (version "4044")
L 01/28/2024 - 21:05:52: server_cvar: "sv_pausable" "0"
L 01/28/2024 - 21:05:52: server_cvar: "sv_gravity" "800"
L 01/28/2024 - 21:05:52: server_cvar: "mp_friendlyfire" "1"
L 01/28/2024 - 21:05:54: "[TagsR4Nerds] Average<18><STEAM_ID_PENDING><>" connected, address "88.101.41.79:27005"
L 01/28/2024 - 21:05:54: "[TagsR4Nerds] Average<18><STEAM_0:1:57251237><>" STEAM USERID validated
L 01/28/2024 - 21:05:56: "[DYS] bauxite<17><STEAM_0:0:5757747><>" entered the game
L 01/28/2024 - 21:06:03: "[KOBA] DESTROYGIRL<7><STEAM_0:0:82737074><>" entered the game
L 01/28/2024 - 21:06:04: "[DYS] bauxite<17><STEAM_0:0:5757747><Unassigned>" joined team "Spectator"
L 01/28/2024 - 21:06:07: "[KOBA] DESTROYGIRL<7><STEAM_0:0:82737074><Unassigned>" joined team "Jinrai"
L 01/28/2024 - 21:06:12: "[DYS] bauxite<17><STEAM_0:0:5757747><Spectator>" say "oh wait u have 5"
L 01/28/2024 - 21:06:12: "[=]neotokyosnood<13><STEAM_0:1:47222322><>" entered the game
L 01/28/2024 - 21:06:13: "[TagsR4Nerds] Average<18><STEAM_0:1:57251237><>" entered the game
L 01/28/2024 - 21:06:15: "[TagsR4Nerds] Average<18><STEAM_0:1:57251237><Unassigned>" joined team "Spectator"
L 01/28/2024 - 21:06:15: "[DYS] bauxite<17><STEAM_0:0:5757747><Spectator>" say "i can leave then"
L 01/28/2024 - 21:06:17: "[DYS] bauxite<17><STEAM_0:0:5757747><Spectator>" disconnected (reason "Disconnect by user.")
L 01/28/2024 - 21:06:20: "[KOBA]TorMechia<15><STEAM_0:1:83071063><>" entered the game
L 01/28/2024 - 21:06:22: "[KOBA]ASBOJACK7H<12><STEAM_0:0:559133323><>" entered the game
L 01/28/2024 - 21:06:24: "[KOBA] glitch<6><STEAM_0:0:526339791><>" entered the game
L 01/28/2024 - 21:06:24: "[=]PyromaniacG<14><STEAM_0:1:25398391><>" entered the game
L 01/28/2024 - 21:06:25: "[KOBA]ASBOJACK7H<12><STEAM_0:0:559133323><Unassigned>" joined team "Jinrai"
L 01/28/2024 - 21:06:27: "[KOBA] glitch<6><STEAM_0:0:526339791><Unassigned>" joined team "NSF"
L 01/28/2024 - 21:06:28: "[KOBA] Zwiad<10><STEAM_0:0:41211851><>" entered the game
L 01/28/2024 - 21:06:33: "[KOBA]TorMechia<15><STEAM_0:1:83071063><Unassigned>" joined team "NSF"
L 01/28/2024 - 21:06:34: "[KOBA] glitch<6><STEAM_0:0:526339791><NSF>" say "!j"
L 01/28/2024 - 21:06:34: "[KOBA] glitch<6><STEAM_0:0:526339791><NSF>" committed suicide with "player"
L 01/28/2024 - 21:06:34: "[KOBA] glitch<6><STEAM_0:0:526339791><NSF>" joined team "Jinrai"
L 01/28/2024 - 21:06:35: "[KOBA]ASBOJACK7H<12><STEAM_0:0:559133323><Jinrai>" say "!ready"
L 01/28/2024 - 21:06:36: "[KOBA]TorMechia<15><STEAM_0:1:83071063><NSF>" joined team "Unassigned"
L 01/28/2024 - 21:06:38: "[KOBA]TorMechia<15><STEAM_0:1:83071063><Unassigned>" joined team "Jinrai"
L 01/28/2024 - 21:06:44: "[KOBA]ASBOJACK7H<12><STEAM_0:0:559133323><Jinrai>" say "!unready"
L 01/28/2024 - 21:06:47: "[=]wakfuck<11><STEAM_0:0:62638797><>" entered the game
L 01/28/2024 - 21:06:50: "[=]wakfuck<11><STEAM_0:0:62638797><Unassigned>" joined team "NSF"
L 01/28/2024 - 21:06:58: "[KOBA] DESTROYGIRL<7><STEAM_0:0:82737074><>" disconnected (reason "Connection closing")
L 01/28/2024 - 21:06:58: "[KOBA] DESTROYGIRL<19><STEAM_ID_PENDING><>" connected, address "82.31.206.95:27005"
L 01/28/2024 - 21:06:58: "[KOBA] DESTROYGIRL<19><STEAM_0:0:82737074><>" STEAM USERID validated
L 01/28/2024 - 21:07:05: "[KOBA] Zwiad<10><STEAM_0:0:41211851><Unassigned>" joined team "Jinrai"
L 01/28/2024 - 21:07:05: "[KOBA] DESTROYGIRL<19><STEAM_0:0:82737074><>" entered the game
L 01/28/2024 - 21:07:10: "[KOBA] DESTROYGIRL<19><STEAM_0:0:82737074><Unassigned>" joined team "Jinrai"
L 01/28/2024 - 21:07:18: "[=]PyromaniacG<14><STEAM_0:1:25398391><Unassigned>" joined team "NSF"
L 01/28/2024 - 21:07:26: "[TagsR4Nerds] Average<18><STEAM_0:1:57251237><Spectator>" joined team "NSF"
L 01/28/2024 - 21:07:36: "[KOBA]ASBOJACK7H<12><STEAM_0:0:559133323><Jinrai>" say "!ready"
L 01/28/2024 - 21:07:38: "TakaVerosa<20><STEAM_ID_PENDING><>" connected, address "94.5.91.47:27005"
L 01/28/2024 - 21:07:38: "TakaVerosa<20><STEAM_0:0:79516516><>" STEAM USERID validated
L 01/28/2024 - 21:07:40: "[KOBA] Zwiad<10><STEAM_0:0:41211851><Jinrai>" say "!ready"
L 01/28/2024 - 21:07:40: "[KOBA] glitch<6><STEAM_0:0:526339791><Jinrai>" say "!ready"
L 01/28/2024 - 21:07:42: "[=]neotokyosnood<13><STEAM_0:1:47222322><Unassigned>" joined team "NSF"
L 01/28/2024 - 21:07:46: "[KOBA]TorMechia<15><STEAM_0:1:83071063><Jinrai>" say "!ready"
L 01/28/2024 - 21:07:48: "[KOBA] Zwiad<10><STEAM_0:0:41211851><Jinrai>" say "!unready"
L 01/28/2024 - 21:07:57: "[TagsR4Nerds] Average<18><STEAM_0:1:57251237><NSF>" say "!Ready"
L 01/28/2024 - 21:08:04: "[TagsR4Nerds] Average<18><STEAM_0:1:57251237><NSF>" say "!unready"
L 01/28/2024 - 21:08:06: "[=]neotokyosnood<13><STEAM_0:1:47222322><NSF>" say "!ready"
L 01/28/2024 - 21:08:42: "[KOBA]ASBOJACK7H<12><STEAM_0:0:559133323><Jinrai>" say "where is baux i wasnt paying attention?"
L 01/28/2024 - 21:08:47: "[=]wakfuck<11><STEAM_0:0:62638797><NSF>" say "we got taka now"
L 01/28/2024 - 21:08:47: "[=]neotokyosnood<13><STEAM_0:1:47222322><NSF>" say "taka rejoined"
L 01/28/2024 - 21:08:49: "[=]wakfuck<11><STEAM_0:0:62638797><NSF>" say "our guy"
L 01/28/2024 - 21:08:52: "[=]neotokyosnood<13><STEAM_0:1:47222322><NSF>" say "n omoar mercs"
L 01/28/2024 - 21:08:52: "[TagsR4Nerds] Average<18><STEAM_0:1:57251237><NSF>" changed name to "taka took his spot"
L 01/28/2024 - 21:08:54: "[KOBA]ASBOJACK7H<12><STEAM_0:0:559133323><Jinrai>" say "oh ok"
L 01/28/2024 - 21:08:55: "[KOBA] DESTROYGIRL<19><STEAM_0:0:82737074><Jinrai>" say "awesome"
L 01/28/2024 - 21:08:57: "taka took his spot<18><STEAM_0:1:57251237><NSF>" changed name to "[TagsR4Nerds] Average"
L 01/28/2024 - 21:09:14: "[KOBA] DESTROYGIRL<19><STEAM_0:0:82737074><Jinrai>" say "!ready"
L 01/28/2024 - 21:09:31: "[=]neotokyosnood<13><STEAM_0:1:47222322><NSF>" say "can we take 5"
L 01/28/2024 - 21:09:35: "[=]neotokyosnood<13><STEAM_0:1:47222322><NSF>" say "quick smoke and piss break "
L 01/28/2024 - 21:09:35: "[KOBA] DESTROYGIRL<19><STEAM_0:0:82737074><Jinrai>" say "sure"
L 01/28/2024 - 21:09:38: "[=]neotokyosnood<13><STEAM_0:1:47222322><NSF>" say "okay dank"
L 01/28/2024 - 21:09:39: "[=]neotokyosnood<13><STEAM_0:1:47222322><NSF>" say "!unready"
L 01/28/2024 - 21:09:42: "[KOBA] DESTROYGIRL<19><STEAM_0:0:82737074><Jinrai>" say "no worries"
L 01/28/2024 - 21:09:43: "[KOBA]ASBOJACK7H<12><STEAM_0:0:559133323><Jinrai>" say "can you spare a cig?"
L 01/28/2024 - 21:09:44: "TakaVerosa<20><STEAM_0:0:79516516><>" entered the game
L 01/28/2024 - 21:09:46: "[KOBA] DESTROYGIRL<19><STEAM_0:0:82737074><Jinrai>" say "!unready"
L 01/28/2024 - 21:09:51: "[KOBA] Zwiad<10><STEAM_0:0:41211851><Jinrai>" say "!unready"
L 01/28/2024 - 21:09:58: "TakaVerosa<20><STEAM_0:0:79516516><Unassigned>" joined team "NSF"
L 01/28/2024 - 21:10:05: "TakaVerosa<20><STEAM_0:0:79516516><NSF>" say "!ready"
L 01/28/2024 - 21:12:00: "[=]wakfuck<11><STEAM_0:0:62638797><NSF>" say_team "yep"
L 01/28/2024 - 21:12:23: "[TagsR4Nerds] Average<18><STEAM_0:1:57251237><NSF>" say "!readylist"
L 01/28/2024 - 21:12:31: "[=]PyromaniacG<14><STEAM_0:1:25398391><NSF>" say "!readylist"
L 01/28/2024 - 21:12:32: "[KOBA]ASBOJACK7H<12><STEAM_0:0:559133323><Jinrai>" say "!readylist"
L 01/28/2024 - 21:12:36: "[KOBA] Zwiad<10><STEAM_0:0:41211851><Jinrai>" say "!readylist"
L 01/28/2024 - 21:12:42: "[=]wakfuck<11><STEAM_0:0:62638797><NSF>" say "!readylist"
L 01/28/2024 - 21:12:48: "[=]PyromaniacG<14><STEAM_0:1:25398391><NSF>" say "!sex"
L 01/28/2024 - 21:12:49: "[KOBA] Zwiad<10><STEAM_0:0:41211851><Jinrai>" say "!ready"
L 01/28/2024 - 21:12:54: "[KOBA]TorMechia<15><STEAM_0:1:83071063><Jinrai>" say "!sex"
L 01/28/2024 - 21:12:55: "[=]wakfuck<11><STEAM_0:0:62638797><NSF>" say "!unsex"
L 01/28/2024 - 21:12:57: "TakaVerosa<20><STEAM_0:0:79516516><NSF>" say "!ready"
L 01/28/2024 - 21:13:02: "[KOBA] DESTROYGIRL<19><STEAM_0:0:82737074><Jinrai>" say "we ready?"
L 01/28/2024 - 21:13:02: "[KOBA] Zwiad<10><STEAM_0:0:41211851><Jinrai>" say "!sax"
L 01/28/2024 - 21:13:08: "[KOBA] DESTROYGIRL<19><STEAM_0:0:82737074><Jinrai>" say "!ready"
L 01/28/2024 - 21:13:08: "[=]PyromaniacG<14><STEAM_0:1:25398391><NSF>" say "waiting on snood"
L 01/28/2024 - 21:13:20: "[KOBA] DESTROYGIRL<19><STEAM_0:0:82737074><Jinrai>" say "!unready"
L 01/28/2024 - 21:13:59: "[=]wakfuck<11><STEAM_0:0:62638797><NSF>" say "/t selling srm field tested"
L 01/28/2024 - 21:14:18: "[=]PyromaniacG<14><STEAM_0:1:25398391><NSF>" say "!ready"
L 01/28/2024 - 21:14:20: "[=]wakfuck<11><STEAM_0:0:62638797><NSF>" say "!ready"
L 01/28/2024 - 21:14:27: "[KOBA] Zwiad<10><STEAM_0:0:41211851><Jinrai>" say "!readylist"
L 01/28/2024 - 21:14:54: "[TagsR4Nerds] Average<18><STEAM_0:1:57251237><NSF>" say "!readylist"
L 01/28/2024 - 21:15:23: "[KOBA] DESTROYGIRL<19><STEAM_0:0:82737074><Jinrai>" say "!ready"
L 01/28/2024 - 21:15:27: "[=]PyromaniacG<14><STEAM_0:1:25398391><NSF>" say "!readylist"
L 01/28/2024 - 21:15:27: "[KOBA]ASBOJACK7H<12><STEAM_0:0:559133323><Jinrai>" say "!readylist"
L 01/28/2024 - 21:15:27: "[=]wakfuck<11><STEAM_0:0:62638797><NSF>" say "!unready"
L 01/28/2024 - 21:15:35: "[KOBA]TorMechia<15><STEAM_0:1:83071063><Jinrai>" say "!ready"
L 01/28/2024 - 21:15:40: "[KOBA] glitch<6><STEAM_0:0:526339791><Jinrai>" say_team "!ready"
L 01/28/2024 - 21:16:29: "[=]neotokyosnood<13><STEAM_0:1:47222322><NSF>" say "!readylist"
L 01/28/2024 - 21:16:33: "[=]wakfuck<11><STEAM_0:0:62638797><NSF>" say "!ready]"
L 01/28/2024 - 21:16:34: "[TagsR4Nerds] Average<18><STEAM_0:1:57251237><NSF>" say "!ready"
L 01/28/2024 - 21:16:35: "[=]wakfuck<11><STEAM_0:0:62638797><NSF>" say "!ready"
L 01/28/2024 - 21:16:36: "[=]neotokyosnood<13><STEAM_0:1:47222322><NSF>" say "!ready"
L 01/28/2024 - 21:16:46: "[=]wakfuck<11><STEAM_0:0:62638797><NSF>" say_team "recon"
L 01/28/2024 - 21:16:56: "[KOBA] DESTROYGIRL<19><STEAM_0:0:82737074><Jinrai>" say "!pause"
L 01/28/2024 - 21:17:12: "[TagsR4Nerds] Average<18><STEAM_0:1:57251237><NSF>" say_team "banana"
L 01/28/2024 - 21:17:17: "[KOBA] glitch<6><STEAM_0:0:526339791><Jinrai>" disconnected (reason "Disconnect by user.")
L 01/28/2024 - 21:17:22: "[KOBA] glitch<21><STEAM_ID_PENDING><>" connected, address "2.222.74.85:27005"
L 01/28/2024 - 21:17:22: "[KOBA] glitch<21><STEAM_0:0:526339791><>" STEAM USERID validated
L 01/28/2024 - 21:17:23: "[KOBA] glitch<21><STEAM_0:0:526339791><>" entered the game
L 01/28/2024 - 21:17:25: "[=]neotokyosnood<13><STEAM_0:1:47222322><NSF>" killed "[=]wakfuck<11><STEAM_0:0:62638797><NSF>" with "grenade_projectile"
L 01/28/2024 - 21:17:25: "[KOBA] glitch<21><STEAM_0:0:526339791><Unassigned>" joined team "Jinrai"
L 01/28/2024 - 21:17:26: "[TagsR4Nerds] Average<18><STEAM_0:1:57251237><NSF>" killed "[KOBA] Zwiad<10><STEAM_0:0:41211851><Jinrai>" with "jitte"
L 01/28/2024 - 21:17:28: "[KOBA]TorMechia<15><STEAM_0:1:83071063><Jinrai>" killed "[TagsR4Nerds] Average<18><STEAM_0:1:57251237><NSF>" with "zr68c"
L 01/28/2024 - 21:17:28: "[KOBA] Zwiad<10><STEAM_0:0:41211851><Jinrai>" triggered "kill_assist"
L 01/28/2024 - 21:17:34: "[KOBA]ASBOJACK7H<12><STEAM_0:0:559133323><Jinrai>" killed "[=]PyromaniacG<14><STEAM_0:1:25398391><NSF>" with "jitte"
L 01/28/2024 - 21:17:34: "TakaVerosa<20><STEAM_0:0:79516516><NSF>" killed "[KOBA]ASBOJACK7H<12><STEAM_0:0:559133323><Jinrai>" with "zr68c"
L 01/28/2024 - 21:18:50: "TakaVerosa<20><STEAM_0:0:79516516><NSF>" killed "[KOBA] DESTROYGIRL<19><STEAM_0:0:82737074><Jinrai>" with "zr68c"
L 01/28/2024 - 21:18:50: "[=]neotokyosnood<13><STEAM_0:1:47222322><NSF>" triggered "kill_assist"
L 01/28/2024 - 21:18:51: "[KOBA]TorMechia<15><STEAM_0:1:83071063><Jinrai>" killed "TakaVerosa<20><STEAM_0:0:79516516><NSF>" with "zr68c"
L 01/28/2024 - 21:19:07: "[KOBA] DESTROYGIRL<19><STEAM_0:0:82737074><Jinrai>" say "!unpause"
L 01/28/2024 - 21:19:46: "[=]wakfuck<11><STEAM_0:0:62638797><NSF>" killed "[KOBA]ASBOJACK7H<12><STEAM_0:0:559133323><Jinrai>" with "srm"
L 01/28/2024 - 21:19:53: "[=]wakfuck<11><STEAM_0:0:62638797><NSF>" killed "[KOBA] glitch<21><STEAM_0:0:526339791><Jinrai>" with "srm"
L 01/28/2024 - 21:19:56: "TakaVerosa<20><STEAM_0:0:79516516><NSF>" killed "[KOBA]TorMechia<15><STEAM_0:1:83071063><Jinrai>" with "zr68c"
L 01/28/2024 - 21:20:01: "[KOBA] DESTROYGIRL<19><STEAM_0:0:82737074><Jinrai>" killed "TakaVerosa<20><STEAM_0:0:79516516><NSF>" with "supa7"
L 01/28/2024 - 21:20:01: "[KOBA]TorMechia<15><STEAM_0:1:83071063><Jinrai>" triggered "kill_assist"
L 01/28/2024 - 21:20:03: "[KOBA] Zwiad<10><STEAM_0:0:41211851><Jinrai>" killed "[TagsR4Nerds] Average<18><STEAM_0:1:57251237><NSF>" with "zr68c"
L 01/28/2024 - 21:20:06: "[KOBA] Zwiad<10><STEAM_0:0:41211851><Jinrai>" killed "[=]PyromaniacG<14><STEAM_0:1:25398391><NSF>" with "zr68c"
L 01/28/2024 - 21:20:14: "[TagsR4Nerds] Average<18><STEAM_0:1:57251237><NSF>" say_team "zwiad is 77 hp "
L 01/28/2024 - 21:20:29: "[KOBA] DESTROYGIRL<19><STEAM_0:0:82737074><Jinrai>" killed "[=]wakfuck<11><STEAM_0:0:62638797><NSF>" with "supa7"
L 01/28/2024 - 21:21:25: "[KOBA] DESTROYGIRL<19><STEAM_0:0:82737074><Jinrai>" killed "[=]neotokyosnood<13><STEAM_0:1:47222322><NSF>" with "zr68s"
L 01/28/2024 - 21:22:09: "[KOBA] DESTROYGIRL<19><STEAM_0:0:82737074><Jinrai>" killed "[TagsR4Nerds] Average<18><STEAM_0:1:57251237><NSF>" with "mx"
L 01/28/2024 - 21:22:17: "[KOBA] Zwiad<10><STEAM_0:0:41211851><Jinrai>" killed "TakaVerosa<20><STEAM_0:0:79516516><NSF>" with "mx"
L 01/28/2024 - 21:22:26: "[=]wakfuck<11><STEAM_0:0:62638797><NSF>" killed "[KOBA]TorMechia<15><STEAM_0:1:83071063><Jinrai>" with "srm"
L 01/28/2024 - 21:22:35: "[KOBA] Zwiad<10><STEAM_0:0:41211851><Jinrai>" killed "[=]neotokyosnood<13><STEAM_0:1:47222322><NSF>" with "mx"
L 01/28/2024 - 21:22:53: "[KOBA] glitch<21><STEAM_0:0:526339791><Jinrai>" killed "[=]wakfuck<11><STEAM_0:0:62638797><NSF>" with "zr68s"
L 01/28/2024 - 21:23:10: "[KOBA] Zwiad<10><STEAM_0:0:41211851><Jinrai>" killed "[KOBA] glitch<21><STEAM_0:0:526339791><Jinrai>" with "grenade_projectile"
L 01/28/2024 - 21:23:10: "[KOBA] DESTROYGIRL<19><STEAM_0:0:82737074><Jinrai>" killed "[=]PyromaniacG<14><STEAM_0:1:25398391><NSF>" with "mx"
L 01/28/2024 - 21:23:39: "[KOBA] DESTROYGIRL<19><STEAM_0:0:82737074><Jinrai>" say "xd"
L 01/28/2024 - 21:23:42: "[KOBA] glitch<21><STEAM_0:0:526339791><Jinrai>" say "xd"
L 01/28/2024 - 21:23:55: "[KOBA] DESTROYGIRL<19><STEAM_0:0:82737074><Jinrai>" killed "[=]wakfuck<11><STEAM_0:0:62638797><NSF>" with "mx"
L 01/28/2024 - 21:24:03: "[KOBA] DESTROYGIRL<19><STEAM_0:0:82737074><Jinrai>" killed "[TagsR4Nerds] Average<18><STEAM_0:1:57251237><NSF>" with "mx"
L 01/28/2024 - 21:24:14: "[KOBA]ASBOJACK7H<12><STEAM_0:0:559133323><Jinrai>" killed "[=]neotokyosnood<13><STEAM_0:1:47222322><NSF>" with "zr68s"
L 01/28/2024 - 21:24:16: "[KOBA]ASBOJACK7H<12><STEAM_0:0:559133323><Jinrai>" killed "[=]PyromaniacG<14><STEAM_0:1:25398391><NSF>" with "zr68s"
L 01/28/2024 - 21:24:18: "[KOBA] DESTROYGIRL<19><STEAM_0:0:82737074><Jinrai>" killed "TakaVerosa<20><STEAM_0:0:79516516><NSF>" with "kyla"
L 01/28/2024 - 21:24:18: "[KOBA]TorMechia<15><STEAM_0:1:83071063><Jinrai>" triggered "kill_assist"
L 01/28/2024 - 21:24:59: "[KOBA] DESTROYGIRL<19><STEAM_0:0:82737074><Jinrai>" killed "[TagsR4Nerds] Average<18><STEAM_0:1:57251237><NSF>" with "mx"
L 01/28/2024 - 21:25:02: "[=]PyromaniacG<14><STEAM_0:1:25398391><NSF>" killed "[KOBA] glitch<21><STEAM_0:0:526339791><Jinrai>" with "zr68s"
L 01/28/2024 - 21:25:39: "TakaVerosa<20><STEAM_0:0:79516516><NSF>" killed "[KOBA] DESTROYGIRL<19><STEAM_0:0:82737074><Jinrai>" with "zr68c"
L 01/28/2024 - 21:25:48: "[=]PyromaniacG<14><STEAM_0:1:25398391><NSF>" killed "[KOBA]ASBOJACK7H<12><STEAM_0:0:559133323><Jinrai>" with "zr68s"
L 01/28/2024 - 21:25:51: "[=]wakfuck<11><STEAM_0:0:62638797><NSF>" killed "[KOBA] Zwiad<10><STEAM_0:0:41211851><Jinrai>" with "supa7"
L 01/28/2024 - 21:25:52: "[=]PyromaniacG<14><STEAM_0:1:25398391><NSF>" killed "[KOBA]TorMechia<15><STEAM_0:1:83071063><Jinrai>" with "zr68s"
L 01/28/2024 - 21:26:17: "[=]neotokyosnood<13><STEAM_0:1:47222322><NSF>" say "neet soy forces comeback"
L 01/28/2024 - 21:26:38: "[KOBA] Zwiad<10><STEAM_0:0:41211851><Jinrai>" killed "[TagsR4Nerds] Average<18><STEAM_0:1:57251237><NSF>" with "mx"
L 01/28/2024 - 21:26:45: "[=]wakfuck<11><STEAM_0:0:62638797><NSF>" killed "[KOBA] Zwiad<10><STEAM_0:0:41211851><Jinrai>" with "jittescoped"
L 01/28/2024 - 21:26:45: "[TagsR4Nerds] Average<18><STEAM_0:1:57251237><NSF>" triggered "kill_assist"
L 01/28/2024 - 21:26:55: "[KOBA]ASBOJACK7H<12><STEAM_0:0:559133323><Jinrai>" killed "[=]PyromaniacG<14><STEAM_0:1:25398391><NSF>" with "zr68s"
L 01/28/2024 - 21:26:57: "[KOBA]ASBOJACK7H<12><STEAM_0:0:559133323><Jinrai>" killed "TakaVerosa<20><STEAM_0:0:79516516><NSF>" with "zr68s"
L 01/28/2024 - 21:26:59: "[TagsR4Nerds] Average<18><STEAM_0:1:57251237><NSF>" say_team "another one was by zwiad "
L 01/28/2024 - 21:27:16: "[KOBA]ASBOJACK7H<12><STEAM_0:0:559133323><Jinrai>" killed "[=]wakfuck<11><STEAM_0:0:62638797><NSF>" with "zr68s"
L 01/28/2024 - 21:27:16: "[KOBA]TorMechia<15><STEAM_0:1:83071063><Jinrai>" triggered "kill_assist"
L 01/28/2024 - 21:27:30: "[=]neotokyosnood<13><STEAM_0:1:47222322><NSF>" killed "[KOBA]ASBOJACK7H<12><STEAM_0:0:559133323><Jinrai>" with "zr68s"
L 01/28/2024 - 21:27:36: "[=]neotokyosnood<13><STEAM_0:1:47222322><NSF>" killed "[KOBA] glitch<21><STEAM_0:0:526339791><Jinrai>" with "grenade_projectile"
L 01/28/2024 - 21:27:38: "[KOBA] DESTROYGIRL<19><STEAM_0:0:82737074><Jinrai>" killed "[=]neotokyosnood<13><STEAM_0:1:47222322><NSF>" with "mx"
L 01/28/2024 - 21:27:38: "[KOBA]ASBOJACK7H<12><STEAM_0:0:559133323><Jinrai>" triggered "kill_assist"
L 01/28/2024 - 21:28:16: "[KOBA] DESTROYGIRL<19><STEAM_0:0:82737074><Jinrai>" killed "[TagsR4Nerds] Average<18><STEAM_0:1:57251237><NSF>" with "mx"
L 01/28/2024 - 21:28:27: "[KOBA] Zwiad<10><STEAM_0:0:41211851><Jinrai>" killed "TakaVerosa<20><STEAM_0:0:79516516><NSF>" with "mx"
L 01/28/2024 - 21:28:41: "[KOBA]ASBOJACK7H<12><STEAM_0:0:559133323><Jinrai>" killed "[=]PyromaniacG<14><STEAM_0:1:25398391><NSF>" with "mx"
L 01/28/2024 - 21:28:57: "[KOBA] DESTROYGIRL<19><STEAM_0:0:82737074><Jinrai>" killed "[=]neotokyosnood<13><STEAM_0:1:47222322><NSF>" with "mx"
L 01/28/2024 - 21:29:20: "[=]wakfuck<11><STEAM_0:0:62638797><NSF>" killed "[KOBA] glitch<21><STEAM_0:0:526339791><Jinrai>" with "jittescoped"
L 01/28/2024 - 21:29:20: "[=]PyromaniacG<14><STEAM_0:1:25398391><NSF>" triggered "kill_assist"
L 01/28/2024 - 21:29:30: "[KOBA]ASBOJACK7H<12><STEAM_0:0:559133323><Jinrai>" killed "[=]wakfuck<11><STEAM_0:0:62638797><NSF>" with "mx"
L 01/28/2024 - 21:30:13: "[TagsR4Nerds] Average<18><STEAM_0:1:57251237><NSF>" killed "[KOBA]ASBOJACK7H<12><STEAM_0:0:559133323><Jinrai>" with "srm"
L 01/28/2024 - 21:30:20: "[KOBA]TorMechia<15><STEAM_0:1:83071063><Jinrai>" killed "[TagsR4Nerds] Average<18><STEAM_0:1:57251237><NSF>" with "mx"
L 01/28/2024 - 21:30:20: "[KOBA]ASBOJACK7H<12><STEAM_0:0:559133323><Jinrai>" triggered "kill_assist"
L 01/28/2024 - 21:30:22: "[KOBA] glitch<21><STEAM_0:0:526339791><Jinrai>" killed "TakaVerosa<20><STEAM_0:0:79516516><NSF>" with "srm"
L 01/28/2024 - 21:30:32: "[=]PyromaniacG<14><STEAM_0:1:25398391><NSF>" killed "[KOBA] Zwiad<10><STEAM_0:0:41211851><Jinrai>" with "mx"
L 01/28/2024 - 21:31:18: "[=]wakfuck<11><STEAM_0:0:62638797><NSF>" killed "[KOBA] glitch<21><STEAM_0:0:526339791><Jinrai>" with "jittescoped"
L 01/28/2024 - 21:31:45: "[=]PyromaniacG<14><STEAM_0:1:25398391><NSF>" killed "[KOBA]TorMechia<15><STEAM_0:1:83071063><Jinrai>" with "mx"
L 01/28/2024 - 21:32:26: "[KOBA] DESTROYGIRL<19><STEAM_0:0:82737074><Jinrai>" killed "[=]PyromaniacG<14><STEAM_0:1:25398391><NSF>" with "mx"
L 01/28/2024 - 21:32:26: "[KOBA]TorMechia<15><STEAM_0:1:83071063><Jinrai>" triggered "kill_assist"
L 01/28/2024 - 21:32:43: "[KOBA] DESTROYGIRL<19><STEAM_0:0:82737074><Jinrai>" killed "[=]wakfuck<11><STEAM_0:0:62638797><NSF>" with "mx"
L 01/28/2024 - 21:32:43: "[=]neotokyosnood<13><STEAM_0:1:47222322><NSF>" killed "[KOBA] DESTROYGIRL<19><STEAM_0:0:82737074><Jinrai>" with "mx"
L 01/28/2024 - 21:32:56: "[KOBA]TorMechia<15><STEAM_0:1:83071063><Jinrai>" say "nice play"
L 01/28/2024 - 21:33:11: "[=]wakfuck<11><STEAM_0:0:62638797><NSF>" say_team "zr68c trade?"
L 01/28/2024 - 21:33:35: "[TagsR4Nerds] Average<18><STEAM_0:1:57251237><NSF>" killed "[KOBA]TorMechia<15><STEAM_0:1:83071063><Jinrai>" with "srm"
L 01/28/2024 - 21:33:46: "[KOBA] DESTROYGIRL<19><STEAM_0:0:82737074><Jinrai>" killed "[TagsR4Nerds] Average<18><STEAM_0:1:57251237><NSF>" with "mx"
L 01/28/2024 - 21:33:52: "[KOBA] Zwiad<10><STEAM_0:0:41211851><Jinrai>" killed "[=]wakfuck<11><STEAM_0:0:62638797><NSF>" with "mx"
L 01/28/2024 - 21:33:52: "[KOBA] glitch<21><STEAM_0:0:526339791><Jinrai>" triggered "kill_assist"
L 01/28/2024 - 21:34:03: "[=]PyromaniacG<14><STEAM_0:1:25398391><NSF>" killed "[KOBA]ASBOJACK7H<12><STEAM_0:0:559133323><Jinrai>" with "mx"
L 01/28/2024 - 21:34:03: "TakaVerosa<20><STEAM_0:0:79516516><NSF>" triggered "kill_assist"
L 01/28/2024 - 21:34:11: "[TagsR4Nerds] Average<18><STEAM_0:1:57251237><NSF>" say_team "destroygirl is half hp support "
L 01/28/2024 - 21:34:20: "[KOBA] Zwiad<10><STEAM_0:0:41211851><Jinrai>" killed "[=]PyromaniacG<14><STEAM_0:1:25398391><NSF>" with "mx"
L 01/28/2024 - 21:34:22: "[KOBA] DESTROYGIRL<19><STEAM_0:0:82737074><Jinrai>" killed "[=]neotokyosnood<13><STEAM_0:1:47222322><NSF>" with "mx"
L 01/28/2024 - 21:34:27: "[KOBA] Zwiad<10><STEAM_0:0:41211851><Jinrai>" killed "TakaVerosa<20><STEAM_0:0:79516516><NSF>" with "mx"
L 01/28/2024 - 21:34:27: "[KOBA]ASBOJACK7H<12><STEAM_0:0:559133323><Jinrai>" triggered "kill_assist"
L 01/28/2024 - 21:35:10: "[=]PyromaniacG<14><STEAM_0:1:25398391><NSF>" killed "[KOBA]ASBOJACK7H<12><STEAM_0:0:559133323><Jinrai>" with "mx_silenced"
L 01/28/2024 - 21:35:22: "[TagsR4Nerds] Average<18><STEAM_0:1:57251237><NSF>" say_team "be acreful detpack"
L 01/28/2024 - 21:35:36: "[=]PyromaniacG<14><STEAM_0:1:25398391><NSF>" killed "[KOBA] glitch<21><STEAM_0:0:526339791><Jinrai>" with "mx_silenced"
L 01/28/2024 - 21:35:37: "[TagsR4Nerds] Average<18><STEAM_0:1:57251237><NSF>" say_team "careful snood "
L 01/28/2024 - 21:35:40: "TakaVerosa<20><STEAM_0:0:79516516><NSF>" killed "[KOBA] DESTROYGIRL<19><STEAM_0:0:82737074><Jinrai>" with "mx"
L 01/28/2024 - 21:35:46: "[KOBA] Zwiad<10><STEAM_0:0:41211851><Jinrai>" killed "[=]wakfuck<11><STEAM_0:0:62638797><NSF>" with "mx"
L 01/28/2024 - 21:35:46: "[KOBA] glitch<21><STEAM_0:0:526339791><Jinrai>" triggered "kill_assist"
L 01/28/2024 - 21:35:54: "[KOBA]TorMechia<15><STEAM_0:1:83071063><Jinrai>" killed "[TagsR4Nerds] Average<18><STEAM_0:1:57251237><NSF>" with "mx"
L 01/28/2024 - 21:36:07: "TakaVerosa<20><STEAM_0:0:79516516><NSF>" killed "[KOBA]TorMechia<15><STEAM_0:1:83071063><Jinrai>" with "mx"
L 01/28/2024 - 21:36:07: "[TagsR4Nerds] Average<18><STEAM_0:1:57251237><NSF>" triggered "kill_assist"
L 01/28/2024 - 21:37:03: "[KOBA] Zwiad<10><STEAM_0:0:41211851><Jinrai>" killed "TakaVerosa<20><STEAM_0:0:79516516><NSF>" with "mx"
L 01/28/2024 - 21:37:03: "[KOBA] DESTROYGIRL<19><STEAM_0:0:82737074><Jinrai>" triggered "kill_assist"
L 01/28/2024 - 21:37:08: "[=]PyromaniacG<14><STEAM_0:1:25398391><NSF>" killed "[KOBA] Zwiad<10><STEAM_0:0:41211851><Jinrai>" with "mx_silenced"
L 01/28/2024 - 21:37:52: "[=]PyromaniacG<14><STEAM_0:1:25398391><NSF>" killed "[KOBA] glitch<21><STEAM_0:0:526339791><Jinrai>" with "mx_silenced"
L 01/28/2024 - 21:37:58: "[KOBA]ASBOJACK7H<12><STEAM_0:0:559133323><Jinrai>" killed "[=]PyromaniacG<14><STEAM_0:1:25398391><NSF>" with "zr68c"
L 01/28/2024 - 21:37:58: "[KOBA] glitch<21><STEAM_0:0:526339791><Jinrai>" triggered "kill_assist"
L 01/28/2024 - 21:38:28: "[KOBA]ASBOJACK7H<12><STEAM_0:0:559133323><Jinrai>" killed "[TagsR4Nerds] Average<18><STEAM_0:1:57251237><NSF>" with "zr68c"
L 01/28/2024 - 21:38:31: "[KOBA] Zwiad<10><STEAM_0:0:41211851><Jinrai>" killed "[=]wakfuck<11><STEAM_0:0:62638797><NSF>" with "mx"
L 01/28/2024 - 21:38:32: "TakaVerosa<20><STEAM_0:0:79516516><NSF>" killed "[KOBA]ASBOJACK7H<12><STEAM_0:0:559133323><Jinrai>" with "mx_silenced"
L 01/28/2024 - 21:39:20: "[KOBA]TorMechia<15><STEAM_0:1:83071063><Jinrai>" killed "[=]neotokyosnood<13><STEAM_0:1:47222322><NSF>" with "mx"
L 01/28/2024 - 21:39:22: "[KOBA]TorMechia<15><STEAM_0:1:83071063><Jinrai>" killed "TakaVerosa<20><STEAM_0:0:79516516><NSF>" with "mx"
L 01/28/2024 - 21:39:22: "[KOBA] Zwiad<10><STEAM_0:0:41211851><Jinrai>" triggered "kill_assist"
L 01/28/2024 - 21:40:03: "[KOBA] Zwiad<10><STEAM_0:0:41211851><Jinrai>" killed "[TagsR4Nerds] Average<18><STEAM_0:1:57251237><NSF>" with "mx"
L 01/28/2024 - 21:40:16: "[KOBA]ASBOJACK7H<12><STEAM_0:0:559133323><Jinrai>" killed "[=]wakfuck<11><STEAM_0:0:62638797><NSF>" with "grenade_projectile"
L 01/28/2024 - 21:40:16: "[KOBA] glitch<21><STEAM_0:0:526339791><Jinrai>" triggered "kill_assist"
L 01/28/2024 - 21:40:19: "[KOBA] DESTROYGIRL<19><STEAM_0:0:82737074><Jinrai>" killed "[=]PyromaniacG<14><STEAM_0:1:25398391><NSF>" with "mx"
L 01/28/2024 - 21:40:20: "[=]neotokyosnood<13><STEAM_0:1:47222322><NSF>" killed "[KOBA]ASBOJACK7H<12><STEAM_0:0:559133323><Jinrai>" with "mx_silenced"
L 01/28/2024 - 21:40:31: "[KOBA]TorMechia<15><STEAM_0:1:83071063><Jinrai>" killed "TakaVerosa<20><STEAM_0:0:79516516><NSF>" with "mx"
L 01/28/2024 - 21:40:31: "[KOBA] Zwiad<10><STEAM_0:0:41211851><Jinrai>" triggered "kill_assist"
L 01/28/2024 - 21:40:41: "[KOBA] glitch<21><STEAM_0:0:526339791><Jinrai>" killed "[=]neotokyosnood<13><STEAM_0:1:47222322><NSF>" with "mx"
L 01/28/2024 - 21:40:44: "[KOBA] Zwiad<10><STEAM_0:0:41211851><Jinrai>" say "gg"
L 01/28/2024 - 21:40:45: "[=]PyromaniacG<14><STEAM_0:1:25398391><NSF>" say "gg"
L 01/28/2024 - 21:40:46: "[KOBA]TorMechia<15><STEAM_0:1:83071063><Jinrai>" say "gg"
L 01/28/2024 - 21:40:46: "[KOBA] glitch<21><STEAM_0:0:526339791><Jinrai>" say "gg"
L 01/28/2024 - 21:40:46: "[=]wakfuck<11><STEAM_0:0:62638797><NSF>" say "ggs"
L 01/28/2024 - 21:40:46: "[=]neotokyosnood<13><STEAM_0:1:47222322><NSF>" say "gg"
L 01/28/2024 - 21:40:47: "[KOBA] DESTROYGIRL<19><STEAM_0:0:82737074><Jinrai>" say "gg"
L 01/28/2024 - 21:40:52: "[KOBA] glitch<21><STEAM_0:0:526339791><Jinrai>" say "ggwp"
L 01/28/2024 - 21:40:55: "[=]neotokyosnood<13><STEAM_0:1:47222322><NSF>" say "gg"
L 01/28/2024 - 21:40:58: "[TagsR4Nerds] Average<18><STEAM_0:1:57251237><NSF>" joined team "Unassigned"
L 01/28/2024 - 21:40:59: "[TagsR4Nerds] Average<18><STEAM_0:1:57251237><Unassigned>" joined team "Spectator"
L 01/28/2024 - 21:41:00: "[TagsR4Nerds] Average<18><STEAM_0:1:57251237><Spectator>" disconnected (reason "Disconnect by user.")
L 01/28/2024 - 21:41:04: "[KOBA]ASBOJACK7H<12><STEAM_0:0:559133323><Jinrai>" say "gg"
L 01/28/2024 - 21:41:11: "[=]neotokyosnood<13><STEAM_0:1:47222322><NSF>" say "gg"
L 01/28/2024 - 21:41:17: "[=]neotokyosnood<13><STEAM_0:1:47222322><NSF>" disconnected (reason "Disconnect by user.")
L 01/28/2024 - 21:41:21: "[=]wakfuck<11><STEAM_0:0:62638797><NSF>" disconnected (reason "Disconnect by user.")
L 01/28/2024 - 21:41:31: "[KOBA] DESTROYGIRL<19><STEAM_0:0:82737074><Jinrai>" disconnected (reason "Disconnect by user.")
L 01/28/2024 - 21:41:31: "[KOBA]ASBOJACK7H<12><STEAM_0:0:559133323><Jinrai>" disconnected (reason "Disconnect by user.")
L 01/28/2024 - 21:41:42: "[KOBA]TorMechia<15><STEAM_0:1:83071063><Jinrai>" disconnected (reason "Disconnect by user.")
L 01/28/2024 - 21:41:50: "[KOBA] Zwiad<10><STEAM_0:0:41211851><Jinrai>" disconnected (reason "Disconnect by user.")
L 01/28/2024 - 21:41:54: "[KOBA] glitch<21><STEAM_0:0:526339791><Jinrai>" disconnected (reason "Disconnect by user.")
L 01/28/2024 - 21:42:09: "[=]PyromaniacG<14><STEAM_0:1:25398391><NSF>" disconnected (reason "Disconnect by user.")
L 01/28/2024 - 21:42:14: "TakaVerosa<20><STEAM_0:0:79516516><NSF>" disconnected (reason "Disconnect by user.")
L 01/28/2024 - 22:43:10: "[BONK] StellaNova<22><STEAM_ID_PENDING><>" connected, address "5.48.156.240:27005"
L 01/28/2024 - 22:43:10: "[BONK] StellaNova<22><STEAM_0:0:31290862><>" STEAM USERID validated
L 01/28/2024 - 22:43:42: "[BONK] StellaNova<22><STEAM_0:0:31290862><>" entered the game
L 01/28/2024 - 22:43:48: "suna<23><STEAM_ID_PENDING><>" connected, address "91.101.200.241:27005"
L 01/28/2024 - 22:43:48: "suna<23><STEAM_0:1:29157668><>" STEAM USERID validated
L 01/28/2024 - 22:43:52: "suna<23><STEAM_0:1:29157668><>" entered the game
L 01/28/2024 - 22:43:53: "[BONK] StellaNova<22><STEAM_0:0:31290862><Unassigned>" joined team "Spectator"
L 01/28/2024 - 22:44:06: "suna<23><STEAM_0:1:29157668><Unassigned>" joined team "NSF"
L 01/28/2024 - 22:44:28: "[BONK] StellaNova<22><STEAM_0:0:31290862><Spectator>" joined team "NSF"
L 01/28/2024 - 22:45:02: "[MXican] talibus<24><STEAM_ID_PENDING><>" connected, address "83.28.167.249:9818"
L 01/28/2024 - 22:45:02: "[MXican] talibus<24><STEAM_0:0:15980775><>" STEAM USERID validated
L 01/28/2024 - 22:45:45: "Moffin<25><STEAM_ID_PENDING><>" connected, address "77.102.123.242:27005"
L 01/28/2024 - 22:45:45: "Moffin<25><STEAM_0:1:42031632><>" STEAM USERID validated
L 01/28/2024 - 22:45:53: "[MXican] Ghost Lizard<26><STEAM_ID_PENDING><>" connected, address "87.2.131.118:27005"
L 01/28/2024 - 22:45:53: "[MXican] Ghost Lizard<26><STEAM_0:1:20336729><>" STEAM USERID validated
L 01/28/2024 - 22:45:54: "[MXican] talibus<24><STEAM_0:0:15980775><>" entered the game
L 01/28/2024 - 22:45:57: "[MXican] Ghost Lizard<26><STEAM_0:1:20336729><>" entered the game
L 01/28/2024 - 22:46:00: "[MXican] Ghost Lizard<26><STEAM_0:1:20336729><Unassigned>" joined team "Spectator"
L 01/28/2024 - 22:46:05: "Moffin<25><STEAM_0:1:42031632><>" entered the game
L 01/28/2024 - 22:46:11: "Moffin<25><STEAM_0:1:42031632><Unassigned>" joined team "Spectator"
L 01/28/2024 - 22:46:14: "[DYS] bauxite<27><STEAM_ID_PENDING><>" connected, address "86.13.114.58:27005"
L 01/28/2024 - 22:46:14: "[DYS] bauxite<27><STEAM_0:0:5757747><>" STEAM USERID validated
L 01/28/2024 - 22:46:17: "[DYS] bauxite<27><STEAM_0:0:5757747><>" entered the game
L 01/28/2024 - 22:46:18: "[BONK] StellaNova<22><STEAM_0:0:31290862><NSF>" say_team "!nominate"
L 01/28/2024 - 22:46:20: "[Mormon Ikki] Falling Rain 90<28><STEAM_ID_PENDING><>" connected, address "91.96.203.56:27005"
L 01/28/2024 - 22:46:20: "[Mormon Ikki] Falling Rain 90<28><STEAM_0:1:39165168><>" STEAM USERID validated
L 01/28/2024 - 22:46:21: "[MXican] talibus<24><STEAM_0:0:15980775><Unassigned>" joined team "Spectator"
L 01/28/2024 - 22:46:24: "[DYS] bauxite<27><STEAM_0:0:5757747><Unassigned>" joined team "Spectator"
L 01/28/2024 - 22:46:29: "[DYS] bauxite<27><STEAM_0:0:5757747><Spectator>" say "!map nt_threadplate_ctg"
L 01/28/2024 - 22:46:32: [META] Loaded 0 plugins (1 already loaded)
L 01/28/2024 - 22:46:32: [META] Loaded 0 plugins (1 already loaded)
L 01/28/2024 - 22:46:32: Log file closed
