L 02/17/2024 - 19:33:22: Log file started (file "logs\L0217060.log") (game "z:\home\steam\steam\steamapps\common\nt\NeotokyoSource") (version "4044")
L 02/17/2024 - 19:33:22: server_cvar: "sv_pausable" "0"
L 02/17/2024 - 19:33:22: server_cvar: "sv_contact" "baux.site"
L 02/17/2024 - 19:33:22: server_cvar: "sv_gravity" "800"
L 02/17/2024 - 19:33:22: server_cvar: "mp_friendlyfire" "1"
L 02/17/2024 - 19:33:24: "[KOBA]ASBOJACK7H<5><STEAM_0:0:559133323><>" entered the game
L 02/17/2024 - 19:33:25: "[ADMIN] Infrequent<18><STEAM_0:1:6384081><>" entered the game
L 02/17/2024 - 19:33:25: "[FEET] Syncer<15><STEAM_0:0:88962302><>" entered the game
L 02/17/2024 - 19:33:27: "[ADMIN] Infrequent<18><STEAM_0:1:6384081><Unassigned>" joined team "Spectator"
L 02/17/2024 - 19:33:27: "[KOBA]ASBOJACK7H<5><STEAM_0:0:559133323><Unassigned>" joined team "Jinrai"
L 02/17/2024 - 19:33:28: "[FEET] Syncer<15><STEAM_0:0:88962302><Unassigned>" joined team "Jinrai"
L 02/17/2024 - 19:33:28: "[KOBA] DESTROYGIRL<16><STEAM_0:0:82737074><>" entered the game
L 02/17/2024 - 19:33:28: "[FEET] drt<7><STEAM_0:1:16721927><>" entered the game
L 02/17/2024 - 19:33:30: "[KOBA] Zwiad<6><STEAM_0:0:41211851><>" entered the game
L 02/17/2024 - 19:33:31: "[FEET] Serbian Guy<17><STEAM_0:1:91548287><>" entered the game
L 02/17/2024 - 19:33:31: "[KOBA] Shlup<8><STEAM_0:1:541462709><>" entered the game
L 02/17/2024 - 19:33:32: "[FEET] Kasietti<9><STEAM_0:0:181630571><>" entered the game
L 02/17/2024 - 19:33:33: "[KOBA] Zwiad<6><STEAM_0:0:41211851><Unassigned>" joined team "NSF"
L 02/17/2024 - 19:33:33: "[FEET] drt<7><STEAM_0:1:16721927><Unassigned>" joined team "Jinrai"
L 02/17/2024 - 19:33:33: "[FEET] Rezneps<11><STEAM_0:1:66564980><>" entered the game
L 02/17/2024 - 19:33:34: "[FEET] Serbian Guy<17><STEAM_0:1:91548287><Unassigned>" joined team "Jinrai"
L 02/17/2024 - 19:33:34: "[KOBA] Shlup<8><STEAM_0:1:541462709><Unassigned>" joined team "NSF"
L 02/17/2024 - 19:33:36: "[KOBA] DESTROYGIRL<16><STEAM_0:0:82737074><Unassigned>" joined team "NSF"
L 02/17/2024 - 19:33:36: "[KOBA]ASBOJACK7H<5><STEAM_0:0:559133323><Jinrai>" say "!read"
L 02/17/2024 - 19:33:38: "[FEET] Kasietti<9><STEAM_0:0:181630571><Unassigned>" joined team "Jinrai"
L 02/17/2024 - 19:33:39: "[FEET] Rezneps<11><STEAM_0:1:66564980><Unassigned>" joined team "Jinrai"
L 02/17/2024 - 19:33:41: "[FEET] drt<7><STEAM_0:1:16721927><Jinrai>" say "!ready"
L 02/17/2024 - 19:33:41: "[KOBA]ASBOJACK7H<5><STEAM_0:0:559133323><Jinrai>" say "!ready"
L 02/17/2024 - 19:33:41: "[KOBA]Voodoo<12><STEAM_0:0:454847959><>" entered the game
L 02/17/2024 - 19:33:43: "[FEET] Kasietti<9><STEAM_0:0:181630571><Jinrai>" disconnected (reason "Disconnect by user.")
L 02/17/2024 - 19:33:44: "[KOBA]Voodoo<12><STEAM_0:0:454847959><Unassigned>" joined team "NSF"
L 02/17/2024 - 19:33:55: "[KOBA]ASBOJACK7H<5><STEAM_0:0:559133323><Jinrai>" say "!n"
L 02/17/2024 - 19:33:55: "[KOBA]ASBOJACK7H<5><STEAM_0:0:559133323><Jinrai>" committed suicide with "player"
L 02/17/2024 - 19:33:55: "[KOBA]ASBOJACK7H<5><STEAM_0:0:559133323><Jinrai>" joined team "NSF"
L 02/17/2024 - 19:33:59: "[KOBA]ASBOJACK7H<5><STEAM_0:0:559133323><NSF>" say "!ready"
L 02/17/2024 - 19:34:03: "[FEET] Kasietti<19><STEAM_ID_PENDING><>" connected, address "85.96.67.225:27005"
L 02/17/2024 - 19:34:04: "[FEET] Kasietti<19><STEAM_0:0:181630571><>" STEAM USERID validated
L 02/17/2024 - 19:34:08: "[FEET] Kasietti<19><STEAM_0:0:181630571><>" entered the game
L 02/17/2024 - 19:34:10: "[FEET] Kasietti<19><STEAM_0:0:181630571><Unassigned>" joined team "Jinrai"
L 02/17/2024 - 19:34:25: "[KOBA] Zwiad<6><STEAM_0:0:41211851><NSF>" say "!ready"
L 02/17/2024 - 19:34:27: "[KOBA] DESTROYGIRL<16><STEAM_0:0:82737074><NSF>" say "!ready"
L 02/17/2024 - 19:34:28: "[KOBA] Shlup<8><STEAM_0:1:541462709><NSF>" say "!ready"
L 02/17/2024 - 19:34:28: "[KOBA]Voodoo<12><STEAM_0:0:454847959><NSF>" say "!ready"
L 02/17/2024 - 19:34:36: "[FEET] Kasietti<19><STEAM_0:0:181630571><Jinrai>" say "!readylist"
L 02/17/2024 - 19:34:45: "[FEET] Kasietti<19><STEAM_0:0:181630571><Jinrai>" joined team "Spectator"
L 02/17/2024 - 19:35:25: "[FEET] Kasietti<19><STEAM_0:0:181630571><Spectator>" joined team "Jinrai"
L 02/17/2024 - 19:35:27: "[FEET] Kasietti<19><STEAM_0:0:181630571><Jinrai>" say "!ready"
L 02/17/2024 - 19:35:32: "[FEET] Syncer<15><STEAM_0:0:88962302><Jinrai>" say "!ready"
L 02/17/2024 - 19:36:06: "[KOBA]ASBOJACK7H<5><STEAM_0:0:559133323><NSF>" say "!readylist"
L 02/17/2024 - 19:36:07: "[FEET] Serbian Guy<17><STEAM_0:1:91548287><Jinrai>" say "!ready"
L 02/17/2024 - 19:36:08: "[KOBA]Voodoo<12><STEAM_0:0:454847959><NSF>" say_team "!ready"
L 02/17/2024 - 19:36:11: "[FEET] Syncer<15><STEAM_0:0:88962302><Jinrai>" say "!ready"
L 02/17/2024 - 19:36:32: "[KOBA] Zwiad<6><STEAM_0:0:41211851><NSF>" say "!unready"
L 02/17/2024 - 19:36:34: "[FEET] Syncer<15><STEAM_0:0:88962302><Jinrai>" say "!settings"
L 02/17/2024 - 19:36:36: "[KOBA]ASBOJACK7H<5><STEAM_0:0:559133323><NSF>" say "REZNEPS"
L 02/17/2024 - 19:36:37: "[KOBA]ASBOJACK7H<5><STEAM_0:0:559133323><NSF>" say "AHAHAHH]"
L 02/17/2024 - 19:36:43: "[FEET] Rezneps<11><STEAM_0:1:66564980><Jinrai>" say "hi"
L 02/17/2024 - 19:36:47: "[KOBA]ASBOJACK7H<5><STEAM_0:0:559133323><NSF>" say "hello :3"
L 02/17/2024 - 19:36:58: "[KOBA] Zwiad<6><STEAM_0:0:41211851><NSF>" say "rezneps kurwa ready up"
L 02/17/2024 - 19:37:05: "[FEET] Rezneps<11><STEAM_0:1:66564980><Jinrai>" say "we might sub someone in"
L 02/17/2024 - 19:37:30: "[FEET] Serbian Guy<17><STEAM_0:1:91548287><Jinrai>" say "!unready"
L 02/17/2024 - 19:38:46: "[FEET] Rezneps<11><STEAM_0:1:66564980><Jinrai>" say_team "jinhai get back to you/"
L 02/17/2024 - 19:38:48: "[KOBA] DESTROYGIRL<16><STEAM_0:0:82737074><NSF>" say "!readylist"
L 02/17/2024 - 19:38:49: "[FEET] Rezneps<11><STEAM_0:1:66564980><Jinrai>" say "?"
L 02/17/2024 - 19:38:57: "[KOBA]ASBOJACK7H<5><STEAM_0:0:559133323><NSF>" say "!readylist"
L 02/17/2024 - 19:39:01: "[KOBA] Zwiad<6><STEAM_0:0:41211851><NSF>" say "you guys finished switching players?"
L 02/17/2024 - 19:39:01: "[FEET] Rezneps<11><STEAM_0:1:66564980><Jinrai>" say "!ready"
L 02/17/2024 - 19:39:08: "[FEET] Rezneps<11><STEAM_0:1:66564980><Jinrai>" say "he quit the team"
L 02/17/2024 - 19:39:09: "[FEET] Syncer<15><STEAM_0:0:88962302><Jinrai>" say "!ready"
L 02/17/2024 - 19:39:17: "[FEET] Serbian Guy<17><STEAM_0:1:91548287><Jinrai>" say "!ready"
L 02/17/2024 - 19:39:17: "[KOBA] Zwiad<6><STEAM_0:0:41211851><NSF>" say "oof"
L 02/17/2024 - 19:39:19: "[FEET] Kasietti<19><STEAM_0:0:181630571><Jinrai>" say "!ready"
L 02/17/2024 - 19:39:21: "[KOBA] Shlup<8><STEAM_0:1:541462709><NSF>" say "who did?"
L 02/17/2024 - 19:39:21: "[KOBA]ASBOJACK7H<5><STEAM_0:0:559133323><NSF>" say "WAT"
L 02/17/2024 - 19:39:23: "[FEET] drt<7><STEAM_0:1:16721927><Jinrai>" say "he saw our first map and quit"
L 02/17/2024 - 19:39:27: "[FEET] Serbian Guy<17><STEAM_0:1:91548287><Jinrai>" say ":skull:"
L 02/17/2024 - 19:39:29: "[FEET] Serbian Guy<17><STEAM_0:1:91548287><Jinrai>" say " fqweuais bidsfb yihdfgbhltdr"
L 02/17/2024 - 19:39:30: "[FEET] Syncer<15><STEAM_0:0:88962302><Jinrai>" say "LOL"
L 02/17/2024 - 19:39:32: "[KOBA] Shlup<8><STEAM_0:1:541462709><NSF>" say "who quit??"
L 02/17/2024 - 19:39:33: "[KOBA] DESTROYGIRL<16><STEAM_0:0:82737074><NSF>" say "flavoursome"
L 02/17/2024 - 19:39:34: "[FEET] Serbian Guy<17><STEAM_0:1:91548287><Jinrai>" say "SXSXXSXASXXAXAXAXXAXAXAXAXA'"
L 02/17/2024 - 19:39:35: "[FEET] drt<7><STEAM_0:1:16721927><Jinrai>" say "jinhai"
L 02/17/2024 - 19:39:39: "[FEET] Serbian Guy<17><STEAM_0:1:91548287><Jinrai>" say "he left"
L 02/17/2024 - 19:39:40: "[FEET] Syncer<15><STEAM_0:0:88962302><Jinrai>" say "quithai"
L 02/17/2024 - 19:39:43: "[KOBA] DESTROYGIRL<16><STEAM_0:0:82737074><NSF>" say "sad"
L 02/17/2024 - 19:39:46: "[KOBA] Zwiad<6><STEAM_0:0:41211851><NSF>" say "!ready"
L 02/17/2024 - 19:40:02: "[FEET] Kasietti<19><STEAM_0:0:181630571><Jinrai>" say "!pause"
L 02/17/2024 - 19:40:02: "[FEET] Syncer<15><STEAM_0:0:88962302><Jinrai>" say "!pause"
L 02/17/2024 - 19:40:10: "[KOBA] DESTROYGIRL<16><STEAM_0:0:82737074><NSF>" say "?"
L 02/17/2024 - 19:40:11: "[KOBA] Zwiad<6><STEAM_0:0:41211851><NSF>" say ">:("
L 02/17/2024 - 19:40:13: "[KOBA]ASBOJACK7H<5><STEAM_0:0:559133323><NSF>" say "WE WERE SO HYPED"
L 02/17/2024 - 19:40:15: "[FEET] Kasietti<19><STEAM_0:0:181630571><Jinrai>" say "crash"
L 02/17/2024 - 19:40:15: "[FEET] Serbian Guy<17><STEAM_0:1:91548287><Jinrai>" disconnected (reason "Disconnect by user.")
L 02/17/2024 - 19:40:15: "[FEET] Syncer<15><STEAM_0:0:88962302><Jinrai>" say "serbian crashed"
L 02/17/2024 - 19:40:17: "[KOBA] Shlup<8><STEAM_0:1:541462709><NSF>" say "WE GOT HYPED FOR NOTHING"
L 02/17/2024 - 19:40:25: "[FEET] Serbian Guy<20><STEAM_ID_PENDING><>" connected, address "31.5.202.161:27005"
L 02/17/2024 - 19:40:25: "[FEET] Serbian Guy<20><STEAM_0:1:91548287><>" STEAM USERID validated
L 02/17/2024 - 19:40:27: "[FEET] Serbian Guy<20><STEAM_0:1:91548287><>" entered the game
L 02/17/2024 - 19:40:33: "[FEET] Serbian Guy<20><STEAM_0:1:91548287><Unassigned>" joined team "Jinrai"
L 02/17/2024 - 19:40:46: "[FEET] Serbian Guy<20><STEAM_0:1:91548287><Jinrai>" say "!ready"
L 02/17/2024 - 19:40:48: "[FEET] drt<7><STEAM_0:1:16721927><Jinrai>" killed "[FEET] Syncer<15><STEAM_0:0:88962302><Jinrai>" with "grenade_projectile"
L 02/17/2024 - 19:40:48: "[FEET] Syncer<15><STEAM_0:0:88962302><Jinrai>" say_team "100 Assault grenade_projectile"
L 02/17/2024 - 19:40:51: "[FEET] Serbian Guy<20><STEAM_0:1:91548287><Jinrai>" say_team "im back"
L 02/17/2024 - 19:40:52: "[KOBA] DESTROYGIRL<16><STEAM_0:0:82737074><NSF>" say "!unpause"
L 02/17/2024 - 19:40:52: "[FEET] Kasietti<19><STEAM_0:0:181630571><Jinrai>" killed "[KOBA] Shlup<8><STEAM_0:1:541462709><NSF>" with "zr68s"
L 02/17/2024 - 19:40:54: "[KOBA]ASBOJACK7H<5><STEAM_0:0:559133323><NSF>" killed "[KOBA] DESTROYGIRL<16><STEAM_0:0:82737074><NSF>" with "srm"
L 02/17/2024 - 19:40:54: "[KOBA] DESTROYGIRL<16><STEAM_0:0:82737074><NSF>" say_team "100 Recon srm"
L 02/17/2024 - 19:41:01: "[KOBA]ASBOJACK7H<5><STEAM_0:0:559133323><NSF>" say "!unpause"
L 02/17/2024 - 19:41:06: "[KOBA]ASBOJACK7H<5><STEAM_0:0:559133323><NSF>" say "!unpause"
L 02/17/2024 - 19:41:10: "[KOBA]ASBOJACK7H<5><STEAM_0:0:559133323><NSF>" say "!unpause"
L 02/17/2024 - 19:41:11: "[KOBA] Zwiad<6><STEAM_0:0:41211851><NSF>" say "we dont want a timeout wtf"
L 02/17/2024 - 19:41:14: "[FEET] drt<7><STEAM_0:1:16721927><Jinrai>" say "!UNPAUSE"
L 02/17/2024 - 19:41:15: "[FEET] Syncer<15><STEAM_0:0:88962302><Jinrai>" say "!unpause"
L 02/17/2024 - 19:41:16: "[KOBA]ASBOJACK7H<5><STEAM_0:0:559133323><NSF>" say "Ready"
L 02/17/2024 - 19:41:16: "[FEET] Rezneps<11><STEAM_0:1:66564980><Jinrai>" say "!unpause"
L 02/17/2024 - 19:41:20: "[KOBA]ASBOJACK7H<5><STEAM_0:0:559133323><NSF>" say "WTF"
L 02/17/2024 - 19:41:24: "[KOBA] DESTROYGIRL<16><STEAM_0:0:82737074><NSF>" say "what is going on"
L 02/17/2024 - 19:41:24: "[FEET] drt<7><STEAM_0:1:16721927><Jinrai>" say "ADMIN?"
L 02/17/2024 - 19:41:26: "[KOBA]ASBOJACK7H<5><STEAM_0:0:559133323><NSF>" say "YOU BROKE THE FUCKING MATCH"
L 02/17/2024 - 19:41:30: "[KOBA]Voodoo<12><STEAM_0:0:454847959><NSF>" say "i was never booksmart"
L 02/17/2024 - 19:41:34: "[KOBA]ASBOJACK7H<5><STEAM_0:0:559133323><NSF>" say "IM MONEY SMART"
L 02/17/2024 - 19:41:36: "[FEET] drt<7><STEAM_0:1:16721927><Jinrai>" say "I blame inf"
L 02/17/2024 - 19:41:42: "[KOBA] Shlup<8><STEAM_0:1:541462709><NSF>" killed "[FEET] drt<7><STEAM_0:1:16721927><Jinrai>" with "zr68s"
L 02/17/2024 - 19:41:42: "[FEET] drt<7><STEAM_0:1:16721927><Jinrai>" say_team "91 Assault zr68s"
L 02/17/2024 - 19:41:43: "[FEET] Serbian Guy<20><STEAM_0:1:91548287><Jinrai>" say "cash money smarts"
L 02/17/2024 - 19:41:43: "[KOBA]ASBOJACK7H<5><STEAM_0:0:559133323><NSF>" killed "[FEET] Kasietti<19><STEAM_0:0:181630571><Jinrai>" with "srm"
L 02/17/2024 - 19:41:43: "[KOBA] Shlup<8><STEAM_0:1:541462709><NSF>" triggered "kill_assist"
L 02/17/2024 - 19:41:43: "[KOBA]Voodoo<12><STEAM_0:0:454847959><NSF>" say "makes me more inteligent"
L 02/17/2024 - 19:41:44: "[FEET] Kasietti<19><STEAM_0:0:181630571><Jinrai>" say_team "100 Recon srm"
L 02/17/2024 - 19:41:49: "[KOBA] Zwiad<6><STEAM_0:0:41211851><NSF>" say "neotokyo programmers be like what are RESTful plugins"
L 02/17/2024 - 19:41:50: "[KOBA] DESTROYGIRL<16><STEAM_0:0:82737074><NSF>" say "just restart match we didnt start anyway"
L 02/17/2024 - 19:41:51: "[FEET] Syncer<15><STEAM_0:0:88962302><Jinrai>" say "!unpause"
L 02/17/2024 - 19:41:51: "[FEET] Kasietti<19><STEAM_0:0:181630571><Jinrai>" say "!unpause"
L 02/17/2024 - 19:41:51: "[KOBA] Shlup<8><STEAM_0:1:541462709><NSF>" killed "[FEET] Serbian Guy<20><STEAM_0:1:91548287><Jinrai>" with "zr68s"
L 02/17/2024 - 19:41:55: "[FEET] Syncer<15><STEAM_0:0:88962302><Jinrai>" say "!unpause"
L 02/17/2024 - 19:41:58: "[KOBA] Shlup<8><STEAM_0:1:541462709><NSF>" killed "[FEET] drt<7><STEAM_0:1:16721927><Jinrai>" with "zr68s"
L 02/17/2024 - 19:41:58: "[FEET] drt<7><STEAM_0:1:16721927><Jinrai>" say_team "91 Assault zr68s"
L 02/17/2024 - 19:42:00: "[KOBA] Shlup<8><STEAM_0:1:541462709><NSF>" killed "[FEET] Kasietti<19><STEAM_0:0:181630571><Jinrai>" with "zr68s"
L 02/17/2024 - 19:42:00: "[FEET] Kasietti<19><STEAM_0:0:181630571><Jinrai>" say_team "91 Assault zr68s"
L 02/17/2024 - 19:42:13: "[FEET] Serbian Guy<20><STEAM_0:1:91548287><Jinrai>" killed "[KOBA] Zwiad<6><STEAM_0:0:41211851><NSF>" with "supa7"
L 02/17/2024 - 19:42:15: "[FEET] drt<7><STEAM_0:1:16721927><Jinrai>" say "admin"
L 02/17/2024 - 19:42:23: "[FEET] drt<7><STEAM_0:1:16721927><Jinrai>" say "who needs to type it now?"
L 02/17/2024 - 19:42:23: "[FEET] Syncer<15><STEAM_0:0:88962302><Jinrai>" say "!unpause"
L 02/17/2024 - 19:42:26: "[KOBA]ASBOJACK7H<5><STEAM_0:0:559133323><NSF>" say "can we just restart the map i thinmk its bugged"
L 02/17/2024 - 19:42:35: "[KOBA]ASBOJACK7H<5><STEAM_0:0:559133323><NSF>" killed "[FEET] drt<7><STEAM_0:1:16721927><Jinrai>" with "srm"
L 02/17/2024 - 19:42:35: "[KOBA] Shlup<8><STEAM_0:1:541462709><NSF>" triggered "kill_assist"
L 02/17/2024 - 19:42:35: "[FEET] drt<7><STEAM_0:1:16721927><Jinrai>" say_team "97 Recon srm"
L 02/17/2024 - 19:42:37: "[FEET] Kasietti<19><STEAM_0:0:181630571><Jinrai>" say "ok"
L 02/17/2024 - 19:42:40: "[FEET] Kasietti<19><STEAM_0:0:181630571><Jinrai>" killed "[KOBA]Voodoo<12><STEAM_0:0:454847959><NSF>" with "zr68s"
L 02/17/2024 - 19:42:40: "[KOBA] Zwiad<6><STEAM_0:0:41211851><NSF>" say "nobody type anytthing"
L 02/17/2024 - 19:42:41: "[KOBA]ASBOJACK7H<5><STEAM_0:0:559133323><NSF>" killed "[FEET] Serbian Guy<20><STEAM_0:1:91548287><Jinrai>" with "knife"
L 02/17/2024 - 19:42:41: "[KOBA] Shlup<8><STEAM_0:1:541462709><NSF>" triggered "kill_assist"
L 02/17/2024 - 19:42:47: "[FEET] Kasietti<19><STEAM_0:0:181630571><Jinrai>" killed "[KOBA] Shlup<8><STEAM_0:1:541462709><NSF>" with "tachi"
L 02/17/2024 - 19:42:50: "[FEET] Serbian Guy<20><STEAM_0:1:91548287><Jinrai>" say "i love 2006 source "
L 02/17/2024 - 19:42:55: "[FEET] Syncer<15><STEAM_0:0:88962302><Jinrai>" say "ok"
L 02/17/2024 - 19:42:57: "[FEET] drt<7><STEAM_0:1:16721927><Jinrai>" say "you've just typed!"
L 02/17/2024 - 19:43:00: "[FEET] Kasietti<19><STEAM_0:0:181630571><Jinrai>" killed "[KOBA]ASBOJACK7H<5><STEAM_0:0:559133323><NSF>" with "zr68s"
L 02/17/2024 - 19:43:00: "[KOBA]ASBOJACK7H<5><STEAM_0:0:559133323><NSF>" say_team "18 Assault zr68s"
L 02/17/2024 - 19:43:35: "[KOBA]Voodoo<12><STEAM_0:0:454847959><NSF>" killed "[FEET] Syncer<15><STEAM_0:0:88962302><Jinrai>" with "zr68s"
L 02/17/2024 - 19:43:35: "[FEET] Syncer<15><STEAM_0:0:88962302><Jinrai>" say_team "66 Assault zr68s"
L 02/17/2024 - 19:43:50: "[FEET] drt<7><STEAM_0:1:16721927><Jinrai>" killed "[KOBA]ASBOJACK7H<5><STEAM_0:0:559133323><NSF>" with "mpn"
L 02/17/2024 - 19:43:50: "[KOBA]ASBOJACK7H<5><STEAM_0:0:559133323><NSF>" say_team "85 Assault mpn"
L 02/17/2024 - 19:43:53: "[FEET] Kasietti<19><STEAM_0:0:181630571><Jinrai>" killed "[KOBA] Shlup<8><STEAM_0:1:541462709><NSF>" with "zr68s"
L 02/17/2024 - 19:44:02: "[KOBA] Zwiad<6><STEAM_0:0:41211851><NSF>" killed "[FEET] Kasietti<19><STEAM_0:0:181630571><Jinrai>" with "zr68c"
L 02/17/2024 - 19:44:02: "[FEET] Kasietti<19><STEAM_0:0:181630571><Jinrai>" say_team "100 Support zr68c"
L 02/17/2024 - 19:44:04: "[KOBA]Voodoo<12><STEAM_0:0:454847959><NSF>" killed "[FEET] drt<7><STEAM_0:1:16721927><Jinrai>" with "zr68s"
L 02/17/2024 - 19:44:04: "[FEET] drt<7><STEAM_0:1:16721927><Jinrai>" say_team "15 Assault zr68s"
L 02/17/2024 - 19:44:21: "[KOBA] Zwiad<6><STEAM_0:0:41211851><NSF>" say_team "rraaraeaewa"
L 02/17/2024 - 19:44:37: "[KOBA] Zwiad<6><STEAM_0:0:41211851><NSF>" killed "[FEET] Serbian Guy<20><STEAM_0:1:91548287><Jinrai>" with "zr68s"
L 02/17/2024 - 19:44:40: "[KOBA] Zwiad<6><STEAM_0:0:41211851><NSF>" killed "[FEET] Rezneps<11><STEAM_0:1:66564980><Jinrai>" with "zr68s"
L 02/17/2024 - 19:44:40: "[FEET] Rezneps<11><STEAM_0:1:66564980><Jinrai>" say_team "61 Support zr68s"
L 02/17/2024 - 19:45:20: "[FEET] Syncer<15><STEAM_0:0:88962302><Jinrai>" killed "[KOBA] Shlup<8><STEAM_0:1:541462709><NSF>" with "supa7"
L 02/17/2024 - 19:45:22: "[KOBA]ASBOJACK7H<5><STEAM_0:0:559133323><NSF>" killed "[FEET] Kasietti<19><STEAM_0:0:181630571><Jinrai>" with "mx"
L 02/17/2024 - 19:45:22: "[FEET] Kasietti<19><STEAM_0:0:181630571><Jinrai>" say_team "100 Recon mx"
L 02/17/2024 - 19:45:23: "[FEET] Rezneps<11><STEAM_0:1:66564980><Jinrai>" killed "[KOBA]Voodoo<12><STEAM_0:0:454847959><NSF>" with "zr68s"
L 02/17/2024 - 19:45:35: "[KOBA]ASBOJACK7H<5><STEAM_0:0:559133323><NSF>" killed "[FEET] drt<7><STEAM_0:1:16721927><Jinrai>" with "mx"
L 02/17/2024 - 19:45:35: "[FEET] drt<7><STEAM_0:1:16721927><Jinrai>" say_team "100 Recon mx"
L 02/17/2024 - 19:45:42: "[FEET] Syncer<15><STEAM_0:0:88962302><Jinrai>" killed "[KOBA] Zwiad<6><STEAM_0:0:41211851><NSF>" with "supa7"
L 02/17/2024 - 19:45:46: "[KOBA] DESTROYGIRL<16><STEAM_0:0:82737074><NSF>" killed "[FEET] Syncer<15><STEAM_0:0:88962302><Jinrai>" with "supa7"
L 02/17/2024 - 19:45:46: "[FEET] Syncer<15><STEAM_0:0:88962302><Jinrai>" say_team "100 Support supa7"
L 02/17/2024 - 19:45:52: "[FEET] Rezneps<11><STEAM_0:1:66564980><Jinrai>" killed "[KOBA] DESTROYGIRL<16><STEAM_0:0:82737074><NSF>" with "zr68s"
L 02/17/2024 - 19:45:52: "[KOBA] DESTROYGIRL<16><STEAM_0:0:82737074><NSF>" say_team "73 Assault zr68s"
L 02/17/2024 - 19:46:07: "[FEET] Rezneps<11><STEAM_0:1:66564980><Jinrai>" killed "[KOBA]ASBOJACK7H<5><STEAM_0:0:559133323><NSF>" with "zr68s"
L 02/17/2024 - 19:46:07: "[KOBA]ASBOJACK7H<5><STEAM_0:0:559133323><NSF>" say_team "12 Assault zr68s"
L 02/17/2024 - 19:46:52: "[FEET] Syncer<15><STEAM_0:0:88962302><Jinrai>" killed "[KOBA]Voodoo<12><STEAM_0:0:454847959><NSF>" with "supa7"
L 02/17/2024 - 19:47:02: "[FEET] drt<7><STEAM_0:1:16721927><Jinrai>" killed "[KOBA] Zwiad<6><STEAM_0:0:41211851><NSF>" with "grenade_projectile"
L 02/17/2024 - 19:47:02: "[FEET] Syncer<15><STEAM_0:0:88962302><Jinrai>" triggered "kill_assist"
L 02/17/2024 - 19:47:08: "[KOBA]ASBOJACK7H<5><STEAM_0:0:559133323><NSF>" killed "[FEET] Serbian Guy<20><STEAM_0:1:91548287><Jinrai>" with "mx"
L 02/17/2024 - 19:47:09: "[FEET] Rezneps<11><STEAM_0:1:66564980><Jinrai>" killed "[KOBA]ASBOJACK7H<5><STEAM_0:0:559133323><NSF>" with "mx"
L 02/17/2024 - 19:47:09: "[KOBA]ASBOJACK7H<5><STEAM_0:0:559133323><NSF>" say_team "50 Support mx"
L 02/17/2024 - 19:47:10: "[FEET] Syncer<15><STEAM_0:0:88962302><Jinrai>" killed "[KOBA] Shlup<8><STEAM_0:1:541462709><NSF>" with "supa7"
L 02/17/2024 - 19:47:11: "[KOBA] DESTROYGIRL<16><STEAM_0:0:82737074><NSF>" killed "[FEET] Kasietti<19><STEAM_0:0:181630571><Jinrai>" with "supa7"
L 02/17/2024 - 19:47:11: "[FEET] Kasietti<19><STEAM_0:0:181630571><Jinrai>" say_team "100 Support supa7"
L 02/17/2024 - 19:47:39: "[FEET] Rezneps<11><STEAM_0:1:66564980><Jinrai>" killed "[KOBA] DESTROYGIRL<16><STEAM_0:0:82737074><NSF>" with "mx"
L 02/17/2024 - 19:47:39: "[FEET] drt<7><STEAM_0:1:16721927><Jinrai>" triggered "kill_assist"
L 02/17/2024 - 19:47:39: "[KOBA] DESTROYGIRL<16><STEAM_0:0:82737074><NSF>" say_team "50 Support mx"
L 02/17/2024 - 19:48:27: "[ADMIN] Infrequent<18><STEAM_0:1:6384081><Spectator>" disconnected (reason "Disconnect by user.")
L 02/17/2024 - 19:48:53: "[FEET] drt<7><STEAM_0:1:16721927><Jinrai>" killed "[KOBA]Voodoo<12><STEAM_0:0:454847959><NSF>" with "zr68s"
L 02/17/2024 - 19:49:14: "[KOBA] DESTROYGIRL<16><STEAM_0:0:82737074><NSF>" killed "[FEET] Serbian Guy<20><STEAM_0:1:91548287><Jinrai>" with "mx"
L 02/17/2024 - 19:49:14: "[KOBA]Voodoo<12><STEAM_0:0:454847959><NSF>" triggered "kill_assist"
L 02/17/2024 - 19:49:19: "[FEET] Syncer<15><STEAM_0:0:88962302><Jinrai>" killed "[KOBA]ASBOJACK7H<5><STEAM_0:0:559133323><NSF>" with "supa7"
L 02/17/2024 - 19:49:19: "[KOBA]ASBOJACK7H<5><STEAM_0:0:559133323><NSF>" say_team "100 Recon supa7"
L 02/17/2024 - 19:49:25: "[FEET] drt<7><STEAM_0:1:16721927><Jinrai>" killed "[KOBA] DESTROYGIRL<16><STEAM_0:0:82737074><NSF>" with "zr68s"
L 02/17/2024 - 19:49:25: "[KOBA] DESTROYGIRL<16><STEAM_0:0:82737074><NSF>" say_team "58 Assault zr68s"
L 02/17/2024 - 19:49:36: "[FEET] Syncer<15><STEAM_0:0:88962302><Jinrai>" killed "[KOBA] Shlup<8><STEAM_0:1:541462709><NSF>" with "supa7"
L 02/17/2024 - 19:49:43: "[KOBA] Zwiad<6><STEAM_0:0:41211851><NSF>" killed "[FEET] Syncer<15><STEAM_0:0:88962302><Jinrai>" with "mx"
L 02/17/2024 - 19:49:43: "[KOBA] Shlup<8><STEAM_0:1:541462709><NSF>" triggered "kill_assist"
L 02/17/2024 - 19:49:43: "[FEET] Syncer<15><STEAM_0:0:88962302><Jinrai>" say_team "100 Support mx"
L 02/17/2024 - 19:49:58: "[KOBA] Zwiad<6><STEAM_0:0:41211851><NSF>" killed "[FEET] Kasietti<19><STEAM_0:0:181630571><Jinrai>" with "mx"
L 02/17/2024 - 19:49:58: "[FEET] Kasietti<19><STEAM_0:0:181630571><Jinrai>" say_team "59 Support mx"
L 02/17/2024 - 19:50:15: "[KOBA] Zwiad<6><STEAM_0:0:41211851><NSF>" killed "[FEET] drt<7><STEAM_0:1:16721927><Jinrai>" with "mx"
L 02/17/2024 - 19:50:15: "[FEET] drt<7><STEAM_0:1:16721927><Jinrai>" say_team "14 Support mx"
L 02/17/2024 - 19:50:17: "[ADMIN] Infrequent<21><STEAM_ID_PENDING><>" connected, address "86.169.55.78:27005"
L 02/17/2024 - 19:50:17: "[ADMIN] Infrequent<21><STEAM_0:1:6384081><>" STEAM USERID validated
L 02/17/2024 - 19:50:20: "[ADMIN] Infrequent<21><STEAM_0:1:6384081><>" entered the game
L 02/17/2024 - 19:50:23: "[ADMIN] Infrequent<21><STEAM_0:1:6384081><Unassigned>" joined team "Spectator"
L 02/17/2024 - 19:50:25: "[FEET] Rezneps<11><STEAM_0:1:66564980><Jinrai>" killed "[KOBA] Zwiad<6><STEAM_0:0:41211851><NSF>" with "kyla"
L 02/17/2024 - 19:50:51: "[ADMIN] Infrequent<21><STEAM_0:1:6384081><Spectator>" disconnected (reason "Disconnect by user.")
L 02/17/2024 - 19:51:07: "[KOBA] DESTROYGIRL<16><STEAM_0:0:82737074><NSF>" killed "[FEET] Syncer<15><STEAM_0:0:88962302><Jinrai>" with "mx"
L 02/17/2024 - 19:51:07: "[FEET] Syncer<15><STEAM_0:0:88962302><Jinrai>" say_team "88 Support mx"
L 02/17/2024 - 19:51:23: "[KOBA] Shlup<8><STEAM_0:1:541462709><NSF>" killed "[FEET] Serbian Guy<20><STEAM_0:1:91548287><Jinrai>" with "zr68s"
L 02/17/2024 - 19:51:26: "[FEET] Kasietti<19><STEAM_0:0:181630571><Jinrai>" killed "[KOBA]ASBOJACK7H<5><STEAM_0:0:559133323><NSF>" with "grenade_projectile"
L 02/17/2024 - 19:51:27: "[KOBA]ASBOJACK7H<5><STEAM_0:0:559133323><NSF>" say_team "100 Assault grenade_projectile"
L 02/17/2024 - 19:52:07: "[KOBA] Zwiad<6><STEAM_0:0:41211851><NSF>" killed "[FEET] Rezneps<11><STEAM_0:1:66564980><Jinrai>" with "mx"
L 02/17/2024 - 19:52:08: "[FEET] Rezneps<11><STEAM_0:1:66564980><Jinrai>" say_team "31 Support mx"
L 02/17/2024 - 19:52:15: "[KOBA] Shlup<8><STEAM_0:1:541462709><NSF>" killed "[FEET] drt<7><STEAM_0:1:16721927><Jinrai>" with "zr68s"
L 02/17/2024 - 19:52:15: "[KOBA]Voodoo<12><STEAM_0:0:454847959><NSF>" triggered "kill_assist"
L 02/17/2024 - 19:52:15: "[FEET] drt<7><STEAM_0:1:16721927><Jinrai>" say_team "33 Assault zr68s"
L 02/17/2024 - 19:52:24: "[KOBA] Zwiad<6><STEAM_0:0:41211851><NSF>" killed "[FEET] Kasietti<19><STEAM_0:0:181630571><Jinrai>" with "mx"
L 02/17/2024 - 19:52:24: "[FEET] Kasietti<19><STEAM_0:0:181630571><Jinrai>" say_team "16 Support mx"
L 02/17/2024 - 19:53:07: "[KOBA] Zwiad<6><STEAM_0:0:41211851><NSF>" killed "[FEET] Syncer<15><STEAM_0:0:88962302><Jinrai>" with "mx"
L 02/17/2024 - 19:53:07: "[FEET] Syncer<15><STEAM_0:0:88962302><Jinrai>" say_team "29 Support mx"
L 02/17/2024 - 19:53:11: "[FEET] drt<7><STEAM_0:1:16721927><Jinrai>" killed "[KOBA] Zwiad<6><STEAM_0:0:41211851><NSF>" with "zr68s"
L 02/17/2024 - 19:53:11: "[FEET] Syncer<15><STEAM_0:0:88962302><Jinrai>" triggered "kill_assist"
L 02/17/2024 - 19:53:19: "[KOBA] Shlup<8><STEAM_0:1:541462709><NSF>" killed "[FEET] drt<7><STEAM_0:1:16721927><Jinrai>" with "zr68s"
L 02/17/2024 - 19:53:19: "[KOBA] Zwiad<6><STEAM_0:0:41211851><NSF>" triggered "kill_assist"
L 02/17/2024 - 19:53:19: "[FEET] drt<7><STEAM_0:1:16721927><Jinrai>" say_team "100 Assault zr68s"
L 02/17/2024 - 19:53:47: "[FEET] Rezneps<11><STEAM_0:1:66564980><Jinrai>" killed "[KOBA] DESTROYGIRL<16><STEAM_0:0:82737074><NSF>" with "mx"
L 02/17/2024 - 19:53:47: "[KOBA] DESTROYGIRL<16><STEAM_0:0:82737074><NSF>" say_team "75 Support mx"
L 02/17/2024 - 19:53:55: "[KOBA] Shlup<8><STEAM_0:1:541462709><NSF>" killed "[FEET] Rezneps<11><STEAM_0:1:66564980><Jinrai>" with "zr68s"
L 02/17/2024 - 19:53:56: "[FEET] Rezneps<11><STEAM_0:1:66564980><Jinrai>" say_team "66 Assault zr68s"
L 02/17/2024 - 19:54:00: "[FEET] Kasietti<19><STEAM_0:0:181630571><Jinrai>" killed "[KOBA] Shlup<8><STEAM_0:1:541462709><NSF>" with "mx"
L 02/17/2024 - 19:54:05: "[FEET] Rezneps<11><STEAM_0:1:66564980><Jinrai>" say_team "2v2"
L 02/17/2024 - 19:54:09: "[FEET] Kasietti<19><STEAM_0:0:181630571><Jinrai>" killed "[KOBA]Voodoo<12><STEAM_0:0:454847959><NSF>" with "mx"
L 02/17/2024 - 19:54:29: "[KOBA]ASBOJACK7H<5><STEAM_0:0:559133323><NSF>" killed "[FEET] Kasietti<19><STEAM_0:0:181630571><Jinrai>" with "supa7"
L 02/17/2024 - 19:54:29: "[FEET] Kasietti<19><STEAM_0:0:181630571><Jinrai>" say_team "37 Assault supa7"
L 02/17/2024 - 19:54:31: "[FEET] Serbian Guy<20><STEAM_0:1:91548287><Jinrai>" killed "[KOBA]ASBOJACK7H<5><STEAM_0:0:559133323><NSF>" with "zr68c"
L 02/17/2024 - 19:54:31: "[KOBA]ASBOJACK7H<5><STEAM_0:0:559133323><NSF>" say_team "20 Support zr68c"
L 02/17/2024 - 19:54:34: "[FEET] Rezneps<11><STEAM_0:1:66564980><Jinrai>" say_team "n1"
L 02/17/2024 - 19:55:22: "[KOBA] Zwiad<6><STEAM_0:0:41211851><NSF>" killed "[FEET] Syncer<15><STEAM_0:0:88962302><Jinrai>" with "mx"
L 02/17/2024 - 19:55:22: "[FEET] Syncer<15><STEAM_0:0:88962302><Jinrai>" say_team "100 Support mx"
L 02/17/2024 - 19:55:24: "[KOBA] Zwiad<6><STEAM_0:0:41211851><NSF>" killed "[FEET] drt<7><STEAM_0:1:16721927><Jinrai>" with "mx"
L 02/17/2024 - 19:55:24: "[FEET] drt<7><STEAM_0:1:16721927><Jinrai>" say_team "100 Support mx"
L 02/17/2024 - 19:55:44: "[KOBA]ASBOJACK7H<5><STEAM_0:0:559133323><NSF>" killed "[KOBA] Shlup<8><STEAM_0:1:541462709><NSF>" with "grenade_projectile"
L 02/17/2024 - 19:55:49: "[ADMIN] Infrequent<22><STEAM_ID_PENDING><>" connected, address "86.169.55.78:27005"
L 02/17/2024 - 19:55:49: "[ADMIN] Infrequent<22><STEAM_0:1:6384081><>" STEAM USERID validated
L 02/17/2024 - 19:55:49: "[FEET] drt<7><STEAM_0:1:16721927><Jinrai>" say "GUN DIDN'T RELOAD"
L 02/17/2024 - 19:55:51: "[ADMIN] Infrequent<22><STEAM_0:1:6384081><>" entered the game
L 02/17/2024 - 19:55:53: "[KOBA]Voodoo<12><STEAM_0:0:454847959><NSF>" killed "[FEET] Serbian Guy<20><STEAM_0:1:91548287><Jinrai>" with "grenade_projectile"
L 02/17/2024 - 19:55:54: "[ADMIN] Infrequent<22><STEAM_0:1:6384081><Unassigned>" joined team "Spectator"
L 02/17/2024 - 19:55:54: "[FEET] drt<7><STEAM_0:1:16721927><Jinrai>" say "NT BEST GAME"
L 02/17/2024 - 19:55:57: "[KOBA] Zwiad<6><STEAM_0:0:41211851><NSF>" killed "[FEET] Kasietti<19><STEAM_0:0:181630571><Jinrai>" with "mx"
L 02/17/2024 - 19:55:57: "[FEET] Kasietti<19><STEAM_0:0:181630571><Jinrai>" say_team "60 Support mx"
L 02/17/2024 - 19:55:59: "[KOBA] Zwiad<6><STEAM_0:0:41211851><NSF>" killed "[FEET] Rezneps<11><STEAM_0:1:66564980><Jinrai>" with "mx"
L 02/17/2024 - 19:55:59: "[FEET] Rezneps<11><STEAM_0:1:66564980><Jinrai>" say_team "60 Support mx"
L 02/17/2024 - 19:56:25: "[KOBA]ASBOJACK7H<5><STEAM_0:0:559133323><NSF>" say "INFREQ why do you keep leaving?"
L 02/17/2024 - 19:56:56: "[FEET] Serbian Guy<20><STEAM_0:1:91548287><Jinrai>" killed "[KOBA]Voodoo<12><STEAM_0:0:454847959><NSF>" with "mx"
L 02/17/2024 - 19:57:03: "[FEET] Rezneps<11><STEAM_0:1:66564980><Jinrai>" killed "[KOBA] Zwiad<6><STEAM_0:0:41211851><NSF>" with "mx"
L 02/17/2024 - 19:57:03: "[FEET] Syncer<15><STEAM_0:0:88962302><Jinrai>" triggered "kill_assist"
L 02/17/2024 - 19:57:22: "[FEET] Syncer<15><STEAM_0:0:88962302><Jinrai>" killed "[KOBA] Shlup<8><STEAM_0:1:541462709><NSF>" with "mx"
L 02/17/2024 - 19:57:37: "[FEET] Syncer<15><STEAM_0:0:88962302><Jinrai>" killed "[KOBA]ASBOJACK7H<5><STEAM_0:0:559133323><NSF>" with "mx"
L 02/17/2024 - 19:57:37: "[KOBA]ASBOJACK7H<5><STEAM_0:0:559133323><NSF>" say_team "42 Assault mx"
L 02/17/2024 - 19:57:56: "[KOBA] DESTROYGIRL<16><STEAM_0:0:82737074><NSF>" killed "[FEET] Kasietti<19><STEAM_0:0:181630571><Jinrai>" with "mx"
L 02/17/2024 - 19:57:56: "[KOBA] Shlup<8><STEAM_0:1:541462709><NSF>" triggered "kill_assist"
L 02/17/2024 - 19:57:56: "[FEET] Kasietti<19><STEAM_0:0:181630571><Jinrai>" say_team "100 Support mx"
L 02/17/2024 - 19:58:02: "[FEET] Rezneps<11><STEAM_0:1:66564980><Jinrai>" killed "[KOBA] DESTROYGIRL<16><STEAM_0:0:82737074><NSF>" with "mx"
L 02/17/2024 - 19:58:03: "[KOBA] DESTROYGIRL<16><STEAM_0:0:82737074><NSF>" say_team "100 Support mx"
L 02/17/2024 - 19:58:48: "[FEET] Syncer<15><STEAM_0:0:88962302><Jinrai>" killed "[KOBA]ASBOJACK7H<5><STEAM_0:0:559133323><NSF>" with "mx"
L 02/17/2024 - 19:58:48: "[KOBA]ASBOJACK7H<5><STEAM_0:0:559133323><NSF>" say_team "45 Assault mx"
L 02/17/2024 - 19:59:25: "[KOBA]Voodoo<12><STEAM_0:0:454847959><NSF>" killed "[FEET] drt<7><STEAM_0:1:16721927><Jinrai>" with "mx"
L 02/17/2024 - 19:59:26: "[FEET] drt<7><STEAM_0:1:16721927><Jinrai>" say_team "12 Assault mx"
L 02/17/2024 - 19:59:32: "[FEET] Syncer<15><STEAM_0:0:88962302><Jinrai>" killed "[KOBA]Voodoo<12><STEAM_0:0:454847959><NSF>" with "mx"
L 02/17/2024 - 19:59:32: "[FEET] drt<7><STEAM_0:1:16721927><Jinrai>" triggered "kill_assist"
L 02/17/2024 - 19:59:53: "[KOBA] Zwiad<6><STEAM_0:0:41211851><NSF>" killed "[FEET] Syncer<15><STEAM_0:0:88962302><Jinrai>" with "mx"
L 02/17/2024 - 19:59:53: "[KOBA]ASBOJACK7H<5><STEAM_0:0:559133323><NSF>" triggered "kill_assist"
L 02/17/2024 - 19:59:54: "[FEET] Syncer<15><STEAM_0:0:88962302><Jinrai>" say_team "81 Support mx"
L 02/17/2024 - 20:00:20: "[ADMIN] Infrequent<22><STEAM_0:1:6384081><Spectator>" disconnected (reason "Disconnect by user.")
L 02/17/2024 - 20:01:01: "[KOBA] Zwiad<6><STEAM_0:0:41211851><NSF>" killed "[FEET] Serbian Guy<20><STEAM_0:1:91548287><Jinrai>" with "mx"
L 02/17/2024 - 20:01:01: "[KOBA]Voodoo<12><STEAM_0:0:454847959><NSF>" triggered "kill_assist"
L 02/17/2024 - 20:01:07: "[KOBA] DESTROYGIRL<16><STEAM_0:0:82737074><NSF>" killed "[FEET] Kasietti<19><STEAM_0:0:181630571><Jinrai>" with "mx"
L 02/17/2024 - 20:01:07: "[KOBA] Shlup<8><STEAM_0:1:541462709><NSF>" triggered "kill_assist"
L 02/17/2024 - 20:01:07: "[FEET] Kasietti<19><STEAM_0:0:181630571><Jinrai>" say_team "67 Support mx"
L 02/17/2024 - 20:01:19: "[KOBA] DESTROYGIRL<16><STEAM_0:0:82737074><NSF>" killed "[FEET] Rezneps<11><STEAM_0:1:66564980><Jinrai>" with "mx"
L 02/17/2024 - 20:01:19: "[FEET] Rezneps<11><STEAM_0:1:66564980><Jinrai>" say_team "53 Support mx"
L 02/17/2024 - 20:01:54: "[FEET] drt<7><STEAM_0:1:16721927><Jinrai>" killed "[KOBA]Voodoo<12><STEAM_0:0:454847959><NSF>" with "mx"
L 02/17/2024 - 20:01:56: "[FEET] Syncer<15><STEAM_0:0:88962302><Jinrai>" killed "[KOBA] DESTROYGIRL<16><STEAM_0:0:82737074><NSF>" with "aa13"
L 02/17/2024 - 20:01:56: "[KOBA] DESTROYGIRL<16><STEAM_0:0:82737074><NSF>" say_team "74 Assault aa13"
L 02/17/2024 - 20:02:12: "[KOBA]ASBOJACK7H<5><STEAM_0:0:559133323><NSF>" killed "[FEET] Serbian Guy<20><STEAM_0:1:91548287><Jinrai>" with "zr68c"
L 02/17/2024 - 20:02:17: "[FEET] Syncer<15><STEAM_0:0:88962302><Jinrai>" killed "[KOBA]ASBOJACK7H<5><STEAM_0:0:559133323><NSF>" with "aa13"
L 02/17/2024 - 20:02:17: "[KOBA]ASBOJACK7H<5><STEAM_0:0:559133323><NSF>" say_team "74 Assault aa13"
L 02/17/2024 - 20:02:30: "[FEET] Rezneps<11><STEAM_0:1:66564980><Jinrai>" killed "[KOBA] Shlup<8><STEAM_0:1:541462709><NSF>" with "mx"
L 02/17/2024 - 20:02:30: "[KOBA] Zwiad<6><STEAM_0:0:41211851><NSF>" killed "[FEET] Kasietti<19><STEAM_0:0:181630571><Jinrai>" with "mx"
L 02/17/2024 - 20:02:30: "[FEET] Kasietti<19><STEAM_0:0:181630571><Jinrai>" say_team "28 Support mx"
L 02/17/2024 - 20:02:41: "[ADMIN] Infrequent<23><STEAM_ID_PENDING><>" connected, address "86.169.55.78:27005"
L 02/17/2024 - 20:02:41: "[ADMIN] Infrequent<23><STEAM_0:1:6384081><>" STEAM USERID validated
L 02/17/2024 - 20:02:44: "[ADMIN] Infrequent<23><STEAM_0:1:6384081><>" entered the game
L 02/17/2024 - 20:02:47: "[ADMIN] Infrequent<23><STEAM_0:1:6384081><Unassigned>" joined team "Spectator"
L 02/17/2024 - 20:02:53: "[FEET] Syncer<15><STEAM_0:0:88962302><Jinrai>" killed "[KOBA] Zwiad<6><STEAM_0:0:41211851><NSF>" with "aa13"
L 02/17/2024 - 20:02:53: "[FEET] Kasietti<19><STEAM_0:0:181630571><Jinrai>" triggered "kill_assist"
L 02/17/2024 - 20:03:45: "[FEET] Kasietti<19><STEAM_0:0:181630571><Jinrai>" killed "[KOBA] Zwiad<6><STEAM_0:0:41211851><NSF>" with "grenade_projectile"
L 02/17/2024 - 20:04:07: "[KOBA]Voodoo<12><STEAM_0:0:454847959><NSF>" killed "[FEET] drt<7><STEAM_0:1:16721927><Jinrai>" with "mx"
L 02/17/2024 - 20:04:07: "[FEET] drt<7><STEAM_0:1:16721927><Jinrai>" say_team "100 Assault mx"
L 02/17/2024 - 20:04:39: "[FEET] Kasietti<19><STEAM_0:0:181630571><Jinrai>" killed "[KOBA]Voodoo<12><STEAM_0:0:454847959><NSF>" with "mx_silenced"
L 02/17/2024 - 20:04:49: "[KOBA] DESTROYGIRL<16><STEAM_0:0:82737074><NSF>" killed "[FEET] Rezneps<11><STEAM_0:1:66564980><Jinrai>" with "mx"
L 02/17/2024 - 20:04:49: "[FEET] Rezneps<11><STEAM_0:1:66564980><Jinrai>" say_team "82 Support mx"
L 02/17/2024 - 20:04:50: "[KOBA]ASBOJACK7H<5><STEAM_0:0:559133323><NSF>" killed "[FEET] Serbian Guy<20><STEAM_0:1:91548287><Jinrai>" with "mx"
L 02/17/2024 - 20:04:53: "[FEET] Syncer<15><STEAM_0:0:88962302><Jinrai>" killed "[KOBA] DESTROYGIRL<16><STEAM_0:0:82737074><NSF>" with "aa13"
L 02/17/2024 - 20:04:53: "[KOBA] DESTROYGIRL<16><STEAM_0:0:82737074><NSF>" say_team "66 Assault aa13"
L 02/17/2024 - 20:04:55: "[KOBA] Shlup<8><STEAM_0:1:541462709><NSF>" killed "[FEET] Syncer<15><STEAM_0:0:88962302><Jinrai>" with "mx"
L 02/17/2024 - 20:04:55: "[FEET] Syncer<15><STEAM_0:0:88962302><Jinrai>" say_team "39 Assault mx"
L 02/17/2024 - 20:05:40: "[FEET] Kasietti<19><STEAM_0:0:181630571><Jinrai>" killed "[KOBA] Shlup<8><STEAM_0:1:541462709><NSF>" with "mx_silenced"
L 02/17/2024 - 20:05:40: "[FEET] Syncer<15><STEAM_0:0:88962302><Jinrai>" triggered "kill_assist"
L 02/17/2024 - 20:05:42: "[FEET] Kasietti<19><STEAM_0:0:181630571><Jinrai>" killed "[KOBA]ASBOJACK7H<5><STEAM_0:0:559133323><NSF>" with "mx_silenced"
L 02/17/2024 - 20:05:42: "[FEET] Serbian Guy<20><STEAM_0:1:91548287><Jinrai>" triggered "kill_assist"
L 02/17/2024 - 20:05:42: "[KOBA]ASBOJACK7H<5><STEAM_0:0:559133323><NSF>" say_team "30 Assault mx_silenced"
L 02/17/2024 - 20:06:31: "[FEET] Syncer<15><STEAM_0:0:88962302><Jinrai>" killed "[KOBA] Shlup<8><STEAM_0:1:541462709><NSF>" with "aa13"
L 02/17/2024 - 20:06:31: "[FEET] Serbian Guy<20><STEAM_0:1:91548287><Jinrai>" killed "[KOBA]ASBOJACK7H<5><STEAM_0:0:559133323><NSF>" with "mx"
L 02/17/2024 - 20:06:32: "[KOBA]ASBOJACK7H<5><STEAM_0:0:559133323><NSF>" say_team "13 Support mx"
L 02/17/2024 - 20:06:34: "[KOBA]Voodoo<12><STEAM_0:0:454847959><NSF>" killed "[FEET] drt<7><STEAM_0:1:16721927><Jinrai>" with "mx"
L 02/17/2024 - 20:06:34: "[FEET] drt<7><STEAM_0:1:16721927><Jinrai>" say_team "100 Assault mx"
L 02/17/2024 - 20:06:37: "[FEET] Rezneps<11><STEAM_0:1:66564980><Jinrai>" killed "[KOBA]Voodoo<12><STEAM_0:0:454847959><NSF>" with "mx"
L 02/17/2024 - 20:07:40: "[KOBA] Zwiad<6><STEAM_0:0:41211851><NSF>" killed "[FEET] Syncer<15><STEAM_0:0:88962302><Jinrai>" with "mx"
L 02/17/2024 - 20:07:40: "[FEET] Syncer<15><STEAM_0:0:88962302><Jinrai>" say_team "5 Support mx"
L 02/17/2024 - 20:07:51: "[FEET] Kasietti<19><STEAM_0:0:181630571><Jinrai>" killed "[KOBA] DESTROYGIRL<16><STEAM_0:0:82737074><NSF>" with "mx_silenced"
L 02/17/2024 - 20:07:51: "[KOBA] DESTROYGIRL<16><STEAM_0:0:82737074><NSF>" say_team "25 Assault mx_silenced"
L 02/17/2024 - 20:07:54: "[KOBA] Zwiad<6><STEAM_0:0:41211851><NSF>" killed "[FEET] Kasietti<19><STEAM_0:0:181630571><Jinrai>" with "mx"
L 02/17/2024 - 20:07:54: "[KOBA] DESTROYGIRL<16><STEAM_0:0:82737074><NSF>" triggered "kill_assist"
L 02/17/2024 - 20:07:54: "[FEET] Kasietti<19><STEAM_0:0:181630571><Jinrai>" say_team "5 Support mx"
L 02/17/2024 - 20:08:12: "[KOBA] Zwiad<6><STEAM_0:0:41211851><NSF>" killed "[FEET] Rezneps<11><STEAM_0:1:66564980><Jinrai>" with "mx"
L 02/17/2024 - 20:08:12: "[FEET] Rezneps<11><STEAM_0:1:66564980><Jinrai>" say_team "5 Support mx"
L 02/17/2024 - 20:08:42: Team "NSF" triggered "ghost_capture_team"
L 02/17/2024 - 20:08:42: "[KOBA] Zwiad<6><STEAM_0:0:41211851><NSF>" triggered "ghost_capture"
L 02/17/2024 - 20:08:54: "[KOBA] Shlup<8><STEAM_0:1:541462709><NSF>" say_team "5 hp"
L 02/17/2024 - 20:08:56: "[KOBA]ASBOJACK7H<5><STEAM_0:0:559133323><NSF>" say "THE5HP CLUTCH"
L 02/17/2024 - 20:10:05: "[KOBA] DESTROYGIRL<16><STEAM_0:0:82737074><NSF>" killed "[FEET] Serbian Guy<20><STEAM_0:1:91548287><Jinrai>" with "mx"
L 02/17/2024 - 20:10:07: "[FEET] Rezneps<11><STEAM_0:1:66564980><Jinrai>" killed "[KOBA] DESTROYGIRL<16><STEAM_0:0:82737074><NSF>" with "mx"
L 02/17/2024 - 20:10:07: "[KOBA] DESTROYGIRL<16><STEAM_0:0:82737074><NSF>" say_team "25 Support mx"
L 02/17/2024 - 20:10:14: "[FEET] Syncer<15><STEAM_0:0:88962302><Jinrai>" killed "[KOBA]Voodoo<12><STEAM_0:0:454847959><NSF>" with "aa13"
L 02/17/2024 - 20:10:23: "[FEET] Serbian Guy<20><STEAM_0:1:91548287><Jinrai>" say "i love this game so so much. it's amazing! ^^"
L 02/17/2024 - 20:10:29: "[KOBA] DESTROYGIRL<16><STEAM_0:0:82737074><NSF>" say "☻"
L 02/17/2024 - 20:10:46: "[FEET] Rezneps<11><STEAM_0:1:66564980><Jinrai>" killed "[KOBA] Zwiad<6><STEAM_0:0:41211851><NSF>" with "mx"
L 02/17/2024 - 20:10:49: "[FEET] Serbian Guy<20><STEAM_0:1:91548287><Jinrai>" disconnected (reason "Disconnect by user.")
L 02/17/2024 - 20:10:49: "[FEET] Serbian Guy<24><STEAM_ID_PENDING><>" connected, address "31.5.202.161:27005"
L 02/17/2024 - 20:10:49: "[FEET] Serbian Guy<24><STEAM_0:1:91548287><>" STEAM USERID validated
L 02/17/2024 - 20:10:51: "[FEET] Serbian Guy<24><STEAM_0:1:91548287><>" entered the game
L 02/17/2024 - 20:10:53: "[FEET] Serbian Guy<24><STEAM_0:1:91548287><Unassigned>" joined team "Jinrai"
L 02/17/2024 - 20:11:17: "[FEET] Syncer<15><STEAM_0:0:88962302><Jinrai>" killed "[KOBA]ASBOJACK7H<5><STEAM_0:0:559133323><NSF>" with "tachi"
L 02/17/2024 - 20:11:18: "[KOBA]ASBOJACK7H<5><STEAM_0:0:559133323><NSF>" say_team "18 Assault tachi"
L 02/17/2024 - 20:11:18: "[FEET] Kasietti<19><STEAM_0:0:181630571><Jinrai>" killed "[KOBA] Shlup<8><STEAM_0:1:541462709><NSF>" with "mx"
L 02/17/2024 - 20:11:27: "[FEET] Rezneps<11><STEAM_0:1:66564980><Jinrai>" say "gg"
L 02/17/2024 - 20:11:27: "[FEET] drt<7><STEAM_0:1:16721927><Jinrai>" say "GG"
L 02/17/2024 - 20:11:28: "[FEET] Kasietti<19><STEAM_0:0:181630571><Jinrai>" say "gg"
L 02/17/2024 - 20:11:29: "[KOBA] DESTROYGIRL<16><STEAM_0:0:82737074><NSF>" say "gg"
L 02/17/2024 - 20:11:30: "[FEET] Serbian Guy<24><STEAM_0:1:91548287><Jinrai>" say "gg"
L 02/17/2024 - 20:11:32: "[KOBA]Voodoo<12><STEAM_0:0:454847959><NSF>" say "gg"
L 02/17/2024 - 20:11:33: "[FEET] Syncer<15><STEAM_0:0:88962302><Jinrai>" say "gg"
L 02/17/2024 - 20:11:33: "[KOBA]ASBOJACK7H<5><STEAM_0:0:559133323><NSF>" say "gg]#"
L 02/17/2024 - 20:11:42: "[FEET] Syncer<15><STEAM_0:0:88962302><Jinrai>" say "almost fucked up that one lolll"
L 02/17/2024 - 20:11:51: "[ADMIN] Infrequent<23><STEAM_0:1:6384081><Spectator>" say "!admin"
L 02/17/2024 - 20:11:57: [META] Loaded 0 plugins (1 already loaded)
L 02/17/2024 - 20:11:57: [META] Loaded 0 plugins (1 already loaded)
L 02/17/2024 - 20:11:57: Log file closed
