L 02/03/2024 - 19:54:04: Log file started (file "logs\L0203064.log") (game "z:\home\steam\steam\steamapps\common\nt\NeotokyoSource") (version "4044")
L 02/03/2024 - 19:54:04: server_cvar: "sv_pausable" "0"
L 02/03/2024 - 19:54:04: server_cvar: "sv_contact" "baux.site"
L 02/03/2024 - 19:54:04: server_cvar: "sv_gravity" "800"
L 02/03/2024 - 19:54:04: server_cvar: "mp_friendlyfire" "1"
L 02/03/2024 - 19:54:06: "[FEET] drt<6><STEAM_0:1:16721927><>" entered the game
L 02/03/2024 - 19:54:06: "[FEET] Serbian Guy<19><STEAM_0:1:91548287><>" entered the game
L 02/03/2024 - 19:54:06: "[AUX-] Nutnoze<17><STEAM_0:1:9530793><>" entered the game
L 02/03/2024 - 19:54:06: "[FEET] Kasietti<14><STEAM_0:0:181630571><>" entered the game
L 02/03/2024 - 19:54:07: "[Disembodied Camera] Oni<22><STEAM_0:1:10174276><>" entered the game
L 02/03/2024 - 19:54:07: "[FEET]Jinhai<10><STEAM_0:1:120740110><>" entered the game
L 02/03/2024 - 19:54:08: "[FEET] Rezneps<13><STEAM_0:1:66564980><>" entered the game
L 02/03/2024 - 19:54:08: "[KOBA] DESTROYGIRL<16><STEAM_0:0:82737074><>" entered the game
L 02/03/2024 - 19:54:08: "[FEET] drt<6><STEAM_0:1:16721927><Unassigned>" joined team "NSF"
L 02/03/2024 - 19:54:08: "[FEET]Neotokyonup<24><STEAM_0:1:541542866><>" entered the game
L 02/03/2024 - 19:54:09: "[KOBA] glitch<11><STEAM_0:0:526339791><>" entered the game
L 02/03/2024 - 19:54:09: "[KOBA] Zwiad (Zvyad)<3><STEAM_0:0:41211851><>" entered the game
L 02/03/2024 - 19:54:10: "[FEET] Kasietti<14><STEAM_0:0:181630571><Unassigned>" joined team "NSF"
L 02/03/2024 - 19:54:10: "[Disembodied Camera] Oni<22><STEAM_0:1:10174276><Unassigned>" joined team "Spectator"
L 02/03/2024 - 19:54:11: "[AUX-] Nutnoze<17><STEAM_0:1:9530793><Unassigned>" joined team "Spectator"
L 02/03/2024 - 19:54:11: "[FEET] Serbian Guy<19><STEAM_0:1:91548287><Unassigned>" joined team "Spectator"
L 02/03/2024 - 19:54:11: "[KOBA] glitch<11><STEAM_0:0:526339791><Unassigned>" joined team "Jinrai"
L 02/03/2024 - 19:54:12: "[KOBA] Zwiad (Zvyad)<3><STEAM_0:0:41211851><Unassigned>" joined team "Jinrai"
L 02/03/2024 - 19:54:14: "[Disembodied Camera] Oni<22><STEAM_0:1:10174276><Spectator>" say "!setobserver"
L 02/03/2024 - 19:54:14: "[KOBA] Shlup<4><STEAM_0:1:541462709><>" entered the game
L 02/03/2024 - 19:54:14: "[KOBA]ASBOJACK7H<12><STEAM_0:0:559133323><>" entered the game
L 02/03/2024 - 19:54:15: "[KOBA] DESTROYGIRL<16><STEAM_0:0:82737074><Unassigned>" joined team "Jinrai"
L 02/03/2024 - 19:54:15: "[FEET]Jinhai<10><STEAM_0:1:120740110><Unassigned>" joined team "Jinrai"
L 02/03/2024 - 19:54:16: "[FEET]Neotokyonup<24><STEAM_0:1:541542866><Unassigned>" joined team "NSF"
L 02/03/2024 - 19:54:17: "[KOBA]ASBOJACK7H<12><STEAM_0:0:559133323><Unassigned>" joined team "Jinrai"
L 02/03/2024 - 19:54:18: "[KOBA] Shlup<4><STEAM_0:1:541462709><Unassigned>" joined team "Jinrai"
L 02/03/2024 - 19:54:21: "[FEET] Rezneps<13><STEAM_0:1:66564980><Unassigned>" joined team "NSF"
L 02/03/2024 - 19:54:28: "[FEET] Kasietti<14><STEAM_0:0:181630571><NSF>" say "!ready"
L 02/03/2024 - 19:54:29: "[FEET]Jinhai<10><STEAM_0:1:120740110><Jinrai>" say "oops"
L 02/03/2024 - 19:54:32: "[FEET] drt<6><STEAM_0:1:16721927><NSF>" say "ready"
L 02/03/2024 - 19:54:32: "[FEET]Jinhai<10><STEAM_0:1:120740110><Jinrai>" committed suicide with "player"
L 02/03/2024 - 19:54:34: "[FEET]Jinhai<10><STEAM_0:1:120740110><Jinrai>" joined team "NSF"
L 02/03/2024 - 19:54:35: "[FEET] drt<6><STEAM_0:1:16721927><NSF>" say "!ready"
L 02/03/2024 - 19:54:38: "[FEET]Jinhai<10><STEAM_0:1:120740110><NSF>" say "!ready"
L 02/03/2024 - 19:54:39: "[FEET]Neotokyonup<24><STEAM_0:1:541542866><NSF>" say "!ready"
L 02/03/2024 - 19:55:05: "[KOBA] Shlup<4><STEAM_0:1:541462709><Jinrai>" disconnected (reason "Disconnect by user.")
L 02/03/2024 - 19:55:16: "[KOBA] Zwiad (Zvyad)<3><STEAM_0:0:41211851><Jinrai>" say "we're rotating players"
L 02/03/2024 - 19:55:17: "[FEET]Jinhai<10><STEAM_0:1:120740110><NSF>" say "!readylist"
L 02/03/2024 - 19:55:46: "[KOBA]Voodoo<25><STEAM_ID_PENDING><>" connected, address "217.129.63.244:27005"
L 02/03/2024 - 19:55:46: "[KOBA]Voodoo<25><STEAM_0:0:454847959><>" STEAM USERID validated
L 02/03/2024 - 19:56:00: "[FEET] drt<6><STEAM_0:1:16721927><NSF>" say "JINRAI STINKY"
L 02/03/2024 - 19:56:04: "[KOBA]ASBOJACK7H<12><STEAM_0:0:559133323><Jinrai>" say "!READY"
L 02/03/2024 - 19:56:10: "[KOBA]ASBOJACK7H<12><STEAM_0:0:559133323><Jinrai>" committed suicide with "player"
L 02/03/2024 - 19:56:28: "[KOBA]Voodoo<25><STEAM_0:0:454847959><>" disconnected (reason "Disconnect by user.")
L 02/03/2024 - 19:56:39: "[KOBA]Voodoo<26><STEAM_ID_PENDING><>" connected, address "217.129.63.244:27005"
L 02/03/2024 - 19:56:39: "[KOBA]Voodoo<26><STEAM_0:0:454847959><>" STEAM USERID validated
L 02/03/2024 - 19:56:43: "[KOBA]Voodoo<26><STEAM_0:0:454847959><>" entered the game
L 02/03/2024 - 19:56:48: "[KOBA]Voodoo<26><STEAM_0:0:454847959><Unassigned>" joined team "Jinrai"
L 02/03/2024 - 19:56:54: "[KOBA] Zwiad (Zvyad)<3><STEAM_0:0:41211851><Jinrai>" say "!ready"
L 02/03/2024 - 19:57:01: "[FEET] Rezneps<13><STEAM_0:1:66564980><NSF>" say "!ready"
L 02/03/2024 - 19:57:04: "[KOBA] DESTROYGIRL<16><STEAM_0:0:82737074><Jinrai>" say "!ready"
L 02/03/2024 - 19:57:06: "[KOBA] glitch<11><STEAM_0:0:526339791><Jinrai>" say "!ready"
L 02/03/2024 - 19:57:09: "[KOBA]Voodoo<26><STEAM_0:0:454847959><Jinrai>" say_team "!ready"
L 02/03/2024 - 19:57:13: "[FEET] Rezneps<13><STEAM_0:1:66564980><NSF>" say "glhf"
L 02/03/2024 - 19:57:45: "[KOBA] Zwiad (Zvyad)<3><STEAM_0:0:41211851><Jinrai>" killed "[FEET] Kasietti<14><STEAM_0:0:181630571><NSF>" with "jitte"
L 02/03/2024 - 19:57:45: "[FEET] Kasietti<14><STEAM_0:0:181630571><NSF>" say_team "76 Recon jitte"
L 02/03/2024 - 19:57:54: "[FEET] drt<6><STEAM_0:1:16721927><NSF>" killed "[KOBA] Zwiad (Zvyad)<3><STEAM_0:0:41211851><Jinrai>" with "zr68s"
L 02/03/2024 - 19:58:00: "[KOBA] DESTROYGIRL<16><STEAM_0:0:82737074><Jinrai>" killed "[FEET] drt<6><STEAM_0:1:16721927><NSF>" with "supa7"
L 02/03/2024 - 19:58:00: "[FEET] drt<6><STEAM_0:1:16721927><NSF>" say_team "100 Support supa7"
L 02/03/2024 - 19:58:03: "[FEET] Rezneps<13><STEAM_0:1:66564980><NSF>" killed "[KOBA] glitch<11><STEAM_0:0:526339791><Jinrai>" with "srm"
L 02/03/2024 - 19:58:04: "[KOBA]Voodoo<26><STEAM_0:0:454847959><Jinrai>" killed "[FEET] Rezneps<13><STEAM_0:1:66564980><NSF>" with "zr68s"
L 02/03/2024 - 19:58:04: "[FEET] Rezneps<13><STEAM_0:1:66564980><NSF>" say_team "100 Assault zr68s"
L 02/03/2024 - 19:59:11: "[KOBA]ASBOJACK7H<12><STEAM_0:0:559133323><Jinrai>" killed "[FEET]Jinhai<10><STEAM_0:1:120740110><NSF>" with "zr68s"
L 02/03/2024 - 19:59:11: "[KOBA] DESTROYGIRL<16><STEAM_0:0:82737074><Jinrai>" triggered "kill_assist"
L 02/03/2024 - 19:59:11: "[FEET]Jinhai<10><STEAM_0:1:120740110><NSF>" say_team "15 Assault zr68s"
L 02/03/2024 - 19:59:13: "[FEET]Neotokyonup<24><STEAM_0:1:541542866><NSF>" killed "[KOBA]ASBOJACK7H<12><STEAM_0:0:559133323><Jinrai>" with "kyla"
L 02/03/2024 - 19:59:14: "[FEET] Rezneps<13><STEAM_0:1:66564980><NSF>" triggered "kill_assist"
L 02/03/2024 - 19:59:15: "[KOBA] DESTROYGIRL<16><STEAM_0:0:82737074><Jinrai>" killed "[FEET]Neotokyonup<24><STEAM_0:1:541542866><NSF>" with "supa7"
L 02/03/2024 - 19:59:15: "[FEET]Neotokyonup<24><STEAM_0:1:541542866><NSF>" say_team "62 Support supa7"
L 02/03/2024 - 19:59:58: "[FEET] drt<6><STEAM_0:1:16721927><NSF>" killed "[KOBA]Voodoo<26><STEAM_0:0:454847959><Jinrai>" with "zr68s"
L 02/03/2024 - 20:00:03: "[KOBA]ASBOJACK7H<12><STEAM_0:0:559133323><Jinrai>" killed "[FEET] Rezneps<13><STEAM_0:1:66564980><NSF>" with "zr68c"
L 02/03/2024 - 20:00:03: "[FEET] Rezneps<13><STEAM_0:1:66564980><NSF>" say_team "100 Recon zr68c"
L 02/03/2024 - 20:00:12: "[KOBA]ASBOJACK7H<12><STEAM_0:0:559133323><Jinrai>" killed "[FEET] Kasietti<14><STEAM_0:0:181630571><NSF>" with "zr68c"
L 02/03/2024 - 20:00:12: "[FEET] Kasietti<14><STEAM_0:0:181630571><NSF>" say_team "73 Recon zr68c"
L 02/03/2024 - 20:00:49: "[FEET] drt<6><STEAM_0:1:16721927><NSF>" killed "[KOBA]ASBOJACK7H<12><STEAM_0:0:559133323><Jinrai>" with "zr68s"
L 02/03/2024 - 20:00:49: "[FEET]Neotokyonup<24><STEAM_0:1:541542866><NSF>" triggered "kill_assist"
L 02/03/2024 - 20:00:54: "[FEET] Rezneps<13><STEAM_0:1:66564980><NSF>" say_team "3v3"
L 02/03/2024 - 20:00:56: "[KOBA] Zwiad (Zvyad)<3><STEAM_0:0:41211851><Jinrai>" killed "[FEET]Jinhai<10><STEAM_0:1:120740110><NSF>" with "jitte"
L 02/03/2024 - 20:00:56: "[FEET]Jinhai<10><STEAM_0:1:120740110><NSF>" say_team "5 Support jitte"
L 02/03/2024 - 20:01:05: "[KOBA] glitch<11><STEAM_0:0:526339791><Jinrai>" killed "[FEET] drt<6><STEAM_0:1:16721927><NSF>" with "zr68s"
L 02/03/2024 - 20:01:05: "[FEET] drt<6><STEAM_0:1:16721927><NSF>" say_team "59 Assault zr68s"
L 02/03/2024 - 20:01:08: "[KOBA] glitch<11><STEAM_0:0:526339791><Jinrai>" killed "[FEET]Neotokyonup<24><STEAM_0:1:541542866><NSF>" with "zr68s"
L 02/03/2024 - 20:01:08: "[KOBA] Zwiad (Zvyad)<3><STEAM_0:0:41211851><Jinrai>" triggered "kill_assist"
L 02/03/2024 - 20:01:08: "[FEET]Neotokyonup<24><STEAM_0:1:541542866><NSF>" say_team "3 Assault zr68s"
L 02/03/2024 - 20:02:09: "[FEET] Kasietti<14><STEAM_0:0:181630571><NSF>" killed "[KOBA]Voodoo<26><STEAM_0:0:454847959><Jinrai>" with "zr68s"
L 02/03/2024 - 20:02:09: "[KOBA] DESTROYGIRL<16><STEAM_0:0:82737074><Jinrai>" killed "[FEET] Kasietti<14><STEAM_0:0:181630571><NSF>" with "mx"
L 02/03/2024 - 20:02:09: "[FEET] Kasietti<14><STEAM_0:0:181630571><NSF>" say_team "100 Support mx"
L 02/03/2024 - 20:02:12: "[KOBA] Zwiad (Zvyad)<3><STEAM_0:0:41211851><Jinrai>" killed "[FEET] drt<6><STEAM_0:1:16721927><NSF>" with "mx"
L 02/03/2024 - 20:02:12: "[FEET] drt<6><STEAM_0:1:16721927><NSF>" say_team "100 Support mx"
L 02/03/2024 - 20:02:16: "[KOBA] glitch<11><STEAM_0:0:526339791><Jinrai>" killed "[FEET] Rezneps<13><STEAM_0:1:66564980><NSF>" with "zr68s"
L 02/03/2024 - 20:02:17: "[FEET] Rezneps<13><STEAM_0:1:66564980><NSF>" say_team "28 Assault zr68s"
L 02/03/2024 - 20:02:20: "[FEET]Jinhai<10><STEAM_0:1:120740110><NSF>" killed "[KOBA]ASBOJACK7H<12><STEAM_0:0:559133323><Jinrai>" with "zr68c"
L 02/03/2024 - 20:02:24: "[FEET]Neotokyonup<24><STEAM_0:1:541542866><NSF>" killed "[KOBA] glitch<11><STEAM_0:0:526339791><Jinrai>" with "kyla"
L 02/03/2024 - 20:02:24: "[FEET] Rezneps<13><STEAM_0:1:66564980><NSF>" triggered "kill_assist"
L 02/03/2024 - 20:02:27: "[KOBA] Zwiad (Zvyad)<3><STEAM_0:0:41211851><Jinrai>" killed "[FEET]Neotokyonup<24><STEAM_0:1:541542866><NSF>" with "mx"
L 02/03/2024 - 20:02:27: "[FEET]Neotokyonup<24><STEAM_0:1:541542866><NSF>" say_team "70 Support mx"
L 02/03/2024 - 20:02:27: "[KOBA] Zwiad (Zvyad)<3><STEAM_0:0:41211851><Jinrai>" killed "[FEET]Jinhai<10><STEAM_0:1:120740110><NSF>" with "mx"
L 02/03/2024 - 20:02:27: "[FEET]Jinhai<10><STEAM_0:1:120740110><NSF>" say_team "57 Support mx"
L 02/03/2024 - 20:03:15: "[KOBA]ASBOJACK7H<12><STEAM_0:0:559133323><Jinrai>" killed "[FEET] Rezneps<13><STEAM_0:1:66564980><NSF>" with "mx"
L 02/03/2024 - 20:03:15: "[FEET] Rezneps<13><STEAM_0:1:66564980><NSF>" say_team "52 Recon mx"
L 02/03/2024 - 20:03:35: "[KOBA]ASBOJACK7H<12><STEAM_0:0:559133323><Jinrai>" killed "[FEET] Kasietti<14><STEAM_0:0:181630571><NSF>" with "mx"
L 02/03/2024 - 20:03:36: "[FEET] Kasietti<14><STEAM_0:0:181630571><NSF>" say_team "52 Recon mx"
L 02/03/2024 - 20:03:43: "[KOBA]ASBOJACK7H<12><STEAM_0:0:559133323><Jinrai>" killed "[FEET]Neotokyonup<24><STEAM_0:1:541542866><NSF>" with "mx"
L 02/03/2024 - 20:03:43: "[FEET]Neotokyonup<24><STEAM_0:1:541542866><NSF>" say_team "52 Recon mx"
L 02/03/2024 - 20:03:49: "[KOBA] glitch<11><STEAM_0:0:526339791><Jinrai>" killed "[FEET]Jinhai<10><STEAM_0:1:120740110><NSF>" with "zr68s"
L 02/03/2024 - 20:03:49: "[KOBA] Zwiad (Zvyad)<3><STEAM_0:0:41211851><Jinrai>" triggered "kill_assist"
L 02/03/2024 - 20:03:49: "[FEET]Jinhai<10><STEAM_0:1:120740110><NSF>" say_team "100 Assault zr68s"
L 02/03/2024 - 20:03:57: "[KOBA]ASBOJACK7H<12><STEAM_0:0:559133323><Jinrai>" killed "[FEET] drt<6><STEAM_0:1:16721927><NSF>" with "mx"
L 02/03/2024 - 20:03:57: "[FEET] drt<6><STEAM_0:1:16721927><NSF>" say_team "52 Recon mx"
L 02/03/2024 - 20:04:42: "[KOBA] Zwiad (Zvyad)<3><STEAM_0:0:41211851><Jinrai>" killed "[FEET]Jinhai<10><STEAM_0:1:120740110><NSF>" with "mx"
L 02/03/2024 - 20:04:42: "[FEET]Jinhai<10><STEAM_0:1:120740110><NSF>" say_team "36 Support mx"
L 02/03/2024 - 20:04:44: "[FEET] drt<6><STEAM_0:1:16721927><NSF>" killed "[KOBA]ASBOJACK7H<12><STEAM_0:0:559133323><Jinrai>" with "zr68s"
L 02/03/2024 - 20:04:54: "[KOBA] glitch<11><STEAM_0:0:526339791><Jinrai>" killed "[FEET] Rezneps<13><STEAM_0:1:66564980><NSF>" with "mx"
L 02/03/2024 - 20:04:54: "[FEET] Rezneps<13><STEAM_0:1:66564980><NSF>" say_team "80 Assault mx"
L 02/03/2024 - 20:05:06: "[KOBA]Voodoo<26><STEAM_0:0:454847959><Jinrai>" killed "[FEET] drt<6><STEAM_0:1:16721927><NSF>" with "zr68s"
L 02/03/2024 - 20:05:07: "[FEET] drt<6><STEAM_0:1:16721927><NSF>" say_team "59 Assault zr68s"
L 02/03/2024 - 20:05:13: "[KOBA]Voodoo<26><STEAM_0:0:454847959><Jinrai>" killed "[FEET] Kasietti<14><STEAM_0:0:181630571><NSF>" with "zr68s"
L 02/03/2024 - 20:05:13: "[FEET] Kasietti<14><STEAM_0:0:181630571><NSF>" say_team "59 Assault zr68s"
L 02/03/2024 - 20:05:31: "[KOBA] glitch<11><STEAM_0:0:526339791><Jinrai>" killed "[FEET]Neotokyonup<24><STEAM_0:1:541542866><NSF>" with "mx"
L 02/03/2024 - 20:05:31: "[FEET]Neotokyonup<24><STEAM_0:1:541542866><NSF>" say_team "80 Assault mx"
L 02/03/2024 - 20:06:15: "[FEET] Rezneps<13><STEAM_0:1:66564980><NSF>" killed "[KOBA] DESTROYGIRL<16><STEAM_0:0:82737074><Jinrai>" with "mx"
L 02/03/2024 - 20:06:16: "[KOBA] DESTROYGIRL<16><STEAM_0:0:82737074><Jinrai>" say_team "27 Assault mx"
L 02/03/2024 - 20:06:22: "[KOBA]Voodoo<26><STEAM_0:0:454847959><Jinrai>" killed "[FEET] Kasietti<14><STEAM_0:0:181630571><NSF>" with "mx"
L 02/03/2024 - 20:06:22: "[FEET] Kasietti<14><STEAM_0:0:181630571><NSF>" say_team "28 Assault mx"
L 02/03/2024 - 20:06:26: "[FEET] Rezneps<13><STEAM_0:1:66564980><NSF>" killed "[KOBA] glitch<11><STEAM_0:0:526339791><Jinrai>" with "mx"
L 02/03/2024 - 20:06:34: "[KOBA]ASBOJACK7H<12><STEAM_0:0:559133323><Jinrai>" killed "[FEET] drt<6><STEAM_0:1:16721927><NSF>" with "grenade_projectile"
L 02/03/2024 - 20:06:34: "[FEET] drt<6><STEAM_0:1:16721927><NSF>" say_team "80 Assault grenade_projectile"
L 02/03/2024 - 20:06:42: "[KOBA] Zwiad (Zvyad)<3><STEAM_0:0:41211851><Jinrai>" killed "[FEET]Jinhai<10><STEAM_0:1:120740110><NSF>" with "mx"
L 02/03/2024 - 20:06:42: "[KOBA]ASBOJACK7H<12><STEAM_0:0:559133323><Jinrai>" triggered "kill_assist"
L 02/03/2024 - 20:06:43: "[FEET]Jinhai<10><STEAM_0:1:120740110><NSF>" say_team "100 Support mx"
L 02/03/2024 - 20:06:55: "[KOBA]Voodoo<26><STEAM_0:0:454847959><Jinrai>" killed "[FEET]Neotokyonup<24><STEAM_0:1:541542866><NSF>" with "mx"
L 02/03/2024 - 20:06:55: "[FEET]Neotokyonup<24><STEAM_0:1:541542866><NSF>" say_team "28 Assault mx"
L 02/03/2024 - 20:07:25: "[KOBA]ASBOJACK7H<12><STEAM_0:0:559133323><Jinrai>" killed "[FEET] Rezneps<13><STEAM_0:1:66564980><NSF>" with "mx"
L 02/03/2024 - 20:07:25: "[KOBA] DESTROYGIRL<16><STEAM_0:0:82737074><Jinrai>" triggered "kill_assist"
L 02/03/2024 - 20:07:25: "[FEET] Rezneps<13><STEAM_0:1:66564980><NSF>" say_team "80 Assault mx"
L 02/03/2024 - 20:07:49: "[KOBA]ASBOJACK7H<12><STEAM_0:0:559133323><Jinrai>" say "i fear for the comeback"
L 02/03/2024 - 20:07:58: "[KOBA]Voodoo<26><STEAM_0:0:454847959><Jinrai>" say "call me mr rock festival"
L 02/03/2024 - 20:08:05: "[KOBA]ASBOJACK7H<12><STEAM_0:0:559133323><Jinrai>" killed "[FEET] Rezneps<13><STEAM_0:1:66564980><NSF>" with "grenade_projectile"
L 02/03/2024 - 20:08:05: "[FEET] Rezneps<13><STEAM_0:1:66564980><NSF>" say_team "100 Assault grenade_projectile"
L 02/03/2024 - 20:08:09: "[KOBA] glitch<11><STEAM_0:0:526339791><Jinrai>" killed "[FEET] Kasietti<14><STEAM_0:0:181630571><NSF>" with "mx"
L 02/03/2024 - 20:08:09: "[FEET] Kasietti<14><STEAM_0:0:181630571><NSF>" say_team "79 Assault mx"
L 02/03/2024 - 20:08:11: "[FEET]Jinhai<10><STEAM_0:1:120740110><NSF>" killed "[KOBA] glitch<11><STEAM_0:0:526339791><Jinrai>" with "zr68s"
L 02/03/2024 - 20:08:18: "[FEET]Neotokyonup<24><STEAM_0:1:541542866><NSF>" say_team "1g1ggwawa"
L 02/03/2024 - 20:08:29: "[KOBA] Zwiad (Zvyad)<3><STEAM_0:0:41211851><Jinrai>" killed "[FEET]Jinhai<10><STEAM_0:1:120740110><NSF>" with "mx"
L 02/03/2024 - 20:08:29: "[FEET]Jinhai<10><STEAM_0:1:120740110><NSF>" say_team "100 Support mx"
L 02/03/2024 - 20:08:30: "[KOBA] Zwiad (Zvyad)<3><STEAM_0:0:41211851><Jinrai>" killed "[FEET]Neotokyonup<24><STEAM_0:1:541542866><NSF>" with "mx"
L 02/03/2024 - 20:08:31: "[FEET]Neotokyonup<24><STEAM_0:1:541542866><NSF>" say_team "100 Support mx"
L 02/03/2024 - 20:08:32: "[FEET] drt<6><STEAM_0:1:16721927><NSF>" killed "[KOBA]Voodoo<26><STEAM_0:0:454847959><Jinrai>" with "kyla"
L 02/03/2024 - 20:08:34: "[KOBA]ASBOJACK7H<12><STEAM_0:0:559133323><Jinrai>" killed "[FEET] drt<6><STEAM_0:1:16721927><NSF>" with "mx"
L 02/03/2024 - 20:08:34: "[FEET] drt<6><STEAM_0:1:16721927><NSF>" say_team "100 Assault mx"
L 02/03/2024 - 20:09:25: "[KOBA] Zwiad (Zvyad)<3><STEAM_0:0:41211851><Jinrai>" killed "[FEET] drt<6><STEAM_0:1:16721927><NSF>" with "mx"
L 02/03/2024 - 20:09:25: "[FEET] drt<6><STEAM_0:1:16721927><NSF>" say_team "100 Support mx"
L 02/03/2024 - 20:09:29: "[KOBA] glitch<11><STEAM_0:0:526339791><Jinrai>" killed "[FEET] Kasietti<14><STEAM_0:0:181630571><NSF>" with "grenade_projectile"
L 02/03/2024 - 20:09:29: "[FEET] Kasietti<14><STEAM_0:0:181630571><NSF>" say_team "84 Assault grenade_projectile"
L 02/03/2024 - 20:09:32: "[KOBA] glitch<11><STEAM_0:0:526339791><Jinrai>" killed "[FEET]Jinhai<10><STEAM_0:1:120740110><NSF>" with "mx"
L 02/03/2024 - 20:09:32: "[FEET]Jinhai<10><STEAM_0:1:120740110><NSF>" say_team "24 Assault mx"
L 02/03/2024 - 20:09:32: "[FEET] Rezneps<13><STEAM_0:1:66564980><NSF>" killed "[KOBA]Voodoo<26><STEAM_0:0:454847959><Jinrai>" with "mx"
L 02/03/2024 - 20:09:39: "[KOBA] Zwiad (Zvyad)<3><STEAM_0:0:41211851><Jinrai>" killed "[FEET]Neotokyonup<24><STEAM_0:1:541542866><NSF>" with "mx"
L 02/03/2024 - 20:09:40: "[FEET]Neotokyonup<24><STEAM_0:1:541542866><NSF>" say_team "100 Support mx"
L 02/03/2024 - 20:09:58: "[KOBA] Zwiad (Zvyad)<3><STEAM_0:0:41211851><Jinrai>" killed "[FEET] Rezneps<13><STEAM_0:1:66564980><NSF>" with "mx"
L 02/03/2024 - 20:09:58: "[KOBA]ASBOJACK7H<12><STEAM_0:0:559133323><Jinrai>" triggered "kill_assist"
L 02/03/2024 - 20:09:58: "[FEET] Rezneps<13><STEAM_0:1:66564980><NSF>" say_team "100 Support mx"
L 02/03/2024 - 20:09:59: "[FEET] drt<6><STEAM_0:1:16721927><NSF>" say "GG"
L 02/03/2024 - 20:10:02: "[FEET] Rezneps<13><STEAM_0:1:66564980><NSF>" say "gg"
L 02/03/2024 - 20:10:03: "[FEET] Kasietti<14><STEAM_0:0:181630571><NSF>" say "gg"
L 02/03/2024 - 20:10:04: "[KOBA] DESTROYGIRL<16><STEAM_0:0:82737074><Jinrai>" say "gg"
L 02/03/2024 - 20:10:04: "[KOBA]Voodoo<26><STEAM_0:0:454847959><Jinrai>" say "GG"
L 02/03/2024 - 20:10:06: "[KOBA] glitch<11><STEAM_0:0:526339791><Jinrai>" say "gg"
L 02/03/2024 - 20:10:06: "[KOBA]ASBOJACK7H<12><STEAM_0:0:559133323><Jinrai>" say "ggqwp"
L 02/03/2024 - 20:10:07: "[KOBA] Zwiad (Zvyad)<3><STEAM_0:0:41211851><Jinrai>" say "GG"
L 02/03/2024 - 20:10:08: "[KOBA] glitch<11><STEAM_0:0:526339791><Jinrai>" say "wp"
L 02/03/2024 - 20:10:22: "[FEET] Serbian Guy<19><STEAM_0:1:91548287><Spectator>" disconnected (reason "Disconnect by user.")
L 02/03/2024 - 20:10:29: "[FEET]Jinhai<10><STEAM_0:1:120740110><NSF>" disconnected (reason "Disconnect by user.")
L 02/03/2024 - 20:10:34: "[FEET] drt<6><STEAM_0:1:16721927><NSF>" disconnected (reason "Disconnect by user.")
L 02/03/2024 - 20:10:35: "[FEET]Neotokyonup<24><STEAM_0:1:541542866><NSF>" joined team "Unassigned"
L 02/03/2024 - 20:10:37: "[DYS] bauxite<27><STEAM_ID_PENDING><>" connected, address "86.13.114.58:27005"
L 02/03/2024 - 20:10:37: "[DYS] bauxite<27><STEAM_0:0:5757747><>" STEAM USERID validated
L 02/03/2024 - 20:10:40: "[DYS] bauxite<27><STEAM_0:0:5757747><>" entered the game
L 02/03/2024 - 20:10:43: "[DYS] bauxite<27><STEAM_0:0:5757747><Unassigned>" joined team "NSF"
L 02/03/2024 - 20:10:49: "[FEET] Kasietti<14><STEAM_0:0:181630571><NSF>" disconnected (reason "Disconnect by user.")
L 02/03/2024 - 20:11:08: "[KOBA]ASBOJACK7H<12><STEAM_0:0:559133323><Jinrai>" disconnected (reason "Disconnect by user.")
L 02/03/2024 - 20:11:42: "[DYS] bauxite<27><STEAM_0:0:5757747><NSF>" say "!jf rez"
L 02/03/2024 - 20:11:42: "[FEET] Rezneps<13><STEAM_0:1:66564980><NSF>" committed suicide with "player"
L 02/03/2024 - 20:11:42: "[FEET] Rezneps<13><STEAM_0:1:66564980><NSF>" joined team "Jinrai"
L 02/03/2024 - 20:11:44: "[DYS] bauxite<27><STEAM_0:0:5757747><NSF>" say "!jf bax"
L 02/03/2024 - 20:11:46: "[DYS] bauxite<27><STEAM_0:0:5757747><NSF>" say "!jf baux"
L 02/03/2024 - 20:11:46: "[DYS] bauxite<27><STEAM_0:0:5757747><NSF>" joined team "Jinrai"
L 02/03/2024 - 20:12:01: "[KOBA] DESTROYGIRL<16><STEAM_0:0:82737074><Jinrai>" disconnected (reason "Disconnect by user.")
L 02/03/2024 - 20:12:03: "[DYS] bauxite<27><STEAM_0:0:5757747><Jinrai>" say "!spec rez"
L 02/03/2024 - 20:12:03: "[FEET] Rezneps<13><STEAM_0:1:66564980><Jinrai>" joined team "Spectator"
L 02/03/2024 - 20:12:04: "[KOBA] glitch<11><STEAM_0:0:526339791><Jinrai>" disconnected (reason "Disconnect by user.")
L 02/03/2024 - 20:12:08: "[DYS] bauxite<27><STEAM_0:0:5757747><Jinrai>" disconnected (reason "Disconnect by user.")
L 02/03/2024 - 20:12:08: "[DYS] bauxite<28><STEAM_ID_PENDING><>" connected, address "86.13.114.58:27005"
L 02/03/2024 - 20:12:08: "[DYS] bauxite<28><STEAM_0:0:5757747><>" STEAM USERID validated
L 02/03/2024 - 20:12:10: "[DYS] bauxite<28><STEAM_0:0:5757747><>" entered the game
L 02/03/2024 - 20:12:11: "[DYS] bauxite<28><STEAM_0:0:5757747><Unassigned>" joined team "Jinrai"
L 02/03/2024 - 20:12:12: "[KOBA] Zwiad (Zvyad)<3><STEAM_0:0:41211851><Jinrai>" disconnected (reason "Disconnect by user.")
L 02/03/2024 - 20:12:23: "[KOBA] Shlup<29><STEAM_ID_PENDING><>" connected, address "67.168.174.177:27005"
L 02/03/2024 - 20:12:24: "[KOBA] Shlup<29><STEAM_0:1:541462709><>" STEAM USERID validated
L 02/03/2024 - 20:12:26: "[KOBA] Shlup<29><STEAM_0:1:541462709><>" entered the game
L 02/03/2024 - 20:12:28: "[KOBA] Shlup<29><STEAM_0:1:541462709><Unassigned>" joined team "NSF"
L 02/03/2024 - 20:12:45: "[DYS] bauxite<28><STEAM_0:0:5757747><Jinrai>" say "!map nt_threadplate_ctg"
L 02/03/2024 - 20:12:48: [META] Loaded 0 plugins (1 already loaded)
L 02/03/2024 - 20:12:48: [META] Loaded 0 plugins (1 already loaded)
L 02/03/2024 - 20:12:48: Log file closed
