L 01/13/2024 - 17:33:11: Log file started (file "logs\L0113006.log") (game "z:\home\steam\steam\steamapps\common\nt\NeotokyoSource") (version "4044")
L 01/13/2024 - 17:33:11: server_cvar: "sv_pausable" "0"
L 01/13/2024 - 17:33:11: server_cvar: "sv_contact" "baux.site"
L 01/13/2024 - 17:33:11: server_cvar: "sv_gravity" "800"
L 01/13/2024 - 17:33:11: server_cvar: "mp_friendlyfire" "1"
L 01/13/2024 - 17:33:12: "[MNHR] Scarf<26><STEAM_0:1:128469250><>" disconnected (reason "Disconnect by user.")
L 01/13/2024 - 17:33:15: "[CAST-] Nutnoze<12><STEAM_0:1:9530793><>" entered the game
L 01/13/2024 - 17:33:15: "[MNHR] Sero<21><STEAM_0:1:46322305><>" entered the game
L 01/13/2024 - 17:33:15: "[Cameraman] Oni<18><STEAM_0:1:10174276><>" entered the game
L 01/13/2024 - 17:33:17: "[Cameraman] Oni<18><STEAM_0:1:10174276><Unassigned>" joined team "Spectator"
L 01/13/2024 - 17:33:17: "[Casterazu] kinoko<6><STEAM_0:0:83067719><>" entered the game
L 01/13/2024 - 17:33:17: "[FEET]Jinhai<27><STEAM_0:1:120740110><>" entered the game
L 01/13/2024 - 17:33:18: "[MNHR]SENYOKO<20><STEAM_0:0:33377178><>" entered the game
L 01/13/2024 - 17:33:18: "[CAST-] Nutnoze<12><STEAM_0:1:9530793><Unassigned>" joined team "Spectator"
L 01/13/2024 - 17:33:18: "[FOOT] Wahaha-<31><STEAM_0:1:17526508><>" entered the game
L 01/13/2024 - 17:33:19: "[MNHR] Sero<21><STEAM_0:1:46322305><Unassigned>" joined team "NSF"
L 01/13/2024 - 17:33:19: "[Casterazu] kinoko<6><STEAM_0:0:83067719><Unassigned>" joined team "Spectator"
L 01/13/2024 - 17:33:20: "[MNHR] Syz<24><STEAM_0:0:82019396><>" entered the game
L 01/13/2024 - 17:33:21: "[FEET]Neotokyonup<30><STEAM_0:1:541542866><>" entered the game
L 01/13/2024 - 17:33:21: "[FEET]Jinhai<27><STEAM_0:1:120740110><Unassigned>" joined team "Jinrai"
L 01/13/2024 - 17:33:22: "[FEET] drt<17><STEAM_0:1:16721927><>" entered the game
L 01/13/2024 - 17:33:22: "[FOOT] Wahaha-<31><STEAM_0:1:17526508><Unassigned>" joined team "Jinrai"
L 01/13/2024 - 17:33:23: "[FEET] jav<29><STEAM_0:1:155763328><>" entered the game
L 01/13/2024 - 17:33:24: "[MNHR] Syz<24><STEAM_0:0:82019396><Unassigned>" joined team "NSF"
L 01/13/2024 - 17:33:25: "[FEET] drt<17><STEAM_0:1:16721927><Unassigned>" joined team "Jinrai"
L 01/13/2024 - 17:33:26: "[FEET] jav<29><STEAM_0:1:155763328><Unassigned>" joined team "Jinrai"
L 01/13/2024 - 17:33:35: "[FEET]Neotokyonup<30><STEAM_0:1:541542866><Unassigned>" joined team "Jinrai"
L 01/13/2024 - 17:33:37: "[MNHR]SENYOKO<20><STEAM_0:0:33377178><Unassigned>" joined team "Jinrai"
L 01/13/2024 - 17:33:40: "[MNHR] Izotop<13><STEAM_0:1:97975268><>" entered the game
L 01/13/2024 - 17:33:41: "[MNHR]SENYOKO<20><STEAM_0:0:33377178><Jinrai>" joined team "Unassigned"
L 01/13/2024 - 17:33:42: "[MNHR]SENYOKO<20><STEAM_0:0:33377178><Unassigned>" joined team "NSF"
L 01/13/2024 - 17:33:46: "[MNHR] Izotop<13><STEAM_0:1:97975268><Unassigned>" joined team "Spectator"
L 01/13/2024 - 17:33:49: "[MNHR] Izotop<13><STEAM_0:1:97975268><Spectator>" joined team "NSF"
L 01/13/2024 - 17:33:50: "[FEET] jav<29><STEAM_0:1:155763328><Jinrai>" say "!ready"
L 01/13/2024 - 17:33:53: "[FOOT] Wahaha-<31><STEAM_0:1:17526508><Jinrai>" say "!ready"
L 01/13/2024 - 17:33:59: "[FEET] drt<17><STEAM_0:1:16721927><Jinrai>" say "2 mins"
L 01/13/2024 - 17:34:00: "[FEET]Jinhai<27><STEAM_0:1:120740110><Jinrai>" say "!ready"
L 01/13/2024 - 17:34:04: "[FEET]Neotokyonup<30><STEAM_0:1:541542866><Jinrai>" say_team "!ready"
L 01/13/2024 - 17:34:19: "[MNHR] Syz<24><STEAM_0:0:82019396><NSF>" say "ok"
L 01/13/2024 - 17:34:22: "[FEET] jav<29><STEAM_0:1:155763328><Jinrai>" say "gotchu homie"
L 01/13/2024 - 17:34:22: "[MNHR] Scarf<32><STEAM_ID_PENDING><>" connected, address "73.115.74.180:27005"
L 01/13/2024 - 17:34:22: "[MNHR] Scarf<32><STEAM_0:1:128469250><>" STEAM USERID validated
L 01/13/2024 - 17:34:28: "[FEET] drt<17><STEAM_0:1:16721927><Jinrai>" say "!ready"
L 01/13/2024 - 17:34:32: "[MNHR] Syz<24><STEAM_0:0:82019396><NSF>" say "!ready"
L 01/13/2024 - 17:34:38: "[MNHR]SENYOKO<20><STEAM_0:0:33377178><NSF>" say_team "!ready"
L 01/13/2024 - 17:34:41: "[FOOT] Wahaha-<31><STEAM_0:1:17526508><Jinrai>" say "caster bio?"
L 01/13/2024 - 17:34:45: "[MNHR] Scarf<32><STEAM_0:1:128469250><>" disconnected (reason "Connection closing")
L 01/13/2024 - 17:34:45: "[MNHR] Scarf<33><STEAM_ID_PENDING><>" connected, address "73.115.74.180:27005"
L 01/13/2024 - 17:34:45: "[MNHR] Scarf<33><STEAM_0:1:128469250><>" STEAM USERID validated
L 01/13/2024 - 17:34:45: "[MNHR] Izotop<13><STEAM_0:1:97975268><NSF>" say "!ready"
L 01/13/2024 - 17:34:47: "[FOOT] Wahaha-<31><STEAM_0:1:17526508><Jinrai>" say "but i just met 'er bio!!"
L 01/13/2024 - 17:34:48: "[MNHR] Scarf<33><STEAM_0:1:128469250><>" entered the game
L 01/13/2024 - 17:34:48: "[FEET]Jinhai<27><STEAM_0:1:120740110><Jinrai>" say "CAST! BIO"
L 01/13/2024 - 17:34:52: "[MNHR] Scarf<33><STEAM_0:1:128469250><Unassigned>" joined team "NSF"
L 01/13/2024 - 17:34:53: "[CAST-] Nutnoze<12><STEAM_0:1:9530793><Spectator>" say "kino is out for a sec"
L 01/13/2024 - 17:34:58: "[CAST-] Nutnoze<12><STEAM_0:1:9530793><Spectator>" say "idk if bio or snack or what"
L 01/13/2024 - 17:35:04: "[FOOT] Wahaha-<31><STEAM_0:1:17526508><Jinrai>" say "POWER WORD: [CASTER BIO]"
L 01/13/2024 - 17:35:05: "[MNHR] Sero<21><STEAM_0:1:46322305><NSF>" say "!ready"
L 01/13/2024 - 17:35:07: "[FEET]Jinhai<27><STEAM_0:1:120740110><Jinrai>" say "what the hell is bio"
L 01/13/2024 - 17:35:08: "[FEET] drt<17><STEAM_0:1:16721927><Jinrai>" say "pee faster!"
L 01/13/2024 - 17:35:15: "[CAST-] Nutnoze<12><STEAM_0:1:9530793><Spectator>" say "bathroom break"
L 01/13/2024 - 17:35:23: "[FOOT] Wahaha-<31><STEAM_0:1:17526508><Jinrai>" say "JUST SAY PISSIN"
L 01/13/2024 - 17:35:24: "[MNHR]SENYOKO<20><STEAM_0:0:33377178><NSF>" say_team "!pause"
L 01/13/2024 - 17:35:29: "[CAST-] Nutnoze<12><STEAM_0:1:9530793><Spectator>" say "lol"
L 01/13/2024 - 17:35:36: "[MNHR]SENYOKO<20><STEAM_0:0:33377178><NSF>" say_team "!pizz"
L 01/13/2024 - 17:35:39: "[MNHR] Syz<24><STEAM_0:0:82019396><NSF>" say "rizz"
L 01/13/2024 - 17:36:05: "[FEET] jav<29><STEAM_0:1:155763328><Jinrai>" say "!ready"
L 01/13/2024 - 17:36:20: "[MNHR] Syz<24><STEAM_0:0:82019396><NSF>" say "is it okay to go live then?"
L 01/13/2024 - 17:36:36: "[CAST-] Nutnoze<12><STEAM_0:1:9530793><Spectator>" say "yes"
L 01/13/2024 - 17:36:37: "[CAST-] Nutnoze<12><STEAM_0:1:9530793><Spectator>" say "go live"
L 01/13/2024 - 17:36:40: "[MNHR] Syz<24><STEAM_0:0:82019396><NSF>" say "!ready"
L 01/13/2024 - 17:36:59: "[FEET] drt<17><STEAM_0:1:16721927><Jinrai>" say "!hud"
L 01/13/2024 - 17:37:05: "[MNHR] Syz<24><STEAM_0:0:82019396><NSF>" say "!setting"
L 01/13/2024 - 17:37:06: "[FEET]Jinhai<27><STEAM_0:1:120740110><Jinrai>" say "!crack"
L 01/13/2024 - 17:37:53: "[FEET] drt<17><STEAM_0:1:16721927><Jinrai>" say "!ban_all_twitch_chatters"
L 01/13/2024 - 17:37:57: "[FEET] drt<17><STEAM_0:1:16721927><Jinrai>" say "damn, didn't work"
L 01/13/2024 - 17:38:04: "[FOOT] Wahaha-<31><STEAM_0:1:17526508><Jinrai>" say "TWITCH CHAT GIVE OUR FEET A RUB IN CHAT"
L 01/13/2024 - 17:38:08: "[MNHR]SENYOKO<20><STEAM_0:0:33377178><NSF>" say_team "!give_ramen"
L 01/13/2024 - 17:38:17: "[CAST-] Nutnoze<12><STEAM_0:1:9530793><Spectator>" say "!readylist"
L 01/13/2024 - 17:38:20: "[MNHR]SENYOKO<20><STEAM_0:0:33377178><NSF>" say "!twitch pray for menhara"
L 01/13/2024 - 17:38:22: "[CAST-] Nutnoze<12><STEAM_0:1:9530793><Spectator>" say "just waiting on scarf"
L 01/13/2024 - 17:38:26: "[MNHR] Scarf<33><STEAM_0:1:128469250><NSF>" say "!ready"
L 01/13/2024 - 17:38:28: "[MNHR]SENYOKO<20><STEAM_0:0:33377178><NSF>" say "we need the power"
L 01/13/2024 - 17:38:41: "[MNHR]SENYOKO<20><STEAM_0:0:33377178><NSF>" say "GL\（○＾ω＾○）/HF"
L 01/13/2024 - 17:39:13: "[FEET]Jinhai<27><STEAM_0:1:120740110><Jinrai>" killed "[MNHR] Syz<24><STEAM_0:0:82019396><NSF>" with "zr68c"
L 01/13/2024 - 17:39:26: "[FEET]Jinhai<27><STEAM_0:1:120740110><Jinrai>" killed "[MNHR] Scarf<33><STEAM_0:1:128469250><NSF>" with "zr68c"
L 01/13/2024 - 17:39:35: "[FEET]Jinhai<27><STEAM_0:1:120740110><Jinrai>" killed "[MNHR] Izotop<13><STEAM_0:1:97975268><NSF>" with "zr68c"
L 01/13/2024 - 17:40:00: "[MNHR] Sero<21><STEAM_0:1:46322305><NSF>" killed "[FEET]Jinhai<27><STEAM_0:1:120740110><Jinrai>" with "grenade_projectile"
L 01/13/2024 - 17:40:00: "[MNHR] Scarf<33><STEAM_0:1:128469250><NSF>" triggered "kill_assist"
L 01/13/2024 - 17:40:00: "[MNHR] Sero<21><STEAM_0:1:46322305><NSF>" killed "[FEET]Neotokyonup<30><STEAM_0:1:541542866><Jinrai>" with "grenade_projectile"
L 01/13/2024 - 17:40:00: "[MNHR] Izotop<13><STEAM_0:1:97975268><NSF>" triggered "kill_assist"
L 01/13/2024 - 17:40:09: "[FEET] drt<17><STEAM_0:1:16721927><Jinrai>" killed "[MNHR]SENYOKO<20><STEAM_0:0:33377178><NSF>" with "zr68s"
L 01/13/2024 - 17:40:10: "[FEET] drt<17><STEAM_0:1:16721927><Jinrai>" killed "[MNHR] Sero<21><STEAM_0:1:46322305><NSF>" with "zr68s"
L 01/13/2024 - 17:40:10: "[FEET]Jinhai<27><STEAM_0:1:120740110><Jinrai>" triggered "kill_assist"
L 01/13/2024 - 17:40:21: "[FEET] drt<17><STEAM_0:1:16721927><Jinrai>" say "motion vission mvp"
L 01/13/2024 - 17:40:24: "[MNHR]SENYOKO<20><STEAM_0:0:33377178><NSF>" say "ya"
L 01/13/2024 - 17:40:25: "[MNHR]SENYOKO<20><STEAM_0:0:33377178><NSF>" say "ya"
L 01/13/2024 - 17:41:02: "[MNHR]SENYOKO<20><STEAM_0:0:33377178><NSF>" killed "[FEET] jav<29><STEAM_0:1:155763328><Jinrai>" with "zr68s"
L 01/13/2024 - 17:41:25: "[FEET]Neotokyonup<30><STEAM_0:1:541542866><Jinrai>" killed "[MNHR] Syz<24><STEAM_0:0:82019396><NSF>" with "zr68c"
L 01/13/2024 - 17:41:29: "[FOOT] Wahaha-<31><STEAM_0:1:17526508><Jinrai>" killed "[MNHR] Sero<21><STEAM_0:1:46322305><NSF>" with "zr68s"
L 01/13/2024 - 17:41:30: "[FEET]Jinhai<27><STEAM_0:1:120740110><Jinrai>" killed "[MNHR] Scarf<33><STEAM_0:1:128469250><NSF>" with "mx"
L 01/13/2024 - 17:41:30: "[FEET]Neotokyonup<30><STEAM_0:1:541542866><Jinrai>" triggered "kill_assist"
L 01/13/2024 - 17:41:36: "[MNHR] Izotop<13><STEAM_0:1:97975268><NSF>" killed "[FOOT] Wahaha-<31><STEAM_0:1:17526508><Jinrai>" with "zr68s"
L 01/13/2024 - 17:41:42: "[FEET]Jinhai<27><STEAM_0:1:120740110><Jinrai>" killed "[MNHR]SENYOKO<20><STEAM_0:0:33377178><NSF>" with "mx"
L 01/13/2024 - 17:41:42: "[FOOT] Wahaha-<31><STEAM_0:1:17526508><Jinrai>" triggered "kill_assist"
L 01/13/2024 - 17:41:43: "[FEET]Jinhai<27><STEAM_0:1:120740110><Jinrai>" killed "[MNHR] Izotop<13><STEAM_0:1:97975268><NSF>" with "mx"
L 01/13/2024 - 17:41:43: "[FEET]Neotokyonup<30><STEAM_0:1:541542866><Jinrai>" triggered "kill_assist"
L 01/13/2024 - 17:42:31: "[MNHR]SENYOKO<20><STEAM_0:0:33377178><NSF>" killed "[FOOT] Wahaha-<31><STEAM_0:1:17526508><Jinrai>" with "supa7"
L 01/13/2024 - 17:42:37: "[FEET]Jinhai<27><STEAM_0:1:120740110><Jinrai>" killed "[MNHR] Syz<24><STEAM_0:0:82019396><NSF>" with "mx"
L 01/13/2024 - 17:42:54: "[FEET] drt<17><STEAM_0:1:16721927><Jinrai>" killed "[MNHR]SENYOKO<20><STEAM_0:0:33377178><NSF>" with "grenade_projectile"
L 01/13/2024 - 17:42:54: "[FEET]Neotokyonup<30><STEAM_0:1:541542866><Jinrai>" triggered "kill_assist"
L 01/13/2024 - 17:42:55: "[MNHR] Izotop<13><STEAM_0:1:97975268><NSF>" killed "[FEET]Neotokyonup<30><STEAM_0:1:541542866><Jinrai>" with "zr68c"
L 01/13/2024 - 17:42:55: "[FEET]Jinhai<27><STEAM_0:1:120740110><Jinrai>" killed "[MNHR] Scarf<33><STEAM_0:1:128469250><NSF>" with "mx"
L 01/13/2024 - 17:43:10: "[MNHR] Izotop<13><STEAM_0:1:97975268><NSF>" killed "[FEET]Jinhai<27><STEAM_0:1:120740110><Jinrai>" with "zr68c"
L 01/13/2024 - 17:43:17: "[FEET] jav<29><STEAM_0:1:155763328><Jinrai>" killed "[MNHR] Sero<21><STEAM_0:1:46322305><NSF>" with "grenade_projectile"
L 01/13/2024 - 17:43:33: "[FEET] drt<17><STEAM_0:1:16721927><Jinrai>" killed "[MNHR] Izotop<13><STEAM_0:1:97975268><NSF>" with "zr68s"
L 01/13/2024 - 17:43:33: "[FEET]Neotokyonup<30><STEAM_0:1:541542866><Jinrai>" triggered "kill_assist"
L 01/13/2024 - 17:44:20: "[FOOT] Wahaha-<31><STEAM_0:1:17526508><Jinrai>" killed "[MNHR] Syz<24><STEAM_0:0:82019396><NSF>" with "zr68s"
L 01/13/2024 - 17:44:35: "[MNHR] Sero<21><STEAM_0:1:46322305><NSF>" killed "[FEET] jav<29><STEAM_0:1:155763328><Jinrai>" with "zr68s"
L 01/13/2024 - 17:45:14: "[FEET] drt<17><STEAM_0:1:16721927><Jinrai>" killed "[MNHR] Sero<21><STEAM_0:1:46322305><NSF>" with "mx"
L 01/13/2024 - 17:45:25: "[FOOT] Wahaha-<31><STEAM_0:1:17526508><Jinrai>" killed "[MNHR] Izotop<13><STEAM_0:1:97975268><NSF>" with "mx"
L 01/13/2024 - 17:45:48: "[FOOT] Wahaha-<31><STEAM_0:1:17526508><Jinrai>" killed "[MNHR]SENYOKO<20><STEAM_0:0:33377178><NSF>" with "mx"
L 01/13/2024 - 17:45:54: "[FOOT] Wahaha-<31><STEAM_0:1:17526508><Jinrai>" killed "[MNHR] Scarf<33><STEAM_0:1:128469250><NSF>" with "mx"
L 01/13/2024 - 17:46:02: "[FEET]Jinhai<27><STEAM_0:1:120740110><Jinrai>" killed "[FEET]Neotokyonup<30><STEAM_0:1:541542866><Jinrai>" with "grenade_projectile"
L 01/13/2024 - 17:46:09: "[FEET] drt<17><STEAM_0:1:16721927><Jinrai>" say ".."
L 01/13/2024 - 17:46:09: "[FOOT] Wahaha-<31><STEAM_0:1:17526508><Jinrai>" say "AND THE CROWD GOES WILD"
L 01/13/2024 - 17:46:16: "[FEET]Jinhai<27><STEAM_0:1:120740110><Jinrai>" say "misinput"
L 01/13/2024 - 17:46:40: "[FOOT] Wahaha-<31><STEAM_0:1:17526508><Jinrai>" killed "[MNHR] Scarf<33><STEAM_0:1:128469250><NSF>" with "mx"
L 01/13/2024 - 17:46:41: "[MNHR]SENYOKO<20><STEAM_0:0:33377178><NSF>" killed "[FEET] jav<29><STEAM_0:1:155763328><Jinrai>" with "grenade_projectile"
L 01/13/2024 - 17:46:41: "[MNHR] Sero<21><STEAM_0:1:46322305><NSF>" killed "[FOOT] Wahaha-<31><STEAM_0:1:17526508><Jinrai>" with "zr68s"
L 01/13/2024 - 17:47:17: "[FEET] drt<17><STEAM_0:1:16721927><Jinrai>" killed "[MNHR] Sero<21><STEAM_0:1:46322305><NSF>" with "mx"
L 01/13/2024 - 17:47:17: "[FOOT] Wahaha-<31><STEAM_0:1:17526508><Jinrai>" triggered "kill_assist"
L 01/13/2024 - 17:47:18: "[MNHR] Izotop<13><STEAM_0:1:97975268><NSF>" killed "[FEET]Neotokyonup<30><STEAM_0:1:541542866><Jinrai>" with "mx"
L 01/13/2024 - 17:47:19: "[FEET] drt<17><STEAM_0:1:16721927><Jinrai>" killed "[MNHR] Izotop<13><STEAM_0:1:97975268><NSF>" with "mx"
L 01/13/2024 - 17:47:19: "[FEET]Jinhai<27><STEAM_0:1:120740110><Jinrai>" triggered "kill_assist"
L 01/13/2024 - 17:47:27: "[FEET] drt<17><STEAM_0:1:16721927><Jinrai>" killed "[MNHR]SENYOKO<20><STEAM_0:0:33377178><NSF>" with "mx"
L 01/13/2024 - 17:47:30: "[MNHR] Syz<24><STEAM_0:0:82019396><NSF>" killed "[FEET] drt<17><STEAM_0:1:16721927><Jinrai>" with "tachi"
L 01/13/2024 - 17:47:30: "[MNHR]SENYOKO<20><STEAM_0:0:33377178><NSF>" triggered "kill_assist"
L 01/13/2024 - 17:48:02: "[Cameraman] Oni<18><STEAM_0:1:10174276><Spectator>" say_team ";3"
L 01/13/2024 - 17:49:24: "[FEET]Jinhai<27><STEAM_0:1:120740110><Jinrai>" killed "[MNHR] Izotop<13><STEAM_0:1:97975268><NSF>" with "mx"
L 01/13/2024 - 17:49:45: "[FOOT] Wahaha-<31><STEAM_0:1:17526508><Jinrai>" killed "[MNHR]SENYOKO<20><STEAM_0:0:33377178><NSF>" with "mx"
L 01/13/2024 - 17:50:00: "[FOOT] Wahaha-<31><STEAM_0:1:17526508><Jinrai>" killed "[MNHR] Syz<24><STEAM_0:0:82019396><NSF>" with "mx"
L 01/13/2024 - 17:50:04: "[FOOT] Wahaha-<31><STEAM_0:1:17526508><Jinrai>" killed "[MNHR] Sero<21><STEAM_0:1:46322305><NSF>" with "mx"
L 01/13/2024 - 17:50:14: "[FOOT] Wahaha-<31><STEAM_0:1:17526508><Jinrai>" killed "[MNHR] Scarf<33><STEAM_0:1:128469250><NSF>" with "mx"
L 01/13/2024 - 17:51:07: "[FOOT] Wahaha-<31><STEAM_0:1:17526508><Jinrai>" killed "[MNHR] Sero<21><STEAM_0:1:46322305><NSF>" with "mx"
L 01/13/2024 - 17:51:15: "[FOOT] Wahaha-<31><STEAM_0:1:17526508><Jinrai>" killed "[MNHR] Izotop<13><STEAM_0:1:97975268><NSF>" with "grenade_projectile"
L 01/13/2024 - 17:51:19: "[MNHR] Syz<24><STEAM_0:0:82019396><NSF>" killed "[FEET] jav<29><STEAM_0:1:155763328><Jinrai>" with "zr68s"
L 01/13/2024 - 17:51:26: "[FEET] drt<17><STEAM_0:1:16721927><Jinrai>" killed "[MNHR] Syz<24><STEAM_0:0:82019396><NSF>" with "mx"
L 01/13/2024 - 17:51:26: "[FEET] jav<29><STEAM_0:1:155763328><Jinrai>" triggered "kill_assist"
L 01/13/2024 - 17:51:34: "[FEET]Jinhai<27><STEAM_0:1:120740110><Jinrai>" killed "[MNHR]SENYOKO<20><STEAM_0:0:33377178><NSF>" with "aa13"
L 01/13/2024 - 17:51:37: "[FEET]Jinhai<27><STEAM_0:1:120740110><Jinrai>" killed "[MNHR] Scarf<33><STEAM_0:1:128469250><NSF>" with "aa13"
L 01/13/2024 - 17:52:44: "[MNHR] Syz<24><STEAM_0:0:82019396><NSF>" killed "[FOOT] Wahaha-<31><STEAM_0:1:17526508><Jinrai>" with "zr68s"
L 01/13/2024 - 17:53:00: "[MNHR]SENYOKO<20><STEAM_0:0:33377178><NSF>" killed "[FEET] jav<29><STEAM_0:1:155763328><Jinrai>" with "supa7"
L 01/13/2024 - 17:53:07: "[MNHR]SENYOKO<20><STEAM_0:0:33377178><NSF>" killed "[MNHR] Scarf<33><STEAM_0:1:128469250><NSF>" with "grenade_projectile"
L 01/13/2024 - 17:53:07: "[MNHR]SENYOKO<20><STEAM_0:0:33377178><NSF>" killed "[MNHR] Sero<21><STEAM_0:1:46322305><NSF>" with "grenade_projectile"
L 01/13/2024 - 17:53:21: "[FEET] drt<17><STEAM_0:1:16721927><Jinrai>" killed "[MNHR]SENYOKO<20><STEAM_0:0:33377178><NSF>" with "mx"
L 01/13/2024 - 17:53:21: "[FEET] jav<29><STEAM_0:1:155763328><Jinrai>" triggered "kill_assist"
L 01/13/2024 - 17:53:24: "[FEET]Jinhai<27><STEAM_0:1:120740110><Jinrai>" killed "[MNHR] Syz<24><STEAM_0:0:82019396><NSF>" with "pz"
L 01/13/2024 - 17:53:39: "[FEET]Jinhai<27><STEAM_0:1:120740110><Jinrai>" killed "[MNHR] Izotop<13><STEAM_0:1:97975268><NSF>" with "pz"
L 01/13/2024 - 17:54:26: "[MNHR] Syz<24><STEAM_0:0:82019396><NSF>" killed "[FOOT] Wahaha-<31><STEAM_0:1:17526508><Jinrai>" with "zr68s"
L 01/13/2024 - 17:54:32: "[FEET]Neotokyonup<30><STEAM_0:1:541542866><Jinrai>" killed "[MNHR] Syz<24><STEAM_0:0:82019396><NSF>" with "mx_silenced"
L 01/13/2024 - 17:54:32: "[FOOT] Wahaha-<31><STEAM_0:1:17526508><Jinrai>" triggered "kill_assist"
L 01/13/2024 - 17:54:49: "[FEET] drt<17><STEAM_0:1:16721927><Jinrai>" killed "[MNHR] Scarf<33><STEAM_0:1:128469250><NSF>" with "mx"
L 01/13/2024 - 17:54:57: "[MNHR] Izotop<13><STEAM_0:1:97975268><NSF>" killed "[FEET]Neotokyonup<30><STEAM_0:1:541542866><Jinrai>" with "mx"
L 01/13/2024 - 17:55:02: "[FEET]Jinhai<27><STEAM_0:1:120740110><Jinrai>" killed "[MNHR] Izotop<13><STEAM_0:1:97975268><NSF>" with "pz"
L 01/13/2024 - 17:55:06: "[FEET] drt<17><STEAM_0:1:16721927><Jinrai>" killed "[MNHR]SENYOKO<20><STEAM_0:0:33377178><NSF>" with "mx"
L 01/13/2024 - 17:55:10: "[MNHR] Sero<21><STEAM_0:1:46322305><NSF>" killed "[FEET]Jinhai<27><STEAM_0:1:120740110><Jinrai>" with "zr68s"
L 01/13/2024 - 17:55:10: "[MNHR] Izotop<13><STEAM_0:1:97975268><NSF>" triggered "kill_assist"
L 01/13/2024 - 17:55:15: "[FEET] jav<29><STEAM_0:1:155763328><Jinrai>" killed "[MNHR] Sero<21><STEAM_0:1:46322305><NSF>" with "mx_silenced"
L 01/13/2024 - 17:55:19: "[MNHR] Syz<24><STEAM_0:0:82019396><NSF>" disconnected (reason "Disconnect by user.")
L 01/13/2024 - 17:55:20: "[MNHR]SENYOKO<20><STEAM_0:0:33377178><NSF>" say "my career ended before it started"
L 01/13/2024 - 17:55:21: "[FOOT] Wahaha-<31><STEAM_0:1:17526508><Jinrai>" say "gg"
L 01/13/2024 - 17:55:24: "[FEET]Neotokyonup<30><STEAM_0:1:541542866><Jinrai>" say "gg wP!"
L 01/13/2024 - 17:55:26: "[FEET]Jinhai<27><STEAM_0:1:120740110><Jinrai>" say "shrimple as that"
L 01/13/2024 - 17:55:27: "[Cameraman] Oni<18><STEAM_0:1:10174276><Spectator>" say "ggs, interviews now!"
L 01/13/2024 - 17:55:27: "[MNHR]SENYOKO<20><STEAM_0:0:33377178><NSF>" say "bye"
L 01/13/2024 - 17:55:30: "[FEET]Jinhai<27><STEAM_0:1:120740110><Jinrai>" say "get dunked on"
L 01/13/2024 - 17:55:30: "[FEET] drt<17><STEAM_0:1:16721927><Jinrai>" say "ggs"
L 01/13/2024 - 17:55:35: "[FEET]Neotokyonup<30><STEAM_0:1:541542866><Jinrai>" joined team "Unassigned"
L 01/13/2024 - 17:55:36: "[FEET]Neotokyonup<30><STEAM_0:1:541542866><Unassigned>" joined team "Jinrai"
L 01/13/2024 - 17:55:36: "[FOOT] Wahaha-<31><STEAM_0:1:17526508><Jinrai>" say "no career ends from defeat"
L 01/13/2024 - 17:55:37: "[FEET]Neotokyonup<30><STEAM_0:1:541542866><Jinrai>" joined team "Unassigned"
L 01/13/2024 - 17:55:38: "[FEET]Neotokyonup<30><STEAM_0:1:541542866><Unassigned>" joined team "Jinrai"
L 01/13/2024 - 17:55:46: "[FEET] drt<17><STEAM_0:1:16721927><Jinrai>" say "can we leave the server?"
L 01/13/2024 - 17:55:48: "[Casterazu] kinoko<6><STEAM_0:0:83067719><Spectator>" say "yea"
L 01/13/2024 - 17:55:52: "[FEET] drt<17><STEAM_0:1:16721927><Jinrai>" say "gg bois"
L 01/13/2024 - 17:55:53: "[MNHR]SENYOKO<20><STEAM_0:0:33377178><NSF>" joined team "Unassigned"
L 01/13/2024 - 17:55:53: "[MNHR] Scarf<33><STEAM_0:1:128469250><NSF>" disconnected (reason "Disconnect by user.")
L 01/13/2024 - 17:55:54: "[FEET] drt<17><STEAM_0:1:16721927><Jinrai>" disconnected (reason "Disconnect by user.")
L 01/13/2024 - 17:55:54: "[FEET] jav<29><STEAM_0:1:155763328><Jinrai>" disconnected (reason "Disconnect by user.")
L 01/13/2024 - 17:55:55: "[FEET]Jinhai<27><STEAM_0:1:120740110><Jinrai>" disconnected (reason "Disconnect by user.")
L 01/13/2024 - 17:55:58: "[FEET]Neotokyonup<30><STEAM_0:1:541542866><Jinrai>" disconnected (reason "Disconnect by user.")
L 01/13/2024 - 17:55:59: "[MNHR]SENYOKO<20><STEAM_0:0:33377178><Unassigned>" disconnected (reason "Disconnect by user.")
L 01/13/2024 - 17:55:59: "[MNHR] Izotop<13><STEAM_0:1:97975268><NSF>" disconnected (reason "Disconnect by user.")
L 01/13/2024 - 17:56:02: "[MNHR] Sero<21><STEAM_0:1:46322305><NSF>" disconnected (reason "Disconnect by user.")
L 01/13/2024 - 17:57:04: "[FOOT] Wahaha-<31><STEAM_0:1:17526508><Jinrai>" disconnected (reason "Disconnect by user.")
L 01/13/2024 - 17:57:12: "[Cameraman] Oni<18><STEAM_0:1:10174276><Spectator>" disconnected (reason "Disconnect by user.")
L 01/13/2024 - 18:12:08: "[Casterazu] kinoko<6><STEAM_0:0:83067719><Spectator>" disconnected (reason "Disconnect by user.")
L 01/13/2024 - 18:15:51: "[CAST-] Nutnoze<12><STEAM_0:1:9530793><Spectator>" disconnected (reason "Disconnect by user.")
L 01/13/2024 - 18:25:40: "[DYS] bauxite<34><STEAM_ID_PENDING><>" connected, address "86.13.114.58:27005"
L 01/13/2024 - 18:25:40: "[DYS] bauxite<34><STEAM_0:0:5757747><>" STEAM USERID validated
L 01/13/2024 - 18:25:41: "[DYS] bauxite<34><STEAM_0:0:5757747><>" entered the game
L 01/13/2024 - 18:25:51: "[DYS] bauxite<34><STEAM_0:0:5757747><Unassigned>" joined team "Spectator"
L 01/13/2024 - 18:26:18: "[DYS] bauxite<34><STEAM_0:0:5757747><Spectator>" disconnected (reason "Disconnect by user.")
L 01/13/2024 - 18:41:24: [META] Loaded 0 plugins (1 already loaded)
L 01/13/2024 - 18:41:24: [META] Loaded 0 plugins (1 already loaded)
L 01/13/2024 - 18:41:24: Log file closed
