L 02/17/2024 - 20:55:34: Log file started (file "logs\L0217012.log") (game "c:\servers\eurotokyo\NeotokyoSource") (version "4044")
L 02/17/2024 - 20:55:34: server_cvar: "sv_pausable" "0"
L 02/17/2024 - 20:55:34: server_cvar: "sv_gravity" "800"
L 02/17/2024 - 20:55:34: server_cvar: "mp_friendlyfire" "1"
L 02/17/2024 - 20:55:34: server_cvar: "tv_password" "***PROTECTED***"
L 02/17/2024 - 20:55:34: server_cvar: "tv_relaypassword" "***PROTECTED***"
L 02/17/2024 - 20:55:36: "[MNHR] StellaNova<30><STEAM_0:0:31290862><>" entered the game
L 02/17/2024 - 20:55:37: "[ADMIN] Infrequent<40><STEAM_0:1:6384081><>" entered the game
L 02/17/2024 - 20:55:37: "[MNHR] Sero<27><STEAM_0:1:46322305><>" entered the game
L 02/17/2024 - 20:55:39: "[ADMIN] Infrequent<40><STEAM_0:1:6384081><Unassigned>" joined team "Spectator"
L 02/17/2024 - 20:55:39: "[MNHR] Syz<26><STEAM_0:0:82019396><>" entered the game
L 02/17/2024 - 20:55:39: "[TagsR4Nerds] Average<29><STEAM_0:1:57251237><>" entered the game
L 02/17/2024 - 20:55:40: "[MNHR] StellaNova<30><STEAM_0:0:31290862><Unassigned>" joined team "Spectator"
L 02/17/2024 - 20:55:42: "[MERC] Ningurist<38><STEAM_0:0:156832755><>" entered the game
L 02/17/2024 - 20:55:42: "[MNHR] Syz<26><STEAM_0:0:82019396><Unassigned>" joined team "Jinrai"
L 02/17/2024 - 20:55:42: "[=] Iyana<31><STEAM_0:0:215464602><>" entered the game
L 02/17/2024 - 20:55:44: "[ADMIN] Infrequent<40><STEAM_0:1:6384081><Spectator>" disconnected (reason "Disconnect by user.")
L 02/17/2024 - 20:55:44: "[ADMIN] Infrequent<41><STEAM_ID_PENDING><>" connected, address "86.169.55.78:27005"
L 02/17/2024 - 20:55:44: "[ADMIN] Infrequent<41><STEAM_0:1:6384081><>" STEAM USERID validated
L 02/17/2024 - 20:55:44: "[C^2]Myokonin<37><STEAM_0:1:39882458><>" entered the game
L 02/17/2024 - 20:55:45: "[ADMIN] Infrequent<41><STEAM_0:1:6384081><>" entered the game
L 02/17/2024 - 20:55:47: "[ADMIN] Infrequent<41><STEAM_0:1:6384081><Unassigned>" joined team "Spectator"
L 02/17/2024 - 20:55:49: "[=] Iyana<31><STEAM_0:0:215464602><Unassigned>" joined team "NSF"
L 02/17/2024 - 20:55:50: "[ADMIN] Infrequent<41><STEAM_0:1:6384081><Spectator>" disconnected (reason "Disconnect by user.")
L 02/17/2024 - 20:55:51: "[TagsR4Nerds] Average<29><STEAM_0:1:57251237><Unassigned>" joined team "NSF"
L 02/17/2024 - 20:55:51: "[MERC] Ningurist<38><STEAM_0:0:156832755><Unassigned>" joined team "Spectator"
L 02/17/2024 - 20:55:53: "[MNHR] Syz<26><STEAM_0:0:82019396><Jinrai>" say "yoko coming"
L 02/17/2024 - 20:55:55: "[C^2]Myokonin<37><STEAM_0:1:39882458><Unassigned>" joined team "NSF"
L 02/17/2024 - 20:55:56: "[MNHR] Izotop<28><STEAM_0:1:97975268><>" entered the game
L 02/17/2024 - 20:55:57: "[=]Pyromaniac<33><STEAM_0:1:25398391><>" entered the game
L 02/17/2024 - 20:55:58: "[MERC] Ningurist<38><STEAM_0:0:156832755><Spectator>" say "ok have fun lads!"
L 02/17/2024 - 20:56:01: "[MNHR] Izotop<28><STEAM_0:1:97975268><Unassigned>" joined team "Jinrai"
L 02/17/2024 - 20:56:02: "[TagsR4Nerds] Average<29><STEAM_0:1:57251237><NSF>" say "thx"
L 02/17/2024 - 20:56:02: "[=]Pyromaniac<33><STEAM_0:1:25398391><Unassigned>" joined team "NSF"
L 02/17/2024 - 20:56:03: "[C^2]Myokonin<37><STEAM_0:1:39882458><NSF>" say "!ready"
L 02/17/2024 - 20:56:04: "[=]wakfuck<34><STEAM_0:0:62638797><>" entered the game
L 02/17/2024 - 20:56:04: "[TagsR4Nerds] Average<29><STEAM_0:1:57251237><NSF>" say "i prob wont "
L 02/17/2024 - 20:56:06: "[=] Iyana<31><STEAM_0:0:215464602><NSF>" say "ty"
L 02/17/2024 - 20:56:07: "[=]wakfuck<34><STEAM_0:0:62638797><Unassigned>" joined team "NSF"
L 02/17/2024 - 20:56:13: "[MNHR] Sero<27><STEAM_0:1:46322305><Unassigned>" joined team "Jinrai"
L 02/17/2024 - 20:56:15: "[MERC] Ningurist<38><STEAM_0:0:156832755><Spectator>" say "its not over yet, average"
L 02/17/2024 - 20:56:24: "[MERC] Ningurist<38><STEAM_0:0:156832755><Spectator>" say "morale is a strong part in winning the match"
L 02/17/2024 - 20:56:27: "[=] Iyana<31><STEAM_0:0:215464602><NSF>" say "true!"
L 02/17/2024 - 20:56:42: "[MERC] Ningurist<38><STEAM_0:0:156832755><Spectator>" say "anyways if yoko cant play let me know"
L 02/17/2024 - 20:56:42: "[=]wakfuck<34><STEAM_0:0:62638797><NSF>" say "i got like a cent of morale left"
L 02/17/2024 - 20:56:48: "[=]wakfuck<34><STEAM_0:0:62638797><NSF>" say "after all this tournament"
L 02/17/2024 - 20:56:55: "[MERC] Ningurist<38><STEAM_0:0:156832755><Spectator>" say "well you know what to improve upon then"
L 02/17/2024 - 20:57:02: "[=]wakfuck<34><STEAM_0:0:62638797><NSF>" say "what"
L 02/17/2024 - 20:57:02: "[MERC] Ningurist<38><STEAM_0:0:156832755><Spectator>" disconnected (reason "Disconnect by user.")
L 02/17/2024 - 20:57:19: "[2NT][mutent][MNHR] yoko<42><STEAM_ID_PENDING><>" connected, address "146.70.165.13:27005"
L 02/17/2024 - 20:57:19: "[2NT][mutent][MNHR] yoko<42><STEAM_0:0:33377178><>" STEAM USERID validated
L 02/17/2024 - 20:57:19: "[=]wakfuck<34><STEAM_0:0:62638797><NSF>" say "praying so that we'll get matched up against lower teams in the swiss part?"
L 02/17/2024 - 20:57:35: "[2NT][mutent][MNHR] yoko<42><STEAM_0:0:33377178><>" entered the game
L 02/17/2024 - 20:57:41: "[2NT][mutent][MNHR] yoko<42><STEAM_0:0:33377178><Unassigned>" joined team "Spectator"
L 02/17/2024 - 20:57:50: "[MNHR] Izotop<28><STEAM_0:1:97975268><Jinrai>" say "!ready"
L 02/17/2024 - 20:57:50: "[MNHR] StellaNova<30><STEAM_0:0:31290862><Spectator>" joined team "Jinrai"
L 02/17/2024 - 20:57:51: "[MNHR] Syz<26><STEAM_0:0:82019396><Jinrai>" say "!ready"
L 02/17/2024 - 20:57:53: "[=]wakfuck<34><STEAM_0:0:62638797><NSF>" say "!ready"
L 02/17/2024 - 20:57:54: "[2NT][mutent][MNHR] yoko<42><STEAM_0:0:33377178><Spectator>" say "!j"
L 02/17/2024 - 20:57:54: "[2NT][mutent][MNHR] yoko<42><STEAM_0:0:33377178><Spectator>" joined team "Jinrai"
L 02/17/2024 - 20:57:56: "[MNHR] Sero<27><STEAM_0:1:46322305><Jinrai>" say "!ready"
L 02/17/2024 - 20:57:58: "[=]Pyromaniac<33><STEAM_0:1:25398391><NSF>" say "!ready"
L 02/17/2024 - 20:58:00: "[=] Iyana<31><STEAM_0:0:215464602><NSF>" say "!ready"
L 02/17/2024 - 20:58:03: "[MNHR] StellaNova<30><STEAM_0:0:31290862><Jinrai>" say "!ready"
L 02/17/2024 - 20:58:06: "[2NT][mutent][MNHR] yoko<42><STEAM_0:0:33377178><Jinrai>" say "!ready"
L 02/17/2024 - 20:58:07: "[TagsR4Nerds] Average<29><STEAM_0:1:57251237><NSF>" say_team "ill go assault this time"
L 02/17/2024 - 20:58:08: "[TagsR4Nerds] Average<29><STEAM_0:1:57251237><NSF>" say "!ready"
L 02/17/2024 - 20:58:24: "[=] Iyana<31><STEAM_0:0:215464602><NSF>" say_team "going recon"
L 02/17/2024 - 20:58:50: "[MNHR] Izotop<28><STEAM_0:1:97975268><Jinrai>" killed "[C^2]Myokonin<37><STEAM_0:1:39882458><NSF>" with "m41"
L 02/17/2024 - 20:58:52: "[=]wakfuck<34><STEAM_0:0:62638797><NSF>" killed "[MNHR] Izotop<28><STEAM_0:1:97975268><Jinrai>" with "supa7"
L 02/17/2024 - 20:58:52: "[MNHR] Izotop<28><STEAM_0:1:97975268><Jinrai>" say_team "100 Support supa7"
L 02/17/2024 - 20:59:03: "[MNHR] Sero<27><STEAM_0:1:46322305><Jinrai>" killed "[=]Pyromaniac<33><STEAM_0:1:25398391><NSF>" with "zr68s"
L 02/17/2024 - 20:59:14: "[=]wakfuck<34><STEAM_0:0:62638797><NSF>" killed "[=] Iyana<31><STEAM_0:0:215464602><NSF>" with "grenade_projectile"
L 02/17/2024 - 20:59:15: "[TagsR4Nerds] Average<29><STEAM_0:1:57251237><NSF>" killed "[MNHR] Syz<26><STEAM_0:0:82019396><Jinrai>" with "zr68s"
L 02/17/2024 - 20:59:15: "[MNHR] Syz<26><STEAM_0:0:82019396><Jinrai>" say_team "57 Assault zr68s"
L 02/17/2024 - 20:59:21: "[2NT][mutent][MNHR] yoko<42><STEAM_0:0:33377178><Jinrai>" killed "[TagsR4Nerds] Average<29><STEAM_0:1:57251237><NSF>" with "zr68s"
L 02/17/2024 - 21:00:12: "[=]wakfuck<34><STEAM_0:0:62638797><NSF>" killed "[MNHR] StellaNova<30><STEAM_0:0:31290862><Jinrai>" with "supa7"
L 02/17/2024 - 21:00:12: "[MNHR] StellaNova<30><STEAM_0:0:31290862><Jinrai>" say_team "21 Support supa7"
L 02/17/2024 - 21:00:16: "[=]wakfuck<34><STEAM_0:0:62638797><NSF>" killed "[MNHR] Sero<27><STEAM_0:1:46322305><Jinrai>" with "supa7"
L 02/17/2024 - 21:00:19: "[2NT][mutent][MNHR] yoko<42><STEAM_0:0:33377178><Jinrai>" killed "[=]wakfuck<34><STEAM_0:0:62638797><NSF>" with "grenade_projectile"
L 02/17/2024 - 21:00:21: "[ADMIN] Infrequent<43><STEAM_ID_PENDING><>" connected, address "86.169.55.78:27005"
L 02/17/2024 - 21:00:21: "[ADMIN] Infrequent<43><STEAM_0:1:6384081><>" STEAM USERID validated
L 02/17/2024 - 21:00:23: "[ADMIN] Infrequent<43><STEAM_0:1:6384081><>" entered the game
L 02/17/2024 - 21:00:25: "[ADMIN] Infrequent<43><STEAM_0:1:6384081><Unassigned>" joined team "Spectator"
L 02/17/2024 - 21:00:54: "[=] Iyana<31><STEAM_0:0:215464602><NSF>" say_team "ill try to flank after they push"
L 02/17/2024 - 21:01:05: "[MNHR] StellaNova<30><STEAM_0:0:31290862><Jinrai>" killed "[=] Iyana<31><STEAM_0:0:215464602><NSF>" with "srm"
L 02/17/2024 - 21:01:07: "[TagsR4Nerds] Average<29><STEAM_0:1:57251237><NSF>" killed "[MNHR] Syz<26><STEAM_0:0:82019396><Jinrai>" with "grenade_projectile"
L 02/17/2024 - 21:01:07: "[MNHR] Syz<26><STEAM_0:0:82019396><Jinrai>" say_team "100 Assault grenade_projectile"
L 02/17/2024 - 21:01:08: "[MNHR] StellaNova<30><STEAM_0:0:31290862><Jinrai>" killed "[TagsR4Nerds] Average<29><STEAM_0:1:57251237><NSF>" with "srm"
L 02/17/2024 - 21:01:15: "[MNHR] StellaNova<30><STEAM_0:0:31290862><Jinrai>" killed "[C^2]Myokonin<37><STEAM_0:1:39882458><NSF>" with "srm"
L 02/17/2024 - 21:01:15: "[2NT][mutent][MNHR] yoko<42><STEAM_0:0:33377178><Jinrai>" triggered "kill_assist"
L 02/17/2024 - 21:01:25: "[MNHR] StellaNova<30><STEAM_0:0:31290862><Jinrai>" killed "[=]wakfuck<34><STEAM_0:0:62638797><NSF>" with "srm"
L 02/17/2024 - 21:01:28: "[=]wakfuck<34><STEAM_0:0:62638797><NSF>" say_team "34 hp recon"
L 02/17/2024 - 21:01:29: "[=]wakfuck<34><STEAM_0:0:62638797><NSF>" say_team "near ghost"
L 02/17/2024 - 21:01:30: "[MNHR] Sero<27><STEAM_0:1:46322305><Jinrai>" killed "[=]Pyromaniac<33><STEAM_0:1:25398391><NSF>" with "zr68s"
L 02/17/2024 - 21:02:21: "[MNHR] StellaNova<30><STEAM_0:0:31290862><Jinrai>" killed "[C^2]Myokonin<37><STEAM_0:1:39882458><NSF>" with "srm"
L 02/17/2024 - 21:02:27: "[MNHR] Izotop<28><STEAM_0:1:97975268><Jinrai>" killed "[=]wakfuck<34><STEAM_0:0:62638797><NSF>" with "mx"
L 02/17/2024 - 21:02:31: "[=]wakfuck<34><STEAM_0:0:62638797><NSF>" say_team "8 hp support"
L 02/17/2024 - 21:02:33: "[=]wakfuck<34><STEAM_0:0:62638797><NSF>" say_team "up there in orange"
L 02/17/2024 - 21:02:35: "[TagsR4Nerds] Average<29><STEAM_0:1:57251237><NSF>" killed "[MNHR] Izotop<28><STEAM_0:1:97975268><Jinrai>" with "zr68s"
L 02/17/2024 - 21:02:35: "[=]wakfuck<34><STEAM_0:0:62638797><NSF>" triggered "kill_assist"
L 02/17/2024 - 21:02:35: "[MNHR] Izotop<28><STEAM_0:1:97975268><Jinrai>" say_team "100 Assault zr68s"
L 02/17/2024 - 21:02:37: "[TagsR4Nerds] Average<29><STEAM_0:1:57251237><NSF>" killed "[MNHR] Sero<27><STEAM_0:1:46322305><Jinrai>" with "zr68s"
L 02/17/2024 - 21:02:42: "[ADMIN] Infrequent<43><STEAM_0:1:6384081><Spectator>" disconnected (reason "Disconnect by user.")
L 02/17/2024 - 21:02:45: "[MNHR] Syz<26><STEAM_0:0:82019396><Jinrai>" killed "[TagsR4Nerds] Average<29><STEAM_0:1:57251237><NSF>" with "zr68s"
L 02/17/2024 - 21:02:48: "[=]Pyromaniac<33><STEAM_0:1:25398391><NSF>" killed "[MNHR] Syz<26><STEAM_0:0:82019396><Jinrai>" with "supa7"
L 02/17/2024 - 21:02:48: "[MNHR] Syz<26><STEAM_0:0:82019396><Jinrai>" say_team "20 Support supa7"
L 02/17/2024 - 21:02:51: "[MNHR] StellaNova<30><STEAM_0:0:31290862><Jinrai>" killed "[=] Iyana<31><STEAM_0:0:215464602><NSF>" with "srm"
L 02/17/2024 - 21:03:06: "[=]Pyromaniac<33><STEAM_0:1:25398391><NSF>" killed "[MNHR] StellaNova<30><STEAM_0:0:31290862><Jinrai>" with "supa7"
L 02/17/2024 - 21:03:06: "[MNHR] StellaNova<30><STEAM_0:0:31290862><Jinrai>" say_team "20 Support supa7"
L 02/17/2024 - 21:03:57: "[=]Pyromaniac<33><STEAM_0:1:25398391><NSF>" killed "[2NT][mutent][MNHR] yoko<42><STEAM_0:0:33377178><Jinrai>" with "supa7"
L 02/17/2024 - 21:03:58: "[2NT][mutent][MNHR] yoko<42><STEAM_0:0:33377178><Jinrai>" say_team "20 Support supa7"
L 02/17/2024 - 21:04:25: "[=] Iyana<31><STEAM_0:0:215464602><NSF>" say_team "yeah sure"
L 02/17/2024 - 21:04:41: "[TagsR4Nerds] Average<29><STEAM_0:1:57251237><NSF>" killed "[MNHR] StellaNova<30><STEAM_0:0:31290862><Jinrai>" with "tachi"
L 02/17/2024 - 21:04:41: "[MNHR] StellaNova<30><STEAM_0:0:31290862><Jinrai>" say_team "57 Assault tachi"
L 02/17/2024 - 21:04:51: "[MNHR] Syz<26><STEAM_0:0:82019396><Jinrai>" killed "[=] Iyana<31><STEAM_0:0:215464602><NSF>" with "zr68s"
L 02/17/2024 - 21:04:52: "[2NT][mutent][MNHR] yoko<42><STEAM_0:0:33377178><Jinrai>" killed "[TagsR4Nerds] Average<29><STEAM_0:1:57251237><NSF>" with "zr68s"
L 02/17/2024 - 21:04:58: "[MNHR] Izotop<28><STEAM_0:1:97975268><Jinrai>" killed "[=]Pyromaniac<33><STEAM_0:1:25398391><NSF>" with "mx"
L 02/17/2024 - 21:04:59: "[MNHR] StellaNova<30><STEAM_0:0:31290862><Jinrai>" say_team "i dont know what i was doing there tbh "
L 02/17/2024 - 21:05:15: "[MNHR] Syz<26><STEAM_0:0:82019396><Jinrai>" killed "[C^2]Myokonin<37><STEAM_0:1:39882458><NSF>" with "zr68s"
L 02/17/2024 - 21:05:25: "[=]wakfuck<34><STEAM_0:0:62638797><NSF>" killed "[MNHR] Syz<26><STEAM_0:0:82019396><Jinrai>" with "srm"
L 02/17/2024 - 21:05:25: "[MNHR] Syz<26><STEAM_0:0:82019396><Jinrai>" say_team "68 Support srm"
L 02/17/2024 - 21:05:37: "[=]wakfuck<34><STEAM_0:0:62638797><NSF>" killed "[MNHR] Sero<27><STEAM_0:1:46322305><Jinrai>" with "zr68s"
L 02/17/2024 - 21:05:42: "[MNHR] Izotop<28><STEAM_0:1:97975268><Jinrai>" killed "[=]wakfuck<34><STEAM_0:0:62638797><NSF>" with "kyla"
L 02/17/2024 - 21:05:42: "[MNHR] Sero<27><STEAM_0:1:46322305><Jinrai>" triggered "kill_assist"
L 02/17/2024 - 21:06:28: "[TagsR4Nerds] Average<29><STEAM_0:1:57251237><NSF>" killed "[MNHR] Sero<27><STEAM_0:1:46322305><Jinrai>" with "zr68s"
L 02/17/2024 - 21:06:41: "[MNHR] Izotop<28><STEAM_0:1:97975268><Jinrai>" killed "[=]Pyromaniac<33><STEAM_0:1:25398391><NSF>" with "mx"
L 02/17/2024 - 21:06:46: "[MNHR] Syz<26><STEAM_0:0:82019396><Jinrai>" killed "[TagsR4Nerds] Average<29><STEAM_0:1:57251237><NSF>" with "zr68s"
L 02/17/2024 - 21:06:53: "[=] Iyana<31><STEAM_0:0:215464602><NSF>" killed "[MNHR] Syz<26><STEAM_0:0:82019396><Jinrai>" with "srm"
L 02/17/2024 - 21:06:53: "[MNHR] Syz<26><STEAM_0:0:82019396><Jinrai>" say_team "100 Recon srm"
L 02/17/2024 - 21:06:54: "[=]wakfuck<34><STEAM_0:0:62638797><NSF>" killed "[MNHR] Izotop<28><STEAM_0:1:97975268><Jinrai>" with "mx"
L 02/17/2024 - 21:06:54: "[MNHR] Izotop<28><STEAM_0:1:97975268><Jinrai>" say_team "92 Support mx"
L 02/17/2024 - 21:07:04: "[TagsR4Nerds] Average<29><STEAM_0:1:57251237><NSF>" say_team "56 HP prob in their spawn "
L 02/17/2024 - 21:07:38: "[=]wakfuck<34><STEAM_0:0:62638797><NSF>" killed "[2NT][mutent][MNHR] yoko<42><STEAM_0:0:33377178><Jinrai>" with "mx"
L 02/17/2024 - 21:07:39: "[2NT][mutent][MNHR] yoko<42><STEAM_0:0:33377178><Jinrai>" say_team "92 Support mx"
L 02/17/2024 - 21:07:45: "[MNHR] StellaNova<30><STEAM_0:0:31290862><Jinrai>" killed "[=] Iyana<31><STEAM_0:0:215464602><NSF>" with "mx"
L 02/17/2024 - 21:07:46: "[=]wakfuck<34><STEAM_0:0:62638797><NSF>" killed "[MNHR] StellaNova<30><STEAM_0:0:31290862><Jinrai>" with "mx"
L 02/17/2024 - 21:07:46: "[MNHR] StellaNova<30><STEAM_0:0:31290862><Jinrai>" say_team "92 Support mx"
L 02/17/2024 - 21:07:58: "[C^2]Myokonin<37><STEAM_0:1:39882458><NSF>" committed suicide with "world"
L 02/17/2024 - 21:08:36: "[MNHR] Syz<26><STEAM_0:0:82019396><Jinrai>" killed "[C^2]Myokonin<37><STEAM_0:1:39882458><NSF>" with "grenade_projectile"
L 02/17/2024 - 21:08:42: "[MNHR] Sero<27><STEAM_0:1:46322305><Jinrai>" killed "[TagsR4Nerds] Average<29><STEAM_0:1:57251237><NSF>" with "mx"
L 02/17/2024 - 21:08:45: Team "Jinrai" triggered "ghost_capture_team"
L 02/17/2024 - 21:08:45: "[MNHR] StellaNova<30><STEAM_0:0:31290862><Jinrai>" triggered "ghost_capture"
L 02/17/2024 - 21:08:45: "[=]wakfuck<34><STEAM_0:0:62638797><NSF>" killed "[MNHR] StellaNova<30><STEAM_0:0:31290862><Jinrai>" with "srm"
L 02/17/2024 - 21:08:45: "[MNHR] StellaNova<30><STEAM_0:0:31290862><Jinrai>" say_team "100 Support srm"
L 02/17/2024 - 21:08:54: "[=] Iyana<31><STEAM_0:0:215464602><NSF>" killed "[MNHR] Izotop<28><STEAM_0:1:97975268><Jinrai>" with "mx_silenced"
L 02/17/2024 - 21:08:54: "[MNHR] Izotop<28><STEAM_0:1:97975268><Jinrai>" say_team "33 Recon mx_silenced"
L 02/17/2024 - 21:09:07: "[=] Iyana<31><STEAM_0:0:215464602><NSF>" say_team "holy shit that was fast"
L 02/17/2024 - 21:09:26: "[MNHR] StellaNova<30><STEAM_0:0:31290862><Jinrai>" killed "[=] Iyana<31><STEAM_0:0:215464602><NSF>" with "srm"
L 02/17/2024 - 21:09:31: "[MNHR] Izotop<28><STEAM_0:1:97975268><Jinrai>" killed "[TagsR4Nerds] Average<29><STEAM_0:1:57251237><NSF>" with "pz"
L 02/17/2024 - 21:09:38: "[MNHR] Syz<26><STEAM_0:0:82019396><Jinrai>" killed "[=]Pyromaniac<33><STEAM_0:1:25398391><NSF>" with "mx"
L 02/17/2024 - 21:10:01: "[MNHR] StellaNova<30><STEAM_0:0:31290862><Jinrai>" killed "[C^2]Myokonin<37><STEAM_0:1:39882458><NSF>" with "srm"
L 02/17/2024 - 21:10:01: "[MNHR] Syz<26><STEAM_0:0:82019396><Jinrai>" triggered "kill_assist"
L 02/17/2024 - 21:10:19: "[MNHR] Sero<27><STEAM_0:1:46322305><Jinrai>" killed "[=]wakfuck<34><STEAM_0:0:62638797><NSF>" with "mx"
L 02/17/2024 - 21:11:14: "[MNHR] Syz<26><STEAM_0:0:82019396><Jinrai>" killed "[TagsR4Nerds] Average<29><STEAM_0:1:57251237><NSF>" with "srm"
L 02/17/2024 - 21:11:15: "[=] Iyana<31><STEAM_0:0:215464602><NSF>" killed "[MNHR] Sero<27><STEAM_0:1:46322305><Jinrai>" with "srm"
L 02/17/2024 - 21:11:20: "[=] Iyana<31><STEAM_0:0:215464602><NSF>" killed "[2NT][mutent][MNHR] yoko<42><STEAM_0:0:33377178><Jinrai>" with "srm"
L 02/17/2024 - 21:11:20: "[2NT][mutent][MNHR] yoko<42><STEAM_0:0:33377178><Jinrai>" say_team "20 Recon srm"
L 02/17/2024 - 21:11:22: "[MNHR] Syz<26><STEAM_0:0:82019396><Jinrai>" killed "[=] Iyana<31><STEAM_0:0:215464602><NSF>" with "srm"
L 02/17/2024 - 21:11:22: "[2NT][mutent][MNHR] yoko<42><STEAM_0:0:33377178><Jinrai>" triggered "kill_assist"
L 02/17/2024 - 21:11:36: "[MNHR] Syz<26><STEAM_0:0:82019396><Jinrai>" killed "[=]Pyromaniac<33><STEAM_0:1:25398391><NSF>" with "srm"
L 02/17/2024 - 21:11:36: "[MNHR] Izotop<28><STEAM_0:1:97975268><Jinrai>" triggered "kill_assist"
L 02/17/2024 - 21:11:44: "[MNHR] Izotop<28><STEAM_0:1:97975268><Jinrai>" killed "[=]wakfuck<34><STEAM_0:0:62638797><NSF>" with "pz"
L 02/17/2024 - 21:11:51: "[=]wakfuck<34><STEAM_0:0:62638797><NSF>" say_team "11 hp pz support"
L 02/17/2024 - 21:12:13: "[ADMIN] Infrequent<44><STEAM_ID_PENDING><>" connected, address "86.169.55.78:27005"
L 02/17/2024 - 21:12:13: "[ADMIN] Infrequent<44><STEAM_0:1:6384081><>" STEAM USERID validated
L 02/17/2024 - 21:12:14: "[ADMIN] Infrequent<44><STEAM_0:1:6384081><>" entered the game
L 02/17/2024 - 21:12:15: "[C^2]Myokonin<37><STEAM_0:1:39882458><NSF>" killed "[MNHR] Syz<26><STEAM_0:0:82019396><Jinrai>" with "zr68s"
L 02/17/2024 - 21:12:15: "[TagsR4Nerds] Average<29><STEAM_0:1:57251237><NSF>" triggered "kill_assist"
L 02/17/2024 - 21:12:15: "[MNHR] Syz<26><STEAM_0:0:82019396><Jinrai>" say_team "54 Assault zr68s"
L 02/17/2024 - 21:12:17: "[ADMIN] Infrequent<44><STEAM_0:1:6384081><Unassigned>" joined team "Spectator"
L 02/17/2024 - 21:12:21: "[MNHR] Izotop<28><STEAM_0:1:97975268><Jinrai>" killed "[C^2]Myokonin<37><STEAM_0:1:39882458><NSF>" with "pz"
L 02/17/2024 - 21:12:49: "[=] Iyana<31><STEAM_0:0:215464602><NSF>" say_team "we will overcome our enemies... we must keep fighting..."
L 02/17/2024 - 21:12:51: "[=] Iyana<31><STEAM_0:0:215464602><NSF>" say_team "ill det ghost"
L 02/17/2024 - 21:13:05: "[=]wakfuck<34><STEAM_0:0:62638797><NSF>" killed "[MNHR] Sero<27><STEAM_0:1:46322305><Jinrai>" with "mx"
L 02/17/2024 - 21:13:05: "[=]Pyromaniac<33><STEAM_0:1:25398391><NSF>" triggered "kill_assist"
L 02/17/2024 - 21:13:22: "[=] Iyana<31><STEAM_0:0:215464602><NSF>" killed "[MNHR] StellaNova<30><STEAM_0:0:31290862><Jinrai>" with "srm"
L 02/17/2024 - 21:13:22: "[MNHR] StellaNova<30><STEAM_0:0:31290862><Jinrai>" say_team "55 Recon srm"
L 02/17/2024 - 21:13:24: "[MNHR] Izotop<28><STEAM_0:1:97975268><Jinrai>" killed "[=]Pyromaniac<33><STEAM_0:1:25398391><NSF>" with "pz"
L 02/17/2024 - 21:13:24: "[MNHR] Sero<27><STEAM_0:1:46322305><Jinrai>" triggered "kill_assist"
L 02/17/2024 - 21:13:27: "[=]wakfuck<34><STEAM_0:0:62638797><NSF>" killed "[MNHR] Syz<26><STEAM_0:0:82019396><Jinrai>" with "mx"
L 02/17/2024 - 21:13:27: "[MNHR] Syz<26><STEAM_0:0:82019396><Jinrai>" say_team "46 Support mx"
L 02/17/2024 - 21:13:32: "[MNHR] StellaNova<30><STEAM_0:0:31290862><Jinrai>" say "remove ladders from this game thanks"
L 02/17/2024 - 21:13:35: "[2NT][mutent][MNHR] yoko<42><STEAM_0:0:33377178><Jinrai>" killed "[TagsR4Nerds] Average<29><STEAM_0:1:57251237><NSF>" with "mx"
L 02/17/2024 - 21:13:37: "[=]Pyromaniac<33><STEAM_0:1:25398391><NSF>" say ":D"
L 02/17/2024 - 21:13:43: "[2NT][mutent][MNHR] yoko<42><STEAM_0:0:33377178><Jinrai>" killed "[=]wakfuck<34><STEAM_0:0:62638797><NSF>" with "mx"
L 02/17/2024 - 21:13:43: "[MNHR] Syz<26><STEAM_0:0:82019396><Jinrai>" triggered "kill_assist"
L 02/17/2024 - 21:13:52: "[MNHR] StellaNova<30><STEAM_0:0:31290862><Jinrai>" say "i was mid spray until my toe touched the ladder T-T"
L 02/17/2024 - 21:13:52: "[MNHR] Izotop<28><STEAM_0:1:97975268><Jinrai>" killed "[C^2]Myokonin<37><STEAM_0:1:39882458><NSF>" with "pz"
L 02/17/2024 - 21:14:01: Team "Jinrai" triggered "ghost_capture_team"
L 02/17/2024 - 21:14:01: "[MNHR] Izotop<28><STEAM_0:1:97975268><Jinrai>" triggered "ghost_capture"
L 02/17/2024 - 21:14:03: "[=] Iyana<31><STEAM_0:0:215464602><NSF>" say_team "NOOO"
L 02/17/2024 - 21:14:08: "[2NT][mutent][MNHR] yoko<42><STEAM_0:0:33377178><Jinrai>" killed "[=] Iyana<31><STEAM_0:0:215464602><NSF>" with "mx"
L 02/17/2024 - 21:14:43: "[MNHR] Sero<27><STEAM_0:1:46322305><Jinrai>" killed "[=]Pyromaniac<33><STEAM_0:1:25398391><NSF>" with "mx"
L 02/17/2024 - 21:14:50: "[TagsR4Nerds] Average<29><STEAM_0:1:57251237><NSF>" killed "[MNHR] StellaNova<30><STEAM_0:0:31290862><Jinrai>" with "zr68s"
L 02/17/2024 - 21:14:50: "[MNHR] StellaNova<30><STEAM_0:0:31290862><Jinrai>" say_team "7 Assault zr68s"
L 02/17/2024 - 21:14:54: "[=]wakfuck<34><STEAM_0:0:62638797><NSF>" killed "[2NT][mutent][MNHR] yoko<42><STEAM_0:0:33377178><Jinrai>" with "srm"
L 02/17/2024 - 21:14:55: "[2NT][mutent][MNHR] yoko<42><STEAM_0:0:33377178><Jinrai>" say_team "100 Support srm"
L 02/17/2024 - 21:15:00: "[MNHR] Syz<26><STEAM_0:0:82019396><Jinrai>" killed "[TagsR4Nerds] Average<29><STEAM_0:1:57251237><NSF>" with "mx"
L 02/17/2024 - 21:15:00: "[MNHR] StellaNova<30><STEAM_0:0:31290862><Jinrai>" triggered "kill_assist"
L 02/17/2024 - 21:15:05: "[MNHR] Izotop<28><STEAM_0:1:97975268><Jinrai>" killed "[=]wakfuck<34><STEAM_0:0:62638797><NSF>" with "pz"
L 02/17/2024 - 21:15:11: "[=]wakfuck<34><STEAM_0:0:62638797><NSF>" say_team "pz support 37 hp"
L 02/17/2024 - 21:15:17: "[MNHR] Syz<26><STEAM_0:0:82019396><Jinrai>" killed "[=] Iyana<31><STEAM_0:0:215464602><NSF>" with "mx"
L 02/17/2024 - 21:15:24: "[=] Iyana<31><STEAM_0:0:215464602><NSF>" say_team "16 HP assault"
L 02/17/2024 - 21:15:29: "[MNHR] Syz<26><STEAM_0:0:82019396><Jinrai>" killed "[C^2]Myokonin<37><STEAM_0:1:39882458><NSF>" with "mx"
L 02/17/2024 - 21:15:29: "[C^2]Myokonin<37><STEAM_0:1:39882458><NSF>" killed "[MNHR] Syz<26><STEAM_0:0:82019396><Jinrai>" with "grenade_projectile"
L 02/17/2024 - 21:15:29: "[MNHR] Syz<26><STEAM_0:0:82019396><Jinrai>" say_team "1 Assault grenade_projectile"
L 02/17/2024 - 21:15:34: "[MNHR] StellaNova<30><STEAM_0:0:31290862><Jinrai>" say "gg"
L 02/17/2024 - 21:15:37: "[MNHR] Izotop<28><STEAM_0:1:97975268><Jinrai>" say "gg"
L 02/17/2024 - 21:15:37: "[TagsR4Nerds] Average<29><STEAM_0:1:57251237><NSF>" disconnected (reason "Disconnect by user.")
L 02/17/2024 - 21:15:37: "[=]Pyromaniac<33><STEAM_0:1:25398391><NSF>" say "gg"
L 02/17/2024 - 21:15:41: "[MNHR] Syz<26><STEAM_0:0:82019396><Jinrai>" say "ggwp"
L 02/17/2024 - 21:15:43: "[C^2]Myokonin<37><STEAM_0:1:39882458><NSF>" disconnected (reason "Disconnect by user.")
L 02/17/2024 - 21:15:43: "[2NT][mutent][MNHR] yoko<42><STEAM_0:0:33377178><Jinrai>" say "GG(▰˘◡˘▰)WP"
L 02/17/2024 - 21:15:48: "[MNHR] Syz<26><STEAM_0:0:82019396><Jinrai>" say "mnhr"
L 02/17/2024 - 21:15:51: "[=] Iyana<31><STEAM_0:0:215464602><NSF>" say "resting in pieces"
L 02/17/2024 - 21:15:54: "[=]wakfuck<34><STEAM_0:0:62638797><NSF>" say "gg"
L 02/17/2024 - 21:16:06: "[ADMIN] Infrequent<44><STEAM_0:1:6384081><Spectator>" say " @ ggwp everyone"
L 02/17/2024 - 21:16:07: "[=] Iyana<31><STEAM_0:0:215464602><NSF>" disconnected (reason "Disconnect by user.")
L 02/17/2024 - 21:16:13: "[=]wakfuck<34><STEAM_0:0:62638797><NSF>" disconnected (reason "Disconnect by user.")
L 02/17/2024 - 21:16:13: "[=]Pyromaniac<33><STEAM_0:1:25398391><NSF>" disconnected (reason "Disconnect by user.")
L 02/17/2024 - 21:16:17: "[ADMIN] Infrequent<44><STEAM_0:1:6384081><Spectator>" disconnected (reason "Disconnect by user.")
L 02/17/2024 - 21:17:01: "[MNHR] Syz<26><STEAM_0:0:82019396><Jinrai>" disconnected (reason "Disconnect by user.")
L 02/17/2024 - 21:17:06: "[MNHR] StellaNova<30><STEAM_0:0:31290862><Jinrai>" disconnected (reason "Disconnect by user.")
L 02/17/2024 - 21:17:07: "[MNHR] Izotop<28><STEAM_0:1:97975268><Jinrai>" disconnected (reason "Disconnect by user.")
L 02/17/2024 - 21:17:10: "[2NT][mutent][MNHR] yoko<42><STEAM_0:0:33377178><Jinrai>" disconnected (reason "Disconnect by user.")
L 02/17/2024 - 21:17:11: "[MNHR] Sero<27><STEAM_0:1:46322305><Jinrai>" disconnected (reason "Disconnect by user.")
L 02/17/2024 - 22:14:04: "[FEET] Syncer<45><STEAM_ID_PENDING><>" connected, address "86.191.48.157:27005"
L 02/17/2024 - 22:14:04: "[FEET] Syncer<45><STEAM_0:0:88962302><>" STEAM USERID validated
L 02/17/2024 - 22:14:07: "[FEET] Syncer<45><STEAM_0:0:88962302><>" entered the game
L 02/17/2024 - 22:14:09: "[FEET] Syncer<45><STEAM_0:0:88962302><Unassigned>" joined team "Spectator"
L 02/17/2024 - 22:14:12: "Steve'o<46><STEAM_ID_PENDING><>" connected, address "129.222.76.27:51078"
L 02/17/2024 - 22:14:12: "Steve'o<46><STEAM_0:0:58236849><>" STEAM USERID validated
L 02/17/2024 - 22:14:34: "Steve'o<46><STEAM_0:0:58236849><>" entered the game
L 02/17/2024 - 22:14:35: "[FEET] Syncer<45><STEAM_0:0:88962302><Spectator>" changed name to "Syncer"
L 02/17/2024 - 22:14:38: "Steve'o<46><STEAM_0:0:58236849><Unassigned>" joined team "Spectator"
L 02/17/2024 - 22:14:56: "Syncer<45><STEAM_0:0:88962302><Spectator>" changed name to "[FEET/PIGA] Syncer/Marterzon"
L 02/17/2024 - 22:15:26: "Steve'o<46><STEAM_0:0:58236849><Spectator>" changed name to "[ATEA] Steve'o"
L 02/17/2024 - 22:15:46: "[KOBA] DESTROYGIRL<47><STEAM_ID_PENDING><>" connected, address "82.31.206.95:27005"
L 02/17/2024 - 22:15:46: "[KOBA] DESTROYGIRL<47><STEAM_0:0:82737074><>" STEAM USERID validated
L 02/17/2024 - 22:15:48: "[KOBA] DESTROYGIRL<47><STEAM_0:0:82737074><>" entered the game
L 02/17/2024 - 22:15:50: "[KOBA] DESTROYGIRL<47><STEAM_0:0:82737074><Unassigned>" joined team "Spectator"
L 02/17/2024 - 22:16:05: "[MXican] Ghost Lizard<48><STEAM_ID_PENDING><>" connected, address "87.2.131.118:27005"
L 02/17/2024 - 22:16:05: "[MXican] Ghost Lizard<48><STEAM_0:1:20336729><>" STEAM USERID validated
L 02/17/2024 - 22:16:08: "[MXican] Ghost Lizard<48><STEAM_0:1:20336729><>" entered the game
L 02/17/2024 - 22:16:08: "soft as HELL<49><STEAM_ID_PENDING><>" connected, address "94.30.149.189:27005"
L 02/17/2024 - 22:16:08: "soft as HELL<49><STEAM_0:1:14747705><>" STEAM USERID validated
L 02/17/2024 - 22:16:09: "[MXican] Ghost Lizard<48><STEAM_0:1:20336729><Unassigned>" joined team "Spectator"
L 02/17/2024 - 22:16:10: "soft as HELL<49><STEAM_0:1:14747705><>" entered the game
L 02/17/2024 - 22:16:18: "soft as HELL<49><STEAM_0:1:14747705><Unassigned>" joined team "Spectator"
L 02/17/2024 - 22:16:40: "[MNHR] Syz<50><STEAM_ID_PENDING><>" connected, address "90.213.209.147:27005"
L 02/17/2024 - 22:16:40: "[MNHR] Syz<50><STEAM_0:0:82019396><>" STEAM USERID validated
L 02/17/2024 - 22:16:54: "Shinra (Nice)<51><STEAM_ID_PENDING><>" connected, address "162.254.47.5:27005"
L 02/17/2024 - 22:16:54: "Shinra (Nice)<51><STEAM_0:0:17487274><>" STEAM USERID validated
L 02/17/2024 - 22:16:55: "[BONK] Gurashi<52><STEAM_ID_PENDING><>" connected, address "91.97.144.188:27005"
L 02/17/2024 - 22:16:55: "[BONK] Gurashi<52><STEAM_0:1:39165168><>" STEAM USERID validated
L 02/17/2024 - 22:16:58: "[MNHR] Syz<50><STEAM_0:0:82019396><>" entered the game
L 02/17/2024 - 22:16:59: "Shinra (Nice)<51><STEAM_0:0:17487274><>" entered the game
L 02/17/2024 - 22:17:02: "Shinra (Nice)<51><STEAM_0:0:17487274><Unassigned>" joined team "Spectator"
L 02/17/2024 - 22:17:06: "[MNHR] Syz<50><STEAM_0:0:82019396><Unassigned>" joined team "Spectator"
L 02/17/2024 - 22:17:13: "[ATEA] Steve'o<46><STEAM_0:0:58236849><Spectator>" say "Grass is Jinrai captain"
L 02/17/2024 - 22:17:18: "[ATEA] Steve'o<46><STEAM_0:0:58236849><Spectator>" say "Syncer is NSF captain"
L 02/17/2024 - 22:17:31: "3LOW<53><STEAM_ID_PENDING><>" connected, address "67.181.173.131:27005"
L 02/17/2024 - 22:17:31: "3LOW<53><STEAM_0:0:67890711><>" STEAM USERID validated
L 02/17/2024 - 22:17:46: "3LOW<53><STEAM_0:0:67890711><>" entered the game
L 02/17/2024 - 22:17:49: "3LOW<53><STEAM_0:0:67890711><Unassigned>" joined team "Spectator"
L 02/17/2024 - 22:17:57: "[MNHR] Syz<50><STEAM_0:0:82019396><Spectator>" changed name to "[MNHR/WPG] Syz"
L 02/17/2024 - 22:18:05: "[KOBA] DESTROYGIRL<47><STEAM_0:0:82737074><Spectator>" say "nt players got some weird ass pronouns"
L 02/17/2024 - 22:18:08: "[FEET/PIGA] Syncer/Marterzon<45><STEAM_0:0:88962302><Spectator>" say "!n"
L 02/17/2024 - 22:18:08: "[FEET/PIGA] Syncer/Marterzon<45><STEAM_0:0:88962302><Spectator>" joined team "NSF"
L 02/17/2024 - 22:18:54: "[BONK] Gurashi<52><STEAM_0:1:39165168><>" entered the game
L 02/17/2024 - 22:19:05: "[BONK] Gurashi<52><STEAM_0:1:39165168><Unassigned>" joined team "Spectator"
L 02/17/2024 - 22:19:22: "[BONK] Gurashi<52><STEAM_0:1:39165168><Spectator>" say "!j"
L 02/17/2024 - 22:19:22: "[BONK] Gurashi<52><STEAM_0:1:39165168><Spectator>" joined team "Jinrai"
L 02/17/2024 - 22:19:32: "[BONK] Gurashi<52><STEAM_0:1:39165168><Jinrai>" changed name to "[BONK/PIGA] Gurashi"
L 02/17/2024 - 22:20:39: "[BONK/PIGA] Gurashi<52><STEAM_0:1:39165168><Jinrai>" changed name to "[BONK/PIGA] Gurashi/草"
L 02/17/2024 - 22:21:05: "[MXican] Ghost Lizard<48><STEAM_0:1:20336729><Spectator>" say "!j"
L 02/17/2024 - 22:21:05: "[MXican] Ghost Lizard<48><STEAM_0:1:20336729><Spectator>" joined team "Jinrai"
L 02/17/2024 - 22:21:53: "Shinra (Nice)<51><STEAM_0:0:17487274><Spectator>" say "!nominate"
L 02/17/2024 - 22:21:55: "[MXican] Halcyon<54><STEAM_ID_PENDING><>" connected, address "90.190.160.61:27005"
L 02/17/2024 - 22:21:55: "[MXican] Halcyon<54><STEAM_0:1:2864524><>" STEAM USERID validated
L 02/17/2024 - 22:22:14: "Shinra (Nice)<51><STEAM_0:0:17487274><Spectator>" joined team "Jinrai"
L 02/17/2024 - 22:22:20: "[MXican] Halcyon<54><STEAM_0:1:2864524><>" entered the game
L 02/17/2024 - 22:22:27: "[MXican] Halcyon<54><STEAM_0:1:2864524><Unassigned>" joined team "NSF"
L 02/17/2024 - 22:22:30: "[KOBA] DESTROYGIRL<47><STEAM_0:0:82737074><Spectator>" joined team "NSF"
L 02/17/2024 - 22:22:33: "soft as HELL<49><STEAM_0:1:14747705><Spectator>" joined team "NSF"
L 02/17/2024 - 22:22:40: "[MNHR/WPG] Syz<50><STEAM_0:0:82019396><Spectator>" say "!J"
L 02/17/2024 - 22:22:40: "[MNHR/WPG] Syz<50><STEAM_0:0:82019396><Spectator>" joined team "Jinrai"
L 02/17/2024 - 22:22:42: "[MXican] Halcyon<54><STEAM_0:1:2864524><NSF>" say "Gecko hunting season"
L 02/17/2024 - 22:22:43: "Shinra (Nice)<51><STEAM_0:0:17487274><Jinrai>" say "why no die?"
L 02/17/2024 - 22:22:51: "Shinra (Nice)<51><STEAM_0:0:17487274><Jinrai>" say "i fly"
L 02/17/2024 - 22:22:53: "3LOW<53><STEAM_0:0:67890711><Spectator>" joined team "NSF"
L 02/17/2024 - 22:22:56: "3LOW<53><STEAM_0:0:67890711><NSF>" say_team "!ready"
L 02/17/2024 - 22:22:57: "[MXican] Ghost Lizard<48><STEAM_0:1:20336729><Jinrai>" say "time to lift weights with my tongue"
L 02/17/2024 - 22:23:04: "[ATEA] Steve'o<46><STEAM_0:0:58236849><Spectator>" joined team "Jinrai"
L 02/17/2024 - 22:23:32: "[MXican] Ghost Lizard<48><STEAM_0:1:20336729><Jinrai>" say "!ready"
L 02/17/2024 - 22:23:35: "[MNHR/WPG] Syz<50><STEAM_0:0:82019396><Jinrai>" say "!ready"
L 02/17/2024 - 22:23:41: "[ATEA] Steve'o<46><STEAM_0:0:58236849><Jinrai>" say "!r"
L 02/17/2024 - 22:23:44: "[ATEA] Steve'o<46><STEAM_0:0:58236849><Jinrai>" say "!ready"
L 02/17/2024 - 22:23:46: "[FEET/PIGA] Syncer/Marterzon<45><STEAM_0:0:88962302><NSF>" say "!nomainte"
L 02/17/2024 - 22:23:47: "[FEET/PIGA] Syncer/Marterzon<45><STEAM_0:0:88962302><NSF>" say "rtv"
L 02/17/2024 - 22:23:58: "[KOBA] DESTROYGIRL<47><STEAM_0:0:82737074><NSF>" say "nominate"
L 02/17/2024 - 22:24:01: "[MNHR/WPG] Syz<50><STEAM_0:0:82019396><Jinrai>" say "steveo join jinrai vc"
L 02/17/2024 - 22:24:04: "Shinra (Nice)<51><STEAM_0:0:17487274><Jinrai>" say "!nominate"
L 02/17/2024 - 22:24:05: "[FEET/PIGA] Syncer/Marterzon<45><STEAM_0:0:88962302><NSF>" say "can we change map"
L 02/17/2024 - 22:24:09: "[MNHR/WPG] Syz<50><STEAM_0:0:82019396><Jinrai>" say "ye"
L 02/17/2024 - 22:24:09: "[MXican] Halcyon<54><STEAM_0:1:2864524><NSF>" say "!nominate"
L 02/17/2024 - 22:24:10: "[FEET/PIGA] Syncer/Marterzon<45><STEAM_0:0:88962302><NSF>" say "i dont want tetsu"
L 02/17/2024 - 22:24:12: "[FEET/PIGA] Syncer/Marterzon<45><STEAM_0:0:88962302><NSF>" say "!nominate"
L 02/17/2024 - 22:24:12: "[KOBA] DESTROYGIRL<47><STEAM_0:0:82737074><NSF>" say "rtv"
L 02/17/2024 - 22:24:17: "[BONK/PIGA] Gurashi/草<52><STEAM_0:1:39165168><Jinrai>" say "!nominate terminal"
L 02/17/2024 - 22:24:18: "[BONK/PIGA] Gurashi/草<52><STEAM_0:1:39165168><Jinrai>" say "rtv"
L 02/17/2024 - 22:24:21: "[FEET/PIGA] Syncer/Marterzon<45><STEAM_0:0:88962302><NSF>" say "rtv"
L 02/17/2024 - 22:24:22: "Shinra (Nice)<51><STEAM_0:0:17487274><Jinrai>" say "!rtv"
L 02/17/2024 - 22:24:23: "[MXican] Halcyon<54><STEAM_0:1:2864524><NSF>" say "rtv"
L 02/17/2024 - 22:24:45: [META] Loaded 0 plugins (1 already loaded)
L 02/17/2024 - 22:24:45: [META] Loaded 0 plugins (1 already loaded)
L 02/17/2024 - 22:24:45: Log file closed
