L 01/28/2024 - 20:28:05: Log file started (file "logs\L0128066.log") (game "z:\home\steam\steam\steamapps\common\nt\NeotokyoSource") (version "4044")
L 01/28/2024 - 20:28:05: server_cvar: "sv_pausable" "0"
L 01/28/2024 - 20:28:05: server_cvar: "sv_contact" "baux.site"
L 01/28/2024 - 20:28:05: server_cvar: "sv_gravity" "800"
L 01/28/2024 - 20:28:05: server_cvar: "mp_friendlyfire" "1"
L 01/28/2024 - 20:28:07: "(MercHara) syz<24><STEAM_0:0:82019396><>" entered the game
L 01/28/2024 - 20:28:07: "[DYS] bauxite<23><STEAM_0:0:5757747><>" entered the game
L 01/28/2024 - 20:28:08: "[MXican] MaJesTiC<25><STEAM_0:1:84048595><>" entered the game
L 01/28/2024 - 20:28:12: "[MXican] NeoTokyoScrub<26><STEAM_0:1:95715175><>" entered the game
L 01/28/2024 - 20:28:12: "[MXican] MaJesTiC<25><STEAM_0:1:84048595><Unassigned>" joined team "NSF"
L 01/28/2024 - 20:28:24: "NeoMoffin<27><STEAM_ID_PENDING><>" connected, address "76.133.237.17:27005"
L 01/28/2024 - 20:28:24: "NeoMoffin<27><STEAM_0:1:17526508><>" STEAM USERID validated
L 01/28/2024 - 20:28:30: "NeoMoffin<27><STEAM_0:1:17526508><>" entered the game
L 01/28/2024 - 20:28:34: "NeoMoffin<27><STEAM_0:1:17526508><Unassigned>" joined team "Spectator"
L 01/28/2024 - 20:28:37: "[DYS] bauxite<23><STEAM_0:0:5757747><Unassigned>" joined team "Spectator"
L 01/28/2024 - 20:28:45: "[MXican] Ghost Lizard<28><STEAM_ID_PENDING><>" connected, address "87.2.131.118:27005"
L 01/28/2024 - 20:28:45: "[MXican] Ghost Lizard<28><STEAM_0:1:20336729><>" STEAM USERID validated
L 01/28/2024 - 20:28:49: "[MXican] Ghost Lizard<28><STEAM_0:1:20336729><>" entered the game
L 01/28/2024 - 20:28:52: "[MXican] Ghost Lizard<28><STEAM_0:1:20336729><Unassigned>" joined team "Spectator"
L 01/28/2024 - 20:29:08: "[MXican] Ghost Lizard<28><STEAM_0:1:20336729><Spectator>" joined team "Jinrai"
L 01/28/2024 - 20:29:19: "NeoMoffin<27><STEAM_0:1:17526508><Spectator>" changed name to "[MXican] Banana-Nut Moffin"
L 01/28/2024 - 20:29:33: "[MXican] MaJesTiC<25><STEAM_0:1:84048595><NSF>" say "!j"
L 01/28/2024 - 20:29:33: "[MXican] MaJesTiC<25><STEAM_0:1:84048595><NSF>" committed suicide with "player"
L 01/28/2024 - 20:29:33: "[MXican] MaJesTiC<25><STEAM_0:1:84048595><NSF>" joined team "Jinrai"
L 01/28/2024 - 20:29:40: "[MXican] NeoTokyoScrub<26><STEAM_0:1:95715175><Unassigned>" joined team "Jinrai"
L 01/28/2024 - 20:29:48: "[MXican] talibus<29><STEAM_ID_PENDING><>" connected, address "83.28.167.249:8959"
L 01/28/2024 - 20:29:48: "[MXican] talibus<29><STEAM_0:0:15980775><>" STEAM USERID validated
L 01/28/2024 - 20:30:15: "[MXican] talibus<29><STEAM_0:0:15980775><>" entered the game
L 01/28/2024 - 20:30:18: "[MXican] talibus<29><STEAM_0:0:15980775><Unassigned>" joined team "Spectator"
L 01/28/2024 - 20:30:24: "[MXican] MaJesTiC<25><STEAM_0:1:84048595><Jinrai>" say "why I have black screen"
L 01/28/2024 - 20:30:27: "[MXican] MaJesTiC<25><STEAM_0:1:84048595><Jinrai>" joined team "Spectator"
L 01/28/2024 - 20:30:28: "[MXican] MaJesTiC<25><STEAM_0:1:84048595><Spectator>" joined team "Jinrai"
L 01/28/2024 - 20:30:33: "[MXican] MaJesTiC<25><STEAM_0:1:84048595><Jinrai>" joined team "Spectator"
L 01/28/2024 - 20:30:34: "[MXican] MaJesTiC<25><STEAM_0:1:84048595><Spectator>" joined team "NSF"
L 01/28/2024 - 20:30:36: "[MXican] MaJesTiC<25><STEAM_0:1:84048595><NSF>" joined team "Spectator"
L 01/28/2024 - 20:30:43: "[MXican] talibus<29><STEAM_0:0:15980775><Spectator>" joined team "Jinrai"
L 01/28/2024 - 20:30:47: "[MXican] MaJesTiC<25><STEAM_0:1:84048595><Spectator>" say "!j"
L 01/28/2024 - 20:30:47: "[MXican] MaJesTiC<25><STEAM_0:1:84048595><Spectator>" joined team "Jinrai"
L 01/28/2024 - 20:30:54: "[MXican] MaJesTiC<25><STEAM_0:1:84048595><Jinrai>" say "!nsf"
L 01/28/2024 - 20:30:56: "[MXican] MaJesTiC<25><STEAM_0:1:84048595><Jinrai>" say "!n"
L 01/28/2024 - 20:30:56: "[MXican] MaJesTiC<25><STEAM_0:1:84048595><Jinrai>" joined team "NSF"
L 01/28/2024 - 20:31:03: "[MXican] Banana-Nut Moffin<27><STEAM_0:1:17526508><Spectator>" joined team "Jinrai"
L 01/28/2024 - 20:31:04: "(MercHara) syz<24><STEAM_0:0:82019396><Unassigned>" joined team "Spectator"
L 01/28/2024 - 20:31:07: "[MXican] MaJesTiC<25><STEAM_0:1:84048595><NSF>" say "!j"
L 01/28/2024 - 20:31:07: "[MXican] MaJesTiC<25><STEAM_0:1:84048595><NSF>" joined team "Jinrai"
L 01/28/2024 - 20:31:15: "(MercHara) syz<24><STEAM_0:0:82019396><Spectator>" say "!n"
L 01/28/2024 - 20:31:15: "(MercHara) syz<24><STEAM_0:0:82019396><Spectator>" joined team "NSF"
L 01/28/2024 - 20:31:18: "[DYS] bauxite<23><STEAM_0:0:5757747><Spectator>" say "ok vote for ur oppising merc"
L 01/28/2024 - 20:31:21: "[DYS] bauxite<23><STEAM_0:0:5757747><Spectator>" say "syz dont vote"
L 01/28/2024 - 20:31:21: "[MXican] Banana-Nut Moffin<27><STEAM_0:1:17526508><Jinrai>" changed name to "[MXican] Dennogin"
L 01/28/2024 - 20:31:40: "[MNHR] Sero<30><STEAM_ID_PENDING><>" connected, address "24.61.46.227:27005"
L 01/28/2024 - 20:31:40: "[MNHR] Sero<30><STEAM_0:1:46322305><>" STEAM USERID validated
L 01/28/2024 - 20:31:41: "[MXican] MaJesTiC<25><STEAM_0:1:84048595><Jinrai>" say "i voted baux"
L 01/28/2024 - 20:31:44: "[MNHR] Sero<30><STEAM_0:1:46322305><>" entered the game
L 01/28/2024 - 20:31:47: "[MNHR] Sero<30><STEAM_0:1:46322305><Unassigned>" joined team "Spectator"
L 01/28/2024 - 20:33:03: "[2NT][mutent][MNHR] yoko<31><STEAM_ID_PENDING><>" connected, address "143.244.47.70:27005"
L 01/28/2024 - 20:33:03: "[2NT][mutent][MNHR] yoko<31><STEAM_0:0:33377178><>" STEAM USERID validated
L 01/28/2024 - 20:33:04: "[2NT][mutent][MNHR] yoko<31><STEAM_0:0:33377178><>" entered the game
L 01/28/2024 - 20:33:08: "[2NT][mutent][MNHR] yoko<31><STEAM_0:0:33377178><Unassigned>" joined team "NSF"
L 01/28/2024 - 20:33:39: "[MXican] MaJesTiC<25><STEAM_0:1:84048595><Jinrai>" say_team "can somebody tell me which side we spawn"
L 01/28/2024 - 20:33:41: "[MXican] MaJesTiC<25><STEAM_0:1:84048595><Jinrai>" say_team "at start"
L 01/28/2024 - 20:33:52: "[MXican] talibus<29><STEAM_0:0:15980775><Jinrai>" say_team "as jinrai - tarmac"
L 01/28/2024 - 20:34:06: "[2NT][mutent][MNHR] yoko<31><STEAM_0:0:33377178><NSF>" joined team "Unassigned"
L 01/28/2024 - 20:34:07: "[2NT][mutent][MNHR] yoko<31><STEAM_0:0:33377178><Unassigned>" joined team "NSF"
L 01/28/2024 - 20:34:08: "[DYS] bauxite<23><STEAM_0:0:5757747><Spectator>" say "!n"
L 01/28/2024 - 20:34:08: "[DYS] bauxite<23><STEAM_0:0:5757747><Spectator>" joined team "NSF"
L 01/28/2024 - 20:34:18: "[DYS] bauxite<23><STEAM_0:0:5757747><NSF>" say "!nf sero"
L 01/28/2024 - 20:34:18: "[MNHR] Sero<30><STEAM_0:1:46322305><Spectator>" joined team "NSF"
L 01/28/2024 - 20:34:45: "[MXican] NeoTokyoScrub<26><STEAM_0:1:95715175><Jinrai>" say "!ready"
L 01/28/2024 - 20:34:49: "[DYS] bauxite<23><STEAM_0:0:5757747><NSF>" say "is the last player coming?"
L 01/28/2024 - 20:34:49: "[2NT][mutent][MNHR] yoko<31><STEAM_0:0:33377178><NSF>" say_team "!ready"
L 01/28/2024 - 20:34:51: "[MXican] Dennogin<27><STEAM_0:1:17526508><Jinrai>" say "!ready"
L 01/28/2024 - 20:34:53: "[MXican] Ghost Lizard<28><STEAM_0:1:20336729><Jinrai>" say "!ready"
L 01/28/2024 - 20:34:53: "[MXican] talibus<29><STEAM_0:0:15980775><Jinrai>" say "!ready"
L 01/28/2024 - 20:34:53: "(MercHara) syz<24><STEAM_0:0:82019396><NSF>" say "yeah"
L 01/28/2024 - 20:35:00: "[MXican] Dennogin<27><STEAM_0:1:17526508><Jinrai>" say "im coming right now"
L 01/28/2024 - 20:35:04: "[MXican] Dennogin<27><STEAM_0:1:17526508><Jinrai>" say "AND YOU CANT STOP ME"
L 01/28/2024 - 20:35:04: "Jamal Wick<32><STEAM_ID_PENDING><>" connected, address "72.211.80.228:27005"
L 01/28/2024 - 20:35:04: "Jamal Wick<32><STEAM_0:0:26280112><>" STEAM USERID validated
L 01/28/2024 - 20:35:04: "[2NT][mutent][MNHR] yoko<31><STEAM_0:0:33377178><NSF>" say ":O"
L 01/28/2024 - 20:35:10: "Jamal Wick<32><STEAM_0:0:26280112><>" entered the game
L 01/28/2024 - 20:35:35: "Jamal Wick<32><STEAM_0:0:26280112><Unassigned>" joined team "NSF"
L 01/28/2024 - 20:35:40: "(MercHara) syz<24><STEAM_0:0:82019396><NSF>" say "!ready"
L 01/28/2024 - 20:35:47: "[MNHR] Sero<30><STEAM_0:1:46322305><NSF>" say "!ready"
L 01/28/2024 - 20:35:54: "[DYS] bauxite<23><STEAM_0:0:5757747><NSF>" say "!ready"
L 01/28/2024 - 20:36:04: "Jamal Wick<32><STEAM_0:0:26280112><NSF>" say "!ready"
L 01/28/2024 - 20:36:07: "[MXican] MaJesTiC<25><STEAM_0:1:84048595><Jinrai>" say "im going assault first round"
L 01/28/2024 - 20:36:08: "(MercHara) syz<24><STEAM_0:0:82019396><NSF>" say "!readylist"
L 01/28/2024 - 20:36:11: "[MXican] MaJesTiC<25><STEAM_0:1:84048595><Jinrai>" say "!ready"
L 01/28/2024 - 20:36:13: "[DYS] bauxite<23><STEAM_0:0:5757747><NSF>" say "ok"
L 01/28/2024 - 20:36:17: "[DYS] bauxite<23><STEAM_0:0:5757747><NSF>" say "glhf"
L 01/28/2024 - 20:36:23: "[MXican] MaJesTiC<25><STEAM_0:1:84048595><Jinrai>" say_team "im going"
L 01/28/2024 - 20:36:24: "(MercHara) syz<24><STEAM_0:0:82019396><NSF>" say "ghlf"
L 01/28/2024 - 20:36:24: "[MXican] MaJesTiC<25><STEAM_0:1:84048595><Jinrai>" say_team "down"
L 01/28/2024 - 20:36:28: "[MXican] MaJesTiC<25><STEAM_0:1:84048595><Jinrai>" say_team "basement"
L 01/28/2024 - 20:36:32: "[2NT][mutent][MNHR] yoko<31><STEAM_0:0:33377178><NSF>" say "glhf"
L 01/28/2024 - 20:36:45: "[MXican] NeoTokyoScrub<26><STEAM_0:1:95715175><Jinrai>" killed "(MercHara) syz<24><STEAM_0:0:82019396><NSF>" with "srm"
L 01/28/2024 - 20:36:46: "(MercHara) syz<24><STEAM_0:0:82019396><NSF>" say_team "100 Recon srm"
L 01/28/2024 - 20:36:51: "[2NT][mutent][MNHR] yoko<31><STEAM_0:0:33377178><NSF>" killed "[MXican] NeoTokyoScrub<26><STEAM_0:1:95715175><Jinrai>" with "grenade_projectile"
L 01/28/2024 - 20:37:09: "[MXican] MaJesTiC<25><STEAM_0:1:84048595><Jinrai>" killed "[2NT][mutent][MNHR] yoko<31><STEAM_0:0:33377178><NSF>" with "zr68s"
L 01/28/2024 - 20:37:10: "[2NT][mutent][MNHR] yoko<31><STEAM_0:0:33377178><NSF>" say_team "100 Assault zr68s"
L 01/28/2024 - 20:37:28: "[MXican] MaJesTiC<25><STEAM_0:1:84048595><Jinrai>" say_team "dead"
L 01/28/2024 - 20:37:29: "[MXican] MaJesTiC<25><STEAM_0:1:84048595><Jinrai>" say_team "both"
L 01/28/2024 - 20:37:38: "[MXican] MaJesTiC<25><STEAM_0:1:84048595><Jinrai>" killed "Jamal Wick<32><STEAM_0:0:26280112><NSF>" with "zr68s"
L 01/28/2024 - 20:37:46: "[MXican] talibus<29><STEAM_0:0:15980775><Jinrai>" killed "[MNHR] Sero<30><STEAM_0:1:46322305><NSF>" with "zr68s"
L 01/28/2024 - 20:37:46: "[MXican] Ghost Lizard<28><STEAM_0:1:20336729><Jinrai>" triggered "kill_assist"
L 01/28/2024 - 20:37:47: "[DYS] bauxite<23><STEAM_0:0:5757747><NSF>" killed "[MXican] Dennogin<27><STEAM_0:1:17526508><Jinrai>" with "m41"
L 01/28/2024 - 20:37:48: "[MXican] Dennogin<27><STEAM_0:1:17526508><Jinrai>" say_team "36 Support m41"
L 01/28/2024 - 20:38:03: "[MXican] Ghost Lizard<28><STEAM_0:1:20336729><Jinrai>" killed "[DYS] bauxite<23><STEAM_0:0:5757747><NSF>" with "zr68c"
L 01/28/2024 - 20:38:03: "[MXican] Dennogin<27><STEAM_0:1:17526508><Jinrai>" triggered "kill_assist"
L 01/28/2024 - 20:38:03: "[DYS] bauxite<23><STEAM_0:0:5757747><NSF>" say_team "67 Support zr68c"
L 01/28/2024 - 20:38:10: "(MercHara) syz<24><STEAM_0:0:82019396><NSF>" say "!settings"
L 01/28/2024 - 20:38:24: "[MXican] MaJesTiC<25><STEAM_0:1:84048595><Jinrai>" say_team "come basement with me scrub"
L 01/28/2024 - 20:38:49: "[2NT][mutent][MNHR] yoko<31><STEAM_0:0:33377178><NSF>" killed "[MXican] NeoTokyoScrub<26><STEAM_0:1:95715175><Jinrai>" with "zr68s"
L 01/28/2024 - 20:38:49: "(MercHara) syz<24><STEAM_0:0:82019396><NSF>" triggered "kill_assist"
L 01/28/2024 - 20:39:18: "[MXican] MaJesTiC<25><STEAM_0:1:84048595><Jinrai>" killed "(MercHara) syz<24><STEAM_0:0:82019396><NSF>" with "grenade_detapack"
L 01/28/2024 - 20:39:18: "(MercHara) syz<24><STEAM_0:0:82019396><NSF>" say_team "96 Recon grenade_detapack"
L 01/28/2024 - 20:39:19: "[MXican] talibus<29><STEAM_0:0:15980775><Jinrai>" killed "[2NT][mutent][MNHR] yoko<31><STEAM_0:0:33377178><NSF>" with "zr68s"
L 01/28/2024 - 20:39:20: "[2NT][mutent][MNHR] yoko<31><STEAM_0:0:33377178><NSF>" say_team "100 Assault zr68s"
L 01/28/2024 - 20:39:47: "[MXican] talibus<29><STEAM_0:0:15980775><Jinrai>" killed "[DYS] bauxite<23><STEAM_0:0:5757747><NSF>" with "zr68s"
L 01/28/2024 - 20:39:47: "[DYS] bauxite<23><STEAM_0:0:5757747><NSF>" say_team "1 Assault zr68s"
L 01/28/2024 - 20:39:49: "[DYS] bauxite<23><STEAM_0:0:5757747><NSF>" say_team "Enemy is Behind"
L 01/28/2024 - 20:40:00: "[MNHR] Sero<30><STEAM_0:1:46322305><NSF>" killed "[MXican] talibus<29><STEAM_0:0:15980775><Jinrai>" with "zr68s"
L 01/28/2024 - 20:40:00: "[DYS] bauxite<23><STEAM_0:0:5757747><NSF>" triggered "kill_assist"
L 01/28/2024 - 20:40:01: "[MXican] talibus<29><STEAM_0:0:15980775><Jinrai>" say_team "59 Assault zr68s"
L 01/28/2024 - 20:40:12: "[MXican] Dennogin<27><STEAM_0:1:17526508><Jinrai>" killed "[MNHR] Sero<30><STEAM_0:1:46322305><NSF>" with "jitte"
L 01/28/2024 - 20:40:19: "[MXican] Dennogin<27><STEAM_0:1:17526508><Jinrai>" killed "Jamal Wick<32><STEAM_0:0:26280112><NSF>" with "jitte"
L 01/28/2024 - 20:40:19: "[MXican] Ghost Lizard<28><STEAM_0:1:20336729><Jinrai>" triggered "kill_assist"
L 01/28/2024 - 20:40:24: "[DYS] bauxite<23><STEAM_0:0:5757747><NSF>" say_team "nt"
L 01/28/2024 - 20:40:31: "[DYS] bauxite<23><STEAM_0:0:5757747><NSF>" say_team "il go assault"
L 01/28/2024 - 20:40:45: "[DYS] bauxite<23><STEAM_0:0:5757747><NSF>" say_team "i acn switch back next round"
L 01/28/2024 - 20:41:03: "[MXican] NeoTokyoScrub<26><STEAM_0:1:95715175><Jinrai>" killed "(MercHara) syz<24><STEAM_0:0:82019396><NSF>" with "srm"
L 01/28/2024 - 20:41:03: "(MercHara) syz<24><STEAM_0:0:82019396><NSF>" say_team "100 Recon srm"
L 01/28/2024 - 20:41:11: "[MXican] Dennogin<27><STEAM_0:1:17526508><Jinrai>" killed "[DYS] bauxite<23><STEAM_0:0:5757747><NSF>" with "jitte"
L 01/28/2024 - 20:41:11: "[DYS] bauxite<23><STEAM_0:0:5757747><NSF>" say_team "79 Assault jitte"
L 01/28/2024 - 20:41:15: "[DYS] bauxite<23><STEAM_0:0:5757747><NSF>" say_team "server"
L 01/28/2024 - 20:41:25: "[MXican] Dennogin<27><STEAM_0:1:17526508><Jinrai>" killed "Jamal Wick<32><STEAM_0:0:26280112><NSF>" with "jitte"
L 01/28/2024 - 20:41:25: "[MXican] NeoTokyoScrub<26><STEAM_0:1:95715175><Jinrai>" triggered "kill_assist"
L 01/28/2024 - 20:41:27: "[MXican] Ghost Lizard<28><STEAM_0:1:20336729><Jinrai>" killed "[MNHR] Sero<30><STEAM_0:1:46322305><NSF>" with "mx"
L 01/28/2024 - 20:41:31: "[MXican] Dennogin<27><STEAM_0:1:17526508><Jinrai>" killed "[2NT][mutent][MNHR] yoko<31><STEAM_0:0:33377178><NSF>" with "jitte"
L 01/28/2024 - 20:41:31: "[2NT][mutent][MNHR] yoko<31><STEAM_0:0:33377178><NSF>" say_team "42 Assault jitte"
L 01/28/2024 - 20:41:43: "[MXican] MaJesTiC<25><STEAM_0:1:84048595><Jinrai>" say_team "wanna come cubby"
L 01/28/2024 - 20:41:45: "[DYS] bauxite<23><STEAM_0:0:5757747><NSF>" say_team "ill switch back"
L 01/28/2024 - 20:41:46: "[MXican] MaJesTiC<25><STEAM_0:1:84048595><Jinrai>" say_team "with me scrub"
L 01/28/2024 - 20:42:01: "[DYS] bauxite<23><STEAM_0:0:5757747><NSF>" say_team "someone come basement with me"
L 01/28/2024 - 20:42:11: "[MXican] talibus<29><STEAM_0:0:15980775><Jinrai>" killed "(MercHara) syz<24><STEAM_0:0:82019396><NSF>" with "grenade_projectile"
L 01/28/2024 - 20:42:11: "(MercHara) syz<24><STEAM_0:0:82019396><NSF>" say_team "100 Assault grenade_projectile"
L 01/28/2024 - 20:42:14: "[MNHR] Sero<30><STEAM_0:1:46322305><NSF>" killed "[MXican] NeoTokyoScrub<26><STEAM_0:1:95715175><Jinrai>" with "zr68s"
L 01/28/2024 - 20:42:17: "[MXican] MaJesTiC<25><STEAM_0:1:84048595><Jinrai>" killed "[DYS] bauxite<23><STEAM_0:0:5757747><NSF>" with "jittescoped"
L 01/28/2024 - 20:42:17: "[DYS] bauxite<23><STEAM_0:0:5757747><NSF>" say_team "100 Recon jittescoped"
L 01/28/2024 - 20:42:23: "[MXican] Ghost Lizard<28><STEAM_0:1:20336729><Jinrai>" killed "[MNHR] Sero<30><STEAM_0:1:46322305><NSF>" with "mx"
L 01/28/2024 - 20:42:27: "[MXican] Ghost Lizard<28><STEAM_0:1:20336729><Jinrai>" killed "Jamal Wick<32><STEAM_0:0:26280112><NSF>" with "mx"
L 01/28/2024 - 20:42:29: "[MXican] MaJesTiC<25><STEAM_0:1:84048595><Jinrai>" killed "[2NT][mutent][MNHR] yoko<31><STEAM_0:0:33377178><NSF>" with "jittescoped"
L 01/28/2024 - 20:42:29: "[2NT][mutent][MNHR] yoko<31><STEAM_0:0:33377178><NSF>" say_team "100 Recon jittescoped"
L 01/28/2024 - 20:42:50: "[DYS] bauxite<23><STEAM_0:0:5757747><NSF>" say_team "Enemy in Front"
L 01/28/2024 - 20:42:53: "[MXican] MaJesTiC<25><STEAM_0:1:84048595><Jinrai>" say_team "basemen again"
L 01/28/2024 - 20:42:56: "[DYS] bauxite<23><STEAM_0:0:5757747><NSF>" say_team "someone come basement again"
L 01/28/2024 - 20:43:15: "[MXican] NeoTokyoScrub<26><STEAM_0:1:95715175><Jinrai>" killed "(MercHara) syz<24><STEAM_0:0:82019396><NSF>" with "srm"
L 01/28/2024 - 20:43:15: "(MercHara) syz<24><STEAM_0:0:82019396><NSF>" say_team "17 Recon srm"
L 01/28/2024 - 20:43:19: "[MXican] Dennogin<27><STEAM_0:1:17526508><Jinrai>" killed "[DYS] bauxite<23><STEAM_0:0:5757747><NSF>" with "jitte"
L 01/28/2024 - 20:43:19: "[DYS] bauxite<23><STEAM_0:0:5757747><NSF>" say_team "48 Assault jitte"
L 01/28/2024 - 20:43:22: "[2NT][mutent][MNHR] yoko<31><STEAM_0:0:33377178><NSF>" killed "[MXican] Dennogin<27><STEAM_0:1:17526508><Jinrai>" with "supa7"
L 01/28/2024 - 20:43:22: "[DYS] bauxite<23><STEAM_0:0:5757747><NSF>" triggered "kill_assist"
L 01/28/2024 - 20:43:23: "[MXican] Dennogin<27><STEAM_0:1:17526508><Jinrai>" say_team "100 Support supa7"
L 01/28/2024 - 20:43:32: "[MXican] Ghost Lizard<28><STEAM_0:1:20336729><Jinrai>" killed "[MNHR] Sero<30><STEAM_0:1:46322305><NSF>" with "mx"
L 01/28/2024 - 20:43:32: "[MXican] talibus<29><STEAM_0:0:15980775><Jinrai>" triggered "kill_assist"
L 01/28/2024 - 20:43:36: "[MXican] MaJesTiC<25><STEAM_0:1:84048595><Jinrai>" killed "[MXican] NeoTokyoScrub<26><STEAM_0:1:95715175><Jinrai>" with "grenade_projectile"
L 01/28/2024 - 20:43:39: "[MXican] MaJesTiC<25><STEAM_0:1:84048595><Jinrai>" killed "Jamal Wick<32><STEAM_0:0:26280112><NSF>" with "mx"
L 01/28/2024 - 20:44:00: Team "Jinrai" triggered "ghost_capture_team"
L 01/28/2024 - 20:44:00: "[MXican] MaJesTiC<25><STEAM_0:1:84048595><Jinrai>" triggered "ghost_capture"
L 01/28/2024 - 20:44:01: "[MXican] Ghost Lizard<28><STEAM_0:1:20336729><Jinrai>" killed "[2NT][mutent][MNHR] yoko<31><STEAM_0:0:33377178><NSF>" with "mx"
L 01/28/2024 - 20:44:02: "[2NT][mutent][MNHR] yoko<31><STEAM_0:0:33377178><NSF>" say_team "25 Support mx"
L 01/28/2024 - 20:44:07: "[MXican] NeoTokyoScrub<26><STEAM_0:1:95715175><Jinrai>" say_team "smoll brain"
L 01/28/2024 - 20:44:08: "[2NT][mutent][MNHR] yoko<31><STEAM_0:0:33377178><NSF>" say "sad"
L 01/28/2024 - 20:44:25: "[MXican] MaJesTiC<25><STEAM_0:1:84048595><Jinrai>" say_team "im going top of sky scrub"
L 01/28/2024 - 20:44:43: "[MXican] NeoTokyoScrub<26><STEAM_0:1:95715175><Jinrai>" killed "Jamal Wick<32><STEAM_0:0:26280112><NSF>" with "srm"
L 01/28/2024 - 20:44:51: "[MXican] NeoTokyoScrub<26><STEAM_0:1:95715175><Jinrai>" killed "[DYS] bauxite<23><STEAM_0:0:5757747><NSF>" with "srm"
L 01/28/2024 - 20:44:51: "[DYS] bauxite<23><STEAM_0:0:5757747><NSF>" say_team "67 Recon srm"
L 01/28/2024 - 20:45:04: "(MercHara) syz<24><STEAM_0:0:82019396><NSF>" killed "[MXican] talibus<29><STEAM_0:0:15980775><Jinrai>" with "srm"
L 01/28/2024 - 20:45:04: "[2NT][mutent][MNHR] yoko<31><STEAM_0:0:33377178><NSF>" triggered "kill_assist"
L 01/28/2024 - 20:45:04: "[MXican] talibus<29><STEAM_0:0:15980775><Jinrai>" say_team "95 Recon srm"
L 01/28/2024 - 20:45:07: "[MXican] NeoTokyoScrub<26><STEAM_0:1:95715175><Jinrai>" killed "[MNHR] Sero<30><STEAM_0:1:46322305><NSF>" with "srm"
L 01/28/2024 - 20:45:12: "[MXican] NeoTokyoScrub<26><STEAM_0:1:95715175><Jinrai>" killed "[2NT][mutent][MNHR] yoko<31><STEAM_0:0:33377178><NSF>" with "srm"
L 01/28/2024 - 20:45:12: "[MXican] Ghost Lizard<28><STEAM_0:1:20336729><Jinrai>" triggered "kill_assist"
L 01/28/2024 - 20:45:12: "[2NT][mutent][MNHR] yoko<31><STEAM_0:0:33377178><NSF>" say_team "67 Recon srm"
L 01/28/2024 - 20:45:18: "[MXican] Ghost Lizard<28><STEAM_0:1:20336729><Jinrai>" killed "(MercHara) syz<24><STEAM_0:0:82019396><NSF>" with "pz"
L 01/28/2024 - 20:45:18: "(MercHara) syz<24><STEAM_0:0:82019396><NSF>" say_team "25 Support pz"
L 01/28/2024 - 20:45:30: "[DYS] bauxite<23><STEAM_0:0:5757747><NSF>" say_team "go sup syz"
L 01/28/2024 - 20:45:39: "[DYS] bauxite<23><STEAM_0:0:5757747><NSF>" say_team "and follow me"
L 01/28/2024 - 20:45:56: "[DYS] bauxite<23><STEAM_0:0:5757747><NSF>" say_team "close ghost"
L 01/28/2024 - 20:46:03: "[MXican] talibus<29><STEAM_0:0:15980775><Jinrai>" killed "[MNHR] Sero<30><STEAM_0:1:46322305><NSF>" with "mx"
L 01/28/2024 - 20:46:13: "[DYS] bauxite<23><STEAM_0:0:5757747><NSF>" killed "[MXican] Dennogin<27><STEAM_0:1:17526508><Jinrai>" with "srm"
L 01/28/2024 - 20:46:13: "(MercHara) syz<24><STEAM_0:0:82019396><NSF>" triggered "kill_assist"
L 01/28/2024 - 20:46:14: "[MXican] Dennogin<27><STEAM_0:1:17526508><Jinrai>" say_team "100 Support srm"
L 01/28/2024 - 20:46:23: "[MXican] MaJesTiC<25><STEAM_0:1:84048595><Jinrai>" killed "Jamal Wick<32><STEAM_0:0:26280112><NSF>" with "mx"
L 01/28/2024 - 20:46:23: "[MXican] NeoTokyoScrub<26><STEAM_0:1:95715175><Jinrai>" triggered "kill_assist"
L 01/28/2024 - 20:46:28: "[MXican] MaJesTiC<25><STEAM_0:1:84048595><Jinrai>" killed "[MXican] NeoTokyoScrub<26><STEAM_0:1:95715175><Jinrai>" with "grenade_projectile"
L 01/28/2024 - 20:46:33: "[MXican] Ghost Lizard<28><STEAM_0:1:20336729><Jinrai>" killed "(MercHara) syz<24><STEAM_0:0:82019396><NSF>" with "pz"
L 01/28/2024 - 20:46:33: "[MXican] Dennogin<27><STEAM_0:1:17526508><Jinrai>" triggered "kill_assist"
L 01/28/2024 - 20:46:33: "(MercHara) syz<24><STEAM_0:0:82019396><NSF>" say_team "41 Support pz"
L 01/28/2024 - 20:46:38: "[MXican] talibus<29><STEAM_0:0:15980775><Jinrai>" killed "[DYS] bauxite<23><STEAM_0:0:5757747><NSF>" with "mx"
L 01/28/2024 - 20:46:38: "[DYS] bauxite<23><STEAM_0:0:5757747><NSF>" say_team "24 Assault mx"
L 01/28/2024 - 20:46:42: "[2NT][mutent][MNHR] yoko<31><STEAM_0:0:33377178><NSF>" killed "[MXican] Ghost Lizard<28><STEAM_0:1:20336729><Jinrai>" with "supa7"
L 01/28/2024 - 20:46:42: "(MercHara) syz<24><STEAM_0:0:82019396><NSF>" triggered "kill_assist"
L 01/28/2024 - 20:46:42: "[MXican] Ghost Lizard<28><STEAM_0:1:20336729><Jinrai>" say_team "50 Assault supa7"
L 01/28/2024 - 20:46:44: "[DYS] bauxite<23><STEAM_0:0:5757747><NSF>" say_team "Enemy is Behind"
L 01/28/2024 - 20:46:46: "[MXican] MaJesTiC<25><STEAM_0:1:84048595><Jinrai>" killed "[2NT][mutent][MNHR] yoko<31><STEAM_0:0:33377178><NSF>" with "mx"
L 01/28/2024 - 20:46:46: "[2NT][mutent][MNHR] yoko<31><STEAM_0:0:33377178><NSF>" say_team "29 Assault mx"
L 01/28/2024 - 20:46:49: "[MXican] MaJesTiC<25><STEAM_0:1:84048595><Jinrai>" say_team "lol"
L 01/28/2024 - 20:46:51: "[MXican] MaJesTiC<25><STEAM_0:1:84048595><Jinrai>" say_team "sorry scrub xD"
L 01/28/2024 - 20:46:59: "[DYS] bauxite<23><STEAM_0:0:5757747><NSF>" say_team "ok follow me we gotta get this round"
L 01/28/2024 - 20:47:05: "[DYS] bauxite<23><STEAM_0:0:5757747><NSF>" say_team "syz"
L 01/28/2024 - 20:47:10: "[MXican] MaJesTiC<25><STEAM_0:1:84048595><Jinrai>" say_team "going cubby"
L 01/28/2024 - 20:47:12: "[MXican] MaJesTiC<25><STEAM_0:1:84048595><Jinrai>" say_team "scrub"
L 01/28/2024 - 20:47:28: "[MXican] NeoTokyoScrub<26><STEAM_0:1:95715175><Jinrai>" killed "[MNHR] Sero<30><STEAM_0:1:46322305><NSF>" with "srm"
L 01/28/2024 - 20:47:32: "[MXican] MaJesTiC<25><STEAM_0:1:84048595><Jinrai>" killed "[MXican] Dennogin<27><STEAM_0:1:17526508><Jinrai>" with "supa7"
L 01/28/2024 - 20:47:32: "[MXican] Dennogin<27><STEAM_0:1:17526508><Jinrai>" say_team "100 Recon supa7"
L 01/28/2024 - 20:47:34: "[MXican] talibus<29><STEAM_0:0:15980775><Jinrai>" killed "Jamal Wick<32><STEAM_0:0:26280112><NSF>" with "mx"
L 01/28/2024 - 20:47:37: "[MXican] talibus<29><STEAM_0:0:15980775><Jinrai>" killed "[2NT][mutent][MNHR] yoko<31><STEAM_0:0:33377178><NSF>" with "mx"
L 01/28/2024 - 20:47:38: "[2NT][mutent][MNHR] yoko<31><STEAM_0:0:33377178><NSF>" say_team "100 Assault mx"
L 01/28/2024 - 20:47:46: "(MercHara) syz<24><STEAM_0:0:82019396><NSF>" killed "[MXican] talibus<29><STEAM_0:0:15980775><Jinrai>" with "mx"
L 01/28/2024 - 20:47:46: "[MXican] talibus<29><STEAM_0:0:15980775><Jinrai>" say_team "70 Support mx"
L 01/28/2024 - 20:47:48: "[MXican] MaJesTiC<25><STEAM_0:1:84048595><Jinrai>" killed "[DYS] bauxite<23><STEAM_0:0:5757747><NSF>" with "supa7"
L 01/28/2024 - 20:47:48: "[MXican] NeoTokyoScrub<26><STEAM_0:1:95715175><Jinrai>" triggered "kill_assist"
L 01/28/2024 - 20:47:48: "[DYS] bauxite<23><STEAM_0:0:5757747><NSF>" say_team "38 Recon supa7"
L 01/28/2024 - 20:47:54: "(MercHara) syz<24><STEAM_0:0:82019396><NSF>" killed "[MXican] NeoTokyoScrub<26><STEAM_0:1:95715175><Jinrai>" with "mx"
L 01/28/2024 - 20:48:01: "(MercHara) syz<24><STEAM_0:0:82019396><NSF>" killed "[MXican] Ghost Lizard<28><STEAM_0:1:20336729><Jinrai>" with "mx"
L 01/28/2024 - 20:48:01: "[MXican] Ghost Lizard<28><STEAM_0:1:20336729><Jinrai>" say_team "39 Support mx"
L 01/28/2024 - 20:48:01: "[MXican] MaJesTiC<25><STEAM_0:1:84048595><Jinrai>" killed "(MercHara) syz<24><STEAM_0:0:82019396><NSF>" with "supa7"
L 01/28/2024 - 20:48:01: "(MercHara) syz<24><STEAM_0:0:82019396><NSF>" say_team "38 Recon supa7"
L 01/28/2024 - 20:48:08: "[DYS] bauxite<23><STEAM_0:0:5757747><NSF>" say "rematch on envoy"
L 01/28/2024 - 20:48:09: "[MXican] MaJesTiC<25><STEAM_0:1:84048595><Jinrai>" say "wahaha"
L 01/28/2024 - 20:48:11: "[2NT][mutent][MNHR] yoko<31><STEAM_0:0:33377178><NSF>" say "true"
L 01/28/2024 - 20:48:11: "[MXican] MaJesTiC<25><STEAM_0:1:84048595><Jinrai>" say "i doomed you too lol"
L 01/28/2024 - 20:48:13: "[MXican] MaJesTiC<25><STEAM_0:1:84048595><Jinrai>" say "xD"
L 01/28/2024 - 20:48:22: "[DYS] bauxite<23><STEAM_0:0:5757747><NSF>" say "im staff so i invalidate this map"
L 01/28/2024 - 20:48:27: "[MXican] MaJesTiC<25><STEAM_0:1:84048595><Jinrai>" say_team "yeahi killed 3 teammates"
L 01/28/2024 - 20:48:30: "[MXican] MaJesTiC<25><STEAM_0:1:84048595><Jinrai>" say_team "this game lol"
L 01/28/2024 - 20:48:32: "[DYS] bauxite<23><STEAM_0:0:5757747><NSF>" say "whats next map?"
L 01/28/2024 - 20:48:38: "[MXican] Ghost Lizard<28><STEAM_0:1:20336729><Jinrai>" say "culvert"
L 01/28/2024 - 20:48:46: "[DYS] bauxite<23><STEAM_0:0:5757747><NSF>" say "!map nt_culvert_ctg_b3"
L 01/28/2024 - 20:48:49: [META] Loaded 0 plugins (1 already loaded)
L 01/28/2024 - 20:48:49: [META] Loaded 0 plugins (1 already loaded)
L 01/28/2024 - 20:48:49: Log file closed
