L 02/17/2024 - 19:55:22: Log file started (file "logs\L0217010.log") (game "c:\servers\eurotokyo\NeotokyoSource") (version "4044")
L 02/17/2024 - 19:55:22: server_cvar: "sv_pausable" "0"
L 02/17/2024 - 19:55:22: server_cvar: "sv_gravity" "800"
L 02/17/2024 - 19:55:22: server_cvar: "mp_friendlyfire" "1"
L 02/17/2024 - 19:55:22: server_cvar: "tv_password" "***PROTECTED***"
L 02/17/2024 - 19:55:22: server_cvar: "tv_relaypassword" "***PROTECTED***"
L 02/17/2024 - 19:55:32: "[MNHR] Syz<26><STEAM_0:0:82019396><>" entered the game
L 02/17/2024 - 19:55:36: "[MNHR] Syz<26><STEAM_0:0:82019396><Unassigned>" joined team "Jinrai"
L 02/17/2024 - 19:58:21: "[MNHR] Sero<27><STEAM_ID_PENDING><>" connected, address "24.61.46.227:27005"
L 02/17/2024 - 19:58:21: "[MNHR] Sero<27><STEAM_0:1:46322305><>" STEAM USERID validated
L 02/17/2024 - 19:58:31: "[MNHR] Sero<27><STEAM_0:1:46322305><>" entered the game
L 02/17/2024 - 19:58:33: "[MNHR] Sero<27><STEAM_0:1:46322305><Unassigned>" joined team "Spectator"
L 02/17/2024 - 19:58:41: "[MNHR] Sero<27><STEAM_0:1:46322305><Spectator>" joined team "Jinrai"
L 02/17/2024 - 19:59:09: "[MNHR] Izotop<28><STEAM_ID_PENDING><>" connected, address "213.110.253.237:6298"
L 02/17/2024 - 19:59:09: "[MNHR] Izotop<28><STEAM_0:1:97975268><>" STEAM USERID validated
L 02/17/2024 - 19:59:39: "[TagsR4Nerds] Average<29><STEAM_ID_PENDING><>" connected, address "88.101.41.79:27005"
L 02/17/2024 - 19:59:39: "[TagsR4Nerds] Average<29><STEAM_0:1:57251237><>" STEAM USERID validated
L 02/17/2024 - 19:59:59: "[MNHR] Izotop<28><STEAM_0:1:97975268><>" entered the game
L 02/17/2024 - 20:00:00: "[BONK/MNHR] StellaNova<30><STEAM_ID_PENDING><>" connected, address "5.48.156.240:27005"
L 02/17/2024 - 20:00:00: "[BONK/MNHR] StellaNova<30><STEAM_0:0:31290862><>" STEAM USERID validated
L 02/17/2024 - 20:00:03: "[MNHR] Izotop<28><STEAM_0:1:97975268><Unassigned>" joined team "Jinrai"
L 02/17/2024 - 20:00:03: "[BONK/MNHR] StellaNova<30><STEAM_0:0:31290862><>" entered the game
L 02/17/2024 - 20:00:11: "[BONK/MNHR] StellaNova<30><STEAM_0:0:31290862><Unassigned>" joined team "Spectator"
L 02/17/2024 - 20:00:12: "[TagsR4Nerds] Average<29><STEAM_0:1:57251237><>" entered the game
L 02/17/2024 - 20:00:14: "[BONK/MNHR] StellaNova<30><STEAM_0:0:31290862><Spectator>" joined team "Jinrai"
L 02/17/2024 - 20:00:15: "[TagsR4Nerds] Average<29><STEAM_0:1:57251237><Unassigned>" joined team "Spectator"
L 02/17/2024 - 20:00:19: "[TagsR4Nerds] Average<29><STEAM_0:1:57251237><Spectator>" joined team "NSF"
L 02/17/2024 - 20:00:22: "[BONK/MNHR] StellaNova<30><STEAM_0:0:31290862><Jinrai>" changed name to "[MNHR] StellaNova"
L 02/17/2024 - 20:01:22: "[TagsR4Nerds] Average<29><STEAM_0:1:57251237><NSF>" say "yokoalley was you guys' pick right?"
L 02/17/2024 - 20:01:30: "[MNHR] StellaNova<30><STEAM_0:0:31290862><Jinrai>" say "mhm"
L 02/17/2024 - 20:01:33: "[TagsR4Nerds] Average<29><STEAM_0:1:57251237><NSF>" say "alr "
L 02/17/2024 - 20:02:05: "[=] Iyana<31><STEAM_ID_PENDING><>" connected, address "161.230.44.199:27005"
L 02/17/2024 - 20:02:05: "[=] Iyana<31><STEAM_0:0:215464602><>" STEAM USERID validated
L 02/17/2024 - 20:02:27: "[=] Iyana<31><STEAM_0:0:215464602><>" entered the game
L 02/17/2024 - 20:02:28: "[=]wakfuck<32><STEAM_ID_PENDING><>" connected, address "79.116.205.4:27005"
L 02/17/2024 - 20:02:28: "[=]wakfuck<32><STEAM_0:0:62638797><>" STEAM USERID validated
L 02/17/2024 - 20:02:33: "[=] Iyana<31><STEAM_0:0:215464602><Unassigned>" joined team "Spectator"
L 02/17/2024 - 20:02:38: "[=]Pyromaniac<33><STEAM_ID_PENDING><>" connected, address "67.173.109.245:27005"
L 02/17/2024 - 20:02:38: "[=]Pyromaniac<33><STEAM_0:1:25398391><>" STEAM USERID validated
L 02/17/2024 - 20:02:39: "[=] Iyana<31><STEAM_0:0:215464602><Spectator>" joined team "NSF"
L 02/17/2024 - 20:02:42: "[MNHR] StellaNova<30><STEAM_0:0:31290862><Jinrai>" say_team "So how long do we have to get our people on or find a merc before we have to forfeit?"
L 02/17/2024 - 20:03:02: "[=] Iyana<31><STEAM_0:0:215464602><NSF>" say_team "henlo average"
L 02/17/2024 - 20:03:14: "[TagsR4Nerds] Average<29><STEAM_0:1:57251237><NSF>" say "sup"
L 02/17/2024 - 20:03:20: "[=]wakfuck<32><STEAM_0:0:62638797><>" entered the game
L 02/17/2024 - 20:03:24: "[=]wakfuck<32><STEAM_0:0:62638797><Unassigned>" joined team "Spectator"
L 02/17/2024 - 20:03:28: "[=]wakfuck<32><STEAM_0:0:62638797><Spectator>" say "!n"
L 02/17/2024 - 20:03:28: "[=]wakfuck<32><STEAM_0:0:62638797><Spectator>" joined team "NSF"
L 02/17/2024 - 20:04:12: "[=]Pyromaniac<33><STEAM_0:1:25398391><>" entered the game
L 02/17/2024 - 20:04:20: "[TagsR4Nerds] Average<29><STEAM_0:1:57251237><NSF>" say "brb gotta go for a piss"
L 02/17/2024 - 20:04:26: "[MNHR] StellaNova<30><STEAM_0:0:31290862><Jinrai>" say "good luck"
L 02/17/2024 - 20:04:46: "[=]Pyromaniac<33><STEAM_0:1:25398391><Unassigned>" joined team "NSF"
L 02/17/2024 - 20:05:01: "[=]wakfuck<32><STEAM_0:0:62638797><NSF>" say "im bout to equal right now"
L 02/17/2024 - 20:05:27: "[MNHR] StellaNova<30><STEAM_0:0:31290862><Jinrai>" say_team "i dont think we can get infreq xD"
L 02/17/2024 - 20:07:17: "[MNHR] StellaNova<30><STEAM_0:0:31290862><Jinrai>" say "table ornaments UwU"
L 02/17/2024 - 20:07:38: "[=]wakfuck<32><STEAM_0:0:62638797><NSF>" say "why do the sidewalks"
L 02/17/2024 - 20:07:42: "[=]wakfuck<32><STEAM_0:0:62638797><NSF>" say "not have picmip textures"
L 02/17/2024 - 20:07:48: "[=]wakfuck<32><STEAM_0:0:62638797><NSF>" say "they're so shimmery"
L 02/17/2024 - 20:08:00: "[MNHR] StellaNova<30><STEAM_0:0:31290862><Jinrai>" say "seems to be some texture issues with this version"
L 02/17/2024 - 20:08:08: "[TagsR4Nerds] Average<29><STEAM_0:1:57251237><NSF>" say "i am back "
L 02/17/2024 - 20:08:09: "[=]wakfuck<32><STEAM_0:0:62638797><NSF>" say "feel like they disabled picmips for em"
L 02/17/2024 - 20:08:10: "[MNHR] StellaNova<30><STEAM_0:0:31290862><Jinrai>" say "had weird stuff happen in offline practice"
L 02/17/2024 - 20:08:20: "[=] Iyana<31><STEAM_0:0:215464602><NSF>" say "did it went well average"
L 02/17/2024 - 20:08:24: "[=]wakfuck<32><STEAM_0:0:62638797><NSF>" say "maybe fixable in vmt"
L 02/17/2024 - 20:08:26: "[=]wakfuck<32><STEAM_0:0:62638797><NSF>" say_team "file"
L 02/17/2024 - 20:08:28: "[=]wakfuck<32><STEAM_0:0:62638797><NSF>" say "file"
L 02/17/2024 - 20:08:34: "[MNHR] StellaNova<30><STEAM_0:0:31290862><Jinrai>" say "how was the pee?"
L 02/17/2024 - 20:08:40: "[=] Iyana<31><STEAM_0:0:215464602><NSF>" say "yeah"
L 02/17/2024 - 20:09:02: "[=]wakfuck<32><STEAM_0:0:62638797><NSF>" say "rp session"
L 02/17/2024 - 20:09:08: "[=]wakfuck<32><STEAM_0:0:62638797><NSF>" say "hello may i take ur order"
L 02/17/2024 - 20:09:17: "[=] Iyana<31><STEAM_0:0:215464602><NSF>" say "yes i would like a burger king"
L 02/17/2024 - 20:09:22: "[MNHR] Izotop<28><STEAM_0:1:97975268><Jinrai>" say "yeah, can I have aaaaaaaaaaaaaa uhmmmmmmmm"
L 02/17/2024 - 20:09:28: "[=]wakfuck<32><STEAM_0:0:62638797><NSF>" say "it come with eh whaa..?"
L 02/17/2024 - 20:09:28: "[MNHR] StellaNova<30><STEAM_0:0:31290862><Jinrai>" say "American Fastfood stand"
L 02/17/2024 - 20:09:31: "[=]wakfuck<32><STEAM_0:0:62638797><NSF>" say "it come with eh whaa"
L 02/17/2024 - 20:09:32: "[=]Pyromaniac<33><STEAM_0:1:25398391><NSF>" say "B O N E L E S S"
L 02/17/2024 - 20:09:35: "[MNHR] Izotop<28><STEAM_0:1:97975268><Jinrai>" say "yeah uhh um"
L 02/17/2024 - 20:09:41: "[=]wakfuck<32><STEAM_0:0:62638797><NSF>" say "i would like uh"
L 02/17/2024 - 20:09:44: "[=]wakfuck<32><STEAM_0:0:62638797><NSF>" say "general chicken with rice"
L 02/17/2024 - 20:09:47: "[=]wakfuck<32><STEAM_0:0:62638797><NSF>" say "and an eggrol with it"
L 02/17/2024 - 20:09:48: "[MNHR] Izotop<28><STEAM_0:1:97975268><Jinrai>" say "burger"
L 02/17/2024 - 20:09:54: "[=] Iyana<31><STEAM_0:0:215464602><NSF>" say "i would like nt2"
L 02/17/2024 - 20:09:57: "[MNHR] StellaNova<30><STEAM_0:0:31290862><Jinrai>" say "no chicken only börger"
L 02/17/2024 - 20:10:04: "[=]wakfuck<32><STEAM_0:0:62638797><NSF>" say "¿"
L 02/17/2024 - 20:10:21: "[TagsR4Nerds] Average<29><STEAM_0:1:57251237><NSF>" say "can i have an uhhhhhh.... the god amn uhh... the uhh mm...."
L 02/17/2024 - 20:10:22: "[MNHR] Izotop<28><STEAM_0:1:97975268><Jinrai>" say "ew Imagine playing neotokyo"
L 02/17/2024 - 20:10:30: "[=]wakfuck<32><STEAM_0:0:62638797><NSF>" say "TRUE"
L 02/17/2024 - 20:10:32: "[=]wakfuck<32><STEAM_0:0:62638797><NSF>" disconnected (reason "Disconnect by user.")
L 02/17/2024 - 20:10:37: "[MNHR] Izotop<28><STEAM_0:1:97975268><Jinrai>" say "lol"
L 02/17/2024 - 20:10:37: "[=]wakfuck<34><STEAM_ID_PENDING><>" connected, address "79.116.205.4:27005"
L 02/17/2024 - 20:10:37: "[=]wakfuck<34><STEAM_0:0:62638797><>" STEAM USERID validated
L 02/17/2024 - 20:10:39: "[=]wakfuck<34><STEAM_0:0:62638797><>" entered the game
L 02/17/2024 - 20:10:42: "[=]wakfuck<34><STEAM_0:0:62638797><Unassigned>" joined team "NSF"
L 02/17/2024 - 20:10:45: "[MNHR] Izotop<28><STEAM_0:1:97975268><Jinrai>" say "nice"
L 02/17/2024 - 20:11:18: "[=]wakfuck<34><STEAM_0:0:62638797><NSF>" say "the sidewalk textures really annoy me"
L 02/17/2024 - 20:11:24: "[MNHR] StellaNova<30><STEAM_0:0:31290862><Jinrai>" say "reload?"
L 02/17/2024 - 20:11:25: "[=]wakfuck<34><STEAM_0:0:62638797><NSF>" say "unacceptable"
L 02/17/2024 - 20:11:41: "[MNHR] Sero<27><STEAM_0:1:46322305><Jinrai>" say "lmao"
L 02/17/2024 - 20:11:43: "[TagsR4Nerds] Average<29><STEAM_0:1:57251237><NSF>" say "try picking that up"
L 02/17/2024 - 20:11:52: "[TagsR4Nerds] Average<29><STEAM_0:1:57251237><NSF>" say "dam "
L 02/17/2024 - 20:12:03: Team "NSF" triggered "ghost_capture_team"
L 02/17/2024 - 20:12:03: "[=]wakfuck<34><STEAM_0:0:62638797><NSF>" triggered "ghost_capture"
L 02/17/2024 - 20:12:12: "[MNHR] Izotop<28><STEAM_0:1:97975268><Jinrai>" say "so over"
L 02/17/2024 - 20:12:20: "[=]wakfuck<34><STEAM_0:0:62638797><NSF>" say "mnrh bros..."
L 02/17/2024 - 20:12:25: "[MNHR] StellaNova<30><STEAM_0:0:31290862><Jinrai>" say "4v4 pog"
L 02/17/2024 - 20:12:29: "[=]wakfuck<34><STEAM_0:0:62638797><NSF>" say "morhuhn clan"
L 02/17/2024 - 20:12:36: "[MNHR] StellaNova<30><STEAM_0:0:31290862><Jinrai>" say "Excuse?"
L 02/17/2024 - 20:13:18: "[=]wakfuck<34><STEAM_0:0:62638797><NSF>" say "did u guys play morhuhn"
L 02/17/2024 - 20:13:23: "[=] Iyana<31><STEAM_0:0:215464602><NSF>" say "allahu akbar!!!"
L 02/17/2024 - 20:13:24: "[TagsR4Nerds] Average<29><STEAM_0:1:57251237><NSF>" say "i dunno what that is "
L 02/17/2024 - 20:13:27: "[MNHR] StellaNova<30><STEAM_0:0:31290862><Jinrai>" say "never heard of it"
L 02/17/2024 - 20:13:27: "[=]wakfuck<34><STEAM_0:0:62638797><NSF>" say "google it"
L 02/17/2024 - 20:13:28: "[=]wakfuck<34><STEAM_0:0:62638797><NSF>" say "please"
L 02/17/2024 - 20:13:31: "[=]wakfuck<34><STEAM_0:0:62638797><NSF>" say "its a classic"
L 02/17/2024 - 20:13:46: "[=]wakfuck<34><STEAM_0:0:62638797><NSF>" say "morhuhn crazy chicken"
L 02/17/2024 - 20:14:07: "[=]wakfuck<34><STEAM_0:0:62638797><NSF>" say "i will post it"
L 02/17/2024 - 20:14:07: "[MNHR] Syz<26><STEAM_0:0:82019396><Jinrai>" say "i feel like i heard it before but i dont where?"
L 02/17/2024 - 20:14:08: "[TagsR4Nerds] Average<29><STEAM_0:1:57251237><NSF>" say "i see"
L 02/17/2024 - 20:14:09: "[=]wakfuck<34><STEAM_0:0:62638797><NSF>" say "in our match chat"
L 02/17/2024 - 20:14:22: "[=]wakfuck<34><STEAM_0:0:62638797><NSF>" say "theres a racing game on it"
L 02/17/2024 - 20:14:23: "[MNHR] StellaNova<30><STEAM_0:0:31290862><Jinrai>" say "looks like the best game ever if i had litterally no other game to play"
L 02/17/2024 - 20:14:24: "[TagsR4Nerds] Average<29><STEAM_0:1:57251237><NSF>" say "staff are gonna be confused why were posting that in the chat lol"
L 02/17/2024 - 20:14:24: "[=]wakfuck<34><STEAM_0:0:62638797><NSF>" say "morhuhn kart"
L 02/17/2024 - 20:14:29: "[CAST] Infrequent<35><STEAM_ID_PENDING><>" connected, address "86.169.55.78:27005"
L 02/17/2024 - 20:14:29: "[CAST] Infrequent<35><STEAM_0:1:6384081><>" STEAM USERID validated
L 02/17/2024 - 20:14:35: "[CAST] Infrequent<35><STEAM_0:1:6384081><>" entered the game
L 02/17/2024 - 20:14:37: "[CAST] Infrequent<35><STEAM_0:1:6384081><Unassigned>" joined team "Spectator"
L 02/17/2024 - 20:14:56: "[=]wakfuck<34><STEAM_0:0:62638797><NSF>" say "theyre still making morhuhns rn"
L 02/17/2024 - 20:15:01: "[CAST] Infrequent<35><STEAM_0:1:6384081><Spectator>" changed name to "[ADMIN] Infrequent"
L 02/17/2024 - 20:15:01: "[=]wakfuck<34><STEAM_0:0:62638797><NSF>" say "on steam there's like"
L 02/17/2024 - 20:15:02: "[MNHR] StellaNova<30><STEAM_0:0:31290862><Jinrai>" say "confirm our mercs ="
L 02/17/2024 - 20:15:05: "[=]wakfuck<34><STEAM_0:0:62638797><NSF>" say "an adventure morhuhn game"
L 02/17/2024 - 20:15:16: "[MNHR] Izotop<28><STEAM_0:1:97975268><Jinrai>" say "thats epic"
L 02/17/2024 - 20:15:29: "[=]wakfuck<34><STEAM_0:0:62638797><NSF>" say "cant believe im playing against the morhuhn themselves"
L 02/17/2024 - 20:15:42: "[=] Iyana<31><STEAM_0:0:215464602><NSF>" say "mchicckin nugget"
L 02/17/2024 - 20:16:12: "[TagsR4Nerds] Average<29><STEAM_0:1:57251237><NSF>" say "yes were waiting for him to join server"
L 02/17/2024 - 20:16:27: "[=]wakfuck<34><STEAM_0:0:62638797><NSF>" say "infreq have you heard of morhuhn"
L 02/17/2024 - 20:16:53: "[MNHR] Syz<26><STEAM_0:0:82019396><Jinrai>" say "yeah are you guys okay with lizard mercing"
L 02/17/2024 - 20:17:22: "[MXican] Ghost Lizard<36><STEAM_ID_PENDING><>" connected, address "87.2.131.118:27005"
L 02/17/2024 - 20:17:22: "[MXican] Ghost Lizard<36><STEAM_0:1:20336729><>" STEAM USERID validated
L 02/17/2024 - 20:17:26: "[MXican] Ghost Lizard<36><STEAM_0:1:20336729><>" entered the game
L 02/17/2024 - 20:17:31: "[MXican] Ghost Lizard<36><STEAM_0:1:20336729><Unassigned>" joined team "Spectator"
L 02/17/2024 - 20:17:40: "[C^2]Myokonin<37><STEAM_ID_PENDING><>" connected, address "151.83.31.50:58315"
L 02/17/2024 - 20:17:40: "[C^2]Myokonin<37><STEAM_0:1:39882458><>" STEAM USERID validated
L 02/17/2024 - 20:17:42: "[MNHR] StellaNova<30><STEAM_0:0:31290862><Jinrai>" say "= confirm or deny our Mercs plz"
L 02/17/2024 - 20:17:49: "[=]wakfuck<34><STEAM_0:0:62638797><NSF>" say "two mercs?"
L 02/17/2024 - 20:17:53: "[MNHR] Syz<26><STEAM_0:0:82019396><Jinrai>" say "one merc"
L 02/17/2024 - 20:17:54: "[MNHR] StellaNova<30><STEAM_0:0:31290862><Jinrai>" say "just one"
L 02/17/2024 - 20:18:04: "[MNHR] Syz<26><STEAM_0:0:82019396><Jinrai>" say "^^"
L 02/17/2024 - 20:18:12: "[C^2]Myokonin<37><STEAM_0:1:39882458><>" entered the game
L 02/17/2024 - 20:18:15: "[TagsR4Nerds] Average<29><STEAM_0:1:57251237><NSF>" say "would lamhf merc? i think wed prefer that over lizard"
L 02/17/2024 - 20:18:21: "[C^2]Myokonin<37><STEAM_0:1:39882458><Unassigned>" joined team "NSF"
L 02/17/2024 - 20:18:33: "[MNHR] Syz<26><STEAM_0:0:82019396><Jinrai>" say "he's playing nmrih now"
L 02/17/2024 - 20:18:48: "[TagsR4Nerds] Average<29><STEAM_0:1:57251237><NSF>" say "Dam"
L 02/17/2024 - 20:18:56: "[MNHR] StellaNova<30><STEAM_0:0:31290862><Jinrai>" say "i mean, he could leave"
L 02/17/2024 - 20:19:01: "[=]wakfuck<34><STEAM_0:0:62638797><NSF>" say "yeah"
L 02/17/2024 - 20:19:05: "[MNHR] StellaNova<30><STEAM_0:0:31290862><Jinrai>" say "nothing is more important that NT after all"
L 02/17/2024 - 20:19:10: "[MNHR] StellaNova<30><STEAM_0:0:31290862><Jinrai>" say "than*"
L 02/17/2024 - 20:20:21: "[=]wakfuck<34><STEAM_0:0:62638797><NSF>" say "oh what the fuck"
L 02/17/2024 - 20:20:24: "[=]wakfuck<34><STEAM_0:0:62638797><NSF>" say "the rules now state"
L 02/17/2024 - 20:20:28: "[=]wakfuck<34><STEAM_0:0:62638797><NSF>" say "that you can play 4v4"
L 02/17/2024 - 20:20:31: "[=]wakfuck<34><STEAM_0:0:62638797><NSF>" say "if not enough players"
L 02/17/2024 - 20:20:36: "[TagsR4Nerds] Average<29><STEAM_0:1:57251237><NSF>" say "the hell"
L 02/17/2024 - 20:20:38: "[C^2]Myokonin<37><STEAM_0:1:39882458><NSF>" say "okay, this is epic"
L 02/17/2024 - 20:20:41: "[=]wakfuck<34><STEAM_0:0:62638797><NSF>" say "why the fuck only now"
L 02/17/2024 - 20:21:10: "[MNHR] StellaNova<30><STEAM_0:0:31290862><Jinrai>" say "i mean id be fine with a 4v4 if its more fair"
L 02/17/2024 - 20:21:12: "[TagsR4Nerds] Average<29><STEAM_0:1:57251237><NSF>" say "idk maybe last match forced their hand on that one "
L 02/17/2024 - 20:21:15: "[=]wakfuck<34><STEAM_0:0:62638797><NSF>" say "no I meant"
L 02/17/2024 - 20:21:18: "[=]wakfuck<34><STEAM_0:0:62638797><NSF>" say "last match"
L 02/17/2024 - 20:21:21: "[=]wakfuck<34><STEAM_0:0:62638797><NSF>" say "we almost agreed on 4v4"
L 02/17/2024 - 20:21:26: "[=]wakfuck<34><STEAM_0:0:62638797><NSF>" say "but infreq said no"
L 02/17/2024 - 20:21:31: "[=]wakfuck<34><STEAM_0:0:62638797><NSF>" say "so we had to play with mercs"
L 02/17/2024 - 20:21:32: "[TagsR4Nerds] Average<29><STEAM_0:1:57251237><NSF>" say "yea thats what i mean"
L 02/17/2024 - 20:21:48: "[=]wakfuck<34><STEAM_0:0:62638797><NSF>" say "so what, it says if both agreed"
L 02/17/2024 - 20:21:57: "[=]wakfuck<34><STEAM_0:0:62638797><NSF>" say "goddamn"
L 02/17/2024 - 20:21:58: "[TagsR4Nerds] Average<29><STEAM_0:1:57251237><NSF>" say "it wasnt in the rules at the time "
L 02/17/2024 - 20:22:07: "[MNHR] Syz<26><STEAM_0:0:82019396><Jinrai>" say "look we need to get this match going people time btw "
L 02/17/2024 - 20:23:02: "[MNHR] Syz<26><STEAM_0:0:82019396><Jinrai>" say "non of the other merc are active or busy rn so either lizard or a 4v4 or idk"
L 02/17/2024 - 20:23:06: "[MNHR] StellaNova<30><STEAM_0:0:31290862><Jinrai>" say_team "want me to check the Pub server for recruits xD?"
L 02/17/2024 - 20:23:11: "[=]wakfuck<34><STEAM_0:0:62638797><NSF>" say "why 4v4, = is all here"
L 02/17/2024 - 20:23:27: "[TagsR4Nerds] Average<29><STEAM_0:1:57251237><NSF>" say "how good is halcyon again "
L 02/17/2024 - 20:23:28: "[C^2]Myokonin<37><STEAM_0:1:39882458><NSF>" say "we can drop one, np"
L 02/17/2024 - 20:23:37: "[=]wakfuck<34><STEAM_0:0:62638797><NSF>" say "wdym we can drop one"
L 02/17/2024 - 20:23:46: "[C^2]Myokonin<37><STEAM_0:1:39882458><NSF>" say "play 4v4"
L 02/17/2024 - 20:24:30: "[TagsR4Nerds] Average<29><STEAM_0:1:57251237><NSF>" say_team "so, what about halcyon? "
L 02/17/2024 - 20:24:34: "[TagsR4Nerds] Average<29><STEAM_0:1:57251237><NSF>" say_team "idrk how good he is so i dont know "
L 02/17/2024 - 20:24:34: "[=]wakfuck<34><STEAM_0:0:62638797><NSF>" say_team "avrg"
L 02/17/2024 - 20:24:37: "[TagsR4Nerds] Average<29><STEAM_0:1:57251237><NSF>" say "?"
L 02/17/2024 - 20:24:44: "[=]wakfuck<34><STEAM_0:0:62638797><NSF>" say_team "check discord dm"
L 02/17/2024 - 20:24:50: "[MNHR] Syz<26><STEAM_0:0:82019396><Jinrai>" say "either lizard or Halcyon "
L 02/17/2024 - 20:24:55: "[MNHR] StellaNova<30><STEAM_0:0:31290862><Jinrai>" say_team "Ningu MIGHT merc"
L 02/17/2024 - 20:25:27: "[TagsR4Nerds] Average<29><STEAM_0:1:57251237><NSF>" say_team "should we accept"
L 02/17/2024 - 20:25:28: "[MNHR] Syz<26><STEAM_0:0:82019396><Jinrai>" say "BASED"
L 02/17/2024 - 20:25:33: "[TagsR4Nerds] Average<29><STEAM_0:1:57251237><NSF>" say_team "i think it sounds better"
L 02/17/2024 - 20:25:37: "[C^2]Myokonin<37><STEAM_0:1:39882458><NSF>" say "I dont think one should be too fussy with mercs"
L 02/17/2024 - 20:25:38: "[MNHR] Izotop<28><STEAM_0:1:97975268><Jinrai>" committed suicide with "player"
L 02/17/2024 - 20:25:39: "[=]Pyromaniac<33><STEAM_0:1:25398391><NSF>" say "how would he get one on the first round?"
L 02/17/2024 - 20:25:43: "[MNHR] StellaNova<30><STEAM_0:0:31290862><Jinrai>" say_team "yea he is"
L 02/17/2024 - 20:25:47: "[MNHR] StellaNova<30><STEAM_0:0:31290862><Jinrai>" say_team "he said to tell them"
L 02/17/2024 - 20:25:49: "[MNHR] StellaNova<30><STEAM_0:0:31290862><Jinrai>" say_team "he is an option"
L 02/17/2024 - 20:25:58: "[TagsR4Nerds] Average<29><STEAM_0:1:57251237><NSF>" say "but srm-s is corp"
L 02/17/2024 - 20:26:06: "[MNHR] StellaNova<30><STEAM_0:0:31290862><Jinrai>" say_team "he can join right now"
L 02/17/2024 - 20:26:14: "[MNHR] StellaNova<30><STEAM_0:0:31290862><Jinrai>" say_team "he is eager"
L 02/17/2024 - 20:26:24: "[MNHR] Syz<26><STEAM_0:0:82019396><Jinrai>" say "are you fine with nigu joining?"
L 02/17/2024 - 20:26:28: "[MNHR] Syz<26><STEAM_0:0:82019396><Jinrai>" say "="
L 02/17/2024 - 20:26:31: "[MNHR] StellaNova<30><STEAM_0:0:31290862><Jinrai>" say "he says he is Rusty and mute"
L 02/17/2024 - 20:26:36: "[MNHR] StellaNova<30><STEAM_0:0:31290862><Jinrai>" say "so might be a better option"
L 02/17/2024 - 20:26:40: "[TagsR4Nerds] Average<29><STEAM_0:1:57251237><NSF>" say "ningu offered to merc?"
L 02/17/2024 - 20:26:42: "[MNHR] StellaNova<30><STEAM_0:0:31290862><Jinrai>" say_team "yea"
L 02/17/2024 - 20:27:11: "[MNHR] StellaNova<30><STEAM_0:0:31290862><Jinrai>" say_team "yea"
L 02/17/2024 - 20:27:35: "[MXican] Ghost Lizard<36><STEAM_0:1:20336729><Spectator>" disconnected (reason "Disconnect by user.")
L 02/17/2024 - 20:27:44: "[MNHR] StellaNova<30><STEAM_0:0:31290862><Jinrai>" say "ty anyway lizard <3"
L 02/17/2024 - 20:27:47: "[MNHR] Syz<26><STEAM_0:0:82019396><Jinrai>" say "!ready"
L 02/17/2024 - 20:27:51: "[MNHR] Syz<26><STEAM_0:0:82019396><Jinrai>" say "nigu coming"
L 02/17/2024 - 20:27:54: "[TagsR4Nerds] Average<29><STEAM_0:1:57251237><NSF>" say "did ningu offer to merc?"
L 02/17/2024 - 20:27:55: "[MNHR] Izotop<28><STEAM_0:1:97975268><Jinrai>" say "!ready"
L 02/17/2024 - 20:27:59: "[MNHR] Syz<26><STEAM_0:0:82019396><Jinrai>" say "yes"
L 02/17/2024 - 20:27:59: "[BONK] Ningurist<38><STEAM_ID_PENDING><>" connected, address "178.251.109.235:27005"
L 02/17/2024 - 20:27:59: "[BONK] Ningurist<38><STEAM_0:0:156832755><>" STEAM USERID validated
L 02/17/2024 - 20:28:00: "[MNHR] StellaNova<30><STEAM_0:0:31290862><Jinrai>" say "yes xD"
L 02/17/2024 - 20:28:00: "[MNHR] Sero<27><STEAM_0:1:46322305><Jinrai>" say "!ready"
L 02/17/2024 - 20:28:04: "[TagsR4Nerds] Average<29><STEAM_0:1:57251237><NSF>" say "okay, sure "
L 02/17/2024 - 20:28:28: "[BONK] Ningurist<38><STEAM_0:0:156832755><>" entered the game
L 02/17/2024 - 20:28:33: "[BONK] Ningurist<38><STEAM_0:0:156832755><Unassigned>" joined team "Spectator"
L 02/17/2024 - 20:28:38: "[BONK] Ningurist<38><STEAM_0:0:156832755><Spectator>" changed name to "[MERC] Ningurist"
L 02/17/2024 - 20:28:38: "[C^2]Myokonin<37><STEAM_0:1:39882458><NSF>" say "!ready"
L 02/17/2024 - 20:28:40: "[MERC] Ningurist<38><STEAM_0:0:156832755><Spectator>" joined team "Jinrai"
L 02/17/2024 - 20:28:41: "[=] Iyana<31><STEAM_0:0:215464602><NSF>" say "!ready"
L 02/17/2024 - 20:28:45: "[MNHR] Syz<26><STEAM_0:0:82019396><Jinrai>" say "!start"
L 02/17/2024 - 20:28:45: "[MNHR] StellaNova<30><STEAM_0:0:31290862><Jinrai>" say "!ready"
L 02/17/2024 - 20:28:47: "[MERC] Ningurist<38><STEAM_0:0:156832755><Jinrai>" say "!ready"
L 02/17/2024 - 20:28:51: "[MNHR] Syz<26><STEAM_0:0:82019396><Jinrai>" say "ready up"
L 02/17/2024 - 20:28:51: "[=]wakfuck<34><STEAM_0:0:62638797><NSF>" say "!ready"
L 02/17/2024 - 20:28:55: "[MNHR] StellaNova<30><STEAM_0:0:31290862><Jinrai>" say_team "lets do it"
L 02/17/2024 - 20:28:56: "[MERC] Ningurist<38><STEAM_0:0:156832755><Jinrai>" say_team "should i limit myself in any way?"
L 02/17/2024 - 20:29:02: "[MNHR] Syz<26><STEAM_0:0:82019396><Jinrai>" say "your fine "
L 02/17/2024 - 20:29:06: "[TagsR4Nerds] Average<29><STEAM_0:1:57251237><NSF>" say "!ready"
L 02/17/2024 - 20:29:12: "[MNHR] Syz<26><STEAM_0:0:82019396><Jinrai>" say "*you're "
L 02/17/2024 - 20:29:19: "[=] Iyana<31><STEAM_0:0:215464602><NSF>" say "yorue"
L 02/17/2024 - 20:29:25: "[MNHR] Syz<26><STEAM_0:0:82019396><Jinrai>" say "yoy"
L 02/17/2024 - 20:29:30: "[MNHR] StellaNova<30><STEAM_0:0:31290862><Jinrai>" say "!readylist"
L 02/17/2024 - 20:29:33: "[MERC] Ningurist<38><STEAM_0:0:156832755><Jinrai>" say "!readylist"
L 02/17/2024 - 20:29:36: "[MNHR] StellaNova<30><STEAM_0:0:31290862><Jinrai>" say "Pyro"
L 02/17/2024 - 20:29:37: "[MNHR] Syz<26><STEAM_0:0:82019396><Jinrai>" say "!readylist"
L 02/17/2024 - 20:29:55: "[MNHR] StellaNova<30><STEAM_0:0:31290862><Jinrai>" say_team ":^)"
L 02/17/2024 - 20:30:10: "[TagsR4Nerds] Average<29><STEAM_0:1:57251237><NSF>" say "!readylist"
L 02/17/2024 - 20:30:15: "[ADMIN] Infrequent<35><STEAM_0:1:6384081><Spectator>" disconnected (reason "Disconnect by user.")
L 02/17/2024 - 20:30:17: "[=] Iyana<31><STEAM_0:0:215464602><NSF>" say "!readylist"
L 02/17/2024 - 20:30:22: "[MNHR] Syz<26><STEAM_0:0:82019396><Jinrai>" say "!readylist"
L 02/17/2024 - 20:30:26: "[=]Pyromaniac<33><STEAM_0:1:25398391><NSF>" say "wait did we ok ning?"
L 02/17/2024 - 20:30:32: "[MERC] Ningurist<38><STEAM_0:0:156832755><Jinrai>" say "yes, did you ok me"
L 02/17/2024 - 20:30:32: "[=]wakfuck<34><STEAM_0:0:62638797><NSF>" say "apparently"
L 02/17/2024 - 20:30:37: "[=]Pyromaniac<33><STEAM_0:1:25398391><NSF>" say "who"
L 02/17/2024 - 20:30:37: "[=]wakfuck<34><STEAM_0:0:62638797><NSF>" say "but"
L 02/17/2024 - 20:30:41: "[MERC] Ningurist<38><STEAM_0:0:156832755><Jinrai>" say "the other guy was lizard"
L 02/17/2024 - 20:30:49: "[MNHR] StellaNova<30><STEAM_0:0:31290862><Jinrai>" say "Average said Yes ok sure"
L 02/17/2024 - 20:30:53: "[=]Pyromaniac<33><STEAM_0:1:25398391><NSF>" say "fug"
L 02/17/2024 - 20:30:56: "[=]Pyromaniac<33><STEAM_0:1:25398391><NSF>" say "!ready'"
L 02/17/2024 - 20:30:57: "[=]wakfuck<34><STEAM_0:0:62638797><NSF>" say "lol"
L 02/17/2024 - 20:30:59: "[MERC] Ningurist<38><STEAM_0:0:156832755><Jinrai>" say "if you want me to limit myself in any way"
L 02/17/2024 - 20:31:00: "[=]Pyromaniac<33><STEAM_0:1:25398391><NSF>" say "!ready"
L 02/17/2024 - 20:31:01: "[MERC] Ningurist<38><STEAM_0:0:156832755><Jinrai>" say "just say so"
L 02/17/2024 - 20:31:09: "[MNHR] Syz<26><STEAM_0:0:82019396><Jinrai>" say "glhf"
L 02/17/2024 - 20:31:11: "[MNHR] StellaNova<30><STEAM_0:0:31290862><Jinrai>" say "gl hf"
L 02/17/2024 - 20:31:53: "[MNHR] StellaNova<30><STEAM_0:0:31290862><Jinrai>" killed "[TagsR4Nerds] Average<29><STEAM_0:1:57251237><NSF>" with "srm"
L 02/17/2024 - 20:31:59: "[=]wakfuck<34><STEAM_0:0:62638797><NSF>" killed "[MNHR] Syz<26><STEAM_0:0:82019396><Jinrai>" with "srm"
L 02/17/2024 - 20:32:00: "[MNHR] Syz<26><STEAM_0:0:82019396><Jinrai>" say_team "63 Recon srm"
L 02/17/2024 - 20:32:01: "[MNHR] Syz<26><STEAM_0:0:82019396><Jinrai>" killed "[=]wakfuck<34><STEAM_0:0:62638797><NSF>" with "grenade_projectile"
L 02/17/2024 - 20:32:19: "[MNHR] StellaNova<30><STEAM_0:0:31290862><Jinrai>" killed "[=] Iyana<31><STEAM_0:0:215464602><NSF>" with "supa7"
L 02/17/2024 - 20:32:20: "[MNHR] StellaNova<30><STEAM_0:0:31290862><Jinrai>" killed "[C^2]Myokonin<37><STEAM_0:1:39882458><NSF>" with "supa7"
L 02/17/2024 - 20:32:24: "[=]Pyromaniac<33><STEAM_0:1:25398391><NSF>" killed "[MNHR] Izotop<28><STEAM_0:1:97975268><Jinrai>" with "grenade_projectile"
L 02/17/2024 - 20:32:25: "[MNHR] Izotop<28><STEAM_0:1:97975268><Jinrai>" say_team "26 Assault grenade_projectile"
L 02/17/2024 - 20:32:30: "[MNHR] StellaNova<30><STEAM_0:0:31290862><Jinrai>" killed "[=]Pyromaniac<33><STEAM_0:1:25398391><NSF>" with "zr68s"
L 02/17/2024 - 20:33:27: "[=]wakfuck<34><STEAM_0:0:62638797><NSF>" killed "[MNHR] Syz<26><STEAM_0:0:82019396><Jinrai>" with "srm"
L 02/17/2024 - 20:33:27: "[MNHR] Syz<26><STEAM_0:0:82019396><Jinrai>" say_team "75 Recon srm"
L 02/17/2024 - 20:33:35: "[MNHR] Izotop<28><STEAM_0:1:97975268><Jinrai>" killed "[=] Iyana<31><STEAM_0:0:215464602><NSF>" with "zr68s"
L 02/17/2024 - 20:33:40: "[MNHR] Sero<27><STEAM_0:1:46322305><Jinrai>" killed "[=]wakfuck<34><STEAM_0:0:62638797><NSF>" with "zr68s"
L 02/17/2024 - 20:33:41: "[MNHR] StellaNova<30><STEAM_0:0:31290862><Jinrai>" killed "[C^2]Myokonin<37><STEAM_0:1:39882458><NSF>" with "srm"
L 02/17/2024 - 20:33:45: "[=]wakfuck<34><STEAM_0:0:62638797><NSF>" say_team "39 hp assault"
L 02/17/2024 - 20:34:02: "[=] Iyana<31><STEAM_0:0:215464602><NSF>" say_team "29 hp assault"
L 02/17/2024 - 20:34:10: "[MERC] Ningurist<38><STEAM_0:0:156832755><Jinrai>" say_team "Position acquired."
L 02/17/2024 - 20:34:15: "[MERC] Ningurist<38><STEAM_0:0:156832755><Jinrai>" say_team "Advancing!"
L 02/17/2024 - 20:34:19: "[MNHR] StellaNova<30><STEAM_0:0:31290862><Jinrai>" killed "[=]Pyromaniac<33><STEAM_0:1:25398391><NSF>" with "zr68s"
L 02/17/2024 - 20:34:35: "[MNHR] StellaNova<30><STEAM_0:0:31290862><Jinrai>" killed "[TagsR4Nerds] Average<29><STEAM_0:1:57251237><NSF>" with "zr68s"
L 02/17/2024 - 20:35:48: "[MNHR] StellaNova<30><STEAM_0:0:31290862><Jinrai>" killed "[C^2]Myokonin<37><STEAM_0:1:39882458><NSF>" with "srm"
L 02/17/2024 - 20:35:53: "[=]Pyromaniac<33><STEAM_0:1:25398391><NSF>" killed "[MNHR] Sero<27><STEAM_0:1:46322305><Jinrai>" with "grenade_projectile"
L 02/17/2024 - 20:35:53: "[=]wakfuck<34><STEAM_0:0:62638797><NSF>" triggered "kill_assist"
L 02/17/2024 - 20:35:57: "[=]wakfuck<34><STEAM_0:0:62638797><NSF>" killed "[MNHR] Izotop<28><STEAM_0:1:97975268><Jinrai>" with "srm"
L 02/17/2024 - 20:35:57: "[MNHR] Izotop<28><STEAM_0:1:97975268><Jinrai>" say_team "16 Recon srm"
L 02/17/2024 - 20:36:00: "[MNHR] Syz<26><STEAM_0:0:82019396><Jinrai>" killed "[=]Pyromaniac<33><STEAM_0:1:25398391><NSF>" with "zr68s"
L 02/17/2024 - 20:36:00: "[MNHR] Izotop<28><STEAM_0:1:97975268><Jinrai>" triggered "kill_assist"
L 02/17/2024 - 20:36:01: "[MNHR] Syz<26><STEAM_0:0:82019396><Jinrai>" killed "[=]wakfuck<34><STEAM_0:0:62638797><NSF>" with "zr68s"
L 02/17/2024 - 20:36:01: "[MNHR] Izotop<28><STEAM_0:1:97975268><Jinrai>" triggered "kill_assist"
L 02/17/2024 - 20:36:11: "[MERC] Ningurist<38><STEAM_0:0:156832755><Jinrai>" say_team "Advancing!"
L 02/17/2024 - 20:36:53: "[MERC] Ningurist<38><STEAM_0:0:156832755><Jinrai>" killed "[=] Iyana<31><STEAM_0:0:215464602><NSF>" with "mx"
L 02/17/2024 - 20:36:53: "[MNHR] StellaNova<30><STEAM_0:0:31290862><Jinrai>" triggered "kill_assist"
L 02/17/2024 - 20:36:56: "[MNHR] StellaNova<30><STEAM_0:0:31290862><Jinrai>" killed "[TagsR4Nerds] Average<29><STEAM_0:1:57251237><NSF>" with "zr68s"
L 02/17/2024 - 20:36:59: "[TagsR4Nerds] Average<29><STEAM_0:1:57251237><NSF>" say "ugh "
L 02/17/2024 - 20:37:02: "[=] Iyana<31><STEAM_0:0:215464602><NSF>" say_team "fuck"
L 02/17/2024 - 20:37:15: "[MERC] Ningurist<38><STEAM_0:0:156832755><Jinrai>" say_team "are you guys sure need me?"
L 02/17/2024 - 20:37:22: "[MERC] Ningurist<38><STEAM_0:0:156832755><Jinrai>" say_team "you seem to be doing just fine hahaha"
L 02/17/2024 - 20:37:41: "[MNHR] StellaNova<30><STEAM_0:0:31290862><Jinrai>" killed "[C^2]Myokonin<37><STEAM_0:1:39882458><NSF>" with "srm"
L 02/17/2024 - 20:37:49: "[MERC] Ningurist<38><STEAM_0:0:156832755><Jinrai>" say_team "Advancing!"
L 02/17/2024 - 20:37:54: "[=]wakfuck<34><STEAM_0:0:62638797><NSF>" killed "[MNHR] Sero<27><STEAM_0:1:46322305><Jinrai>" with "jittescoped"
L 02/17/2024 - 20:38:01: "[MNHR] StellaNova<30><STEAM_0:0:31290862><Jinrai>" killed "[=]wakfuck<34><STEAM_0:0:62638797><NSF>" with "srm"
L 02/17/2024 - 20:38:01: "[MNHR] Syz<26><STEAM_0:0:82019396><Jinrai>" triggered "kill_assist"
L 02/17/2024 - 20:38:20: "[=]Pyromaniac<33><STEAM_0:1:25398391><NSF>" killed "[MNHR] StellaNova<30><STEAM_0:0:31290862><Jinrai>" with "srm"
L 02/17/2024 - 20:38:21: "[MNHR] StellaNova<30><STEAM_0:0:31290862><Jinrai>" say_team "100 Assault srm"
L 02/17/2024 - 20:38:23: Addip: "<><><>" was banned by IP "for 1440.00 minutes" by "Console" (IP "18.130.38.136")
L 02/17/2024 - 20:38:24: "[MNHR] Syz<26><STEAM_0:0:82019396><Jinrai>" killed "[TagsR4Nerds] Average<29><STEAM_0:1:57251237><NSF>" with "zr68s"
L 02/17/2024 - 20:38:55: "[=]Pyromaniac<33><STEAM_0:1:25398391><NSF>" killed "[MERC] Ningurist<38><STEAM_0:0:156832755><Jinrai>" with "grenade_projectile"
L 02/17/2024 - 20:38:55: "[MERC] Ningurist<38><STEAM_0:0:156832755><Jinrai>" say_team "3 Assault grenade_projectile"
L 02/17/2024 - 20:38:55: "[=]Pyromaniac<33><STEAM_0:1:25398391><NSF>" killed "[MNHR] Syz<26><STEAM_0:0:82019396><Jinrai>" with "srm"
L 02/17/2024 - 20:38:55: "[=]wakfuck<34><STEAM_0:0:62638797><NSF>" triggered "kill_assist"
L 02/17/2024 - 20:38:55: "[MNHR] Syz<26><STEAM_0:0:82019396><Jinrai>" say_team "3 Assault srm"
L 02/17/2024 - 20:38:57: "[MERC] Ningurist<38><STEAM_0:0:156832755><Jinrai>" say_team "ow"
L 02/17/2024 - 20:39:24: Addip: "<><><>" was banned by IP "for 1440.00 minutes" by "Console" (IP "18.130.38.136")
L 02/17/2024 - 20:39:36: "[MERC] Ningurist<38><STEAM_0:0:156832755><Jinrai>" say_team "just position yourself near cap and you'll be fine"
L 02/17/2024 - 20:39:56: "[=] Iyana<31><STEAM_0:0:215464602><NSF>" killed "[MNHR] Izotop<28><STEAM_0:1:97975268><Jinrai>" with "zr68s"
L 02/17/2024 - 20:39:56: "[=]wakfuck<34><STEAM_0:0:62638797><NSF>" triggered "kill_assist"
L 02/17/2024 - 20:39:57: "[MNHR] Izotop<28><STEAM_0:1:97975268><Jinrai>" say_team "76 Recon zr68s"
L 02/17/2024 - 20:39:57: "[MERC] Ningurist<38><STEAM_0:0:156832755><Jinrai>" say_team "chuck a frag if you have one"
L 02/17/2024 - 20:40:02: "[MERC] Ningurist<38><STEAM_0:0:156832755><Jinrai>" say_team "oh wait"
L 02/17/2024 - 20:40:03: "[MERC] Ningurist<38><STEAM_0:0:156832755><Jinrai>" say_team "there were two"
L 02/17/2024 - 20:41:16: "[=]wakfuck<34><STEAM_0:0:62638797><NSF>" killed "[MNHR] Izotop<28><STEAM_0:1:97975268><Jinrai>" with "jittescoped"
L 02/17/2024 - 20:41:17: "[MNHR] Izotop<28><STEAM_0:1:97975268><Jinrai>" say_team "100 Recon jittescoped"
L 02/17/2024 - 20:41:26: Addip: "<><><>" was banned by IP "for 1440.00 minutes" by "Console" (IP "18.130.38.136")
L 02/17/2024 - 20:41:29: "[MNHR] Sero<27><STEAM_0:1:46322305><Jinrai>" killed "[=]wakfuck<34><STEAM_0:0:62638797><NSF>" with "mx"
L 02/17/2024 - 20:41:33: "[=]wakfuck<34><STEAM_0:0:62638797><NSF>" say_team "14 hp support"
L 02/17/2024 - 20:41:36: "[=]wakfuck<34><STEAM_0:0:62638797><NSF>" say_team "big street"
L 02/17/2024 - 20:41:39: "[=] Iyana<31><STEAM_0:0:215464602><NSF>" killed "[MNHR] StellaNova<30><STEAM_0:0:31290862><Jinrai>" with "srm"
L 02/17/2024 - 20:41:39: "[=]Pyromaniac<33><STEAM_0:1:25398391><NSF>" triggered "kill_assist"
L 02/17/2024 - 20:41:39: "[MNHR] StellaNova<30><STEAM_0:0:31290862><Jinrai>" say_team "100 Recon srm"
L 02/17/2024 - 20:41:41: "[=] Iyana<31><STEAM_0:0:215464602><NSF>" killed "[MNHR] Syz<26><STEAM_0:0:82019396><Jinrai>" with "srm"
L 02/17/2024 - 20:41:41: "[MNHR] Syz<26><STEAM_0:0:82019396><Jinrai>" say_team "37 Recon srm"
L 02/17/2024 - 20:41:48: "[=] Iyana<31><STEAM_0:0:215464602><NSF>" killed "[MNHR] Sero<27><STEAM_0:1:46322305><Jinrai>" with "srm"
L 02/17/2024 - 20:41:48: "[=]wakfuck<34><STEAM_0:0:62638797><NSF>" triggered "kill_assist"
L 02/17/2024 - 20:41:58: "[MNHR] StellaNova<30><STEAM_0:0:31290862><Jinrai>" say_team "one is 4 hp i think"
L 02/17/2024 - 20:42:03: "[MERC] Ningurist<38><STEAM_0:0:156832755><Jinrai>" killed "[=] Iyana<31><STEAM_0:0:215464602><NSF>" with "mx"
L 02/17/2024 - 20:42:03: "[MNHR] Syz<26><STEAM_0:0:82019396><Jinrai>" triggered "kill_assist"
L 02/17/2024 - 20:42:05: "[=]wakfuck<34><STEAM_0:0:62638797><NSF>" say_team "they got one left"
L 02/17/2024 - 20:42:10: "[=]wakfuck<34><STEAM_0:0:62638797><NSF>" say_team "do "hud_reloadscheme" in console"
L 02/17/2024 - 20:42:12: "[=] Iyana<31><STEAM_0:0:215464602><NSF>" say_team "sup on me "
L 02/17/2024 - 20:42:38: "[MERC] Ningurist<38><STEAM_0:0:156832755><Jinrai>" killed "[TagsR4Nerds] Average<29><STEAM_0:1:57251237><NSF>" with "mx"
L 02/17/2024 - 20:43:00: "[=]Pyromaniac<33><STEAM_0:1:25398391><NSF>" killed "[MERC] Ningurist<38><STEAM_0:0:156832755><Jinrai>" with "mx"
L 02/17/2024 - 20:43:00: "[C^2]Myokonin<37><STEAM_0:1:39882458><NSF>" triggered "kill_assist"
L 02/17/2024 - 20:43:01: "[MERC] Ningurist<38><STEAM_0:0:156832755><Jinrai>" say_team "4 Assault mx"
L 02/17/2024 - 20:43:02: "[MNHR] StellaNova<30><STEAM_0:0:31290862><Jinrai>" say_team "wp"
L 02/17/2024 - 20:43:18: "[=]wakfuck<34><STEAM_0:0:62638797><NSF>" say_team "do"
L 02/17/2024 - 20:43:21: "[=]wakfuck<34><STEAM_0:0:62638797><NSF>" say_team "hud_reloadscheme"
L 02/17/2024 - 20:43:23: Addip: "<><><>" was banned by IP "for 1440.00 minutes" by "Console" (IP "18.130.38.136")
L 02/17/2024 - 20:43:23: "[=]wakfuck<34><STEAM_0:0:62638797><NSF>" say_team "in the console"
L 02/17/2024 - 20:43:38: "[=] Iyana<31><STEAM_0:0:215464602><NSF>" say_team "i can det ghost"
L 02/17/2024 - 20:43:39: "[C^2]Myokonin<37><STEAM_0:1:39882458><NSF>" say "/hud_reloadscheme"
L 02/17/2024 - 20:43:50: "[MNHR] StellaNova<30><STEAM_0:0:31290862><Jinrai>" killed "[=] Iyana<31><STEAM_0:0:215464602><NSF>" with "jittescoped"
L 02/17/2024 - 20:43:57: "[=]wakfuck<34><STEAM_0:0:62638797><NSF>" killed "[MNHR] StellaNova<30><STEAM_0:0:31290862><Jinrai>" with "jittescoped"
L 02/17/2024 - 20:43:57: "[MNHR] Izotop<28><STEAM_0:1:97975268><Jinrai>" killed "[TagsR4Nerds] Average<29><STEAM_0:1:57251237><NSF>" with "mx"
L 02/17/2024 - 20:43:57: "[MERC] Ningurist<38><STEAM_0:0:156832755><Jinrai>" triggered "kill_assist"
L 02/17/2024 - 20:43:58: "[MNHR] StellaNova<30><STEAM_0:0:31290862><Jinrai>" say_team "8 Recon jittescoped"
L 02/17/2024 - 20:44:01: "[MNHR] Syz<26><STEAM_0:0:82019396><Jinrai>" killed "[=]wakfuck<34><STEAM_0:0:62638797><NSF>" with "mx"
L 02/17/2024 - 20:44:01: "[MNHR] StellaNova<30><STEAM_0:0:31290862><Jinrai>" triggered "kill_assist"
L 02/17/2024 - 20:44:12: "[=]wakfuck<34><STEAM_0:0:62638797><NSF>" say_team "100 hp ass"
L 02/17/2024 - 20:44:13: "[MNHR] StellaNova<30><STEAM_0:0:31290862><Jinrai>" say_team "was rails their side"
L 02/17/2024 - 20:44:14: "[=]wakfuck<34><STEAM_0:0:62638797><NSF>" say_team "in sewers"
L 02/17/2024 - 20:44:18: "[=]wakfuck<34><STEAM_0:0:62638797><NSF>" say_team "prob coming up"
L 02/17/2024 - 20:44:20: "[C^2]Myokonin<37><STEAM_0:1:39882458><NSF>" killed "[MNHR] Izotop<28><STEAM_0:1:97975268><Jinrai>" with "zr68s"
L 02/17/2024 - 20:44:20: "[MNHR] Izotop<28><STEAM_0:1:97975268><Jinrai>" say_team "100 Assault zr68s"
L 02/17/2024 - 20:44:24: Addip: "<><><>" was banned by IP "for 1440.00 minutes" by "Console" (IP "18.130.38.136")
L 02/17/2024 - 20:44:47: "[MERC] Ningurist<38><STEAM_0:0:156832755><Jinrai>" say_team "west"
L 02/17/2024 - 20:44:48: "[MNHR] Syz<26><STEAM_0:0:82019396><Jinrai>" killed "[=]Pyromaniac<33><STEAM_0:1:25398391><NSF>" with "mx"
L 02/17/2024 - 20:44:54: "[=]wakfuck<34><STEAM_0:0:62638797><NSF>" say "!hud"
L 02/17/2024 - 20:45:05: "[C^2]Myokonin<37><STEAM_0:1:39882458><NSF>" say "!hud"
L 02/17/2024 - 20:45:22: Team "Jinrai" triggered "ghost_capture_team"
L 02/17/2024 - 20:45:22: "[MNHR] Syz<26><STEAM_0:0:82019396><Jinrai>" triggered "ghost_capture"
L 02/17/2024 - 20:45:23: "[MNHR] StellaNova<30><STEAM_0:0:31290862><Jinrai>" say_team "well played"
L 02/17/2024 - 20:45:26: Addip: "<><><>" was banned by IP "for 1440.00 minutes" by "Console" (IP "18.130.38.136")
L 02/17/2024 - 20:45:26: "[MERC] Ningurist<38><STEAM_0:0:156832755><Jinrai>" killed "[C^2]Myokonin<37><STEAM_0:1:39882458><NSF>" with "mx"
L 02/17/2024 - 20:45:40: "[MERC] Ningurist<38><STEAM_0:0:156832755><Jinrai>" say_team "pz time"
L 02/17/2024 - 20:45:44: "[MNHR] StellaNova<30><STEAM_0:0:31290862><Jinrai>" say_team "Supa time"
L 02/17/2024 - 20:46:06: "[=]wakfuck<34><STEAM_0:0:62638797><NSF>" killed "[MNHR] Sero<27><STEAM_0:1:46322305><Jinrai>" with "jittescoped"
L 02/17/2024 - 20:46:10: "[MNHR] Syz<26><STEAM_0:0:82019396><Jinrai>" killed "[=]wakfuck<34><STEAM_0:0:62638797><NSF>" with "mx"
L 02/17/2024 - 20:46:15: "[=] Iyana<31><STEAM_0:0:215464602><NSF>" say_team "deting ghost"
L 02/17/2024 - 20:46:17: "[=]wakfuck<34><STEAM_0:0:62638797><NSF>" say_team "going through ladder hall"
L 02/17/2024 - 20:46:19: "[=]wakfuck<34><STEAM_0:0:62638797><NSF>" say_team "s"
L 02/17/2024 - 20:46:24: "[=]wakfuck<34><STEAM_0:0:62638797><NSF>" say_team "sup and ass"
L 02/17/2024 - 20:46:34: "[MNHR] StellaNova<30><STEAM_0:0:31290862><Jinrai>" killed "[=] Iyana<31><STEAM_0:0:215464602><NSF>" with "supa7"
L 02/17/2024 - 20:46:38: "[MNHR] Izotop<28><STEAM_0:1:97975268><Jinrai>" killed "[=]Pyromaniac<33><STEAM_0:1:25398391><NSF>" with "mx"
L 02/17/2024 - 20:46:47: "[MNHR] StellaNova<30><STEAM_0:0:31290862><Jinrai>" killed "[TagsR4Nerds] Average<29><STEAM_0:1:57251237><NSF>" with "supa7"
L 02/17/2024 - 20:47:01: "[C^2]Myokonin<37><STEAM_0:1:39882458><NSF>" killed "[MNHR] StellaNova<30><STEAM_0:0:31290862><Jinrai>" with "m41s"
L 02/17/2024 - 20:47:02: "[MNHR] StellaNova<30><STEAM_0:0:31290862><Jinrai>" say_team "67 Assault m41s"
L 02/17/2024 - 20:47:03: "[MNHR] StellaNova<30><STEAM_0:0:31290862><Jinrai>" say_team "67"
L 02/17/2024 - 20:47:04: "[MNHR] Syz<26><STEAM_0:0:82019396><Jinrai>" killed "[C^2]Myokonin<37><STEAM_0:1:39882458><NSF>" with "mx"
L 02/17/2024 - 20:47:08: "[MNHR] StellaNova<30><STEAM_0:0:31290862><Jinrai>" say_team "supa sadness"
L 02/17/2024 - 20:47:14: "[TagsR4Nerds] Average<29><STEAM_0:1:57251237><NSF>" say "doesnt it suck when you die right next to a buzzing lamp and it keeps buzzing in your ear for 5 seconds "
L 02/17/2024 - 20:47:18: "[MNHR] StellaNova<30><STEAM_0:0:31290862><Jinrai>" say_team "didnt get him in 3 shots T-T"
L 02/17/2024 - 20:47:25: Addip: "<><><>" was banned by IP "for 1440.00 minutes" by "Console" (IP "18.130.38.136")
L 02/17/2024 - 20:47:25: "[MNHR] StellaNova<30><STEAM_0:0:31290862><Jinrai>" say_team "yes"
L 02/17/2024 - 20:47:26: "[=] Iyana<31><STEAM_0:0:215464602><NSF>" say_team "me"
L 02/17/2024 - 20:47:28: "[MERC] Ningurist<38><STEAM_0:0:156832755><Jinrai>" say_team "did you ADS"
L 02/17/2024 - 20:47:32: "[MNHR] StellaNova<30><STEAM_0:0:31290862><Jinrai>" say_team "ill do my worst"
L 02/17/2024 - 20:47:48: "[MNHR] StellaNova<30><STEAM_0:0:31290862><Jinrai>" killed "[=]wakfuck<34><STEAM_0:0:62638797><NSF>" with "aa13"
L 02/17/2024 - 20:48:10: "[MNHR] Syz<26><STEAM_0:0:82019396><Jinrai>" killed "[=]Pyromaniac<33><STEAM_0:1:25398391><NSF>" with "srm"
L 02/17/2024 - 20:48:15: "[MERC] Ningurist<38><STEAM_0:0:156832755><Jinrai>" killed "[TagsR4Nerds] Average<29><STEAM_0:1:57251237><NSF>" with "pz"
L 02/17/2024 - 20:48:20: "[MNHR] StellaNova<30><STEAM_0:0:31290862><Jinrai>" killed "[C^2]Myokonin<37><STEAM_0:1:39882458><NSF>" with "aa13"
L 02/17/2024 - 20:48:20: "[MERC] Ningurist<38><STEAM_0:0:156832755><Jinrai>" triggered "kill_assist"
L 02/17/2024 - 20:48:24: "[=] Iyana<31><STEAM_0:0:215464602><NSF>" killed "[MNHR] Sero<27><STEAM_0:1:46322305><Jinrai>" with "grenade_detapack"
L 02/17/2024 - 20:48:28: "[ADMIN] Infrequent<39><STEAM_ID_PENDING><>" connected, address "86.169.55.78:27005"
L 02/17/2024 - 20:48:28: "[ADMIN] Infrequent<39><STEAM_0:1:6384081><>" STEAM USERID validated
L 02/17/2024 - 20:48:30: "[ADMIN] Infrequent<39><STEAM_0:1:6384081><>" entered the game
L 02/17/2024 - 20:48:30: "[=] Iyana<31><STEAM_0:0:215464602><NSF>" killed "[MNHR] Izotop<28><STEAM_0:1:97975268><Jinrai>" with "mx_silenced"
L 02/17/2024 - 20:48:30: "[TagsR4Nerds] Average<29><STEAM_0:1:57251237><NSF>" triggered "kill_assist"
L 02/17/2024 - 20:48:31: "[=] Iyana<31><STEAM_0:0:215464602><NSF>" killed "[MERC] Ningurist<38><STEAM_0:0:156832755><Jinrai>" with "mx_silenced"
L 02/17/2024 - 20:48:31: "[C^2]Myokonin<37><STEAM_0:1:39882458><NSF>" triggered "kill_assist"
L 02/17/2024 - 20:48:31: "[MERC] Ningurist<38><STEAM_0:0:156832755><Jinrai>" say_team "100 Recon mx_silenced"
L 02/17/2024 - 20:48:31: "[MNHR] Izotop<28><STEAM_0:1:97975268><Jinrai>" say_team "100 Recon mx_silenced"
L 02/17/2024 - 20:48:33: "[MERC] Ningurist<38><STEAM_0:0:156832755><Jinrai>" say_team "ow"
L 02/17/2024 - 20:48:33: "[ADMIN] Infrequent<39><STEAM_0:1:6384081><Unassigned>" joined team "Spectator"
L 02/17/2024 - 20:48:48: "[MNHR] StellaNova<30><STEAM_0:0:31290862><Jinrai>" killed "[=] Iyana<31><STEAM_0:0:215464602><NSF>" with "aa13"
L 02/17/2024 - 20:48:50: "[=] Iyana<31><STEAM_0:0:215464602><NSF>" say_team "cuck"
L 02/17/2024 - 20:48:51: "[=] Iyana<31><STEAM_0:0:215464602><NSF>" say "fuck"
L 02/17/2024 - 20:48:56: "[TagsR4Nerds] Average<29><STEAM_0:1:57251237><NSF>" say "suck"
L 02/17/2024 - 20:49:03: "[=]wakfuck<34><STEAM_0:0:62638797><NSF>" say "seed"
L 02/17/2024 - 20:49:15: "[MERC] Ningurist<38><STEAM_0:0:156832755><Jinrai>" say_team "ill try mxs assault"
L 02/17/2024 - 20:49:17: "[MERC] Ningurist<38><STEAM_0:0:156832755><Jinrai>" say_team "for funsies"
L 02/17/2024 - 20:49:23: Addip: "<><><>" was banned by IP "for 1440.00 minutes" by "Console" (IP "18.130.38.136")
L 02/17/2024 - 20:49:31: "[=]wakfuck<34><STEAM_0:0:62638797><NSF>" killed "[MNHR] StellaNova<30><STEAM_0:0:31290862><Jinrai>" with "jittescoped"
L 02/17/2024 - 20:49:31: "[MNHR] StellaNova<30><STEAM_0:0:31290862><Jinrai>" say_team "100 Recon jittescoped"
L 02/17/2024 - 20:49:43: "[MNHR] Syz<26><STEAM_0:0:82019396><Jinrai>" killed "[=] Iyana<31><STEAM_0:0:215464602><NSF>" with "srm"
L 02/17/2024 - 20:49:51: "[MNHR] StellaNova<30><STEAM_0:0:31290862><Jinrai>" say_team "wak"
L 02/17/2024 - 20:49:53: "[MNHR] StellaNova<30><STEAM_0:0:31290862><Jinrai>" say_team "with aaa"
L 02/17/2024 - 20:49:53: "[=]Pyromaniac<33><STEAM_0:1:25398391><NSF>" killed "[MNHR] Izotop<28><STEAM_0:1:97975268><Jinrai>" with "mx"
L 02/17/2024 - 20:49:54: "[MNHR] Izotop<28><STEAM_0:1:97975268><Jinrai>" say_team "100 Support mx"
L 02/17/2024 - 20:49:55: "[MNHR] StellaNova<30><STEAM_0:0:31290862><Jinrai>" say_team "aa*"
L 02/17/2024 - 20:50:18: "[ADMIN] Infrequent<39><STEAM_0:1:6384081><Spectator>" disconnected (reason "Disconnect by user.")
L 02/17/2024 - 20:50:21: "[MERC] Ningurist<38><STEAM_0:0:156832755><Jinrai>" killed "[C^2]Myokonin<37><STEAM_0:1:39882458><NSF>" with "mx_silenced"
L 02/17/2024 - 20:50:25: "[=]Pyromaniac<33><STEAM_0:1:25398391><NSF>" killed "[MERC] Ningurist<38><STEAM_0:0:156832755><Jinrai>" with "kyla"
L 02/17/2024 - 20:50:25: "[MERC] Ningurist<38><STEAM_0:0:156832755><Jinrai>" say_team "87 Support kyla"
L 02/17/2024 - 20:50:32: "[=]Pyromaniac<33><STEAM_0:1:25398391><NSF>" killed "[MNHR] Syz<26><STEAM_0:0:82019396><Jinrai>" with "mx"
L 02/17/2024 - 20:50:32: "[MNHR] Syz<26><STEAM_0:0:82019396><Jinrai>" say_team "28 Support mx"
L 02/17/2024 - 20:50:39: "[MNHR] StellaNova<30><STEAM_0:0:31290862><Jinrai>" say_team "did i hear a knife?"
L 02/17/2024 - 20:50:42: "[MNHR] Sero<27><STEAM_0:1:46322305><Jinrai>" killed "[=]wakfuck<34><STEAM_0:0:62638797><NSF>" with "mx"
L 02/17/2024 - 20:50:42: "[MERC] Ningurist<38><STEAM_0:0:156832755><Jinrai>" say "yes..."
L 02/17/2024 - 20:50:48: "[MNHR] StellaNova<30><STEAM_0:0:31290862><Jinrai>" say_team "the fuck"
L 02/17/2024 - 20:50:50: "[MNHR] Sero<27><STEAM_0:1:46322305><Jinrai>" killed "[=]Pyromaniac<33><STEAM_0:1:25398391><NSF>" with "grenade_projectile"
L 02/17/2024 - 20:50:50: "[MNHR] Syz<26><STEAM_0:0:82019396><Jinrai>" triggered "kill_assist"
L 02/17/2024 - 20:50:50: "[MNHR] StellaNova<30><STEAM_0:0:31290862><Jinrai>" say_team "from who xD?"
L 02/17/2024 - 20:50:51: "[MERC] Ningurist<38><STEAM_0:0:156832755><Jinrai>" say "neuron activation"
L 02/17/2024 - 20:50:52: "[ADMIN] Infrequent<40><STEAM_ID_PENDING><>" connected, address "86.169.55.78:27005"
L 02/17/2024 - 20:50:52: "[ADMIN] Infrequent<40><STEAM_0:1:6384081><>" STEAM USERID validated
L 02/17/2024 - 20:50:53: "[MERC] Ningurist<38><STEAM_0:0:156832755><Jinrai>" say "from me..."
L 02/17/2024 - 20:50:54: "[ADMIN] Infrequent<40><STEAM_0:1:6384081><>" entered the game
L 02/17/2024 - 20:50:56: "[TagsR4Nerds] Average<29><STEAM_0:1:57251237><NSF>" killed "[MNHR] Sero<27><STEAM_0:1:46322305><Jinrai>" with "aa13"
L 02/17/2024 - 20:50:56: "[ADMIN] Infrequent<40><STEAM_0:1:6384081><Unassigned>" joined team "Spectator"
L 02/17/2024 - 20:51:00: "[MNHR] StellaNova<30><STEAM_0:0:31290862><Jinrai>" say_team "Ningu x)"
L 02/17/2024 - 20:51:19: "[MNHR] StellaNova<30><STEAM_0:0:31290862><Jinrai>" say_team "meme merc for real"
L 02/17/2024 - 20:51:52: "[MERC] Ningurist<38><STEAM_0:0:156832755><Jinrai>" say_team "two"
L 02/17/2024 - 20:51:53: "[MERC] Ningurist<38><STEAM_0:0:156832755><Jinrai>" say_team "in frog"
L 02/17/2024 - 20:51:56: "[MNHR] Izotop<28><STEAM_0:1:97975268><Jinrai>" killed "[TagsR4Nerds] Average<29><STEAM_0:1:57251237><NSF>" with "mx"
L 02/17/2024 - 20:51:56: "[MERC] Ningurist<38><STEAM_0:0:156832755><Jinrai>" triggered "kill_assist"
L 02/17/2024 - 20:51:59: "[=]wakfuck<34><STEAM_0:0:62638797><NSF>" killed "[MNHR] Sero<27><STEAM_0:1:46322305><Jinrai>" with "jittescoped"
L 02/17/2024 - 20:51:59: "[=] Iyana<31><STEAM_0:0:215464602><NSF>" killed "[MNHR] StellaNova<30><STEAM_0:0:31290862><Jinrai>" with "mx"
L 02/17/2024 - 20:51:59: "[MNHR] StellaNova<30><STEAM_0:0:31290862><Jinrai>" say_team "1 Recon mx"
L 02/17/2024 - 20:52:02: "[MNHR] StellaNova<30><STEAM_0:0:31290862><Jinrai>" say_team "1 hp basement"
L 02/17/2024 - 20:52:08: "[MNHR] StellaNova<30><STEAM_0:0:31290862><Jinrai>" say_team "i fucking hate the supa xD"
L 02/17/2024 - 20:52:09: "[=] Iyana<31><STEAM_0:0:215464602><NSF>" say_team "hell, im 1 hp"
L 02/17/2024 - 20:52:09: "[MNHR] Syz<26><STEAM_0:0:82019396><Jinrai>" killed "[=]wakfuck<34><STEAM_0:0:62638797><NSF>" with "mx"
L 02/17/2024 - 20:52:09: "[MNHR] Sero<27><STEAM_0:1:46322305><Jinrai>" triggered "kill_assist"
L 02/17/2024 - 20:52:24: Addip: "<><><>" was banned by IP "for 1440.00 minutes" by "Console" (IP "18.130.38.136")
L 02/17/2024 - 20:52:25: "[MNHR] Izotop<28><STEAM_0:1:97975268><Jinrai>" killed "[C^2]Myokonin<37><STEAM_0:1:39882458><NSF>" with "mx"
L 02/17/2024 - 20:52:25: "[MERC] Ningurist<38><STEAM_0:0:156832755><Jinrai>" triggered "kill_assist"
L 02/17/2024 - 20:52:30: "[MERC] Ningurist<38><STEAM_0:0:156832755><Jinrai>" killed "[=]Pyromaniac<33><STEAM_0:1:25398391><NSF>" with "m41s"
L 02/17/2024 - 20:52:36: "[MNHR] Izotop<28><STEAM_0:1:97975268><Jinrai>" killed "[=] Iyana<31><STEAM_0:0:215464602><NSF>" with "mx"
L 02/17/2024 - 20:52:36: "[MNHR] StellaNova<30><STEAM_0:0:31290862><Jinrai>" triggered "kill_assist"
L 02/17/2024 - 20:53:01: "[MERC] Ningurist<38><STEAM_0:0:156832755><Jinrai>" say_team "im going extra silly now"
L 02/17/2024 - 20:53:06: "[MNHR] StellaNova<30><STEAM_0:0:31290862><Jinrai>" say_team "i was one pelet waya from a kill with the supa"
L 02/17/2024 - 20:53:26: Addip: "<><><>" was banned by IP "for 1440.00 minutes" by "Console" (IP "18.130.38.136")
L 02/17/2024 - 20:53:34: "[=] Iyana<31><STEAM_0:0:215464602><NSF>" say_team "recon sewers"
L 02/17/2024 - 20:53:38: "[MERC] Ningurist<38><STEAM_0:0:156832755><Jinrai>" say_team "its a bug"
L 02/17/2024 - 20:53:40: "[MERC] Ningurist<38><STEAM_0:0:156832755><Jinrai>" say_team "happens sometimes"
L 02/17/2024 - 20:53:40: "[MNHR] Izotop<28><STEAM_0:1:97975268><Jinrai>" say "I cant see"
L 02/17/2024 - 20:53:48: "[MNHR] Izotop<28><STEAM_0:1:97975268><Jinrai>" say "nvm"
L 02/17/2024 - 20:53:56: "[MNHR] Syz<26><STEAM_0:0:82019396><Jinrai>" killed "[=] Iyana<31><STEAM_0:0:215464602><NSF>" with "mx"
L 02/17/2024 - 20:54:06: "[TagsR4Nerds] Average<29><STEAM_0:1:57251237><NSF>" killed "[MNHR] Izotop<28><STEAM_0:1:97975268><Jinrai>" with "mx"
L 02/17/2024 - 20:54:06: "[MNHR] Izotop<28><STEAM_0:1:97975268><Jinrai>" say_team "18 Support mx"
L 02/17/2024 - 20:54:08: "[=] Iyana<31><STEAM_0:0:215464602><NSF>" say_team "66 hp assault sewers"
L 02/17/2024 - 20:54:09: "[MNHR] StellaNova<30><STEAM_0:0:31290862><Jinrai>" killed "[=]Pyromaniac<33><STEAM_0:1:25398391><NSF>" with "srm"
L 02/17/2024 - 20:54:11: "[MERC] Ningurist<38><STEAM_0:0:156832755><Jinrai>" killed "[C^2]Myokonin<37><STEAM_0:1:39882458><NSF>" with "knife"
L 02/17/2024 - 20:54:13: "[TagsR4Nerds] Average<29><STEAM_0:1:57251237><NSF>" killed "[MERC] Ningurist<38><STEAM_0:0:156832755><Jinrai>" with "mx"
L 02/17/2024 - 20:54:13: "[C^2]Myokonin<37><STEAM_0:1:39882458><NSF>" triggered "kill_assist"
L 02/17/2024 - 20:54:13: "[MERC] Ningurist<38><STEAM_0:0:156832755><Jinrai>" say_team "18 Support mx"
L 02/17/2024 - 20:54:16: "[MERC] Ningurist<38><STEAM_0:0:156832755><Jinrai>" say_team "one ladder hall"
L 02/17/2024 - 20:54:18: "[MNHR] Sero<27><STEAM_0:1:46322305><Jinrai>" killed "[=]wakfuck<34><STEAM_0:0:62638797><NSF>" with "mx"
L 02/17/2024 - 20:54:25: "[=]wakfuck<34><STEAM_0:0:62638797><NSF>" say_team "21 assault"
L 02/17/2024 - 20:54:34: "[MERC] Ningurist<38><STEAM_0:0:156832755><Jinrai>" say_team "i got 3 hits on an assault with knife"
L 02/17/2024 - 20:54:36: "[MNHR] Syz<26><STEAM_0:0:82019396><Jinrai>" killed "[TagsR4Nerds] Average<29><STEAM_0:1:57251237><NSF>" with "mx"
L 02/17/2024 - 20:54:36: "[MNHR] Izotop<28><STEAM_0:1:97975268><Jinrai>" triggered "kill_assist"
L 02/17/2024 - 20:54:54: "[MNHR] StellaNova<30><STEAM_0:0:31290862><Jinrai>" say "gg"
L 02/17/2024 - 20:54:56: "[MNHR] Syz<26><STEAM_0:0:82019396><Jinrai>" say "gg"
L 02/17/2024 - 20:54:58: "[MNHR] Izotop<28><STEAM_0:1:97975268><Jinrai>" say "gg"
L 02/17/2024 - 20:54:59: "[=] Iyana<31><STEAM_0:0:215464602><NSF>" say "gg"
L 02/17/2024 - 20:55:04: "[MERC] Ningurist<38><STEAM_0:0:156832755><Jinrai>" say "my service is done?"
L 02/17/2024 - 20:55:05: "[TagsR4Nerds] Average<29><STEAM_0:1:57251237><NSF>" say "!nominate tetsu"
L 02/17/2024 - 20:55:05: "[MERC] Ningurist<38><STEAM_0:0:156832755><Jinrai>" say "you got yoko?"
L 02/17/2024 - 20:55:11: "[MNHR] StellaNova<30><STEAM_0:0:31290862><Jinrai>" say_team "we need u for tetsu"
L 02/17/2024 - 20:55:12: "[TagsR4Nerds] Average<29><STEAM_0:1:57251237><NSF>" say "rtv"
L 02/17/2024 - 20:55:14: "[=] Iyana<31><STEAM_0:0:215464602><NSF>" say "rtv"
L 02/17/2024 - 20:55:16: "[=]Pyromaniac<33><STEAM_0:1:25398391><NSF>" say "rtv"
L 02/17/2024 - 20:55:17: "[=]wakfuck<34><STEAM_0:0:62638797><NSF>" say "rtv"
L 02/17/2024 - 20:55:17: "[MERC] Ningurist<38><STEAM_0:0:156832755><Jinrai>" say "oh you meant"
L 02/17/2024 - 20:55:17: "[MNHR] StellaNova<30><STEAM_0:0:31290862><Jinrai>" say "rtv"
L 02/17/2024 - 20:55:19: "[ADMIN] Infrequent<40><STEAM_0:1:6384081><Spectator>" say "!admin"
L 02/17/2024 - 20:55:19: "[MERC] Ningurist<38><STEAM_0:0:156832755><Jinrai>" say "yoko as in map"
L 02/17/2024 - 20:55:20: "[MNHR] Izotop<28><STEAM_0:1:97975268><Jinrai>" say "rtv"
L 02/17/2024 - 20:55:23: "[ADMIN] Infrequent<40><STEAM_0:1:6384081><Spectator>" say "!admin"
L 02/17/2024 - 20:55:30: "[MERC] Ningurist<38><STEAM_0:0:156832755><Jinrai>" committed suicide with "player"
L 02/17/2024 - 20:55:34: [META] Loaded 0 plugins (1 already loaded)
L 02/17/2024 - 20:55:34: [META] Loaded 0 plugins (1 already loaded)
L 02/17/2024 - 20:55:34: Log file closed
