L 01/28/2024 - 20:48:52: Log file started (file "logs\L0128068.log") (game "z:\home\steam\steam\steamapps\common\nt\NeotokyoSource") (version "4044")
L 01/28/2024 - 20:48:52: server_cvar: "sv_pausable" "0"
L 01/28/2024 - 20:48:52: server_cvar: "sv_contact" "baux.site"
L 01/28/2024 - 20:48:52: server_cvar: "sv_gravity" "800"
L 01/28/2024 - 20:48:52: server_cvar: "mp_friendlyfire" "1"
L 01/28/2024 - 20:48:54: "[2NT][mutent][MNHR] yoko<31><STEAM_0:0:33377178><>" entered the game
L 01/28/2024 - 20:48:54: "(MercHara) syz<24><STEAM_0:0:82019396><>" entered the game
L 01/28/2024 - 20:48:55: "[DYS] bauxite<23><STEAM_0:0:5757747><>" entered the game
L 01/28/2024 - 20:48:55: "[MNHR] Sero<30><STEAM_0:1:46322305><>" entered the game
L 01/28/2024 - 20:48:55: "[MXican] Ghost Lizard<28><STEAM_0:1:20336729><>" entered the game
L 01/28/2024 - 20:48:55: "[MXican] MaJesTiC<25><STEAM_0:1:84048595><>" entered the game
L 01/28/2024 - 20:48:56: "Jamal Wick<32><STEAM_0:0:26280112><>" entered the game
L 01/28/2024 - 20:48:57: "[MXican] Ghost Lizard<28><STEAM_0:1:20336729><Unassigned>" joined team "Jinrai"
L 01/28/2024 - 20:48:58: "[MNHR] Sero<30><STEAM_0:1:46322305><Unassigned>" joined team "NSF"
L 01/28/2024 - 20:48:58: "[2NT][mutent][MNHR] yoko<31><STEAM_0:0:33377178><Unassigned>" joined team "NSF"
L 01/28/2024 - 20:48:58: "[MXican] Dennogin<27><STEAM_0:1:17526508><>" entered the game
L 01/28/2024 - 20:48:58: "[MXican] NeoTokyoScrub<26><STEAM_0:1:95715175><>" entered the game
L 01/28/2024 - 20:49:00: "[MXican] MaJesTiC<25><STEAM_0:1:84048595><Unassigned>" joined team "Jinrai"
L 01/28/2024 - 20:49:01: "[MXican] NeoTokyoScrub<26><STEAM_0:1:95715175><Unassigned>" joined team "Jinrai"
L 01/28/2024 - 20:49:03: "(MercHara) syz<24><STEAM_0:0:82019396><Unassigned>" joined team "Spectator"
L 01/28/2024 - 20:49:04: "[MXican] Dennogin<27><STEAM_0:1:17526508><Unassigned>" joined team "Jinrai"
L 01/28/2024 - 20:49:06: "(MercHara) syz<24><STEAM_0:0:82019396><Spectator>" disconnected (reason "Disconnect by user.")
L 01/28/2024 - 20:49:06: "[DYS] bauxite<23><STEAM_0:0:5757747><Unassigned>" joined team "NSF"
L 01/28/2024 - 20:49:07: "Jamal Wick<32><STEAM_0:0:26280112><Unassigned>" joined team "NSF"
L 01/28/2024 - 20:49:12: "[MXican] NeoTokyoScrub<26><STEAM_0:1:95715175><Jinrai>" say "!ready"
L 01/28/2024 - 20:49:16: "[MXican] Dennogin<27><STEAM_0:1:17526508><Jinrai>" say "!ready"
L 01/28/2024 - 20:49:16: "[MXican] talibus<29><STEAM_0:0:15980775><>" entered the game
L 01/28/2024 - 20:49:17: "(MercHara) syz<33><STEAM_ID_PENDING><>" connected, address "90.213.209.147:27005"
L 01/28/2024 - 20:49:17: "(MercHara) syz<33><STEAM_0:0:82019396><>" STEAM USERID validated
L 01/28/2024 - 20:49:18: "[2NT][mutent][MNHR] yoko<31><STEAM_0:0:33377178><NSF>" disconnected (reason "Disconnect by user.")
L 01/28/2024 - 20:49:20: "[MXican] talibus<29><STEAM_0:0:15980775><Unassigned>" joined team "Jinrai"
L 01/28/2024 - 20:49:20: "[MXican] MaJesTiC<25><STEAM_0:1:84048595><Jinrai>" say_team "scrub u know htis map?"
L 01/28/2024 - 20:49:20: "(MercHara) syz<33><STEAM_0:0:82019396><>" entered the game
L 01/28/2024 - 20:49:23: "(MercHara) syz<33><STEAM_0:0:82019396><Unassigned>" joined team "NSF"
L 01/28/2024 - 20:49:38: "[2NT][mutent][MNHR] yoko<34><STEAM_ID_PENDING><>" connected, address "143.244.47.70:27005"
L 01/28/2024 - 20:49:38: "[2NT][mutent][MNHR] yoko<34><STEAM_0:0:33377178><>" STEAM USERID validated
L 01/28/2024 - 20:49:41: "[2NT][mutent][MNHR] yoko<34><STEAM_0:0:33377178><>" entered the game
L 01/28/2024 - 20:49:43: "[2NT][mutent][MNHR] yoko<34><STEAM_0:0:33377178><Unassigned>" joined team "NSF"
L 01/28/2024 - 20:49:43: "[MXican] Ghost Lizard<28><STEAM_0:1:20336729><Jinrai>" say "!ready"
L 01/28/2024 - 20:49:47: "(MercHara) syz<33><STEAM_0:0:82019396><NSF>" say "!ready"
L 01/28/2024 - 20:49:47: "[2NT][mutent][MNHR] yoko<34><STEAM_0:0:33377178><NSF>" say "!ready"
L 01/28/2024 - 20:49:49: "[MNHR] Sero<30><STEAM_0:1:46322305><NSF>" say "!ready"
L 01/28/2024 - 20:49:51: "[MXican] MaJesTiC<25><STEAM_0:1:84048595><Jinrai>" say "!ready"
L 01/28/2024 - 20:49:51: "Jamal Wick<32><STEAM_0:0:26280112><NSF>" say "!readuy"
L 01/28/2024 - 20:49:54: "Jamal Wick<32><STEAM_0:0:26280112><NSF>" say "!ready"
L 01/28/2024 - 20:49:56: "[MXican] Dennogin<27><STEAM_0:1:17526508><Jinrai>" say "!ready"
L 01/28/2024 - 20:50:08: "(MercHara) syz<33><STEAM_0:0:82019396><NSF>" say "!readylist"
L 01/28/2024 - 20:50:19: "[MXican] talibus<29><STEAM_0:0:15980775><Jinrai>" say_team "!ready"
L 01/28/2024 - 20:50:23: "[MXican] Dennogin<27><STEAM_0:1:17526508><Jinrai>" say "why the fuck is this map so orange"
L 01/28/2024 - 20:50:30: "[MXican] Dennogin<27><STEAM_0:1:17526508><Jinrai>" say "nt_falloutnewvegas_ctg"
L 01/28/2024 - 20:50:34: "[DYS] bauxite<23><STEAM_0:0:5757747><NSF>" say "did u turn ur saturation up"
L 01/28/2024 - 20:50:36: "[2NT][mutent][MNHR] yoko<34><STEAM_0:0:33377178><NSF>" say "!ready"
L 01/28/2024 - 20:50:38: "[DYS] bauxite<23><STEAM_0:0:5757747><NSF>" say "!ready"
L 01/28/2024 - 20:50:42: "[DYS] bauxite<23><STEAM_0:0:5757747><NSF>" say "glhf"
L 01/28/2024 - 20:50:50: "[MXican] MaJesTiC<25><STEAM_0:1:84048595><Jinrai>" say_team "ill hld nk"
L 01/28/2024 - 20:50:52: "(MercHara) syz<33><STEAM_0:0:82019396><NSF>" say "glhf"
L 01/28/2024 - 20:50:52: "[MXican] MaJesTiC<25><STEAM_0:1:84048595><Jinrai>" say_team "hold nk"
L 01/28/2024 - 20:51:24: "[MXican] Dennogin<27><STEAM_0:1:17526508><Jinrai>" killed "(MercHara) syz<33><STEAM_0:0:82019396><NSF>" with "jitte"
L 01/28/2024 - 20:51:24: "(MercHara) syz<33><STEAM_0:0:82019396><NSF>" say_team "44 Assault jitte"
L 01/28/2024 - 20:51:25: "[MXican] MaJesTiC<25><STEAM_0:1:84048595><Jinrai>" killed "Jamal Wick<32><STEAM_0:0:26280112><NSF>" with "zr68s"
L 01/28/2024 - 20:51:25: "[MXican] NeoTokyoScrub<26><STEAM_0:1:95715175><Jinrai>" triggered "kill_assist"
L 01/28/2024 - 20:51:27: "[MXican] MaJesTiC<25><STEAM_0:1:84048595><Jinrai>" killed "[MNHR] Sero<30><STEAM_0:1:46322305><NSF>" with "zr68s"
L 01/28/2024 - 20:51:32: "[MXican] Ghost Lizard<28><STEAM_0:1:20336729><Jinrai>" killed "[2NT][mutent][MNHR] yoko<34><STEAM_0:0:33377178><NSF>" with "supa7"
L 01/28/2024 - 20:51:33: "[DYS] bauxite<23><STEAM_0:0:5757747><NSF>" killed "[MXican] Dennogin<27><STEAM_0:1:17526508><Jinrai>" with "supa7"
L 01/28/2024 - 20:51:33: "(MercHara) syz<33><STEAM_0:0:82019396><NSF>" triggered "kill_assist"
L 01/28/2024 - 20:51:33: "[2NT][mutent][MNHR] yoko<34><STEAM_0:0:33377178><NSF>" say_team "14 Support supa7"
L 01/28/2024 - 20:51:33: "[MXican] Dennogin<27><STEAM_0:1:17526508><Jinrai>" say_team "100 Support supa7"
L 01/28/2024 - 20:51:44: "(MercHara) syz<33><STEAM_0:0:82019396><NSF>" say "i love nt hitreg"
L 01/28/2024 - 20:51:44: "[MXican] Ghost Lizard<28><STEAM_0:1:20336729><Jinrai>" killed "[DYS] bauxite<23><STEAM_0:0:5757747><NSF>" with "supa7"
L 01/28/2024 - 20:51:44: "[DYS] bauxite<23><STEAM_0:0:5757747><NSF>" say_team "14 Support supa7"
L 01/28/2024 - 20:51:55: "[2NT][mutent][MNHR] yoko<34><STEAM_0:0:33377178><NSF>" say "i love nt hitreg"
L 01/28/2024 - 20:52:02: "[DYS] bauxite<23><STEAM_0:0:5757747><NSF>" disconnected (reason "Disconnect by user.")
L 01/28/2024 - 20:52:02: "[DYS] bauxite<35><STEAM_ID_PENDING><>" connected, address "86.13.114.58:27005"
L 01/28/2024 - 20:52:02: "[DYS] bauxite<35><STEAM_0:0:5757747><>" STEAM USERID validated
L 01/28/2024 - 20:52:03: "[DYS] bauxite<35><STEAM_0:0:5757747><>" entered the game
L 01/28/2024 - 20:52:05: "[MXican] MaJesTiC<25><STEAM_0:1:84048595><Jinrai>" say_team "ill go nk"
L 01/28/2024 - 20:52:05: "[MXican] Dennogin<27><STEAM_0:1:17526508><Jinrai>" say "just use more bullets"
L 01/28/2024 - 20:52:06: "[DYS] bauxite<35><STEAM_0:0:5757747><Unassigned>" joined team "NSF"
L 01/28/2024 - 20:52:11: "[MXican] talibus<29><STEAM_0:0:15980775><Jinrai>" say "pause?"
L 01/28/2024 - 20:52:12: "(MercHara) syz<33><STEAM_0:0:82019396><NSF>" say "but i need more"
L 01/28/2024 - 20:52:22: "(MercHara) syz<33><STEAM_0:0:82019396><NSF>" say "we're fine"
L 01/28/2024 - 20:52:30: "[MXican] NeoTokyoScrub<26><STEAM_0:1:95715175><Jinrai>" killed "Jamal Wick<32><STEAM_0:0:26280112><NSF>" with "srm"
L 01/28/2024 - 20:52:31: "[MXican] NeoTokyoScrub<26><STEAM_0:1:95715175><Jinrai>" killed "[MNHR] Sero<30><STEAM_0:1:46322305><NSF>" with "srm"
L 01/28/2024 - 20:52:34: "[DYS] bauxite<35><STEAM_0:0:5757747><NSF>" killed "[MXican] talibus<29><STEAM_0:0:15980775><Jinrai>" with "supa7"
L 01/28/2024 - 20:52:34: "[MXican] talibus<29><STEAM_0:0:15980775><Jinrai>" say_team "64 Support supa7"
L 01/28/2024 - 20:52:36: "[2NT][mutent][MNHR] yoko<34><STEAM_0:0:33377178><NSF>" killed "[MXican] Dennogin<27><STEAM_0:1:17526508><Jinrai>" with "supa7"
L 01/28/2024 - 20:52:37: "[MXican] Dennogin<27><STEAM_0:1:17526508><Jinrai>" say_team "60 Support supa7"
L 01/28/2024 - 20:52:44: "[DYS] bauxite<35><STEAM_0:0:5757747><NSF>" killed "[MXican] NeoTokyoScrub<26><STEAM_0:1:95715175><Jinrai>" with "supa7"
L 01/28/2024 - 20:53:33: "[MXican] Ghost Lizard<28><STEAM_0:1:20336729><Jinrai>" killed "(MercHara) syz<33><STEAM_0:0:82019396><NSF>" with "mx"
L 01/28/2024 - 20:53:33: "(MercHara) syz<33><STEAM_0:0:82019396><NSF>" say_team "61 Support mx"
L 01/28/2024 - 20:53:45: "[MXican] Ghost Lizard<28><STEAM_0:1:20336729><Jinrai>" killed "[2NT][mutent][MNHR] yoko<34><STEAM_0:0:33377178><NSF>" with "mx"
L 01/28/2024 - 20:53:45: "[2NT][mutent][MNHR] yoko<34><STEAM_0:0:33377178><NSF>" say_team "61 Support mx"
L 01/28/2024 - 20:54:01: "[DYS] bauxite<35><STEAM_0:0:5757747><NSF>" killed "[MXican] Ghost Lizard<28><STEAM_0:1:20336729><Jinrai>" with "supa7"
L 01/28/2024 - 20:54:01: "[MXican] Ghost Lizard<28><STEAM_0:1:20336729><Jinrai>" say_team "39 Support supa7"
L 01/28/2024 - 20:54:01: "[MXican] MaJesTiC<25><STEAM_0:1:84048595><Jinrai>" killed "[DYS] bauxite<35><STEAM_0:0:5757747><NSF>" with "zr68s"
L 01/28/2024 - 20:54:02: "[DYS] bauxite<35><STEAM_0:0:5757747><NSF>" say_team "100 Assault zr68s"
L 01/28/2024 - 20:54:23: "[MXican] MaJesTiC<25><STEAM_0:1:84048595><Jinrai>" say_team "ill go nk again"
L 01/28/2024 - 20:54:48: "[MXican] NeoTokyoScrub<26><STEAM_0:1:95715175><Jinrai>" killed "[MNHR] Sero<30><STEAM_0:1:46322305><NSF>" with "srm"
L 01/28/2024 - 20:54:50: "[MXican] talibus<29><STEAM_0:0:15980775><Jinrai>" killed "(MercHara) syz<33><STEAM_0:0:82019396><NSF>" with "zr68s"
L 01/28/2024 - 20:54:50: "(MercHara) syz<33><STEAM_0:0:82019396><NSF>" say_team "100 Assault zr68s"
L 01/28/2024 - 20:54:55: "[MXican] Dennogin<27><STEAM_0:1:17526508><Jinrai>" killed "Jamal Wick<32><STEAM_0:0:26280112><NSF>" with "jitte"
L 01/28/2024 - 20:54:56: "[DYS] bauxite<35><STEAM_0:0:5757747><NSF>" killed "[MXican] NeoTokyoScrub<26><STEAM_0:1:95715175><Jinrai>" with "mx"
L 01/28/2024 - 20:55:01: "[DYS] bauxite<35><STEAM_0:0:5757747><NSF>" say_team "Enemy in Front"
L 01/28/2024 - 20:55:02: "[DYS] bauxite<35><STEAM_0:0:5757747><NSF>" say_team "Enemy in Front"
L 01/28/2024 - 20:55:03: "[DYS] bauxite<35><STEAM_0:0:5757747><NSF>" say_team "Enemy is Behind"
L 01/28/2024 - 20:55:03: "[DYS] bauxite<35><STEAM_0:0:5757747><NSF>" say_team "Enemy is Behind"
L 01/28/2024 - 20:55:04: "[DYS] bauxite<35><STEAM_0:0:5757747><NSF>" say_team "Enemy is Behind"
L 01/28/2024 - 20:55:08: "[DYS] bauxite<35><STEAM_0:0:5757747><NSF>" killed "[MXican] Dennogin<27><STEAM_0:1:17526508><Jinrai>" with "mx"
L 01/28/2024 - 20:55:09: "[MXican] Dennogin<27><STEAM_0:1:17526508><Jinrai>" say_team "81 Support mx"
L 01/28/2024 - 20:55:34: "[MXican] MaJesTiC<25><STEAM_0:1:84048595><Jinrai>" say_team "yes"
L 01/28/2024 - 20:55:43: "[DYS] bauxite<35><STEAM_0:0:5757747><NSF>" say_team "Enemy in Front"
L 01/28/2024 - 20:55:48: "[MXican] MaJesTiC<25><STEAM_0:1:84048595><Jinrai>" say_team "carpark"
L 01/28/2024 - 20:56:05: "[MXican] Ghost Lizard<28><STEAM_0:1:20336729><Jinrai>" killed "[2NT][mutent][MNHR] yoko<34><STEAM_0:0:33377178><NSF>" with "mx"
L 01/28/2024 - 20:56:05: "[2NT][mutent][MNHR] yoko<34><STEAM_0:0:33377178><NSF>" say_team "78 Support mx"
L 01/28/2024 - 20:56:12: "[DYS] bauxite<35><STEAM_0:0:5757747><NSF>" killed "[MXican] Ghost Lizard<28><STEAM_0:1:20336729><Jinrai>" with "mx"
L 01/28/2024 - 20:56:12: "[MXican] Ghost Lizard<28><STEAM_0:1:20336729><Jinrai>" say_team "22 Support mx"
L 01/28/2024 - 20:56:12: "[MXican] MaJesTiC<25><STEAM_0:1:84048595><Jinrai>" killed "[DYS] bauxite<35><STEAM_0:0:5757747><NSF>" with "zr68s"
L 01/28/2024 - 20:56:12: "[DYS] bauxite<35><STEAM_0:0:5757747><NSF>" say_team "14 Assault zr68s"
L 01/28/2024 - 20:56:34: "[MXican] MaJesTiC<25><STEAM_0:1:84048595><Jinrai>" say_team "nk again"
L 01/28/2024 - 20:56:58: "[MXican] talibus<29><STEAM_0:0:15980775><Jinrai>" killed "[DYS] bauxite<35><STEAM_0:0:5757747><NSF>" with "zr68s"
L 01/28/2024 - 20:56:58: "[DYS] bauxite<35><STEAM_0:0:5757747><NSF>" say_team "31 Assault zr68s"
L 01/28/2024 - 20:57:07: "[MXican] Dennogin<27><STEAM_0:1:17526508><Jinrai>" killed "(MercHara) syz<33><STEAM_0:0:82019396><NSF>" with "grenade_projectile"
L 01/28/2024 - 20:57:07: "(MercHara) syz<33><STEAM_0:0:82019396><NSF>" say_team "100 Assault grenade_projectile"
L 01/28/2024 - 20:57:16: "[2NT][mutent][MNHR] yoko<34><STEAM_0:0:33377178><NSF>" killed "[MXican] Dennogin<27><STEAM_0:1:17526508><Jinrai>" with "zr68s"
L 01/28/2024 - 20:57:17: "[MXican] Dennogin<27><STEAM_0:1:17526508><Jinrai>" say_team "100 Assault zr68s"
L 01/28/2024 - 20:57:24: "[MXican] Ghost Lizard<28><STEAM_0:1:20336729><Jinrai>" killed "[2NT][mutent][MNHR] yoko<34><STEAM_0:0:33377178><NSF>" with "mx"
L 01/28/2024 - 20:57:24: "[2NT][mutent][MNHR] yoko<34><STEAM_0:0:33377178><NSF>" say_team "57 Support mx"
L 01/28/2024 - 20:57:41: "[MXican] MaJesTiC<25><STEAM_0:1:84048595><Jinrai>" killed "Jamal Wick<32><STEAM_0:0:26280112><NSF>" with "mx"
L 01/28/2024 - 20:57:50: "[MXican] Ghost Lizard<28><STEAM_0:1:20336729><Jinrai>" killed "[MNHR] Sero<30><STEAM_0:1:46322305><NSF>" with "mx"
L 01/28/2024 - 20:58:39: "[MXican] Ghost Lizard<28><STEAM_0:1:20336729><Jinrai>" killed "(MercHara) syz<33><STEAM_0:0:82019396><NSF>" with "mx"
L 01/28/2024 - 20:58:39: "(MercHara) syz<33><STEAM_0:0:82019396><NSF>" say_team "100 Recon mx"
L 01/28/2024 - 20:58:45: "[MXican] talibus<29><STEAM_0:0:15980775><Jinrai>" killed "Jamal Wick<32><STEAM_0:0:26280112><NSF>" with "grenade_projectile"
L 01/28/2024 - 20:58:48: "[DYS] bauxite<35><STEAM_0:0:5757747><NSF>" killed "[MXican] Dennogin<27><STEAM_0:1:17526508><Jinrai>" with "mx"
L 01/28/2024 - 20:58:49: "[MXican] Dennogin<27><STEAM_0:1:17526508><Jinrai>" say_team "100 Support mx"
L 01/28/2024 - 20:58:57: "[MXican] MaJesTiC<25><STEAM_0:1:84048595><Jinrai>" killed "[2NT][mutent][MNHR] yoko<34><STEAM_0:0:33377178><NSF>" with "mx"
L 01/28/2024 - 20:58:57: "[2NT][mutent][MNHR] yoko<34><STEAM_0:0:33377178><NSF>" say_team "63 Assault mx"
L 01/28/2024 - 20:58:58: "[DYS] bauxite<35><STEAM_0:0:5757747><NSF>" killed "[MXican] talibus<29><STEAM_0:0:15980775><Jinrai>" with "mx"
L 01/28/2024 - 20:58:58: "[MXican] talibus<29><STEAM_0:0:15980775><Jinrai>" say_team "94 Support mx"
L 01/28/2024 - 20:58:58: "[MXican] NeoTokyoScrub<26><STEAM_0:1:95715175><Jinrai>" killed "[MNHR] Sero<30><STEAM_0:1:46322305><NSF>" with "srm"
L 01/28/2024 - 20:58:58: "[MXican] Dennogin<27><STEAM_0:1:17526508><Jinrai>" triggered "kill_assist"
L 01/28/2024 - 20:59:03: "[MXican] Ghost Lizard<28><STEAM_0:1:20336729><Jinrai>" killed "[DYS] bauxite<35><STEAM_0:0:5757747><NSF>" with "mx"
L 01/28/2024 - 20:59:04: "[DYS] bauxite<35><STEAM_0:0:5757747><NSF>" say_team "44 Recon mx"
L 01/28/2024 - 20:59:17: "[DYS] bauxite<35><STEAM_0:0:5757747><NSF>" say_team "pair up pls"
L 01/28/2024 - 20:59:30: "[DYS] bauxite<35><STEAM_0:0:5757747><NSF>" say_team "someone follow me nk"
L 01/28/2024 - 20:59:50: "[2NT][mutent][MNHR] yoko<34><STEAM_0:0:33377178><NSF>" killed "[MNHR] Sero<30><STEAM_0:1:46322305><NSF>" with "grenade_projectile"
L 01/28/2024 - 20:59:50: "[DYS] bauxite<35><STEAM_0:0:5757747><NSF>" killed "[MXican] MaJesTiC<25><STEAM_0:1:84048595><Jinrai>" with "mx"
L 01/28/2024 - 20:59:50: "[MXican] MaJesTiC<25><STEAM_0:1:84048595><Jinrai>" say_team "15 Support mx"
L 01/28/2024 - 20:59:52: "[MXican] MaJesTiC<25><STEAM_0:1:84048595><Jinrai>" say_team "2 in there"
L 01/28/2024 - 20:59:55: "[MXican] MaJesTiC<25><STEAM_0:1:84048595><Jinrai>" say_team "2 suports"
L 01/28/2024 - 20:59:56: "[MXican] MaJesTiC<25><STEAM_0:1:84048595><Jinrai>" say_team "nk"
L 01/28/2024 - 20:59:58: "[MXican] MaJesTiC<25><STEAM_0:1:84048595><Jinrai>" say_team "entry their side"
L 01/28/2024 - 21:00:05: "[2NT][mutent][MNHR] yoko<34><STEAM_0:0:33377178><NSF>" killed "[MXican] NeoTokyoScrub<26><STEAM_0:1:95715175><Jinrai>" with "zr68s"
L 01/28/2024 - 21:00:05: "Jamal Wick<32><STEAM_0:0:26280112><NSF>" triggered "kill_assist"
L 01/28/2024 - 21:00:09: "[MXican] MaJesTiC<25><STEAM_0:1:84048595><Jinrai>" say_team "2 supports their side nk guys"
L 01/28/2024 - 21:00:22: "[MXican] talibus<29><STEAM_0:0:15980775><Jinrai>" killed "[2NT][mutent][MNHR] yoko<34><STEAM_0:0:33377178><NSF>" with "zr68c"
L 01/28/2024 - 21:00:23: "[2NT][mutent][MNHR] yoko<34><STEAM_0:0:33377178><NSF>" say_team "73 Assault zr68c"
L 01/28/2024 - 21:00:28: "[DYS] bauxite<35><STEAM_0:0:5757747><NSF>" say_team "Enemy is Behind"
L 01/28/2024 - 21:00:37: "[DYS] bauxite<35><STEAM_0:0:5757747><NSF>" say_team "Enemy is Behind"
L 01/28/2024 - 21:00:44: "[MXican] NeoTokyoScrub<26><STEAM_0:1:95715175><Jinrai>" say_team "they sent 3 sewer :(("
L 01/28/2024 - 21:00:47: "Jamal Wick<32><STEAM_0:0:26280112><NSF>" killed "[MXican] Dennogin<27><STEAM_0:1:17526508><Jinrai>" with "zr68s"
L 01/28/2024 - 21:00:47: "[MXican] Ghost Lizard<28><STEAM_0:1:20336729><Jinrai>" killed "Jamal Wick<32><STEAM_0:0:26280112><NSF>" with "mx"
L 01/28/2024 - 21:00:47: "[MXican] Dennogin<27><STEAM_0:1:17526508><Jinrai>" say_team "5 Assault zr68s"
L 01/28/2024 - 21:00:51: "[DYS] bauxite<35><STEAM_0:0:5757747><NSF>" say_team "Enemy is Behind"
L 01/28/2024 - 21:00:52: Team "Jinrai" triggered "ghost_capture_team"
L 01/28/2024 - 21:00:52: "[MXican] Ghost Lizard<28><STEAM_0:1:20336729><Jinrai>" triggered "ghost_capture"
L 01/28/2024 - 21:00:57: "[DYS] bauxite<35><STEAM_0:0:5757747><NSF>" killed "[MXican] Ghost Lizard<28><STEAM_0:1:20336729><Jinrai>" with "mx"
L 01/28/2024 - 21:00:57: "[MXican] Ghost Lizard<28><STEAM_0:1:20336729><Jinrai>" say_team "15 Support mx"
L 01/28/2024 - 21:00:58: "[MXican] MaJesTiC<25><STEAM_0:1:84048595><Jinrai>" say "!pause"
L 01/28/2024 - 21:01:00: "[MXican] talibus<29><STEAM_0:0:15980775><Jinrai>" killed "[DYS] bauxite<35><STEAM_0:0:5757747><NSF>" with "zr68c"
L 01/28/2024 - 21:01:00: "[MXican] MaJesTiC<25><STEAM_0:1:84048595><Jinrai>" triggered "kill_assist"
L 01/28/2024 - 21:01:00: "[DYS] bauxite<35><STEAM_0:0:5757747><NSF>" say_team "73 Assault zr68c"
L 01/28/2024 - 21:01:06: "(MercHara) syz<33><STEAM_0:0:82019396><NSF>" killed "[MXican] talibus<29><STEAM_0:0:15980775><Jinrai>" with "zr68c"
L 01/28/2024 - 21:01:06: "[MXican] talibus<29><STEAM_0:0:15980775><Jinrai>" say_team "100 Support zr68c"
L 01/28/2024 - 21:01:22: "[DYS] bauxite<35><STEAM_0:0:5757747><NSF>" say "whats up"
L 01/28/2024 - 21:01:30: "[MXican] Dennogin<27><STEAM_0:1:17526508><Jinrai>" say "iunno"
L 01/28/2024 - 21:01:33: "(MercHara) syz<33><STEAM_0:0:82019396><NSF>" say "who pause?"
L 01/28/2024 - 21:01:35: "[MXican] Dennogin<27><STEAM_0:1:17526508><Jinrai>" say "maj"
L 01/28/2024 - 21:01:38: "[MXican] Dennogin<27><STEAM_0:1:17526508><Jinrai>" say "dont know why"
L 01/28/2024 - 21:01:39: "[DYS] bauxite<35><STEAM_0:0:5757747><NSF>" say "gf?"
L 01/28/2024 - 21:01:45: "[MXican] Dennogin<27><STEAM_0:1:17526508><Jinrai>" say "maj is goonin"
L 01/28/2024 - 21:02:02: "[2NT][mutent][MNHR] yoko<34><STEAM_0:0:33377178><NSF>" say "forgot the moist towellet"
L 01/28/2024 - 21:02:10: "[MXican] MaJesTiC<25><STEAM_0:1:84048595><Jinrai>" say "sorry"
L 01/28/2024 - 21:02:12: "[MXican] MaJesTiC<25><STEAM_0:1:84048595><Jinrai>" say "had to pee"
L 01/28/2024 - 21:02:14: "[MXican] MaJesTiC<25><STEAM_0:1:84048595><Jinrai>" say "!unpause"
L 01/28/2024 - 21:02:15: "(MercHara) syz<33><STEAM_0:0:82019396><NSF>" say "damn"
L 01/28/2024 - 21:02:22: "[2NT][mutent][MNHR] yoko<34><STEAM_0:0:33377178><NSF>" say "!unpee"
L 01/28/2024 - 21:02:27: "(MercHara) syz<33><STEAM_0:0:82019396><NSF>" say "peed"
L 01/28/2024 - 21:02:37: "[MXican] MaJesTiC<25><STEAM_0:1:84048595><Jinrai>" say_team "i go nk again"
L 01/28/2024 - 21:02:40: "[DYS] bauxite<35><STEAM_0:0:5757747><NSF>" say_team "ok syz come mid with me"
L 01/28/2024 - 21:03:02: "[DYS] bauxite<35><STEAM_0:0:5757747><NSF>" killed "[MXican] talibus<29><STEAM_0:0:15980775><Jinrai>" with "mx"
L 01/28/2024 - 21:03:02: "[MXican] talibus<29><STEAM_0:0:15980775><Jinrai>" say_team "75 Support mx"
L 01/28/2024 - 21:03:04: "[MXican] NeoTokyoScrub<26><STEAM_0:1:95715175><Jinrai>" killed "[2NT][mutent][MNHR] yoko<34><STEAM_0:0:33377178><NSF>" with "srm"
L 01/28/2024 - 21:03:05: "[2NT][mutent][MNHR] yoko<34><STEAM_0:0:33377178><NSF>" say_team "100 Recon srm"
L 01/28/2024 - 21:03:07: "(MercHara) syz<33><STEAM_0:0:82019396><NSF>" killed "[MXican] Dennogin<27><STEAM_0:1:17526508><Jinrai>" with "zr68c"
L 01/28/2024 - 21:03:07: "[DYS] bauxite<35><STEAM_0:0:5757747><NSF>" triggered "kill_assist"
L 01/28/2024 - 21:03:08: "[MXican] Dennogin<27><STEAM_0:1:17526508><Jinrai>" say_team "9 Support zr68c"
L 01/28/2024 - 21:03:10: "[MXican] MaJesTiC<25><STEAM_0:1:84048595><Jinrai>" killed "[DYS] bauxite<35><STEAM_0:0:5757747><NSF>" with "mx"
L 01/28/2024 - 21:03:10: "[DYS] bauxite<35><STEAM_0:0:5757747><NSF>" say_team "79 Assault mx"
L 01/28/2024 - 21:03:12: "[MXican] Ghost Lizard<28><STEAM_0:1:20336729><Jinrai>" killed "[MNHR] Sero<30><STEAM_0:1:46322305><NSF>" with "aa13"
L 01/28/2024 - 21:03:13: "[DYS] bauxite<35><STEAM_0:0:5757747><NSF>" say_team "nk"
L 01/28/2024 - 21:03:16: "[MXican] Ghost Lizard<28><STEAM_0:1:20336729><Jinrai>" killed "(MercHara) syz<33><STEAM_0:0:82019396><NSF>" with "aa13"
L 01/28/2024 - 21:03:16: "[MXican] Dennogin<27><STEAM_0:1:17526508><Jinrai>" triggered "kill_assist"
L 01/28/2024 - 21:03:16: "(MercHara) syz<33><STEAM_0:0:82019396><NSF>" say_team "100 Recon aa13"
L 01/28/2024 - 21:03:18: "[MXican] Ghost Lizard<28><STEAM_0:1:20336729><Jinrai>" killed "Jamal Wick<32><STEAM_0:0:26280112><NSF>" with "aa13"
L 01/28/2024 - 21:03:38: "[DYS] bauxite<35><STEAM_0:0:5757747><NSF>" say_team "ok lets try all going to ghost lmao"
L 01/28/2024 - 21:03:41: "[MXican] MaJesTiC<25><STEAM_0:1:84048595><Jinrai>" say_team "i go nk"
L 01/28/2024 - 21:04:03: "[MXican] talibus<29><STEAM_0:0:15980775><Jinrai>" killed "[2NT][mutent][MNHR] yoko<34><STEAM_0:0:33377178><NSF>" with "jitte"
L 01/28/2024 - 21:04:03: "[2NT][mutent][MNHR] yoko<34><STEAM_0:0:33377178><NSF>" say_team "73 Assault jitte"
L 01/28/2024 - 21:04:10: "[MXican] talibus<29><STEAM_0:0:15980775><Jinrai>" killed "[DYS] bauxite<35><STEAM_0:0:5757747><NSF>" with "jitte"
L 01/28/2024 - 21:04:10: "[DYS] bauxite<35><STEAM_0:0:5757747><NSF>" say_team "52 Assault jitte"
L 01/28/2024 - 21:04:19: "(MercHara) syz<33><STEAM_0:0:82019396><NSF>" killed "[MXican] talibus<29><STEAM_0:0:15980775><Jinrai>" with "kyla"
L 01/28/2024 - 21:04:19: "[MXican] talibus<29><STEAM_0:0:15980775><Jinrai>" say_team "11 Support kyla"
L 01/28/2024 - 21:04:33: "[MXican] MaJesTiC<25><STEAM_0:1:84048595><Jinrai>" killed "[MNHR] Sero<30><STEAM_0:1:46322305><NSF>" with "aa13"
L 01/28/2024 - 21:04:33: "[MXican] NeoTokyoScrub<26><STEAM_0:1:95715175><Jinrai>" triggered "kill_assist"
L 01/28/2024 - 21:04:37: "[MXican] MaJesTiC<25><STEAM_0:1:84048595><Jinrai>" killed "(MercHara) syz<33><STEAM_0:0:82019396><NSF>" with "aa13"
L 01/28/2024 - 21:04:37: "[MXican] talibus<29><STEAM_0:0:15980775><Jinrai>" triggered "kill_assist"
L 01/28/2024 - 21:04:37: "(MercHara) syz<33><STEAM_0:0:82019396><NSF>" say_team "100 Assault aa13"
L 01/28/2024 - 21:04:38: "[MXican] NeoTokyoScrub<26><STEAM_0:1:95715175><Jinrai>" killed "Jamal Wick<32><STEAM_0:0:26280112><NSF>" with "srm"
L 01/28/2024 - 21:04:38: "[MXican] Ghost Lizard<28><STEAM_0:1:20336729><Jinrai>" triggered "kill_assist"
L 01/28/2024 - 21:04:42: "(MercHara) syz<33><STEAM_0:0:82019396><NSF>" say "rip "
L 01/28/2024 - 21:04:42: "[MXican] Dennogin<27><STEAM_0:1:17526508><Jinrai>" say "gg"
L 01/28/2024 - 21:04:43: "[DYS] bauxite<35><STEAM_0:0:5757747><NSF>" say "gg wp"
L 01/28/2024 - 21:04:44: "[2NT][mutent][MNHR] yoko<34><STEAM_0:0:33377178><NSF>" say "GG(▰˘◡˘▰)WP"
L 01/28/2024 - 21:04:44: "[DYS] bauxite<35><STEAM_0:0:5757747><NSF>" say_team "nt guys"
L 01/28/2024 - 21:04:45: "[MXican] Ghost Lizard<28><STEAM_0:1:20336729><Jinrai>" say "gg"
L 01/28/2024 - 21:04:46: "[MXican] Dennogin<27><STEAM_0:1:17526508><Jinrai>" say "third>"
L 01/28/2024 - 21:04:46: "[MXican] talibus<29><STEAM_0:0:15980775><Jinrai>" say "gg"
L 01/28/2024 - 21:04:46: "[MXican] MaJesTiC<25><STEAM_0:1:84048595><Jinrai>" say "gg"
L 01/28/2024 - 21:04:47: "[MXican] Dennogin<27><STEAM_0:1:17526508><Jinrai>" say "?"
L 01/28/2024 - 21:04:47: "[MXican] Ghost Lizard<28><STEAM_0:1:20336729><Jinrai>" say "3rd map?"
L 01/28/2024 - 21:04:47: "Jamal Wick<32><STEAM_0:0:26280112><NSF>" say "that was close"
L 01/28/2024 - 21:04:49: "[MXican] MaJesTiC<25><STEAM_0:1:84048595><Jinrai>" say "3rd?"
L 01/28/2024 - 21:04:49: "[2NT][mutent][MNHR] yoko<34><STEAM_0:0:33377178><NSF>" say "nt nt nt nt nt"
L 01/28/2024 - 21:04:50: "(MercHara) syz<33><STEAM_0:0:82019396><NSF>" say "no "
L 01/28/2024 - 21:04:55: "(MercHara) syz<33><STEAM_0:0:82019396><NSF>" say "we're good"
L 01/28/2024 - 21:04:57: "[DYS] bauxite<35><STEAM_0:0:5757747><NSF>" say "ggs"
L 01/28/2024 - 21:04:59: "[MXican] MaJesTiC<25><STEAM_0:1:84048595><Jinrai>" say "okay"
L 01/28/2024 - 21:05:02: "[2NT][mutent][MNHR] yoko<34><STEAM_0:0:33377178><NSF>" say "ill do it"
L 01/28/2024 - 21:05:02: "[MXican] MaJesTiC<25><STEAM_0:1:84048595><Jinrai>" say "ggs"
L 01/28/2024 - 21:05:03: "[DYS] bauxite<35><STEAM_0:0:5757747><NSF>" say_team "np guys"
L 01/28/2024 - 21:05:04: "[2NT][mutent][MNHR] yoko<34><STEAM_0:0:33377178><NSF>" say "y not"
L 01/28/2024 - 21:05:11: "[DYS] bauxite<35><STEAM_0:0:5757747><NSF>" say "!map nt_threadplate_ctg"
L 01/28/2024 - 21:05:12: "[2NT][mutent][MNHR] yoko<34><STEAM_0:0:33377178><NSF>" say "1 v 5"
L 01/28/2024 - 21:05:14: [META] Loaded 0 plugins (1 already loaded)
L 01/28/2024 - 21:05:14: [META] Loaded 0 plugins (1 already loaded)
L 01/28/2024 - 21:05:14: Log file closed
